INFO: cmd_ln.c(691): Parsing command line:
/home/xkrajnan/Plocha/GSoC/PocketSphinx/an4/bin/bldtree \
	-treefn /home/xkrajnan/Plocha/GSoC/PocketSphinx/an4/trees/an4.unpruned/ER-2.dtree \
	-moddeffn /home/xkrajnan/Plocha/GSoC/PocketSphinx/an4/model_architecture/an4.untied.mdef \
	-mixwfn /home/xkrajnan/Plocha/GSoC/PocketSphinx/an4/model_parameters/an4.cd_cont_untied/mixture_weights \
	-ts2cbfn .cont. \
	-mwfloor 1e-08 \
	-psetfn /home/xkrajnan/Plocha/GSoC/PocketSphinx/an4/model_architecture/an4.tree_questions \
	-phone ER \
	-state 2 \
	-stwt 1.0,0.05,0.0 \
	-meanfn /home/xkrajnan/Plocha/GSoC/PocketSphinx/an4/model_parameters/an4.cd_cont_untied/means \
	-varfn /home/xkrajnan/Plocha/GSoC/PocketSphinx/an4/model_parameters/an4.cd_cont_untied/variances \
	-fullvar no \
	-ssplitmin 1 \
	-ssplitmax 7 \
	-ssplitthr 0 \
	-csplitmin 1 \
	-csplitmax 2000 \
	-csplitthr 0 

Current configuration:
[NAME]		[DEFLT]	[VALUE]
-allphones	no	no
-cntthresh	0.00001	1.000000e-05
-csplitmax	100	2000
-csplitmin	1	1
-csplitthr	8e-4	0.000000e+00
-example	no	no
-fullvar	no	no
-help		no	no
-meanfn			/home/xkrajnan/Plocha/GSoC/PocketSphinx/an4/model_parameters/an4.cd_cont_untied/means
-mixwfn			/home/xkrajnan/Plocha/GSoC/PocketSphinx/an4/model_parameters/an4.cd_cont_untied/mixture_weights
-moddeffn		/home/xkrajnan/Plocha/GSoC/PocketSphinx/an4/model_architecture/an4.untied.mdef
-mwfloor	1e-4	1.000000e-08
-phone			ER
-psetfn			/home/xkrajnan/Plocha/GSoC/PocketSphinx/an4/model_architecture/an4.tree_questions
-ssplitmax	5	7
-ssplitmin	1	1
-ssplitthr	8e-4	0.000000e+00
-state			2
-stwt			1.0,0.05,0.0,
-treefn			/home/xkrajnan/Plocha/GSoC/PocketSphinx/an4/trees/an4.unpruned/ER-2.dtree
-ts2cbfn	.semi.	.cont.
-varfloor	0.00001	1.000000e-05
-varfn			/home/xkrajnan/Plocha/GSoC/PocketSphinx/an4/model_parameters/an4.cd_cont_untied/variances

INFO: main.c(228): Reading: /home/xkrajnan/Plocha/GSoC/PocketSphinx/an4/model_architecture/an4.untied.mdef
INFO: model_def_io.c(587): Model definition info:
INFO: model_def_io.c(588): 1618 total models defined (34 base, 1584 tri)
INFO: model_def_io.c(589): 6472 total states
INFO: model_def_io.c(590): 4854 total tied states
INFO: model_def_io.c(591): 102 total tied CI states
INFO: model_def_io.c(592): 34 total tied transition matrices
INFO: model_def_io.c(593): 4 max state/model
INFO: model_def_io.c(594): 4 min state/model
INFO: main.c(247): Building trees for [ER B EY e] through [ER TH T i]
INFO: main.c(275): Covering states |[1272 1325]| == 54
INFO: main.c(282): Reading: /home/xkrajnan/Plocha/GSoC/PocketSphinx/an4/model_parameters/an4.cd_cont_untied/mixture_weights
INFO: s3mixw_io.c(172): Read /home/xkrajnan/Plocha/GSoC/PocketSphinx/an4/model_parameters/an4.cd_cont_untied/mixture_weights [54x1x1 array]
INFO: main.c(320): 18 of 18 models have observation count greater than 0.000010
INFO: main.c(94): nrm stwt: 0.000 0.048 0.952 
INFO: s3gau_io.c(166): Read /home/xkrajnan/Plocha/GSoC/PocketSphinx/an4/model_parameters/an4.cd_cont_untied/means [4854x1x1 array]
INFO: s3gau_io.c(166): Read /home/xkrajnan/Plocha/GSoC/PocketSphinx/an4/model_parameters/an4.cd_cont_untied/variances [4854x1x1 array]
INFO: main.c(576): Reading: /home/xkrajnan/Plocha/GSoC/PocketSphinx/an4/model_architecture/an4.tree_questions
INFO: main.c(619): 180 total simple questions (172 phone; 8 word bndry)
INFO: main.c(621): 42 Left Only questions, and 42 Right Only questions
INFO: dtree.c(1524): Final simple tree
|( WDBNDRY_E 0 -2.524e+03 7.303e+02 1.213e+03
|    ( QUESTION3 -1 -1.850e+03 5.145e+02 9.221e+02
|        ( QUESTION0_1_R 1 -6.273e+02 4.059e+02 5.403e+01
|            ( - 2.638e+02 1 0)
|            ( - -4.853e+02 5 0 QUESTION0_14_R 1 3.100e+02 4.603e+01))
|        ( QUESTION0_0_R 1 -7.083e+02 4.419e+02 8.681e+02
|            ( - -1.088e+03 5 0 QUESTION11 1 3.733e+02 6.060e+02)
|            ( QUESTION0_13_R 1 8.221e+02 3.737e+02 2.621e+02
|                ( - 5.522e+02 2 0 QUESTION0 1 2.421e+02 1.936e+02)
|                ( - 6.436e+02 1 0))))
|    ( QUESTION2 -1 5.647e+01 5.621e+02 2.906e+02
|        ( - 5.183e+02 1 0)
|        ( QUESTION0_2_R 1 1.002e+02 3.947e+02 2.471e+02
|            ( - 3.183e+02 1 0)
|            ( - 1.766e+02 2 0 QUESTION0_0_R 1 2.083e+02 3.994e+01))))
s>    ( WDBNDRY_E 0 -2.524e+03 7.303e+02 1.213e+03
s>        ( QUESTION3 -1 -1.850e+03 5.145e+02 9.221e+02
s>            ( QUESTION0_1_R 1 -6.273e+02 4.059e+02 5.403e+01
s>                ( - 2.638e+02 1 0)
s>                ( - -4.853e+02 5 0 QUESTION0_14_R 1 3.100e+02 4.603e+01))
s>            ( QUESTION0_0_R 1 -7.083e+02 4.419e+02 8.681e+02
s>                ( - -1.088e+03 5 0 QUESTION11 1 3.733e+02 6.060e+02)
s>                ( QUESTION0_13_R 1 8.221e+02 3.737e+02 2.621e+02
s>                    ( - 5.522e+02 2 0 QUESTION0 1 2.421e+02 1.936e+02)
s>                    ( - 6.436e+02 1 0))))
s>        ( QUESTION2 -1 5.647e+01 5.621e+02 2.906e+02
s>            ( - 5.183e+02 1 0)
s>            ( QUESTION0_2_R 1 1.002e+02 3.947e+02 2.471e+02
s>                ( - 3.183e+02 1 0)
s>                ( - 1.766e+02 2 0 QUESTION0_0_R 1 2.083e+02 3.994e+01))))INFO: dtree.c(1351): Comp split 0
INFO: dtree.c(1524): Final simple tree
|( QUESTION8 -1 -2.044e+03 5.165e+02 9.620e+02
|    ( QUESTION0_0_R 1 -7.083e+02 4.419e+02 8.681e+02
|        ( QUESTION11 1 -1.088e+03 3.733e+02 6.060e+02
|            ( - -3.430e+02 1 0)
|            ( QUESTION0_11_R 1 -3.721e+02 3.224e+02 5.613e+02
|                ( - 3.830e+02 1 0)
|                ( - -4.327e+02 3 0 QUESTION0_8_R 1 3.021e+02 5.473e+02)))
|        ( QUESTION0_13_R 1 8.221e+02 3.737e+02 2.621e+02
|            ( - 5.522e+02 2 0 QUESTION0 1 2.421e+02 1.936e+02)
|            ( - 6.436e+02 1 0)))
|    ( WDBNDRY_E 0 -8.189e+02 3.683e+02 9.397e+01
|        ( QUESTION0_1_R 1 -6.273e+02 4.059e+02 5.403e+01
|            ( - 2.638e+02 1 0)
|            ( - -4.853e+02 5 0 QUESTION0_14_R 1 3.100e+02 4.603e+01))
|        ( - 1.766e+02 2 0 QUESTION0_0_R 1 2.083e+02 3.994e+01)))
s>    ( QUESTION8 -1 -2.044e+03 5.165e+02 9.620e+02
s>        ( QUESTION0_0_R 1 -7.083e+02 4.419e+02 8.681e+02
s>            ( QUESTION11 1 -1.088e+03 3.733e+02 6.060e+02
s>                ( - -3.430e+02 1 0)
s>                ( QUESTION0_11_R 1 -3.721e+02 3.224e+02 5.613e+02
s>                    ( - 3.830e+02 1 0)
s>                    ( - -4.327e+02 3 0 QUESTION0_8_R 1 3.021e+02 5.473e+02)))
s>            ( QUESTION0_13_R 1 8.221e+02 3.737e+02 2.621e+02
s>                ( - 5.522e+02 2 0 QUESTION0 1 2.421e+02 1.936e+02)
s>                ( - 6.436e+02 1 0)))
s>        ( WDBNDRY_E 0 -8.189e+02 3.683e+02 9.397e+01
s>            ( QUESTION0_1_R 1 -6.273e+02 4.059e+02 5.403e+01
s>                ( - 2.638e+02 1 0)
s>                ( - -4.853e+02 5 0 QUESTION0_14_R 1 3.100e+02 4.603e+01))
s>            ( - 1.766e+02 2 0 QUESTION0_0_R 1 2.083e+02 3.994e+01)))INFO: dtree.c(1483): stop. leaf nodes are specific
INFO: dtree.c(1524): Final simple tree
|( QUESTION2 -1 2.544e+02 5.822e+02 2.507e+02
|    ( - 5.183e+02 1 0)
|    ( - 3.183e+02 1 0))
s>    ( QUESTION2 -1 2.544e+02 5.822e+02 2.507e+02
s>        ( - 5.183e+02 1 0)
s>        ( - 3.183e+02 1 0))INFO: dtree.c(1351): Comp split 1
INFO: dtree.c(1524): Final simple tree
|( QUESTION3 -1 -1.083e+02 4.128e+02 8.314e+02
|    ( - 2.638e+02 1 0)
|    ( QUESTION0_0_R 1 4.073e+01 4.093e+02 8.234e+02
|        ( QUESTION0_11_R 1 -3.721e+02 3.224e+02 5.613e+02
|            ( - 3.830e+02 1 0)
|            ( QUESTION0_8_R 1 -4.327e+02 3.021e+02 5.473e+02
|                ( - 3.835e+02 1 0)
|                ( QUESTION0_1_R 1 -5.141e+02 2.448e+02 4.904e+02
|                    ( - -4.311e+02 1 0)
|                    ( - 1.618e+02 1 0))))
|        ( QUESTION0_13_R 1 8.221e+02 3.737e+02 2.621e+02
|            ( QUESTION0 1 5.522e+02 2.421e+02 1.936e+02
|                ( - 7.960e+02 1 0)
|                ( - -1.746e+00 1 0))
|            ( - 6.436e+02 1 0))))
s>    ( QUESTION3 -1 -1.083e+02 4.128e+02 8.314e+02
s>        ( - 2.638e+02 1 0)
s>        ( QUESTION0_0_R 1 4.073e+01 4.093e+02 8.234e+02
s>            ( QUESTION0_11_R 1 -3.721e+02 3.224e+02 5.613e+02
s>                ( - 3.830e+02 1 0)
s>                ( QUESTION0_8_R 1 -4.327e+02 3.021e+02 5.473e+02
s>                    ( - 3.835e+02 1 0)
s>                    ( QUESTION0_1_R 1 -5.141e+02 2.448e+02 4.904e+02
s>                        ( - -4.311e+02 1 0)
s>                        ( - 1.618e+02 1 0))))
s>            ( QUESTION0_13_R 1 8.221e+02 3.737e+02 2.621e+02
s>                ( QUESTION0 1 5.522e+02 2.421e+02 1.936e+02
s>                    ( - 7.960e+02 1 0)
s>                    ( - -1.746e+00 1 0))
s>                ( - 6.436e+02 1 0))))INFO: dtree.c(1524): Final simple tree
|( QUESTION0_14_R 1 -1.281e+03 3.526e+02 1.307e+02
|    ( - 2.456e+02 1 0)
|    ( WDBNDRY_E 0 -1.174e+03 3.363e+02 1.187e+02
|        ( QUESTION0 1 -1.014e+03 2.503e+02 7.872e+01
|            ( QUESTION0_0_R 1 -1.120e+01 1.757e+02 2.103e+01
|                ( - 7.815e+01 1 0)
|                ( - 8.632e+01 1 0))
|            ( QUESTION3 -1 -7.526e+02 2.351e+02 5.769e+01
|                ( QUESTION0_0_R 1 -1.745e+02 1.091e+02 1.300e+01
|                    ( - -3.129e+01 1 0)
|                    ( - -3.404e+01 1 0))
|                ( - -3.430e+02 1 0)))
|        ( QUESTION0_0_R 1 1.766e+02 2.083e+02 3.994e+01
|            ( - 1.867e+02 1 0)
|            ( - 1.983e+02 1 0))))
s>    ( QUESTION0_14_R 1 -1.281e+03 3.526e+02 1.307e+02
s>        ( - 2.456e+02 1 0)
s>        ( WDBNDRY_E 0 -1.174e+03 3.363e+02 1.187e+02
s>            ( QUESTION0 1 -1.014e+03 2.503e+02 7.872e+01
s>                ( QUESTION0_0_R 1 -1.120e+01 1.757e+02 2.103e+01
s>                    ( - 7.815e+01 1 0)
s>                    ( - 8.632e+01 1 0))
s>                ( QUESTION3 -1 -7.526e+02 2.351e+02 5.769e+01
s>                    ( QUESTION0_0_R 1 -1.745e+02 1.091e+02 1.300e+01
s>                        ( - -3.129e+01 1 0)
s>                        ( - -3.404e+01 1 0))
s>                    ( - -3.430e+02 1 0)))
s>            ( QUESTION0_0_R 1 1.766e+02 2.083e+02 3.994e+01
s>                ( - 1.867e+02 1 0)
s>                ( - 1.983e+02 1 0))))INFO: dtree.c(1351): Comp split 2
INFO: dtree.c(1351): Comp split 3
INFO: dtree.c(1483): stop. leaf nodes are specific
INFO: dtree.c(1524): Final simple tree
|( QUESTION0_8_R 1 -7.355e+02 3.244e+02 5.837e+02
|    ( - 3.830e+02 1 0)
|    ( QUESTION0_0_R 1 -7.941e+02 2.783e+02 5.697e+02
|        ( QUESTION0_1_R 1 -5.141e+02 2.448e+02 4.904e+02
|            ( - -4.311e+02 1 0)
|            ( - 1.618e+02 1 0))
|        ( - -1.746e+00 1 0)))
s>    ( QUESTION0_8_R 1 -7.355e+02 3.244e+02 5.837e+02
s>        ( - 3.830e+02 1 0)
s>        ( QUESTION0_0_R 1 -7.941e+02 2.783e+02 5.697e+02
s>            ( QUESTION0_1_R 1 -5.141e+02 2.448e+02 4.904e+02
s>                ( - -4.311e+02 1 0)
s>                ( - 1.618e+02 1 0))
s>            ( - -1.746e+00 1 0)))INFO: dtree.c(1483): stop. leaf nodes are specific
INFO: dtree.c(1524): Final simple tree
|( QUESTION0_1_R 1 1.162e+03 3.947e+02 2.476e+02
|    ( - 2.638e+02 1 0)
|    ( QUESTION0_14_R 1 1.293e+03 2.970e+02 2.396e+02
|        ( - 6.436e+02 1 0)
|        ( QUESTION0_0_R 1 9.469e+02 2.327e+02 1.712e+02
|            ( - 3.835e+02 1 0)
|            ( - 7.960e+02 1 0))))
s>    ( QUESTION0_1_R 1 1.162e+03 3.947e+02 2.476e+02
s>        ( - 2.638e+02 1 0)
s>        ( QUESTION0_14_R 1 1.293e+03 2.970e+02 2.396e+02
s>            ( - 6.436e+02 1 0)
s>            ( QUESTION0_0_R 1 9.469e+02 2.327e+02 1.712e+02
s>                ( - 3.835e+02 1 0)
s>                ( - 7.960e+02 1 0))))INFO: dtree.c(1351): Comp split 4
INFO: dtree.c(1483): stop. leaf nodes are specific
INFO: dtree.c(1524): Final simple tree
|( QUESTION0_14_R 1 1.293e+03 2.970e+02 2.396e+02
|    ( - 6.436e+02 1 0)
|    ( QUESTION0_0_R 1 9.469e+02 2.327e+02 1.712e+02
|        ( - 3.835e+02 1 0)
|        ( - 7.960e+02 1 0)))
s>    ( QUESTION0_14_R 1 1.293e+03 2.970e+02 2.396e+02
s>        ( - 6.436e+02 1 0)
s>        ( QUESTION0_0_R 1 9.469e+02 2.327e+02 1.712e+02
s>            ( - 3.835e+02 1 0)
s>            ( - 7.960e+02 1 0)))INFO: dtree.c(1351): Comp split 5
INFO: dtree.c(1483): stop. leaf nodes are specific
INFO: dtree.c(1524): Final simple tree
|( WDBNDRY_E 0 4.751e+01 2.073e+02 5.297e+01
|    ( - 7.815e+01 1 0)
|    ( QUESTION0_0_R 1 1.766e+02 2.083e+02 3.994e+01
|        ( - 1.867e+02 1 0)
|        ( - 1.983e+02 1 0)))
s>    ( WDBNDRY_E 0 4.751e+01 2.073e+02 5.297e+01
s>        ( - 7.815e+01 1 0)
s>        ( QUESTION0_0_R 1 1.766e+02 2.083e+02 3.994e+01
s>            ( - 1.867e+02 1 0)
s>            ( - 1.983e+02 1 0)))INFO: dtree.c(1483): stop. leaf nodes are specific
INFO: dtree.c(1524): Final simple tree
|( QUESTION0_14_R 1 -9.567e+02 3.400e+02 7.769e+01
|    ( - 2.456e+02 1 0)
|    ( QUESTION3 -1 -8.623e+02 2.179e+02 6.569e+01
|        ( QUESTION0 1 -3.014e+02 2.132e+02 2.100e+01
|            ( - 8.632e+01 1 0)
|            ( QUESTION0_0_R 1 -1.745e+02 1.091e+02 1.300e+01
|                ( - -3.129e+01 1 0)
|                ( - -3.404e+01 1 0)))
|        ( - -3.430e+02 1 0)))
s>    ( QUESTION0_14_R 1 -9.567e+02 3.400e+02 7.769e+01
s>        ( - 2.456e+02 1 0)
s>        ( QUESTION3 -1 -8.623e+02 2.179e+02 6.569e+01
s>            ( QUESTION0 1 -3.014e+02 2.132e+02 2.100e+01
s>                ( - 8.632e+01 1 0)
s>                ( QUESTION0_0_R 1 -1.745e+02 1.091e+02 1.300e+01
s>                    ( - -3.129e+01 1 0)
s>                    ( - -3.404e+01 1 0)))
s>            ( - -3.430e+02 1 0)))INFO: dtree.c(1351): Comp split 6
INFO: dtree.c(1483): stop. leaf nodes are specific
INFO: dtree.c(1524): Final simple tree
|( QUESTION3 -1 -8.623e+02 2.179e+02 6.569e+01
|    ( QUESTION0 1 -3.014e+02 2.132e+02 2.100e+01
|        ( - 8.632e+01 1 0)
|        ( QUESTION0_0_R 1 -1.745e+02 1.091e+02 1.300e+01
|            ( - -3.129e+01 1 0)
|            ( - -3.404e+01 1 0)))
|    ( - -3.430e+02 1 0))
s>    ( QUESTION3 -1 -8.623e+02 2.179e+02 6.569e+01
s>        ( QUESTION0 1 -3.014e+02 2.132e+02 2.100e+01
s>            ( - 8.632e+01 1 0)
s>            ( QUESTION0_0_R 1 -1.745e+02 1.091e+02 1.300e+01
s>                ( - -3.129e+01 1 0)
s>                ( - -3.404e+01 1 0)))
s>        ( - -3.430e+02 1 0))INFO: dtree.c(1351): Comp split 7
INFO: dtree.c(1483): stop. leaf nodes are specific
INFO: dtree.c(1524): Final simple tree
|( QUESTION0_0_R 1 -7.941e+02 2.783e+02 5.697e+02
|    ( QUESTION0_1_R 1 -5.141e+02 2.448e+02 4.904e+02
|        ( - -4.311e+02 1 0)
|        ( - 1.618e+02 1 0))
|    ( - -1.746e+00 1 0))
s>    ( QUESTION0_0_R 1 -7.941e+02 2.783e+02 5.697e+02
s>        ( QUESTION0_1_R 1 -5.141e+02 2.448e+02 4.904e+02
s>            ( - -4.311e+02 1 0)
s>            ( - 1.618e+02 1 0))
s>        ( - -1.746e+00 1 0))INFO: dtree.c(1351): Comp split 8
INFO: dtree.c(1483): stop. leaf nodes are specific
INFO: dtree.c(1524): Final simple tree
|( QUESTION0_0_R 1 9.469e+02 2.327e+02 1.712e+02
|    ( - 3.835e+02 1 0)
|    ( - 7.960e+02 1 0))
s>    ( QUESTION0_0_R 1 9.469e+02 2.327e+02 1.712e+02
s>        ( - 3.835e+02 1 0)
s>        ( - 7.960e+02 1 0))INFO: dtree.c(1351): Comp split 9
INFO: dtree.c(1483): stop. leaf nodes are specific
INFO: dtree.c(1524): Final simple tree
|( QUESTION0_1_R 1 -5.141e+02 2.448e+02 4.904e+02
|    ( - -4.311e+02 1 0)
|    ( - 1.618e+02 1 0))
s>    ( QUESTION0_1_R 1 -5.141e+02 2.448e+02 4.904e+02
s>        ( - -4.311e+02 1 0)
s>        ( - 1.618e+02 1 0))INFO: dtree.c(1351): Comp split 10
INFO: dtree.c(1351): Comp split 11
INFO: dtree.c(1483): stop. leaf nodes are specific
INFO: dtree.c(1524): Final simple tree
|( QUESTION0_0_R 1 -1.745e+02 1.091e+02 1.300e+01
|    ( - -3.129e+01 1 0)
|    ( - -3.404e+01 1 0))
s>    ( QUESTION0_0_R 1 -1.745e+02 1.091e+02 1.300e+01
s>        ( - -3.129e+01 1 0)
s>        ( - -3.404e+01 1 0))INFO: dtree.c(1483): stop. leaf nodes are specific
INFO: dtree.c(1524): Final simple tree
|( QUESTION0_0_R 1 -4.536e+02 1.969e+02 5.269e+01
|    ( - -3.430e+02 1 0)
|    ( - 8.632e+01 1 0))
s>    ( QUESTION0_0_R 1 -4.536e+02 1.969e+02 5.269e+01
s>        ( - -3.430e+02 1 0)
s>        ( - 8.632e+01 1 0))INFO: dtree.c(1351): Comp split 12
INFO: dtree.c(1351): Comp split 13
INFO: dtree.c(1483): stop. leaf nodes are specific
INFO: dtree.c(1524): Final simple tree
|( QUESTION0_0_R 1 1.766e+02 2.083e+02 3.994e+01
|    ( - 1.867e+02 1 0)
|    ( - 1.983e+02 1 0))
s>    ( QUESTION0_0_R 1 1.766e+02 2.083e+02 3.994e+01
s>        ( - 1.867e+02 1 0)
s>        ( - 1.983e+02 1 0))INFO: dtree.c(1351): Comp split 14
INFO: dtree.c(1351): Comp split 15
INFO: dtree.c(1351): Comp split 16
INFO: dtree.c(1351): Comp split 17
INFO: dtree.c(1354): stop. leaf nodes are specific
Tue May 31 10:45:41 2011
