INFO: cmd_ln.c(691): Parsing command line:
/home/xkrajnan/Plocha/GSoC/PocketSphinx/an4/bin/bldtree \
	-treefn /home/xkrajnan/Plocha/GSoC/PocketSphinx/an4/trees/an4.unpruned/W-2.dtree \
	-moddeffn /home/xkrajnan/Plocha/GSoC/PocketSphinx/an4/model_architecture/an4.untied.mdef \
	-mixwfn /home/xkrajnan/Plocha/GSoC/PocketSphinx/an4/model_parameters/an4.cd_cont_untied/mixture_weights \
	-ts2cbfn .cont. \
	-mwfloor 1e-08 \
	-psetfn /home/xkrajnan/Plocha/GSoC/PocketSphinx/an4/model_architecture/an4.tree_questions \
	-phone W \
	-state 2 \
	-stwt 1.0,0.05,0.0 \
	-meanfn /home/xkrajnan/Plocha/GSoC/PocketSphinx/an4/model_parameters/an4.cd_cont_untied/means \
	-varfn /home/xkrajnan/Plocha/GSoC/PocketSphinx/an4/model_parameters/an4.cd_cont_untied/variances \
	-fullvar no \
	-ssplitmin 1 \
	-ssplitmax 7 \
	-ssplitthr 0 \
	-csplitmin 1 \
	-csplitmax 2000 \
	-csplitthr 0 

Current configuration:
[NAME]		[DEFLT]	[VALUE]
-allphones	no	no
-cntthresh	0.00001	1.000000e-05
-csplitmax	100	2000
-csplitmin	1	1
-csplitthr	8e-4	0.000000e+00
-example	no	no
-fullvar	no	no
-help		no	no
-meanfn			/home/xkrajnan/Plocha/GSoC/PocketSphinx/an4/model_parameters/an4.cd_cont_untied/means
-mixwfn			/home/xkrajnan/Plocha/GSoC/PocketSphinx/an4/model_parameters/an4.cd_cont_untied/mixture_weights
-moddeffn		/home/xkrajnan/Plocha/GSoC/PocketSphinx/an4/model_architecture/an4.untied.mdef
-mwfloor	1e-4	1.000000e-08
-phone			W
-psetfn			/home/xkrajnan/Plocha/GSoC/PocketSphinx/an4/model_architecture/an4.tree_questions
-ssplitmax	5	7
-ssplitmin	1	1
-ssplitthr	8e-4	0.000000e+00
-state			2
-stwt			1.0,0.05,0.0,
-treefn			/home/xkrajnan/Plocha/GSoC/PocketSphinx/an4/trees/an4.unpruned/W-2.dtree
-ts2cbfn	.semi.	.cont.
-varfloor	0.00001	1.000000e-05
-varfn			/home/xkrajnan/Plocha/GSoC/PocketSphinx/an4/model_parameters/an4.cd_cont_untied/variances

INFO: main.c(228): Reading: /home/xkrajnan/Plocha/GSoC/PocketSphinx/an4/model_architecture/an4.untied.mdef
INFO: model_def_io.c(587): Model definition info:
INFO: model_def_io.c(588): 1618 total models defined (34 base, 1584 tri)
INFO: model_def_io.c(589): 6472 total states
INFO: model_def_io.c(590): 4854 total tied states
INFO: model_def_io.c(591): 102 total tied CI states
INFO: model_def_io.c(592): 34 total tied transition matrices
INFO: model_def_io.c(593): 4 max state/model
INFO: model_def_io.c(594): 4 min state/model
INFO: main.c(247): Building trees for [W AH AY b] through [W UW AY b]
INFO: main.c(275): Covering states |[4671 4724]| == 54
INFO: main.c(282): Reading: /home/xkrajnan/Plocha/GSoC/PocketSphinx/an4/model_parameters/an4.cd_cont_untied/mixture_weights
INFO: s3mixw_io.c(172): Read /home/xkrajnan/Plocha/GSoC/PocketSphinx/an4/model_parameters/an4.cd_cont_untied/mixture_weights [54x1x1 array]
INFO: main.c(320): 18 of 18 models have observation count greater than 0.000010
INFO: main.c(94): nrm stwt: 0.000 0.048 0.952 
INFO: s3gau_io.c(166): Read /home/xkrajnan/Plocha/GSoC/PocketSphinx/an4/model_parameters/an4.cd_cont_untied/means [4854x1x1 array]
INFO: s3gau_io.c(166): Read /home/xkrajnan/Plocha/GSoC/PocketSphinx/an4/model_parameters/an4.cd_cont_untied/variances [4854x1x1 array]
INFO: main.c(576): Reading: /home/xkrajnan/Plocha/GSoC/PocketSphinx/an4/model_architecture/an4.tree_questions
INFO: main.c(619): 180 total simple questions (172 phone; 8 word bndry)
INFO: main.c(621): 42 Left Only questions, and 42 Right Only questions
INFO: dtree.c(1524): Final simple tree
|( WDBNDRY_B 0 3.161e+03 1.553e+03 1.155e+03
|    ( QUESTION2_18_L -1 3.177e+03 3.869e+02 2.561e+02
|        ( - 9.902e+02 1 0)
|        ( QUESTION1 -1 2.573e+03 2.778e+02 2.168e+02
|            ( QUESTION3 -1 9.244e+02 2.346e+02 5.468e+01
|                ( - 1.741e+02 1 0)
|                ( QUESTION12 -1 9.849e+02 2.144e+02 4.968e+01
|                    ( - 5.370e+02 2 0 QUESTION2_0_L -1 1.676e+02 2.636e+01)
|                    ( - 6.623e+02 2 0 QUESTION2 -1 1.339e+02 2.332e+01)))
|            ( QUESTION2_2_L -1 1.927e+03 2.098e+02 1.621e+02
|                ( - 2.309e+02 1 0)
|                ( - 1.906e+03 8 0 QUESTION2_0_L -1 1.908e+02 1.542e+02))))
|    ( QUESTION0_0_R 1 1.537e+03 9.988e+02 8.991e+02
|        ( - -5.899e+02 2 0 QUESTION2 -1 1.531e+02 8.412e+01)
|        ( - 3.126e+03 1 0)))
s>    ( WDBNDRY_B 0 3.161e+03 1.553e+03 1.155e+03
s>        ( QUESTION2_18_L -1 3.177e+03 3.869e+02 2.561e+02
s>            ( - 9.902e+02 1 0)
s>            ( QUESTION1 -1 2.573e+03 2.778e+02 2.168e+02
s>                ( QUESTION3 -1 9.244e+02 2.346e+02 5.468e+01
s>                    ( - 1.741e+02 1 0)
s>                    ( QUESTION12 -1 9.849e+02 2.144e+02 4.968e+01
s>                        ( - 5.370e+02 2 0 QUESTION2_0_L -1 1.676e+02 2.636e+01)
s>                        ( - 6.623e+02 2 0 QUESTION2 -1 1.339e+02 2.332e+01)))
s>                ( QUESTION2_2_L -1 1.927e+03 2.098e+02 1.621e+02
s>                    ( - 2.309e+02 1 0)
s>                    ( - 1.906e+03 8 0 QUESTION2_0_L -1 1.908e+02 1.542e+02))))
s>        ( QUESTION0_0_R 1 1.537e+03 9.988e+02 8.991e+02
s>            ( - -5.899e+02 2 0 QUESTION2 -1 1.531e+02 8.412e+01)
s>            ( - 3.126e+03 1 0)))INFO: dtree.c(1351): Comp split 0
INFO: dtree.c(1483): stop. leaf nodes are specific
INFO: dtree.c(1524): Final simple tree
|( QUESTION0_0_R 1 1.519e+03 9.989e+02 9.041e+02
|    ( QUESTION2 -1 -5.899e+02 1.531e+02 8.412e+01
|        ( - -5.784e+02 1 0)
|        ( - 1.417e+02 1 0))
|    ( WDBNDRY_B 0 3.108e+03 1.920e+02 8.200e+02
|        ( - 1.741e+02 1 0)
|        ( - 3.126e+03 1 0)))
s>    ( QUESTION0_0_R 1 1.519e+03 9.989e+02 9.041e+02
s>        ( QUESTION2 -1 -5.899e+02 1.531e+02 8.412e+01
s>            ( - -5.784e+02 1 0)
s>            ( - 1.417e+02 1 0))
s>        ( WDBNDRY_B 0 3.108e+03 1.920e+02 8.200e+02
s>            ( - 1.741e+02 1 0)
s>            ( - 3.126e+03 1 0)))INFO: dtree.c(1524): Final simple tree
|( QUESTION2_18_L -1 3.236e+03 3.736e+02 2.511e+02
|    ( - 9.902e+02 1 0)
|    ( QUESTION1 -1 2.620e+03 2.921e+02 2.118e+02
|        ( QUESTION12 -1 9.849e+02 2.144e+02 4.968e+01
|            ( QUESTION2_0_L -1 5.370e+02 1.676e+02 2.636e+01
|                ( - 3.342e+02 1 0)
|                ( - 3.704e+02 1 0))
|            ( - 6.623e+02 2 0 QUESTION2 -1 1.339e+02 2.332e+01))
|        ( QUESTION2_2_L -1 1.927e+03 2.098e+02 1.621e+02
|            ( - 2.309e+02 1 0)
|            ( QUESTION2_0_L -1 1.906e+03 1.908e+02 1.542e+02
|                ( - 7.011e+02 1 0)
|                ( QUESTION2_14_L -1 1.395e+03 1.998e+02 9.680e+01
|                    ( - 9.566e+02 4 0)
|                    ( - 6.385e+02 3 0 SILENCE -1 1.433e+02 3.302e+01))))))
s>    ( QUESTION2_18_L -1 3.236e+03 3.736e+02 2.511e+02
s>        ( - 9.902e+02 1 0)
s>        ( QUESTION1 -1 2.620e+03 2.921e+02 2.118e+02
s>            ( QUESTION12 -1 9.849e+02 2.144e+02 4.968e+01
s>                ( QUESTION2_0_L -1 5.370e+02 1.676e+02 2.636e+01
s>                    ( - 3.342e+02 1 0)
s>                    ( - 3.704e+02 1 0))
s>                ( - 6.623e+02 2 0 QUESTION2 -1 1.339e+02 2.332e+01))
s>            ( QUESTION2_2_L -1 1.927e+03 2.098e+02 1.621e+02
s>                ( - 2.309e+02 1 0)
s>                ( QUESTION2_0_L -1 1.906e+03 1.908e+02 1.542e+02
s>                    ( - 7.011e+02 1 0)
s>                    ( QUESTION2_14_L -1 1.395e+03 1.998e+02 9.680e+01
s>                        ( - 9.566e+02 4 0)
s>                        ( - 6.385e+02 3 0 SILENCE -1 1.433e+02 3.302e+01))))))INFO: dtree.c(1351): Comp split 1
INFO: dtree.c(1483): stop. leaf nodes are specific
INFO: dtree.c(1524): Final simple tree
|( WDBNDRY_B 0 3.108e+03 1.920e+02 8.200e+02
|    ( - 1.741e+02 1 0)
|    ( - 3.126e+03 1 0))
s>    ( WDBNDRY_B 0 3.108e+03 1.920e+02 8.200e+02
s>        ( - 1.741e+02 1 0)
s>        ( - 3.126e+03 1 0))INFO: dtree.c(1483): stop. leaf nodes are specific
INFO: dtree.c(1524): Final simple tree
|( QUESTION2 -1 -5.899e+02 1.531e+02 8.412e+01
|    ( - -5.784e+02 1 0)
|    ( - 1.417e+02 1 0))
s>    ( QUESTION2 -1 -5.899e+02 1.531e+02 8.412e+01
s>        ( - -5.784e+02 1 0)
s>        ( - 1.417e+02 1 0))INFO: dtree.c(1351): Comp split 2
INFO: dtree.c(1483): stop. leaf nodes are specific
INFO: dtree.c(1524): Final simple tree
|( QUESTION1 -1 2.211e+03 2.531e+02 1.885e+02
|    ( QUESTION2_0_L -1 5.370e+02 1.676e+02 2.636e+01
|        ( - 3.342e+02 1 0)
|        ( - 3.704e+02 1 0))
|    ( QUESTION2_2_L -1 1.927e+03 2.098e+02 1.621e+02
|        ( - 2.309e+02 1 0)
|        ( QUESTION2_0_L -1 1.906e+03 1.908e+02 1.542e+02
|            ( - 7.011e+02 1 0)
|            ( QUESTION2_14_L -1 1.395e+03 1.998e+02 9.680e+01
|                ( - 9.566e+02 4 0)
|                ( SILENCE -1 6.385e+02 1.433e+02 3.302e+01
|                    ( - 3.046e+02 1 0)
|                    ( - 4.772e+02 2 0))))))
s>    ( QUESTION1 -1 2.211e+03 2.531e+02 1.885e+02
s>        ( QUESTION2_0_L -1 5.370e+02 1.676e+02 2.636e+01
s>            ( - 3.342e+02 1 0)
s>            ( - 3.704e+02 1 0))
s>        ( QUESTION2_2_L -1 1.927e+03 2.098e+02 1.621e+02
s>            ( - 2.309e+02 1 0)
s>            ( QUESTION2_0_L -1 1.906e+03 1.908e+02 1.542e+02
s>                ( - 7.011e+02 1 0)
s>                ( QUESTION2_14_L -1 1.395e+03 1.998e+02 9.680e+01
s>                    ( - 9.566e+02 4 0)
s>                    ( SILENCE -1 6.385e+02 1.433e+02 3.302e+01
s>                        ( - 3.046e+02 1 0)
s>                        ( - 4.772e+02 2 0))))))INFO: dtree.c(1483): stop. leaf nodes are specific
INFO: dtree.c(1524): Final simple tree
|( QUESTION12 -1 1.402e+03 2.503e+02 6.261e+01
|    ( - 9.902e+02 1 0)
|    ( QUESTION2 -1 6.623e+02 1.339e+02 2.332e+01
|        ( - 4.303e+02 1 0)
|        ( - 3.660e+02 1 0)))
s>    ( QUESTION12 -1 1.402e+03 2.503e+02 6.261e+01
s>        ( - 9.902e+02 1 0)
s>        ( QUESTION2 -1 6.623e+02 1.339e+02 2.332e+01
s>            ( - 4.303e+02 1 0)
s>            ( - 3.660e+02 1 0)))INFO: dtree.c(1351): Comp split 3
INFO: dtree.c(1483): stop. leaf nodes are specific
INFO: dtree.c(1524): Final simple tree
|( QUESTION2_2_L -1 1.927e+03 2.098e+02 1.621e+02
|    ( - 2.309e+02 1 0)
|    ( QUESTION2_0_L -1 1.906e+03 1.908e+02 1.542e+02
|        ( - 7.011e+02 1 0)
|        ( QUESTION2_14_L -1 1.395e+03 1.998e+02 9.680e+01
|            ( - 9.566e+02 4 0)
|            ( SILENCE -1 6.385e+02 1.433e+02 3.302e+01
|                ( - 3.046e+02 1 0)
|                ( - 4.772e+02 2 0)))))
s>    ( QUESTION2_2_L -1 1.927e+03 2.098e+02 1.621e+02
s>        ( - 2.309e+02 1 0)
s>        ( QUESTION2_0_L -1 1.906e+03 1.908e+02 1.542e+02
s>            ( - 7.011e+02 1 0)
s>            ( QUESTION2_14_L -1 1.395e+03 1.998e+02 9.680e+01
s>                ( - 9.566e+02 4 0)
s>                ( SILENCE -1 6.385e+02 1.433e+02 3.302e+01
s>                    ( - 3.046e+02 1 0)
s>                    ( - 4.772e+02 2 0)))))INFO: dtree.c(1483): stop. leaf nodes are specific
INFO: dtree.c(1524): Final simple tree
|( QUESTION2_0_L -1 5.370e+02 1.676e+02 2.636e+01
|    ( - 3.342e+02 1 0)
|    ( - 3.704e+02 1 0))
s>    ( QUESTION2_0_L -1 5.370e+02 1.676e+02 2.636e+01
s>        ( - 3.342e+02 1 0)
s>        ( - 3.704e+02 1 0))INFO: dtree.c(1351): Comp split 4
INFO: dtree.c(1483): stop. leaf nodes are specific
INFO: dtree.c(1524): Final simple tree
|( QUESTION2 -1 6.623e+02 1.339e+02 2.332e+01
|    ( - 4.303e+02 1 0)
|    ( - 3.660e+02 1 0))
s>    ( QUESTION2 -1 6.623e+02 1.339e+02 2.332e+01
s>        ( - 4.303e+02 1 0)
s>        ( - 3.660e+02 1 0))INFO: dtree.c(1351): Comp split 5
INFO: dtree.c(1483): stop. leaf nodes are specific
INFO: dtree.c(1524): Final simple tree
|( SILENCE -1 6.385e+02 1.433e+02 3.302e+01
|    ( - 3.046e+02 1 0)
|    ( - 4.772e+02 2 0))
s>    ( SILENCE -1 6.385e+02 1.433e+02 3.302e+01
s>        ( - 3.046e+02 1 0)
s>        ( - 4.772e+02 2 0))INFO: dtree.c(1483): stop. leaf nodes are specific
INFO: dtree.c(1524): Final simple tree
|( QUESTION2_2_L -1 1.515e+03 2.079e+02 1.291e+02
|    ( - 2.309e+02 1 0)
|    ( QUESTION2_0_L -1 1.492e+03 1.659e+02 1.211e+02
|        ( - 7.011e+02 1 0)
|        ( - 9.566e+02 4 0)))
s>    ( QUESTION2_2_L -1 1.515e+03 2.079e+02 1.291e+02
s>        ( - 2.309e+02 1 0)
s>        ( QUESTION2_0_L -1 1.492e+03 1.659e+02 1.211e+02
s>            ( - 7.011e+02 1 0)
s>            ( - 9.566e+02 4 0)))INFO: dtree.c(1351): Comp split 6
INFO: dtree.c(1483): stop. leaf nodes are specific
INFO: dtree.c(1524): Final simple tree
|( QUESTION2_0_L -1 1.492e+03 1.659e+02 1.211e+02
|    ( - 7.011e+02 1 0)
|    ( - 9.566e+02 4 0))
s>    ( QUESTION2_0_L -1 1.492e+03 1.659e+02 1.211e+02
s>        ( - 7.011e+02 1 0)
s>        ( - 9.566e+02 4 0))INFO: dtree.c(1351): Comp split 7
INFO: dtree.c(1351): Comp split 8
INFO: dtree.c(1351): Comp split 9
INFO: dtree.c(1351): Comp split 10
INFO: dtree.c(1351): Comp split 11
INFO: dtree.c(1351): Comp split 12
INFO: dtree.c(1351): Comp split 13
INFO: dtree.c(1354): stop. leaf nodes are specific
Tue May 31 10:46:07 2011
