INFO: cmd_ln.c(691): Parsing command line:
/home/xkrajnan/Plocha/GSoC/PocketSphinx/an4/bin/bldtree \
	-treefn /home/xkrajnan/Plocha/GSoC/PocketSphinx/an4/trees/an4.unpruned/AA-2.dtree \
	-moddeffn /home/xkrajnan/Plocha/GSoC/PocketSphinx/an4/model_architecture/an4.untied.mdef \
	-mixwfn /home/xkrajnan/Plocha/GSoC/PocketSphinx/an4/model_parameters/an4.cd_cont_untied/mixture_weights \
	-ts2cbfn .cont. \
	-mwfloor 1e-08 \
	-psetfn /home/xkrajnan/Plocha/GSoC/PocketSphinx/an4/model_architecture/an4.tree_questions \
	-phone AA \
	-state 2 \
	-stwt 1.0,0.05,0.0 \
	-meanfn /home/xkrajnan/Plocha/GSoC/PocketSphinx/an4/model_parameters/an4.cd_cont_untied/means \
	-varfn /home/xkrajnan/Plocha/GSoC/PocketSphinx/an4/model_parameters/an4.cd_cont_untied/variances \
	-fullvar no \
	-ssplitmin 1 \
	-ssplitmax 7 \
	-ssplitthr 0 \
	-csplitmin 1 \
	-csplitmax 2000 \
	-csplitthr 0 

Current configuration:
[NAME]		[DEFLT]	[VALUE]
-allphones	no	no
-cntthresh	0.00001	1.000000e-05
-csplitmax	100	2000
-csplitmin	1	1
-csplitthr	8e-4	0.000000e+00
-example	no	no
-fullvar	no	no
-help		no	no
-meanfn			/home/xkrajnan/Plocha/GSoC/PocketSphinx/an4/model_parameters/an4.cd_cont_untied/means
-mixwfn			/home/xkrajnan/Plocha/GSoC/PocketSphinx/an4/model_parameters/an4.cd_cont_untied/mixture_weights
-moddeffn		/home/xkrajnan/Plocha/GSoC/PocketSphinx/an4/model_architecture/an4.untied.mdef
-mwfloor	1e-4	1.000000e-08
-phone			AA
-psetfn			/home/xkrajnan/Plocha/GSoC/PocketSphinx/an4/model_architecture/an4.tree_questions
-ssplitmax	5	7
-ssplitmin	1	1
-ssplitthr	8e-4	0.000000e+00
-state			2
-stwt			1.0,0.05,0.0,
-treefn			/home/xkrajnan/Plocha/GSoC/PocketSphinx/an4/trees/an4.unpruned/AA-2.dtree
-ts2cbfn	.semi.	.cont.
-varfloor	0.00001	1.000000e-05
-varfn			/home/xkrajnan/Plocha/GSoC/PocketSphinx/an4/model_parameters/an4.cd_cont_untied/variances

INFO: main.c(228): Reading: /home/xkrajnan/Plocha/GSoC/PocketSphinx/an4/model_architecture/an4.untied.mdef
INFO: model_def_io.c(587): Model definition info:
INFO: model_def_io.c(588): 1618 total models defined (34 base, 1584 tri)
INFO: model_def_io.c(589): 6472 total states
INFO: model_def_io.c(590): 4854 total tied states
INFO: model_def_io.c(591): 102 total tied CI states
INFO: model_def_io.c(592): 34 total tied transition matrices
INFO: model_def_io.c(593): 4 max state/model
INFO: model_def_io.c(594): 4 min state/model
INFO: main.c(247): Building trees for [AA AH R b] through [AA UW R b]
INFO: main.c(275): Covering states |[102 161]| == 60
INFO: main.c(282): Reading: /home/xkrajnan/Plocha/GSoC/PocketSphinx/an4/model_parameters/an4.cd_cont_untied/mixture_weights
INFO: s3mixw_io.c(172): Read /home/xkrajnan/Plocha/GSoC/PocketSphinx/an4/model_parameters/an4.cd_cont_untied/mixture_weights [60x1x1 array]
INFO: main.c(320): 20 of 20 models have observation count greater than 0.000010
INFO: main.c(94): nrm stwt: 0.000 0.048 0.952 
INFO: s3gau_io.c(166): Read /home/xkrajnan/Plocha/GSoC/PocketSphinx/an4/model_parameters/an4.cd_cont_untied/means [4854x1x1 array]
INFO: s3gau_io.c(166): Read /home/xkrajnan/Plocha/GSoC/PocketSphinx/an4/model_parameters/an4.cd_cont_untied/variances [4854x1x1 array]
INFO: main.c(576): Reading: /home/xkrajnan/Plocha/GSoC/PocketSphinx/an4/model_architecture/an4.tree_questions
INFO: main.c(619): 180 total simple questions (172 phone; 8 word bndry)
INFO: main.c(621): 42 Left Only questions, and 42 Right Only questions
INFO: dtree.c(1524): Final simple tree
|( QUESTION0_14_R 1 3.580e+04 1.809e+03 2.574e+03
|    ( WDBNDRY_B 0 3.626e+04 8.018e+02 2.459e+03
|        ( QUESTION2_0_L -1 3.624e+04 5.883e+02 2.404e+03
|            ( - 1.910e+04 3 0 QUESTION2_1_L -1 3.171e+02 1.220e+03)
|            ( QUESTION2_17_L -1 1.773e+04 4.887e+02 1.184e+03
|                ( - 1.177e+04 5 0 QUESTION0 -1 2.859e+02 7.880e+02)
|                ( SILENCE -1 6.449e+03 4.113e+02 3.958e+02
|                    ( - 2.031e+03 1 0)
|                    ( QUESTION11 -1 4.829e+03 4.216e+02 2.782e+02
|                        ( - 3.302e+03 2 0 QUESTION12 -1 3.612e+02 1.552e+02)
|                        ( - 1.949e+03 3 0 QUESTION0 -1 2.266e+02 1.230e+02)))))
|        ( - 8.178e+02 2 0 QUESTION2 -1 3.088e+02 5.518e+01))
|    ( QUESTION0_5_R 1 1.354e+03 3.691e+02 1.155e+02
|        ( - 3.928e+02 1 0)
|        ( - 1.331e+03 3 0 QUESTION0_2_R 1 2.353e+02 9.768e+01)))
s>    ( QUESTION0_14_R 1 3.580e+04 1.809e+03 2.574e+03
s>        ( WDBNDRY_B 0 3.626e+04 8.018e+02 2.459e+03
s>            ( QUESTION2_0_L -1 3.624e+04 5.883e+02 2.404e+03
s>                ( - 1.910e+04 3 0 QUESTION2_1_L -1 3.171e+02 1.220e+03)
s>                ( QUESTION2_17_L -1 1.773e+04 4.887e+02 1.184e+03
s>                    ( - 1.177e+04 5 0 QUESTION0 -1 2.859e+02 7.880e+02)
s>                    ( SILENCE -1 6.449e+03 4.113e+02 3.958e+02
s>                        ( - 2.031e+03 1 0)
s>                        ( QUESTION11 -1 4.829e+03 4.216e+02 2.782e+02
s>                            ( - 3.302e+03 2 0 QUESTION12 -1 3.612e+02 1.552e+02)
s>                            ( - 1.949e+03 3 0 QUESTION0 -1 2.266e+02 1.230e+02)))))
s>            ( - 8.178e+02 2 0 QUESTION2 -1 3.088e+02 5.518e+01))
s>        ( QUESTION0_5_R 1 1.354e+03 3.691e+02 1.155e+02
s>            ( - 3.928e+02 1 0)
s>            ( - 1.331e+03 3 0 QUESTION0_2_R 1 2.353e+02 9.768e+01)))INFO: dtree.c(1351): Comp split 0
INFO: dtree.c(1524): Final simple tree
|( QUESTION2_0_L -1 3.624e+04 5.883e+02 2.404e+03
|    ( QUESTION2_1_L -1 1.910e+04 3.171e+02 1.220e+03
|        ( - 1.078e+04 1 0)
|        ( QUESTION0 -1 8.636e+03 3.198e+02 5.502e+02
|            ( - 9.835e+02 1 0)
|            ( - 7.972e+03 1 0)))
|    ( QUESTION2_17_L -1 1.773e+04 4.887e+02 1.184e+03
|        ( - 1.177e+04 5 0 QUESTION0 -1 2.859e+02 7.880e+02)
|        ( SILENCE -1 6.449e+03 4.113e+02 3.958e+02
|            ( - 2.031e+03 1 0)
|            ( QUESTION11 -1 4.829e+03 4.216e+02 2.782e+02
|                ( QUESTION12 -1 3.302e+03 3.612e+02 1.552e+02
|                    ( - 2.078e+03 1 0)
|                    ( - 1.585e+03 1 0))
|                ( - 1.949e+03 3 0 QUESTION0 -1 2.266e+02 1.230e+02)))))
s>    ( QUESTION2_0_L -1 3.624e+04 5.883e+02 2.404e+03
s>        ( QUESTION2_1_L -1 1.910e+04 3.171e+02 1.220e+03
s>            ( - 1.078e+04 1 0)
s>            ( QUESTION0 -1 8.636e+03 3.198e+02 5.502e+02
s>                ( - 9.835e+02 1 0)
s>                ( - 7.972e+03 1 0)))
s>        ( QUESTION2_17_L -1 1.773e+04 4.887e+02 1.184e+03
s>            ( - 1.177e+04 5 0 QUESTION0 -1 2.859e+02 7.880e+02)
s>            ( SILENCE -1 6.449e+03 4.113e+02 3.958e+02
s>                ( - 2.031e+03 1 0)
s>                ( QUESTION11 -1 4.829e+03 4.216e+02 2.782e+02
s>                    ( QUESTION12 -1 3.302e+03 3.612e+02 1.552e+02
s>                        ( - 2.078e+03 1 0)
s>                        ( - 1.585e+03 1 0))
s>                    ( - 1.949e+03 3 0 QUESTION0 -1 2.266e+02 1.230e+02)))))INFO: dtree.c(1483): stop. leaf nodes are specific
INFO: dtree.c(1524): Final simple tree
|( QUESTION0_14_R 1 1.465e+03 7.069e+02 1.707e+02
|    ( QUESTION2 -1 8.178e+02 3.088e+02 5.518e+01
|        ( - 8.311e+02 1 0)
|        ( - 2.955e+02 1 0))
|    ( QUESTION0_5_R 1 1.354e+03 3.691e+02 1.155e+02
|        ( - 3.928e+02 1 0)
|        ( QUESTION0_2_R 1 1.331e+03 2.353e+02 9.768e+01
|            ( - 1.430e+03 1 0)
|            ( WDBNDRY_B 0 1.361e+02 2.007e+02 8.000e+00
|                ( - 7.545e+01 1 0)
|                ( - 2.614e+02 1 0)))))
s>    ( QUESTION0_14_R 1 1.465e+03 7.069e+02 1.707e+02
s>        ( QUESTION2 -1 8.178e+02 3.088e+02 5.518e+01
s>            ( - 8.311e+02 1 0)
s>            ( - 2.955e+02 1 0))
s>        ( QUESTION0_5_R 1 1.354e+03 3.691e+02 1.155e+02
s>            ( - 3.928e+02 1 0)
s>            ( QUESTION0_2_R 1 1.331e+03 2.353e+02 9.768e+01
s>                ( - 1.430e+03 1 0)
s>                ( WDBNDRY_B 0 1.361e+02 2.007e+02 8.000e+00
s>                    ( - 7.545e+01 1 0)
s>                    ( - 2.614e+02 1 0)))))INFO: dtree.c(1351): Comp split 1
INFO: dtree.c(1483): stop. leaf nodes are specific
INFO: dtree.c(1524): Final simple tree
|( QUESTION0_8_R 1 1.381e+03 3.737e+02 1.245e+02
|    ( - 1.430e+03 1 0)
|    ( QUESTION0_2_R 1 3.251e+02 2.784e+02 3.480e+01
|        ( - 3.928e+02 1 0)
|        ( QUESTION0_14_R 1 2.108e+02 2.209e+02 1.700e+01
|            ( - 2.955e+02 1 0)
|            ( WDBNDRY_B 0 1.361e+02 2.007e+02 8.000e+00
|                ( - 7.545e+01 1 0)
|                ( - 2.614e+02 1 0)))))
s>    ( QUESTION0_8_R 1 1.381e+03 3.737e+02 1.245e+02
s>        ( - 1.430e+03 1 0)
s>        ( QUESTION0_2_R 1 3.251e+02 2.784e+02 3.480e+01
s>            ( - 3.928e+02 1 0)
s>            ( QUESTION0_14_R 1 2.108e+02 2.209e+02 1.700e+01
s>                ( - 2.955e+02 1 0)
s>                ( WDBNDRY_B 0 1.361e+02 2.007e+02 8.000e+00
s>                    ( - 7.545e+01 1 0)
s>                    ( - 2.614e+02 1 0)))))INFO: dtree.c(1351): Comp split 2
INFO: dtree.c(1483): stop. leaf nodes are specific
INFO: dtree.c(1524): Final simple tree
|( QUESTION2_2_L -1 2.209e+04 3.793e+02 1.375e+03
|    ( QUESTION0 -1 8.636e+03 3.198e+02 5.502e+02
|        ( - 9.835e+02 1 0)
|        ( - 7.972e+03 1 0))
|    ( QUESTION12 -1 1.383e+04 3.189e+02 8.250e+02
|        ( - 2.078e+03 1 0)
|        ( QUESTION0 -1 1.207e+04 2.913e+02 7.269e+02
|            ( - 1.078e+04 1 0)
|            ( - 1.585e+03 1 0))))
s>    ( QUESTION2_2_L -1 2.209e+04 3.793e+02 1.375e+03
s>        ( QUESTION0 -1 8.636e+03 3.198e+02 5.502e+02
s>            ( - 9.835e+02 1 0)
s>            ( - 7.972e+03 1 0))
s>        ( QUESTION12 -1 1.383e+04 3.189e+02 8.250e+02
s>            ( - 2.078e+03 1 0)
s>            ( QUESTION0 -1 1.207e+04 2.913e+02 7.269e+02
s>                ( - 1.078e+04 1 0)
s>                ( - 1.585e+03 1 0))))INFO: dtree.c(1483): stop. leaf nodes are specific
INFO: dtree.c(1524): Final simple tree
|( QUESTION2_9_L -1 1.482e+04 4.881e+02 1.029e+03
|    ( QUESTION0 -1 1.949e+03 2.266e+02 1.230e+02
|        ( - 1.618e+03 2 0)
|        ( - 5.576e+02 1 0))
|    ( QUESTION0 -1 1.336e+04 5.130e+02 9.056e+02
|        ( - 1.171e+04 4 0)
|        ( SILENCE -1 2.165e+03 2.129e+02 1.299e+02
|            ( - 2.031e+03 1 0)
|            ( - 3.468e+02 1 0))))
s>    ( QUESTION2_9_L -1 1.482e+04 4.881e+02 1.029e+03
s>        ( QUESTION0 -1 1.949e+03 2.266e+02 1.230e+02
s>            ( - 1.618e+03 2 0)
s>            ( - 5.576e+02 1 0))
s>        ( QUESTION0 -1 1.336e+04 5.130e+02 9.056e+02
s>            ( - 1.171e+04 4 0)
s>            ( SILENCE -1 2.165e+03 2.129e+02 1.299e+02
s>                ( - 2.031e+03 1 0)
s>                ( - 3.468e+02 1 0))))INFO: dtree.c(1351): Comp split 3
INFO: dtree.c(1483): stop. leaf nodes are specific
INFO: dtree.c(1524): Final simple tree
|( SILENCE -1 2.165e+03 2.129e+02 1.299e+02
|    ( - 2.031e+03 1 0)
|    ( - 3.468e+02 1 0))
s>    ( SILENCE -1 2.165e+03 2.129e+02 1.299e+02
s>        ( - 2.031e+03 1 0)
s>        ( - 3.468e+02 1 0))INFO: dtree.c(1483): stop. leaf nodes are specific
INFO: dtree.c(1524): Final simple tree
|( QUESTION2_9_L -1 1.317e+04 4.847e+02 8.986e+02
|    ( QUESTION0 -1 1.949e+03 2.266e+02 1.230e+02
|        ( - 1.618e+03 2 0)
|        ( - 5.576e+02 1 0))
|    ( - 1.171e+04 4 0))
s>    ( QUESTION2_9_L -1 1.317e+04 4.847e+02 8.986e+02
s>        ( QUESTION0 -1 1.949e+03 2.266e+02 1.230e+02
s>            ( - 1.618e+03 2 0)
s>            ( - 5.576e+02 1 0))
s>        ( - 1.171e+04 4 0))INFO: dtree.c(1351): Comp split 4
INFO: dtree.c(1483): stop. leaf nodes are specific
INFO: dtree.c(1524): Final simple tree
|( QUESTION0 -1 1.949e+03 2.266e+02 1.230e+02
|    ( - 1.618e+03 2 0)
|    ( - 5.576e+02 1 0))
s>    ( QUESTION0 -1 1.949e+03 2.266e+02 1.230e+02
s>        ( - 1.618e+03 2 0)
s>        ( - 5.576e+02 1 0))INFO: dtree.c(1351): Comp split 5
INFO: dtree.c(1483): stop. leaf nodes are specific
INFO: dtree.c(1524): Final simple tree
|( QUESTION12 -1 1.383e+04 3.189e+02 8.250e+02
|    ( - 2.078e+03 1 0)
|    ( QUESTION0 -1 1.207e+04 2.913e+02 7.269e+02
|        ( - 1.078e+04 1 0)
|        ( - 1.585e+03 1 0)))
s>    ( QUESTION12 -1 1.383e+04 3.189e+02 8.250e+02
s>        ( - 2.078e+03 1 0)
s>        ( QUESTION0 -1 1.207e+04 2.913e+02 7.269e+02
s>            ( - 1.078e+04 1 0)
s>            ( - 1.585e+03 1 0)))INFO: dtree.c(1483): stop. leaf nodes are specific
INFO: dtree.c(1524): Final simple tree
|( QUESTION0 -1 8.636e+03 3.198e+02 5.502e+02
|    ( - 9.835e+02 1 0)
|    ( - 7.972e+03 1 0))
s>    ( QUESTION0 -1 8.636e+03 3.198e+02 5.502e+02
s>        ( - 9.835e+02 1 0)
s>        ( - 7.972e+03 1 0))INFO: dtree.c(1351): Comp split 6
INFO: dtree.c(1483): stop. leaf nodes are specific
INFO: dtree.c(1524): Final simple tree
|( QUESTION0_2_R 1 3.251e+02 2.784e+02 3.480e+01
|    ( - 3.928e+02 1 0)
|    ( QUESTION0_14_R 1 2.108e+02 2.209e+02 1.700e+01
|        ( - 2.955e+02 1 0)
|        ( WDBNDRY_B 0 1.361e+02 2.007e+02 8.000e+00
|            ( - 7.545e+01 1 0)
|            ( - 2.614e+02 1 0))))
s>    ( QUESTION0_2_R 1 3.251e+02 2.784e+02 3.480e+01
s>        ( - 3.928e+02 1 0)
s>        ( QUESTION0_14_R 1 2.108e+02 2.209e+02 1.700e+01
s>            ( - 2.955e+02 1 0)
s>            ( WDBNDRY_B 0 1.361e+02 2.007e+02 8.000e+00
s>                ( - 7.545e+01 1 0)
s>                ( - 2.614e+02 1 0))))INFO: dtree.c(1351): Comp split 7
INFO: dtree.c(1351): Comp split 8
INFO: dtree.c(1483): stop. leaf nodes are specific
INFO: dtree.c(1524): Final simple tree
|( QUESTION0 -1 1.207e+04 2.913e+02 7.269e+02
|    ( - 1.078e+04 1 0)
|    ( - 1.585e+03 1 0))
s>    ( QUESTION0 -1 1.207e+04 2.913e+02 7.269e+02
s>        ( - 1.078e+04 1 0)
s>        ( - 1.585e+03 1 0))INFO: dtree.c(1351): Comp split 9
INFO: dtree.c(1351): Comp split 10
INFO: dtree.c(1483): stop. leaf nodes are specific
INFO: dtree.c(1524): Final simple tree
|( QUESTION0_14_R 1 2.108e+02 2.209e+02 1.700e+01
|    ( - 2.955e+02 1 0)
|    ( WDBNDRY_B 0 1.361e+02 2.007e+02 8.000e+00
|        ( - 7.545e+01 1 0)
|        ( - 2.614e+02 1 0)))
s>    ( QUESTION0_14_R 1 2.108e+02 2.209e+02 1.700e+01
s>        ( - 2.955e+02 1 0)
s>        ( WDBNDRY_B 0 1.361e+02 2.007e+02 8.000e+00
s>            ( - 7.545e+01 1 0)
s>            ( - 2.614e+02 1 0)))INFO: dtree.c(1351): Comp split 11
INFO: dtree.c(1351): Comp split 12
INFO: dtree.c(1483): stop. leaf nodes are specific
INFO: dtree.c(1524): Final simple tree
|( WDBNDRY_B 0 1.361e+02 2.007e+02 8.000e+00
|    ( - 7.545e+01 1 0)
|    ( - 2.614e+02 1 0))
s>    ( WDBNDRY_B 0 1.361e+02 2.007e+02 8.000e+00
s>        ( - 7.545e+01 1 0)
s>        ( - 2.614e+02 1 0))INFO: dtree.c(1351): Comp split 13
INFO: dtree.c(1351): Comp split 14
INFO: dtree.c(1351): Comp split 15
INFO: dtree.c(1354): stop. leaf nodes are specific
Tue May 31 10:45:32 2011
