INFO: cmd_ln.c(691): Parsing command line:
/home/xkrajnan/Plocha/GSoC/PocketSphinx/an4/bin/bldtree \
	-treefn /home/xkrajnan/Plocha/GSoC/PocketSphinx/an4/trees/an4.unpruned/AY-1.dtree \
	-moddeffn /home/xkrajnan/Plocha/GSoC/PocketSphinx/an4/model_architecture/an4.untied.mdef \
	-mixwfn /home/xkrajnan/Plocha/GSoC/PocketSphinx/an4/model_parameters/an4.cd_cont_untied/mixture_weights \
	-ts2cbfn .cont. \
	-mwfloor 1e-08 \
	-psetfn /home/xkrajnan/Plocha/GSoC/PocketSphinx/an4/model_architecture/an4.tree_questions \
	-phone AY \
	-state 1 \
	-stwt 1.0,0.05,0.0 \
	-meanfn /home/xkrajnan/Plocha/GSoC/PocketSphinx/an4/model_parameters/an4.cd_cont_untied/means \
	-varfn /home/xkrajnan/Plocha/GSoC/PocketSphinx/an4/model_parameters/an4.cd_cont_untied/variances \
	-fullvar no \
	-ssplitmin 1 \
	-ssplitmax 7 \
	-ssplitthr 0 \
	-csplitmin 1 \
	-csplitmax 2000 \
	-csplitthr 0 

Current configuration:
[NAME]		[DEFLT]	[VALUE]
-allphones	no	no
-cntthresh	0.00001	1.000000e-05
-csplitmax	100	2000
-csplitmin	1	1
-csplitthr	8e-4	0.000000e+00
-example	no	no
-fullvar	no	no
-help		no	no
-meanfn			/home/xkrajnan/Plocha/GSoC/PocketSphinx/an4/model_parameters/an4.cd_cont_untied/means
-mixwfn			/home/xkrajnan/Plocha/GSoC/PocketSphinx/an4/model_parameters/an4.cd_cont_untied/mixture_weights
-moddeffn		/home/xkrajnan/Plocha/GSoC/PocketSphinx/an4/model_architecture/an4.untied.mdef
-mwfloor	1e-4	1.000000e-08
-phone			AY
-psetfn			/home/xkrajnan/Plocha/GSoC/PocketSphinx/an4/model_architecture/an4.tree_questions
-ssplitmax	5	7
-ssplitmin	1	1
-ssplitthr	8e-4	0.000000e+00
-state			1
-stwt			1.0,0.05,0.0,
-treefn			/home/xkrajnan/Plocha/GSoC/PocketSphinx/an4/trees/an4.unpruned/AY-1.dtree
-ts2cbfn	.semi.	.cont.
-varfloor	0.00001	1.000000e-05
-varfn			/home/xkrajnan/Plocha/GSoC/PocketSphinx/an4/model_parameters/an4.cd_cont_untied/variances

INFO: main.c(228): Reading: /home/xkrajnan/Plocha/GSoC/PocketSphinx/an4/model_architecture/an4.untied.mdef
INFO: model_def_io.c(587): Model definition info:
INFO: model_def_io.c(588): 1618 total models defined (34 base, 1584 tri)
INFO: model_def_io.c(589): 6472 total states
INFO: model_def_io.c(590): 4854 total tied states
INFO: model_def_io.c(591): 102 total tied CI states
INFO: model_def_io.c(592): 34 total tied transition matrices
INFO: model_def_io.c(593): 4 max state/model
INFO: model_def_io.c(594): 4 min state/model
INFO: main.c(247): Building trees for [AY AH EH s] through [AY W Z e]
INFO: main.c(275): Covering states |[480 734]| == 255
INFO: main.c(282): Reading: /home/xkrajnan/Plocha/GSoC/PocketSphinx/an4/model_parameters/an4.cd_cont_untied/mixture_weights
INFO: s3mixw_io.c(172): Read /home/xkrajnan/Plocha/GSoC/PocketSphinx/an4/model_parameters/an4.cd_cont_untied/mixture_weights [255x1x1 array]
INFO: main.c(320): 85 of 85 models have observation count greater than 0.000010
INFO: main.c(94): nrm stwt: 0.045 0.909 0.045 
INFO: s3gau_io.c(166): Read /home/xkrajnan/Plocha/GSoC/PocketSphinx/an4/model_parameters/an4.cd_cont_untied/means [4854x1x1 array]
INFO: s3gau_io.c(166): Read /home/xkrajnan/Plocha/GSoC/PocketSphinx/an4/model_parameters/an4.cd_cont_untied/variances [4854x1x1 array]
INFO: main.c(576): Reading: /home/xkrajnan/Plocha/GSoC/PocketSphinx/an4/model_architecture/an4.tree_questions
INFO: main.c(619): 180 total simple questions (172 phone; 8 word bndry)
INFO: main.c(621): 42 Left Only questions, and 42 Right Only questions
INFO: dtree.c(1524): Final simple tree
|( QUESTION8 -1 8.272e+04 3.504e+03 5.374e+03
|    ( WDBNDRY_S 0 1.656e+04 5.265e+02 1.253e+03
|        ( - 2.084e+03 5 0 SILENCE 1 3.226e+02 1.270e+02)
|        ( - 1.500e+04 1 0))
|    ( WDBNDRY_I 0 6.967e+04 2.381e+03 4.121e+03
|        ( - 3.646e+04 1 0)
|        ( WDBNDRY_E 0 3.559e+04 1.451e+03 2.274e+03
|            ( SILENCE 1 1.140e+04 4.692e+02 5.610e+02
|                ( - 3.320e+03 1 0)
|                ( - 8.545e+03 21 0 QUESTION11 1 4.488e+02 4.104e+02))
|            ( QUESTION11 1 2.565e+04 6.794e+02 1.713e+03
|                ( QUESTION2_0_L -1 9.591e+03 4.742e+02 6.136e+02
|                    ( - 3.876e+03 3 0 QUESTION0_0_R 1 3.819e+02 2.114e+02)
|                    ( - 6.189e+03 17 0 QUESTION0_6_R 1 4.473e+02 4.023e+02))
|                ( - 1.673e+04 36 0 QUESTION12 -1 4.675e+02 1.099e+03)))))
s>    ( QUESTION8 -1 8.272e+04 3.504e+03 5.374e+03
s>        ( WDBNDRY_S 0 1.656e+04 5.265e+02 1.253e+03
s>            ( - 2.084e+03 5 0 SILENCE 1 3.226e+02 1.270e+02)
s>            ( - 1.500e+04 1 0))
s>        ( WDBNDRY_I 0 6.967e+04 2.381e+03 4.121e+03
s>            ( - 3.646e+04 1 0)
s>            ( WDBNDRY_E 0 3.559e+04 1.451e+03 2.274e+03
s>                ( SILENCE 1 1.140e+04 4.692e+02 5.610e+02
s>                    ( - 3.320e+03 1 0)
s>                    ( - 8.545e+03 21 0 QUESTION11 1 4.488e+02 4.104e+02))
s>                ( QUESTION11 1 2.565e+04 6.794e+02 1.713e+03
s>                    ( QUESTION2_0_L -1 9.591e+03 4.742e+02 6.136e+02
s>                        ( - 3.876e+03 3 0 QUESTION0_0_R 1 3.819e+02 2.114e+02)
s>                        ( - 6.189e+03 17 0 QUESTION0_6_R 1 4.473e+02 4.023e+02))
s>                    ( - 1.673e+04 36 0 QUESTION12 -1 4.675e+02 1.099e+03)))))INFO: dtree.c(1351): Comp split 0
INFO: dtree.c(1524): Final simple tree
|( WDBNDRY_S 0 4.005e+04 2.262e+03 2.966e+03
|    ( QUESTION3 1 2.731e+04 7.623e+02 1.840e+03
|        ( QUESTION12 -1 1.182e+04 3.895e+02 7.542e+02
|            ( - 1.303e+03 4 0 QUESTION2_0_L -1 3.238e+02 5.299e+01)
|            ( - 1.091e+04 12 0 QUESTION0_10_R 1 3.644e+02 7.012e+02))
|        ( QUESTION0 -1 1.625e+04 3.866e+02 1.086e+03
|            ( QUESTION0_6_R 1 9.400e+03 5.840e+02 6.135e+02
|                ( QUESTION2_9_L -1 1.393e+03 4.858e+02 3.400e+01
|                    ( - 1.122e+03 1 0)
|                    ( - 7.570e+02 2 0 QUESTION2_0_L -1 3.422e+02 1.600e+01))
|                ( QUESTION2_0_L -1 8.591e+03 4.701e+02 5.795e+02
|                    ( - 4.763e+03 6 0 QUESTION12 1 4.127e+02 2.820e+02)
|                    ( - 4.299e+03 15 0 QUESTION1 1 3.247e+02 2.976e+02)))
|            ( - 7.237e+03 21 0 QUESTION3 -1 3.655e+02 4.721e+02)))
|    ( - 1.500e+04 1 0))
s>    ( WDBNDRY_S 0 4.005e+04 2.262e+03 2.966e+03
s>        ( QUESTION3 1 2.731e+04 7.623e+02 1.840e+03
s>            ( QUESTION12 -1 1.182e+04 3.895e+02 7.542e+02
s>                ( - 1.303e+03 4 0 QUESTION2_0_L -1 3.238e+02 5.299e+01)
s>                ( - 1.091e+04 12 0 QUESTION0_10_R 1 3.644e+02 7.012e+02))
s>            ( QUESTION0 -1 1.625e+04 3.866e+02 1.086e+03
s>                ( QUESTION0_6_R 1 9.400e+03 5.840e+02 6.135e+02
s>                    ( QUESTION2_9_L -1 1.393e+03 4.858e+02 3.400e+01
s>                        ( - 1.122e+03 1 0)
s>                        ( - 7.570e+02 2 0 QUESTION2_0_L -1 3.422e+02 1.600e+01))
s>                    ( QUESTION2_0_L -1 8.591e+03 4.701e+02 5.795e+02
s>                        ( - 4.763e+03 6 0 QUESTION12 1 4.127e+02 2.820e+02)
s>                        ( - 4.299e+03 15 0 QUESTION1 1 3.247e+02 2.976e+02)))
s>                ( - 7.237e+03 21 0 QUESTION3 -1 3.655e+02 4.721e+02)))
s>        ( - 1.500e+04 1 0))INFO: dtree.c(1524): Final simple tree
|( WDBNDRY_E 0 4.637e+04 1.485e+03 2.408e+03
|    ( SILENCE 1 1.140e+04 4.692e+02 5.610e+02
|        ( - 3.320e+03 1 0)
|        ( QUESTION11 1 8.545e+03 4.488e+02 4.104e+02
|            ( QUESTION0_0_R 1 4.356e+03 3.335e+02 1.596e+02
|                ( QUESTION0 -1 3.334e+03 3.110e+02 1.266e+02
|                    ( - 5.333e+02 1 0)
|                    ( QUESTION0_7_R 1 3.112e+03 3.058e+02 1.156e+02
|                        ( - 2.591e+03 1 0)
|                        ( - 8.273e+02 2 0 QUESTION0_3_R 1 2.116e+02 2.705e+01)))
|                ( - 1.355e+03 3 0 QUESTION13 1 2.518e+02 3.300e+01))
|            ( QUESTION0_1_R 1 4.638e+03 4.220e+02 2.507e+02
|                ( - 9.024e+02 1 0)
|                ( - 4.158e+03 13 0 QUESTION0 -1 2.792e+02 2.317e+02))))
|    ( - 3.646e+04 1 0))
s>    ( WDBNDRY_E 0 4.637e+04 1.485e+03 2.408e+03
s>        ( SILENCE 1 1.140e+04 4.692e+02 5.610e+02
s>            ( - 3.320e+03 1 0)
s>            ( QUESTION11 1 8.545e+03 4.488e+02 4.104e+02
s>                ( QUESTION0_0_R 1 4.356e+03 3.335e+02 1.596e+02
s>                    ( QUESTION0 -1 3.334e+03 3.110e+02 1.266e+02
s>                        ( - 5.333e+02 1 0)
s>                        ( QUESTION0_7_R 1 3.112e+03 3.058e+02 1.156e+02
s>                            ( - 2.591e+03 1 0)
s>                            ( - 8.273e+02 2 0 QUESTION0_3_R 1 2.116e+02 2.705e+01)))
s>                    ( - 1.355e+03 3 0 QUESTION13 1 2.518e+02 3.300e+01))
s>                ( QUESTION0_1_R 1 4.638e+03 4.220e+02 2.507e+02
s>                    ( - 9.024e+02 1 0)
s>                    ( - 4.158e+03 13 0 QUESTION0 -1 2.792e+02 2.317e+02))))
s>        ( - 3.646e+04 1 0))INFO: dtree.c(1351): Comp split 1
INFO: dtree.c(1483): stop. leaf nodes are specific
INFO: dtree.c(1524): Final simple tree
|( WDBNDRY_S 0 1.532e+04 4.358e+02 1.142e+03
|    ( QUESTION2_0_L -1 7.570e+02 3.422e+02 1.600e+01
|        ( - 3.248e+02 1 0)
|        ( - 7.744e+02 1 0))
|    ( - 1.500e+04 1 0))
s>    ( WDBNDRY_S 0 1.532e+04 4.358e+02 1.142e+03
s>        ( QUESTION2_0_L -1 7.570e+02 3.422e+02 1.600e+01
s>            ( - 3.248e+02 1 0)
s>            ( - 7.744e+02 1 0))
s>        ( - 1.500e+04 1 0))INFO: dtree.c(1524): Final simple tree
|( QUESTION3 1 2.701e+04 7.825e+02 1.824e+03
|    ( QUESTION12 -1 1.182e+04 3.895e+02 7.542e+02
|        ( - 1.303e+03 4 0 QUESTION2_0_L -1 3.238e+02 5.299e+01)
|        ( - 1.091e+04 12 0 QUESTION0_10_R 1 3.644e+02 7.012e+02))
|    ( QUESTION2_1_L -1 1.597e+04 3.940e+02 1.070e+03
|        ( QUESTION12 1 4.763e+03 4.127e+02 2.820e+02
|            ( - 7.243e+02 1 0)
|            ( QUESTION0_1_R 1 4.451e+03 3.780e+02 2.650e+02
|                ( - 5.429e+02 1 0)
|                ( - 4.286e+03 4 0 QUESTION0_0_R 1 3.193e+02 2.486e+02)))
|        ( QUESTION0 -1 1.160e+04 4.145e+02 7.877e+02
|            ( QUESTION0_6_R 1 4.777e+03 6.435e+02 3.156e+02
|                ( - 1.122e+03 1 0)
|                ( - 4.299e+03 15 0 QUESTION1 1 3.247e+02 2.976e+02))
|            ( - 7.237e+03 21 0 QUESTION3 -1 3.655e+02 4.721e+02))))
s>    ( QUESTION3 1 2.701e+04 7.825e+02 1.824e+03
s>        ( QUESTION12 -1 1.182e+04 3.895e+02 7.542e+02
s>            ( - 1.303e+03 4 0 QUESTION2_0_L -1 3.238e+02 5.299e+01)
s>            ( - 1.091e+04 12 0 QUESTION0_10_R 1 3.644e+02 7.012e+02))
s>        ( QUESTION2_1_L -1 1.597e+04 3.940e+02 1.070e+03
s>            ( QUESTION12 1 4.763e+03 4.127e+02 2.820e+02
s>                ( - 7.243e+02 1 0)
s>                ( QUESTION0_1_R 1 4.451e+03 3.780e+02 2.650e+02
s>                    ( - 5.429e+02 1 0)
s>                    ( - 4.286e+03 4 0 QUESTION0_0_R 1 3.193e+02 2.486e+02)))
s>            ( QUESTION0 -1 1.160e+04 4.145e+02 7.877e+02
s>                ( QUESTION0_6_R 1 4.777e+03 6.435e+02 3.156e+02
s>                    ( - 1.122e+03 1 0)
s>                    ( - 4.299e+03 15 0 QUESTION1 1 3.247e+02 2.976e+02))
s>                ( - 7.237e+03 21 0 QUESTION3 -1 3.655e+02 4.721e+02))))INFO: dtree.c(1351): Comp split 2
INFO: dtree.c(1483): stop. leaf nodes are specific
INFO: dtree.c(1524): Final simple tree
|( WDBNDRY_E 0 3.695e+04 4.091e+02 1.866e+03
|    ( - 9.024e+02 1 0)
|    ( - 3.646e+04 1 0))
s>    ( WDBNDRY_E 0 3.695e+04 4.091e+02 1.866e+03
s>        ( - 9.024e+02 1 0)
s>        ( - 3.646e+04 1 0))INFO: dtree.c(1524): Final simple tree
|( QUESTION11 1 1.091e+04 4.715e+02 5.420e+02
|    ( QUESTION0_0_R 1 4.356e+03 3.335e+02 1.596e+02
|        ( QUESTION0 -1 3.334e+03 3.110e+02 1.266e+02
|            ( - 5.333e+02 1 0)
|            ( QUESTION0_7_R 1 3.112e+03 3.058e+02 1.156e+02
|                ( - 2.591e+03 1 0)
|                ( - 8.273e+02 2 0 QUESTION0_3_R 1 2.116e+02 2.705e+01)))
|        ( - 1.355e+03 3 0 QUESTION13 1 2.518e+02 3.300e+01))
|    ( SILENCE 1 7.028e+03 4.502e+02 3.824e+02
|        ( - 3.320e+03 1 0)
|        ( QUESTION0 -1 4.158e+03 2.792e+02 2.317e+02
|            ( - 4.051e+02 1 0)
|            ( QUESTION4 1 4.032e+03 3.012e+02 2.187e+02
|                ( - 1.142e+03 2 0 QUESTION0_0_R 1 2.259e+02 4.711e+01)
|                ( - 3.191e+03 10 0 QUESTION0_15_R 1 2.424e+02 1.716e+02)))))
s>    ( QUESTION11 1 1.091e+04 4.715e+02 5.420e+02
s>        ( QUESTION0_0_R 1 4.356e+03 3.335e+02 1.596e+02
s>            ( QUESTION0 -1 3.334e+03 3.110e+02 1.266e+02
s>                ( - 5.333e+02 1 0)
s>                ( QUESTION0_7_R 1 3.112e+03 3.058e+02 1.156e+02
s>                    ( - 2.591e+03 1 0)
s>                    ( - 8.273e+02 2 0 QUESTION0_3_R 1 2.116e+02 2.705e+01)))
s>            ( - 1.355e+03 3 0 QUESTION13 1 2.518e+02 3.300e+01))
s>        ( SILENCE 1 7.028e+03 4.502e+02 3.824e+02
s>            ( - 3.320e+03 1 0)
s>            ( QUESTION0 -1 4.158e+03 2.792e+02 2.317e+02
s>                ( - 4.051e+02 1 0)
s>                ( QUESTION4 1 4.032e+03 3.012e+02 2.187e+02
s>                    ( - 1.142e+03 2 0 QUESTION0_0_R 1 2.259e+02 4.711e+01)
s>                    ( - 3.191e+03 10 0 QUESTION0_15_R 1 2.424e+02 1.716e+02)))))INFO: dtree.c(1351): Comp split 3
INFO: dtree.c(1524): Final simple tree
|( QUESTION0_10_R 1 1.110e+04 3.670e+02 7.176e+02
|    ( SILENCE -1 9.003e+02 2.640e+02 3.304e+01
|        ( - 4.597e+02 1 0)
|        ( - 7.045e+02 1 0))
|    ( QUESTION0_1_R 1 1.057e+04 3.495e+02 6.845e+02
|        ( - 5.429e+02 1 0)
|        ( QUESTION2_0_L -1 1.038e+04 3.363e+02 6.681e+02
|            ( QUESTION0_0_R 1 9.698e+03 2.649e+02 6.131e+02
|                ( - 9.201e+02 1 0)
|                ( - 9.043e+03 2 0 QUESTION4 1 2.314e+02 5.670e+02))
|            ( QUESTION11 -1 1.014e+03 2.648e+02 5.500e+01
|                ( - 4.102e+02 1 0)
|                ( SILENCE -1 8.682e+02 2.349e+02 4.600e+01
|                    ( - 3.913e+02 2 0 QUESTION0_0_R 1 2.530e+02 1.600e+01)
|                    ( - 7.118e+02 4 0 QUESTION0 -1 1.925e+02 3.000e+01))))))
s>    ( QUESTION0_10_R 1 1.110e+04 3.670e+02 7.176e+02
s>        ( SILENCE -1 9.003e+02 2.640e+02 3.304e+01
s>            ( - 4.597e+02 1 0)
s>            ( - 7.045e+02 1 0))
s>        ( QUESTION0_1_R 1 1.057e+04 3.495e+02 6.845e+02
s>            ( - 5.429e+02 1 0)
s>            ( QUESTION2_0_L -1 1.038e+04 3.363e+02 6.681e+02
s>                ( QUESTION0_0_R 1 9.698e+03 2.649e+02 6.131e+02
s>                    ( - 9.201e+02 1 0)
s>                    ( - 9.043e+03 2 0 QUESTION4 1 2.314e+02 5.670e+02))
s>                ( QUESTION11 -1 1.014e+03 2.648e+02 5.500e+01
s>                    ( - 4.102e+02 1 0)
s>                    ( SILENCE -1 8.682e+02 2.349e+02 4.600e+01
s>                        ( - 3.913e+02 2 0 QUESTION0_0_R 1 2.530e+02 1.600e+01)
s>                        ( - 7.118e+02 4 0 QUESTION0 -1 1.925e+02 3.000e+01))))))INFO: dtree.c(1524): Final simple tree
|( QUESTION2_14_L -1 1.672e+04 4.136e+02 1.106e+03
|    ( QUESTION0_6_R 1 9.669e+03 4.433e+02 6.391e+02
|        ( - 6.653e+02 1 0)
|        ( QUESTION3 1 9.447e+03 4.085e+02 6.281e+02
|            ( - 1.008e+03 3 0 QUESTION6 1 2.037e+02 3.799e+01)
|            ( QUESTION0 -1 8.847e+03 3.466e+02 5.901e+02
|                ( - 3.385e+03 9 0 QUESTION0_3_R 1 3.366e+02 2.256e+02)
|                ( SILENCE 1 5.809e+03 3.757e+02 3.644e+02
|                    ( - 5.901e+02 2 0 QUESTION2 -1 2.628e+02 3.699e+01)
|                    ( - 5.594e+03 10 0 QUESTION0_13_R 1 2.766e+02 3.274e+02)))))
|    ( SILENCE 1 7.465e+03 4.510e+02 4.672e+02
|        ( - 7.009e+02 1 0)
|        ( QUESTION2 -1 7.215e+03 3.559e+02 4.482e+02
|            ( - 6.066e+02 1 0)
|            ( - 6.964e+03 19 0 QUESTION0_6_R 1 3.415e+02 4.352e+02))))
s>    ( QUESTION2_14_L -1 1.672e+04 4.136e+02 1.106e+03
s>        ( QUESTION0_6_R 1 9.669e+03 4.433e+02 6.391e+02
s>            ( - 6.653e+02 1 0)
s>            ( QUESTION3 1 9.447e+03 4.085e+02 6.281e+02
s>                ( - 1.008e+03 3 0 QUESTION6 1 2.037e+02 3.799e+01)
s>                ( QUESTION0 -1 8.847e+03 3.466e+02 5.901e+02
s>                    ( - 3.385e+03 9 0 QUESTION0_3_R 1 3.366e+02 2.256e+02)
s>                    ( SILENCE 1 5.809e+03 3.757e+02 3.644e+02
s>                        ( - 5.901e+02 2 0 QUESTION2 -1 2.628e+02 3.699e+01)
s>                        ( - 5.594e+03 10 0 QUESTION0_13_R 1 2.766e+02 3.274e+02)))))
s>        ( SILENCE 1 7.465e+03 4.510e+02 4.672e+02
s>            ( - 7.009e+02 1 0)
s>            ( QUESTION2 -1 7.215e+03 3.559e+02 4.482e+02
s>                ( - 6.066e+02 1 0)
s>                ( - 6.964e+03 19 0 QUESTION0_6_R 1 3.415e+02 4.352e+02))))INFO: dtree.c(1351): Comp split 4
INFO: dtree.c(1483): stop. leaf nodes are specific
INFO: dtree.c(1524): Final simple tree
|( WDBNDRY_S 0 1.507e+04 2.504e+02 1.130e+03
|    ( - 3.248e+02 1 0)
|    ( - 1.500e+04 1 0))
s>    ( WDBNDRY_S 0 1.507e+04 2.504e+02 1.130e+03
s>        ( - 3.248e+02 1 0)
s>        ( - 1.500e+04 1 0))INFO: dtree.c(1351): Comp split 5
INFO: dtree.c(1483): stop. leaf nodes are specific
INFO: dtree.c(1524): Final simple tree
|( SILENCE 1 3.860e+03 2.877e+02 1.777e+02
|    ( - 3.320e+03 1 0)
|    ( QUESTION0_3_R 1 8.273e+02 2.116e+02 2.705e+01
|        ( - 6.270e+02 1 0)
|        ( - 4.119e+02 1 0)))
s>    ( SILENCE 1 3.860e+03 2.877e+02 1.777e+02
s>        ( - 3.320e+03 1 0)
s>        ( QUESTION0_3_R 1 8.273e+02 2.116e+02 2.705e+01
s>            ( - 6.270e+02 1 0)
s>            ( - 4.119e+02 1 0)))INFO: dtree.c(1524): Final simple tree
|( QUESTION11 1 7.578e+03 4.629e+02 3.643e+02
|    ( QUESTION0_7_R 1 3.883e+03 3.185e+02 1.326e+02
|        ( - 2.591e+03 1 0)
|        ( QUESTION0_0_R 1 1.611e+03 2.776e+02 4.400e+01
|            ( - 5.333e+02 1 0)
|            ( QUESTION13 1 1.355e+03 2.518e+02 3.300e+01
|                ( - 8.296e+02 1 0)
|                ( - 7.772e+02 2 0))))
|    ( QUESTION0 -1 4.158e+03 2.792e+02 2.317e+02
|        ( - 4.051e+02 1 0)
|        ( QUESTION4 1 4.032e+03 3.012e+02 2.187e+02
|            ( - 1.142e+03 2 0 QUESTION0_0_R 1 2.259e+02 4.711e+01)
|            ( QUESTION0_15_R 1 3.191e+03 2.424e+02 1.716e+02
|                ( - 2.460e+02 1 0)
|                ( - 3.187e+03 9 0 QUESTION7 1 2.299e+02 1.706e+02)))))
s>    ( QUESTION11 1 7.578e+03 4.629e+02 3.643e+02
s>        ( QUESTION0_7_R 1 3.883e+03 3.185e+02 1.326e+02
s>            ( - 2.591e+03 1 0)
s>            ( QUESTION0_0_R 1 1.611e+03 2.776e+02 4.400e+01
s>                ( - 5.333e+02 1 0)
s>                ( QUESTION13 1 1.355e+03 2.518e+02 3.300e+01
s>                    ( - 8.296e+02 1 0)
s>                    ( - 7.772e+02 2 0))))
s>        ( QUESTION0 -1 4.158e+03 2.792e+02 2.317e+02
s>            ( - 4.051e+02 1 0)
s>            ( QUESTION4 1 4.032e+03 3.012e+02 2.187e+02
s>                ( - 1.142e+03 2 0 QUESTION0_0_R 1 2.259e+02 4.711e+01)
s>                ( QUESTION0_15_R 1 3.191e+03 2.424e+02 1.716e+02
s>                    ( - 2.460e+02 1 0)
s>                    ( - 3.187e+03 9 0 QUESTION7 1 2.299e+02 1.706e+02)))))INFO: dtree.c(1351): Comp split 6
INFO: dtree.c(1483): stop. leaf nodes are specific
INFO: dtree.c(1524): Final simple tree
|( QUESTION0_7_R 1 4.709e+03 3.583e+02 1.797e+02
|    ( - 2.591e+03 1 0)
|    ( QUESTION12 1 2.477e+03 3.062e+02 9.111e+01
|        ( QUESTION13 1 1.355e+03 2.518e+02 3.300e+01
|            ( - 8.296e+02 1 0)
|            ( - 7.772e+02 2 0))
|        ( QUESTION0_5_R 1 1.428e+03 2.474e+02 5.811e+01
|            ( - 5.333e+02 1 0)
|            ( QUESTION0_0_R 1 1.142e+03 2.259e+02 4.711e+01
|                ( - 4.715e+02 1 0)
|                ( - 8.968e+02 1 0)))))
s>    ( QUESTION0_7_R 1 4.709e+03 3.583e+02 1.797e+02
s>        ( - 2.591e+03 1 0)
s>        ( QUESTION12 1 2.477e+03 3.062e+02 9.111e+01
s>            ( QUESTION13 1 1.355e+03 2.518e+02 3.300e+01
s>                ( - 8.296e+02 1 0)
s>                ( - 7.772e+02 2 0))
s>            ( QUESTION0_5_R 1 1.428e+03 2.474e+02 5.811e+01
s>                ( - 5.333e+02 1 0)
s>                ( QUESTION0_0_R 1 1.142e+03 2.259e+02 4.711e+01
s>                    ( - 4.715e+02 1 0)
s>                    ( - 8.968e+02 1 0)))))INFO: dtree.c(1524): Final simple tree
|( QUESTION7 1 3.333e+03 2.698e+02 1.846e+02
|    ( QUESTION0_11_R 1 1.481e+03 2.375e+02 6.338e+01
|        ( - 1.081e+03 1 0)
|        ( - 6.372e+02 1 0))
|    ( QUESTION0_15_R 1 2.122e+03 2.364e+02 1.212e+02
|        ( - 2.460e+02 1 0)
|        ( QUESTION0_10_R 1 2.112e+03 2.331e+02 1.202e+02
|            ( - 3.601e+02 1 0)
|            ( QUESTION0 -1 1.985e+03 2.422e+02 1.103e+02
|                ( - 4.051e+02 1 0)
|                ( QUESTION3 1 1.822e+03 1.702e+02 9.727e+01
|                    ( QUESTION0_0_R 1 4.743e+02 2.415e+02 2.700e+01
|                        ( - 4.756e+02 1 0)
|                        ( - 2.403e+02 1 0))
|                    ( - 1.518e+03 4 0 QUESTION0_13_R 1 1.590e+02 7.027e+01))))))
s>    ( QUESTION7 1 3.333e+03 2.698e+02 1.846e+02
s>        ( QUESTION0_11_R 1 1.481e+03 2.375e+02 6.338e+01
s>            ( - 1.081e+03 1 0)
s>            ( - 6.372e+02 1 0))
s>        ( QUESTION0_15_R 1 2.122e+03 2.364e+02 1.212e+02
s>            ( - 2.460e+02 1 0)
s>            ( QUESTION0_10_R 1 2.112e+03 2.331e+02 1.202e+02
s>                ( - 3.601e+02 1 0)
s>                ( QUESTION0 -1 1.985e+03 2.422e+02 1.103e+02
s>                    ( - 4.051e+02 1 0)
s>                    ( QUESTION3 1 1.822e+03 1.702e+02 9.727e+01
s>                        ( QUESTION0_0_R 1 4.743e+02 2.415e+02 2.700e+01
s>                            ( - 4.756e+02 1 0)
s>                            ( - 2.403e+02 1 0))
s>                        ( - 1.518e+03 4 0 QUESTION0_13_R 1 1.590e+02 7.027e+01))))))INFO: dtree.c(1351): Comp split 7
INFO: dtree.c(1524): Final simple tree
|( QUESTION2_1_L -1 1.648e+04 4.200e+02 1.087e+03
|    ( QUESTION12 1 4.600e+03 4.101e+02 2.656e+02
|        ( - 7.243e+02 1 0)
|        ( - 4.286e+03 4 0 QUESTION0_0_R 1 3.193e+02 2.486e+02))
|    ( QUESTION0 -1 1.230e+04 3.896e+02 8.216e+02
|        ( QUESTION0_6_R 1 4.777e+03 6.435e+02 3.156e+02
|            ( - 1.122e+03 1 0)
|            ( - 4.299e+03 15 0 QUESTION1 1 3.247e+02 2.976e+02))
|        ( QUESTION3 1 7.913e+03 3.695e+02 5.061e+02
|            ( - 1.303e+03 4 0 QUESTION2_0_L -1 3.238e+02 5.299e+01)
|            ( SILENCE 1 6.980e+03 3.686e+02 4.531e+02
|                ( - 5.901e+02 2 0 QUESTION2 -1 2.628e+02 3.699e+01)
|                ( QUESTION3 -1 6.758e+03 3.578e+02 4.161e+02
|                    ( - 6.066e+02 1 0)
|                    ( - 6.510e+03 17 0 QUESTION14 1 3.507e+02 4.031e+02))))))
s>    ( QUESTION2_1_L -1 1.648e+04 4.200e+02 1.087e+03
s>        ( QUESTION12 1 4.600e+03 4.101e+02 2.656e+02
s>            ( - 7.243e+02 1 0)
s>            ( - 4.286e+03 4 0 QUESTION0_0_R 1 3.193e+02 2.486e+02))
s>        ( QUESTION0 -1 1.230e+04 3.896e+02 8.216e+02
s>            ( QUESTION0_6_R 1 4.777e+03 6.435e+02 3.156e+02
s>                ( - 1.122e+03 1 0)
s>                ( - 4.299e+03 15 0 QUESTION1 1 3.247e+02 2.976e+02))
s>            ( QUESTION3 1 7.913e+03 3.695e+02 5.061e+02
s>                ( - 1.303e+03 4 0 QUESTION2_0_L -1 3.238e+02 5.299e+01)
s>                ( SILENCE 1 6.980e+03 3.686e+02 4.531e+02
s>                    ( - 5.901e+02 2 0 QUESTION2 -1 2.628e+02 3.699e+01)
s>                    ( QUESTION3 -1 6.758e+03 3.578e+02 4.161e+02
s>                        ( - 6.066e+02 1 0)
s>                        ( - 6.510e+03 17 0 QUESTION14 1 3.507e+02 4.031e+02))))))INFO: dtree.c(1351): Comp split 8
INFO: dtree.c(1524): Final simple tree
|( QUESTION2_1_L -1 1.597e+04 4.344e+02 1.069e+03
|    ( QUESTION12 1 4.600e+03 4.101e+02 2.656e+02
|        ( - 7.243e+02 1 0)
|        ( - 4.286e+03 4 0 QUESTION0_0_R 1 3.193e+02 2.486e+02))
|    ( QUESTION0 -1 1.180e+04 4.086e+02 8.036e+02
|        ( - 4.299e+03 15 0 QUESTION1 1 3.247e+02 2.976e+02)
|        ( QUESTION3 1 7.913e+03 3.695e+02 5.061e+02
|            ( - 1.303e+03 4 0 QUESTION2_0_L -1 3.238e+02 5.299e+01)
|            ( SILENCE 1 6.980e+03 3.686e+02 4.531e+02
|                ( - 5.901e+02 2 0 QUESTION2 -1 2.628e+02 3.699e+01)
|                ( QUESTION3 -1 6.758e+03 3.578e+02 4.161e+02
|                    ( - 6.066e+02 1 0)
|                    ( QUESTION14 1 6.510e+03 3.507e+02 4.031e+02
|                        ( - 3.943e+02 1 0)
|                        ( - 6.466e+03 16 0 QUESTION15 -1 3.218e+02 3.931e+02)))))))
s>    ( QUESTION2_1_L -1 1.597e+04 4.344e+02 1.069e+03
s>        ( QUESTION12 1 4.600e+03 4.101e+02 2.656e+02
s>            ( - 7.243e+02 1 0)
s>            ( - 4.286e+03 4 0 QUESTION0_0_R 1 3.193e+02 2.486e+02))
s>        ( QUESTION0 -1 1.180e+04 4.086e+02 8.036e+02
s>            ( - 4.299e+03 15 0 QUESTION1 1 3.247e+02 2.976e+02)
s>            ( QUESTION3 1 7.913e+03 3.695e+02 5.061e+02
s>                ( - 1.303e+03 4 0 QUESTION2_0_L -1 3.238e+02 5.299e+01)
s>                ( SILENCE 1 6.980e+03 3.686e+02 4.531e+02
s>                    ( - 5.901e+02 2 0 QUESTION2 -1 2.628e+02 3.699e+01)
s>                    ( QUESTION3 -1 6.758e+03 3.578e+02 4.161e+02
s>                        ( - 6.066e+02 1 0)
s>                        ( QUESTION14 1 6.510e+03 3.507e+02 4.031e+02
s>                            ( - 3.943e+02 1 0)
s>                            ( - 6.466e+03 16 0 QUESTION15 -1 3.218e+02 3.931e+02)))))))INFO: dtree.c(1351): Comp split 9
INFO: dtree.c(1524): Final simple tree
|( QUESTION11 1 1.095e+04 4.397e+02 6.717e+02
|    ( QUESTION2_18_L -1 7.744e+03 4.172e+02 4.354e+02
|        ( - 2.018e+03 3 0 QUESTION0_4_R 1 2.662e+02 1.054e+02)
|        ( QUESTION0_6_R 1 6.143e+03 3.903e+02 3.300e+02
|            ( - 6.653e+02 1 0)
|            ( QUESTION3 -1 5.868e+03 3.513e+02 3.190e+02
|                ( - 6.066e+02 1 0)
|                ( QUESTION14 1 5.613e+03 3.677e+02 3.060e+02
|                    ( - 7.243e+02 1 0)
|                    ( QUESTION12 -1 5.256e+03 3.544e+02 2.890e+02
|                        ( - 3.818e+02 1 0)
|                        ( - 5.229e+03 5 0 QUESTION11 -1 3.167e+02 2.777e+02))))))
|    ( QUESTION2 -1 3.644e+03 3.202e+02 2.363e+02
|        ( - 7.876e+02 2 0 QUESTION0_0_R 1 1.913e+02 3.873e+01)
|        ( - 3.177e+03 8 0 QUESTION2_18_L -1 2.585e+02 1.976e+02)))
s>    ( QUESTION11 1 1.095e+04 4.397e+02 6.717e+02
s>        ( QUESTION2_18_L -1 7.744e+03 4.172e+02 4.354e+02
s>            ( - 2.018e+03 3 0 QUESTION0_4_R 1 2.662e+02 1.054e+02)
s>            ( QUESTION0_6_R 1 6.143e+03 3.903e+02 3.300e+02
s>                ( - 6.653e+02 1 0)
s>                ( QUESTION3 -1 5.868e+03 3.513e+02 3.190e+02
s>                    ( - 6.066e+02 1 0)
s>                    ( QUESTION14 1 5.613e+03 3.677e+02 3.060e+02
s>                        ( - 7.243e+02 1 0)
s>                        ( QUESTION12 -1 5.256e+03 3.544e+02 2.890e+02
s>                            ( - 3.818e+02 1 0)
s>                            ( - 5.229e+03 5 0 QUESTION11 -1 3.167e+02 2.777e+02))))))
s>        ( QUESTION2 -1 3.644e+03 3.202e+02 2.363e+02
s>            ( - 7.876e+02 2 0 QUESTION0_0_R 1 1.913e+02 3.873e+01)
s>            ( - 3.177e+03 8 0 QUESTION2_18_L -1 2.585e+02 1.976e+02)))INFO: dtree.c(1524): Final simple tree
|( QUESTION0 -1 5.521e+03 4.044e+02 3.975e+02
|    ( QUESTION1 1 4.299e+03 3.247e+02 2.976e+02
|        ( QUESTION0_3_R 1 3.524e+03 3.033e+02 2.325e+02
|            ( - 4.780e+02 2 0 QUESTION2_9_L -1 2.436e+02 1.800e+01)
|            ( QUESTION14 1 3.349e+03 2.942e+02 2.145e+02
|                ( - 6.036e+02 1 0)
|                ( - 3.040e+03 6 0 QUESTION2_9_L -1 1.961e+02 2.015e+02)))
|        ( - 1.100e+03 6 0 QUESTION0_0_R 1 2.891e+02 6.501e+01))
|    ( QUESTION2 1 1.627e+03 3.437e+02 9.998e+01
|        ( QUESTION2_0_L -1 1.303e+03 3.238e+02 5.299e+01
|            ( - 6.181e+02 1 0)
|            ( - 1.008e+03 3 0 QUESTION6 1 2.037e+02 3.799e+01))
|        ( SILENCE 1 6.678e+02 3.166e+02 4.699e+01
|            ( - 5.901e+02 2 0 QUESTION2 -1 2.628e+02 3.699e+01)
|            ( - 3.943e+02 1 0))))
s>    ( QUESTION0 -1 5.521e+03 4.044e+02 3.975e+02
s>        ( QUESTION1 1 4.299e+03 3.247e+02 2.976e+02
s>            ( QUESTION0_3_R 1 3.524e+03 3.033e+02 2.325e+02
s>                ( - 4.780e+02 2 0 QUESTION2_9_L -1 2.436e+02 1.800e+01)
s>                ( QUESTION14 1 3.349e+03 2.942e+02 2.145e+02
s>                    ( - 6.036e+02 1 0)
s>                    ( - 3.040e+03 6 0 QUESTION2_9_L -1 1.961e+02 2.015e+02)))
s>            ( - 1.100e+03 6 0 QUESTION0_0_R 1 2.891e+02 6.501e+01))
s>        ( QUESTION2 1 1.627e+03 3.437e+02 9.998e+01
s>            ( QUESTION2_0_L -1 1.303e+03 3.238e+02 5.299e+01
s>                ( - 6.181e+02 1 0)
s>                ( - 1.008e+03 3 0 QUESTION6 1 2.037e+02 3.799e+01))
s>            ( SILENCE 1 6.678e+02 3.166e+02 4.699e+01
s>                ( - 5.901e+02 2 0 QUESTION2 -1 2.628e+02 3.699e+01)
s>                ( - 3.943e+02 1 0))))INFO: dtree.c(1351): Comp split 10
INFO: dtree.c(1524): Final simple tree
|( QUESTION0_1_R 1 4.476e+03 3.233e+02 2.946e+02
|    ( QUESTION2_9_L -1 4.304e+02 2.169e+02 1.700e+01
|        ( - 2.816e+02 1 0)
|        ( - 3.657e+02 1 0))
|    ( QUESTION11 1 4.369e+03 3.097e+02 2.776e+02
|        ( QUESTION14 1 3.349e+03 2.942e+02 2.145e+02
|            ( - 6.036e+02 1 0)
|            ( - 3.040e+03 6 0 QUESTION2_9_L -1 1.961e+02 2.015e+02))
|        ( QUESTION2_9_L -1 1.329e+03 3.020e+02 6.301e+01
|            ( - 4.878e+02 1 0)
|            ( SILENCE 1 1.143e+03 3.067e+02 5.201e+01
|                ( - 4.622e+02 1 0)
|                ( QUESTION0 -1 9.877e+02 2.354e+02 4.201e+01
|                    ( - 6.050e+02 2 0 QUESTION0_13_R 1 1.473e+02 2.701e+01)
|                    ( - 6.181e+02 1 0))))))
s>    ( QUESTION0_1_R 1 4.476e+03 3.233e+02 2.946e+02
s>        ( QUESTION2_9_L -1 4.304e+02 2.169e+02 1.700e+01
s>            ( - 2.816e+02 1 0)
s>            ( - 3.657e+02 1 0))
s>        ( QUESTION11 1 4.369e+03 3.097e+02 2.776e+02
s>            ( QUESTION14 1 3.349e+03 2.942e+02 2.145e+02
s>                ( - 6.036e+02 1 0)
s>                ( - 3.040e+03 6 0 QUESTION2_9_L -1 1.961e+02 2.015e+02))
s>            ( QUESTION2_9_L -1 1.329e+03 3.020e+02 6.301e+01
s>                ( - 4.878e+02 1 0)
s>                ( SILENCE 1 1.143e+03 3.067e+02 5.201e+01
s>                    ( - 4.622e+02 1 0)
s>                    ( QUESTION0 -1 9.877e+02 2.354e+02 4.201e+01
s>                        ( - 6.050e+02 2 0 QUESTION0_13_R 1 1.473e+02 2.701e+01)
s>                        ( - 6.181e+02 1 0))))))INFO: dtree.c(1524): Final simple tree
|( SILENCE 1 1.576e+03 3.322e+02 1.030e+02
|    ( QUESTION2 -1 5.901e+02 2.628e+02 3.699e+01
|        ( - 4.065e+02 1 0)
|        ( - 4.464e+02 1 0))
|    ( QUESTION2 1 1.318e+03 3.166e+02 6.599e+01
|        ( QUESTION6 1 1.008e+03 2.037e+02 3.799e+01
|            ( - 2.152e+02 1 0)
|            ( QUESTION0_0_R 1 9.969e+02 1.810e+02 3.299e+01
|                ( - 3.309e+02 1 0)
|                ( - 8.470e+02 1 0)))
|        ( QUESTION0_0_R 1 6.263e+02 2.460e+02 2.800e+01
|            ( QUESTION2_9_L -1 4.780e+02 2.436e+02 1.800e+01
|                ( - 2.829e+02 1 0)
|                ( - 4.388e+02 1 0))
|            ( - 3.943e+02 1 0))))
s>    ( SILENCE 1 1.576e+03 3.322e+02 1.030e+02
s>        ( QUESTION2 -1 5.901e+02 2.628e+02 3.699e+01
s>            ( - 4.065e+02 1 0)
s>            ( - 4.464e+02 1 0))
s>        ( QUESTION2 1 1.318e+03 3.166e+02 6.599e+01
s>            ( QUESTION6 1 1.008e+03 2.037e+02 3.799e+01
s>                ( - 2.152e+02 1 0)
s>                ( QUESTION0_0_R 1 9.969e+02 1.810e+02 3.299e+01
s>                    ( - 3.309e+02 1 0)
s>                    ( - 8.470e+02 1 0)))
s>            ( QUESTION0_0_R 1 6.263e+02 2.460e+02 2.800e+01
s>                ( QUESTION2_9_L -1 4.780e+02 2.436e+02 1.800e+01
s>                    ( - 2.829e+02 1 0)
s>                    ( - 4.388e+02 1 0))
s>                ( - 3.943e+02 1 0))))INFO: dtree.c(1351): Comp split 11
INFO: dtree.c(1524): Final simple tree
|( QUESTION0_6_R 1 6.143e+03 3.903e+02 3.300e+02
|    ( - 6.653e+02 1 0)
|    ( QUESTION3 -1 5.868e+03 3.513e+02 3.190e+02
|        ( - 6.066e+02 1 0)
|        ( QUESTION14 1 5.613e+03 3.677e+02 3.060e+02
|            ( - 7.243e+02 1 0)
|            ( QUESTION12 -1 5.256e+03 3.544e+02 2.890e+02
|                ( - 3.818e+02 1 0)
|                ( QUESTION11 -1 5.229e+03 3.167e+02 2.777e+02
|                    ( - 8.592e+02 2 0 QUESTION0_3_R 1 2.299e+02 3.035e+01)
|                    ( QUESTION0 -1 4.686e+03 2.935e+02 2.474e+02
|                        ( - 3.534e+03 1 0)
|                        ( QUESTION0_0_R 1 1.446e+03 2.689e+02 6.429e+01
|                            ( - 9.668e+02 1 0)
|                            ( - 7.484e+02 1 0))))))))
s>    ( QUESTION0_6_R 1 6.143e+03 3.903e+02 3.300e+02
s>        ( - 6.653e+02 1 0)
s>        ( QUESTION3 -1 5.868e+03 3.513e+02 3.190e+02
s>            ( - 6.066e+02 1 0)
s>            ( QUESTION14 1 5.613e+03 3.677e+02 3.060e+02
s>                ( - 7.243e+02 1 0)
s>                ( QUESTION12 -1 5.256e+03 3.544e+02 2.890e+02
s>                    ( - 3.818e+02 1 0)
s>                    ( QUESTION11 -1 5.229e+03 3.167e+02 2.777e+02
s>                        ( - 8.592e+02 2 0 QUESTION0_3_R 1 2.299e+02 3.035e+01)
s>                        ( QUESTION0 -1 4.686e+03 2.935e+02 2.474e+02
s>                            ( - 3.534e+03 1 0)
s>                            ( QUESTION0_0_R 1 1.446e+03 2.689e+02 6.429e+01
s>                                ( - 9.668e+02 1 0)
s>                                ( - 7.484e+02 1 0))))))))INFO: dtree.c(1524): Final simple tree
|( QUESTION0_7_R 1 5.319e+03 3.556e+02 3.417e+02
|    ( - 1.539e+03 1 0)
|    ( QUESTION2 -1 4.135e+03 3.104e+02 2.593e+02
|        ( - 7.876e+02 2 0 QUESTION0_0_R 1 1.913e+02 3.873e+01)
|        ( QUESTION0_1_R 1 3.658e+03 2.646e+02 2.206e+02
|            ( QUESTION2_17_L -1 1.497e+03 2.548e+02 7.206e+01
|                ( - 4.630e+02 1 0)
|                ( - 1.288e+03 1 0))
|            ( QUESTION11 1 2.426e+03 2.532e+02 1.485e+02
|                ( - 7.447e+02 2 0 QUESTION0_0_R 1 2.331e+02 2.300e+01)
|                ( QUESTION2_0_L -1 1.934e+03 2.411e+02 1.255e+02
|                    ( - 1.202e+03 4 0 QUESTION0_14_R 1 2.144e+02 7.651e+01)
|                    ( SILENCE -1 9.736e+02 2.350e+02 4.899e+01
|                        ( - 2.140e+02 1 0)
|                        ( - 9.946e+02 1 0)))))))
s>    ( QUESTION0_7_R 1 5.319e+03 3.556e+02 3.417e+02
s>        ( - 1.539e+03 1 0)
s>        ( QUESTION2 -1 4.135e+03 3.104e+02 2.593e+02
s>            ( - 7.876e+02 2 0 QUESTION0_0_R 1 1.913e+02 3.873e+01)
s>            ( QUESTION0_1_R 1 3.658e+03 2.646e+02 2.206e+02
s>                ( QUESTION2_17_L -1 1.497e+03 2.548e+02 7.206e+01
s>                    ( - 4.630e+02 1 0)
s>                    ( - 1.288e+03 1 0))
s>                ( QUESTION11 1 2.426e+03 2.532e+02 1.485e+02
s>                    ( - 7.447e+02 2 0 QUESTION0_0_R 1 2.331e+02 2.300e+01)
s>                    ( QUESTION2_0_L -1 1.934e+03 2.411e+02 1.255e+02
s>                        ( - 1.202e+03 4 0 QUESTION0_14_R 1 2.144e+02 7.651e+01)
s>                        ( SILENCE -1 9.736e+02 2.350e+02 4.899e+01
s>                            ( - 2.140e+02 1 0)
s>                            ( - 9.946e+02 1 0)))))))INFO: dtree.c(1351): Comp split 12
INFO: dtree.c(1483): stop. leaf nodes are specific
INFO: dtree.c(1524): Final simple tree
|( QUESTION12 -1 1.374e+03 3.275e+02 5.867e+01
|    ( - 3.818e+02 1 0)
|    ( QUESTION0_4_R 1 1.320e+03 2.729e+02 4.735e+01
|        ( - 8.652e+02 1 0)
|        ( QUESTION0_0_R 1 7.272e+02 2.209e+02 2.000e+01
|            ( - 2.239e+02 1 0)
|            ( - 7.243e+02 1 0))))
s>    ( QUESTION12 -1 1.374e+03 3.275e+02 5.867e+01
s>        ( - 3.818e+02 1 0)
s>        ( QUESTION0_4_R 1 1.320e+03 2.729e+02 4.735e+01
s>            ( - 8.652e+02 1 0)
s>            ( QUESTION0_0_R 1 7.272e+02 2.209e+02 2.000e+01
s>                ( - 2.239e+02 1 0)
s>                ( - 7.243e+02 1 0))))INFO: dtree.c(1483): stop. leaf nodes are specific
INFO: dtree.c(1524): Final simple tree
|( QUESTION0_6_R 1 5.209e+03 3.974e+02 2.714e+02
|    ( - 6.653e+02 1 0)
|    ( QUESTION3 -1 4.941e+03 3.524e+02 2.604e+02
|        ( - 6.066e+02 1 0)
|        ( QUESTION0 -1 4.686e+03 2.935e+02 2.474e+02
|            ( - 3.534e+03 1 0)
|            ( QUESTION0_0_R 1 1.446e+03 2.689e+02 6.429e+01
|                ( - 9.668e+02 1 0)
|                ( - 7.484e+02 1 0)))))
s>    ( QUESTION0_6_R 1 5.209e+03 3.974e+02 2.714e+02
s>        ( - 6.653e+02 1 0)
s>        ( QUESTION3 -1 4.941e+03 3.524e+02 2.604e+02
s>            ( - 6.066e+02 1 0)
s>            ( QUESTION0 -1 4.686e+03 2.935e+02 2.474e+02
s>                ( - 3.534e+03 1 0)
s>                ( QUESTION0_0_R 1 1.446e+03 2.689e+02 6.429e+01
s>                    ( - 9.668e+02 1 0)
s>                    ( - 7.484e+02 1 0)))))INFO: dtree.c(1351): Comp split 13
INFO: dtree.c(1483): stop. leaf nodes are specific
INFO: dtree.c(1524): Final simple tree
|( QUESTION0_10_R 1 1.005e+04 3.544e+02 6.372e+02
|    ( - 7.045e+02 1 0)
|    ( QUESTION0_0_R 1 9.698e+03 2.649e+02 6.131e+02
|        ( - 9.201e+02 1 0)
|        ( QUESTION4 1 9.043e+03 2.314e+02 5.670e+02
|            ( - 8.951e+03 1 0)
|            ( - 3.228e+02 1 0))))
s>    ( QUESTION0_10_R 1 1.005e+04 3.544e+02 6.372e+02
s>        ( - 7.045e+02 1 0)
s>        ( QUESTION0_0_R 1 9.698e+03 2.649e+02 6.131e+02
s>            ( - 9.201e+02 1 0)
s>            ( QUESTION4 1 9.043e+03 2.314e+02 5.670e+02
s>                ( - 8.951e+03 1 0)
s>                ( - 3.228e+02 1 0))))INFO: dtree.c(1524): Final simple tree
|( QUESTION0_1_R 1 1.479e+03 2.875e+02 8.040e+01
|    ( - 5.429e+02 1 0)
|    ( QUESTION11 -1 1.224e+03 2.599e+02 6.400e+01
|        ( - 4.102e+02 1 0)
|        ( QUESTION0_10_R 1 1.073e+03 2.545e+02 5.500e+01
|            ( - 4.597e+02 1 0)
|            ( SILENCE -1 8.682e+02 2.349e+02 4.600e+01
|                ( QUESTION0_0_R 1 3.913e+02 2.530e+02 1.600e+01
|                    ( - 4.457e+02 1 0)
|                    ( - 1.987e+02 1 0))
|                ( QUESTION0 -1 7.118e+02 1.925e+02 3.000e+01
|                    ( QUESTION0_0_R 1 6.994e+02 1.862e+02 2.700e+01
|                        ( - 5.382e+02 2 0)
|                        ( - 3.473e+02 1 0))
|                    ( - 2.049e+02 1 0))))))
s>    ( QUESTION0_1_R 1 1.479e+03 2.875e+02 8.040e+01
s>        ( - 5.429e+02 1 0)
s>        ( QUESTION11 -1 1.224e+03 2.599e+02 6.400e+01
s>            ( - 4.102e+02 1 0)
s>            ( QUESTION0_10_R 1 1.073e+03 2.545e+02 5.500e+01
s>                ( - 4.597e+02 1 0)
s>                ( SILENCE -1 8.682e+02 2.349e+02 4.600e+01
s>                    ( QUESTION0_0_R 1 3.913e+02 2.530e+02 1.600e+01
s>                        ( - 4.457e+02 1 0)
s>                        ( - 1.987e+02 1 0))
s>                    ( QUESTION0 -1 7.118e+02 1.925e+02 3.000e+01
s>                        ( QUESTION0_0_R 1 6.994e+02 1.862e+02 2.700e+01
s>                            ( - 5.382e+02 2 0)
s>                            ( - 3.473e+02 1 0))
s>                        ( - 2.049e+02 1 0))))))INFO: dtree.c(1351): Comp split 14
INFO: dtree.c(1483): stop. leaf nodes are specific
INFO: dtree.c(1524): Final simple tree
|( QUESTION2_18_L -1 3.205e+03 2.602e+02 1.956e+02
|    ( QUESTION0_0_R 1 1.998e+03 2.853e+02 9.805e+01
|        ( - 1.288e+03 1 0)
|        ( - 9.946e+02 1 0))
|    ( QUESTION0_0_R 1 1.467e+03 2.273e+02 9.751e+01
|        ( QUESTION0_1_R 1 6.226e+02 1.822e+02 3.200e+01
|            ( - 4.630e+02 1 0)
|            ( - 3.417e+02 1 0))
|        ( QUESTION0_13_R 1 1.072e+03 2.155e+02 6.551e+01
|            ( - 1.066e+03 2 0)
|            ( - 2.215e+02 1 0))))
s>    ( QUESTION2_18_L -1 3.205e+03 2.602e+02 1.956e+02
s>        ( QUESTION0_0_R 1 1.998e+03 2.853e+02 9.805e+01
s>            ( - 1.288e+03 1 0)
s>            ( - 9.946e+02 1 0))
s>        ( QUESTION0_0_R 1 1.467e+03 2.273e+02 9.751e+01
s>            ( QUESTION0_1_R 1 6.226e+02 1.822e+02 3.200e+01
s>                ( - 4.630e+02 1 0)
s>                ( - 3.417e+02 1 0))
s>            ( QUESTION0_13_R 1 1.072e+03 2.155e+02 6.551e+01
s>                ( - 1.066e+03 2 0)
s>                ( - 2.215e+02 1 0))))INFO: dtree.c(1483): stop. leaf nodes are specific
INFO: dtree.c(1524): Final simple tree
|( QUESTION0_4_R 1 2.527e+03 3.137e+02 1.461e+02
|    ( - 1.539e+03 1 0)
|    ( QUESTION0_1_R 1 1.301e+03 2.444e+02 6.373e+01
|        ( - 6.604e+02 1 0)
|        ( SILENCE -1 8.854e+02 2.364e+02 3.200e+01
|            ( - 2.140e+02 1 0)
|            ( QUESTION0_0_R 1 9.078e+02 2.204e+02 3.000e+01
|                ( - 4.236e+02 1 0)
|                ( QUESTION0 1 7.046e+02 1.680e+02 2.000e+01
|                    ( - 3.184e+02 1 0)
|                    ( - 5.542e+02 1 0))))))
s>    ( QUESTION0_4_R 1 2.527e+03 3.137e+02 1.461e+02
s>        ( - 1.539e+03 1 0)
s>        ( QUESTION0_1_R 1 1.301e+03 2.444e+02 6.373e+01
s>            ( - 6.604e+02 1 0)
s>            ( SILENCE -1 8.854e+02 2.364e+02 3.200e+01
s>                ( - 2.140e+02 1 0)
s>                ( QUESTION0_0_R 1 9.078e+02 2.204e+02 3.000e+01
s>                    ( - 4.236e+02 1 0)
s>                    ( QUESTION0 1 7.046e+02 1.680e+02 2.000e+01
s>                        ( - 3.184e+02 1 0)
s>                        ( - 5.542e+02 1 0))))))INFO: dtree.c(1351): Comp split 15
INFO: dtree.c(1351): Comp split 16
INFO: dtree.c(1483): stop. leaf nodes are specific
INFO: dtree.c(1524): Final simple tree
|( QUESTION3 -1 4.941e+03 3.524e+02 2.604e+02
|    ( - 6.066e+02 1 0)
|    ( QUESTION0 -1 4.686e+03 2.935e+02 2.474e+02
|        ( - 3.534e+03 1 0)
|        ( QUESTION0_0_R 1 1.446e+03 2.689e+02 6.429e+01
|            ( - 9.668e+02 1 0)
|            ( - 7.484e+02 1 0))))
s>    ( QUESTION3 -1 4.941e+03 3.524e+02 2.604e+02
s>        ( - 6.066e+02 1 0)
s>        ( QUESTION0 -1 4.686e+03 2.935e+02 2.474e+02
s>            ( - 3.534e+03 1 0)
s>            ( QUESTION0_0_R 1 1.446e+03 2.689e+02 6.429e+01
s>                ( - 9.668e+02 1 0)
s>                ( - 7.484e+02 1 0))))INFO: dtree.c(1351): Comp split 17
INFO: dtree.c(1483): stop. leaf nodes are specific
INFO: dtree.c(1524): Final simple tree
|( QUESTION0_10_R 1 3.135e+03 2.128e+02 1.556e+02
|    ( QUESTION0_11_R 1 1.481e+03 2.375e+02 6.338e+01
|        ( - 1.081e+03 1 0)
|        ( - 6.372e+02 1 0))
|    ( QUESTION0_14_R 1 1.867e+03 1.608e+02 9.227e+01
|        ( - 3.122e+02 1 0)
|        ( QUESTION0_0_R 1 1.715e+03 1.248e+02 8.225e+01
|            ( - 4.756e+02 1 0)
|            ( - 1.365e+03 3 0))))
s>    ( QUESTION0_10_R 1 3.135e+03 2.128e+02 1.556e+02
s>        ( QUESTION0_11_R 1 1.481e+03 2.375e+02 6.338e+01
s>            ( - 1.081e+03 1 0)
s>            ( - 6.372e+02 1 0))
s>        ( QUESTION0_14_R 1 1.867e+03 1.608e+02 9.227e+01
s>            ( - 3.122e+02 1 0)
s>            ( QUESTION0_0_R 1 1.715e+03 1.248e+02 8.225e+01
s>                ( - 4.756e+02 1 0)
s>                ( - 1.365e+03 3 0))))INFO: dtree.c(1483): stop. leaf nodes are specific
INFO: dtree.c(1524): Final simple tree
|( QUESTION5 1 5.804e+02 2.417e+02 2.896e+01
|    ( - 2.403e+02 1 0)
|    ( QUESTION0_14_R 1 5.818e+02 2.375e+02 2.396e+01
|        ( - 2.460e+02 1 0)
|        ( QUESTION0_0_R 1 5.733e+02 1.919e+02 2.296e+01
|            ( - 3.601e+02 1 0)
|            ( - 4.051e+02 1 0))))
s>    ( QUESTION5 1 5.804e+02 2.417e+02 2.896e+01
s>        ( - 2.403e+02 1 0)
s>        ( QUESTION0_14_R 1 5.818e+02 2.375e+02 2.396e+01
s>            ( - 2.460e+02 1 0)
s>            ( QUESTION0_0_R 1 5.733e+02 1.919e+02 2.296e+01
s>                ( - 3.601e+02 1 0)
s>                ( - 4.051e+02 1 0))))INFO: dtree.c(1351): Comp split 18
INFO: dtree.c(1483): stop. leaf nodes are specific
INFO: dtree.c(1524): Final simple tree
|( SILENCE 1 7.211e+02 2.289e+02 2.100e+01
|    ( - 4.622e+02 1 0)
|    ( - 4.878e+02 1 0))
s>    ( SILENCE 1 7.211e+02 2.289e+02 2.100e+01
s>        ( - 4.622e+02 1 0)
s>        ( - 4.878e+02 1 0))INFO: dtree.c(1524): Final simple tree
|( QUESTION0_1_R 1 4.119e+03 3.255e+02 2.736e+02
|    ( QUESTION2_9_L -1 4.304e+02 2.169e+02 1.700e+01
|        ( - 2.816e+02 1 0)
|        ( - 3.657e+02 1 0))
|    ( QUESTION11 1 4.014e+03 3.232e+02 2.566e+02
|        ( QUESTION14 1 3.349e+03 2.942e+02 2.145e+02
|            ( - 6.036e+02 1 0)
|            ( QUESTION2_9_L -1 3.040e+03 1.961e+02 2.015e+02
|                ( - 5.150e+02 2 0)
|                ( QUESTION0_0_R 1 2.721e+03 1.832e+02 1.656e+02
|                    ( - 2.455e+03 3 0)
|                    ( - 4.491e+02 1 0))))
|        ( QUESTION0 -1 9.877e+02 2.354e+02 4.201e+01
|            ( - 6.050e+02 2 0 QUESTION0_13_R 1 1.473e+02 2.701e+01)
|            ( - 6.181e+02 1 0))))
s>    ( QUESTION0_1_R 1 4.119e+03 3.255e+02 2.736e+02
s>        ( QUESTION2_9_L -1 4.304e+02 2.169e+02 1.700e+01
s>            ( - 2.816e+02 1 0)
s>            ( - 3.657e+02 1 0))
s>        ( QUESTION11 1 4.014e+03 3.232e+02 2.566e+02
s>            ( QUESTION14 1 3.349e+03 2.942e+02 2.145e+02
s>                ( - 6.036e+02 1 0)
s>                ( QUESTION2_9_L -1 3.040e+03 1.961e+02 2.015e+02
s>                    ( - 5.150e+02 2 0)
s>                    ( QUESTION0_0_R 1 2.721e+03 1.832e+02 1.656e+02
s>                        ( - 2.455e+03 3 0)
s>                        ( - 4.491e+02 1 0))))
s>            ( QUESTION0 -1 9.877e+02 2.354e+02 4.201e+01
s>                ( - 6.050e+02 2 0 QUESTION0_13_R 1 1.473e+02 2.701e+01)
s>                ( - 6.181e+02 1 0))))INFO: dtree.c(1351): Comp split 19
INFO: dtree.c(1483): stop. leaf nodes are specific
INFO: dtree.c(1524): Final simple tree
|( QUESTION0_5_R 1 1.428e+03 2.474e+02 5.811e+01
|    ( - 5.333e+02 1 0)
|    ( QUESTION0_0_R 1 1.142e+03 2.259e+02 4.711e+01
|        ( - 4.715e+02 1 0)
|        ( - 8.968e+02 1 0)))
s>    ( QUESTION0_5_R 1 1.428e+03 2.474e+02 5.811e+01
s>        ( - 5.333e+02 1 0)
s>        ( QUESTION0_0_R 1 1.142e+03 2.259e+02 4.711e+01
s>            ( - 4.715e+02 1 0)
s>            ( - 8.968e+02 1 0)))INFO: dtree.c(1483): stop. leaf nodes are specific
INFO: dtree.c(1524): Final simple tree
|( QUESTION0_0_R 1 3.643e+03 3.026e+02 1.216e+02
|    ( - 2.591e+03 1 0)
|    ( QUESTION13 1 1.355e+03 2.518e+02 3.300e+01
|        ( - 8.296e+02 1 0)
|        ( - 7.772e+02 2 0)))
s>    ( QUESTION0_0_R 1 3.643e+03 3.026e+02 1.216e+02
s>        ( - 2.591e+03 1 0)
s>        ( QUESTION13 1 1.355e+03 2.518e+02 3.300e+01
s>            ( - 8.296e+02 1 0)
s>            ( - 7.772e+02 2 0)))INFO: dtree.c(1351): Comp split 20
INFO: dtree.c(1483): stop. leaf nodes are specific
INFO: dtree.c(1524): Final simple tree
|( QUESTION0_0_R 1 9.698e+03 2.649e+02 6.131e+02
|    ( - 9.201e+02 1 0)
|    ( QUESTION4 1 9.043e+03 2.314e+02 5.670e+02
|        ( - 8.951e+03 1 0)
|        ( - 3.228e+02 1 0)))
s>    ( QUESTION0_0_R 1 9.698e+03 2.649e+02 6.131e+02
s>        ( - 9.201e+02 1 0)
s>        ( QUESTION4 1 9.043e+03 2.314e+02 5.670e+02
s>            ( - 8.951e+03 1 0)
s>            ( - 3.228e+02 1 0)))INFO: dtree.c(1351): Comp split 21
INFO: dtree.c(1483): stop. leaf nodes are specific
INFO: dtree.c(1524): Final simple tree
|( QUESTION0 -1 4.686e+03 2.935e+02 2.474e+02
|    ( - 3.534e+03 1 0)
|    ( QUESTION0_0_R 1 1.446e+03 2.689e+02 6.429e+01
|        ( - 9.668e+02 1 0)
|        ( - 7.484e+02 1 0)))
s>    ( QUESTION0 -1 4.686e+03 2.935e+02 2.474e+02
s>        ( - 3.534e+03 1 0)
s>        ( QUESTION0_0_R 1 1.446e+03 2.689e+02 6.429e+01
s>            ( - 9.668e+02 1 0)
s>            ( - 7.484e+02 1 0)))INFO: dtree.c(1351): Comp split 22
INFO: dtree.c(1483): stop. leaf nodes are specific
INFO: dtree.c(1524): Final simple tree
|( QUESTION0_0_R 1 9.969e+02 1.810e+02 3.299e+01
|    ( - 3.309e+02 1 0)
|    ( - 8.470e+02 1 0))
s>    ( QUESTION0_0_R 1 9.969e+02 1.810e+02 3.299e+01
s>        ( - 3.309e+02 1 0)
s>        ( - 8.470e+02 1 0))INFO: dtree.c(1483): stop. leaf nodes are specific
INFO: dtree.c(1524): Final simple tree
|( QUESTION2 -1 9.159e+02 3.424e+02 6.999e+01
|    ( - 4.065e+02 1 0)
|    ( QUESTION12 1 8.518e+02 2.772e+02 4.600e+01
|        ( - 3.943e+02 1 0)
|        ( SILENCE 1 7.347e+02 2.333e+02 3.600e+01
|            ( - 4.464e+02 1 0)
|            ( QUESTION2_17_L -1 5.217e+02 2.418e+02 2.300e+01
|                ( - 4.388e+02 1 0)
|                ( QUESTION0_0_R 1 3.247e+02 1.734e+02 1.100e+01
|                    ( - 2.829e+02 1 0)
|                    ( - 2.152e+02 1 0))))))
s>    ( QUESTION2 -1 9.159e+02 3.424e+02 6.999e+01
s>        ( - 4.065e+02 1 0)
s>        ( QUESTION12 1 8.518e+02 2.772e+02 4.600e+01
s>            ( - 3.943e+02 1 0)
s>            ( SILENCE 1 7.347e+02 2.333e+02 3.600e+01
s>                ( - 4.464e+02 1 0)
s>                ( QUESTION2_17_L -1 5.217e+02 2.418e+02 2.300e+01
s>                    ( - 4.388e+02 1 0)
s>                    ( QUESTION0_0_R 1 3.247e+02 1.734e+02 1.100e+01
s>                        ( - 2.829e+02 1 0)
s>                        ( - 2.152e+02 1 0))))))INFO: dtree.c(1351): Comp split 23
INFO: dtree.c(1483): stop. leaf nodes are specific
INFO: dtree.c(1524): Final simple tree
|( QUESTION12 1 8.518e+02 2.772e+02 4.600e+01
|    ( - 3.943e+02 1 0)
|    ( SILENCE 1 7.347e+02 2.333e+02 3.600e+01
|        ( - 4.464e+02 1 0)
|        ( QUESTION2_17_L -1 5.217e+02 2.418e+02 2.300e+01
|            ( - 4.388e+02 1 0)
|            ( QUESTION0_0_R 1 3.247e+02 1.734e+02 1.100e+01
|                ( - 2.829e+02 1 0)
|                ( - 2.152e+02 1 0)))))
s>    ( QUESTION12 1 8.518e+02 2.772e+02 4.600e+01
s>        ( - 3.943e+02 1 0)
s>        ( SILENCE 1 7.347e+02 2.333e+02 3.600e+01
s>            ( - 4.464e+02 1 0)
s>            ( QUESTION2_17_L -1 5.217e+02 2.418e+02 2.300e+01
s>                ( - 4.388e+02 1 0)
s>                ( QUESTION0_0_R 1 3.247e+02 1.734e+02 1.100e+01
s>                    ( - 2.829e+02 1 0)
s>                    ( - 2.152e+02 1 0)))))INFO: dtree.c(1351): Comp split 24
INFO: dtree.c(1483): stop. leaf nodes are specific
INFO: dtree.c(1524): Final simple tree
|( QUESTION0_0_R 1 4.047e+03 2.349e+02 2.078e+02
|    ( - 3.534e+03 1 0)
|    ( - 7.484e+02 1 0))
s>    ( QUESTION0_0_R 1 4.047e+03 2.349e+02 2.078e+02
s>        ( - 3.534e+03 1 0)
s>        ( - 7.484e+02 1 0))INFO: dtree.c(1351): Comp split 25
INFO: dtree.c(1483): stop. leaf nodes are specific
INFO: dtree.c(1524): Final simple tree
|( QUESTION0_4_R 1 1.320e+03 2.729e+02 4.735e+01
|    ( - 8.652e+02 1 0)
|    ( QUESTION0_0_R 1 7.272e+02 2.209e+02 2.000e+01
|        ( - 2.239e+02 1 0)
|        ( - 7.243e+02 1 0)))
s>    ( QUESTION0_4_R 1 1.320e+03 2.729e+02 4.735e+01
s>        ( - 8.652e+02 1 0)
s>        ( QUESTION0_0_R 1 7.272e+02 2.209e+02 2.000e+01
s>            ( - 2.239e+02 1 0)
s>            ( - 7.243e+02 1 0)))INFO: dtree.c(1351): Comp split 26
INFO: dtree.c(1483): stop. leaf nodes are specific
INFO: dtree.c(1524): Final simple tree
|( QUESTION14 1 3.038e+03 2.864e+02 1.786e+02
|    ( - 6.036e+02 1 0)
|    ( QUESTION0_0_R 1 2.721e+03 1.832e+02 1.656e+02
|        ( - 2.455e+03 3 0)
|        ( - 4.491e+02 1 0)))
s>    ( QUESTION14 1 3.038e+03 2.864e+02 1.786e+02
s>        ( - 6.036e+02 1 0)
s>        ( QUESTION0_0_R 1 2.721e+03 1.832e+02 1.656e+02
s>            ( - 2.455e+03 3 0)
s>            ( - 4.491e+02 1 0)))INFO: dtree.c(1483): stop. leaf nodes are specific
INFO: dtree.c(1524): Final simple tree
|( QUESTION0_0_R 1 1.407e+03 2.876e+02 9.493e+01
|    ( QUESTION0_1_R 1 7.071e+02 2.384e+02 5.291e+01
|        ( QUESTION2_9_L -1 4.304e+02 2.169e+02 1.700e+01
|            ( - 2.816e+02 1 0)
|            ( - 3.657e+02 1 0))
|        ( - 5.150e+02 2 0))
|    ( QUESTION0 -1 9.877e+02 2.354e+02 4.201e+01
|        ( QUESTION0_13_R 1 6.050e+02 1.473e+02 2.701e+01
|            ( - 5.063e+02 1 0)
|            ( - 2.460e+02 1 0))
|        ( - 6.181e+02 1 0)))
s>    ( QUESTION0_0_R 1 1.407e+03 2.876e+02 9.493e+01
s>        ( QUESTION0_1_R 1 7.071e+02 2.384e+02 5.291e+01
s>            ( QUESTION2_9_L -1 4.304e+02 2.169e+02 1.700e+01
s>                ( - 2.816e+02 1 0)
s>                ( - 3.657e+02 1 0))
s>            ( - 5.150e+02 2 0))
s>        ( QUESTION0 -1 9.877e+02 2.354e+02 4.201e+01
s>            ( QUESTION0_13_R 1 6.050e+02 1.473e+02 2.701e+01
s>                ( - 5.063e+02 1 0)
s>                ( - 2.460e+02 1 0))
s>            ( - 6.181e+02 1 0)))INFO: dtree.c(1351): Comp split 27
INFO: dtree.c(1483): stop. leaf nodes are specific
INFO: dtree.c(1524): Final simple tree
|( SILENCE -1 8.682e+02 2.349e+02 4.600e+01
|    ( QUESTION0_0_R 1 3.913e+02 2.530e+02 1.600e+01
|        ( - 4.457e+02 1 0)
|        ( - 1.987e+02 1 0))
|    ( QUESTION0 -1 7.118e+02 1.925e+02 3.000e+01
|        ( QUESTION0_0_R 1 6.994e+02 1.862e+02 2.700e+01
|            ( - 5.382e+02 2 0)
|            ( - 3.473e+02 1 0))
|        ( - 2.049e+02 1 0)))
s>    ( SILENCE -1 8.682e+02 2.349e+02 4.600e+01
s>        ( QUESTION0_0_R 1 3.913e+02 2.530e+02 1.600e+01
s>            ( - 4.457e+02 1 0)
s>            ( - 1.987e+02 1 0))
s>        ( QUESTION0 -1 7.118e+02 1.925e+02 3.000e+01
s>            ( QUESTION0_0_R 1 6.994e+02 1.862e+02 2.700e+01
s>                ( - 5.382e+02 2 0)
s>                ( - 3.473e+02 1 0))
s>            ( - 2.049e+02 1 0)))INFO: dtree.c(1483): stop. leaf nodes are specific
INFO: dtree.c(1524): Final simple tree
|( SILENCE -1 9.263e+02 2.528e+02 3.440e+01
|    ( - 4.597e+02 1 0)
|    ( QUESTION0_0_R 1 7.194e+02 2.337e+02 2.540e+01
|        ( - 5.429e+02 1 0)
|        ( - 4.102e+02 1 0)))
s>    ( SILENCE -1 9.263e+02 2.528e+02 3.440e+01
s>        ( - 4.597e+02 1 0)
s>        ( QUESTION0_0_R 1 7.194e+02 2.337e+02 2.540e+01
s>            ( - 5.429e+02 1 0)
s>            ( - 4.102e+02 1 0)))INFO: dtree.c(1351): Comp split 28
INFO: dtree.c(1483): stop. leaf nodes are specific
INFO: dtree.c(1524): Final simple tree
|( QUESTION0_1_R 1 1.301e+03 2.444e+02 6.373e+01
|    ( - 6.604e+02 1 0)
|    ( SILENCE -1 8.854e+02 2.364e+02 3.200e+01
|        ( - 2.140e+02 1 0)
|        ( QUESTION0_0_R 1 9.078e+02 2.204e+02 3.000e+01
|            ( - 4.236e+02 1 0)
|            ( QUESTION0 1 7.046e+02 1.680e+02 2.000e+01
|                ( - 3.184e+02 1 0)
|                ( - 5.542e+02 1 0)))))
s>    ( QUESTION0_1_R 1 1.301e+03 2.444e+02 6.373e+01
s>        ( - 6.604e+02 1 0)
s>        ( SILENCE -1 8.854e+02 2.364e+02 3.200e+01
s>            ( - 2.140e+02 1 0)
s>            ( QUESTION0_0_R 1 9.078e+02 2.204e+02 3.000e+01
s>                ( - 4.236e+02 1 0)
s>                ( QUESTION0 1 7.046e+02 1.680e+02 2.000e+01
s>                    ( - 3.184e+02 1 0)
s>                    ( - 5.542e+02 1 0)))))INFO: dtree.c(1351): Comp split 29
INFO: dtree.c(1483): stop. leaf nodes are specific
INFO: dtree.c(1524): Final simple tree
|( QUESTION13 1 1.355e+03 2.518e+02 3.300e+01
|    ( - 8.296e+02 1 0)
|    ( - 7.772e+02 2 0))
s>    ( QUESTION13 1 1.355e+03 2.518e+02 3.300e+01
s>        ( - 8.296e+02 1 0)
s>        ( - 7.772e+02 2 0))INFO: dtree.c(1351): Comp split 30
INFO: dtree.c(1483): stop. leaf nodes are specific
INFO: dtree.c(1524): Final simple tree
|( QUESTION0_0_R 1 2.216e+03 2.613e+02 1.445e+02
|    ( QUESTION0_1_R 1 6.226e+02 1.822e+02 3.200e+01
|        ( - 4.630e+02 1 0)
|        ( - 3.417e+02 1 0))
|    ( QUESTION0 -1 1.855e+03 2.117e+02 1.125e+02
|        ( QUESTION0_13_R 1 1.072e+03 2.155e+02 6.551e+01
|            ( - 1.066e+03 2 0)
|            ( - 2.215e+02 1 0))
|        ( - 9.946e+02 1 0)))
s>    ( QUESTION0_0_R 1 2.216e+03 2.613e+02 1.445e+02
s>        ( QUESTION0_1_R 1 6.226e+02 1.822e+02 3.200e+01
s>            ( - 4.630e+02 1 0)
s>            ( - 3.417e+02 1 0))
s>        ( QUESTION0 -1 1.855e+03 2.117e+02 1.125e+02
s>            ( QUESTION0_13_R 1 1.072e+03 2.155e+02 6.551e+01
s>                ( - 1.066e+03 2 0)
s>                ( - 2.215e+02 1 0))
s>            ( - 9.946e+02 1 0)))INFO: dtree.c(1351): Comp split 31
INFO: dtree.c(1483): stop. leaf nodes are specific
INFO: dtree.c(1524): Final simple tree
|( QUESTION2_9_L -1 7.160e+02 1.968e+02 3.300e+01
|    ( QUESTION0 -1 3.637e+02 1.886e+02 1.200e+01
|        ( - 3.473e+02 1 0)
|        ( - 2.049e+02 1 0))
|    ( SILENCE -1 5.491e+02 1.878e+02 2.100e+01
|        ( - 1.987e+02 1 0)
|        ( - 5.382e+02 2 0)))
s>    ( QUESTION2_9_L -1 7.160e+02 1.968e+02 3.300e+01
s>        ( QUESTION0 -1 3.637e+02 1.886e+02 1.200e+01
s>            ( - 3.473e+02 1 0)
s>            ( - 2.049e+02 1 0))
s>        ( SILENCE -1 5.491e+02 1.878e+02 2.100e+01
s>            ( - 1.987e+02 1 0)
s>            ( - 5.382e+02 2 0)))INFO: dtree.c(1351): Comp split 32
INFO: dtree.c(1483): stop. leaf nodes are specific
INFO: dtree.c(1524): Final simple tree
|( QUESTION0_3_R 1 8.273e+02 2.116e+02 2.705e+01
|    ( - 6.270e+02 1 0)
|    ( - 4.119e+02 1 0))
s>    ( QUESTION0_3_R 1 8.273e+02 2.116e+02 2.705e+01
s>        ( - 6.270e+02 1 0)
s>        ( - 4.119e+02 1 0))INFO: dtree.c(1351): Comp split 33
INFO: dtree.c(1483): stop. leaf nodes are specific
INFO: dtree.c(1524): Final simple tree
|( QUESTION0 -1 9.877e+02 2.354e+02 4.201e+01
|    ( QUESTION0_13_R 1 6.050e+02 1.473e+02 2.701e+01
|        ( - 5.063e+02 1 0)
|        ( - 2.460e+02 1 0))
|    ( - 6.181e+02 1 0))
s>    ( QUESTION0 -1 9.877e+02 2.354e+02 4.201e+01
s>        ( QUESTION0_13_R 1 6.050e+02 1.473e+02 2.701e+01
s>            ( - 5.063e+02 1 0)
s>            ( - 2.460e+02 1 0))
s>        ( - 6.181e+02 1 0))INFO: dtree.c(1483): stop. leaf nodes are specific
INFO: dtree.c(1524): Final simple tree
|( QUESTION0_1_R 1 7.071e+02 2.384e+02 5.291e+01
|    ( QUESTION2_9_L -1 4.304e+02 2.169e+02 1.700e+01
|        ( - 2.816e+02 1 0)
|        ( - 3.657e+02 1 0))
|    ( - 5.150e+02 2 0))
s>    ( QUESTION0_1_R 1 7.071e+02 2.384e+02 5.291e+01
s>        ( QUESTION2_9_L -1 4.304e+02 2.169e+02 1.700e+01
s>            ( - 2.816e+02 1 0)
s>            ( - 3.657e+02 1 0))
s>        ( - 5.150e+02 2 0))INFO: dtree.c(1351): Comp split 34
INFO: dtree.c(1483): stop. leaf nodes are specific
INFO: dtree.c(1524): Final simple tree
|( QUESTION0_0_R 1 2.721e+03 1.832e+02 1.656e+02
|    ( - 2.455e+03 3 0)
|    ( - 4.491e+02 1 0))
s>    ( QUESTION0_0_R 1 2.721e+03 1.832e+02 1.656e+02
s>        ( - 2.455e+03 3 0)
s>        ( - 4.491e+02 1 0))INFO: dtree.c(1351): Comp split 35
INFO: dtree.c(1483): stop. leaf nodes are specific
INFO: dtree.c(1524): Final simple tree
|( SILENCE 1 7.347e+02 2.333e+02 3.600e+01
|    ( - 4.464e+02 1 0)
|    ( QUESTION2_17_L -1 5.217e+02 2.418e+02 2.300e+01
|        ( - 4.388e+02 1 0)
|        ( QUESTION0_0_R 1 3.247e+02 1.734e+02 1.100e+01
|            ( - 2.829e+02 1 0)
|            ( - 2.152e+02 1 0))))
s>    ( SILENCE 1 7.347e+02 2.333e+02 3.600e+01
s>        ( - 4.464e+02 1 0)
s>        ( QUESTION2_17_L -1 5.217e+02 2.418e+02 2.300e+01
s>            ( - 4.388e+02 1 0)
s>            ( QUESTION0_0_R 1 3.247e+02 1.734e+02 1.100e+01
s>                ( - 2.829e+02 1 0)
s>                ( - 2.152e+02 1 0))))INFO: dtree.c(1351): Comp split 36
INFO: dtree.c(1483): stop. leaf nodes are specific
INFO: dtree.c(1524): Final simple tree
|( QUESTION0_0_R 1 7.272e+02 2.209e+02 2.000e+01
|    ( - 2.239e+02 1 0)
|    ( - 7.243e+02 1 0))
s>    ( QUESTION0_0_R 1 7.272e+02 2.209e+02 2.000e+01
s>        ( - 2.239e+02 1 0)
s>        ( - 7.243e+02 1 0))INFO: dtree.c(1351): Comp split 37
INFO: dtree.c(1483): stop. leaf nodes are specific
INFO: dtree.c(1524): Final simple tree
|( QUESTION4 1 9.043e+03 2.314e+02 5.670e+02
|    ( - 8.951e+03 1 0)
|    ( - 3.228e+02 1 0))
s>    ( QUESTION4 1 9.043e+03 2.314e+02 5.670e+02
s>        ( - 8.951e+03 1 0)
s>        ( - 3.228e+02 1 0))INFO: dtree.c(1351): Comp split 38
INFO: dtree.c(1483): stop. leaf nodes are specific
INFO: dtree.c(1524): Final simple tree
|( QUESTION0 -1 1.855e+03 2.117e+02 1.125e+02
|    ( QUESTION0_13_R 1 1.072e+03 2.155e+02 6.551e+01
|        ( - 1.066e+03 2 0)
|        ( - 2.215e+02 1 0))
|    ( - 9.946e+02 1 0))
s>    ( QUESTION0 -1 1.855e+03 2.117e+02 1.125e+02
s>        ( QUESTION0_13_R 1 1.072e+03 2.155e+02 6.551e+01
s>            ( - 1.066e+03 2 0)
s>            ( - 2.215e+02 1 0))
s>        ( - 9.946e+02 1 0))INFO: dtree.c(1483): stop. leaf nodes are specific
INFO: dtree.c(1524): Final simple tree
|( QUESTION0_1_R 1 6.226e+02 1.822e+02 3.200e+01
|    ( - 4.630e+02 1 0)
|    ( - 3.417e+02 1 0))
s>    ( QUESTION0_1_R 1 6.226e+02 1.822e+02 3.200e+01
s>        ( - 4.630e+02 1 0)
s>        ( - 3.417e+02 1 0))INFO: dtree.c(1351): Comp split 39
INFO: dtree.c(1483): stop. leaf nodes are specific
INFO: dtree.c(1524): Final simple tree
|( QUESTION0_0_R 1 9.078e+02 2.204e+02 3.000e+01
|    ( - 4.236e+02 1 0)
|    ( QUESTION0 1 7.046e+02 1.680e+02 2.000e+01
|        ( - 3.184e+02 1 0)
|        ( - 5.542e+02 1 0)))
s>    ( QUESTION0_0_R 1 9.078e+02 2.204e+02 3.000e+01
s>        ( - 4.236e+02 1 0)
s>        ( QUESTION0 1 7.046e+02 1.680e+02 2.000e+01
s>            ( - 3.184e+02 1 0)
s>            ( - 5.542e+02 1 0)))INFO: dtree.c(1483): stop. leaf nodes are specific
INFO: dtree.c(1524): Final simple tree
|( SILENCE -1 6.520e+02 2.224e+02 3.373e+01
|    ( - 2.140e+02 1 0)
|    ( - 6.604e+02 1 0))
s>    ( SILENCE -1 6.520e+02 2.224e+02 3.373e+01
s>        ( - 2.140e+02 1 0)
s>        ( - 6.604e+02 1 0))INFO: dtree.c(1351): Comp split 40
INFO: dtree.c(1483): stop. leaf nodes are specific
INFO: dtree.c(1524): Final simple tree
|( QUESTION0_10_R 1 2.752e+03 1.961e+02 1.367e+02
|    ( - 1.081e+03 1 0)
|    ( QUESTION0_14_R 1 1.867e+03 1.608e+02 9.227e+01
|        ( - 3.122e+02 1 0)
|        ( QUESTION0_0_R 1 1.715e+03 1.248e+02 8.225e+01
|            ( - 4.756e+02 1 0)
|            ( - 1.365e+03 3 0))))
s>    ( QUESTION0_10_R 1 2.752e+03 1.961e+02 1.367e+02
s>        ( - 1.081e+03 1 0)
s>        ( QUESTION0_14_R 1 1.867e+03 1.608e+02 9.227e+01
s>            ( - 3.122e+02 1 0)
s>            ( QUESTION0_0_R 1 1.715e+03 1.248e+02 8.225e+01
s>                ( - 4.756e+02 1 0)
s>                ( - 1.365e+03 3 0))))INFO: dtree.c(1351): Comp split 41
INFO: dtree.c(1483): stop. leaf nodes are specific
INFO: dtree.c(1524): Final simple tree
|( QUESTION0_0_R 1 7.194e+02 2.337e+02 2.540e+01
|    ( - 5.429e+02 1 0)
|    ( - 4.102e+02 1 0))
s>    ( QUESTION0_0_R 1 7.194e+02 2.337e+02 2.540e+01
s>        ( - 5.429e+02 1 0)
s>        ( - 4.102e+02 1 0))INFO: dtree.c(1351): Comp split 42
INFO: dtree.c(1351): Comp split 43
INFO: dtree.c(1351): Comp split 44
INFO: dtree.c(1483): stop. leaf nodes are specific
INFO: dtree.c(1524): Final simple tree
|( QUESTION0_0_R 1 1.142e+03 2.259e+02 4.711e+01
|    ( - 4.715e+02 1 0)
|    ( - 8.968e+02 1 0))
s>    ( QUESTION0_0_R 1 1.142e+03 2.259e+02 4.711e+01
s>        ( - 4.715e+02 1 0)
s>        ( - 8.968e+02 1 0))INFO: dtree.c(1351): Comp split 45
INFO: dtree.c(1483): stop. leaf nodes are specific
INFO: dtree.c(1524): Final simple tree
|( QUESTION0_14_R 1 5.818e+02 2.375e+02 2.396e+01
|    ( - 2.460e+02 1 0)
|    ( QUESTION0_0_R 1 5.733e+02 1.919e+02 2.296e+01
|        ( - 3.601e+02 1 0)
|        ( - 4.051e+02 1 0)))
s>    ( QUESTION0_14_R 1 5.818e+02 2.375e+02 2.396e+01
s>        ( - 2.460e+02 1 0)
s>        ( QUESTION0_0_R 1 5.733e+02 1.919e+02 2.296e+01
s>            ( - 3.601e+02 1 0)
s>            ( - 4.051e+02 1 0)))INFO: dtree.c(1351): Comp split 46
INFO: dtree.c(1483): stop. leaf nodes are specific
INFO: dtree.c(1524): Final simple tree
|( QUESTION0_1_R 1 6.654e+02 2.154e+02 4.691e+01
|    ( - 3.657e+02 1 0)
|    ( - 5.150e+02 2 0))
s>    ( QUESTION0_1_R 1 6.654e+02 2.154e+02 4.691e+01
s>        ( - 3.657e+02 1 0)
s>        ( - 5.150e+02 2 0))INFO: dtree.c(1351): Comp split 47
INFO: dtree.c(1483): stop. leaf nodes are specific
INFO: dtree.c(1524): Final simple tree
|( QUESTION0_0_R 1 3.247e+02 1.734e+02 1.100e+01
|    ( - 2.829e+02 1 0)
|    ( - 2.152e+02 1 0))
s>    ( QUESTION0_0_R 1 3.247e+02 1.734e+02 1.100e+01
s>        ( - 2.829e+02 1 0)
s>        ( - 2.152e+02 1 0))INFO: dtree.c(1483): stop. leaf nodes are specific
INFO: dtree.c(1524): Final simple tree
|( SILENCE 1 6.483e+02 2.368e+02 2.500e+01
|    ( - 4.464e+02 1 0)
|    ( - 4.388e+02 1 0))
s>    ( SILENCE 1 6.483e+02 2.368e+02 2.500e+01
s>        ( - 4.464e+02 1 0)
s>        ( - 4.388e+02 1 0))INFO: dtree.c(1351): Comp split 48
INFO: dtree.c(1483): stop. leaf nodes are specific
INFO: dtree.c(1524): Final simple tree
|( QUESTION0_0_R 1 5.733e+02 1.919e+02 2.296e+01
|    ( - 3.601e+02 1 0)
|    ( - 4.051e+02 1 0))
s>    ( QUESTION0_0_R 1 5.733e+02 1.919e+02 2.296e+01
s>        ( - 3.601e+02 1 0)
s>        ( - 4.051e+02 1 0))INFO: dtree.c(1351): Comp split 49
INFO: dtree.c(1351): Comp split 50
INFO: dtree.c(1483): stop. leaf nodes are specific
INFO: dtree.c(1524): Final simple tree
|( QUESTION0_13_R 1 6.050e+02 1.473e+02 2.701e+01
|    ( - 5.063e+02 1 0)
|    ( - 2.460e+02 1 0))
s>    ( QUESTION0_13_R 1 6.050e+02 1.473e+02 2.701e+01
s>        ( - 5.063e+02 1 0)
s>        ( - 2.460e+02 1 0))INFO: dtree.c(1351): Comp split 51
INFO: dtree.c(1351): Comp split 52
INFO: dtree.c(1351): Comp split 53
INFO: dtree.c(1351): Comp split 54
INFO: dtree.c(1351): Comp split 55
INFO: dtree.c(1483): stop. leaf nodes are specific
INFO: dtree.c(1524): Final simple tree
|( QUESTION0_13_R 1 1.861e+03 1.988e+02 1.065e+02
|    ( - 1.066e+03 2 0)
|    ( - 9.946e+02 1 0))
s>    ( QUESTION0_13_R 1 1.861e+03 1.988e+02 1.065e+02
s>        ( - 1.066e+03 2 0)
s>        ( - 9.946e+02 1 0))INFO: dtree.c(1351): Comp split 56
INFO: dtree.c(1351): Comp split 57
INFO: dtree.c(1351): Comp split 58
INFO: dtree.c(1351): Comp split 59
INFO: dtree.c(1483): stop. leaf nodes are specific
INFO: dtree.c(1524): Final simple tree
|( QUESTION0 1 7.046e+02 1.680e+02 2.000e+01
|    ( - 3.184e+02 1 0)
|    ( - 5.542e+02 1 0))
s>    ( QUESTION0 1 7.046e+02 1.680e+02 2.000e+01
s>        ( - 3.184e+02 1 0)
s>        ( - 5.542e+02 1 0))INFO: dtree.c(1351): Comp split 60
INFO: dtree.c(1351): Comp split 61
INFO: dtree.c(1351): Comp split 62
INFO: dtree.c(1351): Comp split 63
INFO: dtree.c(1483): stop. leaf nodes are specific
INFO: dtree.c(1524): Final simple tree
|( SILENCE -1 5.491e+02 1.878e+02 2.100e+01
|    ( - 1.987e+02 1 0)
|    ( - 5.382e+02 2 0))
s>    ( SILENCE -1 5.491e+02 1.878e+02 2.100e+01
s>        ( - 1.987e+02 1 0)
s>        ( - 5.382e+02 2 0))INFO: dtree.c(1483): stop. leaf nodes are specific
INFO: dtree.c(1524): Final simple tree
|( QUESTION0 -1 3.637e+02 1.886e+02 1.200e+01
|    ( - 3.473e+02 1 0)
|    ( - 2.049e+02 1 0))
s>    ( QUESTION0 -1 3.637e+02 1.886e+02 1.200e+01
s>        ( - 3.473e+02 1 0)
s>        ( - 2.049e+02 1 0))INFO: dtree.c(1351): Comp split 64
INFO: dtree.c(1483): stop. leaf nodes are specific
INFO: dtree.c(1524): Final simple tree
|( QUESTION0_14_R 1 1.867e+03 1.608e+02 9.227e+01
|    ( - 3.122e+02 1 0)
|    ( QUESTION0_0_R 1 1.715e+03 1.248e+02 8.225e+01
|        ( - 4.756e+02 1 0)
|        ( - 1.365e+03 3 0)))
s>    ( QUESTION0_14_R 1 1.867e+03 1.608e+02 9.227e+01
s>        ( - 3.122e+02 1 0)
s>        ( QUESTION0_0_R 1 1.715e+03 1.248e+02 8.225e+01
s>            ( - 4.756e+02 1 0)
s>            ( - 1.365e+03 3 0)))INFO: dtree.c(1351): Comp split 65
INFO: dtree.c(1351): Comp split 66
INFO: dtree.c(1351): Comp split 67
INFO: dtree.c(1351): Comp split 68
INFO: dtree.c(1351): Comp split 69
INFO: dtree.c(1351): Comp split 70
INFO: dtree.c(1351): Comp split 71
INFO: dtree.c(1351): Comp split 72
INFO: dtree.c(1351): Comp split 73
INFO: dtree.c(1483): stop. leaf nodes are specific
INFO: dtree.c(1524): Final simple tree
|( QUESTION0_0_R 1 1.715e+03 1.248e+02 8.225e+01
|    ( - 4.756e+02 1 0)
|    ( - 1.365e+03 3 0))
s>    ( QUESTION0_0_R 1 1.715e+03 1.248e+02 8.225e+01
s>        ( - 4.756e+02 1 0)
s>        ( - 1.365e+03 3 0))INFO: dtree.c(1351): Comp split 74
INFO: dtree.c(1351): Comp split 75
INFO: dtree.c(1351): Comp split 76
INFO: dtree.c(1354): stop. leaf nodes are specific
Tue May 31 10:45:37 2011
