INFO: cmd_ln.c(691): Parsing command line:
/home/xkrajnan/Plocha/GSoC/PocketSphinx/an4/bin/bldtree \
	-treefn /home/xkrajnan/Plocha/GSoC/PocketSphinx/an4/trees/an4.unpruned/AY-0.dtree \
	-moddeffn /home/xkrajnan/Plocha/GSoC/PocketSphinx/an4/model_architecture/an4.untied.mdef \
	-mixwfn /home/xkrajnan/Plocha/GSoC/PocketSphinx/an4/model_parameters/an4.cd_cont_untied/mixture_weights \
	-ts2cbfn .cont. \
	-mwfloor 1e-08 \
	-psetfn /home/xkrajnan/Plocha/GSoC/PocketSphinx/an4/model_architecture/an4.tree_questions \
	-phone AY \
	-state 0 \
	-stwt 1.0,0.05,0.0 \
	-meanfn /home/xkrajnan/Plocha/GSoC/PocketSphinx/an4/model_parameters/an4.cd_cont_untied/means \
	-varfn /home/xkrajnan/Plocha/GSoC/PocketSphinx/an4/model_parameters/an4.cd_cont_untied/variances \
	-fullvar no \
	-ssplitmin 1 \
	-ssplitmax 7 \
	-ssplitthr 0 \
	-csplitmin 1 \
	-csplitmax 2000 \
	-csplitthr 0 

Current configuration:
[NAME]		[DEFLT]	[VALUE]
-allphones	no	no
-cntthresh	0.00001	1.000000e-05
-csplitmax	100	2000
-csplitmin	1	1
-csplitthr	8e-4	0.000000e+00
-example	no	no
-fullvar	no	no
-help		no	no
-meanfn			/home/xkrajnan/Plocha/GSoC/PocketSphinx/an4/model_parameters/an4.cd_cont_untied/means
-mixwfn			/home/xkrajnan/Plocha/GSoC/PocketSphinx/an4/model_parameters/an4.cd_cont_untied/mixture_weights
-moddeffn		/home/xkrajnan/Plocha/GSoC/PocketSphinx/an4/model_architecture/an4.untied.mdef
-mwfloor	1e-4	1.000000e-08
-phone			AY
-psetfn			/home/xkrajnan/Plocha/GSoC/PocketSphinx/an4/model_architecture/an4.tree_questions
-ssplitmax	5	7
-ssplitmin	1	1
-ssplitthr	8e-4	0.000000e+00
-state			0
-stwt			1.0,0.05,0.0,
-treefn			/home/xkrajnan/Plocha/GSoC/PocketSphinx/an4/trees/an4.unpruned/AY-0.dtree
-ts2cbfn	.semi.	.cont.
-varfloor	0.00001	1.000000e-05
-varfn			/home/xkrajnan/Plocha/GSoC/PocketSphinx/an4/model_parameters/an4.cd_cont_untied/variances

INFO: main.c(228): Reading: /home/xkrajnan/Plocha/GSoC/PocketSphinx/an4/model_architecture/an4.untied.mdef
INFO: model_def_io.c(587): Model definition info:
INFO: model_def_io.c(588): 1618 total models defined (34 base, 1584 tri)
INFO: model_def_io.c(589): 6472 total states
INFO: model_def_io.c(590): 4854 total tied states
INFO: model_def_io.c(591): 102 total tied CI states
INFO: model_def_io.c(592): 34 total tied transition matrices
INFO: model_def_io.c(593): 4 max state/model
INFO: model_def_io.c(594): 4 min state/model
INFO: main.c(247): Building trees for [AY AH EH s] through [AY W Z e]
INFO: main.c(275): Covering states |[480 734]| == 255
INFO: main.c(282): Reading: /home/xkrajnan/Plocha/GSoC/PocketSphinx/an4/model_parameters/an4.cd_cont_untied/mixture_weights
INFO: s3mixw_io.c(172): Read /home/xkrajnan/Plocha/GSoC/PocketSphinx/an4/model_parameters/an4.cd_cont_untied/mixture_weights [255x1x1 array]
INFO: main.c(320): 85 of 85 models have observation count greater than 0.000010
INFO: main.c(94): nrm stwt: 0.952 0.048 0.000 
INFO: s3gau_io.c(166): Read /home/xkrajnan/Plocha/GSoC/PocketSphinx/an4/model_parameters/an4.cd_cont_untied/means [4854x1x1 array]
INFO: s3gau_io.c(166): Read /home/xkrajnan/Plocha/GSoC/PocketSphinx/an4/model_parameters/an4.cd_cont_untied/variances [4854x1x1 array]
INFO: main.c(576): Reading: /home/xkrajnan/Plocha/GSoC/PocketSphinx/an4/model_architecture/an4.tree_questions
INFO: main.c(619): 180 total simple questions (172 phone; 8 word bndry)
INFO: main.c(621): 42 Left Only questions, and 42 Right Only questions
INFO: dtree.c(1524): Final simple tree
|( WDBNDRY_S 0 -5.277e+04 6.694e+03 3.346e+03
|    ( QUESTION2_0_L -1 -3.394e+04 1.890e+03 1.798e+03
|        ( QUESTION2 1 -2.044e+04 6.050e+02 1.125e+03
|            ( - -1.149e+04 6 0 QUESTION0_10_R 1 3.054e+02 6.435e+02)
|            ( - -8.343e+03 8 0 QUESTION0_6_R 1 2.552e+02 4.812e+02))
|        ( - -1.161e+04 47 0 QUESTION15 -1 3.098e+02 6.734e+02))
|    ( QUESTION2 -1 -1.214e+04 5.825e+03 1.548e+03
|        ( - -4.128e+03 1 0)
|        ( QUESTION8 1 -2.184e+03 2.398e+03 9.138e+02
|            ( WDBNDRY_E 0 -2.253e+03 3.417e+02 7.399e+02
|                ( - 3.270e+01 2 0 QUESTION0_0_R 1 2.289e+02 1.598e+01)
|                ( - -1.944e+03 1 0))
|            ( QUESTION0 -1 2.466e+03 3.341e+02 1.739e+02
|                ( - 1.920e+02 2 0 QUESTION0_0_R 1 2.118e+02 1.000e+01)
|                ( - 2.608e+03 18 0 SILENCE 1 3.351e+02 1.639e+02)))))
s>    ( WDBNDRY_S 0 -5.277e+04 6.694e+03 3.346e+03
s>        ( QUESTION2_0_L -1 -3.394e+04 1.890e+03 1.798e+03
s>            ( QUESTION2 1 -2.044e+04 6.050e+02 1.125e+03
s>                ( - -1.149e+04 6 0 QUESTION0_10_R 1 3.054e+02 6.435e+02)
s>                ( - -8.343e+03 8 0 QUESTION0_6_R 1 2.552e+02 4.812e+02))
s>            ( - -1.161e+04 47 0 QUESTION15 -1 3.098e+02 6.734e+02))
s>        ( QUESTION2 -1 -1.214e+04 5.825e+03 1.548e+03
s>            ( - -4.128e+03 1 0)
s>            ( QUESTION8 1 -2.184e+03 2.398e+03 9.138e+02
s>                ( WDBNDRY_E 0 -2.253e+03 3.417e+02 7.399e+02
s>                    ( - 3.270e+01 2 0 QUESTION0_0_R 1 2.289e+02 1.598e+01)
s>                    ( - -1.944e+03 1 0))
s>                ( QUESTION0 -1 2.466e+03 3.341e+02 1.739e+02
s>                    ( - 1.920e+02 2 0 QUESTION0_0_R 1 2.118e+02 1.000e+01)
s>                    ( - 2.608e+03 18 0 SILENCE 1 3.351e+02 1.639e+02)))))INFO: dtree.c(1351): Comp split 0
INFO: dtree.c(1524): Final simple tree
|( QUESTION0 -1 -1.922e+03 2.535e+03 8.978e+02
|    ( QUESTION0_13_R 1 -1.995e+03 2.516e+02 7.340e+02
|        ( - 2.214e+02 1 0)
|        ( WDBNDRY_E 0 -1.965e+03 2.041e+02 7.280e+02
|            ( - 1.824e+02 1 0)
|            ( - -1.944e+03 1 0)))
|    ( SILENCE 1 2.608e+03 3.351e+02 1.639e+02
|        ( - 1.065e+03 1 0)
|        ( QUESTION0_1_R 1 1.878e+03 2.202e+02 9.931e+01
|            ( - 2.926e+02 1 0)
|            ( QUESTION0_11_R 1 1.806e+03 1.986e+02 9.731e+01
|                ( - 4.194e+02 1 0)
|                ( QUESTION0_14_R 1 1.585e+03 1.936e+02 8.041e+01
|                    ( - 2.142e+02 1 0)
|                    ( - 1.565e+03 14 0 QUESTION13 1 1.907e+02 7.841e+01))))))
s>    ( QUESTION0 -1 -1.922e+03 2.535e+03 8.978e+02
s>        ( QUESTION0_13_R 1 -1.995e+03 2.516e+02 7.340e+02
s>            ( - 2.214e+02 1 0)
s>            ( WDBNDRY_E 0 -1.965e+03 2.041e+02 7.280e+02
s>                ( - 1.824e+02 1 0)
s>                ( - -1.944e+03 1 0)))
s>        ( SILENCE 1 2.608e+03 3.351e+02 1.639e+02
s>            ( - 1.065e+03 1 0)
s>            ( QUESTION0_1_R 1 1.878e+03 2.202e+02 9.931e+01
s>                ( - 2.926e+02 1 0)
s>                ( QUESTION0_11_R 1 1.806e+03 1.986e+02 9.731e+01
s>                    ( - 4.194e+02 1 0)
s>                    ( QUESTION0_14_R 1 1.585e+03 1.936e+02 8.041e+01
s>                        ( - 2.142e+02 1 0)
s>                        ( - 1.565e+03 14 0 QUESTION13 1 1.907e+02 7.841e+01))))))INFO: dtree.c(1524): Final simple tree
|( WDBNDRY_I 0 -4.286e+04 4.547e+03 2.448e+03
|    ( - -4.128e+03 1 0)
|    ( QUESTION2_0_L -1 -3.419e+04 1.929e+03 1.814e+03
|        ( QUESTION2 1 -2.044e+04 6.050e+02 1.125e+03
|            ( QUESTION0_10_R 1 -1.149e+04 3.054e+02 6.435e+02
|                ( - -3.011e+01 1 0)
|                ( - -1.115e+04 5 0 QUESTION5 1 1.223e+02 6.195e+02))
|            ( QUESTION0_6_R 1 -8.343e+03 2.552e+02 4.812e+02
|                ( - 7.559e+01 2 0 QUESTION0 -1 1.306e+02 1.400e+01)
|                ( - -8.163e+03 6 0 QUESTION0_0_R 1 2.257e+02 4.672e+02)))
|        ( QUESTION15 -1 -1.183e+04 3.114e+02 6.894e+02
|            ( - -1.400e+03 5 0 QUESTION0_0_R 1 2.243e+02 6.800e+01)
|            ( SILENCE 1 -1.011e+04 2.952e+02 6.214e+02
|                ( - -7.651e+02 3 0 QUESTION11 -1 1.617e+02 4.507e+01)
|                ( - -9.053e+03 41 0 QUESTION2_18_L -1 2.509e+02 5.763e+02)))))
s>    ( WDBNDRY_I 0 -4.286e+04 4.547e+03 2.448e+03
s>        ( - -4.128e+03 1 0)
s>        ( QUESTION2_0_L -1 -3.419e+04 1.929e+03 1.814e+03
s>            ( QUESTION2 1 -2.044e+04 6.050e+02 1.125e+03
s>                ( QUESTION0_10_R 1 -1.149e+04 3.054e+02 6.435e+02
s>                    ( - -3.011e+01 1 0)
s>                    ( - -1.115e+04 5 0 QUESTION5 1 1.223e+02 6.195e+02))
s>                ( QUESTION0_6_R 1 -8.343e+03 2.552e+02 4.812e+02
s>                    ( - 7.559e+01 2 0 QUESTION0 -1 1.306e+02 1.400e+01)
s>                    ( - -8.163e+03 6 0 QUESTION0_0_R 1 2.257e+02 4.672e+02)))
s>            ( QUESTION15 -1 -1.183e+04 3.114e+02 6.894e+02
s>                ( - -1.400e+03 5 0 QUESTION0_0_R 1 2.243e+02 6.800e+01)
s>                ( SILENCE 1 -1.011e+04 2.952e+02 6.214e+02
s>                    ( - -7.651e+02 3 0 QUESTION11 -1 1.617e+02 4.507e+01)
s>                    ( - -9.053e+03 41 0 QUESTION2_18_L -1 2.509e+02 5.763e+02)))))INFO: dtree.c(1351): Comp split 1
INFO: dtree.c(1524): Final simple tree
|( QUESTION2_0_L -1 -3.419e+04 1.929e+03 1.814e+03
|    ( QUESTION2 1 -2.044e+04 6.050e+02 1.125e+03
|        ( QUESTION0_10_R 1 -1.149e+04 3.054e+02 6.435e+02
|            ( - -3.011e+01 1 0)
|            ( - -1.115e+04 5 0 QUESTION5 1 1.223e+02 6.195e+02))
|        ( QUESTION0_6_R 1 -8.343e+03 2.552e+02 4.812e+02
|            ( - 7.559e+01 2 0 QUESTION0 -1 1.306e+02 1.400e+01)
|            ( - -8.163e+03 6 0 QUESTION0_0_R 1 2.257e+02 4.672e+02)))
|    ( QUESTION15 -1 -1.183e+04 3.114e+02 6.894e+02
|        ( - -1.400e+03 5 0 QUESTION0_0_R 1 2.243e+02 6.800e+01)
|        ( SILENCE 1 -1.011e+04 2.952e+02 6.214e+02
|            ( - -7.651e+02 3 0 QUESTION11 -1 1.617e+02 4.507e+01)
|            ( QUESTION2_18_L -1 -9.053e+03 2.509e+02 5.763e+02
|                ( - -1.478e+03 6 0 QUESTION0_3_R 1 2.834e+02 1.166e+02)
|                ( - -7.325e+03 35 0 QUESTION11 -1 3.032e+02 4.597e+02)))))
s>    ( QUESTION2_0_L -1 -3.419e+04 1.929e+03 1.814e+03
s>        ( QUESTION2 1 -2.044e+04 6.050e+02 1.125e+03
s>            ( QUESTION0_10_R 1 -1.149e+04 3.054e+02 6.435e+02
s>                ( - -3.011e+01 1 0)
s>                ( - -1.115e+04 5 0 QUESTION5 1 1.223e+02 6.195e+02))
s>            ( QUESTION0_6_R 1 -8.343e+03 2.552e+02 4.812e+02
s>                ( - 7.559e+01 2 0 QUESTION0 -1 1.306e+02 1.400e+01)
s>                ( - -8.163e+03 6 0 QUESTION0_0_R 1 2.257e+02 4.672e+02)))
s>        ( QUESTION15 -1 -1.183e+04 3.114e+02 6.894e+02
s>            ( - -1.400e+03 5 0 QUESTION0_0_R 1 2.243e+02 6.800e+01)
s>            ( SILENCE 1 -1.011e+04 2.952e+02 6.214e+02
s>                ( - -7.651e+02 3 0 QUESTION11 -1 1.617e+02 4.507e+01)
s>                ( QUESTION2_18_L -1 -9.053e+03 2.509e+02 5.763e+02
s>                    ( - -1.478e+03 6 0 QUESTION0_3_R 1 2.834e+02 1.166e+02)
s>                    ( - -7.325e+03 35 0 QUESTION11 -1 3.032e+02 4.597e+02)))))INFO: dtree.c(1351): Comp split 2
INFO: dtree.c(1524): Final simple tree
|( SILENCE 1 2.608e+03 3.351e+02 1.639e+02
|    ( - 1.065e+03 1 0)
|    ( QUESTION0_1_R 1 1.878e+03 2.202e+02 9.931e+01
|        ( - 2.926e+02 1 0)
|        ( QUESTION0_11_R 1 1.806e+03 1.986e+02 9.731e+01
|            ( - 4.194e+02 1 0)
|            ( QUESTION0_14_R 1 1.585e+03 1.936e+02 8.041e+01
|                ( - 2.142e+02 1 0)
|                ( QUESTION13 1 1.565e+03 1.907e+02 7.841e+01
|                    ( - 2.695e+02 1 0)
|                    ( QUESTION0_10_R 1 1.486e+03 1.767e+02 7.641e+01
|                        ( - 3.096e+02 1 0)
|                        ( QUESTION0_6_R 1 1.353e+03 1.743e+02 7.040e+01
|                            ( - 2.018e+02 1 0)
|                            ( - 1.325e+03 11 0 QUESTION4 1 1.637e+02 6.840e+01))))))))
s>    ( SILENCE 1 2.608e+03 3.351e+02 1.639e+02
s>        ( - 1.065e+03 1 0)
s>        ( QUESTION0_1_R 1 1.878e+03 2.202e+02 9.931e+01
s>            ( - 2.926e+02 1 0)
s>            ( QUESTION0_11_R 1 1.806e+03 1.986e+02 9.731e+01
s>                ( - 4.194e+02 1 0)
s>                ( QUESTION0_14_R 1 1.585e+03 1.936e+02 8.041e+01
s>                    ( - 2.142e+02 1 0)
s>                    ( QUESTION13 1 1.565e+03 1.907e+02 7.841e+01
s>                        ( - 2.695e+02 1 0)
s>                        ( QUESTION0_10_R 1 1.486e+03 1.767e+02 7.641e+01
s>                            ( - 3.096e+02 1 0)
s>                            ( QUESTION0_6_R 1 1.353e+03 1.743e+02 7.040e+01
s>                                ( - 2.018e+02 1 0)
s>                                ( - 1.325e+03 11 0 QUESTION4 1 1.637e+02 6.840e+01))))))))INFO: dtree.c(1483): stop. leaf nodes are specific
INFO: dtree.c(1524): Final simple tree
|( QUESTION0_13_R 1 -1.995e+03 2.516e+02 7.340e+02
|    ( - 2.214e+02 1 0)
|    ( WDBNDRY_E 0 -1.965e+03 2.041e+02 7.280e+02
|        ( - 1.824e+02 1 0)
|        ( - -1.944e+03 1 0)))
s>    ( QUESTION0_13_R 1 -1.995e+03 2.516e+02 7.340e+02
s>        ( - 2.214e+02 1 0)
s>        ( WDBNDRY_E 0 -1.965e+03 2.041e+02 7.280e+02
s>            ( - 1.824e+02 1 0)
s>            ( - -1.944e+03 1 0)))INFO: dtree.c(1351): Comp split 3
INFO: dtree.c(1524): Final simple tree
|( QUESTION2 1 -2.044e+04 6.050e+02 1.125e+03
|    ( QUESTION0_10_R 1 -1.149e+04 3.054e+02 6.435e+02
|        ( - -3.011e+01 1 0)
|        ( - -1.115e+04 5 0 QUESTION5 1 1.223e+02 6.195e+02))
|    ( QUESTION0_6_R 1 -8.343e+03 2.552e+02 4.812e+02
|        ( - 7.559e+01 2 0 QUESTION0 -1 1.306e+02 1.400e+01)
|        ( QUESTION0_0_R 1 -8.163e+03 2.257e+02 4.672e+02
|            ( QUESTION0_1_R 1 -6.422e+03 1.894e+02 3.473e+02
|                ( - -5.241e+02 1 0)
|                ( QUESTION0 -1 -5.709e+03 1.787e+02 3.162e+02
|                    ( - -5.196e+03 1 0)
|                    ( - -3.344e+02 1 0)))
|            ( QUESTION0 1 -1.516e+03 1.329e+02 1.199e+02
|                ( - -1.374e+03 2 0)
|                ( - -8.368e+00 1 0)))))
s>    ( QUESTION2 1 -2.044e+04 6.050e+02 1.125e+03
s>        ( QUESTION0_10_R 1 -1.149e+04 3.054e+02 6.435e+02
s>            ( - -3.011e+01 1 0)
s>            ( - -1.115e+04 5 0 QUESTION5 1 1.223e+02 6.195e+02))
s>        ( QUESTION0_6_R 1 -8.343e+03 2.552e+02 4.812e+02
s>            ( - 7.559e+01 2 0 QUESTION0 -1 1.306e+02 1.400e+01)
s>            ( QUESTION0_0_R 1 -8.163e+03 2.257e+02 4.672e+02
s>                ( QUESTION0_1_R 1 -6.422e+03 1.894e+02 3.473e+02
s>                    ( - -5.241e+02 1 0)
s>                    ( QUESTION0 -1 -5.709e+03 1.787e+02 3.162e+02
s>                        ( - -5.196e+03 1 0)
s>                        ( - -3.344e+02 1 0)))
s>                ( QUESTION0 1 -1.516e+03 1.329e+02 1.199e+02
s>                    ( - -1.374e+03 2 0)
s>                    ( - -8.368e+00 1 0)))))INFO: dtree.c(1524): Final simple tree
|( QUESTION15 -1 -1.183e+04 3.114e+02 6.894e+02
|    ( - -1.400e+03 5 0 QUESTION0_0_R 1 2.243e+02 6.800e+01)
|    ( SILENCE 1 -1.011e+04 2.952e+02 6.214e+02
|        ( - -7.651e+02 3 0 QUESTION11 -1 1.617e+02 4.507e+01)
|        ( QUESTION2_18_L -1 -9.053e+03 2.509e+02 5.763e+02
|            ( QUESTION0_3_R 1 -1.478e+03 2.834e+02 1.166e+02
|                ( - 2.546e+02 1 0)
|                ( - -1.449e+03 5 0 QUESTION11 1 2.224e+02 1.106e+02))
|            ( QUESTION11 -1 -7.325e+03 3.032e+02 4.597e+02
|                ( - -5.175e+02 6 0 QUESTION3 1 2.410e+02 5.597e+01)
|                ( QUESTION0_3_R 1 -6.504e+03 2.642e+02 4.038e+02
|                    ( - -1.642e+02 2 0 QUESTION2_9_L -1 2.130e+02 3.791e+01)
|                    ( QUESTION8 -1 -6.075e+03 2.445e+02 3.658e+02
|                        ( - -1.097e+03 4 0 QUESTION12 1 1.510e+02 8.904e+01)
|                        ( - -4.734e+03 23 0 QUESTION0_1_R 1 2.992e+02 2.768e+02)))))))
s>    ( QUESTION15 -1 -1.183e+04 3.114e+02 6.894e+02
s>        ( - -1.400e+03 5 0 QUESTION0_0_R 1 2.243e+02 6.800e+01)
s>        ( SILENCE 1 -1.011e+04 2.952e+02 6.214e+02
s>            ( - -7.651e+02 3 0 QUESTION11 -1 1.617e+02 4.507e+01)
s>            ( QUESTION2_18_L -1 -9.053e+03 2.509e+02 5.763e+02
s>                ( QUESTION0_3_R 1 -1.478e+03 2.834e+02 1.166e+02
s>                    ( - 2.546e+02 1 0)
s>                    ( - -1.449e+03 5 0 QUESTION11 1 2.224e+02 1.106e+02))
s>                ( QUESTION11 -1 -7.325e+03 3.032e+02 4.597e+02
s>                    ( - -5.175e+02 6 0 QUESTION3 1 2.410e+02 5.597e+01)
s>                    ( QUESTION0_3_R 1 -6.504e+03 2.642e+02 4.038e+02
s>                        ( - -1.642e+02 2 0 QUESTION2_9_L -1 2.130e+02 3.791e+01)
s>                        ( QUESTION8 -1 -6.075e+03 2.445e+02 3.658e+02
s>                            ( - -1.097e+03 4 0 QUESTION12 1 1.510e+02 8.904e+01)
s>                            ( - -4.734e+03 23 0 QUESTION0_1_R 1 2.992e+02 2.768e+02)))))))INFO: dtree.c(1351): Comp split 4
INFO: dtree.c(1483): stop. leaf nodes are specific
INFO: dtree.c(1524): Final simple tree
|( QUESTION0_0_R 1 -8.017e+03 2.209e+02 4.552e+02
|    ( QUESTION0_1_R 1 -6.422e+03 1.894e+02 3.473e+02
|        ( - -5.241e+02 1 0)
|        ( QUESTION0 -1 -5.709e+03 1.787e+02 3.162e+02
|            ( - -5.196e+03 1 0)
|            ( - -3.344e+02 1 0)))
|    ( - -1.374e+03 2 0))
s>    ( QUESTION0_0_R 1 -8.017e+03 2.209e+02 4.552e+02
s>        ( QUESTION0_1_R 1 -6.422e+03 1.894e+02 3.473e+02
s>            ( - -5.241e+02 1 0)
s>            ( QUESTION0 -1 -5.709e+03 1.787e+02 3.162e+02
s>                ( - -5.196e+03 1 0)
s>                ( - -3.344e+02 1 0)))
s>        ( - -1.374e+03 2 0))INFO: dtree.c(1524): Final simple tree
|( QUESTION0_10_R 1 -1.176e+04 3.042e+02 6.695e+02
|    ( - -3.011e+01 1 0)
|    ( QUESTION0_5_R 1 -1.142e+04 2.082e+02 6.456e+02
|        ( QUESTION0 -1 7.559e+01 1.306e+02 1.400e+01
|            ( - 1.441e+02 1 0)
|            ( - 6.217e+01 1 0))
|        ( QUESTION2 1 -1.129e+04 1.311e+02 6.316e+02
|            ( QUESTION5 1 -1.115e+04 1.223e+02 6.195e+02
|                ( QUESTION0 -1 -9.551e+02 1.364e+02 6.980e+01
|                    ( QUESTION0_0_R 1 -6.817e+02 1.583e+02 5.280e+01
|                        ( - -4.093e+02 1 0)
|                        ( - -1.141e+02 1 0))
|                    ( - -1.370e+02 1 0))
|                ( - -1.008e+04 2 0 QUESTION0_13_R 1 1.145e+02 5.497e+02))
|            ( - -8.368e+00 1 0))))
s>    ( QUESTION0_10_R 1 -1.176e+04 3.042e+02 6.695e+02
s>        ( - -3.011e+01 1 0)
s>        ( QUESTION0_5_R 1 -1.142e+04 2.082e+02 6.456e+02
s>            ( QUESTION0 -1 7.559e+01 1.306e+02 1.400e+01
s>                ( - 1.441e+02 1 0)
s>                ( - 6.217e+01 1 0))
s>            ( QUESTION2 1 -1.129e+04 1.311e+02 6.316e+02
s>                ( QUESTION5 1 -1.115e+04 1.223e+02 6.195e+02
s>                    ( QUESTION0 -1 -9.551e+02 1.364e+02 6.980e+01
s>                        ( QUESTION0_0_R 1 -6.817e+02 1.583e+02 5.280e+01
s>                            ( - -4.093e+02 1 0)
s>                            ( - -1.141e+02 1 0))
s>                        ( - -1.370e+02 1 0))
s>                    ( - -1.008e+04 2 0 QUESTION0_13_R 1 1.145e+02 5.497e+02))
s>                ( - -8.368e+00 1 0))))INFO: dtree.c(1351): Comp split 5
INFO: dtree.c(1483): stop. leaf nodes are specific
INFO: dtree.c(1524): Final simple tree
|( QUESTION0_0_R 1 -4.147e+02 1.768e+02 6.171e+01
|    ( QUESTION0_5_R 1 -1.239e+02 1.694e+02 3.796e+01
|        ( QUESTION0 -1 7.559e+01 1.306e+02 1.400e+01
|            ( - 1.441e+02 1 0)
|            ( - 6.217e+01 1 0))
|        ( - -3.011e+01 1 0))
|    ( - -1.141e+02 1 0))
s>    ( QUESTION0_0_R 1 -4.147e+02 1.768e+02 6.171e+01
s>        ( QUESTION0_5_R 1 -1.239e+02 1.694e+02 3.796e+01
s>            ( QUESTION0 -1 7.559e+01 1.306e+02 1.400e+01
s>                ( - 1.441e+02 1 0)
s>                ( - 6.217e+01 1 0))
s>            ( - -3.011e+01 1 0))
s>        ( - -1.141e+02 1 0))INFO: dtree.c(1483): stop. leaf nodes are specific
INFO: dtree.c(1524): Final simple tree
|( QUESTION2 1 -1.095e+04 1.314e+02 6.078e+02
|    ( QUESTION0 -1 -1.081e+04 1.178e+02 5.958e+02
|        ( QUESTION0_14_R 1 -1.056e+04 1.147e+02 5.788e+02
|            ( - -8.208e+01 1 0)
|            ( QUESTION0_0_R 1 -1.036e+04 7.286e+01 5.688e+02
|                ( - -4.093e+02 1 0)
|                ( - -9.879e+03 1 0)))
|        ( - -1.370e+02 1 0))
|    ( - -8.368e+00 1 0))
s>    ( QUESTION2 1 -1.095e+04 1.314e+02 6.078e+02
s>        ( QUESTION0 -1 -1.081e+04 1.178e+02 5.958e+02
s>            ( QUESTION0_14_R 1 -1.056e+04 1.147e+02 5.788e+02
s>                ( - -8.208e+01 1 0)
s>                ( QUESTION0_0_R 1 -1.036e+04 7.286e+01 5.688e+02
s>                    ( - -4.093e+02 1 0)
s>                    ( - -9.879e+03 1 0)))
s>            ( - -1.370e+02 1 0))
s>        ( - -8.368e+00 1 0))INFO: dtree.c(1351): Comp split 6
INFO: dtree.c(1524): Final simple tree
|( QUESTION2_18_L -1 -9.053e+03 2.509e+02 5.763e+02
|    ( QUESTION0_3_R 1 -1.478e+03 2.834e+02 1.166e+02
|        ( - 2.546e+02 1 0)
|        ( - -1.449e+03 5 0 QUESTION11 1 2.224e+02 1.106e+02))
|    ( QUESTION11 -1 -7.325e+03 3.032e+02 4.597e+02
|        ( QUESTION3 1 -5.175e+02 2.410e+02 5.597e+01
|            ( - 2.060e+02 2 0 QUESTION0_0_R 1 8.993e+01 1.001e+01)
|            ( - -4.825e+02 4 0 QUESTION0_0_R 1 2.397e+02 4.595e+01))
|        ( QUESTION0_3_R 1 -6.504e+03 2.642e+02 4.038e+02
|            ( - -1.642e+02 2 0 QUESTION2_9_L -1 2.130e+02 3.791e+01)
|            ( QUESTION8 -1 -6.075e+03 2.445e+02 3.658e+02
|                ( - -1.097e+03 4 0 QUESTION12 1 1.510e+02 8.904e+01)
|                ( QUESTION0_1_R 1 -4.734e+03 2.992e+02 2.768e+02
|                    ( - 1.031e+02 2 0 QUESTION2_9_L -1 2.376e+02 1.300e+01)
|                    ( - -4.538e+03 21 0 QUESTION1 -1 2.051e+02 2.638e+02))))))
s>    ( QUESTION2_18_L -1 -9.053e+03 2.509e+02 5.763e+02
s>        ( QUESTION0_3_R 1 -1.478e+03 2.834e+02 1.166e+02
s>            ( - 2.546e+02 1 0)
s>            ( - -1.449e+03 5 0 QUESTION11 1 2.224e+02 1.106e+02))
s>        ( QUESTION11 -1 -7.325e+03 3.032e+02 4.597e+02
s>            ( QUESTION3 1 -5.175e+02 2.410e+02 5.597e+01
s>                ( - 2.060e+02 2 0 QUESTION0_0_R 1 8.993e+01 1.001e+01)
s>                ( - -4.825e+02 4 0 QUESTION0_0_R 1 2.397e+02 4.595e+01))
s>            ( QUESTION0_3_R 1 -6.504e+03 2.642e+02 4.038e+02
s>                ( - -1.642e+02 2 0 QUESTION2_9_L -1 2.130e+02 3.791e+01)
s>                ( QUESTION8 -1 -6.075e+03 2.445e+02 3.658e+02
s>                    ( - -1.097e+03 4 0 QUESTION12 1 1.510e+02 8.904e+01)
s>                    ( QUESTION0_1_R 1 -4.734e+03 2.992e+02 2.768e+02
s>                        ( - 1.031e+02 2 0 QUESTION2_9_L -1 2.376e+02 1.300e+01)
s>                        ( - -4.538e+03 21 0 QUESTION1 -1 2.051e+02 2.638e+02))))))INFO: dtree.c(1524): Final simple tree
|( QUESTION0_0_R 1 -2.381e+03 2.207e+02 1.131e+02
|    ( QUESTION0_3_R 1 -2.610e+02 1.383e+02 3.100e+01
|        ( - 7.668e+01 1 0)
|        ( - -1.994e+02 1 0))
|    ( QUESTION15 -1 -1.899e+03 2.192e+02 8.206e+01
|        ( SILENCE 1 -9.151e+02 1.477e+02 3.700e+01
|            ( - -2.128e+02 1 0)
|            ( QUESTION2 1 -5.546e+02 9.365e+01 2.400e+01
|                ( - -3.156e+02 1 0)
|                ( - -1.453e+02 1 0)))
|        ( QUESTION11 -1 -7.651e+02 1.617e+02 4.507e+01
|            ( - 8.557e+01 1 0)
|            ( QUESTION0 -1 -6.889e+02 1.549e+02 3.907e+01
|                ( - -1.683e+02 1 0)
|                ( - -3.658e+02 1 0)))))
s>    ( QUESTION0_0_R 1 -2.381e+03 2.207e+02 1.131e+02
s>        ( QUESTION0_3_R 1 -2.610e+02 1.383e+02 3.100e+01
s>            ( - 7.668e+01 1 0)
s>            ( - -1.994e+02 1 0))
s>        ( QUESTION15 -1 -1.899e+03 2.192e+02 8.206e+01
s>            ( SILENCE 1 -9.151e+02 1.477e+02 3.700e+01
s>                ( - -2.128e+02 1 0)
s>                ( QUESTION2 1 -5.546e+02 9.365e+01 2.400e+01
s>                    ( - -3.156e+02 1 0)
s>                    ( - -1.453e+02 1 0)))
s>            ( QUESTION11 -1 -7.651e+02 1.617e+02 4.507e+01
s>                ( - 8.557e+01 1 0)
s>                ( QUESTION0 -1 -6.889e+02 1.549e+02 3.907e+01
s>                    ( - -1.683e+02 1 0)
s>                    ( - -3.658e+02 1 0)))))INFO: dtree.c(1351): Comp split 7
INFO: dtree.c(1483): stop. leaf nodes are specific
INFO: dtree.c(1524): Final simple tree
|( QUESTION0_1_R 1 3.460e+01 2.745e+02 2.301e+01
|    ( QUESTION2_9_L -1 1.031e+02 2.376e+02 1.300e+01
|        ( - 1.175e+02 1 0)
|        ( - 2.231e+02 1 0))
|    ( QUESTION0_0_R 1 2.060e+02 8.993e+01 1.001e+01
|        ( - 1.538e+02 1 0)
|        ( - 1.421e+02 1 0)))
s>    ( QUESTION0_1_R 1 3.460e+01 2.745e+02 2.301e+01
s>        ( QUESTION2_9_L -1 1.031e+02 2.376e+02 1.300e+01
s>            ( - 1.175e+02 1 0)
s>            ( - 2.231e+02 1 0))
s>        ( QUESTION0_0_R 1 2.060e+02 8.993e+01 1.001e+01
s>            ( - 1.538e+02 1 0)
s>            ( - 1.421e+02 1 0)))INFO: dtree.c(1524): Final simple tree
|( WDBNDRY_E 0 -8.695e+03 2.493e+02 5.533e+02
|    ( QUESTION0_0_R 1 3.270e+01 2.289e+02 1.598e+01
|        ( - 1.752e+01 1 0)
|        ( - 2.441e+02 1 0))
|    ( QUESTION1 -1 -8.478e+03 2.312e+02 5.373e+02
|        ( QUESTION0_3_R 1 -3.334e+03 2.939e+02 2.436e+02
|            ( - 2.546e+02 1 0)
|            ( QUESTION5 1 -3.295e+03 2.246e+02 2.376e+02
|                ( - 1.595e+02 1 0)
|                ( QUESTION3 -1 -3.230e+03 2.212e+02 2.316e+02
|                    ( - 1.487e+02 2 0 QUESTION2 1 1.607e+02 8.000e+00)
|                    ( - -3.157e+03 10 0 QUESTION2_17_L -1 1.647e+02 2.236e+02))))
|        ( QUESTION0_3_R 1 -4.913e+03 2.672e+02 2.937e+02
|            ( - -1.642e+02 2 0 QUESTION2_9_L -1 2.130e+02 3.791e+01)
|            ( - -4.481e+03 19 0 QUESTION14 1 2.173e+02 2.558e+02))))
s>    ( WDBNDRY_E 0 -8.695e+03 2.493e+02 5.533e+02
s>        ( QUESTION0_0_R 1 3.270e+01 2.289e+02 1.598e+01
s>            ( - 1.752e+01 1 0)
s>            ( - 2.441e+02 1 0))
s>        ( QUESTION1 -1 -8.478e+03 2.312e+02 5.373e+02
s>            ( QUESTION0_3_R 1 -3.334e+03 2.939e+02 2.436e+02
s>                ( - 2.546e+02 1 0)
s>                ( QUESTION5 1 -3.295e+03 2.246e+02 2.376e+02
s>                    ( - 1.595e+02 1 0)
s>                    ( QUESTION3 -1 -3.230e+03 2.212e+02 2.316e+02
s>                        ( - 1.487e+02 2 0 QUESTION2 1 1.607e+02 8.000e+00)
s>                        ( - -3.157e+03 10 0 QUESTION2_17_L -1 1.647e+02 2.236e+02))))
s>            ( QUESTION0_3_R 1 -4.913e+03 2.672e+02 2.937e+02
s>                ( - -1.642e+02 2 0 QUESTION2_9_L -1 2.130e+02 3.791e+01)
s>                ( - -4.481e+03 19 0 QUESTION14 1 2.173e+02 2.558e+02))))INFO: dtree.c(1351): Comp split 8
INFO: dtree.c(1524): Final simple tree
|( QUESTION0_3_R 1 -8.547e+03 2.396e+02 5.353e+02
|    ( QUESTION2_9_L -1 -1.642e+02 2.130e+02 3.791e+01
|        ( - -5.083e+01 1 0)
|        ( - 9.963e+01 1 0))
|    ( QUESTION1 -1 -8.143e+03 2.256e+02 4.974e+02
|        ( QUESTION2_16_L -1 -3.437e+03 2.539e+02 2.416e+02
|            ( - -3.157e+03 10 0 QUESTION2_17_L -1 1.647e+02 2.236e+02)
|            ( - -2.551e+01 3 0 WDBNDRY_E 0 1.917e+02 1.800e+01))
|        ( QUESTION14 1 -4.481e+03 2.173e+02 2.558e+02
|            ( - 2.099e+02 1 0)
|            ( QUESTION0_6_R 1 -4.474e+03 1.958e+02 2.508e+02
|                ( QUESTION2_9_L -1 -5.903e+01 3.447e+02 1.900e+01
|                    ( - 6.353e+01 1 0)
|                    ( - 2.222e+02 1 0))
|                ( - -4.219e+03 16 0 QUESTION5 1 1.922e+02 2.318e+02)))))
s>    ( QUESTION0_3_R 1 -8.547e+03 2.396e+02 5.353e+02
s>        ( QUESTION2_9_L -1 -1.642e+02 2.130e+02 3.791e+01
s>            ( - -5.083e+01 1 0)
s>            ( - 9.963e+01 1 0))
s>        ( QUESTION1 -1 -8.143e+03 2.256e+02 4.974e+02
s>            ( QUESTION2_16_L -1 -3.437e+03 2.539e+02 2.416e+02
s>                ( - -3.157e+03 10 0 QUESTION2_17_L -1 1.647e+02 2.236e+02)
s>                ( - -2.551e+01 3 0 WDBNDRY_E 0 1.917e+02 1.800e+01))
s>            ( QUESTION14 1 -4.481e+03 2.173e+02 2.558e+02
s>                ( - 2.099e+02 1 0)
s>                ( QUESTION0_6_R 1 -4.474e+03 1.958e+02 2.508e+02
s>                    ( QUESTION2_9_L -1 -5.903e+01 3.447e+02 1.900e+01
s>                        ( - 6.353e+01 1 0)
s>                        ( - 2.222e+02 1 0))
s>                    ( - -4.219e+03 16 0 QUESTION5 1 1.922e+02 2.318e+02)))))INFO: dtree.c(1483): stop. leaf nodes are specific
INFO: dtree.c(1524): Final simple tree
|( WDBNDRY_E 0 2.228e+02 2.221e+02 1.798e+01
|    ( - 2.441e+02 1 0)
|    ( QUESTION0_0_R 1 2.008e+02 2.133e+02 1.200e+01
|        ( - 2.546e+02 1 0)
|        ( - 1.595e+02 1 0)))
s>    ( WDBNDRY_E 0 2.228e+02 2.221e+02 1.798e+01
s>        ( - 2.441e+02 1 0)
s>        ( QUESTION0_0_R 1 2.008e+02 2.133e+02 1.200e+01
s>            ( - 2.546e+02 1 0)
s>            ( - 1.595e+02 1 0)))INFO: dtree.c(1351): Comp split 9
INFO: dtree.c(1524): Final simple tree
|( QUESTION0_3_R 1 -8.405e+03 2.405e+02 5.303e+02
|    ( QUESTION2_9_L -1 -1.642e+02 2.130e+02 3.791e+01
|        ( - -5.083e+01 1 0)
|        ( - 9.963e+01 1 0))
|    ( QUESTION1 -1 -8.000e+03 2.204e+02 4.924e+02
|        ( QUESTION2_16_L -1 -3.437e+03 2.539e+02 2.416e+02
|            ( - -3.157e+03 10 0 QUESTION2_17_L -1 1.647e+02 2.236e+02)
|            ( WDBNDRY_E 0 -2.551e+01 1.917e+02 1.800e+01
|                ( - 1.752e+01 1 0)
|                ( - 1.487e+02 2 0 QUESTION2 1 1.607e+02 8.000e+00)))
|        ( QUESTION14 1 -4.344e+03 2.167e+02 2.508e+02
|            ( - 2.099e+02 1 0)
|            ( QUESTION5 1 -4.337e+03 1.909e+02 2.458e+02
|                ( - -7.240e+01 2 0 SILENCE -1 1.314e+02 1.700e+01)
|                ( - -4.074e+03 15 0 QUESTION0_6_R 1 1.827e+02 2.288e+02)))))
s>    ( QUESTION0_3_R 1 -8.405e+03 2.405e+02 5.303e+02
s>        ( QUESTION2_9_L -1 -1.642e+02 2.130e+02 3.791e+01
s>            ( - -5.083e+01 1 0)
s>            ( - 9.963e+01 1 0))
s>        ( QUESTION1 -1 -8.000e+03 2.204e+02 4.924e+02
s>            ( QUESTION2_16_L -1 -3.437e+03 2.539e+02 2.416e+02
s>                ( - -3.157e+03 10 0 QUESTION2_17_L -1 1.647e+02 2.236e+02)
s>                ( WDBNDRY_E 0 -2.551e+01 1.917e+02 1.800e+01
s>                    ( - 1.752e+01 1 0)
s>                    ( - 1.487e+02 2 0 QUESTION2 1 1.607e+02 8.000e+00)))
s>            ( QUESTION14 1 -4.344e+03 2.167e+02 2.508e+02
s>                ( - 2.099e+02 1 0)
s>                ( QUESTION5 1 -4.337e+03 1.909e+02 2.458e+02
s>                    ( - -7.240e+01 2 0 SILENCE -1 1.314e+02 1.700e+01)
s>                    ( - -4.074e+03 15 0 QUESTION0_6_R 1 1.827e+02 2.288e+02)))))INFO: dtree.c(1351): Comp split 10
INFO: dtree.c(1524): Final simple tree
|( QUESTION0_10_R 1 1.648e+03 1.988e+02 8.931e+01
|    ( - 4.194e+02 1 0)
|    ( QUESTION13 1 1.427e+03 1.919e+02 7.240e+01
|        ( - 2.695e+02 1 0)
|        ( QUESTION0_14_R 1 1.350e+03 1.897e+02 7.040e+01
|            ( - 2.142e+02 1 0)
|            ( QUESTION4 1 1.325e+03 1.637e+02 6.840e+01
|                ( QUESTION0_0_R 1 2.399e+02 2.309e+02 7.000e+00
|                    ( - 2.664e+02 1 0)
|                    ( - 2.044e+02 1 0))
|                ( QUESTION2 1 1.249e+03 1.338e+02 6.140e+01
|                    ( QUESTION0_0_R 1 1.892e+02 2.048e+02 5.000e+00
|                        ( - 1.526e+02 1 0)
|                        ( - 2.414e+02 1 0))
|                    ( - 1.194e+03 7 0 QUESTION0 1 1.342e+02 5.640e+01))))))
s>    ( QUESTION0_10_R 1 1.648e+03 1.988e+02 8.931e+01
s>        ( - 4.194e+02 1 0)
s>        ( QUESTION13 1 1.427e+03 1.919e+02 7.240e+01
s>            ( - 2.695e+02 1 0)
s>            ( QUESTION0_14_R 1 1.350e+03 1.897e+02 7.040e+01
s>                ( - 2.142e+02 1 0)
s>                ( QUESTION4 1 1.325e+03 1.637e+02 6.840e+01
s>                    ( QUESTION0_0_R 1 2.399e+02 2.309e+02 7.000e+00
s>                        ( - 2.664e+02 1 0)
s>                        ( - 2.044e+02 1 0))
s>                    ( QUESTION2 1 1.249e+03 1.338e+02 6.140e+01
s>                        ( QUESTION0_0_R 1 1.892e+02 2.048e+02 5.000e+00
s>                            ( - 1.526e+02 1 0)
s>                            ( - 2.414e+02 1 0))
s>                        ( - 1.194e+03 7 0 QUESTION0 1 1.342e+02 5.640e+01))))))INFO: dtree.c(1483): stop. leaf nodes are specific
INFO: dtree.c(1524): Final simple tree
|( QUESTION0_1_R 1 1.305e+03 2.192e+02 7.456e+01
|    ( - 2.926e+02 1 0)
|    ( QUESTION0_8_R 1 1.231e+03 1.797e+02 7.256e+01
|        ( - 3.096e+02 1 0)
|        ( SILENCE 1 1.101e+03 1.658e+02 6.656e+01
|            ( - 1.065e+03 1 0)
|            ( - 2.018e+02 1 0))))
s>    ( QUESTION0_1_R 1 1.305e+03 2.192e+02 7.456e+01
s>        ( - 2.926e+02 1 0)
s>        ( QUESTION0_8_R 1 1.231e+03 1.797e+02 7.256e+01
s>            ( - 3.096e+02 1 0)
s>            ( SILENCE 1 1.101e+03 1.658e+02 6.656e+01
s>                ( - 1.065e+03 1 0)
s>                ( - 2.018e+02 1 0))))INFO: dtree.c(1351): Comp split 11
INFO: dtree.c(1483): stop. leaf nodes are specific
INFO: dtree.c(1524): Final simple tree
|( WDBNDRY_E 0 -6.490e+01 1.820e+02 3.692e+01
|    ( - 1.752e+01 1 0)
|    ( - 9.963e+01 1 0))
s>    ( WDBNDRY_E 0 -6.490e+01 1.820e+02 3.692e+01
s>        ( - 1.752e+01 1 0)
s>        ( - 9.963e+01 1 0))INFO: dtree.c(1524): Final simple tree
|( QUESTION1 -1 -8.014e+03 2.343e+02 4.934e+02
|    ( QUESTION3 -1 -3.230e+03 2.212e+02 2.316e+02
|        ( - 1.487e+02 2 0 QUESTION2 1 1.607e+02 8.000e+00)
|        ( QUESTION2_17_L -1 -3.157e+03 1.647e+02 2.236e+02
|            ( - -1.602e+03 6 0 QUESTION2 -1 1.922e+02 1.190e+02)
|            ( - -1.391e+03 4 0 QUESTION0_1_R 1 2.249e+02 1.046e+02)))
|    ( QUESTION14 1 -4.550e+03 2.168e+02 2.618e+02
|        ( - 2.099e+02 1 0)
|        ( QUESTION5 1 -4.543e+03 1.887e+02 2.568e+02
|            ( - -7.240e+01 2 0 SILENCE -1 1.314e+02 1.700e+01)
|            ( QUESTION0_6_R 1 -4.282e+03 1.833e+02 2.398e+02
|                ( - 6.353e+01 1 0)
|                ( QUESTION11 1 -4.162e+03 1.743e+02 2.258e+02
|                    ( - -2.697e+03 7 0 QUESTION0_3_R 1 1.595e+02 1.505e+02)
|                    ( - -1.290e+03 8 0 QUESTION2_14_L -1 1.559e+02 7.532e+01))))))
s>    ( QUESTION1 -1 -8.014e+03 2.343e+02 4.934e+02
s>        ( QUESTION3 -1 -3.230e+03 2.212e+02 2.316e+02
s>            ( - 1.487e+02 2 0 QUESTION2 1 1.607e+02 8.000e+00)
s>            ( QUESTION2_17_L -1 -3.157e+03 1.647e+02 2.236e+02
s>                ( - -1.602e+03 6 0 QUESTION2 -1 1.922e+02 1.190e+02)
s>                ( - -1.391e+03 4 0 QUESTION0_1_R 1 2.249e+02 1.046e+02)))
s>        ( QUESTION14 1 -4.550e+03 2.168e+02 2.618e+02
s>            ( - 2.099e+02 1 0)
s>            ( QUESTION5 1 -4.543e+03 1.887e+02 2.568e+02
s>                ( - -7.240e+01 2 0 SILENCE -1 1.314e+02 1.700e+01)
s>                ( QUESTION0_6_R 1 -4.282e+03 1.833e+02 2.398e+02
s>                    ( - 6.353e+01 1 0)
s>                    ( QUESTION11 1 -4.162e+03 1.743e+02 2.258e+02
s>                        ( - -2.697e+03 7 0 QUESTION0_3_R 1 1.595e+02 1.505e+02)
s>                        ( - -1.290e+03 8 0 QUESTION2_14_L -1 1.559e+02 7.532e+01))))))INFO: dtree.c(1351): Comp split 12
INFO: dtree.c(1483): stop. leaf nodes are specific
INFO: dtree.c(1524): Final simple tree
|( QUESTION0_0_R 1 -6.760e+03 1.903e+02 4.074e+02
|    ( - -5.196e+03 1 0)
|    ( - -1.374e+03 2 0))
s>    ( QUESTION0_0_R 1 -6.760e+03 1.903e+02 4.074e+02
s>        ( - -5.196e+03 1 0)
s>        ( - -1.374e+03 2 0))INFO: dtree.c(1483): stop. leaf nodes are specific
INFO: dtree.c(1524): Final simple tree
|( QUESTION0_1_R 1 -9.681e+02 1.096e+02 4.781e+01
|    ( - -5.241e+02 1 0)
|    ( - -3.344e+02 1 0))
s>    ( QUESTION0_1_R 1 -9.681e+02 1.096e+02 4.781e+01
s>        ( - -5.241e+02 1 0)
s>        ( - -3.344e+02 1 0))INFO: dtree.c(1351): Comp split 13
INFO: dtree.c(1524): Final simple tree
|( QUESTION11 -1 -3.504e+03 1.800e+02 2.546e+02
|    ( QUESTION0_1_R 1 -1.902e+03 2.279e+02 1.346e+02
|        ( QUESTION2_17_L -1 -3.804e+02 2.016e+02 4.859e+01
|            ( - -2.088e+02 1 0)
|            ( - 2.994e+01 1 0))
|        ( QUESTION0_6_R 1 -1.293e+03 1.694e+02 8.597e+01
|            ( - 7.202e+01 1 0)
|            ( - -1.196e+03 3 0 QUESTION0_14_R 1 1.324e+02 7.997e+01)))
|    ( QUESTION2 1 -1.423e+03 1.640e+02 1.200e+02
|        ( - -7.240e+01 2 0 SILENCE -1 1.314e+02 1.700e+01)
|        ( QUESTION0_6_R 1 -1.187e+03 1.529e+02 1.030e+02
|            ( - 6.353e+01 1 0)
|            ( QUESTION12 1 -1.097e+03 1.510e+02 8.904e+01
|                ( - 1.738e+01 1 0)
|                ( - -9.635e+02 3 0 QUESTION0_0_R 1 1.286e+02 7.305e+01)))))
s>    ( QUESTION11 -1 -3.504e+03 1.800e+02 2.546e+02
s>        ( QUESTION0_1_R 1 -1.902e+03 2.279e+02 1.346e+02
s>            ( QUESTION2_17_L -1 -3.804e+02 2.016e+02 4.859e+01
s>                ( - -2.088e+02 1 0)
s>                ( - 2.994e+01 1 0))
s>            ( QUESTION0_6_R 1 -1.293e+03 1.694e+02 8.597e+01
s>                ( - 7.202e+01 1 0)
s>                ( - -1.196e+03 3 0 QUESTION0_14_R 1 1.324e+02 7.997e+01)))
s>        ( QUESTION2 1 -1.423e+03 1.640e+02 1.200e+02
s>            ( - -7.240e+01 2 0 SILENCE -1 1.314e+02 1.700e+01)
s>            ( QUESTION0_6_R 1 -1.187e+03 1.529e+02 1.030e+02
s>                ( - 6.353e+01 1 0)
s>                ( QUESTION12 1 -1.097e+03 1.510e+02 8.904e+01
s>                    ( - 1.738e+01 1 0)
s>                    ( - -9.635e+02 3 0 QUESTION0_0_R 1 1.286e+02 7.305e+01)))))INFO: dtree.c(1524): Final simple tree
|( QUESTION1 -1 -4.232e+03 2.110e+02 2.388e+02
|    ( QUESTION2 1 1.487e+02 1.607e+02 8.000e+00
|        ( - 1.511e+02 1 0)
|        ( - 1.583e+02 1 0))
|    ( QUESTION14 1 -4.170e+03 2.176e+02 2.308e+02
|        ( - 2.099e+02 1 0)
|        ( QUESTION11 1 -4.162e+03 1.743e+02 2.258e+02
|            ( QUESTION0_3_R 1 -2.697e+03 1.595e+02 1.505e+02
|                ( - -5.083e+01 1 0)
|                ( - -2.487e+03 6 0 QUESTION0_0_R 1 1.400e+02 1.395e+02))
|            ( QUESTION2_14_L -1 -1.290e+03 1.559e+02 7.532e+01
|                ( - -3.846e+02 4 0 QUESTION0_13_R 1 1.111e+02 3.332e+01)
|                ( QUESTION0_13_R 1 -7.500e+02 1.646e+02 4.200e+01
|                    ( - -2.468e+02 2 0 SILENCE -1 1.314e+02 1.700e+01)
|                    ( - -3.386e+02 2 0 QUESTION0_0_R 1 1.512e+02 2.500e+01))))))
s>    ( QUESTION1 -1 -4.232e+03 2.110e+02 2.388e+02
s>        ( QUESTION2 1 1.487e+02 1.607e+02 8.000e+00
s>            ( - 1.511e+02 1 0)
s>            ( - 1.583e+02 1 0))
s>        ( QUESTION14 1 -4.170e+03 2.176e+02 2.308e+02
s>            ( - 2.099e+02 1 0)
s>            ( QUESTION11 1 -4.162e+03 1.743e+02 2.258e+02
s>                ( QUESTION0_3_R 1 -2.697e+03 1.595e+02 1.505e+02
s>                    ( - -5.083e+01 1 0)
s>                    ( - -2.487e+03 6 0 QUESTION0_0_R 1 1.400e+02 1.395e+02))
s>                ( QUESTION2_14_L -1 -1.290e+03 1.559e+02 7.532e+01
s>                    ( - -3.846e+02 4 0 QUESTION0_13_R 1 1.111e+02 3.332e+01)
s>                    ( QUESTION0_13_R 1 -7.500e+02 1.646e+02 4.200e+01
s>                        ( - -2.468e+02 2 0 SILENCE -1 1.314e+02 1.700e+01)
s>                        ( - -3.386e+02 2 0 QUESTION0_0_R 1 1.512e+02 2.500e+01))))))INFO: dtree.c(1351): Comp split 14
INFO: dtree.c(1483): stop. leaf nodes are specific
INFO: dtree.c(1524): Final simple tree
|( QUESTION0_0_R 1 2.060e+02 8.993e+01 1.001e+01
|    ( - 1.538e+02 1 0)
|    ( - 1.421e+02 1 0))
s>    ( QUESTION0_0_R 1 2.060e+02 8.993e+01 1.001e+01
s>        ( - 1.538e+02 1 0)
s>        ( - 1.421e+02 1 0))INFO: dtree.c(1483): stop. leaf nodes are specific
INFO: dtree.c(1524): Final simple tree
|( QUESTION2_9_L -1 1.031e+02 2.376e+02 1.300e+01
|    ( - 1.175e+02 1 0)
|    ( - 2.231e+02 1 0))
s>    ( QUESTION2_9_L -1 1.031e+02 2.376e+02 1.300e+01
s>        ( - 1.175e+02 1 0)
s>        ( - 2.231e+02 1 0))INFO: dtree.c(1351): Comp split 15
INFO: dtree.c(1483): stop. leaf nodes are specific
INFO: dtree.c(1524): Final simple tree
|( QUESTION2_17_L -1 -5.979e+02 1.821e+02 7.059e+01
|    ( QUESTION0_2_R 1 -4.458e+02 1.701e+02 4.597e+01
|        ( - 7.202e+01 1 0)
|        ( QUESTION0_0_R 1 -3.477e+02 1.562e+02 3.997e+01
|            ( - -2.088e+02 1 0)
|            ( - 1.738e+01 1 0)))
|    ( - 2.994e+01 1 0))
s>    ( QUESTION2_17_L -1 -5.979e+02 1.821e+02 7.059e+01
s>        ( QUESTION0_2_R 1 -4.458e+02 1.701e+02 4.597e+01
s>            ( - 7.202e+01 1 0)
s>            ( QUESTION0_0_R 1 -3.477e+02 1.562e+02 3.997e+01
s>                ( - -2.088e+02 1 0)
s>                ( - 1.738e+01 1 0)))
s>        ( - 2.994e+01 1 0))INFO: dtree.c(1524): Final simple tree
|( QUESTION2 1 -2.641e+03 1.705e+02 1.840e+02
|    ( QUESTION0_13_R 1 -4.027e+02 1.435e+02 4.089e+01
|        ( - 3.564e+01 1 0)
|        ( SILENCE -1 -2.949e+02 1.271e+02 3.289e+01
|            ( - 2.337e+01 1 0)
|            ( - -1.912e+02 1 0)))
|    ( QUESTION0_6_R 1 -2.068e+03 1.691e+02 1.431e+02
|        ( - 6.353e+01 1 0)
|        ( QUESTION2 -1 -1.962e+03 1.267e+02 1.291e+02
|            ( QUESTION0_0_R 1 -9.635e+02 1.286e+02 7.305e+01
|                ( QUESTION0_1_R 1 -8.512e+02 1.184e+02 6.305e+01
|                    ( - -4.539e+02 1 0)
|                    ( - -2.789e+02 1 0))
|                ( - 1.634e+01 1 0))
|            ( - -8.721e+02 2 0 QUESTION0_0_R 1 1.134e+02 5.608e+01))))
s>    ( QUESTION2 1 -2.641e+03 1.705e+02 1.840e+02
s>        ( QUESTION0_13_R 1 -4.027e+02 1.435e+02 4.089e+01
s>            ( - 3.564e+01 1 0)
s>            ( SILENCE -1 -2.949e+02 1.271e+02 3.289e+01
s>                ( - 2.337e+01 1 0)
s>                ( - -1.912e+02 1 0)))
s>        ( QUESTION0_6_R 1 -2.068e+03 1.691e+02 1.431e+02
s>            ( - 6.353e+01 1 0)
s>            ( QUESTION2 -1 -1.962e+03 1.267e+02 1.291e+02
s>                ( QUESTION0_0_R 1 -9.635e+02 1.286e+02 7.305e+01
s>                    ( QUESTION0_1_R 1 -8.512e+02 1.184e+02 6.305e+01
s>                        ( - -4.539e+02 1 0)
s>                        ( - -2.789e+02 1 0))
s>                    ( - 1.634e+01 1 0))
s>                ( - -8.721e+02 2 0 QUESTION0_0_R 1 1.134e+02 5.608e+01))))INFO: dtree.c(1351): Comp split 16
INFO: dtree.c(1483): stop. leaf nodes are specific
INFO: dtree.c(1524): Final simple tree
|( WDBNDRY_E 0 -1.965e+03 2.041e+02 7.280e+02
|    ( - 1.824e+02 1 0)
|    ( - -1.944e+03 1 0))
s>    ( WDBNDRY_E 0 -1.965e+03 2.041e+02 7.280e+02
s>        ( - 1.824e+02 1 0)
s>        ( - -1.944e+03 1 0))INFO: dtree.c(1351): Comp split 17
INFO: dtree.c(1483): stop. leaf nodes are specific
INFO: dtree.c(1524): Final simple tree
|( QUESTION0_0_R 1 -1.280e+03 1.650e+02 6.000e+01
|    ( - -1.994e+02 1 0)
|    ( SILENCE 1 -9.151e+02 1.477e+02 3.700e+01
|        ( - -2.128e+02 1 0)
|        ( QUESTION2 1 -5.546e+02 9.365e+01 2.400e+01
|            ( - -3.156e+02 1 0)
|            ( - -1.453e+02 1 0))))
s>    ( QUESTION0_0_R 1 -1.280e+03 1.650e+02 6.000e+01
s>        ( - -1.994e+02 1 0)
s>        ( SILENCE 1 -9.151e+02 1.477e+02 3.700e+01
s>            ( - -2.128e+02 1 0)
s>            ( QUESTION2 1 -5.546e+02 9.365e+01 2.400e+01
s>                ( - -3.156e+02 1 0)
s>                ( - -1.453e+02 1 0))))INFO: dtree.c(1483): stop. leaf nodes are specific
INFO: dtree.c(1524): Final simple tree
|( QUESTION11 -1 -8.565e+02 1.900e+02 5.307e+01
|    ( SILENCE 1 2.245e+01 1.398e+02 1.400e+01
|        ( - 8.557e+01 1 0)
|        ( - 7.668e+01 1 0))
|    ( QUESTION0 -1 -6.889e+02 1.549e+02 3.907e+01
|        ( - -1.683e+02 1 0)
|        ( - -3.658e+02 1 0)))
s>    ( QUESTION11 -1 -8.565e+02 1.900e+02 5.307e+01
s>        ( SILENCE 1 2.245e+01 1.398e+02 1.400e+01
s>            ( - 8.557e+01 1 0)
s>            ( - 7.668e+01 1 0))
s>        ( QUESTION0 -1 -6.889e+02 1.549e+02 3.907e+01
s>            ( - -1.683e+02 1 0)
s>            ( - -3.658e+02 1 0)))INFO: dtree.c(1351): Comp split 18
INFO: dtree.c(1524): Final simple tree
|( QUESTION0_10_R 1 1.646e+03 1.942e+02 8.731e+01
|    ( - 4.194e+02 1 0)
|    ( QUESTION0_14_R 1 1.421e+03 1.913e+02 7.040e+01
|        ( - 2.142e+02 1 0)
|        ( QUESTION13 1 1.398e+03 1.900e+02 6.840e+01
|            ( - 2.695e+02 1 0)
|            ( QUESTION4 1 1.318e+03 1.623e+02 6.640e+01
|                ( QUESTION0_0_R 1 2.399e+02 2.309e+02 7.000e+00
|                    ( - 2.664e+02 1 0)
|                    ( - 2.044e+02 1 0))
|                ( QUESTION11 1 1.241e+03 1.351e+02 5.940e+01
|                    ( QUESTION0_3_R 1 8.426e+02 1.297e+02 3.681e+01
|                        ( - 1.711e+02 1 0)
|                        ( - 8.012e+02 3 0 QUESTION0_0_R 1 1.030e+02 3.381e+01))
|                    ( - 5.330e+02 4 0 QUESTION0_0_R 1 1.049e+02 2.259e+01))))))
s>    ( QUESTION0_10_R 1 1.646e+03 1.942e+02 8.731e+01
s>        ( - 4.194e+02 1 0)
s>        ( QUESTION0_14_R 1 1.421e+03 1.913e+02 7.040e+01
s>            ( - 2.142e+02 1 0)
s>            ( QUESTION13 1 1.398e+03 1.900e+02 6.840e+01
s>                ( - 2.695e+02 1 0)
s>                ( QUESTION4 1 1.318e+03 1.623e+02 6.640e+01
s>                    ( QUESTION0_0_R 1 2.399e+02 2.309e+02 7.000e+00
s>                        ( - 2.664e+02 1 0)
s>                        ( - 2.044e+02 1 0))
s>                    ( QUESTION11 1 1.241e+03 1.351e+02 5.940e+01
s>                        ( QUESTION0_3_R 1 8.426e+02 1.297e+02 3.681e+01
s>                            ( - 1.711e+02 1 0)
s>                            ( - 8.012e+02 3 0 QUESTION0_0_R 1 1.030e+02 3.381e+01))
s>                        ( - 5.330e+02 4 0 QUESTION0_0_R 1 1.049e+02 2.259e+01))))))INFO: dtree.c(1351): Comp split 19
INFO: dtree.c(1524): Final simple tree
|( QUESTION2_14_L -1 -3.572e+03 1.594e+02 1.925e+02
|    ( QUESTION0_0_R 1 -1.716e+03 1.363e+02 1.045e+02
|        ( - -1.645e+03 3 0)
|        ( - 6.475e+01 1 0))
|    ( QUESTION0_8_R 1 -1.696e+03 1.696e+02 8.799e+01
|        ( - -1.689e+02 1 0)
|        ( QUESTION0_3_R 1 -1.357e+03 1.434e+02 6.999e+01
|            ( - -5.083e+01 1 0)
|            ( QUESTION0_14_R 1 -1.163e+03 1.386e+02 5.899e+01
|                ( - -1.837e+01 1 0)
|                ( SILENCE -1 -1.006e+03 1.363e+02 5.199e+01
|                    ( - 3.946e+01 1 0)
|                    ( QUESTION0_0_R 1 -9.094e+02 1.204e+02 4.499e+01
|                        ( - -6.341e+02 2 0)
|                        ( - -1.549e+02 1 0)))))))
s>    ( QUESTION2_14_L -1 -3.572e+03 1.594e+02 1.925e+02
s>        ( QUESTION0_0_R 1 -1.716e+03 1.363e+02 1.045e+02
s>            ( - -1.645e+03 3 0)
s>            ( - 6.475e+01 1 0))
s>        ( QUESTION0_8_R 1 -1.696e+03 1.696e+02 8.799e+01
s>            ( - -1.689e+02 1 0)
s>            ( QUESTION0_3_R 1 -1.357e+03 1.434e+02 6.999e+01
s>                ( - -5.083e+01 1 0)
s>                ( QUESTION0_14_R 1 -1.163e+03 1.386e+02 5.899e+01
s>                    ( - -1.837e+01 1 0)
s>                    ( SILENCE -1 -1.006e+03 1.363e+02 5.199e+01
s>                        ( - 3.946e+01 1 0)
s>                        ( QUESTION0_0_R 1 -9.094e+02 1.204e+02 4.499e+01
s>                            ( - -6.341e+02 2 0)
s>                            ( - -1.549e+02 1 0)))))))INFO: dtree.c(1483): stop. leaf nodes are specific
INFO: dtree.c(1524): Final simple tree
|( QUESTION2_10_L -1 -4.214e+02 2.007e+02 4.632e+01
|    ( - 2.099e+02 1 0)
|    ( QUESTION0 -1 -4.306e+02 1.947e+02 4.132e+01
|        ( QUESTION0_13_R 1 -3.846e+02 1.111e+02 3.332e+01
|            ( - -2.425e+02 1 0)
|            ( QUESTION0_0_R 1 -3.102e+01 1.123e+02 1.400e+01
|                ( - 4.348e+01 2 0)
|                ( - 3.779e+01 1 0)))
|        ( QUESTION2 1 1.487e+02 1.607e+02 8.000e+00
|            ( - 1.511e+02 1 0)
|            ( - 1.583e+02 1 0))))
s>    ( QUESTION2_10_L -1 -4.214e+02 2.007e+02 4.632e+01
s>        ( - 2.099e+02 1 0)
s>        ( QUESTION0 -1 -4.306e+02 1.947e+02 4.132e+01
s>            ( QUESTION0_13_R 1 -3.846e+02 1.111e+02 3.332e+01
s>                ( - -2.425e+02 1 0)
s>                ( QUESTION0_0_R 1 -3.102e+01 1.123e+02 1.400e+01
s>                    ( - 4.348e+01 2 0)
s>                    ( - 3.779e+01 1 0)))
s>            ( QUESTION2 1 1.487e+02 1.607e+02 8.000e+00
s>                ( - 1.511e+02 1 0)
s>                ( - 1.583e+02 1 0))))INFO: dtree.c(1351): Comp split 20
INFO: dtree.c(1351): Comp split 21
INFO: dtree.c(1483): stop. leaf nodes are specific
INFO: dtree.c(1524): Final simple tree
|( QUESTION0_0_R 1 2.008e+02 2.133e+02 1.200e+01
|    ( - 2.546e+02 1 0)
|    ( - 1.595e+02 1 0))
s>    ( QUESTION0_0_R 1 2.008e+02 2.133e+02 1.200e+01
s>        ( - 2.546e+02 1 0)
s>        ( - 1.595e+02 1 0))INFO: dtree.c(1351): Comp split 22
INFO: dtree.c(1483): stop. leaf nodes are specific
INFO: dtree.c(1524): Final simple tree
|( QUESTION0_8_R 1 1.231e+03 1.797e+02 7.256e+01
|    ( - 3.096e+02 1 0)
|    ( SILENCE 1 1.101e+03 1.658e+02 6.656e+01
|        ( - 1.065e+03 1 0)
|        ( - 2.018e+02 1 0)))
s>    ( QUESTION0_8_R 1 1.231e+03 1.797e+02 7.256e+01
s>        ( - 3.096e+02 1 0)
s>        ( SILENCE 1 1.101e+03 1.658e+02 6.656e+01
s>            ( - 1.065e+03 1 0)
s>            ( - 2.018e+02 1 0)))INFO: dtree.c(1351): Comp split 23
INFO: dtree.c(1524): Final simple tree
|( QUESTION0_10_R 1 1.593e+03 1.944e+02 8.531e+01
|    ( - 4.194e+02 1 0)
|    ( QUESTION13 1 1.368e+03 1.916e+02 6.840e+01
|        ( - 2.695e+02 1 0)
|        ( QUESTION0_14_R 1 1.290e+03 1.900e+02 6.640e+01
|            ( - 2.142e+02 1 0)
|            ( QUESTION4 1 1.266e+03 1.791e+02 6.440e+01
|                ( - 2.044e+02 1 0)
|                ( QUESTION11 1 1.241e+03 1.351e+02 5.940e+01
|                    ( QUESTION0_3_R 1 8.426e+02 1.297e+02 3.681e+01
|                        ( - 1.711e+02 1 0)
|                        ( - 8.012e+02 3 0 QUESTION0_0_R 1 1.030e+02 3.381e+01))
|                    ( QUESTION0_0_R 1 5.330e+02 1.049e+02 2.259e+01
|                        ( - 1.526e+02 1 0)
|                        ( - 4.853e+02 3 0)))))))
s>    ( QUESTION0_10_R 1 1.593e+03 1.944e+02 8.531e+01
s>        ( - 4.194e+02 1 0)
s>        ( QUESTION13 1 1.368e+03 1.916e+02 6.840e+01
s>            ( - 2.695e+02 1 0)
s>            ( QUESTION0_14_R 1 1.290e+03 1.900e+02 6.640e+01
s>                ( - 2.142e+02 1 0)
s>                ( QUESTION4 1 1.266e+03 1.791e+02 6.440e+01
s>                    ( - 2.044e+02 1 0)
s>                    ( QUESTION11 1 1.241e+03 1.351e+02 5.940e+01
s>                        ( QUESTION0_3_R 1 8.426e+02 1.297e+02 3.681e+01
s>                            ( - 1.711e+02 1 0)
s>                            ( - 8.012e+02 3 0 QUESTION0_0_R 1 1.030e+02 3.381e+01))
s>                        ( QUESTION0_0_R 1 5.330e+02 1.049e+02 2.259e+01
s>                            ( - 1.526e+02 1 0)
s>                            ( - 4.853e+02 3 0)))))))INFO: dtree.c(1351): Comp split 24
INFO: dtree.c(1351): Comp split 25
INFO: dtree.c(1483): stop. leaf nodes are specific
INFO: dtree.c(1524): Final simple tree
|( QUESTION2 -1 -1.851e+03 1.281e+02 1.191e+02
|    ( QUESTION0_1_R 1 -8.512e+02 1.184e+02 6.305e+01
|        ( - -4.539e+02 1 0)
|        ( - -2.789e+02 1 0))
|    ( QUESTION0_0_R 1 -8.721e+02 1.134e+02 5.608e+01
|        ( - -7.157e+02 1 0)
|        ( - -4.300e+01 1 0)))
s>    ( QUESTION2 -1 -1.851e+03 1.281e+02 1.191e+02
s>        ( QUESTION0_1_R 1 -8.512e+02 1.184e+02 6.305e+01
s>            ( - -4.539e+02 1 0)
s>            ( - -2.789e+02 1 0))
s>        ( QUESTION0_0_R 1 -8.721e+02 1.134e+02 5.608e+01
s>            ( - -7.157e+02 1 0)
s>            ( - -4.300e+01 1 0)))INFO: dtree.c(1483): stop. leaf nodes are specific
INFO: dtree.c(1524): Final simple tree
|( QUESTION0_5_R 1 -5.842e+02 1.621e+02 6.489e+01
|    ( - 6.353e+01 1 0)
|    ( QUESTION0_14_R 1 -4.856e+02 1.477e+02 5.089e+01
|        ( - -1.912e+02 1 0)
|        ( QUESTION0 -1 -1.467e+02 1.204e+02 2.700e+01
|            ( - 3.564e+01 1 0)
|            ( SILENCE -1 -6.198e+01 1.017e+02 1.900e+01
|                ( - 2.337e+01 1 0)
|                ( - 1.634e+01 1 0)))))
s>    ( QUESTION0_5_R 1 -5.842e+02 1.621e+02 6.489e+01
s>        ( - 6.353e+01 1 0)
s>        ( QUESTION0_14_R 1 -4.856e+02 1.477e+02 5.089e+01
s>            ( - -1.912e+02 1 0)
s>            ( QUESTION0 -1 -1.467e+02 1.204e+02 2.700e+01
s>                ( - 3.564e+01 1 0)
s>                ( SILENCE -1 -6.198e+01 1.017e+02 1.900e+01
s>                    ( - 2.337e+01 1 0)
s>                    ( - 1.634e+01 1 0)))))INFO: dtree.c(1351): Comp split 26
INFO: dtree.c(1351): Comp split 27
INFO: dtree.c(1483): stop. leaf nodes are specific
INFO: dtree.c(1524): Final simple tree
|( SILENCE -1 -1.096e+02 9.823e+01 1.800e+01
|    ( - 3.946e+01 1 0)
|    ( - -5.083e+01 1 0))
s>    ( SILENCE -1 -1.096e+02 9.823e+01 1.800e+01
s>        ( - 3.946e+01 1 0)
s>        ( - -5.083e+01 1 0))INFO: dtree.c(1483): stop. leaf nodes are specific
INFO: dtree.c(1524): Final simple tree
|( QUESTION0_8_R 1 -3.258e+03 1.561e+02 1.745e+02
|    ( - -1.689e+02 1 0)
|    ( QUESTION2_14_L -1 -2.933e+03 1.521e+02 1.565e+02
|        ( QUESTION0_0_R 1 -1.716e+03 1.363e+02 1.045e+02
|            ( - -1.645e+03 3 0)
|            ( - 6.475e+01 1 0))
|        ( SILENCE -1 -1.065e+03 1.369e+02 5.199e+01
|            ( - -1.837e+01 1 0)
|            ( QUESTION0_0_R 1 -9.094e+02 1.204e+02 4.499e+01
|                ( - -6.341e+02 2 0)
|                ( - -1.549e+02 1 0)))))
s>    ( QUESTION0_8_R 1 -3.258e+03 1.561e+02 1.745e+02
s>        ( - -1.689e+02 1 0)
s>        ( QUESTION2_14_L -1 -2.933e+03 1.521e+02 1.565e+02
s>            ( QUESTION0_0_R 1 -1.716e+03 1.363e+02 1.045e+02
s>                ( - -1.645e+03 3 0)
s>                ( - 6.475e+01 1 0))
s>            ( SILENCE -1 -1.065e+03 1.369e+02 5.199e+01
s>                ( - -1.837e+01 1 0)
s>                ( QUESTION0_0_R 1 -9.094e+02 1.204e+02 4.499e+01
s>                    ( - -6.341e+02 2 0)
s>                    ( - -1.549e+02 1 0)))))INFO: dtree.c(1351): Comp split 28
INFO: dtree.c(1483): stop. leaf nodes are specific
INFO: dtree.c(1524): Final simple tree
|( QUESTION0 -1 -4.306e+02 1.947e+02 4.132e+01
|    ( QUESTION0_13_R 1 -3.846e+02 1.111e+02 3.332e+01
|        ( - -2.425e+02 1 0)
|        ( QUESTION0_0_R 1 -3.102e+01 1.123e+02 1.400e+01
|            ( - 4.348e+01 2 0)
|            ( - 3.779e+01 1 0)))
|    ( QUESTION2 1 1.487e+02 1.607e+02 8.000e+00
|        ( - 1.511e+02 1 0)
|        ( - 1.583e+02 1 0)))
s>    ( QUESTION0 -1 -4.306e+02 1.947e+02 4.132e+01
s>        ( QUESTION0_13_R 1 -3.846e+02 1.111e+02 3.332e+01
s>            ( - -2.425e+02 1 0)
s>            ( QUESTION0_0_R 1 -3.102e+01 1.123e+02 1.400e+01
s>                ( - 4.348e+01 2 0)
s>                ( - 3.779e+01 1 0)))
s>        ( QUESTION2 1 1.487e+02 1.607e+02 8.000e+00
s>            ( - 1.511e+02 1 0)
s>            ( - 1.583e+02 1 0)))INFO: dtree.c(1351): Comp split 29
INFO: dtree.c(1483): stop. leaf nodes are specific
INFO: dtree.c(1524): Final simple tree
|( QUESTION0_13_R 1 -3.846e+02 1.111e+02 3.332e+01
|    ( - -2.425e+02 1 0)
|    ( QUESTION0_0_R 1 -3.102e+01 1.123e+02 1.400e+01
|        ( - 4.348e+01 2 0)
|        ( - 3.779e+01 1 0)))
s>    ( QUESTION0_13_R 1 -3.846e+02 1.111e+02 3.332e+01
s>        ( - -2.425e+02 1 0)
s>        ( QUESTION0_0_R 1 -3.102e+01 1.123e+02 1.400e+01
s>            ( - 4.348e+01 2 0)
s>            ( - 3.779e+01 1 0)))INFO: dtree.c(1483): stop. leaf nodes are specific
INFO: dtree.c(1524): Final simple tree
|( QUESTION2 1 1.487e+02 1.607e+02 8.000e+00
|    ( - 1.511e+02 1 0)
|    ( - 1.583e+02 1 0))
s>    ( QUESTION2 1 1.487e+02 1.607e+02 8.000e+00
s>        ( - 1.511e+02 1 0)
s>        ( - 1.583e+02 1 0))INFO: dtree.c(1351): Comp split 30
INFO: dtree.c(1524): Final simple tree
|( QUESTION13 1 1.368e+03 1.916e+02 6.840e+01
|    ( - 2.695e+02 1 0)
|    ( QUESTION0_14_R 1 1.290e+03 1.900e+02 6.640e+01
|        ( - 2.142e+02 1 0)
|        ( QUESTION4 1 1.266e+03 1.791e+02 6.440e+01
|            ( - 2.044e+02 1 0)
|            ( QUESTION11 1 1.241e+03 1.351e+02 5.940e+01
|                ( QUESTION0_3_R 1 8.426e+02 1.297e+02 3.681e+01
|                    ( - 1.711e+02 1 0)
|                    ( QUESTION0_0_R 1 8.012e+02 1.030e+02 3.381e+01
|                        ( - 7.518e+02 1 0)
|                        ( - 1.524e+02 2 0)))
|                ( QUESTION0_0_R 1 5.330e+02 1.049e+02 2.259e+01
|                    ( - 1.526e+02 1 0)
|                    ( - 4.853e+02 3 0))))))
s>    ( QUESTION13 1 1.368e+03 1.916e+02 6.840e+01
s>        ( - 2.695e+02 1 0)
s>        ( QUESTION0_14_R 1 1.290e+03 1.900e+02 6.640e+01
s>            ( - 2.142e+02 1 0)
s>            ( QUESTION4 1 1.266e+03 1.791e+02 6.440e+01
s>                ( - 2.044e+02 1 0)
s>                ( QUESTION11 1 1.241e+03 1.351e+02 5.940e+01
s>                    ( QUESTION0_3_R 1 8.426e+02 1.297e+02 3.681e+01
s>                        ( - 1.711e+02 1 0)
s>                        ( QUESTION0_0_R 1 8.012e+02 1.030e+02 3.381e+01
s>                            ( - 7.518e+02 1 0)
s>                            ( - 1.524e+02 2 0)))
s>                    ( QUESTION0_0_R 1 5.330e+02 1.049e+02 2.259e+01
s>                        ( - 1.526e+02 1 0)
s>                        ( - 4.853e+02 3 0))))))INFO: dtree.c(1351): Comp split 31
INFO: dtree.c(1483): stop. leaf nodes are specific
INFO: dtree.c(1524): Final simple tree
|( QUESTION0_14_R 1 1.290e+03 1.900e+02 6.640e+01
|    ( - 2.142e+02 1 0)
|    ( QUESTION4 1 1.266e+03 1.791e+02 6.440e+01
|        ( - 2.044e+02 1 0)
|        ( QUESTION11 1 1.241e+03 1.351e+02 5.940e+01
|            ( QUESTION0_3_R 1 8.426e+02 1.297e+02 3.681e+01
|                ( - 1.711e+02 1 0)
|                ( QUESTION0_0_R 1 8.012e+02 1.030e+02 3.381e+01
|                    ( - 7.518e+02 1 0)
|                    ( - 1.524e+02 2 0)))
|            ( QUESTION0_0_R 1 5.330e+02 1.049e+02 2.259e+01
|                ( - 1.526e+02 1 0)
|                ( - 4.853e+02 3 0)))))
s>    ( QUESTION0_14_R 1 1.290e+03 1.900e+02 6.640e+01
s>        ( - 2.142e+02 1 0)
s>        ( QUESTION4 1 1.266e+03 1.791e+02 6.440e+01
s>            ( - 2.044e+02 1 0)
s>            ( QUESTION11 1 1.241e+03 1.351e+02 5.940e+01
s>                ( QUESTION0_3_R 1 8.426e+02 1.297e+02 3.681e+01
s>                    ( - 1.711e+02 1 0)
s>                    ( QUESTION0_0_R 1 8.012e+02 1.030e+02 3.381e+01
s>                        ( - 7.518e+02 1 0)
s>                        ( - 1.524e+02 2 0)))
s>                ( QUESTION0_0_R 1 5.330e+02 1.049e+02 2.259e+01
s>                    ( - 1.526e+02 1 0)
s>                    ( - 4.853e+02 3 0)))))INFO: dtree.c(1351): Comp split 32
INFO: dtree.c(1351): Comp split 33
INFO: dtree.c(1483): stop. leaf nodes are specific
INFO: dtree.c(1524): Final simple tree
|( QUESTION4 1 1.266e+03 1.791e+02 6.440e+01
|    ( - 2.044e+02 1 0)
|    ( QUESTION11 1 1.241e+03 1.351e+02 5.940e+01
|        ( QUESTION0_3_R 1 8.426e+02 1.297e+02 3.681e+01
|            ( - 1.711e+02 1 0)
|            ( QUESTION0_0_R 1 8.012e+02 1.030e+02 3.381e+01
|                ( - 7.518e+02 1 0)
|                ( - 1.524e+02 2 0)))
|        ( QUESTION0_0_R 1 5.330e+02 1.049e+02 2.259e+01
|            ( - 1.526e+02 1 0)
|            ( - 4.853e+02 3 0))))
s>    ( QUESTION4 1 1.266e+03 1.791e+02 6.440e+01
s>        ( - 2.044e+02 1 0)
s>        ( QUESTION11 1 1.241e+03 1.351e+02 5.940e+01
s>            ( QUESTION0_3_R 1 8.426e+02 1.297e+02 3.681e+01
s>                ( - 1.711e+02 1 0)
s>                ( QUESTION0_0_R 1 8.012e+02 1.030e+02 3.381e+01
s>                    ( - 7.518e+02 1 0)
s>                    ( - 1.524e+02 2 0)))
s>            ( QUESTION0_0_R 1 5.330e+02 1.049e+02 2.259e+01
s>                ( - 1.526e+02 1 0)
s>                ( - 4.853e+02 3 0))))INFO: dtree.c(1351): Comp split 34
INFO: dtree.c(1483): stop. leaf nodes are specific
INFO: dtree.c(1524): Final simple tree
|( QUESTION0 -1 -6.889e+02 1.549e+02 3.907e+01
|    ( - -1.683e+02 1 0)
|    ( - -3.658e+02 1 0))
s>    ( QUESTION0 -1 -6.889e+02 1.549e+02 3.907e+01
s>        ( - -1.683e+02 1 0)
s>        ( - -3.658e+02 1 0))INFO: dtree.c(1483): stop. leaf nodes are specific
INFO: dtree.c(1524): Final simple tree
|( SILENCE 1 2.245e+01 1.398e+02 1.400e+01
|    ( - 8.557e+01 1 0)
|    ( - 7.668e+01 1 0))
s>    ( SILENCE 1 2.245e+01 1.398e+02 1.400e+01
s>        ( - 8.557e+01 1 0)
s>        ( - 7.668e+01 1 0))INFO: dtree.c(1351): Comp split 35
INFO: dtree.c(1483): stop. leaf nodes are specific
INFO: dtree.c(1524): Final simple tree
|( QUESTION0_0_R 1 -3.477e+02 1.562e+02 3.997e+01
|    ( - -2.088e+02 1 0)
|    ( - 1.738e+01 1 0))
s>    ( QUESTION0_0_R 1 -3.477e+02 1.562e+02 3.997e+01
s>        ( - -2.088e+02 1 0)
s>        ( - 1.738e+01 1 0))INFO: dtree.c(1483): stop. leaf nodes are specific
INFO: dtree.c(1524): Final simple tree
|( QUESTION0_1_R 1 -6.119e+01 1.632e+02 3.062e+01
|    ( - 2.994e+01 1 0)
|    ( - 7.202e+01 1 0))
s>    ( QUESTION0_1_R 1 -6.119e+01 1.632e+02 3.062e+01
s>        ( - 2.994e+01 1 0)
s>        ( - 7.202e+01 1 0))INFO: dtree.c(1351): Comp split 36
INFO: dtree.c(1351): Comp split 37
INFO: dtree.c(1483): stop. leaf nodes are specific
INFO: dtree.c(1524): Final simple tree
|( QUESTION11 1 1.200e+03 1.347e+02 5.640e+01
|    ( QUESTION0_0_R 1 8.012e+02 1.030e+02 3.381e+01
|        ( - 7.518e+02 1 0)
|        ( - 1.524e+02 2 0))
|    ( QUESTION0_0_R 1 5.330e+02 1.049e+02 2.259e+01
|        ( - 1.526e+02 1 0)
|        ( - 4.853e+02 3 0)))
s>    ( QUESTION11 1 1.200e+03 1.347e+02 5.640e+01
s>        ( QUESTION0_0_R 1 8.012e+02 1.030e+02 3.381e+01
s>            ( - 7.518e+02 1 0)
s>            ( - 1.524e+02 2 0))
s>        ( QUESTION0_0_R 1 5.330e+02 1.049e+02 2.259e+01
s>            ( - 1.526e+02 1 0)
s>            ( - 4.853e+02 3 0)))INFO: dtree.c(1483): stop. leaf nodes are specific
INFO: dtree.c(1524): Final simple tree
|( QUESTION0_0_R 1 2.470e+02 1.284e+02 8.000e+00
|    ( - 1.711e+02 1 0)
|    ( - 2.044e+02 1 0))
s>    ( QUESTION0_0_R 1 2.470e+02 1.284e+02 8.000e+00
s>        ( - 1.711e+02 1 0)
s>        ( - 2.044e+02 1 0))INFO: dtree.c(1351): Comp split 38
INFO: dtree.c(1483): stop. leaf nodes are specific
INFO: dtree.c(1524): Final simple tree
|( SILENCE 1 1.101e+03 1.658e+02 6.656e+01
|    ( - 1.065e+03 1 0)
|    ( - 2.018e+02 1 0))
s>    ( SILENCE 1 1.101e+03 1.658e+02 6.656e+01
s>        ( - 1.065e+03 1 0)
s>        ( - 2.018e+02 1 0))INFO: dtree.c(1351): Comp split 39
INFO: dtree.c(1483): stop. leaf nodes are specific
INFO: dtree.c(1524): Final simple tree
|( QUESTION0_5_R 1 -1.239e+02 1.694e+02 3.796e+01
|    ( QUESTION0 -1 7.559e+01 1.306e+02 1.400e+01
|        ( - 1.441e+02 1 0)
|        ( - 6.217e+01 1 0))
|    ( - -3.011e+01 1 0))
s>    ( QUESTION0_5_R 1 -1.239e+02 1.694e+02 3.796e+01
s>        ( QUESTION0 -1 7.559e+01 1.306e+02 1.400e+01
s>            ( - 1.441e+02 1 0)
s>            ( - 6.217e+01 1 0))
s>        ( - -3.011e+01 1 0))INFO: dtree.c(1351): Comp split 40
INFO: dtree.c(1483): stop. leaf nodes are specific
INFO: dtree.c(1524): Final simple tree
|( QUESTION0 -1 7.559e+01 1.306e+02 1.400e+01
|    ( - 1.441e+02 1 0)
|    ( - 6.217e+01 1 0))
s>    ( QUESTION0 -1 7.559e+01 1.306e+02 1.400e+01
s>        ( - 1.441e+02 1 0)
s>        ( - 6.217e+01 1 0))INFO: dtree.c(1351): Comp split 41
INFO: dtree.c(1351): Comp split 42
INFO: dtree.c(1483): stop. leaf nodes are specific
INFO: dtree.c(1524): Final simple tree
|( SILENCE 1 -9.151e+02 1.477e+02 3.700e+01
|    ( - -2.128e+02 1 0)
|    ( QUESTION2 1 -5.546e+02 9.365e+01 2.400e+01
|        ( - -3.156e+02 1 0)
|        ( - -1.453e+02 1 0)))
s>    ( SILENCE 1 -9.151e+02 1.477e+02 3.700e+01
s>        ( - -2.128e+02 1 0)
s>        ( QUESTION2 1 -5.546e+02 9.365e+01 2.400e+01
s>            ( - -3.156e+02 1 0)
s>            ( - -1.453e+02 1 0)))INFO: dtree.c(1351): Comp split 43
INFO: dtree.c(1351): Comp split 44
INFO: dtree.c(1483): stop. leaf nodes are specific
INFO: dtree.c(1524): Final simple tree
|( QUESTION0_14_R 1 -4.856e+02 1.477e+02 5.089e+01
|    ( - -1.912e+02 1 0)
|    ( QUESTION0 -1 -1.467e+02 1.204e+02 2.700e+01
|        ( - 3.564e+01 1 0)
|        ( SILENCE -1 -6.198e+01 1.017e+02 1.900e+01
|            ( - 2.337e+01 1 0)
|            ( - 1.634e+01 1 0))))
s>    ( QUESTION0_14_R 1 -4.856e+02 1.477e+02 5.089e+01
s>        ( - -1.912e+02 1 0)
s>        ( QUESTION0 -1 -1.467e+02 1.204e+02 2.700e+01
s>            ( - 3.564e+01 1 0)
s>            ( SILENCE -1 -6.198e+01 1.017e+02 1.900e+01
s>                ( - 2.337e+01 1 0)
s>                ( - 1.634e+01 1 0))))INFO: dtree.c(1351): Comp split 45
INFO: dtree.c(1351): Comp split 46
INFO: dtree.c(1351): Comp split 47
INFO: dtree.c(1483): stop. leaf nodes are specific
INFO: dtree.c(1524): Final simple tree
|( QUESTION2_14_L -1 -2.933e+03 1.521e+02 1.565e+02
|    ( QUESTION0_0_R 1 -1.716e+03 1.363e+02 1.045e+02
|        ( - -1.645e+03 3 0)
|        ( - 6.475e+01 1 0))
|    ( SILENCE -1 -1.065e+03 1.369e+02 5.199e+01
|        ( - -1.837e+01 1 0)
|        ( QUESTION0_0_R 1 -9.094e+02 1.204e+02 4.499e+01
|            ( - -6.341e+02 2 0)
|            ( - -1.549e+02 1 0))))
s>    ( QUESTION2_14_L -1 -2.933e+03 1.521e+02 1.565e+02
s>        ( QUESTION0_0_R 1 -1.716e+03 1.363e+02 1.045e+02
s>            ( - -1.645e+03 3 0)
s>            ( - 6.475e+01 1 0))
s>        ( SILENCE -1 -1.065e+03 1.369e+02 5.199e+01
s>            ( - -1.837e+01 1 0)
s>            ( QUESTION0_0_R 1 -9.094e+02 1.204e+02 4.499e+01
s>                ( - -6.341e+02 2 0)
s>                ( - -1.549e+02 1 0))))INFO: dtree.c(1351): Comp split 48
INFO: dtree.c(1351): Comp split 49
INFO: dtree.c(1483): stop. leaf nodes are specific
INFO: dtree.c(1524): Final simple tree
|( SILENCE -1 -1.065e+03 1.369e+02 5.199e+01
|    ( - -1.837e+01 1 0)
|    ( QUESTION0_0_R 1 -9.094e+02 1.204e+02 4.499e+01
|        ( - -6.341e+02 2 0)
|        ( - -1.549e+02 1 0)))
s>    ( SILENCE -1 -1.065e+03 1.369e+02 5.199e+01
s>        ( - -1.837e+01 1 0)
s>        ( QUESTION0_0_R 1 -9.094e+02 1.204e+02 4.499e+01
s>            ( - -6.341e+02 2 0)
s>            ( - -1.549e+02 1 0)))INFO: dtree.c(1483): stop. leaf nodes are specific
INFO: dtree.c(1524): Final simple tree
|( QUESTION0_0_R 1 -1.716e+03 1.363e+02 1.045e+02
|    ( - -1.645e+03 3 0)
|    ( - 6.475e+01 1 0))
s>    ( QUESTION0_0_R 1 -1.716e+03 1.363e+02 1.045e+02
s>        ( - -1.645e+03 3 0)
s>        ( - 6.475e+01 1 0))INFO: dtree.c(1351): Comp split 50
INFO: dtree.c(1483): stop. leaf nodes are specific
INFO: dtree.c(1524): Final simple tree
|( QUESTION0 -1 -1.467e+02 1.204e+02 2.700e+01
|    ( - 3.564e+01 1 0)
|    ( SILENCE -1 -6.198e+01 1.017e+02 1.900e+01
|        ( - 2.337e+01 1 0)
|        ( - 1.634e+01 1 0)))
s>    ( QUESTION0 -1 -1.467e+02 1.204e+02 2.700e+01
s>        ( - 3.564e+01 1 0)
s>        ( SILENCE -1 -6.198e+01 1.017e+02 1.900e+01
s>            ( - 2.337e+01 1 0)
s>            ( - 1.634e+01 1 0)))INFO: dtree.c(1351): Comp split 51
INFO: dtree.c(1483): stop. leaf nodes are specific
INFO: dtree.c(1524): Final simple tree
|( QUESTION2 1 -5.546e+02 9.365e+01 2.400e+01
|    ( - -3.156e+02 1 0)
|    ( - -1.453e+02 1 0))
s>    ( QUESTION2 1 -5.546e+02 9.365e+01 2.400e+01
s>        ( - -3.156e+02 1 0)
s>        ( - -1.453e+02 1 0))INFO: dtree.c(1351): Comp split 52
INFO: dtree.c(1483): stop. leaf nodes are specific
INFO: dtree.c(1524): Final simple tree
|( QUESTION0_0_R 1 -1.432e+03 1.125e+02 8.631e+01
|    ( QUESTION0_1_R 1 -1.277e+03 1.074e+02 8.031e+01
|        ( - -4.539e+02 1 0)
|        ( - -7.157e+02 1 0))
|    ( - -4.300e+01 1 0))
s>    ( QUESTION0_0_R 1 -1.432e+03 1.125e+02 8.631e+01
s>        ( QUESTION0_1_R 1 -1.277e+03 1.074e+02 8.031e+01
s>            ( - -4.539e+02 1 0)
s>            ( - -7.157e+02 1 0))
s>        ( - -4.300e+01 1 0))INFO: dtree.c(1351): Comp split 53
INFO: dtree.c(1351): Comp split 54
INFO: dtree.c(1483): stop. leaf nodes are specific
INFO: dtree.c(1524): Final simple tree
|( QUESTION0_0_R 1 -9.094e+02 1.204e+02 4.499e+01
|    ( - -6.341e+02 2 0)
|    ( - -1.549e+02 1 0))
s>    ( QUESTION0_0_R 1 -9.094e+02 1.204e+02 4.499e+01
s>        ( - -6.341e+02 2 0)
s>        ( - -1.549e+02 1 0))INFO: dtree.c(1351): Comp split 55
INFO: dtree.c(1351): Comp split 56
INFO: dtree.c(1483): stop. leaf nodes are specific
INFO: dtree.c(1524): Final simple tree
|( QUESTION0_0_R 1 5.330e+02 1.049e+02 2.259e+01
|    ( - 1.526e+02 1 0)
|    ( - 4.853e+02 3 0))
s>    ( QUESTION0_0_R 1 5.330e+02 1.049e+02 2.259e+01
s>        ( - 1.526e+02 1 0)
s>        ( - 4.853e+02 3 0))INFO: dtree.c(1483): stop. leaf nodes are specific
INFO: dtree.c(1524): Final simple tree
|( QUESTION0_0_R 1 8.012e+02 1.030e+02 3.381e+01
|    ( - 7.518e+02 1 0)
|    ( - 1.524e+02 2 0))
s>    ( QUESTION0_0_R 1 8.012e+02 1.030e+02 3.381e+01
s>        ( - 7.518e+02 1 0)
s>        ( - 1.524e+02 2 0))INFO: dtree.c(1351): Comp split 57
INFO: dtree.c(1483): stop. leaf nodes are specific
INFO: dtree.c(1524): Final simple tree
|( QUESTION0 -1 -1.081e+04 1.178e+02 5.958e+02
|    ( QUESTION0_14_R 1 -1.056e+04 1.147e+02 5.788e+02
|        ( - -8.208e+01 1 0)
|        ( QUESTION0_0_R 1 -1.036e+04 7.286e+01 5.688e+02
|            ( - -4.093e+02 1 0)
|            ( - -9.879e+03 1 0)))
|    ( - -1.370e+02 1 0))
s>    ( QUESTION0 -1 -1.081e+04 1.178e+02 5.958e+02
s>        ( QUESTION0_14_R 1 -1.056e+04 1.147e+02 5.788e+02
s>            ( - -8.208e+01 1 0)
s>            ( QUESTION0_0_R 1 -1.036e+04 7.286e+01 5.688e+02
s>                ( - -4.093e+02 1 0)
s>                ( - -9.879e+03 1 0)))
s>        ( - -1.370e+02 1 0))INFO: dtree.c(1351): Comp split 58
INFO: dtree.c(1351): Comp split 59
INFO: dtree.c(1351): Comp split 60
INFO: dtree.c(1351): Comp split 61
INFO: dtree.c(1483): stop. leaf nodes are specific
INFO: dtree.c(1524): Final simple tree
|( SILENCE -1 -6.198e+01 1.017e+02 1.900e+01
|    ( - 2.337e+01 1 0)
|    ( - 1.634e+01 1 0))
s>    ( SILENCE -1 -6.198e+01 1.017e+02 1.900e+01
s>        ( - 2.337e+01 1 0)
s>        ( - 1.634e+01 1 0))INFO: dtree.c(1351): Comp split 62
INFO: dtree.c(1483): stop. leaf nodes are specific
INFO: dtree.c(1524): Final simple tree
|( QUESTION0_0_R 1 -1.036e+04 7.286e+01 5.688e+02
|    ( - -4.093e+02 1 0)
|    ( - -9.879e+03 1 0))
s>    ( QUESTION0_0_R 1 -1.036e+04 7.286e+01 5.688e+02
s>        ( - -4.093e+02 1 0)
s>        ( - -9.879e+03 1 0))INFO: dtree.c(1483): stop. leaf nodes are specific
INFO: dtree.c(1524): Final simple tree
|( QUESTION0_13_R 1 -3.331e+02 1.140e+02 2.700e+01
|    ( - -1.370e+02 1 0)
|    ( - -8.208e+01 1 0))
s>    ( QUESTION0_13_R 1 -3.331e+02 1.140e+02 2.700e+01
s>        ( - -1.370e+02 1 0)
s>        ( - -8.208e+01 1 0))INFO: dtree.c(1351): Comp split 63
INFO: dtree.c(1351): Comp split 64
INFO: dtree.c(1483): stop. leaf nodes are specific
INFO: dtree.c(1524): Final simple tree
|( QUESTION0_1_R 1 -1.277e+03 1.074e+02 8.031e+01
|    ( - -4.539e+02 1 0)
|    ( - -7.157e+02 1 0))
s>    ( QUESTION0_1_R 1 -1.277e+03 1.074e+02 8.031e+01
s>        ( - -4.539e+02 1 0)
s>        ( - -7.157e+02 1 0))INFO: dtree.c(1351): Comp split 65
INFO: dtree.c(1483): stop. leaf nodes are specific
INFO: dtree.c(1524): Final simple tree
|( QUESTION0_0_R 1 -3.102e+01 1.123e+02 1.400e+01
|    ( - 4.348e+01 2 0)
|    ( - 3.779e+01 1 0))
s>    ( QUESTION0_0_R 1 -3.102e+01 1.123e+02 1.400e+01
s>        ( - 4.348e+01 2 0)
s>        ( - 3.779e+01 1 0))INFO: dtree.c(1351): Comp split 66
INFO: dtree.c(1351): Comp split 67
INFO: dtree.c(1351): Comp split 68
INFO: dtree.c(1351): Comp split 69
INFO: dtree.c(1351): Comp split 70
INFO: dtree.c(1351): Comp split 71
INFO: dtree.c(1351): Comp split 72
INFO: dtree.c(1351): Comp split 73
INFO: dtree.c(1351): Comp split 74
INFO: dtree.c(1351): Comp split 75
INFO: dtree.c(1351): Comp split 76
INFO: dtree.c(1354): stop. leaf nodes are specific
Tue May 31 10:45:36 2011
