INFO: cmd_ln.c(691): Parsing command line:
/home/xkrajnan/Plocha/GSoC/PocketSphinx/an4/bin/bldtree \
	-treefn /home/xkrajnan/Plocha/GSoC/PocketSphinx/an4/trees/an4.unpruned/V-1.dtree \
	-moddeffn /home/xkrajnan/Plocha/GSoC/PocketSphinx/an4/model_architecture/an4.untied.mdef \
	-mixwfn /home/xkrajnan/Plocha/GSoC/PocketSphinx/an4/model_parameters/an4.cd_cont_untied/mixture_weights \
	-ts2cbfn .cont. \
	-mwfloor 1e-08 \
	-psetfn /home/xkrajnan/Plocha/GSoC/PocketSphinx/an4/model_architecture/an4.tree_questions \
	-phone V \
	-state 1 \
	-stwt 1.0,0.05,0.0 \
	-meanfn /home/xkrajnan/Plocha/GSoC/PocketSphinx/an4/model_parameters/an4.cd_cont_untied/means \
	-varfn /home/xkrajnan/Plocha/GSoC/PocketSphinx/an4/model_parameters/an4.cd_cont_untied/variances \
	-fullvar no \
	-ssplitmin 1 \
	-ssplitmax 7 \
	-ssplitthr 0 \
	-csplitmin 1 \
	-csplitmax 2000 \
	-csplitthr 0 

Current configuration:
[NAME]		[DEFLT]	[VALUE]
-allphones	no	no
-cntthresh	0.00001	1.000000e-05
-csplitmax	100	2000
-csplitmin	1	1
-csplitthr	8e-4	0.000000e+00
-example	no	no
-fullvar	no	no
-help		no	no
-meanfn			/home/xkrajnan/Plocha/GSoC/PocketSphinx/an4/model_parameters/an4.cd_cont_untied/means
-mixwfn			/home/xkrajnan/Plocha/GSoC/PocketSphinx/an4/model_parameters/an4.cd_cont_untied/mixture_weights
-moddeffn		/home/xkrajnan/Plocha/GSoC/PocketSphinx/an4/model_architecture/an4.untied.mdef
-mwfloor	1e-4	1.000000e-08
-phone			V
-psetfn			/home/xkrajnan/Plocha/GSoC/PocketSphinx/an4/model_architecture/an4.tree_questions
-ssplitmax	5	7
-ssplitmin	1	1
-ssplitthr	8e-4	0.000000e+00
-state			1
-stwt			1.0,0.05,0.0,
-treefn			/home/xkrajnan/Plocha/GSoC/PocketSphinx/an4/trees/an4.unpruned/V-1.dtree
-ts2cbfn	.semi.	.cont.
-varfloor	0.00001	1.000000e-05
-varfn			/home/xkrajnan/Plocha/GSoC/PocketSphinx/an4/model_parameters/an4.cd_cont_untied/variances

INFO: main.c(228): Reading: /home/xkrajnan/Plocha/GSoC/PocketSphinx/an4/model_architecture/an4.untied.mdef
INFO: model_def_io.c(587): Model definition info:
INFO: model_def_io.c(588): 1618 total models defined (34 base, 1584 tri)
INFO: model_def_io.c(589): 6472 total states
INFO: model_def_io.c(590): 4854 total tied states
INFO: model_def_io.c(591): 102 total tied CI states
INFO: model_def_io.c(592): 34 total tied transition matrices
INFO: model_def_io.c(593): 4 max state/model
INFO: model_def_io.c(594): 4 min state/model
INFO: main.c(247): Building trees for [V AH IY b] through [V T IY b]
INFO: main.c(275): Covering states |[4587 4670]| == 84
INFO: main.c(282): Reading: /home/xkrajnan/Plocha/GSoC/PocketSphinx/an4/model_parameters/an4.cd_cont_untied/mixture_weights
INFO: s3mixw_io.c(172): Read /home/xkrajnan/Plocha/GSoC/PocketSphinx/an4/model_parameters/an4.cd_cont_untied/mixture_weights [84x1x1 array]
INFO: main.c(320): 28 of 28 models have observation count greater than 0.000010
INFO: main.c(94): nrm stwt: 0.045 0.909 0.045 
INFO: s3gau_io.c(166): Read /home/xkrajnan/Plocha/GSoC/PocketSphinx/an4/model_parameters/an4.cd_cont_untied/means [4854x1x1 array]
INFO: s3gau_io.c(166): Read /home/xkrajnan/Plocha/GSoC/PocketSphinx/an4/model_parameters/an4.cd_cont_untied/variances [4854x1x1 array]
INFO: main.c(576): Reading: /home/xkrajnan/Plocha/GSoC/PocketSphinx/an4/model_architecture/an4.tree_questions
INFO: main.c(619): 180 total simple questions (172 phone; 8 word bndry)
INFO: main.c(621): 42 Left Only questions, and 42 Right Only questions
INFO: dtree.c(1524): Final simple tree
|( WDBNDRY_I 0 -4.210e+03 2.221e+03 1.007e+03
|    ( - -7.693e+01 1 0)
|    ( WDBNDRY_B 0 -1.913e+03 9.937e+02 7.063e+02
|        ( QUESTION2_0_L -1 -3.835e+02 4.956e+02 1.763e+02
|            ( - 3.390e+02 3 0 QUESTION2_1_L -1 1.922e+02 1.234e+02)
|            ( SILENCE -1 -2.269e+02 2.739e+02 5.292e+01
|                ( - 1.910e+02 1 0)
|                ( - -1.440e+02 6 0 QUESTION2_10_L -1 1.675e+02 3.642e+01)))
|        ( SILENCE 1 -5.358e+02 4.922e+02 5.299e+02
|            ( - 3.395e+02 2 0 QUESTION2_0_L -1 1.951e+02 1.481e+02)
|            ( QUESTION2_0_L -1 -3.831e+02 3.122e+02 3.818e+02
|                ( QUESTION5 1 -2.342e+02 2.293e+02 3.678e+02
|                    ( - -1.894e+01 1 0)
|                    ( - 1.411e+01 10 0 QUESTION0_1_R 1 1.596e+02 3.259e+02))
|                ( - 1.632e+02 4 0 QUESTION0_1_R 1 1.753e+02 1.400e+01)))))
s>    ( WDBNDRY_I 0 -4.210e+03 2.221e+03 1.007e+03
s>        ( - -7.693e+01 1 0)
s>        ( WDBNDRY_B 0 -1.913e+03 9.937e+02 7.063e+02
s>            ( QUESTION2_0_L -1 -3.835e+02 4.956e+02 1.763e+02
s>                ( - 3.390e+02 3 0 QUESTION2_1_L -1 1.922e+02 1.234e+02)
s>                ( SILENCE -1 -2.269e+02 2.739e+02 5.292e+01
s>                    ( - 1.910e+02 1 0)
s>                    ( - -1.440e+02 6 0 QUESTION2_10_L -1 1.675e+02 3.642e+01)))
s>            ( SILENCE 1 -5.358e+02 4.922e+02 5.299e+02
s>                ( - 3.395e+02 2 0 QUESTION2_0_L -1 1.951e+02 1.481e+02)
s>                ( QUESTION2_0_L -1 -3.831e+02 3.122e+02 3.818e+02
s>                    ( QUESTION5 1 -2.342e+02 2.293e+02 3.678e+02
s>                        ( - -1.894e+01 1 0)
s>                        ( - 1.411e+01 10 0 QUESTION0_1_R 1 1.596e+02 3.259e+02))
s>                    ( - 1.632e+02 4 0 QUESTION0_1_R 1 1.753e+02 1.400e+01)))))INFO: dtree.c(1351): Comp split 0
INFO: dtree.c(1524): Final simple tree
|( WDBNDRY_B 0 -1.913e+03 9.937e+02 7.063e+02
|    ( QUESTION2_0_L -1 -3.835e+02 4.956e+02 1.763e+02
|        ( - 3.390e+02 3 0 QUESTION2_1_L -1 1.922e+02 1.234e+02)
|        ( SILENCE -1 -2.269e+02 2.739e+02 5.292e+01
|            ( - 1.910e+02 1 0)
|            ( - -1.440e+02 6 0 QUESTION2_10_L -1 1.675e+02 3.642e+01)))
|    ( SILENCE 1 -5.358e+02 4.922e+02 5.299e+02
|        ( QUESTION2_0_L -1 3.395e+02 1.951e+02 1.481e+02
|            ( - 3.689e+02 1 0)
|            ( - 1.657e+02 1 0))
|        ( QUESTION2_0_L -1 -3.831e+02 3.122e+02 3.818e+02
|            ( QUESTION5 1 -2.342e+02 2.293e+02 3.678e+02
|                ( - -1.894e+01 1 0)
|                ( - 1.411e+01 10 0 QUESTION0_1_R 1 1.596e+02 3.259e+02))
|            ( - 1.632e+02 4 0 QUESTION0_1_R 1 1.753e+02 1.400e+01))))
s>    ( WDBNDRY_B 0 -1.913e+03 9.937e+02 7.063e+02
s>        ( QUESTION2_0_L -1 -3.835e+02 4.956e+02 1.763e+02
s>            ( - 3.390e+02 3 0 QUESTION2_1_L -1 1.922e+02 1.234e+02)
s>            ( SILENCE -1 -2.269e+02 2.739e+02 5.292e+01
s>                ( - 1.910e+02 1 0)
s>                ( - -1.440e+02 6 0 QUESTION2_10_L -1 1.675e+02 3.642e+01)))
s>        ( SILENCE 1 -5.358e+02 4.922e+02 5.299e+02
s>            ( QUESTION2_0_L -1 3.395e+02 1.951e+02 1.481e+02
s>                ( - 3.689e+02 1 0)
s>                ( - 1.657e+02 1 0))
s>            ( QUESTION2_0_L -1 -3.831e+02 3.122e+02 3.818e+02
s>                ( QUESTION5 1 -2.342e+02 2.293e+02 3.678e+02
s>                    ( - -1.894e+01 1 0)
s>                    ( - 1.411e+01 10 0 QUESTION0_1_R 1 1.596e+02 3.259e+02))
s>                ( - 1.632e+02 4 0 QUESTION0_1_R 1 1.753e+02 1.400e+01))))INFO: dtree.c(1351): Comp split 1
INFO: dtree.c(1524): Final simple tree
|( SILENCE 1 -5.358e+02 4.922e+02 5.299e+02
|    ( QUESTION2_0_L -1 3.395e+02 1.951e+02 1.481e+02
|        ( - 3.689e+02 1 0)
|        ( - 1.657e+02 1 0))
|    ( QUESTION2_0_L -1 -3.831e+02 3.122e+02 3.818e+02
|        ( QUESTION5 1 -2.342e+02 2.293e+02 3.678e+02
|            ( - -1.894e+01 1 0)
|            ( QUESTION0_1_R 1 1.411e+01 1.596e+02 3.259e+02
|                ( - -1.180e+02 2 0 QUESTION0 -1 1.448e+02 3.905e+01)
|                ( QUESTION0 1 2.918e+02 1.492e+02 2.868e+02
|                    ( - 2.059e+02 3 0 QUESTION0_14_R 1 1.278e+02 6.028e+01)
|                    ( - 2.351e+02 5 0 QUESTION0_7_R 1 1.459e+02 2.265e+02))))
|        ( QUESTION0_1_R 1 1.632e+02 1.753e+02 1.400e+01
|            ( - 1.505e+02 1 0)
|            ( - 1.880e+02 3 0 QUESTION0_0_R 1 1.208e+02 1.200e+01))))
s>    ( SILENCE 1 -5.358e+02 4.922e+02 5.299e+02
s>        ( QUESTION2_0_L -1 3.395e+02 1.951e+02 1.481e+02
s>            ( - 3.689e+02 1 0)
s>            ( - 1.657e+02 1 0))
s>        ( QUESTION2_0_L -1 -3.831e+02 3.122e+02 3.818e+02
s>            ( QUESTION5 1 -2.342e+02 2.293e+02 3.678e+02
s>                ( - -1.894e+01 1 0)
s>                ( QUESTION0_1_R 1 1.411e+01 1.596e+02 3.259e+02
s>                    ( - -1.180e+02 2 0 QUESTION0 -1 1.448e+02 3.905e+01)
s>                    ( QUESTION0 1 2.918e+02 1.492e+02 2.868e+02
s>                        ( - 2.059e+02 3 0 QUESTION0_14_R 1 1.278e+02 6.028e+01)
s>                        ( - 2.351e+02 5 0 QUESTION0_7_R 1 1.459e+02 2.265e+02))))
s>            ( QUESTION0_1_R 1 1.632e+02 1.753e+02 1.400e+01
s>                ( - 1.505e+02 1 0)
s>                ( - 1.880e+02 3 0 QUESTION0_0_R 1 1.208e+02 1.200e+01))))INFO: dtree.c(1524): Final simple tree
|( QUESTION2_0_L -1 -3.835e+02 4.956e+02 1.763e+02
|    ( QUESTION2_1_L -1 3.390e+02 1.922e+02 1.234e+02
|        ( - 3.905e+02 1 0)
|        ( QUESTION0 -1 1.407e+02 1.172e+02 6.665e+01
|            ( - 2.012e+02 1 0)
|            ( - 5.668e+01 1 0)))
|    ( SILENCE -1 -2.269e+02 2.739e+02 5.292e+01
|        ( - 1.910e+02 1 0)
|        ( QUESTION2_10_L -1 -1.440e+02 1.675e+02 3.642e+01
|            ( - -2.541e+00 2 0)
|            ( QUESTION2_17_L -1 2.612e+01 1.354e+02 1.600e+01
|                ( - 4.904e+01 2 0 QUESTION0 -1 1.004e+02 8.000e+00)
|                ( QUESTION2 -1 1.125e+02 1.208e+02 8.000e+00
|                    ( - 1.112e+02 1 0)
|                    ( - 1.221e+02 1 0))))))
s>    ( QUESTION2_0_L -1 -3.835e+02 4.956e+02 1.763e+02
s>        ( QUESTION2_1_L -1 3.390e+02 1.922e+02 1.234e+02
s>            ( - 3.905e+02 1 0)
s>            ( QUESTION0 -1 1.407e+02 1.172e+02 6.665e+01
s>                ( - 2.012e+02 1 0)
s>                ( - 5.668e+01 1 0)))
s>        ( SILENCE -1 -2.269e+02 2.739e+02 5.292e+01
s>            ( - 1.910e+02 1 0)
s>            ( QUESTION2_10_L -1 -1.440e+02 1.675e+02 3.642e+01
s>                ( - -2.541e+00 2 0)
s>                ( QUESTION2_17_L -1 2.612e+01 1.354e+02 1.600e+01
s>                    ( - 4.904e+01 2 0 QUESTION0 -1 1.004e+02 8.000e+00)
s>                    ( QUESTION2 -1 1.125e+02 1.208e+02 8.000e+00
s>                        ( - 1.112e+02 1 0)
s>                        ( - 1.221e+02 1 0))))))INFO: dtree.c(1351): Comp split 2
INFO: dtree.c(1524): Final simple tree
|( QUESTION5 1 -2.342e+02 2.293e+02 3.678e+02
|    ( - -1.894e+01 1 0)
|    ( QUESTION0_1_R 1 1.411e+01 1.596e+02 3.259e+02
|        ( QUESTION0 -1 -1.180e+02 1.448e+02 3.905e+01
|            ( - -6.836e+01 1 0)
|            ( - 9.512e+01 1 0))
|        ( QUESTION0 1 2.918e+02 1.492e+02 2.868e+02
|            ( QUESTION0_14_R 1 2.059e+02 1.278e+02 6.028e+01
|                ( - 1.306e+02 1 0)
|                ( - 2.030e+02 2 0 QUESTION0_0_R 1 1.006e+02 4.227e+01))
|            ( QUESTION0_7_R 1 2.351e+02 1.459e+02 2.265e+02
|                ( - 1.635e+02 1 0)
|                ( QUESTION0_8_R 1 2.176e+02 1.376e+02 2.245e+02
|                    ( - 1.062e+02 1 0)
|                    ( - 2.491e+02 3 0 QUESTION0_14_R 1 1.047e+02 2.164e+02))))))
s>    ( QUESTION5 1 -2.342e+02 2.293e+02 3.678e+02
s>        ( - -1.894e+01 1 0)
s>        ( QUESTION0_1_R 1 1.411e+01 1.596e+02 3.259e+02
s>            ( QUESTION0 -1 -1.180e+02 1.448e+02 3.905e+01
s>                ( - -6.836e+01 1 0)
s>                ( - 9.512e+01 1 0))
s>            ( QUESTION0 1 2.918e+02 1.492e+02 2.868e+02
s>                ( QUESTION0_14_R 1 2.059e+02 1.278e+02 6.028e+01
s>                    ( - 1.306e+02 1 0)
s>                    ( - 2.030e+02 2 0 QUESTION0_0_R 1 1.006e+02 4.227e+01))
s>                ( QUESTION0_7_R 1 2.351e+02 1.459e+02 2.265e+02
s>                    ( - 1.635e+02 1 0)
s>                    ( QUESTION0_8_R 1 2.176e+02 1.376e+02 2.245e+02
s>                        ( - 1.062e+02 1 0)
s>                        ( - 2.491e+02 3 0 QUESTION0_14_R 1 1.047e+02 2.164e+02))))))INFO: dtree.c(1483): stop. leaf nodes are specific
INFO: dtree.c(1524): Final simple tree
|( QUESTION2_0_L -1 2.321e+02 3.123e+02 1.621e+02
|    ( - 3.689e+02 1 0)
|    ( QUESTION0_1_R 1 1.755e+02 1.759e+02 1.600e+01
|        ( - 1.505e+02 1 0)
|        ( SILENCE 1 2.009e+02 1.527e+02 1.400e+01
|            ( - 1.657e+02 1 0)
|            ( QUESTION0_0_R 1 1.880e+02 1.208e+02 1.200e+01
|                ( - 1.771e+02 1 0)
|                ( QUESTION0_13_R 1 1.317e+02 1.048e+02 8.000e+00
|                    ( - 9.572e+01 1 0)
|                    ( - 1.408e+02 1 0))))))
s>    ( QUESTION2_0_L -1 2.321e+02 3.123e+02 1.621e+02
s>        ( - 3.689e+02 1 0)
s>        ( QUESTION0_1_R 1 1.755e+02 1.759e+02 1.600e+01
s>            ( - 1.505e+02 1 0)
s>            ( SILENCE 1 2.009e+02 1.527e+02 1.400e+01
s>                ( - 1.657e+02 1 0)
s>                ( QUESTION0_0_R 1 1.880e+02 1.208e+02 1.200e+01
s>                    ( - 1.771e+02 1 0)
s>                    ( QUESTION0_13_R 1 1.317e+02 1.048e+02 8.000e+00
s>                        ( - 9.572e+01 1 0)
s>                        ( - 1.408e+02 1 0))))))INFO: dtree.c(1351): Comp split 3
INFO: dtree.c(1483): stop. leaf nodes are specific
INFO: dtree.c(1524): Final simple tree
|( QUESTION2_1_L -1 2.640e+02 2.012e+02 1.314e+02
|    ( - 3.905e+02 1 0)
|    ( QUESTION0 -1 7.465e+01 1.153e+02 7.465e+01
|        ( QUESTION2_0_L -1 1.686e+02 1.110e+02 3.435e+01
|            ( - 2.012e+02 1 0)
|            ( - 7.844e+01 1 0))
|        ( QUESTION2_0_L -1 2.129e+01 1.064e+02 4.030e+01
|            ( - 5.668e+01 1 0)
|            ( - 7.098e+01 1 0))))
s>    ( QUESTION2_1_L -1 2.640e+02 2.012e+02 1.314e+02
s>        ( - 3.905e+02 1 0)
s>        ( QUESTION0 -1 7.465e+01 1.153e+02 7.465e+01
s>            ( QUESTION2_0_L -1 1.686e+02 1.110e+02 3.435e+01
s>                ( - 2.012e+02 1 0)
s>                ( - 7.844e+01 1 0))
s>            ( QUESTION2_0_L -1 2.129e+01 1.064e+02 4.030e+01
s>                ( - 5.668e+01 1 0)
s>                ( - 7.098e+01 1 0))))INFO: dtree.c(1483): stop. leaf nodes are specific
INFO: dtree.c(1524): Final simple tree
|( SILENCE -1 -1.173e+02 2.587e+02 4.492e+01
|    ( - 1.910e+02 1 0)
|    ( QUESTION0 -1 -4.952e+01 1.595e+02 2.842e+01
|        ( - -2.541e+00 2 0)
|        ( QUESTION2 -1 1.125e+02 1.208e+02 8.000e+00
|            ( - 1.112e+02 1 0)
|            ( - 1.221e+02 1 0))))
s>    ( SILENCE -1 -1.173e+02 2.587e+02 4.492e+01
s>        ( - 1.910e+02 1 0)
s>        ( QUESTION0 -1 -4.952e+01 1.595e+02 2.842e+01
s>            ( - -2.541e+00 2 0)
s>            ( QUESTION2 -1 1.125e+02 1.208e+02 8.000e+00
s>                ( - 1.112e+02 1 0)
s>                ( - 1.221e+02 1 0))))INFO: dtree.c(1351): Comp split 4
INFO: dtree.c(1483): stop. leaf nodes are specific
INFO: dtree.c(1524): Final simple tree
|( QUESTION0_1_R 1 1.755e+02 1.759e+02 1.600e+01
|    ( - 1.505e+02 1 0)
|    ( SILENCE 1 2.009e+02 1.527e+02 1.400e+01
|        ( - 1.657e+02 1 0)
|        ( QUESTION0_0_R 1 1.880e+02 1.208e+02 1.200e+01
|            ( - 1.771e+02 1 0)
|            ( QUESTION0_13_R 1 1.317e+02 1.048e+02 8.000e+00
|                ( - 9.572e+01 1 0)
|                ( - 1.408e+02 1 0)))))
s>    ( QUESTION0_1_R 1 1.755e+02 1.759e+02 1.600e+01
s>        ( - 1.505e+02 1 0)
s>        ( SILENCE 1 2.009e+02 1.527e+02 1.400e+01
s>            ( - 1.657e+02 1 0)
s>            ( QUESTION0_0_R 1 1.880e+02 1.208e+02 1.200e+01
s>                ( - 1.771e+02 1 0)
s>                ( QUESTION0_13_R 1 1.317e+02 1.048e+02 8.000e+00
s>                    ( - 9.572e+01 1 0)
s>                    ( - 1.408e+02 1 0)))))INFO: dtree.c(1351): Comp split 5
INFO: dtree.c(1483): stop. leaf nodes are specific
INFO: dtree.c(1524): Final simple tree
|( QUESTION0_1_R 1 1.877e+01 1.480e+02 2.606e+02
|    ( - -6.836e+01 1 0)
|    ( QUESTION0_7_R 1 2.351e+02 1.459e+02 2.265e+02
|        ( - 1.635e+02 1 0)
|        ( QUESTION0_8_R 1 2.176e+02 1.376e+02 2.245e+02
|            ( - 1.062e+02 1 0)
|            ( QUESTION0_14_R 1 2.491e+02 1.047e+02 2.164e+02
|                ( - 9.401e+01 1 0)
|                ( QUESTION0_0_R 1 2.597e+02 8.543e+01 1.995e+02
|                    ( - 1.001e+02 1 0)
|                    ( - 2.450e+02 1 0))))))
s>    ( QUESTION0_1_R 1 1.877e+01 1.480e+02 2.606e+02
s>        ( - -6.836e+01 1 0)
s>        ( QUESTION0_7_R 1 2.351e+02 1.459e+02 2.265e+02
s>            ( - 1.635e+02 1 0)
s>            ( QUESTION0_8_R 1 2.176e+02 1.376e+02 2.245e+02
s>                ( - 1.062e+02 1 0)
s>                ( QUESTION0_14_R 1 2.491e+02 1.047e+02 2.164e+02
s>                    ( - 9.401e+01 1 0)
s>                    ( QUESTION0_0_R 1 2.597e+02 8.543e+01 1.995e+02
s>                        ( - 1.001e+02 1 0)
s>                        ( - 2.450e+02 1 0))))))INFO: dtree.c(1483): stop. leaf nodes are specific
INFO: dtree.c(1524): Final simple tree
|( QUESTION0_0_R 1 4.312e+01 1.239e+02 1.072e+02
|    ( QUESTION0_8_R 1 2.876e+01 1.209e+02 7.622e+01
|        ( - -1.894e+01 1 0)
|        ( QUESTION0_1_R 1 1.686e+02 1.108e+02 3.426e+01
|            ( - 9.512e+01 1 0)
|            ( - 1.843e+02 1 0)))
|    ( QUESTION0_13_R 1 1.383e+02 1.117e+02 3.102e+01
|        ( - 1.193e+02 1 0)
|        ( - 1.306e+02 1 0)))
s>    ( QUESTION0_0_R 1 4.312e+01 1.239e+02 1.072e+02
s>        ( QUESTION0_8_R 1 2.876e+01 1.209e+02 7.622e+01
s>            ( - -1.894e+01 1 0)
s>            ( QUESTION0_1_R 1 1.686e+02 1.108e+02 3.426e+01
s>                ( - 9.512e+01 1 0)
s>                ( - 1.843e+02 1 0)))
s>        ( QUESTION0_13_R 1 1.383e+02 1.117e+02 3.102e+01
s>            ( - 1.193e+02 1 0)
s>            ( - 1.306e+02 1 0)))INFO: dtree.c(1351): Comp split 6
INFO: dtree.c(1483): stop. leaf nodes are specific
INFO: dtree.c(1524): Final simple tree
|( QUESTION0 -1 -4.952e+01 1.595e+02 2.842e+01
|    ( - -2.541e+00 2 0)
|    ( QUESTION2 -1 1.125e+02 1.208e+02 8.000e+00
|        ( - 1.112e+02 1 0)
|        ( - 1.221e+02 1 0)))
s>    ( QUESTION0 -1 -4.952e+01 1.595e+02 2.842e+01
s>        ( - -2.541e+00 2 0)
s>        ( QUESTION2 -1 1.125e+02 1.208e+02 8.000e+00
s>            ( - 1.112e+02 1 0)
s>            ( - 1.221e+02 1 0)))INFO: dtree.c(1351): Comp split 7
INFO: dtree.c(1483): stop. leaf nodes are specific
INFO: dtree.c(1524): Final simple tree
|( QUESTION0 -1 7.465e+01 1.153e+02 7.465e+01
|    ( QUESTION2_0_L -1 1.686e+02 1.110e+02 3.435e+01
|        ( - 2.012e+02 1 0)
|        ( - 7.844e+01 1 0))
|    ( QUESTION2_0_L -1 2.129e+01 1.064e+02 4.030e+01
|        ( - 5.668e+01 1 0)
|        ( - 7.098e+01 1 0)))
s>    ( QUESTION0 -1 7.465e+01 1.153e+02 7.465e+01
s>        ( QUESTION2_0_L -1 1.686e+02 1.110e+02 3.435e+01
s>            ( - 2.012e+02 1 0)
s>            ( - 7.844e+01 1 0))
s>        ( QUESTION2_0_L -1 2.129e+01 1.064e+02 4.030e+01
s>            ( - 5.668e+01 1 0)
s>            ( - 7.098e+01 1 0)))INFO: dtree.c(1351): Comp split 8
INFO: dtree.c(1483): stop. leaf nodes are specific
INFO: dtree.c(1524): Final simple tree
|( SILENCE 1 2.009e+02 1.527e+02 1.400e+01
|    ( - 1.657e+02 1 0)
|    ( QUESTION0_0_R 1 1.880e+02 1.208e+02 1.200e+01
|        ( - 1.771e+02 1 0)
|        ( QUESTION0_13_R 1 1.317e+02 1.048e+02 8.000e+00
|            ( - 9.572e+01 1 0)
|            ( - 1.408e+02 1 0))))
s>    ( SILENCE 1 2.009e+02 1.527e+02 1.400e+01
s>        ( - 1.657e+02 1 0)
s>        ( QUESTION0_0_R 1 1.880e+02 1.208e+02 1.200e+01
s>            ( - 1.771e+02 1 0)
s>            ( QUESTION0_13_R 1 1.317e+02 1.048e+02 8.000e+00
s>                ( - 9.572e+01 1 0)
s>                ( - 1.408e+02 1 0))))INFO: dtree.c(1351): Comp split 9
INFO: dtree.c(1483): stop. leaf nodes are specific
INFO: dtree.c(1524): Final simple tree
|( QUESTION0_7_R 1 2.664e+02 1.461e+02 2.184e+02
|    ( - 1.635e+02 1 0)
|    ( QUESTION0_14_R 1 2.491e+02 1.047e+02 2.164e+02
|        ( - 9.401e+01 1 0)
|        ( QUESTION0_0_R 1 2.597e+02 8.543e+01 1.995e+02
|            ( - 1.001e+02 1 0)
|            ( - 2.450e+02 1 0))))
s>    ( QUESTION0_7_R 1 2.664e+02 1.461e+02 2.184e+02
s>        ( - 1.635e+02 1 0)
s>        ( QUESTION0_14_R 1 2.491e+02 1.047e+02 2.164e+02
s>            ( - 9.401e+01 1 0)
s>            ( QUESTION0_0_R 1 2.597e+02 8.543e+01 1.995e+02
s>                ( - 1.001e+02 1 0)
s>                ( - 2.450e+02 1 0))))INFO: dtree.c(1483): stop. leaf nodes are specific
INFO: dtree.c(1524): Final simple tree
|( QUESTION0_1_R 1 -8.144e+01 1.192e+02 4.217e+01
|    ( - -6.836e+01 1 0)
|    ( - 1.062e+02 1 0))
s>    ( QUESTION0_1_R 1 -8.144e+01 1.192e+02 4.217e+01
s>        ( - -6.836e+01 1 0)
s>        ( - 1.062e+02 1 0))INFO: dtree.c(1351): Comp split 10
INFO: dtree.c(1483): stop. leaf nodes are specific
INFO: dtree.c(1524): Final simple tree
|( QUESTION2 -1 1.125e+02 1.208e+02 8.000e+00
|    ( - 1.112e+02 1 0)
|    ( - 1.221e+02 1 0))
s>    ( QUESTION2 -1 1.125e+02 1.208e+02 8.000e+00
s>        ( - 1.112e+02 1 0)
s>        ( - 1.221e+02 1 0))INFO: dtree.c(1351): Comp split 11
INFO: dtree.c(1483): stop. leaf nodes are specific
INFO: dtree.c(1524): Final simple tree
|( QUESTION0_0_R 1 1.880e+02 1.208e+02 1.200e+01
|    ( - 1.771e+02 1 0)
|    ( QUESTION0_13_R 1 1.317e+02 1.048e+02 8.000e+00
|        ( - 9.572e+01 1 0)
|        ( - 1.408e+02 1 0)))
s>    ( QUESTION0_0_R 1 1.880e+02 1.208e+02 1.200e+01
s>        ( - 1.771e+02 1 0)
s>        ( QUESTION0_13_R 1 1.317e+02 1.048e+02 8.000e+00
s>            ( - 9.572e+01 1 0)
s>            ( - 1.408e+02 1 0)))INFO: dtree.c(1351): Comp split 12
INFO: dtree.c(1483): stop. leaf nodes are specific
INFO: dtree.c(1524): Final simple tree
|( QUESTION0_14_R 1 2.491e+02 1.047e+02 2.164e+02
|    ( - 9.401e+01 1 0)
|    ( QUESTION0_0_R 1 2.597e+02 8.543e+01 1.995e+02
|        ( - 1.001e+02 1 0)
|        ( - 2.450e+02 1 0)))
s>    ( QUESTION0_14_R 1 2.491e+02 1.047e+02 2.164e+02
s>        ( - 9.401e+01 1 0)
s>        ( QUESTION0_0_R 1 2.597e+02 8.543e+01 1.995e+02
s>            ( - 1.001e+02 1 0)
s>            ( - 2.450e+02 1 0)))INFO: dtree.c(1351): Comp split 13
INFO: dtree.c(1483): stop. leaf nodes are specific
INFO: dtree.c(1524): Final simple tree
|( QUESTION0_0_R 1 1.137e+01 1.003e+02 5.997e+01
|    ( - -1.894e+01 1 0)
|    ( - 1.306e+02 1 0))
s>    ( QUESTION0_0_R 1 1.137e+01 1.003e+02 5.997e+01
s>        ( - -1.894e+01 1 0)
s>        ( - 1.306e+02 1 0))INFO: dtree.c(1483): stop. leaf nodes are specific
INFO: dtree.c(1524): Final simple tree
|( QUESTION0_1_R 1 1.778e+02 1.203e+02 4.727e+01
|    ( - 9.512e+01 1 0)
|    ( QUESTION0_0_R 1 2.030e+02 1.006e+02 4.227e+01
|        ( - 1.843e+02 1 0)
|        ( - 1.193e+02 1 0)))
s>    ( QUESTION0_1_R 1 1.778e+02 1.203e+02 4.727e+01
s>        ( - 9.512e+01 1 0)
s>        ( QUESTION0_0_R 1 2.030e+02 1.006e+02 4.227e+01
s>            ( - 1.843e+02 1 0)
s>            ( - 1.193e+02 1 0)))INFO: dtree.c(1351): Comp split 14
INFO: dtree.c(1483): stop. leaf nodes are specific
INFO: dtree.c(1524): Final simple tree
|( QUESTION2_0_L -1 -4.188e+00 1.099e+02 4.530e+01
|    ( - 5.668e+01 1 0)
|    ( QUESTION0 -1 4.904e+01 1.004e+02 8.000e+00
|        ( - 7.844e+01 1 0)
|        ( - 7.098e+01 1 0)))
s>    ( QUESTION2_0_L -1 -4.188e+00 1.099e+02 4.530e+01
s>        ( - 5.668e+01 1 0)
s>        ( QUESTION0 -1 4.904e+01 1.004e+02 8.000e+00
s>            ( - 7.844e+01 1 0)
s>            ( - 7.098e+01 1 0)))INFO: dtree.c(1351): Comp split 15
INFO: dtree.c(1483): stop. leaf nodes are specific
INFO: dtree.c(1524): Final simple tree
|( QUESTION0_13_R 1 1.317e+02 1.048e+02 8.000e+00
|    ( - 9.572e+01 1 0)
|    ( - 1.408e+02 1 0))
s>    ( QUESTION0_13_R 1 1.317e+02 1.048e+02 8.000e+00
s>        ( - 9.572e+01 1 0)
s>        ( - 1.408e+02 1 0))INFO: dtree.c(1351): Comp split 16
INFO: dtree.c(1351): Comp split 17
INFO: dtree.c(1483): stop. leaf nodes are specific
INFO: dtree.c(1524): Final simple tree
|( QUESTION0_0_R 1 2.030e+02 1.006e+02 4.227e+01
|    ( - 1.843e+02 1 0)
|    ( - 1.193e+02 1 0))
s>    ( QUESTION0_0_R 1 2.030e+02 1.006e+02 4.227e+01
s>        ( - 1.843e+02 1 0)
s>        ( - 1.193e+02 1 0))INFO: dtree.c(1351): Comp split 18
INFO: dtree.c(1351): Comp split 19
INFO: dtree.c(1483): stop. leaf nodes are specific
INFO: dtree.c(1524): Final simple tree
|( QUESTION0 -1 4.904e+01 1.004e+02 8.000e+00
|    ( - 7.844e+01 1 0)
|    ( - 7.098e+01 1 0))
s>    ( QUESTION0 -1 4.904e+01 1.004e+02 8.000e+00
s>        ( - 7.844e+01 1 0)
s>        ( - 7.098e+01 1 0))INFO: dtree.c(1351): Comp split 20
INFO: dtree.c(1351): Comp split 21
INFO: dtree.c(1483): stop. leaf nodes are specific
INFO: dtree.c(1524): Final simple tree
|( QUESTION0_0_R 1 2.597e+02 8.543e+01 1.995e+02
|    ( - 1.001e+02 1 0)
|    ( - 2.450e+02 1 0))
s>    ( QUESTION0_0_R 1 2.597e+02 8.543e+01 1.995e+02
s>        ( - 1.001e+02 1 0)
s>        ( - 2.450e+02 1 0))INFO: dtree.c(1351): Comp split 22
INFO: dtree.c(1351): Comp split 23
INFO: dtree.c(1351): Comp split 24
INFO: dtree.c(1351): Comp split 25
INFO: dtree.c(1351): Comp split 26
INFO: dtree.c(1354): stop. leaf nodes are specific
Tue May 31 10:46:07 2011
