INFO: cmd_ln.c(691): Parsing command line:
/home/xkrajnan/Plocha/GSoC/PocketSphinx/an4/bin/bldtree \
	-treefn /home/xkrajnan/Plocha/GSoC/PocketSphinx/an4/trees/an4.unpruned/Y-1.dtree \
	-moddeffn /home/xkrajnan/Plocha/GSoC/PocketSphinx/an4/model_architecture/an4.untied.mdef \
	-mixwfn /home/xkrajnan/Plocha/GSoC/PocketSphinx/an4/model_parameters/an4.cd_cont_untied/mixture_weights \
	-ts2cbfn .cont. \
	-mwfloor 1e-08 \
	-psetfn /home/xkrajnan/Plocha/GSoC/PocketSphinx/an4/model_architecture/an4.tree_questions \
	-phone Y \
	-state 1 \
	-stwt 1.0,0.05,0.0 \
	-meanfn /home/xkrajnan/Plocha/GSoC/PocketSphinx/an4/model_parameters/an4.cd_cont_untied/means \
	-varfn /home/xkrajnan/Plocha/GSoC/PocketSphinx/an4/model_parameters/an4.cd_cont_untied/variances \
	-fullvar no \
	-ssplitmin 1 \
	-ssplitmax 7 \
	-ssplitthr 0 \
	-csplitmin 1 \
	-csplitmax 2000 \
	-csplitthr 0 

Current configuration:
[NAME]		[DEFLT]	[VALUE]
-allphones	no	no
-cntthresh	0.00001	1.000000e-05
-csplitmax	100	2000
-csplitmin	1	1
-csplitthr	8e-4	0.000000e+00
-example	no	no
-fullvar	no	no
-help		no	no
-meanfn			/home/xkrajnan/Plocha/GSoC/PocketSphinx/an4/model_parameters/an4.cd_cont_untied/means
-mixwfn			/home/xkrajnan/Plocha/GSoC/PocketSphinx/an4/model_parameters/an4.cd_cont_untied/mixture_weights
-moddeffn		/home/xkrajnan/Plocha/GSoC/PocketSphinx/an4/model_architecture/an4.untied.mdef
-mwfloor	1e-4	1.000000e-08
-phone			Y
-psetfn			/home/xkrajnan/Plocha/GSoC/PocketSphinx/an4/model_architecture/an4.tree_questions
-ssplitmax	5	7
-ssplitmin	1	1
-ssplitthr	8e-4	0.000000e+00
-state			1
-stwt			1.0,0.05,0.0,
-treefn			/home/xkrajnan/Plocha/GSoC/PocketSphinx/an4/trees/an4.unpruned/Y-1.dtree
-ts2cbfn	.semi.	.cont.
-varfloor	0.00001	1.000000e-05
-varfn			/home/xkrajnan/Plocha/GSoC/PocketSphinx/an4/model_parameters/an4.cd_cont_untied/variances

INFO: main.c(228): Reading: /home/xkrajnan/Plocha/GSoC/PocketSphinx/an4/model_architecture/an4.untied.mdef
INFO: model_def_io.c(587): Model definition info:
INFO: model_def_io.c(588): 1618 total models defined (34 base, 1584 tri)
INFO: model_def_io.c(589): 6472 total states
INFO: model_def_io.c(590): 4854 total tied states
INFO: model_def_io.c(591): 102 total tied CI states
INFO: model_def_io.c(592): 34 total tied transition matrices
INFO: model_def_io.c(593): 4 max state/model
INFO: model_def_io.c(594): 4 min state/model
INFO: main.c(247): Building trees for [Y AH UW b] through [Y UW UW b]
INFO: main.c(275): Covering states |[4725 4778]| == 54
INFO: main.c(282): Reading: /home/xkrajnan/Plocha/GSoC/PocketSphinx/an4/model_parameters/an4.cd_cont_untied/mixture_weights
INFO: s3mixw_io.c(172): Read /home/xkrajnan/Plocha/GSoC/PocketSphinx/an4/model_parameters/an4.cd_cont_untied/mixture_weights [54x1x1 array]
INFO: main.c(320): 18 of 18 models have observation count greater than 0.000010
INFO: main.c(94): nrm stwt: 0.045 0.909 0.045 
INFO: s3gau_io.c(166): Read /home/xkrajnan/Plocha/GSoC/PocketSphinx/an4/model_parameters/an4.cd_cont_untied/means [4854x1x1 array]
INFO: s3gau_io.c(166): Read /home/xkrajnan/Plocha/GSoC/PocketSphinx/an4/model_parameters/an4.cd_cont_untied/variances [4854x1x1 array]
INFO: main.c(576): Reading: /home/xkrajnan/Plocha/GSoC/PocketSphinx/an4/model_architecture/an4.tree_questions
INFO: main.c(619): 180 total simple questions (172 phone; 8 word bndry)
INFO: main.c(621): 42 Left Only questions, and 42 Right Only questions
INFO: dtree.c(1524): Final simple tree
|( QUESTION0_0_R 1 8.831e+03 2.333e+03 1.163e+03
|    ( - -2.584e+02 1 0)
|    ( QUESTION5 -1 1.142e+04 1.095e+03 1.079e+03
|        ( - 3.321e+02 1 0)
|        ( WDBNDRY_B 0 1.219e+04 1.088e+03 9.831e+02
|            ( QUESTION2_1_L -1 8.256e+03 5.539e+02 5.976e+02
|                ( - 5.681e+03 1 0)
|                ( QUESTION2_17_L -1 3.129e+03 2.909e+02 2.958e+02
|                    ( QUESTION11 -1 2.227e+03 3.186e+02 1.957e+02
|                        ( - 9.119e+02 1 0)
|                        ( - 1.634e+03 5 0 QUESTION0 -1 1.878e+02 1.546e+02))
|                    ( QUESTION2_14_L -1 1.192e+03 2.336e+02 1.001e+02
|                        ( - 4.605e+02 1 0)
|                        ( - 9.655e+02 6 0 QUESTION11 -1 2.097e+02 9.013e+01))))
|            ( - 5.017e+03 2 0 QUESTION0 -1 2.080e+02 3.855e+02))))
s>    ( QUESTION0_0_R 1 8.831e+03 2.333e+03 1.163e+03
s>        ( - -2.584e+02 1 0)
s>        ( QUESTION5 -1 1.142e+04 1.095e+03 1.079e+03
s>            ( - 3.321e+02 1 0)
s>            ( WDBNDRY_B 0 1.219e+04 1.088e+03 9.831e+02
s>                ( QUESTION2_1_L -1 8.256e+03 5.539e+02 5.976e+02
s>                    ( - 5.681e+03 1 0)
s>                    ( QUESTION2_17_L -1 3.129e+03 2.909e+02 2.958e+02
s>                        ( QUESTION11 -1 2.227e+03 3.186e+02 1.957e+02
s>                            ( - 9.119e+02 1 0)
s>                            ( - 1.634e+03 5 0 QUESTION0 -1 1.878e+02 1.546e+02))
s>                        ( QUESTION2_14_L -1 1.192e+03 2.336e+02 1.001e+02
s>                            ( - 4.605e+02 1 0)
s>                            ( - 9.655e+02 6 0 QUESTION11 -1 2.097e+02 9.013e+01))))
s>                ( - 5.017e+03 2 0 QUESTION0 -1 2.080e+02 3.855e+02))))INFO: dtree.c(1351): Comp split 0
INFO: dtree.c(1524): Final simple tree
|( WDBNDRY_B 0 1.219e+04 1.088e+03 9.831e+02
|    ( QUESTION2_1_L -1 8.256e+03 5.539e+02 5.976e+02
|        ( - 5.681e+03 1 0)
|        ( QUESTION2_17_L -1 3.129e+03 2.909e+02 2.958e+02
|            ( QUESTION11 -1 2.227e+03 3.186e+02 1.957e+02
|                ( - 9.119e+02 1 0)
|                ( - 1.634e+03 5 0 QUESTION0 -1 1.878e+02 1.546e+02))
|            ( QUESTION2_14_L -1 1.192e+03 2.336e+02 1.001e+02
|                ( - 4.605e+02 1 0)
|                ( QUESTION11 -1 9.655e+02 2.097e+02 9.013e+01
|                    ( - 5.430e+02 2 0 QUESTION12 -1 1.201e+02 2.305e+01)
|                    ( QUESTION2_0_L -1 6.323e+02 2.219e+02 6.707e+01
|                        ( - 2.834e+02 1 0)
|                        ( - 5.708e+02 3 0 QUESTION0 -1 2.005e+02 5.408e+01))))))
|    ( - 5.017e+03 2 0 QUESTION0 -1 2.080e+02 3.855e+02))
s>    ( WDBNDRY_B 0 1.219e+04 1.088e+03 9.831e+02
s>        ( QUESTION2_1_L -1 8.256e+03 5.539e+02 5.976e+02
s>            ( - 5.681e+03 1 0)
s>            ( QUESTION2_17_L -1 3.129e+03 2.909e+02 2.958e+02
s>                ( QUESTION11 -1 2.227e+03 3.186e+02 1.957e+02
s>                    ( - 9.119e+02 1 0)
s>                    ( - 1.634e+03 5 0 QUESTION0 -1 1.878e+02 1.546e+02))
s>                ( QUESTION2_14_L -1 1.192e+03 2.336e+02 1.001e+02
s>                    ( - 4.605e+02 1 0)
s>                    ( QUESTION11 -1 9.655e+02 2.097e+02 9.013e+01
s>                        ( - 5.430e+02 2 0 QUESTION12 -1 1.201e+02 2.305e+01)
s>                        ( QUESTION2_0_L -1 6.323e+02 2.219e+02 6.707e+01
s>                            ( - 2.834e+02 1 0)
s>                            ( - 5.708e+02 3 0 QUESTION0 -1 2.005e+02 5.408e+01))))))
s>        ( - 5.017e+03 2 0 QUESTION0 -1 2.080e+02 3.855e+02))INFO: dtree.c(1483): stop. leaf nodes are specific
INFO: dtree.c(1524): Final simple tree
|( WDBNDRY_B 0 -7.981e+02 8.718e+02 1.804e+02
|    ( - -2.584e+02 1 0)
|    ( - 3.321e+02 1 0))
s>    ( WDBNDRY_B 0 -7.981e+02 8.718e+02 1.804e+02
s>        ( - -2.584e+02 1 0)
s>        ( - 3.321e+02 1 0))INFO: dtree.c(1351): Comp split 1
INFO: dtree.c(1483): stop. leaf nodes are specific
INFO: dtree.c(1524): Final simple tree
|( QUESTION11 -1 5.656e+03 3.566e+02 4.396e+02
|    ( - 9.119e+02 1 0)
|    ( QUESTION0 -1 5.101e+03 2.066e+02 3.985e+02
|        ( WDBNDRY_B 0 5.218e+03 2.009e+02 3.955e+02
|            ( - 2.834e+02 1 0)
|            ( - 5.135e+03 1 0))
|        ( - 8.987e+01 1 0)))
s>    ( QUESTION11 -1 5.656e+03 3.566e+02 4.396e+02
s>        ( - 9.119e+02 1 0)
s>        ( QUESTION0 -1 5.101e+03 2.066e+02 3.985e+02
s>            ( WDBNDRY_B 0 5.218e+03 2.009e+02 3.955e+02
s>                ( - 2.834e+02 1 0)
s>                ( - 5.135e+03 1 0))
s>            ( - 8.987e+01 1 0)))INFO: dtree.c(1524): Final simple tree
|( QUESTION2_1_L -1 7.642e+03 5.548e+02 5.435e+02
|    ( - 5.681e+03 1 0)
|    ( QUESTION11 -1 2.517e+03 2.560e+02 2.417e+02
|        ( QUESTION2_14_L -1 7.820e+02 2.214e+02 3.306e+01
|            ( - 4.605e+02 1 0)
|            ( - 5.430e+02 2 0 QUESTION12 -1 1.201e+02 2.305e+01))
|        ( QUESTION2_14_L -1 1.991e+03 2.144e+02 2.086e+02
|            ( QUESTION0 -1 1.634e+03 1.878e+02 1.546e+02
|                ( - 1.581e+03 4 0)
|                ( - 2.414e+02 1 0))
|            ( QUESTION0 -1 5.708e+02 2.005e+02 5.408e+01
|                ( - 3.891e+02 1 0)
|                ( SILENCE -1 3.821e+02 1.350e+02 3.914e+01
|                    ( - 2.323e+02 1 0)
|                    ( - 2.849e+02 1 0))))))
s>    ( QUESTION2_1_L -1 7.642e+03 5.548e+02 5.435e+02
s>        ( - 5.681e+03 1 0)
s>        ( QUESTION11 -1 2.517e+03 2.560e+02 2.417e+02
s>            ( QUESTION2_14_L -1 7.820e+02 2.214e+02 3.306e+01
s>                ( - 4.605e+02 1 0)
s>                ( - 5.430e+02 2 0 QUESTION12 -1 1.201e+02 2.305e+01))
s>            ( QUESTION2_14_L -1 1.991e+03 2.144e+02 2.086e+02
s>                ( QUESTION0 -1 1.634e+03 1.878e+02 1.546e+02
s>                    ( - 1.581e+03 4 0)
s>                    ( - 2.414e+02 1 0))
s>                ( QUESTION0 -1 5.708e+02 2.005e+02 5.408e+01
s>                    ( - 3.891e+02 1 0)
s>                    ( SILENCE -1 3.821e+02 1.350e+02 3.914e+01
s>                        ( - 2.323e+02 1 0)
s>                        ( - 2.849e+02 1 0))))))INFO: dtree.c(1351): Comp split 2
INFO: dtree.c(1351): Comp split 3
INFO: dtree.c(1483): stop. leaf nodes are specific
INFO: dtree.c(1524): Final simple tree
|( QUESTION2_14_L -1 2.309e+03 2.269e+02 2.317e+02
|    ( QUESTION0 -1 1.634e+03 1.878e+02 1.546e+02
|        ( - 1.581e+03 4 0)
|        ( - 2.414e+02 1 0))
|    ( QUESTION11 -1 9.015e+02 2.122e+02 7.713e+01
|        ( QUESTION12 -1 5.430e+02 1.201e+02 2.305e+01
|            ( - 3.402e+02 1 0)
|            ( - 3.228e+02 1 0))
|        ( QUESTION0 -1 5.708e+02 2.005e+02 5.408e+01
|            ( - 3.891e+02 1 0)
|            ( SILENCE -1 3.821e+02 1.350e+02 3.914e+01
|                ( - 2.323e+02 1 0)
|                ( - 2.849e+02 1 0)))))
s>    ( QUESTION2_14_L -1 2.309e+03 2.269e+02 2.317e+02
s>        ( QUESTION0 -1 1.634e+03 1.878e+02 1.546e+02
s>            ( - 1.581e+03 4 0)
s>            ( - 2.414e+02 1 0))
s>        ( QUESTION11 -1 9.015e+02 2.122e+02 7.713e+01
s>            ( QUESTION12 -1 5.430e+02 1.201e+02 2.305e+01
s>                ( - 3.402e+02 1 0)
s>                ( - 3.228e+02 1 0))
s>            ( QUESTION0 -1 5.708e+02 2.005e+02 5.408e+01
s>                ( - 3.891e+02 1 0)
s>                ( SILENCE -1 3.821e+02 1.350e+02 3.914e+01
s>                    ( - 2.323e+02 1 0)
s>                    ( - 2.849e+02 1 0)))))INFO: dtree.c(1483): stop. leaf nodes are specific
INFO: dtree.c(1524): Final simple tree
|( QUESTION0 -1 5.916e+03 2.250e+02 3.118e+02
|    ( - 5.681e+03 1 0)
|    ( - 4.605e+02 1 0))
s>    ( QUESTION0 -1 5.916e+03 2.250e+02 3.118e+02
s>        ( - 5.681e+03 1 0)
s>        ( - 4.605e+02 1 0))INFO: dtree.c(1351): Comp split 4
INFO: dtree.c(1483): stop. leaf nodes are specific
INFO: dtree.c(1524): Final simple tree
|( QUESTION0 -1 5.101e+03 2.066e+02 3.985e+02
|    ( WDBNDRY_B 0 5.218e+03 2.009e+02 3.955e+02
|        ( - 2.834e+02 1 0)
|        ( - 5.135e+03 1 0))
|    ( - 8.987e+01 1 0))
s>    ( QUESTION0 -1 5.101e+03 2.066e+02 3.985e+02
s>        ( WDBNDRY_B 0 5.218e+03 2.009e+02 3.955e+02
s>            ( - 2.834e+02 1 0)
s>            ( - 5.135e+03 1 0))
s>        ( - 8.987e+01 1 0))INFO: dtree.c(1351): Comp split 5
INFO: dtree.c(1483): stop. leaf nodes are specific
INFO: dtree.c(1524): Final simple tree
|( QUESTION2_14_L -1 1.808e+03 2.085e+02 1.937e+02
|    ( QUESTION0 -1 1.634e+03 1.878e+02 1.546e+02
|        ( - 1.581e+03 4 0)
|        ( - 2.414e+02 1 0))
|    ( SILENCE -1 3.821e+02 1.350e+02 3.914e+01
|        ( - 2.323e+02 1 0)
|        ( - 2.849e+02 1 0)))
s>    ( QUESTION2_14_L -1 1.808e+03 2.085e+02 1.937e+02
s>        ( QUESTION0 -1 1.634e+03 1.878e+02 1.546e+02
s>            ( - 1.581e+03 4 0)
s>            ( - 2.414e+02 1 0))
s>        ( SILENCE -1 3.821e+02 1.350e+02 3.914e+01
s>            ( - 2.323e+02 1 0)
s>            ( - 2.849e+02 1 0)))INFO: dtree.c(1483): stop. leaf nodes are specific
INFO: dtree.c(1524): Final simple tree
|( QUESTION0 -1 7.461e+02 1.859e+02 3.799e+01
|    ( - 3.891e+02 1 0)
|    ( QUESTION12 -1 5.430e+02 1.201e+02 2.305e+01
|        ( - 3.402e+02 1 0)
|        ( - 3.228e+02 1 0)))
s>    ( QUESTION0 -1 7.461e+02 1.859e+02 3.799e+01
s>        ( - 3.891e+02 1 0)
s>        ( QUESTION12 -1 5.430e+02 1.201e+02 2.305e+01
s>            ( - 3.402e+02 1 0)
s>            ( - 3.228e+02 1 0)))INFO: dtree.c(1351): Comp split 6
INFO: dtree.c(1351): Comp split 7
INFO: dtree.c(1483): stop. leaf nodes are specific
INFO: dtree.c(1524): Final simple tree
|( WDBNDRY_B 0 1.766e+02 1.966e+02 1.600e+01
|    ( - 2.834e+02 1 0)
|    ( - 8.987e+01 1 0))
s>    ( WDBNDRY_B 0 1.766e+02 1.966e+02 1.600e+01
s>        ( - 2.834e+02 1 0)
s>        ( - 8.987e+01 1 0))INFO: dtree.c(1351): Comp split 8
INFO: dtree.c(1483): stop. leaf nodes are specific
INFO: dtree.c(1524): Final simple tree
|( SILENCE -1 3.821e+02 1.350e+02 3.914e+01
|    ( - 2.323e+02 1 0)
|    ( - 2.849e+02 1 0))
s>    ( SILENCE -1 3.821e+02 1.350e+02 3.914e+01
s>        ( - 2.323e+02 1 0)
s>        ( - 2.849e+02 1 0))INFO: dtree.c(1483): stop. leaf nodes are specific
INFO: dtree.c(1524): Final simple tree
|( QUESTION0 -1 1.634e+03 1.878e+02 1.546e+02
|    ( - 1.581e+03 4 0)
|    ( - 2.414e+02 1 0))
s>    ( QUESTION0 -1 1.634e+03 1.878e+02 1.546e+02
s>        ( - 1.581e+03 4 0)
s>        ( - 2.414e+02 1 0))INFO: dtree.c(1351): Comp split 9
INFO: dtree.c(1351): Comp split 10
INFO: dtree.c(1351): Comp split 11
INFO: dtree.c(1483): stop. leaf nodes are specific
INFO: dtree.c(1524): Final simple tree
|( QUESTION12 -1 5.430e+02 1.201e+02 2.305e+01
|    ( - 3.402e+02 1 0)
|    ( - 3.228e+02 1 0))
s>    ( QUESTION12 -1 5.430e+02 1.201e+02 2.305e+01
s>        ( - 3.402e+02 1 0)
s>        ( - 3.228e+02 1 0))INFO: dtree.c(1351): Comp split 12
INFO: dtree.c(1351): Comp split 13
INFO: dtree.c(1351): Comp split 14
INFO: dtree.c(1354): stop. leaf nodes are specific
Tue May 31 10:46:07 2011
