INFO: cmd_ln.c(691): Parsing command line:
/home/xkrajnan/Plocha/GSoC/PocketSphinx/an4/bin/bldtree \
	-treefn /home/xkrajnan/Plocha/GSoC/PocketSphinx/an4/trees/an4.unpruned/HH-1.dtree \
	-moddeffn /home/xkrajnan/Plocha/GSoC/PocketSphinx/an4/model_architecture/an4.untied.mdef \
	-mixwfn /home/xkrajnan/Plocha/GSoC/PocketSphinx/an4/model_parameters/an4.cd_cont_untied/mixture_weights \
	-ts2cbfn .cont. \
	-mwfloor 1e-08 \
	-psetfn /home/xkrajnan/Plocha/GSoC/PocketSphinx/an4/model_architecture/an4.tree_questions \
	-phone HH \
	-state 1 \
	-stwt 1.0,0.05,0.0 \
	-meanfn /home/xkrajnan/Plocha/GSoC/PocketSphinx/an4/model_parameters/an4.cd_cont_untied/means \
	-varfn /home/xkrajnan/Plocha/GSoC/PocketSphinx/an4/model_parameters/an4.cd_cont_untied/variances \
	-fullvar no \
	-ssplitmin 1 \
	-ssplitmax 7 \
	-ssplitthr 0 \
	-csplitmin 1 \
	-csplitmax 2000 \
	-csplitthr 0 

Current configuration:
[NAME]		[DEFLT]	[VALUE]
-allphones	no	no
-cntthresh	0.00001	1.000000e-05
-csplitmax	100	2000
-csplitmin	1	1
-csplitthr	8e-4	0.000000e+00
-example	no	no
-fullvar	no	no
-help		no	no
-meanfn			/home/xkrajnan/Plocha/GSoC/PocketSphinx/an4/model_parameters/an4.cd_cont_untied/means
-mixwfn			/home/xkrajnan/Plocha/GSoC/PocketSphinx/an4/model_parameters/an4.cd_cont_untied/mixture_weights
-moddeffn		/home/xkrajnan/Plocha/GSoC/PocketSphinx/an4/model_architecture/an4.untied.mdef
-mwfloor	1e-4	1.000000e-08
-phone			HH
-psetfn			/home/xkrajnan/Plocha/GSoC/PocketSphinx/an4/model_architecture/an4.tree_questions
-ssplitmax	5	7
-ssplitmin	1	1
-ssplitthr	8e-4	0.000000e+00
-state			1
-stwt			1.0,0.05,0.0,
-treefn			/home/xkrajnan/Plocha/GSoC/PocketSphinx/an4/trees/an4.unpruned/HH-1.dtree
-ts2cbfn	.semi.	.cont.
-varfloor	0.00001	1.000000e-05
-varfn			/home/xkrajnan/Plocha/GSoC/PocketSphinx/an4/model_parameters/an4.cd_cont_untied/variances

INFO: main.c(228): Reading: /home/xkrajnan/Plocha/GSoC/PocketSphinx/an4/model_architecture/an4.untied.mdef
INFO: model_def_io.c(587): Model definition info:
INFO: model_def_io.c(588): 1618 total models defined (34 base, 1584 tri)
INFO: model_def_io.c(589): 6472 total states
INFO: model_def_io.c(590): 4854 total tied states
INFO: model_def_io.c(591): 102 total tied CI states
INFO: model_def_io.c(592): 34 total tied transition matrices
INFO: model_def_io.c(593): 4 max state/model
INFO: model_def_io.c(594): 4 min state/model
INFO: main.c(247): Building trees for [HH AH AE b] through [HH V W b]
INFO: main.c(275): Covering states |[1746 1808]| == 63
INFO: main.c(282): Reading: /home/xkrajnan/Plocha/GSoC/PocketSphinx/an4/model_parameters/an4.cd_cont_untied/mixture_weights
INFO: s3mixw_io.c(172): Read /home/xkrajnan/Plocha/GSoC/PocketSphinx/an4/model_parameters/an4.cd_cont_untied/mixture_weights [63x1x1 array]
INFO: main.c(320): 21 of 21 models have observation count greater than 0.000010
INFO: main.c(94): nrm stwt: 0.045 0.909 0.045 
INFO: s3gau_io.c(166): Read /home/xkrajnan/Plocha/GSoC/PocketSphinx/an4/model_parameters/an4.cd_cont_untied/means [4854x1x1 array]
INFO: s3gau_io.c(166): Read /home/xkrajnan/Plocha/GSoC/PocketSphinx/an4/model_parameters/an4.cd_cont_untied/variances [4854x1x1 array]
INFO: main.c(576): Reading: /home/xkrajnan/Plocha/GSoC/PocketSphinx/an4/model_architecture/an4.tree_questions
INFO: main.c(619): 180 total simple questions (172 phone; 8 word bndry)
INFO: main.c(621): 42 Left Only questions, and 42 Right Only questions
INFO: dtree.c(1524): Final simple tree
|( SILENCE -1 -6.398e+03 2.102e+03 5.464e+02
|    ( QUESTION0_0_R 1 4.433e+02 3.257e+02 1.857e+02
|        ( - 1.083e+02 1 0)
|        ( - 6.607e+02 1 0))
|    ( QUESTION2_1_L -1 -4.739e+03 1.442e+03 3.607e+02
|        ( - -4.189e+02 2 0 QUESTION13 1 2.656e+02 1.056e+02)
|        ( QUESTION2_14_L -1 -2.878e+03 6.255e+02 2.551e+02
|            ( QUESTION0 -1 -1.132e+03 5.570e+02 1.647e+02
|                ( QUESTION13 1 -4.001e+02 2.829e+02 8.311e+01
|                    ( - 2.679e+02 1 0)
|                    ( - -3.851e+02 3 0))
|                ( QUESTION12 -1 -1.752e+02 2.913e+02 8.158e+01
|                    ( - -5.570e+01 1 0)
|                    ( - 1.718e+02 3 0 QUESTION13 1 2.174e+02 4.913e+01)))
|            ( - -1.120e+03 9 0 QUESTION8 -1 2.194e+02 9.036e+01))))
s>    ( SILENCE -1 -6.398e+03 2.102e+03 5.464e+02
s>        ( QUESTION0_0_R 1 4.433e+02 3.257e+02 1.857e+02
s>            ( - 1.083e+02 1 0)
s>            ( - 6.607e+02 1 0))
s>        ( QUESTION2_1_L -1 -4.739e+03 1.442e+03 3.607e+02
s>            ( - -4.189e+02 2 0 QUESTION13 1 2.656e+02 1.056e+02)
s>            ( QUESTION2_14_L -1 -2.878e+03 6.255e+02 2.551e+02
s>                ( QUESTION0 -1 -1.132e+03 5.570e+02 1.647e+02
s>                    ( QUESTION13 1 -4.001e+02 2.829e+02 8.311e+01
s>                        ( - 2.679e+02 1 0)
s>                        ( - -3.851e+02 3 0))
s>                    ( QUESTION12 -1 -1.752e+02 2.913e+02 8.158e+01
s>                        ( - -5.570e+01 1 0)
s>                        ( - 1.718e+02 3 0 QUESTION13 1 2.174e+02 4.913e+01)))
s>                ( - -1.120e+03 9 0 QUESTION8 -1 2.194e+02 9.036e+01))))INFO: dtree.c(1351): Comp split 0
INFO: dtree.c(1483): stop. leaf nodes are specific
INFO: dtree.c(1524): Final simple tree
|( QUESTION2_0_L -1 -2.460e+03 1.172e+03 2.202e+02
|    ( QUESTION13 1 -4.189e+02 2.656e+02 1.056e+02
|        ( - 2.389e+02 1 0)
|        ( - -3.921e+02 1 0))
|    ( QUESTION0 -1 -8.698e+02 4.290e+02 1.146e+02
|        ( - -3.851e+02 3 0)
|        ( - -5.570e+01 1 0)))
s>    ( QUESTION2_0_L -1 -2.460e+03 1.172e+03 2.202e+02
s>        ( QUESTION13 1 -4.189e+02 2.656e+02 1.056e+02
s>            ( - 2.389e+02 1 0)
s>            ( - -3.921e+02 1 0))
s>        ( QUESTION0 -1 -8.698e+02 4.290e+02 1.146e+02
s>            ( - -3.851e+02 3 0)
s>            ( - -5.570e+01 1 0)))INFO: dtree.c(1524): Final simple tree
|( SILENCE -1 -1.658e+03 8.211e+02 3.262e+02
|    ( QUESTION0_0_R 1 4.433e+02 3.257e+02 1.857e+02
|        ( - 1.083e+02 1 0)
|        ( - 6.607e+02 1 0))
|    ( QUESTION2_14_L -1 -1.280e+03 3.447e+02 1.405e+02
|        ( QUESTION0 -1 1.852e+02 2.545e+02 5.013e+01
|            ( - 2.679e+02 1 0)
|            ( QUESTION13 1 1.718e+02 2.174e+02 4.913e+01
|                ( - 1.481e+02 1 0)
|                ( - 2.411e+02 2 0 QUESTION2 -1 1.404e+02 4.313e+01)))
|        ( QUESTION8 -1 -1.120e+03 2.194e+02 9.036e+01
|            ( - 2.979e+01 2 0 QUESTION13 1 1.163e+02 2.431e+01)
|            ( QUESTION2_0_L -1 -9.307e+02 1.760e+02 6.605e+01
|                ( - -1.409e+02 2 0 QUESTION0_13_R 1 1.318e+02 1.902e+01)
|                ( - -6.137e+02 5 0 QUESTION0 -1 1.561e+02 4.703e+01)))))
s>    ( SILENCE -1 -1.658e+03 8.211e+02 3.262e+02
s>        ( QUESTION0_0_R 1 4.433e+02 3.257e+02 1.857e+02
s>            ( - 1.083e+02 1 0)
s>            ( - 6.607e+02 1 0))
s>        ( QUESTION2_14_L -1 -1.280e+03 3.447e+02 1.405e+02
s>            ( QUESTION0 -1 1.852e+02 2.545e+02 5.013e+01
s>                ( - 2.679e+02 1 0)
s>                ( QUESTION13 1 1.718e+02 2.174e+02 4.913e+01
s>                    ( - 1.481e+02 1 0)
s>                    ( - 2.411e+02 2 0 QUESTION2 -1 1.404e+02 4.313e+01)))
s>            ( QUESTION8 -1 -1.120e+03 2.194e+02 9.036e+01
s>                ( - 2.979e+01 2 0 QUESTION13 1 1.163e+02 2.431e+01)
s>                ( QUESTION2_0_L -1 -9.307e+02 1.760e+02 6.605e+01
s>                    ( - -1.409e+02 2 0 QUESTION0_13_R 1 1.318e+02 1.902e+01)
s>                    ( - -6.137e+02 5 0 QUESTION0 -1 1.561e+02 4.703e+01)))))INFO: dtree.c(1351): Comp split 1
INFO: dtree.c(1483): stop. leaf nodes are specific
INFO: dtree.c(1524): Final simple tree
|( QUESTION0 -1 -8.918e+02 4.271e+02 1.156e+02
|    ( QUESTION13 1 -4.090e+02 2.628e+02 8.311e+01
|        ( - 2.389e+02 1 0)
|        ( - -3.851e+02 3 0))
|    ( - -5.570e+01 1 0))
s>    ( QUESTION0 -1 -8.918e+02 4.271e+02 1.156e+02
s>        ( QUESTION13 1 -4.090e+02 2.628e+02 8.311e+01
s>            ( - 2.389e+02 1 0)
s>            ( - -3.851e+02 3 0))
s>        ( - -5.570e+01 1 0))INFO: dtree.c(1351): Comp split 2
INFO: dtree.c(1524): Final simple tree
|( QUESTION2_14_L -1 -1.381e+03 3.422e+02 1.570e+02
|    ( QUESTION0 -1 1.852e+02 2.545e+02 5.013e+01
|        ( - 2.679e+02 1 0)
|        ( QUESTION13 1 1.718e+02 2.174e+02 4.913e+01
|            ( - 1.481e+02 1 0)
|            ( - 2.411e+02 2 0 QUESTION2 -1 1.404e+02 4.313e+01)))
|    ( QUESTION2_8_L -1 -1.224e+03 2.157e+02 1.069e+02
|        ( QUESTION8 -1 -7.833e+02 1.993e+02 7.134e+01
|            ( - 2.979e+01 2 0 QUESTION13 1 1.163e+02 2.431e+01)
|            ( QUESTION0 -1 -6.137e+02 1.561e+02 4.703e+01
|                ( - -2.095e+02 2 0 QUESTION13 1 2.485e+02 2.303e+01)
|                ( - -2.482e+02 3 0 QUESTION13 1 1.476e+02 2.400e+01)))
|        ( SILENCE -1 -2.251e+02 1.925e+02 3.553e+01
|            ( - 1.083e+02 1 0)
|            ( - -1.409e+02 2 0 QUESTION0_13_R 1 1.318e+02 1.902e+01))))
s>    ( QUESTION2_14_L -1 -1.381e+03 3.422e+02 1.570e+02
s>        ( QUESTION0 -1 1.852e+02 2.545e+02 5.013e+01
s>            ( - 2.679e+02 1 0)
s>            ( QUESTION13 1 1.718e+02 2.174e+02 4.913e+01
s>                ( - 1.481e+02 1 0)
s>                ( - 2.411e+02 2 0 QUESTION2 -1 1.404e+02 4.313e+01)))
s>        ( QUESTION2_8_L -1 -1.224e+03 2.157e+02 1.069e+02
s>            ( QUESTION8 -1 -7.833e+02 1.993e+02 7.134e+01
s>                ( - 2.979e+01 2 0 QUESTION13 1 1.163e+02 2.431e+01)
s>                ( QUESTION0 -1 -6.137e+02 1.561e+02 4.703e+01
s>                    ( - -2.095e+02 2 0 QUESTION13 1 2.485e+02 2.303e+01)
s>                    ( - -2.482e+02 3 0 QUESTION13 1 1.476e+02 2.400e+01)))
s>            ( SILENCE -1 -2.251e+02 1.925e+02 3.553e+01
s>                ( - 1.083e+02 1 0)
s>                ( - -1.409e+02 2 0 QUESTION0_13_R 1 1.318e+02 1.902e+01))))INFO: dtree.c(1351): Comp split 3
INFO: dtree.c(1483): stop. leaf nodes are specific
INFO: dtree.c(1524): Final simple tree
|( QUESTION13 1 -4.090e+02 2.628e+02 8.311e+01
|    ( - 2.389e+02 1 0)
|    ( - -3.851e+02 3 0))
s>    ( QUESTION13 1 -4.090e+02 2.628e+02 8.311e+01
s>        ( - 2.389e+02 1 0)
s>        ( - -3.851e+02 3 0))INFO: dtree.c(1351): Comp split 4
INFO: dtree.c(1483): stop. leaf nodes are specific
INFO: dtree.c(1524): Final simple tree
|( QUESTION0 -1 1.852e+02 2.545e+02 5.013e+01
|    ( - 2.679e+02 1 0)
|    ( QUESTION13 1 1.718e+02 2.174e+02 4.913e+01
|        ( - 1.481e+02 1 0)
|        ( QUESTION2 -1 2.411e+02 1.404e+02 4.313e+01
|            ( - 1.584e+02 1 0)
|            ( - 2.231e+02 1 0))))
s>    ( QUESTION0 -1 1.852e+02 2.545e+02 5.013e+01
s>        ( - 2.679e+02 1 0)
s>        ( QUESTION13 1 1.718e+02 2.174e+02 4.913e+01
s>            ( - 1.481e+02 1 0)
s>            ( QUESTION2 -1 2.411e+02 1.404e+02 4.313e+01
s>                ( - 1.584e+02 1 0)
s>                ( - 2.231e+02 1 0))))INFO: dtree.c(1524): Final simple tree
|( QUESTION2_8_L -1 -1.224e+03 2.157e+02 1.069e+02
|    ( QUESTION8 -1 -7.833e+02 1.993e+02 7.134e+01
|        ( - 2.979e+01 2 0 QUESTION13 1 1.163e+02 2.431e+01)
|        ( QUESTION0 -1 -6.137e+02 1.561e+02 4.703e+01
|            ( QUESTION13 1 -2.095e+02 2.485e+02 2.303e+01
|                ( - 2.401e+02 1 0)
|                ( - -2.010e+02 1 0))
|            ( QUESTION13 1 -2.482e+02 1.476e+02 2.400e+01
|                ( - -1.632e+01 1 0)
|                ( - -8.425e+01 2 0 QUESTION2 -1 1.163e+02 1.700e+01))))
|    ( SILENCE -1 -2.251e+02 1.925e+02 3.553e+01
|        ( - 1.083e+02 1 0)
|        ( QUESTION0_13_R 1 -1.409e+02 1.318e+02 1.902e+01
|            ( - -1.230e+02 1 0)
|            ( - 1.139e+02 1 0))))
s>    ( QUESTION2_8_L -1 -1.224e+03 2.157e+02 1.069e+02
s>        ( QUESTION8 -1 -7.833e+02 1.993e+02 7.134e+01
s>            ( - 2.979e+01 2 0 QUESTION13 1 1.163e+02 2.431e+01)
s>            ( QUESTION0 -1 -6.137e+02 1.561e+02 4.703e+01
s>                ( QUESTION13 1 -2.095e+02 2.485e+02 2.303e+01
s>                    ( - 2.401e+02 1 0)
s>                    ( - -2.010e+02 1 0))
s>                ( QUESTION13 1 -2.482e+02 1.476e+02 2.400e+01
s>                    ( - -1.632e+01 1 0)
s>                    ( - -8.425e+01 2 0 QUESTION2 -1 1.163e+02 1.700e+01))))
s>        ( SILENCE -1 -2.251e+02 1.925e+02 3.553e+01
s>            ( - 1.083e+02 1 0)
s>            ( QUESTION0_13_R 1 -1.409e+02 1.318e+02 1.902e+01
s>                ( - -1.230e+02 1 0)
s>                ( - 1.139e+02 1 0))))INFO: dtree.c(1351): Comp split 5
INFO: dtree.c(1351): Comp split 6
INFO: dtree.c(1483): stop. leaf nodes are specific
INFO: dtree.c(1524): Final simple tree
|( QUESTION13 1 1.718e+02 2.174e+02 4.913e+01
|    ( - 1.481e+02 1 0)
|    ( QUESTION2 -1 2.411e+02 1.404e+02 4.313e+01
|        ( - 1.584e+02 1 0)
|        ( - 2.231e+02 1 0)))
s>    ( QUESTION13 1 1.718e+02 2.174e+02 4.913e+01
s>        ( - 1.481e+02 1 0)
s>        ( QUESTION2 -1 2.411e+02 1.404e+02 4.313e+01
s>            ( - 1.584e+02 1 0)
s>            ( - 2.231e+02 1 0)))INFO: dtree.c(1351): Comp split 7
INFO: dtree.c(1524): Final simple tree
|( QUESTION2_8_L -1 -1.217e+03 2.148e+02 1.059e+02
|    ( QUESTION8 -1 -7.773e+02 2.014e+02 7.034e+01
|        ( QUESTION13 1 2.979e+01 1.163e+02 2.431e+01
|            ( - 8.875e+01 1 0)
|            ( - 5.731e+01 1 0))
|        ( QUESTION0 -1 -6.056e+02 1.564e+02 4.603e+01
|            ( - -2.010e+02 1 0)
|            ( QUESTION13 1 -2.482e+02 1.476e+02 2.400e+01
|                ( - -1.632e+01 1 0)
|                ( - -8.425e+01 2 0 QUESTION2 -1 1.163e+02 1.700e+01))))
|    ( SILENCE -1 -2.251e+02 1.925e+02 3.553e+01
|        ( - 1.083e+02 1 0)
|        ( QUESTION0_13_R 1 -1.409e+02 1.318e+02 1.902e+01
|            ( - -1.230e+02 1 0)
|            ( - 1.139e+02 1 0))))
s>    ( QUESTION2_8_L -1 -1.217e+03 2.148e+02 1.059e+02
s>        ( QUESTION8 -1 -7.773e+02 2.014e+02 7.034e+01
s>            ( QUESTION13 1 2.979e+01 1.163e+02 2.431e+01
s>                ( - 8.875e+01 1 0)
s>                ( - 5.731e+01 1 0))
s>            ( QUESTION0 -1 -6.056e+02 1.564e+02 4.603e+01
s>                ( - -2.010e+02 1 0)
s>                ( QUESTION13 1 -2.482e+02 1.476e+02 2.400e+01
s>                    ( - -1.632e+01 1 0)
s>                    ( - -8.425e+01 2 0 QUESTION2 -1 1.163e+02 1.700e+01))))
s>        ( SILENCE -1 -2.251e+02 1.925e+02 3.553e+01
s>            ( - 1.083e+02 1 0)
s>            ( QUESTION0_13_R 1 -1.409e+02 1.318e+02 1.902e+01
s>                ( - -1.230e+02 1 0)
s>                ( - 1.139e+02 1 0))))INFO: dtree.c(1351): Comp split 8
INFO: dtree.c(1483): stop. leaf nodes are specific
INFO: dtree.c(1524): Final simple tree
|( QUESTION2_0_L -1 -9.208e+02 1.720e+02 6.505e+01
|    ( - -1.230e+02 1 0)
|    ( QUESTION0 -1 -6.258e+02 1.560e+02 4.803e+01
|        ( - -2.010e+02 1 0)
|        ( QUESTION13 1 -2.687e+02 1.461e+02 2.600e+01
|            ( QUESTION3 -1 -3.841e+01 1.108e+02 9.000e+00
|                ( - -1.632e+01 1 0)
|                ( - 8.875e+01 1 0))
|            ( QUESTION2 -1 -8.425e+01 1.163e+02 1.700e+01
|                ( - -7.034e+01 1 0)
|                ( - 1.024e+02 1 0)))))
s>    ( QUESTION2_0_L -1 -9.208e+02 1.720e+02 6.505e+01
s>        ( - -1.230e+02 1 0)
s>        ( QUESTION0 -1 -6.258e+02 1.560e+02 4.803e+01
s>            ( - -2.010e+02 1 0)
s>            ( QUESTION13 1 -2.687e+02 1.461e+02 2.600e+01
s>                ( QUESTION3 -1 -3.841e+01 1.108e+02 9.000e+00
s>                    ( - -1.632e+01 1 0)
s>                    ( - 8.875e+01 1 0))
s>                ( QUESTION2 -1 -8.425e+01 1.163e+02 1.700e+01
s>                    ( - -7.034e+01 1 0)
s>                    ( - 1.024e+02 1 0)))))INFO: dtree.c(1483): stop. leaf nodes are specific
INFO: dtree.c(1524): Final simple tree
|( SILENCE -1 -5.782e+01 2.003e+02 4.082e+01
|    ( - 1.083e+02 1 0)
|    ( QUESTION0_13_R 1 3.424e+01 1.370e+02 2.431e+01
|        ( - 5.731e+01 1 0)
|        ( - 1.139e+02 1 0)))
s>    ( SILENCE -1 -5.782e+01 2.003e+02 4.082e+01
s>        ( - 1.083e+02 1 0)
s>        ( QUESTION0_13_R 1 3.424e+01 1.370e+02 2.431e+01
s>            ( - 5.731e+01 1 0)
s>            ( - 1.139e+02 1 0)))INFO: dtree.c(1351): Comp split 9
INFO: dtree.c(1483): stop. leaf nodes are specific
INFO: dtree.c(1524): Final simple tree
|( QUESTION2 -1 2.411e+02 1.404e+02 4.313e+01
|    ( - 1.584e+02 1 0)
|    ( - 2.231e+02 1 0))
s>    ( QUESTION2 -1 2.411e+02 1.404e+02 4.313e+01
s>        ( - 1.584e+02 1 0)
s>        ( - 2.231e+02 1 0))INFO: dtree.c(1351): Comp split 10
INFO: dtree.c(1483): stop. leaf nodes are specific
INFO: dtree.c(1524): Final simple tree
|( QUESTION0_13_R 1 3.424e+01 1.370e+02 2.431e+01
|    ( - 5.731e+01 1 0)
|    ( - 1.139e+02 1 0))
s>    ( QUESTION0_13_R 1 3.424e+01 1.370e+02 2.431e+01
s>        ( - 5.731e+01 1 0)
s>        ( - 1.139e+02 1 0))INFO: dtree.c(1351): Comp split 11
INFO: dtree.c(1483): stop. leaf nodes are specific
INFO: dtree.c(1524): Final simple tree
|( QUESTION0 -1 -4.166e+02 1.453e+02 3.603e+01
|    ( - -2.010e+02 1 0)
|    ( - -7.034e+01 1 0))
s>    ( QUESTION0 -1 -4.166e+02 1.453e+02 3.603e+01
s>        ( - -2.010e+02 1 0)
s>        ( - -7.034e+01 1 0))INFO: dtree.c(1483): stop. leaf nodes are specific
INFO: dtree.c(1524): Final simple tree
|( QUESTION0 -1 -3.158e+02 1.281e+02 2.902e+01
|    ( - -1.230e+02 1 0)
|    ( QUESTION2 -1 -6.466e+01 1.286e+02 1.200e+01
|        ( QUESTION3 -1 -3.841e+01 1.108e+02 9.000e+00
|            ( - -1.632e+01 1 0)
|            ( - 8.875e+01 1 0))
|        ( - 1.024e+02 1 0)))
s>    ( QUESTION0 -1 -3.158e+02 1.281e+02 2.902e+01
s>        ( - -1.230e+02 1 0)
s>        ( QUESTION2 -1 -6.466e+01 1.286e+02 1.200e+01
s>            ( QUESTION3 -1 -3.841e+01 1.108e+02 9.000e+00
s>                ( - -1.632e+01 1 0)
s>                ( - 8.875e+01 1 0))
s>            ( - 1.024e+02 1 0)))INFO: dtree.c(1351): Comp split 12
INFO: dtree.c(1351): Comp split 13
INFO: dtree.c(1351): Comp split 14
INFO: dtree.c(1351): Comp split 15
INFO: dtree.c(1483): stop. leaf nodes are specific
INFO: dtree.c(1524): Final simple tree
|( QUESTION2 -1 -6.466e+01 1.286e+02 1.200e+01
|    ( QUESTION3 -1 -3.841e+01 1.108e+02 9.000e+00
|        ( - -1.632e+01 1 0)
|        ( - 8.875e+01 1 0))
|    ( - 1.024e+02 1 0))
s>    ( QUESTION2 -1 -6.466e+01 1.286e+02 1.200e+01
s>        ( QUESTION3 -1 -3.841e+01 1.108e+02 9.000e+00
s>            ( - -1.632e+01 1 0)
s>            ( - 8.875e+01 1 0))
s>        ( - 1.024e+02 1 0))INFO: dtree.c(1351): Comp split 16
INFO: dtree.c(1483): stop. leaf nodes are specific
INFO: dtree.c(1524): Final simple tree
|( QUESTION3 -1 -3.841e+01 1.108e+02 9.000e+00
|    ( - -1.632e+01 1 0)
|    ( - 8.875e+01 1 0))
s>    ( QUESTION3 -1 -3.841e+01 1.108e+02 9.000e+00
s>        ( - -1.632e+01 1 0)
s>        ( - 8.875e+01 1 0))INFO: dtree.c(1351): Comp split 17
INFO: dtree.c(1351): Comp split 18
INFO: dtree.c(1354): stop. leaf nodes are specific
Tue May 31 10:45:45 2011
