INFO: cmd_ln.c(691): Parsing command line:
/home/xkrajnan/Plocha/GSoC/PocketSphinx/an4/bin/bldtree \
	-treefn /home/xkrajnan/Plocha/GSoC/PocketSphinx/an4/trees/an4.unpruned/T-2.dtree \
	-moddeffn /home/xkrajnan/Plocha/GSoC/PocketSphinx/an4/model_architecture/an4.untied.mdef \
	-mixwfn /home/xkrajnan/Plocha/GSoC/PocketSphinx/an4/model_parameters/an4.cd_cont_untied/mixture_weights \
	-ts2cbfn .cont. \
	-mwfloor 1e-08 \
	-psetfn /home/xkrajnan/Plocha/GSoC/PocketSphinx/an4/model_architecture/an4.tree_questions \
	-phone T \
	-state 2 \
	-stwt 1.0,0.05,0.0 \
	-meanfn /home/xkrajnan/Plocha/GSoC/PocketSphinx/an4/model_parameters/an4.cd_cont_untied/means \
	-varfn /home/xkrajnan/Plocha/GSoC/PocketSphinx/an4/model_parameters/an4.cd_cont_untied/variances \
	-fullvar no \
	-ssplitmin 1 \
	-ssplitmax 7 \
	-ssplitthr 0 \
	-csplitmin 1 \
	-csplitmax 2000 \
	-csplitthr 0 

Current configuration:
[NAME]		[DEFLT]	[VALUE]
-allphones	no	no
-cntthresh	0.00001	1.000000e-05
-csplitmax	100	2000
-csplitmin	1	1
-csplitthr	8e-4	0.000000e+00
-example	no	no
-fullvar	no	no
-help		no	no
-meanfn			/home/xkrajnan/Plocha/GSoC/PocketSphinx/an4/model_parameters/an4.cd_cont_untied/means
-mixwfn			/home/xkrajnan/Plocha/GSoC/PocketSphinx/an4/model_parameters/an4.cd_cont_untied/mixture_weights
-moddeffn		/home/xkrajnan/Plocha/GSoC/PocketSphinx/an4/model_architecture/an4.untied.mdef
-mwfloor	1e-4	1.000000e-08
-phone			T
-psetfn			/home/xkrajnan/Plocha/GSoC/PocketSphinx/an4/model_architecture/an4.tree_questions
-ssplitmax	5	7
-ssplitmin	1	1
-ssplitthr	8e-4	0.000000e+00
-state			2
-stwt			1.0,0.05,0.0,
-treefn			/home/xkrajnan/Plocha/GSoC/PocketSphinx/an4/trees/an4.unpruned/T-2.dtree
-ts2cbfn	.semi.	.cont.
-varfloor	0.00001	1.000000e-05
-varfn			/home/xkrajnan/Plocha/GSoC/PocketSphinx/an4/model_parameters/an4.cd_cont_untied/variances

INFO: main.c(228): Reading: /home/xkrajnan/Plocha/GSoC/PocketSphinx/an4/model_architecture/an4.untied.mdef
INFO: model_def_io.c(587): Model definition info:
INFO: model_def_io.c(588): 1618 total models defined (34 base, 1584 tri)
INFO: model_def_io.c(589): 6472 total states
INFO: model_def_io.c(590): 4854 total tied states
INFO: model_def_io.c(591): 102 total tied CI states
INFO: model_def_io.c(592): 34 total tied transition matrices
INFO: model_def_io.c(593): 4 max state/model
INFO: model_def_io.c(594): 4 min state/model
INFO: main.c(247): Building trees for [T AH IY b] through [T V W b]
INFO: main.c(275): Covering states |[4080 4361]| == 282
INFO: main.c(282): Reading: /home/xkrajnan/Plocha/GSoC/PocketSphinx/an4/model_parameters/an4.cd_cont_untied/mixture_weights
INFO: s3mixw_io.c(172): Read /home/xkrajnan/Plocha/GSoC/PocketSphinx/an4/model_parameters/an4.cd_cont_untied/mixture_weights [282x1x1 array]
INFO: main.c(320): 94 of 94 models have observation count greater than 0.000010
INFO: main.c(94): nrm stwt: 0.000 0.048 0.952 
INFO: s3gau_io.c(166): Read /home/xkrajnan/Plocha/GSoC/PocketSphinx/an4/model_parameters/an4.cd_cont_untied/means [4854x1x1 array]
INFO: s3gau_io.c(166): Read /home/xkrajnan/Plocha/GSoC/PocketSphinx/an4/model_parameters/an4.cd_cont_untied/variances [4854x1x1 array]
INFO: main.c(576): Reading: /home/xkrajnan/Plocha/GSoC/PocketSphinx/an4/model_architecture/an4.tree_questions
INFO: main.c(619): 180 total simple questions (172 phone; 8 word bndry)
INFO: main.c(621): 42 Left Only questions, and 42 Right Only questions
INFO: dtree.c(1524): Final simple tree
|( QUESTION0 1 -5.512e+04 2.871e+03 5.393e+03
|    ( WDBNDRY_B 0 -3.753e+04 1.860e+03 4.250e+03
|        ( QUESTION2_0_L -1 -2.434e+04 1.310e+03 3.357e+03
|            ( - -5.969e+03 5 0 QUESTION2_1_L -1 2.222e+02 1.219e+03)
|            ( - -1.706e+04 27 0 SILENCE -1 3.092e+02 2.138e+03))
|        ( WDBNDRY_E 0 -1.133e+04 9.885e+02 8.937e+02
|            ( - -2.680e+03 11 0 QUESTION0_0_R 1 2.993e+02 2.094e+02)
|            ( QUESTION2_10_L -1 -7.665e+03 7.562e+02 6.843e+02
|                ( - -3.036e+03 2 0)
|                ( - -3.873e+03 5 0 QUESTION2 -1 3.752e+02 3.528e+02))))
|    ( QUESTION14 1 -1.471e+04 1.338e+03 1.143e+03
|        ( WDBNDRY_I 0 -6.453e+03 7.260e+02 4.021e+02
|            ( - -4.764e+02 1 0)
|            ( - -5.250e+03 16 0 QUESTION2_17_L -1 1.735e+02 3.360e+02))
|        ( - -6.924e+03 27 0 WDBNDRY_E 0 3.309e+02 7.404e+02)))
s>    ( QUESTION0 1 -5.512e+04 2.871e+03 5.393e+03
s>        ( WDBNDRY_B 0 -3.753e+04 1.860e+03 4.250e+03
s>            ( QUESTION2_0_L -1 -2.434e+04 1.310e+03 3.357e+03
s>                ( - -5.969e+03 5 0 QUESTION2_1_L -1 2.222e+02 1.219e+03)
s>                ( - -1.706e+04 27 0 SILENCE -1 3.092e+02 2.138e+03))
s>            ( WDBNDRY_E 0 -1.133e+04 9.885e+02 8.937e+02
s>                ( - -2.680e+03 11 0 QUESTION0_0_R 1 2.993e+02 2.094e+02)
s>                ( QUESTION2_10_L -1 -7.665e+03 7.562e+02 6.843e+02
s>                    ( - -3.036e+03 2 0)
s>                    ( - -3.873e+03 5 0 QUESTION2 -1 3.752e+02 3.528e+02))))
s>        ( QUESTION14 1 -1.471e+04 1.338e+03 1.143e+03
s>            ( WDBNDRY_I 0 -6.453e+03 7.260e+02 4.021e+02
s>                ( - -4.764e+02 1 0)
s>                ( - -5.250e+03 16 0 QUESTION2_17_L -1 1.735e+02 3.360e+02))
s>            ( - -6.924e+03 27 0 WDBNDRY_E 0 3.309e+02 7.404e+02)))INFO: dtree.c(1351): Comp split 0
INFO: dtree.c(1524): Final simple tree
|( QUESTION14 1 -1.773e+04 1.289e+03 1.352e+03
|    ( WDBNDRY_I 0 -6.453e+03 7.260e+02 4.021e+02
|        ( - -4.764e+02 1 0)
|        ( - -5.250e+03 16 0 QUESTION2_17_L -1 1.735e+02 3.360e+02))
|    ( SILENCE 1 -9.985e+03 4.314e+02 9.498e+02
|        ( QUESTION0 -1 -2.501e+03 3.134e+02 3.269e+02
|            ( - -1.831e+03 2 0 QUESTION2_0_L -1 2.135e+02 2.795e+02)
|            ( - -3.569e+02 1 0))
|        ( QUESTION0_15_R 1 -7.052e+03 3.082e+02 6.228e+02
|            ( - -4.240e+02 4 0 WDBNDRY_E 0 2.656e+02 3.464e+01)
|            ( QUESTION2_10_L -1 -6.320e+03 3.218e+02 5.882e+02
|                ( - -2.378e+03 17 0 QUESTION0_13_R 1 1.812e+02 2.428e+02)
|                ( QUESTION0_7_R 1 -3.620e+03 3.187e+02 3.454e+02
|                    ( - -4.792e+02 5 0 QUESTION2_0_L -1 1.512e+02 6.835e+01)
|                    ( - -2.822e+03 9 0 QUESTION0_1_R 1 2.768e+02 2.770e+02))))))
s>    ( QUESTION14 1 -1.773e+04 1.289e+03 1.352e+03
s>        ( WDBNDRY_I 0 -6.453e+03 7.260e+02 4.021e+02
s>            ( - -4.764e+02 1 0)
s>            ( - -5.250e+03 16 0 QUESTION2_17_L -1 1.735e+02 3.360e+02))
s>        ( SILENCE 1 -9.985e+03 4.314e+02 9.498e+02
s>            ( QUESTION0 -1 -2.501e+03 3.134e+02 3.269e+02
s>                ( - -1.831e+03 2 0 QUESTION2_0_L -1 2.135e+02 2.795e+02)
s>                ( - -3.569e+02 1 0))
s>            ( QUESTION0_15_R 1 -7.052e+03 3.082e+02 6.228e+02
s>                ( - -4.240e+02 4 0 WDBNDRY_E 0 2.656e+02 3.464e+01)
s>                ( QUESTION2_10_L -1 -6.320e+03 3.218e+02 5.882e+02
s>                    ( - -2.378e+03 17 0 QUESTION0_13_R 1 1.812e+02 2.428e+02)
s>                    ( QUESTION0_7_R 1 -3.620e+03 3.187e+02 3.454e+02
s>                        ( - -4.792e+02 5 0 QUESTION2_0_L -1 1.512e+02 6.835e+01)
s>                        ( - -2.822e+03 9 0 QUESTION0_1_R 1 2.768e+02 2.770e+02))))))INFO: dtree.c(1524): Final simple tree
|( WDBNDRY_B 0 -3.363e+04 1.625e+03 4.041e+03
|    ( QUESTION2_0_L -1 -2.434e+04 1.310e+03 3.357e+03
|        ( - -5.969e+03 5 0 QUESTION2_1_L -1 2.222e+02 1.219e+03)
|        ( SILENCE -1 -1.706e+04 3.092e+02 2.138e+03
|            ( - -1.671e+03 2 0)
|            ( QUESTION9 -1 -1.508e+04 2.541e+02 1.897e+03
|                ( - -4.456e+03 2 0)
|                ( - -1.037e+04 23 0 QUESTION2_9_L -1 2.328e+02 1.380e+03))))
|    ( QUESTION2_10_L -1 -7.665e+03 7.562e+02 6.843e+02
|        ( - -3.036e+03 2 0)
|        ( QUESTION2 -1 -3.873e+03 3.752e+02 3.528e+02
|            ( - -1.587e+03 2 0 QUESTION0_13_R 1 1.674e+02 2.164e+02)
|            ( QUESTION12 -1 -1.910e+03 2.456e+02 1.363e+02
|                ( - -1.186e+03 1 0)
|                ( - -4.789e+02 2 0 QUESTION0 -1 1.703e+02 4.346e+01)))))
s>    ( WDBNDRY_B 0 -3.363e+04 1.625e+03 4.041e+03
s>        ( QUESTION2_0_L -1 -2.434e+04 1.310e+03 3.357e+03
s>            ( - -5.969e+03 5 0 QUESTION2_1_L -1 2.222e+02 1.219e+03)
s>            ( SILENCE -1 -1.706e+04 3.092e+02 2.138e+03
s>                ( - -1.671e+03 2 0)
s>                ( QUESTION9 -1 -1.508e+04 2.541e+02 1.897e+03
s>                    ( - -4.456e+03 2 0)
s>                    ( - -1.037e+04 23 0 QUESTION2_9_L -1 2.328e+02 1.380e+03))))
s>        ( QUESTION2_10_L -1 -7.665e+03 7.562e+02 6.843e+02
s>            ( - -3.036e+03 2 0)
s>            ( QUESTION2 -1 -3.873e+03 3.752e+02 3.528e+02
s>                ( - -1.587e+03 2 0 QUESTION0_13_R 1 1.674e+02 2.164e+02)
s>                ( QUESTION12 -1 -1.910e+03 2.456e+02 1.363e+02
s>                    ( - -1.186e+03 1 0)
s>                    ( - -4.789e+02 2 0 QUESTION0 -1 1.703e+02 4.346e+01)))))INFO: dtree.c(1351): Comp split 1
INFO: dtree.c(1483): stop. leaf nodes are specific
INFO: dtree.c(1524): Final simple tree
|( QUESTION2_9_L -1 -3.815e+03 3.002e+02 3.750e+02
|    ( - -3.036e+03 2 0)
|    ( QUESTION0 -1 -4.789e+02 1.703e+02 4.346e+01
|        ( - -4.048e+02 1 0)
|        ( - 9.611e+01 1 0)))
s>    ( QUESTION2_9_L -1 -3.815e+03 3.002e+02 3.750e+02
s>        ( - -3.036e+03 2 0)
s>        ( QUESTION0 -1 -4.789e+02 1.703e+02 4.346e+01
s>            ( - -4.048e+02 1 0)
s>            ( - 9.611e+01 1 0)))INFO: dtree.c(1524): Final simple tree
|( QUESTION2_0_L -1 -2.813e+04 1.254e+03 3.666e+03
|    ( QUESTION2_1_L -1 -5.969e+03 2.222e+02 1.219e+03
|        ( - -4.372e+03 2 0)
|        ( - -1.374e+03 3 0 QUESTION0 -1 1.224e+02 4.260e+02))
|    ( WDBNDRY_B 0 -2.091e+04 7.039e+02 2.447e+03
|        ( SILENCE -1 -1.706e+04 3.092e+02 2.138e+03
|            ( - -1.671e+03 2 0)
|            ( QUESTION9 -1 -1.508e+04 2.541e+02 1.897e+03
|                ( - -4.456e+03 2 0)
|                ( QUESTION2_9_L -1 -1.037e+04 2.328e+02 1.380e+03
|                    ( - -1.882e+03 8 0 QUESTION2 -1 1.031e+02 2.995e+02)
|                    ( - -8.252e+03 15 0 QUESTION0 -1 2.042e+02 1.081e+03))))
|        ( QUESTION2 -1 -3.144e+03 3.709e+02 3.093e+02
|            ( - -1.587e+03 2 0 QUESTION0_13_R 1 1.674e+02 2.164e+02)
|            ( - -1.186e+03 1 0))))
s>    ( QUESTION2_0_L -1 -2.813e+04 1.254e+03 3.666e+03
s>        ( QUESTION2_1_L -1 -5.969e+03 2.222e+02 1.219e+03
s>            ( - -4.372e+03 2 0)
s>            ( - -1.374e+03 3 0 QUESTION0 -1 1.224e+02 4.260e+02))
s>        ( WDBNDRY_B 0 -2.091e+04 7.039e+02 2.447e+03
s>            ( SILENCE -1 -1.706e+04 3.092e+02 2.138e+03
s>                ( - -1.671e+03 2 0)
s>                ( QUESTION9 -1 -1.508e+04 2.541e+02 1.897e+03
s>                    ( - -4.456e+03 2 0)
s>                    ( QUESTION2_9_L -1 -1.037e+04 2.328e+02 1.380e+03
s>                        ( - -1.882e+03 8 0 QUESTION2 -1 1.031e+02 2.995e+02)
s>                        ( - -8.252e+03 15 0 QUESTION0 -1 2.042e+02 1.081e+03))))
s>            ( QUESTION2 -1 -3.144e+03 3.709e+02 3.093e+02
s>                ( - -1.587e+03 2 0 QUESTION0_13_R 1 1.674e+02 2.164e+02)
s>                ( - -1.186e+03 1 0))))INFO: dtree.c(1351): Comp split 2
INFO: dtree.c(1524): Final simple tree
|( WDBNDRY_B 0 -1.883e+04 5.883e+02 2.231e+03
|    ( SILENCE -1 -1.706e+04 3.092e+02 2.138e+03
|        ( - -1.671e+03 2 0)
|        ( QUESTION9 -1 -1.508e+04 2.541e+02 1.897e+03
|            ( - -4.456e+03 2 0)
|            ( QUESTION2_9_L -1 -1.037e+04 2.328e+02 1.380e+03
|                ( - -1.882e+03 8 0 QUESTION2 -1 1.031e+02 2.995e+02)
|                ( QUESTION0 -1 -8.252e+03 2.042e+02 1.081e+03
|                    ( - -4.236e+03 8 0)
|                    ( QUESTION2_17_L -1 -3.812e+03 1.787e+02 5.664e+02
|                        ( QUESTION2 -1 -2.049e+03 1.033e+02 3.703e+02
|                            ( - -2.024e+03 2 0)
|                            ( - 7.829e+01 2 0))
|                        ( - -1.584e+03 3 0 QUESTION12 -1 9.239e+01 1.962e+02))))))
|    ( - -1.186e+03 1 0))
s>    ( WDBNDRY_B 0 -1.883e+04 5.883e+02 2.231e+03
s>        ( SILENCE -1 -1.706e+04 3.092e+02 2.138e+03
s>            ( - -1.671e+03 2 0)
s>            ( QUESTION9 -1 -1.508e+04 2.541e+02 1.897e+03
s>                ( - -4.456e+03 2 0)
s>                ( QUESTION2_9_L -1 -1.037e+04 2.328e+02 1.380e+03
s>                    ( - -1.882e+03 8 0 QUESTION2 -1 1.031e+02 2.995e+02)
s>                    ( QUESTION0 -1 -8.252e+03 2.042e+02 1.081e+03
s>                        ( - -4.236e+03 8 0)
s>                        ( QUESTION2_17_L -1 -3.812e+03 1.787e+02 5.664e+02
s>                            ( QUESTION2 -1 -2.049e+03 1.033e+02 3.703e+02
s>                                ( - -2.024e+03 2 0)
s>                                ( - 7.829e+01 2 0))
s>                            ( - -1.584e+03 3 0 QUESTION12 -1 9.239e+01 1.962e+02))))))
s>        ( - -1.186e+03 1 0))INFO: dtree.c(1483): stop. leaf nodes are specific
INFO: dtree.c(1524): Final simple tree
|( QUESTION8 -1 -7.965e+03 4.140e+02 1.435e+03
|    ( - -1.402e+03 1 0)
|    ( QUESTION2_2_L -1 -6.150e+03 2.292e+02 1.232e+03
|        ( QUESTION0 -1 -1.374e+03 1.224e+02 4.260e+02
|            ( - -1.061e+03 1 0)
|            ( - -1.906e+02 2 0))
|        ( WDBNDRY_B 0 -4.547e+03 1.559e+02 8.055e+02
|            ( - -4.372e+03 2 0)
|            ( - -1.839e+01 1 0))))
s>    ( QUESTION8 -1 -7.965e+03 4.140e+02 1.435e+03
s>        ( - -1.402e+03 1 0)
s>        ( QUESTION2_2_L -1 -6.150e+03 2.292e+02 1.232e+03
s>            ( QUESTION0 -1 -1.374e+03 1.224e+02 4.260e+02
s>                ( - -1.061e+03 1 0)
s>                ( - -1.906e+02 2 0))
s>            ( WDBNDRY_B 0 -4.547e+03 1.559e+02 8.055e+02
s>                ( - -4.372e+03 2 0)
s>                ( - -1.839e+01 1 0))))INFO: dtree.c(1351): Comp split 3
INFO: dtree.c(1524): Final simple tree
|( SILENCE 1 -9.985e+03 4.314e+02 9.498e+02
|    ( QUESTION0 -1 -2.501e+03 3.134e+02 3.269e+02
|        ( - -1.831e+03 2 0 QUESTION2_0_L -1 2.135e+02 2.795e+02)
|        ( - -3.569e+02 1 0))
|    ( QUESTION0_15_R 1 -7.052e+03 3.082e+02 6.228e+02
|        ( WDBNDRY_E 0 -4.240e+02 2.656e+02 3.464e+01
|            ( - -4.024e+02 3 0 QUESTION2_9_L -1 1.100e+02 3.364e+01)
|            ( - 2.440e+02 1 0))
|        ( QUESTION2_10_L -1 -6.320e+03 3.218e+02 5.882e+02
|            ( - -2.378e+03 17 0 QUESTION0_13_R 1 1.812e+02 2.428e+02)
|            ( QUESTION0_7_R 1 -3.620e+03 3.187e+02 3.454e+02
|                ( - -4.792e+02 5 0 QUESTION2_0_L -1 1.512e+02 6.835e+01)
|                ( QUESTION0_1_R 1 -2.822e+03 2.768e+02 2.770e+02
|                    ( - 9.911e+01 1 0)
|                    ( - -2.644e+03 8 0 WDBNDRY_E 0 2.079e+02 2.419e+02))))))
s>    ( SILENCE 1 -9.985e+03 4.314e+02 9.498e+02
s>        ( QUESTION0 -1 -2.501e+03 3.134e+02 3.269e+02
s>            ( - -1.831e+03 2 0 QUESTION2_0_L -1 2.135e+02 2.795e+02)
s>            ( - -3.569e+02 1 0))
s>        ( QUESTION0_15_R 1 -7.052e+03 3.082e+02 6.228e+02
s>            ( WDBNDRY_E 0 -4.240e+02 2.656e+02 3.464e+01
s>                ( - -4.024e+02 3 0 QUESTION2_9_L -1 1.100e+02 3.364e+01)
s>                ( - 2.440e+02 1 0))
s>            ( QUESTION2_10_L -1 -6.320e+03 3.218e+02 5.882e+02
s>                ( - -2.378e+03 17 0 QUESTION0_13_R 1 1.812e+02 2.428e+02)
s>                ( QUESTION0_7_R 1 -3.620e+03 3.187e+02 3.454e+02
s>                    ( - -4.792e+02 5 0 QUESTION2_0_L -1 1.512e+02 6.835e+01)
s>                    ( QUESTION0_1_R 1 -2.822e+03 2.768e+02 2.770e+02
s>                        ( - 9.911e+01 1 0)
s>                        ( - -2.644e+03 8 0 WDBNDRY_E 0 2.079e+02 2.419e+02))))))INFO: dtree.c(1524): Final simple tree
|( WDBNDRY_I 0 -6.453e+03 7.260e+02 4.021e+02
|    ( - -4.764e+02 1 0)
|    ( QUESTION2_17_L -1 -5.250e+03 1.735e+02 3.360e+02
|        ( QUESTION0 -1 -1.551e+03 1.025e+02 1.026e+02
|            ( - -4.490e+02 2 0)
|            ( - -9.992e+02 1 0))
|        ( WDBNDRY_B 0 -3.526e+03 1.343e+02 2.335e+02
|            ( QUESTION4 -1 -3.280e+03 1.190e+02 2.185e+02
|                ( - -2.057e+02 1 0)
|                ( QUESTION12 -1 -2.955e+03 1.121e+02 2.004e+02
|                    ( - -2.258e+02 1 0)
|                    ( QUESTION11 -1 -2.617e+03 1.038e+02 1.874e+02
|                        ( - -2.983e+02 2 0 QUESTION16 -1 6.888e+01 2.925e+01)
|                        ( - -2.215e+03 7 0 QUESTION2_2_L -1 9.954e+01 1.581e+02))))
|            ( - -1.123e+02 2 0))))
s>    ( WDBNDRY_I 0 -6.453e+03 7.260e+02 4.021e+02
s>        ( - -4.764e+02 1 0)
s>        ( QUESTION2_17_L -1 -5.250e+03 1.735e+02 3.360e+02
s>            ( QUESTION0 -1 -1.551e+03 1.025e+02 1.026e+02
s>                ( - -4.490e+02 2 0)
s>                ( - -9.992e+02 1 0))
s>            ( WDBNDRY_B 0 -3.526e+03 1.343e+02 2.335e+02
s>                ( QUESTION4 -1 -3.280e+03 1.190e+02 2.185e+02
s>                    ( - -2.057e+02 1 0)
s>                    ( QUESTION12 -1 -2.955e+03 1.121e+02 2.004e+02
s>                        ( - -2.258e+02 1 0)
s>                        ( QUESTION11 -1 -2.617e+03 1.038e+02 1.874e+02
s>                            ( - -2.983e+02 2 0 QUESTION16 -1 6.888e+01 2.925e+01)
s>                            ( - -2.215e+03 7 0 QUESTION2_2_L -1 9.954e+01 1.581e+02))))
s>                ( - -1.123e+02 2 0))))INFO: dtree.c(1351): Comp split 4
INFO: dtree.c(1524): Final simple tree
|( QUESTION2_17_L -1 -5.250e+03 1.735e+02 3.360e+02
|    ( QUESTION0 -1 -1.551e+03 1.025e+02 1.026e+02
|        ( - -4.490e+02 2 0)
|        ( - -9.992e+02 1 0))
|    ( WDBNDRY_B 0 -3.526e+03 1.343e+02 2.335e+02
|        ( QUESTION4 -1 -3.280e+03 1.190e+02 2.185e+02
|            ( - -2.057e+02 1 0)
|            ( QUESTION12 -1 -2.955e+03 1.121e+02 2.004e+02
|                ( - -2.258e+02 1 0)
|                ( QUESTION11 -1 -2.617e+03 1.038e+02 1.874e+02
|                    ( - -2.983e+02 2 0 QUESTION16 -1 6.888e+01 2.925e+01)
|                    ( QUESTION2_2_L -1 -2.215e+03 9.954e+01 1.581e+02
|                        ( - -2.837e+02 1 0)
|                        ( - -1.832e+03 6 0 QUESTION3 -1 9.147e+01 1.407e+02)))))
|        ( - -1.123e+02 2 0)))
s>    ( QUESTION2_17_L -1 -5.250e+03 1.735e+02 3.360e+02
s>        ( QUESTION0 -1 -1.551e+03 1.025e+02 1.026e+02
s>            ( - -4.490e+02 2 0)
s>            ( - -9.992e+02 1 0))
s>        ( WDBNDRY_B 0 -3.526e+03 1.343e+02 2.335e+02
s>            ( QUESTION4 -1 -3.280e+03 1.190e+02 2.185e+02
s>                ( - -2.057e+02 1 0)
s>                ( QUESTION12 -1 -2.955e+03 1.121e+02 2.004e+02
s>                    ( - -2.258e+02 1 0)
s>                    ( QUESTION11 -1 -2.617e+03 1.038e+02 1.874e+02
s>                        ( - -2.983e+02 2 0 QUESTION16 -1 6.888e+01 2.925e+01)
s>                        ( QUESTION2_2_L -1 -2.215e+03 9.954e+01 1.581e+02
s>                            ( - -2.837e+02 1 0)
s>                            ( - -1.832e+03 6 0 QUESTION3 -1 9.147e+01 1.407e+02)))))
s>            ( - -1.123e+02 2 0)))INFO: dtree.c(1351): Comp split 5
INFO: dtree.c(1524): Final simple tree
|( SILENCE -1 -1.706e+04 3.092e+02 2.138e+03
|    ( - -1.671e+03 2 0)
|    ( QUESTION9 -1 -1.508e+04 2.541e+02 1.897e+03
|        ( - -4.456e+03 2 0)
|        ( QUESTION2_9_L -1 -1.037e+04 2.328e+02 1.380e+03
|            ( QUESTION2 -1 -1.882e+03 1.031e+02 2.995e+02
|                ( - -3.846e+02 2 0)
|                ( - -1.395e+03 6 0 QUESTION0 -1 9.122e+01 2.355e+02))
|            ( QUESTION0 -1 -8.252e+03 2.042e+02 1.081e+03
|                ( - -4.236e+03 8 0)
|                ( QUESTION2_17_L -1 -3.812e+03 1.787e+02 5.664e+02
|                    ( QUESTION2 -1 -2.049e+03 1.033e+02 3.703e+02
|                        ( - -2.024e+03 2 0)
|                        ( - 7.829e+01 2 0))
|                    ( - -1.584e+03 3 0 QUESTION12 -1 9.239e+01 1.962e+02))))))
s>    ( SILENCE -1 -1.706e+04 3.092e+02 2.138e+03
s>        ( - -1.671e+03 2 0)
s>        ( QUESTION9 -1 -1.508e+04 2.541e+02 1.897e+03
s>            ( - -4.456e+03 2 0)
s>            ( QUESTION2_9_L -1 -1.037e+04 2.328e+02 1.380e+03
s>                ( QUESTION2 -1 -1.882e+03 1.031e+02 2.995e+02
s>                    ( - -3.846e+02 2 0)
s>                    ( - -1.395e+03 6 0 QUESTION0 -1 9.122e+01 2.355e+02))
s>                ( QUESTION0 -1 -8.252e+03 2.042e+02 1.081e+03
s>                    ( - -4.236e+03 8 0)
s>                    ( QUESTION2_17_L -1 -3.812e+03 1.787e+02 5.664e+02
s>                        ( QUESTION2 -1 -2.049e+03 1.033e+02 3.703e+02
s>                            ( - -2.024e+03 2 0)
s>                            ( - 7.829e+01 2 0))
s>                        ( - -1.584e+03 3 0 QUESTION12 -1 9.239e+01 1.962e+02))))))INFO: dtree.c(1351): Comp split 6
INFO: dtree.c(1483): stop. leaf nodes are specific
INFO: dtree.c(1524): Final simple tree
|( QUESTION2_0_L -1 -1.831e+03 2.135e+02 2.795e+02
|    ( - -1.636e+02 1 0)
|    ( - -1.454e+03 1 0))
s>    ( QUESTION2_0_L -1 -1.831e+03 2.135e+02 2.795e+02
s>        ( - -1.636e+02 1 0)
s>        ( - -1.454e+03 1 0))INFO: dtree.c(1524): Final simple tree
|( QUESTION0_15_R 1 -7.687e+03 3.135e+02 6.703e+02
|    ( WDBNDRY_E 0 -4.240e+02 2.656e+02 3.464e+01
|        ( - -4.024e+02 3 0 QUESTION2_9_L -1 1.100e+02 3.364e+01)
|        ( - 2.440e+02 1 0))
|    ( QUESTION2_10_L -1 -6.949e+03 3.167e+02 6.357e+02
|        ( - -2.378e+03 17 0 QUESTION0_13_R 1 1.812e+02 2.428e+02)
|        ( QUESTION0_7_R 1 -4.254e+03 3.179e+02 3.929e+02
|            ( - -4.792e+02 5 0 QUESTION2_0_L -1 1.512e+02 6.835e+01)
|            ( QUESTION0_1_R 1 -3.457e+03 3.061e+02 3.245e+02
|                ( - 9.911e+01 1 0)
|                ( SILENCE 1 -3.250e+03 2.489e+02 2.893e+02
|                    ( - -3.569e+02 1 0)
|                    ( WDBNDRY_E 0 -2.644e+03 2.079e+02 2.419e+02
|                        ( - -2.646e+03 7 0 QUESTION4 1 1.954e+02 2.399e+02)
|                        ( - 2.092e+02 1 0)))))))
s>    ( QUESTION0_15_R 1 -7.687e+03 3.135e+02 6.703e+02
s>        ( WDBNDRY_E 0 -4.240e+02 2.656e+02 3.464e+01
s>            ( - -4.024e+02 3 0 QUESTION2_9_L -1 1.100e+02 3.364e+01)
s>            ( - 2.440e+02 1 0))
s>        ( QUESTION2_10_L -1 -6.949e+03 3.167e+02 6.357e+02
s>            ( - -2.378e+03 17 0 QUESTION0_13_R 1 1.812e+02 2.428e+02)
s>            ( QUESTION0_7_R 1 -4.254e+03 3.179e+02 3.929e+02
s>                ( - -4.792e+02 5 0 QUESTION2_0_L -1 1.512e+02 6.835e+01)
s>                ( QUESTION0_1_R 1 -3.457e+03 3.061e+02 3.245e+02
s>                    ( - 9.911e+01 1 0)
s>                    ( SILENCE 1 -3.250e+03 2.489e+02 2.893e+02
s>                        ( - -3.569e+02 1 0)
s>                        ( WDBNDRY_E 0 -2.644e+03 2.079e+02 2.419e+02
s>                            ( - -2.646e+03 7 0 QUESTION4 1 1.954e+02 2.399e+02)
s>                            ( - 2.092e+02 1 0)))))))INFO: dtree.c(1351): Comp split 7
INFO: dtree.c(1483): stop. leaf nodes are specific
INFO: dtree.c(1524): Final simple tree
|( QUESTION2_2_L -1 -6.150e+03 2.292e+02 1.232e+03
|    ( QUESTION0 -1 -1.374e+03 1.224e+02 4.260e+02
|        ( - -1.061e+03 1 0)
|        ( - -1.906e+02 2 0))
|    ( WDBNDRY_B 0 -4.547e+03 1.559e+02 8.055e+02
|        ( - -4.372e+03 2 0)
|        ( - -1.839e+01 1 0)))
s>    ( QUESTION2_2_L -1 -6.150e+03 2.292e+02 1.232e+03
s>        ( QUESTION0 -1 -1.374e+03 1.224e+02 4.260e+02
s>            ( - -1.061e+03 1 0)
s>            ( - -1.906e+02 2 0))
s>        ( WDBNDRY_B 0 -4.547e+03 1.559e+02 8.055e+02
s>            ( - -4.372e+03 2 0)
s>            ( - -1.839e+01 1 0)))INFO: dtree.c(1351): Comp split 8
INFO: dtree.c(1483): stop. leaf nodes are specific
INFO: dtree.c(1524): Final simple tree
|( QUESTION2_10_L -1 -3.733e+03 1.816e+02 5.401e+02
|    ( QUESTION0 -1 -1.395e+03 9.122e+01 2.355e+02
|        ( - -1.195e+03 4 0)
|        ( - -1.090e+02 2 0))
|    ( SILENCE -1 -2.157e+03 1.017e+02 3.046e+02
|        ( - -1.671e+03 2 0)
|        ( - -3.846e+02 2 0)))
s>    ( QUESTION2_10_L -1 -3.733e+03 1.816e+02 5.401e+02
s>        ( QUESTION0 -1 -1.395e+03 9.122e+01 2.355e+02
s>            ( - -1.195e+03 4 0)
s>            ( - -1.090e+02 2 0))
s>        ( SILENCE -1 -2.157e+03 1.017e+02 3.046e+02
s>            ( - -1.671e+03 2 0)
s>            ( - -3.846e+02 2 0)))INFO: dtree.c(1483): stop. leaf nodes are specific
INFO: dtree.c(1524): Final simple tree
|( QUESTION2_17_L -1 -1.295e+04 2.601e+02 1.598e+03
|    ( QUESTION0 -1 -6.490e+03 2.044e+02 8.845e+02
|        ( - -4.236e+03 8 0)
|        ( QUESTION2 -1 -2.049e+03 1.033e+02 3.703e+02
|            ( - -2.024e+03 2 0)
|            ( - 7.829e+01 2 0)))
|    ( QUESTION2 -1 -6.203e+03 1.631e+02 7.135e+02
|        ( - -4.456e+03 2 0)
|        ( QUESTION12 -1 -1.584e+03 9.239e+01 1.962e+02
|            ( - -1.141e+03 2 0)
|            ( - -3.505e+02 1 0))))
s>    ( QUESTION2_17_L -1 -1.295e+04 2.601e+02 1.598e+03
s>        ( QUESTION0 -1 -6.490e+03 2.044e+02 8.845e+02
s>            ( - -4.236e+03 8 0)
s>            ( QUESTION2 -1 -2.049e+03 1.033e+02 3.703e+02
s>                ( - -2.024e+03 2 0)
s>                ( - 7.829e+01 2 0)))
s>        ( QUESTION2 -1 -6.203e+03 1.631e+02 7.135e+02
s>            ( - -4.456e+03 2 0)
s>            ( QUESTION12 -1 -1.584e+03 9.239e+01 1.962e+02
s>                ( - -1.141e+03 2 0)
s>                ( - -3.505e+02 1 0))))INFO: dtree.c(1351): Comp split 9
INFO: dtree.c(1483): stop. leaf nodes are specific
INFO: dtree.c(1524): Final simple tree
|( WDBNDRY_E 0 1.049e+02 2.034e+02 3.717e+01
|    ( - 9.911e+01 1 0)
|    ( - 2.092e+02 1 0))
s>    ( WDBNDRY_E 0 1.049e+02 2.034e+02 3.717e+01
s>        ( - 9.911e+01 1 0)
s>        ( - 2.092e+02 1 0))INFO: dtree.c(1524): Final simple tree
|( QUESTION0_15_R 1 -7.441e+03 3.116e+02 6.331e+02
|    ( WDBNDRY_E 0 -4.240e+02 2.656e+02 3.464e+01
|        ( - -4.024e+02 3 0 QUESTION2_9_L -1 1.100e+02 3.364e+01)
|        ( - 2.440e+02 1 0))
|    ( WDBNDRY_E 0 -6.705e+03 3.144e+02 5.985e+02
|        ( QUESTION2_9_L -1 -5.829e+03 2.802e+02 5.221e+02
|            ( QUESTION0_13_R 1 -2.300e+03 1.945e+02 2.348e+02
|                ( - -7.097e+02 7 0 QUESTION5 1 1.430e+02 5.239e+01)
|                ( - -1.396e+03 9 0 QUESTION0_10_R 1 1.481e+02 1.824e+02))
|            ( SILENCE 1 -3.249e+03 2.468e+02 2.873e+02
|                ( - -3.569e+02 1 0)
|                ( QUESTION4 1 -2.646e+03 1.954e+02 2.399e+02
|                    ( - -4.684e+02 1 0)
|                    ( - -1.982e+03 6 0 QUESTION0_0_R 1 1.621e+02 1.878e+02))))
|        ( - -5.618e+02 6 0 QUESTION2_0_L -1 1.542e+02 7.635e+01)))
s>    ( QUESTION0_15_R 1 -7.441e+03 3.116e+02 6.331e+02
s>        ( WDBNDRY_E 0 -4.240e+02 2.656e+02 3.464e+01
s>            ( - -4.024e+02 3 0 QUESTION2_9_L -1 1.100e+02 3.364e+01)
s>            ( - 2.440e+02 1 0))
s>        ( WDBNDRY_E 0 -6.705e+03 3.144e+02 5.985e+02
s>            ( QUESTION2_9_L -1 -5.829e+03 2.802e+02 5.221e+02
s>                ( QUESTION0_13_R 1 -2.300e+03 1.945e+02 2.348e+02
s>                    ( - -7.097e+02 7 0 QUESTION5 1 1.430e+02 5.239e+01)
s>                    ( - -1.396e+03 9 0 QUESTION0_10_R 1 1.481e+02 1.824e+02))
s>                ( SILENCE 1 -3.249e+03 2.468e+02 2.873e+02
s>                    ( - -3.569e+02 1 0)
s>                    ( QUESTION4 1 -2.646e+03 1.954e+02 2.399e+02
s>                        ( - -4.684e+02 1 0)
s>                        ( - -1.982e+03 6 0 QUESTION0_0_R 1 1.621e+02 1.878e+02))))
s>            ( - -5.618e+02 6 0 QUESTION2_0_L -1 1.542e+02 7.635e+01)))INFO: dtree.c(1351): Comp split 10
INFO: dtree.c(1524): Final simple tree
|( QUESTION0_10_R 1 -1.396e+03 1.481e+02 1.824e+02
|    ( QUESTION3 1 -2.477e+02 1.149e+02 4.115e+01
|        ( - -1.063e+02 1 0)
|        ( - -2.645e+01 1 0))
|    ( QUESTION10 1 -9.998e+02 1.358e+02 1.413e+02
|        ( - 1.189e+01 1 0)
|        ( QUESTION0_3_R 1 -8.759e+02 1.243e+02 1.353e+02
|            ( - -6.688e+01 1 0)
|            ( QUESTION0_0_R 1 -6.847e+02 1.174e+02 1.102e+02
|                ( QUESTION0_8_R 1 -5.781e+02 1.029e+02 9.323e+01
|                    ( - 7.964e+01 1 0)
|                    ( QUESTION0_1_R 1 -5.549e+02 9.960e+01 8.923e+01
|                        ( - 8.863e+00 2 0)
|                        ( - -4.641e+02 1 0)))
|                ( - 1.082e+01 1 0)))))
s>    ( QUESTION0_10_R 1 -1.396e+03 1.481e+02 1.824e+02
s>        ( QUESTION3 1 -2.477e+02 1.149e+02 4.115e+01
s>            ( - -1.063e+02 1 0)
s>            ( - -2.645e+01 1 0))
s>        ( QUESTION10 1 -9.998e+02 1.358e+02 1.413e+02
s>            ( - 1.189e+01 1 0)
s>            ( QUESTION0_3_R 1 -8.759e+02 1.243e+02 1.353e+02
s>                ( - -6.688e+01 1 0)
s>                ( QUESTION0_0_R 1 -6.847e+02 1.174e+02 1.102e+02
s>                    ( QUESTION0_8_R 1 -5.781e+02 1.029e+02 9.323e+01
s>                        ( - 7.964e+01 1 0)
s>                        ( QUESTION0_1_R 1 -5.549e+02 9.960e+01 8.923e+01
s>                            ( - 8.863e+00 2 0)
s>                            ( - -4.641e+02 1 0)))
s>                    ( - 1.082e+01 1 0)))))INFO: dtree.c(1524): Final simple tree
|( QUESTION0_7_R 1 -5.699e+03 3.043e+02 4.507e+02
|    ( QUESTION2_0_L -1 -5.618e+02 1.542e+02 7.635e+01
|        ( - 1.652e+02 1 0)
|        ( - -5.727e+02 5 0 QUESTION10 -1 1.185e+02 7.184e+01))
|    ( QUESTION0_15_R 1 -4.833e+03 2.854e+02 3.744e+02
|        ( WDBNDRY_E 0 -4.240e+02 2.656e+02 3.464e+01
|            ( - -4.024e+02 3 0 QUESTION2_9_L -1 1.100e+02 3.364e+01)
|            ( - 2.440e+02 1 0))
|        ( SILENCE 1 -4.124e+03 2.441e+02 3.397e+02
|            ( - -3.569e+02 1 0)
|            ( QUESTION0_13_R 1 -3.523e+03 2.005e+02 2.923e+02
|                ( QUESTION4 1 -1.619e+03 1.633e+02 1.205e+02
|                    ( - -8.363e+02 3 0 QUESTION2_9_L -1 1.506e+02 7.634e+01)
|                    ( - -6.196e+02 6 0 QUESTION2 1 1.363e+02 4.419e+01))
|                ( - -1.703e+03 5 0 QUESTION11 1 1.381e+02 1.717e+02)))))
s>    ( QUESTION0_7_R 1 -5.699e+03 3.043e+02 4.507e+02
s>        ( QUESTION2_0_L -1 -5.618e+02 1.542e+02 7.635e+01
s>            ( - 1.652e+02 1 0)
s>            ( - -5.727e+02 5 0 QUESTION10 -1 1.185e+02 7.184e+01))
s>        ( QUESTION0_15_R 1 -4.833e+03 2.854e+02 3.744e+02
s>            ( WDBNDRY_E 0 -4.240e+02 2.656e+02 3.464e+01
s>                ( - -4.024e+02 3 0 QUESTION2_9_L -1 1.100e+02 3.364e+01)
s>                ( - 2.440e+02 1 0))
s>            ( SILENCE 1 -4.124e+03 2.441e+02 3.397e+02
s>                ( - -3.569e+02 1 0)
s>                ( QUESTION0_13_R 1 -3.523e+03 2.005e+02 2.923e+02
s>                    ( QUESTION4 1 -1.619e+03 1.633e+02 1.205e+02
s>                        ( - -8.363e+02 3 0 QUESTION2_9_L -1 1.506e+02 7.634e+01)
s>                        ( - -6.196e+02 6 0 QUESTION2 1 1.363e+02 4.419e+01))
s>                    ( - -1.703e+03 5 0 QUESTION11 1 1.381e+02 1.717e+02)))))INFO: dtree.c(1351): Comp split 11
INFO: dtree.c(1524): Final simple tree
|( WDBNDRY_E 0 -3.169e+03 2.649e+02 2.506e+02
|    ( QUESTION0_15_R 1 -3.149e+03 2.475e+02 2.496e+02
|        ( - -4.024e+02 3 0 QUESTION2_9_L -1 1.100e+02 3.364e+01)
|        ( QUESTION0_13_R 1 -2.499e+03 1.761e+02 2.159e+02
|            ( QUESTION2 1 -6.196e+02 1.363e+02 4.419e+01
|                ( - 1.126e+02 1 0)
|                ( QUESTION2_9_L -1 -5.959e+02 1.376e+02 4.219e+01
|                    ( - -3.225e+02 4 0 QUESTION0 1 1.083e+02 2.616e+01)
|                    ( - -1.357e+02 1 0)))
|            ( QUESTION11 1 -1.703e+03 1.381e+02 1.717e+02
|                ( - -9.302e+01 1 0)
|                ( QUESTION0_0_R 1 -1.472e+03 1.294e+02 1.329e+02
|                    ( - -1.386e+03 3 0 QUESTION0_11_R 1 1.031e+02 1.209e+02)
|                    ( - 4.356e+01 1 0)))))
|    ( - 2.440e+02 1 0))
s>    ( WDBNDRY_E 0 -3.169e+03 2.649e+02 2.506e+02
s>        ( QUESTION0_15_R 1 -3.149e+03 2.475e+02 2.496e+02
s>            ( - -4.024e+02 3 0 QUESTION2_9_L -1 1.100e+02 3.364e+01)
s>            ( QUESTION0_13_R 1 -2.499e+03 1.761e+02 2.159e+02
s>                ( QUESTION2 1 -6.196e+02 1.363e+02 4.419e+01
s>                    ( - 1.126e+02 1 0)
s>                    ( QUESTION2_9_L -1 -5.959e+02 1.376e+02 4.219e+01
s>                        ( - -3.225e+02 4 0 QUESTION0 1 1.083e+02 2.616e+01)
s>                        ( - -1.357e+02 1 0)))
s>                ( QUESTION11 1 -1.703e+03 1.381e+02 1.717e+02
s>                    ( - -9.302e+01 1 0)
s>                    ( QUESTION0_0_R 1 -1.472e+03 1.294e+02 1.329e+02
s>                        ( - -1.386e+03 3 0 QUESTION0_11_R 1 1.031e+02 1.209e+02)
s>                        ( - 4.356e+01 1 0)))))
s>        ( - 2.440e+02 1 0))INFO: dtree.c(1524): Final simple tree
|( SILENCE 1 -2.215e+03 2.617e+02 2.002e+02
|    ( - -3.569e+02 1 0)
|    ( WDBNDRY_E 0 -1.596e+03 1.979e+02 1.527e+02
|        ( QUESTION2_9_L -1 -8.363e+02 1.506e+02 7.634e+01
|            ( - -2.173e+02 2 0)
|            ( - -4.684e+02 1 0))
|        ( QUESTION2_0_L -1 -5.618e+02 1.542e+02 7.635e+01
|            ( - 1.652e+02 1 0)
|            ( QUESTION10 -1 -5.727e+02 1.185e+02 7.184e+01
|                ( - -1.414e+02 1 0)
|                ( QUESTION8 -1 -3.128e+02 1.053e+02 5.077e+01
|                    ( - 1.911e+01 1 0)
|                    ( WDBNDRY_B 0 -2.266e+02 8.923e+01 4.277e+01
|                        ( - -9.301e+01 2 0 SILENCE -1 8.406e+01 2.677e+01)
|                        ( - -4.437e+01 1 0)))))))
s>    ( SILENCE 1 -2.215e+03 2.617e+02 2.002e+02
s>        ( - -3.569e+02 1 0)
s>        ( WDBNDRY_E 0 -1.596e+03 1.979e+02 1.527e+02
s>            ( QUESTION2_9_L -1 -8.363e+02 1.506e+02 7.634e+01
s>                ( - -2.173e+02 2 0)
s>                ( - -4.684e+02 1 0))
s>            ( QUESTION2_0_L -1 -5.618e+02 1.542e+02 7.635e+01
s>                ( - 1.652e+02 1 0)
s>                ( QUESTION10 -1 -5.727e+02 1.185e+02 7.184e+01
s>                    ( - -1.414e+02 1 0)
s>                    ( QUESTION8 -1 -3.128e+02 1.053e+02 5.077e+01
s>                        ( - 1.911e+01 1 0)
s>                        ( WDBNDRY_B 0 -2.266e+02 8.923e+01 4.277e+01
s>                            ( - -9.301e+01 2 0 SILENCE -1 8.406e+01 2.677e+01)
s>                            ( - -4.437e+01 1 0)))))))INFO: dtree.c(1351): Comp split 12
INFO: dtree.c(1483): stop. leaf nodes are specific
INFO: dtree.c(1524): Final simple tree
|( QUESTION0 -1 -4.789e+02 1.703e+02 4.346e+01
|    ( - -4.048e+02 1 0)
|    ( - 9.611e+01 1 0))
s>    ( QUESTION0 -1 -4.789e+02 1.703e+02 4.346e+01
s>        ( - -4.048e+02 1 0)
s>        ( - 9.611e+01 1 0))INFO: dtree.c(1351): Comp split 13
INFO: dtree.c(1524): Final simple tree
|( QUESTION0_15_R 1 -3.149e+03 2.475e+02 2.496e+02
|    ( QUESTION2_9_L -1 -4.024e+02 1.100e+02 3.364e+01
|        ( - -1.597e+02 2 0)
|        ( - -1.327e+02 1 0))
|    ( QUESTION0_13_R 1 -2.499e+03 1.761e+02 2.159e+02
|        ( QUESTION2 1 -6.196e+02 1.363e+02 4.419e+01
|            ( - 1.126e+02 1 0)
|            ( QUESTION2_9_L -1 -5.959e+02 1.376e+02 4.219e+01
|                ( - -3.225e+02 4 0 QUESTION0 1 1.083e+02 2.616e+01)
|                ( - -1.357e+02 1 0)))
|        ( QUESTION11 1 -1.703e+03 1.381e+02 1.717e+02
|            ( - -9.302e+01 1 0)
|            ( QUESTION0_0_R 1 -1.472e+03 1.294e+02 1.329e+02
|                ( - -1.386e+03 3 0 QUESTION0_11_R 1 1.031e+02 1.209e+02)
|                ( - 4.356e+01 1 0)))))
s>    ( QUESTION0_15_R 1 -3.149e+03 2.475e+02 2.496e+02
s>        ( QUESTION2_9_L -1 -4.024e+02 1.100e+02 3.364e+01
s>            ( - -1.597e+02 2 0)
s>            ( - -1.327e+02 1 0))
s>        ( QUESTION0_13_R 1 -2.499e+03 1.761e+02 2.159e+02
s>            ( QUESTION2 1 -6.196e+02 1.363e+02 4.419e+01
s>                ( - 1.126e+02 1 0)
s>                ( QUESTION2_9_L -1 -5.959e+02 1.376e+02 4.219e+01
s>                    ( - -3.225e+02 4 0 QUESTION0 1 1.083e+02 2.616e+01)
s>                    ( - -1.357e+02 1 0)))
s>            ( QUESTION11 1 -1.703e+03 1.381e+02 1.717e+02
s>                ( - -9.302e+01 1 0)
s>                ( QUESTION0_0_R 1 -1.472e+03 1.294e+02 1.329e+02
s>                    ( - -1.386e+03 3 0 QUESTION0_11_R 1 1.031e+02 1.209e+02)
s>                    ( - 4.356e+01 1 0)))))INFO: dtree.c(1351): Comp split 14
INFO: dtree.c(1524): Final simple tree
|( WDBNDRY_E 0 -1.596e+03 1.979e+02 1.527e+02
|    ( QUESTION2_9_L -1 -8.363e+02 1.506e+02 7.634e+01
|        ( - -2.173e+02 2 0)
|        ( - -4.684e+02 1 0))
|    ( QUESTION2_0_L -1 -5.618e+02 1.542e+02 7.635e+01
|        ( - 1.652e+02 1 0)
|        ( QUESTION10 -1 -5.727e+02 1.185e+02 7.184e+01
|            ( - -1.414e+02 1 0)
|            ( QUESTION8 -1 -3.128e+02 1.053e+02 5.077e+01
|                ( - 1.911e+01 1 0)
|                ( WDBNDRY_B 0 -2.266e+02 8.923e+01 4.277e+01
|                    ( SILENCE -1 -9.301e+01 8.406e+01 2.677e+01
|                        ( - -1.050e+02 1 0)
|                        ( - 9.605e+01 1 0))
|                    ( - -4.437e+01 1 0))))))
s>    ( WDBNDRY_E 0 -1.596e+03 1.979e+02 1.527e+02
s>        ( QUESTION2_9_L -1 -8.363e+02 1.506e+02 7.634e+01
s>            ( - -2.173e+02 2 0)
s>            ( - -4.684e+02 1 0))
s>        ( QUESTION2_0_L -1 -5.618e+02 1.542e+02 7.635e+01
s>            ( - 1.652e+02 1 0)
s>            ( QUESTION10 -1 -5.727e+02 1.185e+02 7.184e+01
s>                ( - -1.414e+02 1 0)
s>                ( QUESTION8 -1 -3.128e+02 1.053e+02 5.077e+01
s>                    ( - 1.911e+01 1 0)
s>                    ( WDBNDRY_B 0 -2.266e+02 8.923e+01 4.277e+01
s>                        ( SILENCE -1 -9.301e+01 8.406e+01 2.677e+01
s>                            ( - -1.050e+02 1 0)
s>                            ( - 9.605e+01 1 0))
s>                        ( - -4.437e+01 1 0))))))INFO: dtree.c(1351): Comp split 15
INFO: dtree.c(1483): stop. leaf nodes are specific
INFO: dtree.c(1524): Final simple tree
|( QUESTION2 -1 -6.203e+03 1.631e+02 7.135e+02
|    ( - -4.456e+03 2 0)
|    ( QUESTION12 -1 -1.584e+03 9.239e+01 1.962e+02
|        ( - -1.141e+03 2 0)
|        ( - -3.505e+02 1 0)))
s>    ( QUESTION2 -1 -6.203e+03 1.631e+02 7.135e+02
s>        ( - -4.456e+03 2 0)
s>        ( QUESTION12 -1 -1.584e+03 9.239e+01 1.962e+02
s>            ( - -1.141e+03 2 0)
s>            ( - -3.505e+02 1 0)))INFO: dtree.c(1483): stop. leaf nodes are specific
INFO: dtree.c(1524): Final simple tree
|( QUESTION0 -1 -6.490e+03 2.044e+02 8.845e+02
|    ( - -4.236e+03 8 0)
|    ( QUESTION2 -1 -2.049e+03 1.033e+02 3.703e+02
|        ( - -2.024e+03 2 0)
|        ( - 7.829e+01 2 0)))
s>    ( QUESTION0 -1 -6.490e+03 2.044e+02 8.845e+02
s>        ( - -4.236e+03 8 0)
s>        ( QUESTION2 -1 -2.049e+03 1.033e+02 3.703e+02
s>            ( - -2.024e+03 2 0)
s>            ( - 7.829e+01 2 0)))INFO: dtree.c(1351): Comp split 16
INFO: dtree.c(1524): Final simple tree
|( QUESTION0_0_R 1 -2.739e+03 1.770e+02 2.297e+02
|    ( QUESTION11 1 -1.624e+03 1.453e+02 1.597e+02
|        ( - -9.302e+01 1 0)
|        ( QUESTION0_11_R 1 -1.386e+03 1.031e+02 1.209e+02
|            ( - 6.429e+01 1 0)
|            ( - -1.347e+03 2 0 QUESTION0_5_R 1 7.318e+01 1.149e+02)))
|    ( QUESTION2_9_L -1 -9.372e+02 1.560e+02 7.003e+01
|        ( QUESTION2 1 -3.519e+02 1.420e+02 2.816e+01
|            ( - 1.126e+02 1 0)
|            ( QUESTION0 1 -3.225e+02 1.083e+02 2.616e+01
|                ( - -2.446e+02 3 0)
|                ( - 3.032e+01 1 0)))
|        ( QUESTION0_17_R 1 -4.293e+02 1.128e+02 4.187e+01
|            ( - 4.356e+01 1 0)
|            ( - -3.600e+02 2 0 QUESTION0_13_R 1 9.157e+01 2.982e+01))))
s>    ( QUESTION0_0_R 1 -2.739e+03 1.770e+02 2.297e+02
s>        ( QUESTION11 1 -1.624e+03 1.453e+02 1.597e+02
s>            ( - -9.302e+01 1 0)
s>            ( QUESTION0_11_R 1 -1.386e+03 1.031e+02 1.209e+02
s>                ( - 6.429e+01 1 0)
s>                ( - -1.347e+03 2 0 QUESTION0_5_R 1 7.318e+01 1.149e+02)))
s>        ( QUESTION2_9_L -1 -9.372e+02 1.560e+02 7.003e+01
s>            ( QUESTION2 1 -3.519e+02 1.420e+02 2.816e+01
s>                ( - 1.126e+02 1 0)
s>                ( QUESTION0 1 -3.225e+02 1.083e+02 2.616e+01
s>                    ( - -2.446e+02 3 0)
s>                    ( - 3.032e+01 1 0)))
s>            ( QUESTION0_17_R 1 -4.293e+02 1.128e+02 4.187e+01
s>                ( - 4.356e+01 1 0)
s>                ( - -3.600e+02 2 0 QUESTION0_13_R 1 9.157e+01 2.982e+01))))INFO: dtree.c(1351): Comp split 17
INFO: dtree.c(1483): stop. leaf nodes are specific
INFO: dtree.c(1524): Final simple tree
|( WDBNDRY_B 0 -4.547e+03 1.559e+02 8.055e+02
|    ( - -4.372e+03 2 0)
|    ( - -1.839e+01 1 0))
s>    ( WDBNDRY_B 0 -4.547e+03 1.559e+02 8.055e+02
s>        ( - -4.372e+03 2 0)
s>        ( - -1.839e+01 1 0))INFO: dtree.c(1483): stop. leaf nodes are specific
INFO: dtree.c(1524): Final simple tree
|( QUESTION0 -1 -1.374e+03 1.224e+02 4.260e+02
|    ( - -1.061e+03 1 0)
|    ( - -1.906e+02 2 0))
s>    ( QUESTION0 -1 -1.374e+03 1.224e+02 4.260e+02
s>        ( - -1.061e+03 1 0)
s>        ( - -1.906e+02 2 0))INFO: dtree.c(1351): Comp split 18
INFO: dtree.c(1351): Comp split 19
INFO: dtree.c(1483): stop. leaf nodes are specific
INFO: dtree.c(1524): Final simple tree
|( QUESTION2_10_L -1 -9.284e+02 1.483e+02 9.608e+01
|    ( WDBNDRY_B 0 -2.869e+02 8.876e+01 3.223e+01
|        ( - 1.911e+01 1 0)
|        ( - -2.173e+02 2 0))
|    ( QUESTION8 -1 -4.932e+02 1.251e+02 6.384e+01
|        ( - -1.414e+02 1 0)
|        ( WDBNDRY_B 0 -2.266e+02 8.923e+01 4.277e+01
|            ( SILENCE -1 -9.301e+01 8.406e+01 2.677e+01
|                ( - -1.050e+02 1 0)
|                ( - 9.605e+01 1 0))
|            ( - -4.437e+01 1 0))))
s>    ( QUESTION2_10_L -1 -9.284e+02 1.483e+02 9.608e+01
s>        ( WDBNDRY_B 0 -2.869e+02 8.876e+01 3.223e+01
s>            ( - 1.911e+01 1 0)
s>            ( - -2.173e+02 2 0))
s>        ( QUESTION8 -1 -4.932e+02 1.251e+02 6.384e+01
s>            ( - -1.414e+02 1 0)
s>            ( WDBNDRY_B 0 -2.266e+02 8.923e+01 4.277e+01
s>                ( SILENCE -1 -9.301e+01 8.406e+01 2.677e+01
s>                    ( - -1.050e+02 1 0)
s>                    ( - 9.605e+01 1 0))
s>                ( - -4.437e+01 1 0))))INFO: dtree.c(1483): stop. leaf nodes are specific
INFO: dtree.c(1524): Final simple tree
|( WDBNDRY_B 0 -4.561e+02 1.529e+02 5.661e+01
|    ( - 1.652e+02 1 0)
|    ( - -4.684e+02 1 0))
s>    ( WDBNDRY_B 0 -4.561e+02 1.529e+02 5.661e+01
s>        ( - 1.652e+02 1 0)
s>        ( - -4.684e+02 1 0))INFO: dtree.c(1351): Comp split 20
INFO: dtree.c(1483): stop. leaf nodes are specific
INFO: dtree.c(1524): Final simple tree
|( QUESTION2 -1 -2.049e+03 1.033e+02 3.703e+02
|    ( - -2.024e+03 2 0)
|    ( - 7.829e+01 2 0))
s>    ( QUESTION2 -1 -2.049e+03 1.033e+02 3.703e+02
s>        ( - -2.024e+03 2 0)
s>        ( - 7.829e+01 2 0))INFO: dtree.c(1351): Comp split 21
INFO: dtree.c(1351): Comp split 22
INFO: dtree.c(1483): stop. leaf nodes are specific
INFO: dtree.c(1524): Final simple tree
|( QUESTION2_9_L -1 -8.214e+02 1.388e+02 5.598e+01
|    ( QUESTION0 1 -3.225e+02 1.083e+02 2.616e+01
|        ( - -2.446e+02 3 0)
|        ( - 3.032e+01 1 0))
|    ( QUESTION0_13_R 1 -3.600e+02 9.157e+01 2.982e+01
|        ( - -1.357e+02 1 0)
|        ( - -1.327e+02 1 0)))
s>    ( QUESTION2_9_L -1 -8.214e+02 1.388e+02 5.598e+01
s>        ( QUESTION0 1 -3.225e+02 1.083e+02 2.616e+01
s>            ( - -2.446e+02 3 0)
s>            ( - 3.032e+01 1 0))
s>        ( QUESTION0_13_R 1 -3.600e+02 9.157e+01 2.982e+01
s>            ( - -1.357e+02 1 0)
s>            ( - -1.327e+02 1 0)))INFO: dtree.c(1483): stop. leaf nodes are specific
INFO: dtree.c(1524): Final simple tree
|( QUESTION11 1 -1.725e+03 1.385e+02 1.737e+02
|    ( - -9.302e+01 1 0)
|    ( QUESTION0_13_R 1 -1.494e+03 1.343e+02 1.349e+02
|        ( - 1.126e+02 1 0)
|        ( QUESTION0_0_R 1 -1.472e+03 1.294e+02 1.329e+02
|            ( QUESTION0_11_R 1 -1.386e+03 1.031e+02 1.209e+02
|                ( - 6.429e+01 1 0)
|                ( QUESTION0_5_R 1 -1.347e+03 7.318e+01 1.149e+02
|                    ( - -1.040e+03 1 0)
|                    ( - -2.335e+02 1 0)))
|            ( - 4.356e+01 1 0))))
s>    ( QUESTION11 1 -1.725e+03 1.385e+02 1.737e+02
s>        ( - -9.302e+01 1 0)
s>        ( QUESTION0_13_R 1 -1.494e+03 1.343e+02 1.349e+02
s>            ( - 1.126e+02 1 0)
s>            ( QUESTION0_0_R 1 -1.472e+03 1.294e+02 1.329e+02
s>                ( QUESTION0_11_R 1 -1.386e+03 1.031e+02 1.209e+02
s>                    ( - 6.429e+01 1 0)
s>                    ( QUESTION0_5_R 1 -1.347e+03 7.318e+01 1.149e+02
s>                        ( - -1.040e+03 1 0)
s>                        ( - -2.335e+02 1 0)))
s>                ( - 4.356e+01 1 0))))INFO: dtree.c(1351): Comp split 23
INFO: dtree.c(1524): Final simple tree
|( QUESTION2_17_L -1 -4.316e+03 1.479e+02 2.899e+02
|    ( QUESTION0 -1 -1.551e+03 1.025e+02 1.026e+02
|        ( - -4.490e+02 2 0)
|        ( - -9.992e+02 1 0))
|    ( QUESTION11 -1 -2.617e+03 1.038e+02 1.874e+02
|        ( QUESTION16 -1 -2.983e+02 6.888e+01 2.925e+01
|            ( - -4.419e+01 1 0)
|            ( - -1.853e+02 1 0))
|        ( QUESTION2_2_L -1 -2.215e+03 9.954e+01 1.581e+02
|            ( - -2.837e+02 1 0)
|            ( QUESTION3 -1 -1.832e+03 9.147e+01 1.407e+02
|                ( - 2.410e+01 1 0)
|                ( SILENCE -1 -1.764e+03 8.786e+01 1.337e+02
|                    ( - -5.319e+02 1 0)
|                    ( - -1.144e+03 4 0 QUESTION0 -1 5.779e+01 8.395e+01))))))
s>    ( QUESTION2_17_L -1 -4.316e+03 1.479e+02 2.899e+02
s>        ( QUESTION0 -1 -1.551e+03 1.025e+02 1.026e+02
s>            ( - -4.490e+02 2 0)
s>            ( - -9.992e+02 1 0))
s>        ( QUESTION11 -1 -2.617e+03 1.038e+02 1.874e+02
s>            ( QUESTION16 -1 -2.983e+02 6.888e+01 2.925e+01
s>                ( - -4.419e+01 1 0)
s>                ( - -1.853e+02 1 0))
s>            ( QUESTION2_2_L -1 -2.215e+03 9.954e+01 1.581e+02
s>                ( - -2.837e+02 1 0)
s>                ( QUESTION3 -1 -1.832e+03 9.147e+01 1.407e+02
s>                    ( - 2.410e+01 1 0)
s>                    ( SILENCE -1 -1.764e+03 8.786e+01 1.337e+02
s>                        ( - -5.319e+02 1 0)
s>                        ( - -1.144e+03 4 0 QUESTION0 -1 5.779e+01 8.395e+01))))))INFO: dtree.c(1483): stop. leaf nodes are specific
INFO: dtree.c(1524): Final simple tree
|( WDBNDRY_B 0 -7.437e+02 1.288e+02 4.612e+01
|    ( QUESTION2 -1 -5.026e+02 7.103e+01 3.112e+01
|        ( - -2.057e+02 1 0)
|        ( - -2.258e+02 1 0))
|    ( - -1.123e+02 2 0))
s>    ( WDBNDRY_B 0 -7.437e+02 1.288e+02 4.612e+01
s>        ( QUESTION2 -1 -5.026e+02 7.103e+01 3.112e+01
s>            ( - -2.057e+02 1 0)
s>            ( - -2.258e+02 1 0))
s>        ( - -1.123e+02 2 0))INFO: dtree.c(1351): Comp split 24
INFO: dtree.c(1483): stop. leaf nodes are specific
INFO: dtree.c(1524): Final simple tree
|( SILENCE -1 -2.157e+03 1.017e+02 3.046e+02
|    ( - -1.671e+03 2 0)
|    ( - -3.846e+02 2 0))
s>    ( SILENCE -1 -2.157e+03 1.017e+02 3.046e+02
s>        ( - -1.671e+03 2 0)
s>        ( - -3.846e+02 2 0))INFO: dtree.c(1483): stop. leaf nodes are specific
INFO: dtree.c(1524): Final simple tree
|( QUESTION0 -1 -1.395e+03 9.122e+01 2.355e+02
|    ( - -1.195e+03 4 0)
|    ( - -1.090e+02 2 0))
s>    ( QUESTION0 -1 -1.395e+03 9.122e+01 2.355e+02
s>        ( - -1.195e+03 4 0)
s>        ( - -1.090e+02 2 0))INFO: dtree.c(1351): Comp split 25
INFO: dtree.c(1483): stop. leaf nodes are specific
INFO: dtree.c(1524): Final simple tree
|( QUESTION3 -1 -1.832e+03 9.147e+01 1.407e+02
|    ( - 2.410e+01 1 0)
|    ( SILENCE -1 -1.764e+03 8.786e+01 1.337e+02
|        ( - -5.319e+02 1 0)
|        ( QUESTION0 -1 -1.144e+03 5.779e+01 8.395e+01
|            ( QUESTION2_0_L -1 -8.912e+02 7.131e+01 6.278e+01
|                ( - -5.705e+02 1 0)
|                ( - -2.494e+02 2 0))
|            ( - -1.954e+02 1 0))))
s>    ( QUESTION3 -1 -1.832e+03 9.147e+01 1.407e+02
s>        ( - 2.410e+01 1 0)
s>        ( SILENCE -1 -1.764e+03 8.786e+01 1.337e+02
s>            ( - -5.319e+02 1 0)
s>            ( QUESTION0 -1 -1.144e+03 5.779e+01 8.395e+01
s>                ( QUESTION2_0_L -1 -8.912e+02 7.131e+01 6.278e+01
s>                    ( - -5.705e+02 1 0)
s>                    ( - -2.494e+02 2 0))
s>                ( - -1.954e+02 1 0))))INFO: dtree.c(1483): stop. leaf nodes are specific
INFO: dtree.c(1524): Final simple tree
|( QUESTION2 -1 -2.309e+03 1.095e+02 1.493e+02
|    ( - -9.992e+02 1 0)
|    ( QUESTION2_0_L -1 -1.200e+03 8.563e+01 7.974e+01
|        ( - -2.837e+02 1 0)
|        ( QUESTION0 -1 -8.307e+02 8.343e+01 6.231e+01
|            ( - -4.490e+02 2 0)
|            ( QUESTION16 -1 -2.983e+02 6.888e+01 2.925e+01
|                ( - -4.419e+01 1 0)
|                ( - -1.853e+02 1 0)))))
s>    ( QUESTION2 -1 -2.309e+03 1.095e+02 1.493e+02
s>        ( - -9.992e+02 1 0)
s>        ( QUESTION2_0_L -1 -1.200e+03 8.563e+01 7.974e+01
s>            ( - -2.837e+02 1 0)
s>            ( QUESTION0 -1 -8.307e+02 8.343e+01 6.231e+01
s>                ( - -4.490e+02 2 0)
s>                ( QUESTION16 -1 -2.983e+02 6.888e+01 2.925e+01
s>                    ( - -4.419e+01 1 0)
s>                    ( - -1.853e+02 1 0)))))INFO: dtree.c(1351): Comp split 26
INFO: dtree.c(1351): Comp split 27
INFO: dtree.c(1483): stop. leaf nodes are specific
INFO: dtree.c(1524): Final simple tree
|( QUESTION12 -1 -1.584e+03 9.239e+01 1.962e+02
|    ( - -1.141e+03 2 0)
|    ( - -3.505e+02 1 0))
s>    ( QUESTION12 -1 -1.584e+03 9.239e+01 1.962e+02
s>        ( - -1.141e+03 2 0)
s>        ( - -3.505e+02 1 0))INFO: dtree.c(1351): Comp split 28
INFO: dtree.c(1351): Comp split 29
INFO: dtree.c(1483): stop. leaf nodes are specific
INFO: dtree.c(1524): Final simple tree
|( QUESTION0_0_R 1 -1.408e+03 1.344e+02 1.229e+02
|    ( QUESTION0_11_R 1 -1.386e+03 1.031e+02 1.209e+02
|        ( - 6.429e+01 1 0)
|        ( QUESTION0_5_R 1 -1.347e+03 7.318e+01 1.149e+02
|            ( - -1.040e+03 1 0)
|            ( - -2.335e+02 1 0)))
|    ( - 1.126e+02 1 0))
s>    ( QUESTION0_0_R 1 -1.408e+03 1.344e+02 1.229e+02
s>        ( QUESTION0_11_R 1 -1.386e+03 1.031e+02 1.209e+02
s>            ( - 6.429e+01 1 0)
s>            ( QUESTION0_5_R 1 -1.347e+03 7.318e+01 1.149e+02
s>                ( - -1.040e+03 1 0)
s>                ( - -2.335e+02 1 0)))
s>        ( - 1.126e+02 1 0))INFO: dtree.c(1483): stop. leaf nodes are specific
INFO: dtree.c(1524): Final simple tree
|( QUESTION0_0_R 1 -1.614e+02 1.120e+02 5.085e+01
|    ( - -9.302e+01 1 0)
|    ( - 4.356e+01 1 0))
s>    ( QUESTION0_0_R 1 -1.614e+02 1.120e+02 5.085e+01
s>        ( - -9.302e+01 1 0)
s>        ( - 4.356e+01 1 0))INFO: dtree.c(1351): Comp split 30
INFO: dtree.c(1351): Comp split 31
INFO: dtree.c(1483): stop. leaf nodes are specific
INFO: dtree.c(1524): Final simple tree
|( QUESTION0_3_R 1 -8.759e+02 1.243e+02 1.353e+02
|    ( - -6.688e+01 1 0)
|    ( QUESTION0_0_R 1 -6.847e+02 1.174e+02 1.102e+02
|        ( QUESTION0_8_R 1 -5.781e+02 1.029e+02 9.323e+01
|            ( - 7.964e+01 1 0)
|            ( QUESTION0_1_R 1 -5.549e+02 9.960e+01 8.923e+01
|                ( - 8.863e+00 2 0)
|                ( - -4.641e+02 1 0)))
|        ( - 1.082e+01 1 0)))
s>    ( QUESTION0_3_R 1 -8.759e+02 1.243e+02 1.353e+02
s>        ( - -6.688e+01 1 0)
s>        ( QUESTION0_0_R 1 -6.847e+02 1.174e+02 1.102e+02
s>            ( QUESTION0_8_R 1 -5.781e+02 1.029e+02 9.323e+01
s>                ( - 7.964e+01 1 0)
s>                ( QUESTION0_1_R 1 -5.549e+02 9.960e+01 8.923e+01
s>                    ( - 8.863e+00 2 0)
s>                    ( - -4.641e+02 1 0)))
s>            ( - 1.082e+01 1 0)))INFO: dtree.c(1483): stop. leaf nodes are specific
INFO: dtree.c(1524): Final simple tree
|( QUESTION3 1 -3.686e+02 1.440e+02 4.715e+01
|    ( - -1.063e+02 1 0)
|    ( QUESTION0_0_R 1 -1.182e+02 1.037e+02 1.617e+01
|        ( - -2.645e+01 1 0)
|        ( - 1.189e+01 1 0)))
s>    ( QUESTION3 1 -3.686e+02 1.440e+02 4.715e+01
s>        ( - -1.063e+02 1 0)
s>        ( QUESTION0_0_R 1 -1.182e+02 1.037e+02 1.617e+01
s>            ( - -2.645e+01 1 0)
s>            ( - 1.189e+01 1 0)))INFO: dtree.c(1351): Comp split 32
INFO: dtree.c(1483): stop. leaf nodes are specific
INFO: dtree.c(1524): Final simple tree
|( QUESTION8 -1 -4.932e+02 1.251e+02 6.384e+01
|    ( - -1.414e+02 1 0)
|    ( WDBNDRY_B 0 -2.266e+02 8.923e+01 4.277e+01
|        ( SILENCE -1 -9.301e+01 8.406e+01 2.677e+01
|            ( - -1.050e+02 1 0)
|            ( - 9.605e+01 1 0))
|        ( - -4.437e+01 1 0)))
s>    ( QUESTION8 -1 -4.932e+02 1.251e+02 6.384e+01
s>        ( - -1.414e+02 1 0)
s>        ( WDBNDRY_B 0 -2.266e+02 8.923e+01 4.277e+01
s>            ( SILENCE -1 -9.301e+01 8.406e+01 2.677e+01
s>                ( - -1.050e+02 1 0)
s>                ( - 9.605e+01 1 0))
s>            ( - -4.437e+01 1 0)))INFO: dtree.c(1483): stop. leaf nodes are specific
INFO: dtree.c(1524): Final simple tree
|( WDBNDRY_B 0 -2.869e+02 8.876e+01 3.223e+01
|    ( - 1.911e+01 1 0)
|    ( - -2.173e+02 2 0))
s>    ( WDBNDRY_B 0 -2.869e+02 8.876e+01 3.223e+01
s>        ( - 1.911e+01 1 0)
s>        ( - -2.173e+02 2 0))INFO: dtree.c(1351): Comp split 33
INFO: dtree.c(1483): stop. leaf nodes are specific
INFO: dtree.c(1524): Final simple tree
|( QUESTION0_0_R 1 -1.182e+02 1.037e+02 1.617e+01
|    ( - -2.645e+01 1 0)
|    ( - 1.189e+01 1 0))
s>    ( QUESTION0_0_R 1 -1.182e+02 1.037e+02 1.617e+01
s>        ( - -2.645e+01 1 0)
s>        ( - 1.189e+01 1 0))INFO: dtree.c(1351): Comp split 34
INFO: dtree.c(1483): stop. leaf nodes are specific
INFO: dtree.c(1524): Final simple tree
|( QUESTION0_13_R 1 -3.600e+02 9.157e+01 2.982e+01
|    ( - -1.357e+02 1 0)
|    ( - -1.327e+02 1 0))
s>    ( QUESTION0_13_R 1 -3.600e+02 9.157e+01 2.982e+01
s>        ( - -1.357e+02 1 0)
s>        ( - -1.327e+02 1 0))INFO: dtree.c(1483): stop. leaf nodes are specific
INFO: dtree.c(1524): Final simple tree
|( QUESTION0 1 -3.225e+02 1.083e+02 2.616e+01
|    ( - -2.446e+02 3 0)
|    ( - 3.032e+01 1 0))
s>    ( QUESTION0 1 -3.225e+02 1.083e+02 2.616e+01
s>        ( - -2.446e+02 3 0)
s>        ( - 3.032e+01 1 0))INFO: dtree.c(1351): Comp split 35
INFO: dtree.c(1483): stop. leaf nodes are specific
INFO: dtree.c(1524): Final simple tree
|( QUESTION0_11_R 1 -1.386e+03 1.031e+02 1.209e+02
|    ( - 6.429e+01 1 0)
|    ( QUESTION0_5_R 1 -1.347e+03 7.318e+01 1.149e+02
|        ( - -1.040e+03 1 0)
|        ( - -2.335e+02 1 0)))
s>    ( QUESTION0_11_R 1 -1.386e+03 1.031e+02 1.209e+02
s>        ( - 6.429e+01 1 0)
s>        ( QUESTION0_5_R 1 -1.347e+03 7.318e+01 1.149e+02
s>            ( - -1.040e+03 1 0)
s>            ( - -2.335e+02 1 0)))INFO: dtree.c(1351): Comp split 36
INFO: dtree.c(1483): stop. leaf nodes are specific
INFO: dtree.c(1524): Final simple tree
|( QUESTION2 -1 -5.026e+02 7.103e+01 3.112e+01
|    ( - -2.057e+02 1 0)
|    ( - -2.258e+02 1 0))
s>    ( QUESTION2 -1 -5.026e+02 7.103e+01 3.112e+01
s>        ( - -2.057e+02 1 0)
s>        ( - -2.258e+02 1 0))INFO: dtree.c(1351): Comp split 37
INFO: dtree.c(1483): stop. leaf nodes are specific
INFO: dtree.c(1524): Final simple tree
|( QUESTION0_8_R 1 -5.781e+02 1.029e+02 9.323e+01
|    ( - 7.964e+01 1 0)
|    ( QUESTION0_1_R 1 -5.549e+02 9.960e+01 8.923e+01
|        ( - 8.863e+00 2 0)
|        ( - -4.641e+02 1 0)))
s>    ( QUESTION0_8_R 1 -5.781e+02 1.029e+02 9.323e+01
s>        ( - 7.964e+01 1 0)
s>        ( QUESTION0_1_R 1 -5.549e+02 9.960e+01 8.923e+01
s>            ( - 8.863e+00 2 0)
s>            ( - -4.641e+02 1 0)))INFO: dtree.c(1483): stop. leaf nodes are specific
INFO: dtree.c(1524): Final simple tree
|( QUESTION0_0_R 1 -1.692e+02 1.131e+02 4.203e+01
|    ( - -6.688e+01 1 0)
|    ( - 1.082e+01 1 0))
s>    ( QUESTION0_0_R 1 -1.692e+02 1.131e+02 4.203e+01
s>        ( - -6.688e+01 1 0)
s>        ( - 1.082e+01 1 0))INFO: dtree.c(1351): Comp split 38
INFO: dtree.c(1483): stop. leaf nodes are specific
INFO: dtree.c(1524): Final simple tree
|( WDBNDRY_B 0 -2.266e+02 8.923e+01 4.277e+01
|    ( SILENCE -1 -9.301e+01 8.406e+01 2.677e+01
|        ( - -1.050e+02 1 0)
|        ( - 9.605e+01 1 0))
|    ( - -4.437e+01 1 0))
s>    ( WDBNDRY_B 0 -2.266e+02 8.923e+01 4.277e+01
s>        ( SILENCE -1 -9.301e+01 8.406e+01 2.677e+01
s>            ( - -1.050e+02 1 0)
s>            ( - 9.605e+01 1 0))
s>        ( - -4.437e+01 1 0))INFO: dtree.c(1351): Comp split 39
INFO: dtree.c(1351): Comp split 40
INFO: dtree.c(1351): Comp split 41
INFO: dtree.c(1483): stop. leaf nodes are specific
INFO: dtree.c(1524): Final simple tree
|( QUESTION0 -1 -8.307e+02 8.343e+01 6.231e+01
|    ( - -4.490e+02 2 0)
|    ( QUESTION16 -1 -2.983e+02 6.888e+01 2.925e+01
|        ( - -4.419e+01 1 0)
|        ( - -1.853e+02 1 0)))
s>    ( QUESTION0 -1 -8.307e+02 8.343e+01 6.231e+01
s>        ( - -4.490e+02 2 0)
s>        ( QUESTION16 -1 -2.983e+02 6.888e+01 2.925e+01
s>            ( - -4.419e+01 1 0)
s>            ( - -1.853e+02 1 0)))INFO: dtree.c(1483): stop. leaf nodes are specific
INFO: dtree.c(1524): Final simple tree
|( QUESTION0 -1 -1.365e+03 8.203e+01 8.695e+01
|    ( - -2.837e+02 1 0)
|    ( - -9.992e+02 1 0))
s>    ( QUESTION0 -1 -1.365e+03 8.203e+01 8.695e+01
s>        ( - -2.837e+02 1 0)
s>        ( - -9.992e+02 1 0))INFO: dtree.c(1351): Comp split 42
INFO: dtree.c(1351): Comp split 43
INFO: dtree.c(1351): Comp split 44
INFO: dtree.c(1351): Comp split 45
INFO: dtree.c(1351): Comp split 46
INFO: dtree.c(1483): stop. leaf nodes are specific
INFO: dtree.c(1524): Final simple tree
|( QUESTION0_5_R 1 -1.347e+03 7.318e+01 1.149e+02
|    ( - -1.040e+03 1 0)
|    ( - -2.335e+02 1 0))
s>    ( QUESTION0_5_R 1 -1.347e+03 7.318e+01 1.149e+02
s>        ( - -1.040e+03 1 0)
s>        ( - -2.335e+02 1 0))INFO: dtree.c(1351): Comp split 47
INFO: dtree.c(1483): stop. leaf nodes are specific
INFO: dtree.c(1524): Final simple tree
|( QUESTION0_1_R 1 -5.549e+02 9.960e+01 8.923e+01
|    ( - 8.863e+00 2 0)
|    ( - -4.641e+02 1 0))
s>    ( QUESTION0_1_R 1 -5.549e+02 9.960e+01 8.923e+01
s>        ( - 8.863e+00 2 0)
s>        ( - -4.641e+02 1 0))INFO: dtree.c(1351): Comp split 48
INFO: dtree.c(1351): Comp split 49
INFO: dtree.c(1351): Comp split 50
INFO: dtree.c(1483): stop. leaf nodes are specific
INFO: dtree.c(1524): Final simple tree
|( QUESTION0 -1 -1.144e+03 5.779e+01 8.395e+01
|    ( QUESTION2_0_L -1 -8.912e+02 7.131e+01 6.278e+01
|        ( - -5.705e+02 1 0)
|        ( - -2.494e+02 2 0))
|    ( - -1.954e+02 1 0))
s>    ( QUESTION0 -1 -1.144e+03 5.779e+01 8.395e+01
s>        ( QUESTION2_0_L -1 -8.912e+02 7.131e+01 6.278e+01
s>            ( - -5.705e+02 1 0)
s>            ( - -2.494e+02 2 0))
s>        ( - -1.954e+02 1 0))INFO: dtree.c(1483): stop. leaf nodes are specific
INFO: dtree.c(1524): Final simple tree
|( SILENCE -1 -5.881e+02 8.030e+01 5.672e+01
|    ( - -5.319e+02 1 0)
|    ( - 2.410e+01 1 0))
s>    ( SILENCE -1 -5.881e+02 8.030e+01 5.672e+01
s>        ( - -5.319e+02 1 0)
s>        ( - 2.410e+01 1 0))INFO: dtree.c(1351): Comp split 51
INFO: dtree.c(1351): Comp split 52
INFO: dtree.c(1351): Comp split 53
INFO: dtree.c(1351): Comp split 54
INFO: dtree.c(1483): stop. leaf nodes are specific
INFO: dtree.c(1524): Final simple tree
|( SILENCE -1 -9.301e+01 8.406e+01 2.677e+01
|    ( - -1.050e+02 1 0)
|    ( - 9.605e+01 1 0))
s>    ( SILENCE -1 -9.301e+01 8.406e+01 2.677e+01
s>        ( - -1.050e+02 1 0)
s>        ( - 9.605e+01 1 0))INFO: dtree.c(1351): Comp split 55
INFO: dtree.c(1351): Comp split 56
INFO: dtree.c(1351): Comp split 57
INFO: dtree.c(1483): stop. leaf nodes are specific
INFO: dtree.c(1524): Final simple tree
|( QUESTION16 -1 -2.983e+02 6.888e+01 2.925e+01
|    ( - -4.419e+01 1 0)
|    ( - -1.853e+02 1 0))
s>    ( QUESTION16 -1 -2.983e+02 6.888e+01 2.925e+01
s>        ( - -4.419e+01 1 0)
s>        ( - -1.853e+02 1 0))INFO: dtree.c(1351): Comp split 58
INFO: dtree.c(1351): Comp split 59
INFO: dtree.c(1483): stop. leaf nodes are specific
INFO: dtree.c(1524): Final simple tree
|( QUESTION0 -1 -8.145e+02 4.865e+01 6.465e+01
|    ( - -5.705e+02 1 0)
|    ( - -1.954e+02 1 0))
s>    ( QUESTION0 -1 -8.145e+02 4.865e+01 6.465e+01
s>        ( - -5.705e+02 1 0)
s>        ( - -1.954e+02 1 0))INFO: dtree.c(1351): Comp split 60
INFO: dtree.c(1351): Comp split 61
INFO: dtree.c(1351): Comp split 62
INFO: dtree.c(1351): Comp split 63
INFO: dtree.c(1351): Comp split 64
INFO: dtree.c(1351): Comp split 65
INFO: dtree.c(1354): stop. leaf nodes are specific
Tue May 31 10:46:04 2011
