INFO: cmd_ln.c(691): Parsing command line:
/home/xkrajnan/Plocha/GSoC/PocketSphinx/an4/bin/bldtree \
	-treefn /home/xkrajnan/Plocha/GSoC/PocketSphinx/an4/trees/an4.unpruned/V-2.dtree \
	-moddeffn /home/xkrajnan/Plocha/GSoC/PocketSphinx/an4/model_architecture/an4.untied.mdef \
	-mixwfn /home/xkrajnan/Plocha/GSoC/PocketSphinx/an4/model_parameters/an4.cd_cont_untied/mixture_weights \
	-ts2cbfn .cont. \
	-mwfloor 1e-08 \
	-psetfn /home/xkrajnan/Plocha/GSoC/PocketSphinx/an4/model_architecture/an4.tree_questions \
	-phone V \
	-state 2 \
	-stwt 1.0,0.05,0.0 \
	-meanfn /home/xkrajnan/Plocha/GSoC/PocketSphinx/an4/model_parameters/an4.cd_cont_untied/means \
	-varfn /home/xkrajnan/Plocha/GSoC/PocketSphinx/an4/model_parameters/an4.cd_cont_untied/variances \
	-fullvar no \
	-ssplitmin 1 \
	-ssplitmax 7 \
	-ssplitthr 0 \
	-csplitmin 1 \
	-csplitmax 2000 \
	-csplitthr 0 

Current configuration:
[NAME]		[DEFLT]	[VALUE]
-allphones	no	no
-cntthresh	0.00001	1.000000e-05
-csplitmax	100	2000
-csplitmin	1	1
-csplitthr	8e-4	0.000000e+00
-example	no	no
-fullvar	no	no
-help		no	no
-meanfn			/home/xkrajnan/Plocha/GSoC/PocketSphinx/an4/model_parameters/an4.cd_cont_untied/means
-mixwfn			/home/xkrajnan/Plocha/GSoC/PocketSphinx/an4/model_parameters/an4.cd_cont_untied/mixture_weights
-moddeffn		/home/xkrajnan/Plocha/GSoC/PocketSphinx/an4/model_architecture/an4.untied.mdef
-mwfloor	1e-4	1.000000e-08
-phone			V
-psetfn			/home/xkrajnan/Plocha/GSoC/PocketSphinx/an4/model_architecture/an4.tree_questions
-ssplitmax	5	7
-ssplitmin	1	1
-ssplitthr	8e-4	0.000000e+00
-state			2
-stwt			1.0,0.05,0.0,
-treefn			/home/xkrajnan/Plocha/GSoC/PocketSphinx/an4/trees/an4.unpruned/V-2.dtree
-ts2cbfn	.semi.	.cont.
-varfloor	0.00001	1.000000e-05
-varfn			/home/xkrajnan/Plocha/GSoC/PocketSphinx/an4/model_parameters/an4.cd_cont_untied/variances

INFO: main.c(228): Reading: /home/xkrajnan/Plocha/GSoC/PocketSphinx/an4/model_architecture/an4.untied.mdef
INFO: model_def_io.c(587): Model definition info:
INFO: model_def_io.c(588): 1618 total models defined (34 base, 1584 tri)
INFO: model_def_io.c(589): 6472 total states
INFO: model_def_io.c(590): 4854 total tied states
INFO: model_def_io.c(591): 102 total tied CI states
INFO: model_def_io.c(592): 34 total tied transition matrices
INFO: model_def_io.c(593): 4 max state/model
INFO: model_def_io.c(594): 4 min state/model
INFO: main.c(247): Building trees for [V AH IY b] through [V T IY b]
INFO: main.c(275): Covering states |[4587 4670]| == 84
INFO: main.c(282): Reading: /home/xkrajnan/Plocha/GSoC/PocketSphinx/an4/model_parameters/an4.cd_cont_untied/mixture_weights
INFO: s3mixw_io.c(172): Read /home/xkrajnan/Plocha/GSoC/PocketSphinx/an4/model_parameters/an4.cd_cont_untied/mixture_weights [84x1x1 array]
INFO: main.c(320): 28 of 28 models have observation count greater than 0.000010
INFO: main.c(94): nrm stwt: 0.000 0.048 0.952 
INFO: s3gau_io.c(166): Read /home/xkrajnan/Plocha/GSoC/PocketSphinx/an4/model_parameters/an4.cd_cont_untied/means [4854x1x1 array]
INFO: s3gau_io.c(166): Read /home/xkrajnan/Plocha/GSoC/PocketSphinx/an4/model_parameters/an4.cd_cont_untied/variances [4854x1x1 array]
INFO: main.c(576): Reading: /home/xkrajnan/Plocha/GSoC/PocketSphinx/an4/model_architecture/an4.tree_questions
INFO: main.c(619): 180 total simple questions (172 phone; 8 word bndry)
INFO: main.c(621): 42 Left Only questions, and 42 Right Only questions
INFO: dtree.c(1524): Final simple tree
|( WDBNDRY_I 0 1.672e+01 3.296e+03 2.097e+03
|    ( - -5.384e+02 1 0)
|    ( SILENCE 1 3.851e+03 1.299e+03 1.767e+03
|        ( - 3.773e+03 2 0 QUESTION2_0_L -1 1.774e+02 4.084e+02)
|        ( QUESTION0 1 1.377e+03 8.609e+02 1.359e+03
|            ( QUESTION0_2_R 1 1.244e+03 6.766e+02 7.818e+02
|                ( QUESTION2_0_L -1 2.071e+03 3.023e+02 1.688e+02
|                    ( - 9.721e+02 1 0)
|                    ( - 1.401e+03 1 0))
|                ( QUESTION2_0_L -1 -1.502e+02 3.952e+02 6.129e+02
|                    ( QUESTION0_14_R 1 -7.618e+01 3.682e+02 3.189e+02
|                        ( - 2.763e+02 1 0)
|                        ( - 1.570e+01 6 0 WDBNDRY_B 0 2.534e+02 2.599e+02))
|                    ( - 3.212e+02 8 0 QUESTION2_18_L -1 2.451e+02 2.940e+02)))
|            ( - 9.945e+02 8 0 QUESTION0_14_R 1 2.669e+02 5.773e+02))))
s>    ( WDBNDRY_I 0 1.672e+01 3.296e+03 2.097e+03
s>        ( - -5.384e+02 1 0)
s>        ( SILENCE 1 3.851e+03 1.299e+03 1.767e+03
s>            ( - 3.773e+03 2 0 QUESTION2_0_L -1 1.774e+02 4.084e+02)
s>            ( QUESTION0 1 1.377e+03 8.609e+02 1.359e+03
s>                ( QUESTION0_2_R 1 1.244e+03 6.766e+02 7.818e+02
s>                    ( QUESTION2_0_L -1 2.071e+03 3.023e+02 1.688e+02
s>                        ( - 9.721e+02 1 0)
s>                        ( - 1.401e+03 1 0))
s>                    ( QUESTION2_0_L -1 -1.502e+02 3.952e+02 6.129e+02
s>                        ( QUESTION0_14_R 1 -7.618e+01 3.682e+02 3.189e+02
s>                            ( - 2.763e+02 1 0)
s>                            ( - 1.570e+01 6 0 WDBNDRY_B 0 2.534e+02 2.599e+02))
s>                        ( - 3.212e+02 8 0 QUESTION2_18_L -1 2.451e+02 2.940e+02)))
s>                ( - 9.945e+02 8 0 QUESTION0_14_R 1 2.669e+02 5.773e+02))))INFO: dtree.c(1351): Comp split 0
INFO: dtree.c(1524): Final simple tree
|( SILENCE 1 3.851e+03 1.299e+03 1.767e+03
|    ( - 3.773e+03 2 0 QUESTION2_0_L -1 1.774e+02 4.084e+02)
|    ( QUESTION0 1 1.377e+03 8.609e+02 1.359e+03
|        ( QUESTION0_2_R 1 1.244e+03 6.766e+02 7.818e+02
|            ( QUESTION2_0_L -1 2.071e+03 3.023e+02 1.688e+02
|                ( - 9.721e+02 1 0)
|                ( - 1.401e+03 1 0))
|            ( QUESTION2_0_L -1 -1.502e+02 3.952e+02 6.129e+02
|                ( QUESTION0_14_R 1 -7.618e+01 3.682e+02 3.189e+02
|                    ( - 2.763e+02 1 0)
|                    ( - 1.570e+01 6 0 WDBNDRY_B 0 2.534e+02 2.599e+02))
|                ( - 3.212e+02 8 0 QUESTION2_18_L -1 2.451e+02 2.940e+02)))
|        ( QUESTION0_14_R 1 9.945e+02 2.669e+02 5.773e+02
|            ( - 1.959e+02 2 0 QUESTION2_0_L -1 2.001e+02 9.718e+01)
|            ( - 1.065e+03 6 0 QUESTION0_8_R 1 2.343e+02 4.801e+02))))
s>    ( SILENCE 1 3.851e+03 1.299e+03 1.767e+03
s>        ( - 3.773e+03 2 0 QUESTION2_0_L -1 1.774e+02 4.084e+02)
s>        ( QUESTION0 1 1.377e+03 8.609e+02 1.359e+03
s>            ( QUESTION0_2_R 1 1.244e+03 6.766e+02 7.818e+02
s>                ( QUESTION2_0_L -1 2.071e+03 3.023e+02 1.688e+02
s>                    ( - 9.721e+02 1 0)
s>                    ( - 1.401e+03 1 0))
s>                ( QUESTION2_0_L -1 -1.502e+02 3.952e+02 6.129e+02
s>                    ( QUESTION0_14_R 1 -7.618e+01 3.682e+02 3.189e+02
s>                        ( - 2.763e+02 1 0)
s>                        ( - 1.570e+01 6 0 WDBNDRY_B 0 2.534e+02 2.599e+02))
s>                    ( - 3.212e+02 8 0 QUESTION2_18_L -1 2.451e+02 2.940e+02)))
s>            ( QUESTION0_14_R 1 9.945e+02 2.669e+02 5.773e+02
s>                ( - 1.959e+02 2 0 QUESTION2_0_L -1 2.001e+02 9.718e+01)
s>                ( - 1.065e+03 6 0 QUESTION0_8_R 1 2.343e+02 4.801e+02))))INFO: dtree.c(1351): Comp split 1
INFO: dtree.c(1483): stop. leaf nodes are specific
INFO: dtree.c(1524): Final simple tree
|( SILENCE 1 4.622e+03 5.520e+02 5.063e+02
|    ( QUESTION2_0_L -1 3.773e+03 1.774e+02 4.084e+02
|        ( - 3.734e+03 1 0)
|        ( - 2.169e+02 1 0))
|    ( - 1.401e+03 1 0))
s>    ( SILENCE 1 4.622e+03 5.520e+02 5.063e+02
s>        ( QUESTION2_0_L -1 3.773e+03 1.774e+02 4.084e+02
s>            ( - 3.734e+03 1 0)
s>            ( - 2.169e+02 1 0))
s>        ( - 1.401e+03 1 0))INFO: dtree.c(1524): Final simple tree
|( WDBNDRY_B 0 5.538e+02 8.939e+02 1.261e+03
|    ( QUESTION2_0_L -1 2.514e+02 4.449e+02 4.961e+02
|        ( - 3.377e+02 3 0 QUESTION2_1_L -1 2.044e+02 2.041e+02)
|        ( QUESTION2_18_L -1 3.586e+02 2.443e+02 2.920e+02
|            ( - 3.843e+02 1 0)
|            ( - 2.186e+02 6 0 SILENCE -1 2.151e+02 2.750e+02)))
|    ( QUESTION0_14_R 1 1.196e+03 3.578e+02 7.651e+02
|        ( - 2.513e+02 3 0 QUESTION2_0_L -1 2.322e+02 1.562e+02)
|        ( QUESTION0 1 1.303e+03 2.688e+02 6.089e+02
|            ( QUESTION0_2_R 1 5.062e+02 3.873e+02 1.288e+02
|                ( - 9.721e+02 1 0)
|                ( - -7.854e+01 4 0 QUESTION2_0_L -1 1.866e+02 5.784e+01))
|            ( QUESTION0_8_R 1 1.065e+03 2.343e+02 4.801e+02
|                ( - -7.804e+00 2 0 QUESTION0_11_R 1 1.609e+02 5.827e+01)
|                ( - 1.308e+03 4 0 QUESTION0_7_R 1 2.014e+02 4.218e+02)))))
s>    ( WDBNDRY_B 0 5.538e+02 8.939e+02 1.261e+03
s>        ( QUESTION2_0_L -1 2.514e+02 4.449e+02 4.961e+02
s>            ( - 3.377e+02 3 0 QUESTION2_1_L -1 2.044e+02 2.041e+02)
s>            ( QUESTION2_18_L -1 3.586e+02 2.443e+02 2.920e+02
s>                ( - 3.843e+02 1 0)
s>                ( - 2.186e+02 6 0 SILENCE -1 2.151e+02 2.750e+02)))
s>        ( QUESTION0_14_R 1 1.196e+03 3.578e+02 7.651e+02
s>            ( - 2.513e+02 3 0 QUESTION2_0_L -1 2.322e+02 1.562e+02)
s>            ( QUESTION0 1 1.303e+03 2.688e+02 6.089e+02
s>                ( QUESTION0_2_R 1 5.062e+02 3.873e+02 1.288e+02
s>                    ( - 9.721e+02 1 0)
s>                    ( - -7.854e+01 4 0 QUESTION2_0_L -1 1.866e+02 5.784e+01))
s>                ( QUESTION0_8_R 1 1.065e+03 2.343e+02 4.801e+02
s>                    ( - -7.804e+00 2 0 QUESTION0_11_R 1 1.609e+02 5.827e+01)
s>                    ( - 1.308e+03 4 0 QUESTION0_7_R 1 2.014e+02 4.218e+02)))))INFO: dtree.c(1351): Comp split 2
INFO: dtree.c(1524): Final simple tree
|( QUESTION4 1 1.463e+03 2.710e+02 6.259e+02
|    ( - 9.525e+02 2 0 QUESTION2_0_L -1 1.581e+02 3.412e+02)
|    ( QUESTION0_5_R 1 7.815e+02 2.814e+02 2.847e+02
|        ( QUESTION16 1 1.155e+03 3.871e+02 1.516e+02
|            ( - 3.810e+02 1 0)
|            ( - 1.161e+03 2 0 QUESTION0_6_R 1 1.682e+02 8.794e+01))
|        ( WDBNDRY_B 0 -9.251e+01 2.371e+02 1.331e+02
|            ( - 3.843e+02 1 0)
|            ( QUESTION2_0_L -1 -2.397e+02 1.907e+02 1.161e+02
|                ( QUESTION3 1 -2.257e+02 1.823e+02 1.141e+02
|                    ( - 1.023e+02 1 0)
|                    ( QUESTION0_0_R 1 -1.457e+02 1.702e+02 6.685e+01
|                        ( - -6.873e+01 3 0 QUESTION0_1_R 1 1.310e+02 4.938e+01)
|                        ( - 9.328e+01 1 0)))
|                ( - 1.766e+02 1 0)))))
s>    ( QUESTION4 1 1.463e+03 2.710e+02 6.259e+02
s>        ( - 9.525e+02 2 0 QUESTION2_0_L -1 1.581e+02 3.412e+02)
s>        ( QUESTION0_5_R 1 7.815e+02 2.814e+02 2.847e+02
s>            ( QUESTION16 1 1.155e+03 3.871e+02 1.516e+02
s>                ( - 3.810e+02 1 0)
s>                ( - 1.161e+03 2 0 QUESTION0_6_R 1 1.682e+02 8.794e+01))
s>            ( WDBNDRY_B 0 -9.251e+01 2.371e+02 1.331e+02
s>                ( - 3.843e+02 1 0)
s>                ( QUESTION2_0_L -1 -2.397e+02 1.907e+02 1.161e+02
s>                    ( QUESTION3 1 -2.257e+02 1.823e+02 1.141e+02
s>                        ( - 1.023e+02 1 0)
s>                        ( QUESTION0_0_R 1 -1.457e+02 1.702e+02 6.685e+01
s>                            ( - -6.873e+01 3 0 QUESTION0_1_R 1 1.310e+02 4.938e+01)
s>                            ( - 9.328e+01 1 0)))
s>                    ( - 1.766e+02 1 0)))))INFO: dtree.c(1524): Final simple tree
|( QUESTION2_0_L -1 4.347e-01 3.861e+02 6.353e+02
|    ( WDBNDRY_B 0 1.697e+02 4.397e+02 3.422e+02
|        ( QUESTION2_1_L -1 3.377e+02 2.044e+02 2.041e+02
|            ( - 3.858e+02 1 0)
|            ( - 1.563e+02 2 0 QUESTION0 -1 1.641e+02 8.675e+01))
|        ( QUESTION0_15_R 1 2.718e+02 1.889e+02 1.382e+02
|            ( - 2.763e+02 1 0)
|            ( - 1.844e+02 1 0)))
|    ( SILENCE -1 2.168e+02 2.203e+02 2.930e+02
|        ( - 7.471e+01 1 0)
|        ( WDBNDRY_B 0 3.624e+02 2.083e+02 1.876e+02
|            ( QUESTION2_10_L -1 3.590e+02 1.778e+02 1.696e+02
|                ( - 4.329e+02 2 0)
|                ( - 1.038e+02 3 0 QUESTION11 -1 1.199e+02 5.640e+01))
|            ( - 2.117e+02 1 0))))
s>    ( QUESTION2_0_L -1 4.347e-01 3.861e+02 6.353e+02
s>        ( WDBNDRY_B 0 1.697e+02 4.397e+02 3.422e+02
s>            ( QUESTION2_1_L -1 3.377e+02 2.044e+02 2.041e+02
s>                ( - 3.858e+02 1 0)
s>                ( - 1.563e+02 2 0 QUESTION0 -1 1.641e+02 8.675e+01))
s>            ( QUESTION0_15_R 1 2.718e+02 1.889e+02 1.382e+02
s>                ( - 2.763e+02 1 0)
s>                ( - 1.844e+02 1 0)))
s>        ( SILENCE -1 2.168e+02 2.203e+02 2.930e+02
s>            ( - 7.471e+01 1 0)
s>            ( WDBNDRY_B 0 3.624e+02 2.083e+02 1.876e+02
s>                ( QUESTION2_10_L -1 3.590e+02 1.778e+02 1.696e+02
s>                    ( - 4.329e+02 2 0)
s>                    ( - 1.038e+02 3 0 QUESTION11 -1 1.199e+02 5.640e+01))
s>                ( - 2.117e+02 1 0))))INFO: dtree.c(1351): Comp split 3
INFO: dtree.c(1483): stop. leaf nodes are specific
INFO: dtree.c(1524): Final simple tree
|( QUESTION2_0_L -1 3.773e+03 1.774e+02 4.084e+02
|    ( - 3.734e+03 1 0)
|    ( - 2.169e+02 1 0))
s>    ( QUESTION2_0_L -1 3.773e+03 1.774e+02 4.084e+02
s>        ( - 3.734e+03 1 0)
s>        ( - 2.169e+02 1 0))INFO: dtree.c(1351): Comp split 4
INFO: dtree.c(1483): stop. leaf nodes are specific
INFO: dtree.c(1524): Final simple tree
|( QUESTION2_2_L -1 3.198e+02 2.136e+02 2.604e+02
|    ( QUESTION0 -1 1.563e+02 1.641e+02 8.675e+01
|        ( - 1.922e+02 1 0)
|        ( - 1.283e+02 1 0))
|    ( QUESTION2 -1 3.771e+02 1.239e+02 1.737e+02
|        ( - 9.605e+01 1 0)
|        ( QUESTION0 -1 4.049e+02 1.178e+02 1.393e+02
|            ( QUESTION2_0_L -1 4.183e+02 1.010e+02 1.263e+02
|                ( - 3.858e+02 1 0)
|                ( - 1.335e+02 1 0))
|            ( - 1.044e+02 1 0))))
s>    ( QUESTION2_2_L -1 3.198e+02 2.136e+02 2.604e+02
s>        ( QUESTION0 -1 1.563e+02 1.641e+02 8.675e+01
s>            ( - 1.922e+02 1 0)
s>            ( - 1.283e+02 1 0))
s>        ( QUESTION2 -1 3.771e+02 1.239e+02 1.737e+02
s>            ( - 9.605e+01 1 0)
s>            ( QUESTION0 -1 4.049e+02 1.178e+02 1.393e+02
s>                ( QUESTION2_0_L -1 4.183e+02 1.010e+02 1.263e+02
s>                    ( - 3.858e+02 1 0)
s>                    ( - 1.335e+02 1 0))
s>                ( - 1.044e+02 1 0))))INFO: dtree.c(1483): stop. leaf nodes are specific
INFO: dtree.c(1524): Final simple tree
|( QUESTION2_0_L -1 2.002e+02 3.752e+02 3.748e+02
|    ( QUESTION0_15_R 1 2.718e+02 1.889e+02 1.382e+02
|        ( - 2.763e+02 1 0)
|        ( - 1.844e+02 1 0))
|    ( WDBNDRY_B 0 3.036e+02 2.198e+02 2.366e+02
|        ( SILENCE -1 3.118e+02 1.959e+02 2.187e+02
|            ( - 7.471e+01 1 0)
|            ( - 4.329e+02 2 0))
|        ( - 2.117e+02 1 0)))
s>    ( QUESTION2_0_L -1 2.002e+02 3.752e+02 3.748e+02
s>        ( QUESTION0_15_R 1 2.718e+02 1.889e+02 1.382e+02
s>            ( - 2.763e+02 1 0)
s>            ( - 1.844e+02 1 0))
s>        ( WDBNDRY_B 0 3.036e+02 2.198e+02 2.366e+02
s>            ( SILENCE -1 3.118e+02 1.959e+02 2.187e+02
s>                ( - 7.471e+01 1 0)
s>                ( - 4.329e+02 2 0))
s>            ( - 2.117e+02 1 0)))INFO: dtree.c(1351): Comp split 5
INFO: dtree.c(1483): stop. leaf nodes are specific
INFO: dtree.c(1524): Final simple tree
|( QUESTION0_6_R 1 1.339e+03 2.165e+02 1.049e+02
|    ( - 9.721e+02 1 0)
|    ( WDBNDRY_B 0 5.833e+02 1.587e+02 3.400e+01
|        ( - 3.843e+02 1 0)
|        ( - 3.576e+02 1 0)))
s>    ( QUESTION0_6_R 1 1.339e+03 2.165e+02 1.049e+02
s>        ( - 9.721e+02 1 0)
s>        ( WDBNDRY_B 0 5.833e+02 1.587e+02 3.400e+01
s>            ( - 3.843e+02 1 0)
s>            ( - 3.576e+02 1 0)))INFO: dtree.c(1524): Final simple tree
|( QUESTION4 1 6.009e+02 2.529e+02 5.210e+02
|    ( QUESTION2_0_L -1 9.525e+02 1.581e+02 3.412e+02
|        ( - 1.031e+03 1 0)
|        ( - 7.932e+01 1 0))
|    ( QUESTION0_5_R 1 -9.867e+01 2.400e+02 1.797e+02
|        ( - 3.810e+02 1 0)
|        ( QUESTION2_0_L -1 -2.397e+02 1.907e+02 1.161e+02
|            ( QUESTION3 1 -2.257e+02 1.823e+02 1.141e+02
|                ( - 1.023e+02 1 0)
|                ( QUESTION0_0_R 1 -1.457e+02 1.702e+02 6.685e+01
|                    ( QUESTION0_1_R 1 -6.873e+01 1.310e+02 4.938e+01
|                        ( - 1.140e+01 2 0 QUESTION0 -1 1.055e+02 3.838e+01)
|                        ( - 5.084e+01 1 0))
|                    ( - 9.328e+01 1 0)))
|            ( - 1.766e+02 1 0))))
s>    ( QUESTION4 1 6.009e+02 2.529e+02 5.210e+02
s>        ( QUESTION2_0_L -1 9.525e+02 1.581e+02 3.412e+02
s>            ( - 1.031e+03 1 0)
s>            ( - 7.932e+01 1 0))
s>        ( QUESTION0_5_R 1 -9.867e+01 2.400e+02 1.797e+02
s>            ( - 3.810e+02 1 0)
s>            ( QUESTION2_0_L -1 -2.397e+02 1.907e+02 1.161e+02
s>                ( QUESTION3 1 -2.257e+02 1.823e+02 1.141e+02
s>                    ( - 1.023e+02 1 0)
s>                    ( QUESTION0_0_R 1 -1.457e+02 1.702e+02 6.685e+01
s>                        ( QUESTION0_1_R 1 -6.873e+01 1.310e+02 4.938e+01
s>                            ( - 1.140e+01 2 0 QUESTION0 -1 1.055e+02 3.838e+01)
s>                            ( - 5.084e+01 1 0))
s>                        ( - 9.328e+01 1 0)))
s>                ( - 1.766e+02 1 0))))INFO: dtree.c(1351): Comp split 6
INFO: dtree.c(1483): stop. leaf nodes are specific
INFO: dtree.c(1524): Final simple tree
|( WDBNDRY_B 0 3.036e+02 2.198e+02 2.366e+02
|    ( SILENCE -1 3.118e+02 1.959e+02 2.187e+02
|        ( - 7.471e+01 1 0)
|        ( - 4.329e+02 2 0))
|    ( - 2.117e+02 1 0))
s>    ( WDBNDRY_B 0 3.036e+02 2.198e+02 2.366e+02
s>        ( SILENCE -1 3.118e+02 1.959e+02 2.187e+02
s>            ( - 7.471e+01 1 0)
s>            ( - 4.329e+02 2 0))
s>        ( - 2.117e+02 1 0))INFO: dtree.c(1483): stop. leaf nodes are specific
INFO: dtree.c(1524): Final simple tree
|( QUESTION0_15_R 1 2.718e+02 1.889e+02 1.382e+02
|    ( - 2.763e+02 1 0)
|    ( - 1.844e+02 1 0))
s>    ( QUESTION0_15_R 1 2.718e+02 1.889e+02 1.382e+02
s>        ( - 2.763e+02 1 0)
s>        ( - 1.844e+02 1 0))INFO: dtree.c(1351): Comp split 7
INFO: dtree.c(1483): stop. leaf nodes are specific
INFO: dtree.c(1524): Final simple tree
|( QUESTION3 1 -3.100e+02 1.882e+02 1.231e+02
|    ( QUESTION0_0_R 1 3.588e+01 1.457e+02 5.427e+01
|        ( - 1.023e+02 1 0)
|        ( - 7.932e+01 1 0))
|    ( QUESTION2_0_L -1 -1.576e+02 1.886e+02 6.885e+01
|        ( QUESTION0_0_R 1 -1.457e+02 1.702e+02 6.685e+01
|            ( QUESTION0_1_R 1 -6.873e+01 1.310e+02 4.938e+01
|                ( QUESTION0 -1 1.140e+01 1.055e+02 3.838e+01
|                    ( - 1.888e+01 1 0)
|                    ( - 9.798e+01 1 0))
|                ( - 5.084e+01 1 0))
|            ( - 9.328e+01 1 0))
|        ( - 1.766e+02 1 0)))
s>    ( QUESTION3 1 -3.100e+02 1.882e+02 1.231e+02
s>        ( QUESTION0_0_R 1 3.588e+01 1.457e+02 5.427e+01
s>            ( - 1.023e+02 1 0)
s>            ( - 7.932e+01 1 0))
s>        ( QUESTION2_0_L -1 -1.576e+02 1.886e+02 6.885e+01
s>            ( QUESTION0_0_R 1 -1.457e+02 1.702e+02 6.685e+01
s>                ( QUESTION0_1_R 1 -6.873e+01 1.310e+02 4.938e+01
s>                    ( QUESTION0 -1 1.140e+01 1.055e+02 3.838e+01
s>                        ( - 1.888e+01 1 0)
s>                        ( - 9.798e+01 1 0))
s>                    ( - 5.084e+01 1 0))
s>                ( - 9.328e+01 1 0))
s>            ( - 1.766e+02 1 0)))INFO: dtree.c(1483): stop. leaf nodes are specific
INFO: dtree.c(1524): Final simple tree
|( QUESTION0_0_R 1 1.231e+03 1.808e+02 3.978e+02
|    ( - 3.810e+02 1 0)
|    ( - 1.031e+03 1 0))
s>    ( QUESTION0_0_R 1 1.231e+03 1.808e+02 3.978e+02
s>        ( - 3.810e+02 1 0)
s>        ( - 1.031e+03 1 0))INFO: dtree.c(1351): Comp split 8
INFO: dtree.c(1483): stop. leaf nodes are specific
INFO: dtree.c(1524): Final simple tree
|( QUESTION2_0_L -1 2.402e+02 8.543e+01 4.178e+01
|    ( - 1.922e+02 1 0)
|    ( - 1.335e+02 1 0))
s>    ( QUESTION2_0_L -1 2.402e+02 8.543e+01 4.178e+01
s>        ( - 1.922e+02 1 0)
s>        ( - 1.335e+02 1 0))INFO: dtree.c(1483): stop. leaf nodes are specific
INFO: dtree.c(1524): Final simple tree
|( QUESTION2_2_L -1 3.084e+02 1.653e+02 2.187e+02
|    ( - 1.283e+02 1 0)
|    ( QUESTION2 -1 3.455e+02 1.229e+02 1.647e+02
|        ( - 9.605e+01 1 0)
|        ( QUESTION0 -1 3.723e+02 1.178e+02 1.303e+02
|            ( - 3.858e+02 1 0)
|            ( - 1.044e+02 1 0))))
s>    ( QUESTION2_2_L -1 3.084e+02 1.653e+02 2.187e+02
s>        ( - 1.283e+02 1 0)
s>        ( QUESTION2 -1 3.455e+02 1.229e+02 1.647e+02
s>            ( - 9.605e+01 1 0)
s>            ( QUESTION0 -1 3.723e+02 1.178e+02 1.303e+02
s>                ( - 3.858e+02 1 0)
s>                ( - 1.044e+02 1 0))))INFO: dtree.c(1351): Comp split 9
INFO: dtree.c(1483): stop. leaf nodes are specific
INFO: dtree.c(1524): Final simple tree
|( SILENCE -1 3.118e+02 1.959e+02 2.187e+02
|    ( - 7.471e+01 1 0)
|    ( - 4.329e+02 2 0))
s>    ( SILENCE -1 3.118e+02 1.959e+02 2.187e+02
s>        ( - 7.471e+01 1 0)
s>        ( - 4.329e+02 2 0))INFO: dtree.c(1351): Comp split 10
INFO: dtree.c(1483): stop. leaf nodes are specific
INFO: dtree.c(1524): Final simple tree
|( WDBNDRY_B 0 5.833e+02 1.587e+02 3.400e+01
|    ( - 3.843e+02 1 0)
|    ( - 3.576e+02 1 0))
s>    ( WDBNDRY_B 0 5.833e+02 1.587e+02 3.400e+01
s>        ( - 3.843e+02 1 0)
s>        ( - 3.576e+02 1 0))INFO: dtree.c(1351): Comp split 11
INFO: dtree.c(1483): stop. leaf nodes are specific
INFO: dtree.c(1524): Final simple tree
|( QUESTION0_0_R 1 1.123e+01 1.329e+02 2.847e+01
|    ( - 5.084e+01 1 0)
|    ( - 9.328e+01 1 0))
s>    ( QUESTION0_0_R 1 1.123e+01 1.329e+02 2.847e+01
s>        ( - 5.084e+01 1 0)
s>        ( - 9.328e+01 1 0))INFO: dtree.c(1483): stop. leaf nodes are specific
INFO: dtree.c(1524): Final simple tree
|( QUESTION0_1_R 1 -1.224e+02 1.633e+02 9.465e+01
|    ( QUESTION2_0_L -1 5.002e+00 1.830e+02 4.038e+01
|        ( QUESTION0 -1 1.140e+01 1.055e+02 3.838e+01
|            ( - 1.888e+01 1 0)
|            ( - 9.798e+01 1 0))
|        ( - 1.766e+02 1 0))
|    ( QUESTION0_0_R 1 3.588e+01 1.457e+02 5.427e+01
|        ( - 1.023e+02 1 0)
|        ( - 7.932e+01 1 0)))
s>    ( QUESTION0_1_R 1 -1.224e+02 1.633e+02 9.465e+01
s>        ( QUESTION2_0_L -1 5.002e+00 1.830e+02 4.038e+01
s>            ( QUESTION0 -1 1.140e+01 1.055e+02 3.838e+01
s>                ( - 1.888e+01 1 0)
s>                ( - 9.798e+01 1 0))
s>            ( - 1.766e+02 1 0))
s>        ( QUESTION0_0_R 1 3.588e+01 1.457e+02 5.427e+01
s>            ( - 1.023e+02 1 0)
s>            ( - 7.932e+01 1 0)))INFO: dtree.c(1351): Comp split 12
INFO: dtree.c(1351): Comp split 13
INFO: dtree.c(1351): Comp split 14
INFO: dtree.c(1483): stop. leaf nodes are specific
INFO: dtree.c(1524): Final simple tree
|( QUESTION0_1_R 1 -1.132e+02 1.605e+02 9.265e+01
|    ( QUESTION0 -1 1.140e+01 1.055e+02 3.838e+01
|        ( - 1.888e+01 1 0)
|        ( - 9.798e+01 1 0))
|    ( QUESTION0_0_R 1 3.588e+01 1.457e+02 5.427e+01
|        ( - 1.023e+02 1 0)
|        ( - 7.932e+01 1 0)))
s>    ( QUESTION0_1_R 1 -1.132e+02 1.605e+02 9.265e+01
s>        ( QUESTION0 -1 1.140e+01 1.055e+02 3.838e+01
s>            ( - 1.888e+01 1 0)
s>            ( - 9.798e+01 1 0))
s>        ( QUESTION0_0_R 1 3.588e+01 1.457e+02 5.427e+01
s>            ( - 1.023e+02 1 0)
s>            ( - 7.932e+01 1 0)))INFO: dtree.c(1351): Comp split 15
INFO: dtree.c(1351): Comp split 16
INFO: dtree.c(1351): Comp split 17
INFO: dtree.c(1483): stop. leaf nodes are specific
INFO: dtree.c(1524): Final simple tree
|( QUESTION2 -1 3.455e+02 1.229e+02 1.647e+02
|    ( - 9.605e+01 1 0)
|    ( QUESTION0 -1 3.723e+02 1.178e+02 1.303e+02
|        ( - 3.858e+02 1 0)
|        ( - 1.044e+02 1 0)))
s>    ( QUESTION2 -1 3.455e+02 1.229e+02 1.647e+02
s>        ( - 9.605e+01 1 0)
s>        ( QUESTION0 -1 3.723e+02 1.178e+02 1.303e+02
s>            ( - 3.858e+02 1 0)
s>            ( - 1.044e+02 1 0)))INFO: dtree.c(1351): Comp split 18
INFO: dtree.c(1483): stop. leaf nodes are specific
INFO: dtree.c(1524): Final simple tree
|( QUESTION0_0_R 1 3.588e+01 1.457e+02 5.427e+01
|    ( - 1.023e+02 1 0)
|    ( - 7.932e+01 1 0))
s>    ( QUESTION0_0_R 1 3.588e+01 1.457e+02 5.427e+01
s>        ( - 1.023e+02 1 0)
s>        ( - 7.932e+01 1 0))INFO: dtree.c(1483): stop. leaf nodes are specific
INFO: dtree.c(1524): Final simple tree
|( QUESTION0 -1 1.140e+01 1.055e+02 3.838e+01
|    ( - 1.888e+01 1 0)
|    ( - 9.798e+01 1 0))
s>    ( QUESTION0 -1 1.140e+01 1.055e+02 3.838e+01
s>        ( - 1.888e+01 1 0)
s>        ( - 9.798e+01 1 0))INFO: dtree.c(1351): Comp split 19
INFO: dtree.c(1351): Comp split 20
INFO: dtree.c(1351): Comp split 21
INFO: dtree.c(1351): Comp split 22
INFO: dtree.c(1483): stop. leaf nodes are specific
INFO: dtree.c(1524): Final simple tree
|( QUESTION0 -1 3.723e+02 1.178e+02 1.303e+02
|    ( - 3.858e+02 1 0)
|    ( - 1.044e+02 1 0))
s>    ( QUESTION0 -1 3.723e+02 1.178e+02 1.303e+02
s>        ( - 3.858e+02 1 0)
s>        ( - 1.044e+02 1 0))INFO: dtree.c(1351): Comp split 23
INFO: dtree.c(1351): Comp split 24
INFO: dtree.c(1351): Comp split 25
INFO: dtree.c(1351): Comp split 26
INFO: dtree.c(1354): stop. leaf nodes are specific
Tue May 31 10:46:07 2011
