INFO: cmd_ln.c(691): Parsing command line:
/home/xkrajnan/Plocha/GSoC/PocketSphinx/an4/bin/bldtree \
	-treefn /home/xkrajnan/Plocha/GSoC/PocketSphinx/an4/trees/an4.unpruned/P-2.dtree \
	-moddeffn /home/xkrajnan/Plocha/GSoC/PocketSphinx/an4/model_architecture/an4.untied.mdef \
	-mixwfn /home/xkrajnan/Plocha/GSoC/PocketSphinx/an4/model_parameters/an4.cd_cont_untied/mixture_weights \
	-ts2cbfn .cont. \
	-mwfloor 1e-08 \
	-psetfn /home/xkrajnan/Plocha/GSoC/PocketSphinx/an4/model_architecture/an4.tree_questions \
	-phone P \
	-state 2 \
	-stwt 1.0,0.05,0.0 \
	-meanfn /home/xkrajnan/Plocha/GSoC/PocketSphinx/an4/model_parameters/an4.cd_cont_untied/means \
	-varfn /home/xkrajnan/Plocha/GSoC/PocketSphinx/an4/model_parameters/an4.cd_cont_untied/variances \
	-fullvar no \
	-ssplitmin 1 \
	-ssplitmax 7 \
	-ssplitthr 0 \
	-csplitmin 1 \
	-csplitmax 2000 \
	-csplitthr 0 

Current configuration:
[NAME]		[DEFLT]	[VALUE]
-allphones	no	no
-cntthresh	0.00001	1.000000e-05
-csplitmax	100	2000
-csplitmin	1	1
-csplitthr	8e-4	0.000000e+00
-example	no	no
-fullvar	no	no
-help		no	no
-meanfn			/home/xkrajnan/Plocha/GSoC/PocketSphinx/an4/model_parameters/an4.cd_cont_untied/means
-mixwfn			/home/xkrajnan/Plocha/GSoC/PocketSphinx/an4/model_parameters/an4.cd_cont_untied/mixture_weights
-moddeffn		/home/xkrajnan/Plocha/GSoC/PocketSphinx/an4/model_architecture/an4.untied.mdef
-mwfloor	1e-4	1.000000e-08
-phone			P
-psetfn			/home/xkrajnan/Plocha/GSoC/PocketSphinx/an4/model_architecture/an4.tree_questions
-ssplitmax	5	7
-ssplitmin	1	1
-ssplitthr	8e-4	0.000000e+00
-state			2
-stwt			1.0,0.05,0.0,
-treefn			/home/xkrajnan/Plocha/GSoC/PocketSphinx/an4/trees/an4.unpruned/P-2.dtree
-ts2cbfn	.semi.	.cont.
-varfloor	0.00001	1.000000e-05
-varfn			/home/xkrajnan/Plocha/GSoC/PocketSphinx/an4/model_parameters/an4.cd_cont_untied/variances

INFO: main.c(228): Reading: /home/xkrajnan/Plocha/GSoC/PocketSphinx/an4/model_architecture/an4.untied.mdef
INFO: model_def_io.c(587): Model definition info:
INFO: model_def_io.c(588): 1618 total models defined (34 base, 1584 tri)
INFO: model_def_io.c(589): 6472 total states
INFO: model_def_io.c(590): 4854 total tied states
INFO: model_def_io.c(591): 102 total tied CI states
INFO: model_def_io.c(592): 34 total tied transition matrices
INFO: model_def_io.c(593): 4 max state/model
INFO: model_def_io.c(594): 4 min state/model
INFO: main.c(247): Building trees for [P AA SIL e] through [P UW IY b]
INFO: main.c(275): Covering states |[3579 3629]| == 51
INFO: main.c(282): Reading: /home/xkrajnan/Plocha/GSoC/PocketSphinx/an4/model_parameters/an4.cd_cont_untied/mixture_weights
INFO: s3mixw_io.c(172): Read /home/xkrajnan/Plocha/GSoC/PocketSphinx/an4/model_parameters/an4.cd_cont_untied/mixture_weights [51x1x1 array]
INFO: main.c(320): 17 of 17 models have observation count greater than 0.000010
INFO: main.c(94): nrm stwt: 0.000 0.048 0.952 
INFO: s3gau_io.c(166): Read /home/xkrajnan/Plocha/GSoC/PocketSphinx/an4/model_parameters/an4.cd_cont_untied/means [4854x1x1 array]
INFO: s3gau_io.c(166): Read /home/xkrajnan/Plocha/GSoC/PocketSphinx/an4/model_parameters/an4.cd_cont_untied/variances [4854x1x1 array]
INFO: main.c(576): Reading: /home/xkrajnan/Plocha/GSoC/PocketSphinx/an4/model_architecture/an4.tree_questions
INFO: main.c(619): 180 total simple questions (172 phone; 8 word bndry)
INFO: main.c(621): 42 Left Only questions, and 42 Right Only questions
INFO: dtree.c(1524): Final simple tree
|( WDBNDRY_E 0 -3.163e+03 1.334e+03 6.613e+02
|    ( QUESTION0 -1 5.977e+02 1.856e+02 1.670e+02
|        ( - 2.392e+02 1 0)
|        ( - 5.442e+02 1 0))
|    ( QUESTION14 1 -2.427e+03 2.801e+02 4.942e+02
|        ( - 2.440e+02 1 0)
|        ( QUESTION0_13_R 1 -2.391e+03 2.657e+02 4.932e+02
|            ( WDBNDRY_B 0 -2.362e+03 2.349e+02 4.922e+02
|                ( QUESTION0 -1 -1.614e+03 1.602e+02 4.197e+02
|                    ( - -6.289e+02 5 0 QUESTION2_2_L -1 1.672e+02 9.005e+01)
|                    ( - -8.246e+02 6 0 QUESTION2 -1 1.286e+02 3.296e+02))
|                ( QUESTION0 1 -5.131e+02 2.065e+02 7.255e+01
|                    ( - -3.476e+02 1 0)
|                    ( - 4.099e+01 1 0)))
|            ( - 2.365e+02 1 0))))
s>    ( WDBNDRY_E 0 -3.163e+03 1.334e+03 6.613e+02
s>        ( QUESTION0 -1 5.977e+02 1.856e+02 1.670e+02
s>            ( - 2.392e+02 1 0)
s>            ( - 5.442e+02 1 0))
s>        ( QUESTION14 1 -2.427e+03 2.801e+02 4.942e+02
s>            ( - 2.440e+02 1 0)
s>            ( QUESTION0_13_R 1 -2.391e+03 2.657e+02 4.932e+02
s>                ( WDBNDRY_B 0 -2.362e+03 2.349e+02 4.922e+02
s>                    ( QUESTION0 -1 -1.614e+03 1.602e+02 4.197e+02
s>                        ( - -6.289e+02 5 0 QUESTION2_2_L -1 1.672e+02 9.005e+01)
s>                        ( - -8.246e+02 6 0 QUESTION2 -1 1.286e+02 3.296e+02))
s>                    ( QUESTION0 1 -5.131e+02 2.065e+02 7.255e+01
s>                        ( - -3.476e+02 1 0)
s>                        ( - 4.099e+01 1 0)))
s>                ( - 2.365e+02 1 0))))INFO: dtree.c(1351): Comp split 0
INFO: dtree.c(1483): stop. leaf nodes are specific
INFO: dtree.c(1524): Final simple tree
|( QUESTION0 -1 4.405e+02 1.998e+02 1.720e+02
|    ( - 2.392e+02 1 0)
|    ( WDBNDRY_E 0 4.011e+02 1.841e+02 9.307e+01
|        ( - 5.442e+02 1 0)
|        ( - 4.099e+01 1 0)))
s>    ( QUESTION0 -1 4.405e+02 1.998e+02 1.720e+02
s>        ( - 2.392e+02 1 0)
s>        ( WDBNDRY_E 0 4.011e+02 1.841e+02 9.307e+01
s>            ( - 5.442e+02 1 0)
s>            ( - 4.099e+01 1 0)))INFO: dtree.c(1524): Final simple tree
|( QUESTION14 1 -2.262e+03 2.802e+02 4.892e+02
|    ( - 2.440e+02 1 0)
|    ( QUESTION0_13_R 1 -2.226e+03 2.661e+02 4.882e+02
|        ( WDBNDRY_B 0 -2.196e+03 2.351e+02 4.872e+02
|            ( QUESTION0 -1 -1.614e+03 1.602e+02 4.197e+02
|                ( QUESTION2_2_L -1 -6.289e+02 1.672e+02 9.005e+01
|                    ( - 4.271e+01 1 0)
|                    ( QUESTION2_14_L -1 -5.044e+02 1.177e+02 7.306e+01
|                        ( - -2.332e+01 2 0)
|                        ( - -3.634e+02 2 0 QUESTION2_0_L -1 7.192e+01 6.006e+01)))
|                ( QUESTION2 -1 -8.246e+02 1.286e+02 3.296e+02
|                    ( - 3.425e+01 2 0 QUESTION3 -1 7.236e+01 2.400e+01)
|                    ( - -7.302e+02 4 0 QUESTION2_8_L -1 1.160e+02 3.056e+02)))
|            ( - -3.476e+02 1 0))
|        ( - 2.365e+02 1 0)))
s>    ( QUESTION14 1 -2.262e+03 2.802e+02 4.892e+02
s>        ( - 2.440e+02 1 0)
s>        ( QUESTION0_13_R 1 -2.226e+03 2.661e+02 4.882e+02
s>            ( WDBNDRY_B 0 -2.196e+03 2.351e+02 4.872e+02
s>                ( QUESTION0 -1 -1.614e+03 1.602e+02 4.197e+02
s>                    ( QUESTION2_2_L -1 -6.289e+02 1.672e+02 9.005e+01
s>                        ( - 4.271e+01 1 0)
s>                        ( QUESTION2_14_L -1 -5.044e+02 1.177e+02 7.306e+01
s>                            ( - -2.332e+01 2 0)
s>                            ( - -3.634e+02 2 0 QUESTION2_0_L -1 7.192e+01 6.006e+01)))
s>                    ( QUESTION2 -1 -8.246e+02 1.286e+02 3.296e+02
s>                        ( - 3.425e+01 2 0 QUESTION3 -1 7.236e+01 2.400e+01)
s>                        ( - -7.302e+02 4 0 QUESTION2_8_L -1 1.160e+02 3.056e+02)))
s>                ( - -3.476e+02 1 0))
s>            ( - 2.365e+02 1 0)))INFO: dtree.c(1351): Comp split 1
INFO: dtree.c(1524): Final simple tree
|( QUESTION0_13_R 1 -2.226e+03 2.661e+02 4.882e+02
|    ( WDBNDRY_B 0 -2.196e+03 2.351e+02 4.872e+02
|        ( QUESTION0 -1 -1.614e+03 1.602e+02 4.197e+02
|            ( QUESTION2_2_L -1 -6.289e+02 1.672e+02 9.005e+01
|                ( - 4.271e+01 1 0)
|                ( QUESTION2_14_L -1 -5.044e+02 1.177e+02 7.306e+01
|                    ( - -2.332e+01 2 0)
|                    ( - -3.634e+02 2 0 QUESTION2_0_L -1 7.192e+01 6.006e+01)))
|            ( QUESTION2 -1 -8.246e+02 1.286e+02 3.296e+02
|                ( - 3.425e+01 2 0 QUESTION3 -1 7.236e+01 2.400e+01)
|                ( QUESTION2_8_L -1 -7.302e+02 1.160e+02 3.056e+02
|                    ( - 6.079e+01 2 0 QUESTION12 -1 9.885e+01 2.610e+01)
|                    ( - -6.749e+02 2 0 SILENCE -1 8.980e+01 2.795e+02))))
|        ( - -3.476e+02 1 0))
|    ( - 2.365e+02 1 0))
s>    ( QUESTION0_13_R 1 -2.226e+03 2.661e+02 4.882e+02
s>        ( WDBNDRY_B 0 -2.196e+03 2.351e+02 4.872e+02
s>            ( QUESTION0 -1 -1.614e+03 1.602e+02 4.197e+02
s>                ( QUESTION2_2_L -1 -6.289e+02 1.672e+02 9.005e+01
s>                    ( - 4.271e+01 1 0)
s>                    ( QUESTION2_14_L -1 -5.044e+02 1.177e+02 7.306e+01
s>                        ( - -2.332e+01 2 0)
s>                        ( - -3.634e+02 2 0 QUESTION2_0_L -1 7.192e+01 6.006e+01)))
s>                ( QUESTION2 -1 -8.246e+02 1.286e+02 3.296e+02
s>                    ( - 3.425e+01 2 0 QUESTION3 -1 7.236e+01 2.400e+01)
s>                    ( QUESTION2_8_L -1 -7.302e+02 1.160e+02 3.056e+02
s>                        ( - 6.079e+01 2 0 QUESTION12 -1 9.885e+01 2.610e+01)
s>                        ( - -6.749e+02 2 0 SILENCE -1 8.980e+01 2.795e+02))))
s>            ( - -3.476e+02 1 0))
s>        ( - 2.365e+02 1 0))INFO: dtree.c(1351): Comp split 2
INFO: dtree.c(1524): Final simple tree
|( WDBNDRY_B 0 -2.196e+03 2.351e+02 4.872e+02
|    ( QUESTION0 -1 -1.614e+03 1.602e+02 4.197e+02
|        ( QUESTION2_2_L -1 -6.289e+02 1.672e+02 9.005e+01
|            ( - 4.271e+01 1 0)
|            ( QUESTION2_14_L -1 -5.044e+02 1.177e+02 7.306e+01
|                ( - -2.332e+01 2 0)
|                ( - -3.634e+02 2 0 QUESTION2_0_L -1 7.192e+01 6.006e+01)))
|        ( QUESTION2 -1 -8.246e+02 1.286e+02 3.296e+02
|            ( - 3.425e+01 2 0 QUESTION3 -1 7.236e+01 2.400e+01)
|            ( QUESTION2_8_L -1 -7.302e+02 1.160e+02 3.056e+02
|                ( QUESTION12 -1 6.079e+01 9.885e+01 2.610e+01
|                    ( - 6.774e+01 1 0)
|                    ( - 9.190e+01 1 0))
|                ( - -6.749e+02 2 0 SILENCE -1 8.980e+01 2.795e+02))))
|    ( - -3.476e+02 1 0))
s>    ( WDBNDRY_B 0 -2.196e+03 2.351e+02 4.872e+02
s>        ( QUESTION0 -1 -1.614e+03 1.602e+02 4.197e+02
s>            ( QUESTION2_2_L -1 -6.289e+02 1.672e+02 9.005e+01
s>                ( - 4.271e+01 1 0)
s>                ( QUESTION2_14_L -1 -5.044e+02 1.177e+02 7.306e+01
s>                    ( - -2.332e+01 2 0)
s>                    ( - -3.634e+02 2 0 QUESTION2_0_L -1 7.192e+01 6.006e+01)))
s>            ( QUESTION2 -1 -8.246e+02 1.286e+02 3.296e+02
s>                ( - 3.425e+01 2 0 QUESTION3 -1 7.236e+01 2.400e+01)
s>                ( QUESTION2_8_L -1 -7.302e+02 1.160e+02 3.056e+02
s>                    ( QUESTION12 -1 6.079e+01 9.885e+01 2.610e+01
s>                        ( - 6.774e+01 1 0)
s>                        ( - 9.190e+01 1 0))
s>                    ( - -6.749e+02 2 0 SILENCE -1 8.980e+01 2.795e+02))))
s>        ( - -3.476e+02 1 0))INFO: dtree.c(1351): Comp split 3
INFO: dtree.c(1483): stop. leaf nodes are specific
INFO: dtree.c(1524): Final simple tree
|( QUESTION0 -1 -9.337e+02 1.518e+02 3.466e+02
|    ( - 4.271e+01 1 0)
|    ( QUESTION2 -1 -8.246e+02 1.286e+02 3.296e+02
|        ( QUESTION3 -1 3.425e+01 7.236e+01 2.400e+01
|            ( - 7.101e+01 1 0)
|            ( - 3.560e+01 1 0))
|        ( QUESTION2_8_L -1 -7.302e+02 1.160e+02 3.056e+02
|            ( QUESTION12 -1 6.079e+01 9.885e+01 2.610e+01
|                ( - 6.774e+01 1 0)
|                ( - 9.190e+01 1 0))
|            ( SILENCE -1 -6.749e+02 8.980e+01 2.795e+02
|                ( - -6.736e+02 1 0)
|                ( - 8.842e+01 1 0)))))
s>    ( QUESTION0 -1 -9.337e+02 1.518e+02 3.466e+02
s>        ( - 4.271e+01 1 0)
s>        ( QUESTION2 -1 -8.246e+02 1.286e+02 3.296e+02
s>            ( QUESTION3 -1 3.425e+01 7.236e+01 2.400e+01
s>                ( - 7.101e+01 1 0)
s>                ( - 3.560e+01 1 0))
s>            ( QUESTION2_8_L -1 -7.302e+02 1.160e+02 3.056e+02
s>                ( QUESTION12 -1 6.079e+01 9.885e+01 2.610e+01
s>                    ( - 6.774e+01 1 0)
s>                    ( - 9.190e+01 1 0))
s>                ( SILENCE -1 -6.749e+02 8.980e+01 2.795e+02
s>                    ( - -6.736e+02 1 0)
s>                    ( - 8.842e+01 1 0)))))INFO: dtree.c(1483): stop. leaf nodes are specific
INFO: dtree.c(1524): Final simple tree
|( WDBNDRY_B 0 -1.027e+03 1.751e+02 1.406e+02
|    ( QUESTION2_14_L -1 -5.044e+02 1.177e+02 7.306e+01
|        ( - -2.332e+01 2 0)
|        ( QUESTION2_0_L -1 -3.634e+02 7.192e+01 6.006e+01
|            ( - -1.801e+02 1 0)
|            ( - -1.114e+02 1 0)))
|    ( - -3.476e+02 1 0))
s>    ( WDBNDRY_B 0 -1.027e+03 1.751e+02 1.406e+02
s>        ( QUESTION2_14_L -1 -5.044e+02 1.177e+02 7.306e+01
s>            ( - -2.332e+01 2 0)
s>            ( QUESTION2_0_L -1 -3.634e+02 7.192e+01 6.006e+01
s>                ( - -1.801e+02 1 0)
s>                ( - -1.114e+02 1 0)))
s>        ( - -3.476e+02 1 0))INFO: dtree.c(1351): Comp split 4
INFO: dtree.c(1483): stop. leaf nodes are specific
INFO: dtree.c(1524): Final simple tree
|( WDBNDRY_E 0 4.011e+02 1.841e+02 9.307e+01
|    ( - 5.442e+02 1 0)
|    ( - 4.099e+01 1 0))
s>    ( WDBNDRY_E 0 4.011e+02 1.841e+02 9.307e+01
s>        ( - 5.442e+02 1 0)
s>        ( - 4.099e+01 1 0))INFO: dtree.c(1351): Comp split 5
INFO: dtree.c(1351): Comp split 6
INFO: dtree.c(1483): stop. leaf nodes are specific
INFO: dtree.c(1524): Final simple tree
|( QUESTION2_14_L -1 -5.044e+02 1.177e+02 7.306e+01
|    ( - -2.332e+01 2 0)
|    ( QUESTION2_0_L -1 -3.634e+02 7.192e+01 6.006e+01
|        ( - -1.801e+02 1 0)
|        ( - -1.114e+02 1 0)))
s>    ( QUESTION2_14_L -1 -5.044e+02 1.177e+02 7.306e+01
s>        ( - -2.332e+01 2 0)
s>        ( QUESTION2_0_L -1 -3.634e+02 7.192e+01 6.006e+01
s>            ( - -1.801e+02 1 0)
s>            ( - -1.114e+02 1 0)))INFO: dtree.c(1351): Comp split 7
INFO: dtree.c(1483): stop. leaf nodes are specific
INFO: dtree.c(1524): Final simple tree
|( QUESTION2_8_L -1 -7.302e+02 1.160e+02 3.056e+02
|    ( QUESTION12 -1 6.079e+01 9.885e+01 2.610e+01
|        ( - 6.774e+01 1 0)
|        ( - 9.190e+01 1 0))
|    ( SILENCE -1 -6.749e+02 8.980e+01 2.795e+02
|        ( - -6.736e+02 1 0)
|        ( - 8.842e+01 1 0)))
s>    ( QUESTION2_8_L -1 -7.302e+02 1.160e+02 3.056e+02
s>        ( QUESTION12 -1 6.079e+01 9.885e+01 2.610e+01
s>            ( - 6.774e+01 1 0)
s>            ( - 9.190e+01 1 0))
s>        ( SILENCE -1 -6.749e+02 8.980e+01 2.795e+02
s>            ( - -6.736e+02 1 0)
s>            ( - 8.842e+01 1 0)))INFO: dtree.c(1483): stop. leaf nodes are specific
INFO: dtree.c(1524): Final simple tree
|( QUESTION0 -1 -4.246e+01 1.194e+02 4.099e+01
|    ( - 4.271e+01 1 0)
|    ( QUESTION3 -1 3.425e+01 7.236e+01 2.400e+01
|        ( - 7.101e+01 1 0)
|        ( - 3.560e+01 1 0)))
s>    ( QUESTION0 -1 -4.246e+01 1.194e+02 4.099e+01
s>        ( - 4.271e+01 1 0)
s>        ( QUESTION3 -1 3.425e+01 7.236e+01 2.400e+01
s>            ( - 7.101e+01 1 0)
s>            ( - 3.560e+01 1 0)))INFO: dtree.c(1351): Comp split 8
INFO: dtree.c(1483): stop. leaf nodes are specific
INFO: dtree.c(1524): Final simple tree
|( QUESTION3 -1 3.425e+01 7.236e+01 2.400e+01
|    ( - 7.101e+01 1 0)
|    ( - 3.560e+01 1 0))
s>    ( QUESTION3 -1 3.425e+01 7.236e+01 2.400e+01
s>        ( - 7.101e+01 1 0)
s>        ( - 3.560e+01 1 0))INFO: dtree.c(1351): Comp split 9
INFO: dtree.c(1483): stop. leaf nodes are specific
INFO: dtree.c(1524): Final simple tree
|( QUESTION2_0_L -1 -3.634e+02 7.192e+01 6.006e+01
|    ( - -1.801e+02 1 0)
|    ( - -1.114e+02 1 0))
s>    ( QUESTION2_0_L -1 -3.634e+02 7.192e+01 6.006e+01
s>        ( - -1.801e+02 1 0)
s>        ( - -1.114e+02 1 0))INFO: dtree.c(1351): Comp split 10
INFO: dtree.c(1483): stop. leaf nodes are specific
INFO: dtree.c(1524): Final simple tree
|( SILENCE -1 -6.749e+02 8.980e+01 2.795e+02
|    ( - -6.736e+02 1 0)
|    ( - 8.842e+01 1 0))
s>    ( SILENCE -1 -6.749e+02 8.980e+01 2.795e+02
s>        ( - -6.736e+02 1 0)
s>        ( - 8.842e+01 1 0))INFO: dtree.c(1483): stop. leaf nodes are specific
INFO: dtree.c(1524): Final simple tree
|( QUESTION12 -1 6.079e+01 9.885e+01 2.610e+01
|    ( - 6.774e+01 1 0)
|    ( - 9.190e+01 1 0))
s>    ( QUESTION12 -1 6.079e+01 9.885e+01 2.610e+01
s>        ( - 6.774e+01 1 0)
s>        ( - 9.190e+01 1 0))INFO: dtree.c(1351): Comp split 11
INFO: dtree.c(1351): Comp split 12
INFO: dtree.c(1351): Comp split 13
INFO: dtree.c(1351): Comp split 14
INFO: dtree.c(1351): Comp split 15
INFO: dtree.c(1354): stop. leaf nodes are specific
Tue May 31 10:45:59 2011
