INFO: cmd_ln.c(691): Parsing command line:
/home/xkrajnan/Plocha/GSoC/PocketSphinx/an4/bin/bldtree \
	-treefn /home/xkrajnan/Plocha/GSoC/PocketSphinx/an4/trees/an4.unpruned/UW-2.dtree \
	-moddeffn /home/xkrajnan/Plocha/GSoC/PocketSphinx/an4/model_architecture/an4.untied.mdef \
	-mixwfn /home/xkrajnan/Plocha/GSoC/PocketSphinx/an4/model_parameters/an4.cd_cont_untied/mixture_weights \
	-ts2cbfn .cont. \
	-mwfloor 1e-08 \
	-psetfn /home/xkrajnan/Plocha/GSoC/PocketSphinx/an4/model_architecture/an4.tree_questions \
	-phone UW \
	-state 2 \
	-stwt 1.0,0.05,0.0 \
	-meanfn /home/xkrajnan/Plocha/GSoC/PocketSphinx/an4/model_parameters/an4.cd_cont_untied/means \
	-varfn /home/xkrajnan/Plocha/GSoC/PocketSphinx/an4/model_parameters/an4.cd_cont_untied/variances \
	-fullvar no \
	-ssplitmin 1 \
	-ssplitmax 7 \
	-ssplitthr 0 \
	-csplitmin 1 \
	-csplitmax 2000 \
	-csplitthr 0 

Current configuration:
[NAME]		[DEFLT]	[VALUE]
-allphones	no	no
-cntthresh	0.00001	1.000000e-05
-csplitmax	100	2000
-csplitmin	1	1
-csplitthr	8e-4	0.000000e+00
-example	no	no
-fullvar	no	no
-help		no	no
-meanfn			/home/xkrajnan/Plocha/GSoC/PocketSphinx/an4/model_parameters/an4.cd_cont_untied/means
-mixwfn			/home/xkrajnan/Plocha/GSoC/PocketSphinx/an4/model_parameters/an4.cd_cont_untied/mixture_weights
-moddeffn		/home/xkrajnan/Plocha/GSoC/PocketSphinx/an4/model_architecture/an4.untied.mdef
-mwfloor	1e-4	1.000000e-08
-phone			UW
-psetfn			/home/xkrajnan/Plocha/GSoC/PocketSphinx/an4/model_architecture/an4.tree_questions
-ssplitmax	5	7
-ssplitmin	1	1
-ssplitthr	8e-4	0.000000e+00
-state			2
-stwt			1.0,0.05,0.0,
-treefn			/home/xkrajnan/Plocha/GSoC/PocketSphinx/an4/trees/an4.unpruned/UW-2.dtree
-ts2cbfn	.semi.	.cont.
-varfloor	0.00001	1.000000e-05
-varfn			/home/xkrajnan/Plocha/GSoC/PocketSphinx/an4/model_parameters/an4.cd_cont_untied/variances

INFO: main.c(228): Reading: /home/xkrajnan/Plocha/GSoC/PocketSphinx/an4/model_architecture/an4.untied.mdef
INFO: model_def_io.c(587): Model definition info:
INFO: model_def_io.c(588): 1618 total models defined (34 base, 1584 tri)
INFO: model_def_io.c(589): 6472 total states
INFO: model_def_io.c(590): 4854 total tied states
INFO: model_def_io.c(591): 102 total tied CI states
INFO: model_def_io.c(592): 34 total tied transition matrices
INFO: model_def_io.c(593): 4 max state/model
INFO: model_def_io.c(594): 4 min state/model
INFO: main.c(247): Building trees for [UW JH N i] through [UW Y Z e]
INFO: main.c(275): Covering states |[4488 4586]| == 99
INFO: main.c(282): Reading: /home/xkrajnan/Plocha/GSoC/PocketSphinx/an4/model_parameters/an4.cd_cont_untied/mixture_weights
INFO: s3mixw_io.c(172): Read /home/xkrajnan/Plocha/GSoC/PocketSphinx/an4/model_parameters/an4.cd_cont_untied/mixture_weights [99x1x1 array]
INFO: main.c(320): 33 of 33 models have observation count greater than 0.000010
INFO: main.c(94): nrm stwt: 0.000 0.048 0.952 
INFO: s3gau_io.c(166): Read /home/xkrajnan/Plocha/GSoC/PocketSphinx/an4/model_parameters/an4.cd_cont_untied/means [4854x1x1 array]
INFO: s3gau_io.c(166): Read /home/xkrajnan/Plocha/GSoC/PocketSphinx/an4/model_parameters/an4.cd_cont_untied/variances [4854x1x1 array]
INFO: main.c(576): Reading: /home/xkrajnan/Plocha/GSoC/PocketSphinx/an4/model_architecture/an4.tree_questions
INFO: main.c(619): 180 total simple questions (172 phone; 8 word bndry)
INFO: main.c(621): 42 Left Only questions, and 42 Right Only questions
INFO: dtree.c(1524): Final simple tree
|( QUESTION14 1 -1.657e+04 2.234e+03 2.616e+03
|    ( - -2.213e+02 2 0)
|    ( QUESTION7 1 -1.411e+04 1.016e+03 2.191e+03
|        ( QUESTION0 -1 -6.164e+02 7.114e+02 1.571e+02
|            ( - -3.982e+02 2 0 QUESTION0_11_R 1 2.708e+02 4.142e+01)
|            ( - 4.932e+02 1 0))
|        ( QUESTION0 -1 -1.248e+04 9.659e+02 2.033e+03
|            ( - -5.148e+03 18 0 QUESTION0_5_R 1 4.935e+02 8.194e+02)
|            ( QUESTION0_5_R 1 -6.368e+03 9.799e+02 1.214e+03
|                ( - -2.144e+03 2 0 QUESTION0 1 2.587e+02 2.675e+02)
|                ( SILENCE 1 -3.244e+03 9.107e+02 9.465e+02
|                    ( - -1.152e+03 1 0)
|                    ( QUESTION0_0_R 1 -1.181e+03 5.372e+02 5.154e+02
|                        ( - 7.277e+01 2 0 QUESTION0_1_R 1 2.499e+02 2.282e+02)
|                        ( - -7.167e+02 5 0 QUESTION0 1 5.378e+02 2.872e+02)))))))
s>    ( QUESTION14 1 -1.657e+04 2.234e+03 2.616e+03
s>        ( - -2.213e+02 2 0)
s>        ( QUESTION7 1 -1.411e+04 1.016e+03 2.191e+03
s>            ( QUESTION0 -1 -6.164e+02 7.114e+02 1.571e+02
s>                ( - -3.982e+02 2 0 QUESTION0_11_R 1 2.708e+02 4.142e+01)
s>                ( - 4.932e+02 1 0))
s>            ( QUESTION0 -1 -1.248e+04 9.659e+02 2.033e+03
s>                ( - -5.148e+03 18 0 QUESTION0_5_R 1 4.935e+02 8.194e+02)
s>                ( QUESTION0_5_R 1 -6.368e+03 9.799e+02 1.214e+03
s>                    ( - -2.144e+03 2 0 QUESTION0 1 2.587e+02 2.675e+02)
s>                    ( SILENCE 1 -3.244e+03 9.107e+02 9.465e+02
s>                        ( - -1.152e+03 1 0)
s>                        ( QUESTION0_0_R 1 -1.181e+03 5.372e+02 5.154e+02
s>                            ( - 7.277e+01 2 0 QUESTION0_1_R 1 2.499e+02 2.282e+02)
s>                            ( - -7.167e+02 5 0 QUESTION0 1 5.378e+02 2.872e+02)))))))INFO: dtree.c(1351): Comp split 0
INFO: dtree.c(1524): Final simple tree
|( QUESTION7 1 -1.411e+04 1.016e+03 2.191e+03
|    ( QUESTION0 -1 -6.164e+02 7.114e+02 1.571e+02
|        ( - -3.982e+02 2 0 QUESTION0_11_R 1 2.708e+02 4.142e+01)
|        ( - 4.932e+02 1 0))
|    ( QUESTION0 -1 -1.248e+04 9.659e+02 2.033e+03
|        ( - -5.148e+03 18 0 QUESTION0_5_R 1 4.935e+02 8.194e+02)
|        ( QUESTION0_5_R 1 -6.368e+03 9.799e+02 1.214e+03
|            ( - -2.144e+03 2 0 QUESTION0 1 2.587e+02 2.675e+02)
|            ( SILENCE 1 -3.244e+03 9.107e+02 9.465e+02
|                ( - -1.152e+03 1 0)
|                ( QUESTION0_0_R 1 -1.181e+03 5.372e+02 5.154e+02
|                    ( - 7.277e+01 2 0 QUESTION0_1_R 1 2.499e+02 2.282e+02)
|                    ( QUESTION0 1 -7.167e+02 5.378e+02 2.872e+02
|                        ( - 1.143e+02 2 0 QUESTION0_13_R 1 3.738e+02 1.370e+02)
|                        ( - -2.932e+02 3 0 QUESTION0_13_R 1 1.533e+02 1.502e+02)))))))
s>    ( QUESTION7 1 -1.411e+04 1.016e+03 2.191e+03
s>        ( QUESTION0 -1 -6.164e+02 7.114e+02 1.571e+02
s>            ( - -3.982e+02 2 0 QUESTION0_11_R 1 2.708e+02 4.142e+01)
s>            ( - 4.932e+02 1 0))
s>        ( QUESTION0 -1 -1.248e+04 9.659e+02 2.033e+03
s>            ( - -5.148e+03 18 0 QUESTION0_5_R 1 4.935e+02 8.194e+02)
s>            ( QUESTION0_5_R 1 -6.368e+03 9.799e+02 1.214e+03
s>                ( - -2.144e+03 2 0 QUESTION0 1 2.587e+02 2.675e+02)
s>                ( SILENCE 1 -3.244e+03 9.107e+02 9.465e+02
s>                    ( - -1.152e+03 1 0)
s>                    ( QUESTION0_0_R 1 -1.181e+03 5.372e+02 5.154e+02
s>                        ( - 7.277e+01 2 0 QUESTION0_1_R 1 2.499e+02 2.282e+02)
s>                        ( QUESTION0 1 -7.167e+02 5.378e+02 2.872e+02
s>                            ( - 1.143e+02 2 0 QUESTION0_13_R 1 3.738e+02 1.370e+02)
s>                            ( - -2.932e+02 3 0 QUESTION0_13_R 1 1.533e+02 1.502e+02)))))))INFO: dtree.c(1351): Comp split 1
INFO: dtree.c(1524): Final simple tree
|( QUESTION0 -1 -1.304e+04 9.568e+02 2.075e+03
|    ( QUESTION0_5_R 1 -5.720e+03 5.043e+02 8.608e+02
|        ( - -5.844e+02 4 0 QUESTION16 1 2.606e+02 2.433e+02)
|        ( QUESTION0_14_R 1 -4.631e+03 4.172e+02 6.175e+02
|            ( - -8.111e+02 2 0)
|            ( - -3.403e+03 14 0 QUESTION0_2_R 1 3.383e+02 5.050e+02)))
|    ( QUESTION0_5_R 1 -6.368e+03 9.799e+02 1.214e+03
|        ( - -2.144e+03 2 0 QUESTION0 1 2.587e+02 2.675e+02)
|        ( SILENCE 1 -3.244e+03 9.107e+02 9.465e+02
|            ( - -1.152e+03 1 0)
|            ( QUESTION0_0_R 1 -1.181e+03 5.372e+02 5.154e+02
|                ( - 7.277e+01 2 0 QUESTION0_1_R 1 2.499e+02 2.282e+02)
|                ( QUESTION0 1 -7.167e+02 5.378e+02 2.872e+02
|                    ( - 1.143e+02 2 0 QUESTION0_13_R 1 3.738e+02 1.370e+02)
|                    ( - -2.932e+02 3 0 QUESTION0_13_R 1 1.533e+02 1.502e+02))))))
s>    ( QUESTION0 -1 -1.304e+04 9.568e+02 2.075e+03
s>        ( QUESTION0_5_R 1 -5.720e+03 5.043e+02 8.608e+02
s>            ( - -5.844e+02 4 0 QUESTION16 1 2.606e+02 2.433e+02)
s>            ( QUESTION0_14_R 1 -4.631e+03 4.172e+02 6.175e+02
s>                ( - -8.111e+02 2 0)
s>                ( - -3.403e+03 14 0 QUESTION0_2_R 1 3.383e+02 5.050e+02)))
s>        ( QUESTION0_5_R 1 -6.368e+03 9.799e+02 1.214e+03
s>            ( - -2.144e+03 2 0 QUESTION0 1 2.587e+02 2.675e+02)
s>            ( SILENCE 1 -3.244e+03 9.107e+02 9.465e+02
s>                ( - -1.152e+03 1 0)
s>                ( QUESTION0_0_R 1 -1.181e+03 5.372e+02 5.154e+02
s>                    ( - 7.277e+01 2 0 QUESTION0_1_R 1 2.499e+02 2.282e+02)
s>                    ( QUESTION0 1 -7.167e+02 5.378e+02 2.872e+02
s>                        ( - 1.143e+02 2 0 QUESTION0_13_R 1 3.738e+02 1.370e+02)
s>                        ( - -2.932e+02 3 0 QUESTION0_13_R 1 1.533e+02 1.502e+02))))))INFO: dtree.c(1351): Comp split 2
INFO: dtree.c(1524): Final simple tree
|( SILENCE 1 -7.910e+03 7.024e+02 1.429e+03
|    ( QUESTION0 -1 -1.498e+03 2.950e+02 4.682e+02
|        ( - -5.035e+01 1 0)
|        ( - -1.152e+03 1 0))
|    ( QUESTION0_13_R 1 -5.710e+03 4.738e+02 9.607e+02
|        ( QUESTION0 -1 -1.535e+03 3.449e+02 3.798e+02
|            ( - -1.264e+03 6 0 QUESTION5 1 2.821e+02 2.942e+02)
|            ( - 7.397e+01 1 0))
|        ( QUESTION0 -1 -3.701e+03 3.701e+02 5.810e+02
|            ( QUESTION0_5_R 1 -3.745e+03 4.440e+02 5.295e+02
|                ( - -5.844e+02 4 0 QUESTION16 1 2.606e+02 2.433e+02)
|                ( QUESTION0_0_R 1 -2.717e+03 3.610e+02 2.862e+02
|                    ( - -1.545e+03 7 0 QUESTION4 1 2.143e+02 1.738e+02)
|                    ( - -8.111e+02 2 0)))
|            ( - 4.141e+02 1 0))))
s>    ( SILENCE 1 -7.910e+03 7.024e+02 1.429e+03
s>        ( QUESTION0 -1 -1.498e+03 2.950e+02 4.682e+02
s>            ( - -5.035e+01 1 0)
s>            ( - -1.152e+03 1 0))
s>        ( QUESTION0_13_R 1 -5.710e+03 4.738e+02 9.607e+02
s>            ( QUESTION0 -1 -1.535e+03 3.449e+02 3.798e+02
s>                ( - -1.264e+03 6 0 QUESTION5 1 2.821e+02 2.942e+02)
s>                ( - 7.397e+01 1 0))
s>            ( QUESTION0 -1 -3.701e+03 3.701e+02 5.810e+02
s>                ( QUESTION0_5_R 1 -3.745e+03 4.440e+02 5.295e+02
s>                    ( - -5.844e+02 4 0 QUESTION16 1 2.606e+02 2.433e+02)
s>                    ( QUESTION0_0_R 1 -2.717e+03 3.610e+02 2.862e+02
s>                        ( - -1.545e+03 7 0 QUESTION4 1 2.143e+02 1.738e+02)
s>                        ( - -8.111e+02 2 0)))
s>                ( - 4.141e+02 1 0))))INFO: dtree.c(1483): stop. leaf nodes are specific
INFO: dtree.c(1524): Final simple tree
|( QUESTION0_5_R 1 -3.788e+03 9.928e+02 6.459e+02
|    ( QUESTION0 1 -2.144e+03 2.587e+02 2.675e+02
|        ( - -1.220e+03 1 0)
|        ( - -6.655e+02 1 0))
|    ( QUESTION0_0_R 1 -6.514e+02 4.309e+02 3.784e+02
|        ( QUESTION0_1_R 1 7.277e+01 2.499e+02 2.282e+02
|            ( - -5.879e+01 1 0)
|            ( - 3.814e+02 1 0))
|        ( QUESTION0_13_R 1 -2.932e+02 1.533e+02 1.502e+02
|            ( - -2.221e+02 1 0)
|            ( WDBNDRY_E 0 8.208e+01 1.384e+02 3.202e+01
|                ( - 1.187e+02 1 0)
|                ( - 1.018e+02 1 0)))))
s>    ( QUESTION0_5_R 1 -3.788e+03 9.928e+02 6.459e+02
s>        ( QUESTION0 1 -2.144e+03 2.587e+02 2.675e+02
s>            ( - -1.220e+03 1 0)
s>            ( - -6.655e+02 1 0))
s>        ( QUESTION0_0_R 1 -6.514e+02 4.309e+02 3.784e+02
s>            ( QUESTION0_1_R 1 7.277e+01 2.499e+02 2.282e+02
s>                ( - -5.879e+01 1 0)
s>                ( - 3.814e+02 1 0))
s>            ( QUESTION0_13_R 1 -2.932e+02 1.533e+02 1.502e+02
s>                ( - -2.221e+02 1 0)
s>                ( WDBNDRY_E 0 8.208e+01 1.384e+02 3.202e+01
s>                    ( - 1.187e+02 1 0)
s>                    ( - 1.018e+02 1 0)))))INFO: dtree.c(1351): Comp split 3
INFO: dtree.c(1483): stop. leaf nodes are specific
INFO: dtree.c(1524): Final simple tree
|( QUESTION0_0_R 1 -6.514e+02 4.309e+02 3.784e+02
|    ( QUESTION0_1_R 1 7.277e+01 2.499e+02 2.282e+02
|        ( - -5.879e+01 1 0)
|        ( - 3.814e+02 1 0))
|    ( QUESTION0_13_R 1 -2.932e+02 1.533e+02 1.502e+02
|        ( - -2.221e+02 1 0)
|        ( WDBNDRY_E 0 8.208e+01 1.384e+02 3.202e+01
|            ( - 1.187e+02 1 0)
|            ( - 1.018e+02 1 0))))
s>    ( QUESTION0_0_R 1 -6.514e+02 4.309e+02 3.784e+02
s>        ( QUESTION0_1_R 1 7.277e+01 2.499e+02 2.282e+02
s>            ( - -5.879e+01 1 0)
s>            ( - 3.814e+02 1 0))
s>        ( QUESTION0_13_R 1 -2.932e+02 1.533e+02 1.502e+02
s>            ( - -2.221e+02 1 0)
s>            ( WDBNDRY_E 0 8.208e+01 1.384e+02 3.202e+01
s>                ( - 1.187e+02 1 0)
s>                ( - 1.018e+02 1 0))))INFO: dtree.c(1483): stop. leaf nodes are specific
INFO: dtree.c(1524): Final simple tree
|( QUESTION0 1 -2.144e+03 2.587e+02 2.675e+02
|    ( - -1.220e+03 1 0)
|    ( - -6.655e+02 1 0))
s>    ( QUESTION0 1 -2.144e+03 2.587e+02 2.675e+02
s>        ( - -1.220e+03 1 0)
s>        ( - -6.655e+02 1 0))INFO: dtree.c(1351): Comp split 4
INFO: dtree.c(1524): Final simple tree
|( SILENCE 1 -5.500e+03 5.828e+02 1.022e+03
|    ( QUESTION0 -1 -1.498e+03 2.950e+02 4.682e+02
|        ( - -5.035e+01 1 0)
|        ( - -1.152e+03 1 0))
|    ( QUESTION0 -1 -3.419e+03 4.035e+02 5.535e+02
|        ( QUESTION0_2_R 1 -3.090e+03 3.328e+02 4.680e+02
|            ( - -1.166e+03 6 0 QUESTION4 1 2.101e+02 1.307e+02)
|            ( QUESTION5 1 -1.591e+03 2.782e+02 3.372e+02
|                ( - 1.407e+02 1 0)
|                ( QUESTION11 1 -1.453e+03 2.375e+02 3.112e+02
|                    ( - -1.018e+02 1 0)
|                    ( QUESTION0 1 -1.114e+03 2.120e+02 2.670e+02
|                        ( - -1.030e+03 4 0 QUESTION0_0_R 1 1.695e+02 1.777e+02)
|                        ( - 1.284e+02 1 0)))))
|        ( - 7.397e+01 1 0)))
s>    ( SILENCE 1 -5.500e+03 5.828e+02 1.022e+03
s>        ( QUESTION0 -1 -1.498e+03 2.950e+02 4.682e+02
s>            ( - -5.035e+01 1 0)
s>            ( - -1.152e+03 1 0))
s>        ( QUESTION0 -1 -3.419e+03 4.035e+02 5.535e+02
s>            ( QUESTION0_2_R 1 -3.090e+03 3.328e+02 4.680e+02
s>                ( - -1.166e+03 6 0 QUESTION4 1 2.101e+02 1.307e+02)
s>                ( QUESTION5 1 -1.591e+03 2.782e+02 3.372e+02
s>                    ( - 1.407e+02 1 0)
s>                    ( QUESTION11 1 -1.453e+03 2.375e+02 3.112e+02
s>                        ( - -1.018e+02 1 0)
s>                        ( QUESTION0 1 -1.114e+03 2.120e+02 2.670e+02
s>                            ( - -1.030e+03 4 0 QUESTION0_0_R 1 1.695e+02 1.777e+02)
s>                            ( - 1.284e+02 1 0)))))
s>            ( - 7.397e+01 1 0)))INFO: dtree.c(1483): stop. leaf nodes are specific
INFO: dtree.c(1524): Final simple tree
|( QUESTION0 -1 -1.616e+03 3.217e+02 4.072e+02
|    ( QUESTION0_0_R 1 -1.709e+03 3.130e+02 3.558e+02
|        ( QUESTION16 1 -5.844e+02 2.606e+02 2.433e+02
|            ( - 2.440e+02 1 0)
|            ( QUESTION0_6_R 1 -5.679e+02 2.135e+02 2.423e+02
|                ( - 2.241e+02 1 0)
|                ( WDBNDRY_E 0 -5.784e+02 1.386e+02 1.809e+02
|                    ( - -5.099e+02 1 0)
|                    ( - 7.013e+01 1 0))))
|        ( - -8.111e+02 2 0))
|    ( - 4.141e+02 1 0))
s>    ( QUESTION0 -1 -1.616e+03 3.217e+02 4.072e+02
s>        ( QUESTION0_0_R 1 -1.709e+03 3.130e+02 3.558e+02
s>            ( QUESTION16 1 -5.844e+02 2.606e+02 2.433e+02
s>                ( - 2.440e+02 1 0)
s>                ( QUESTION0_6_R 1 -5.679e+02 2.135e+02 2.423e+02
s>                    ( - 2.241e+02 1 0)
s>                    ( WDBNDRY_E 0 -5.784e+02 1.386e+02 1.809e+02
s>                        ( - -5.099e+02 1 0)
s>                        ( - 7.013e+01 1 0))))
s>            ( - -8.111e+02 2 0))
s>        ( - 4.141e+02 1 0))INFO: dtree.c(1351): Comp split 5
INFO: dtree.c(1483): stop. leaf nodes are specific
INFO: dtree.c(1524): Final simple tree
|( QUESTION0 -1 -1.708e+03 3.770e+02 3.896e+02
|    ( SILENCE 1 -1.405e+03 2.404e+02 3.041e+02
|        ( - -5.035e+01 1 0)
|        ( QUESTION0 1 -1.114e+03 2.120e+02 2.670e+02
|            ( QUESTION0_0_R 1 -1.030e+03 1.695e+02 1.777e+02
|                ( - -1.868e+02 1 0)
|                ( - -6.739e+02 3 0))
|            ( - 1.284e+02 1 0)))
|    ( - 7.397e+01 1 0))
s>    ( QUESTION0 -1 -1.708e+03 3.770e+02 3.896e+02
s>        ( SILENCE 1 -1.405e+03 2.404e+02 3.041e+02
s>            ( - -5.035e+01 1 0)
s>            ( QUESTION0 1 -1.114e+03 2.120e+02 2.670e+02
s>                ( QUESTION0_0_R 1 -1.030e+03 1.695e+02 1.777e+02
s>                    ( - -1.868e+02 1 0)
s>                    ( - -6.739e+02 3 0))
s>                ( - 1.284e+02 1 0)))
s>        ( - 7.397e+01 1 0))INFO: dtree.c(1524): Final simple tree
|( SILENCE 1 -3.153e+03 4.102e+02 6.321e+02
|    ( - -1.152e+03 1 0)
|    ( QUESTION0_0_R 1 -1.590e+03 2.564e+02 2.010e+02
|        ( QUESTION4 1 -1.166e+03 2.101e+02 1.307e+02
|            ( - 2.803e+01 1 0)
|            ( QUESTION0_9_R 1 -9.843e+02 2.043e+02 1.227e+02
|                ( - 1.111e+02 1 0)
|                ( QUESTION8 1 -8.911e+02 1.566e+02 9.672e+01
|                    ( - 6.513e+01 1 0)
|                    ( QUESTION0_11_R 1 -7.996e+02 1.576e+02 8.072e+01
|                        ( - -5.532e+01 1 0)
|                        ( - -5.867e+02 2 0 QUESTION0_3_R 1 2.476e+02 6.672e+01)))))
|        ( QUESTION2 1 -1.673e+02 2.062e+02 7.027e+01
|            ( - 1.407e+02 1 0)
|            ( - -1.018e+02 1 0))))
s>    ( SILENCE 1 -3.153e+03 4.102e+02 6.321e+02
s>        ( - -1.152e+03 1 0)
s>        ( QUESTION0_0_R 1 -1.590e+03 2.564e+02 2.010e+02
s>            ( QUESTION4 1 -1.166e+03 2.101e+02 1.307e+02
s>                ( - 2.803e+01 1 0)
s>                ( QUESTION0_9_R 1 -9.843e+02 2.043e+02 1.227e+02
s>                    ( - 1.111e+02 1 0)
s>                    ( QUESTION8 1 -8.911e+02 1.566e+02 9.672e+01
s>                        ( - 6.513e+01 1 0)
s>                        ( QUESTION0_11_R 1 -7.996e+02 1.576e+02 8.072e+01
s>                            ( - -5.532e+01 1 0)
s>                            ( - -5.867e+02 2 0 QUESTION0_3_R 1 2.476e+02 6.672e+01)))))
s>            ( QUESTION2 1 -1.673e+02 2.062e+02 7.027e+01
s>                ( - 1.407e+02 1 0)
s>                ( - -1.018e+02 1 0))))INFO: dtree.c(1351): Comp split 6
INFO: dtree.c(1483): stop. leaf nodes are specific
INFO: dtree.c(1524): Final simple tree
|( QUESTION0_13_R 1 -2.932e+02 1.533e+02 1.502e+02
|    ( - -2.221e+02 1 0)
|    ( WDBNDRY_E 0 8.208e+01 1.384e+02 3.202e+01
|        ( - 1.187e+02 1 0)
|        ( - 1.018e+02 1 0)))
s>    ( QUESTION0_13_R 1 -2.932e+02 1.533e+02 1.502e+02
s>        ( - -2.221e+02 1 0)
s>        ( WDBNDRY_E 0 8.208e+01 1.384e+02 3.202e+01
s>            ( - 1.187e+02 1 0)
s>            ( - 1.018e+02 1 0)))INFO: dtree.c(1483): stop. leaf nodes are specific
INFO: dtree.c(1524): Final simple tree
|( QUESTION0_1_R 1 7.277e+01 2.499e+02 2.282e+02
|    ( - -5.879e+01 1 0)
|    ( - 3.814e+02 1 0))
s>    ( QUESTION0_1_R 1 7.277e+01 2.499e+02 2.282e+02
s>        ( - -5.879e+01 1 0)
s>        ( - 3.814e+02 1 0))INFO: dtree.c(1351): Comp split 7
INFO: dtree.c(1483): stop. leaf nodes are specific
INFO: dtree.c(1524): Final simple tree
|( SILENCE 1 -1.218e+03 1.304e+02 4.471e+02
|    ( - -1.152e+03 1 0)
|    ( - 6.513e+01 1 0))
s>    ( SILENCE 1 -1.218e+03 1.304e+02 4.471e+02
s>        ( - -1.152e+03 1 0)
s>        ( - 6.513e+01 1 0))INFO: dtree.c(1483): stop. leaf nodes are specific
INFO: dtree.c(1524): Final simple tree
|( QUESTION0_0_R 1 -1.515e+03 2.590e+02 1.850e+02
|    ( QUESTION6 1 -1.089e+03 2.177e+02 1.147e+02
|        ( - 1.111e+02 1 0)
|        ( QUESTION0_9_R 1 -9.820e+02 2.104e+02 8.872e+01
|            ( - 2.803e+01 1 0)
|            ( QUESTION0_11_R 1 -7.996e+02 1.576e+02 8.072e+01
|                ( - -5.532e+01 1 0)
|                ( QUESTION0_3_R 1 -5.867e+02 2.476e+02 6.672e+01
|                    ( - -2.670e+02 1 0)
|                    ( - -7.206e+01 1 0)))))
|    ( QUESTION2 1 -1.673e+02 2.062e+02 7.027e+01
|        ( - 1.407e+02 1 0)
|        ( - -1.018e+02 1 0)))
s>    ( QUESTION0_0_R 1 -1.515e+03 2.590e+02 1.850e+02
s>        ( QUESTION6 1 -1.089e+03 2.177e+02 1.147e+02
s>            ( - 1.111e+02 1 0)
s>            ( QUESTION0_9_R 1 -9.820e+02 2.104e+02 8.872e+01
s>                ( - 2.803e+01 1 0)
s>                ( QUESTION0_11_R 1 -7.996e+02 1.576e+02 8.072e+01
s>                    ( - -5.532e+01 1 0)
s>                    ( QUESTION0_3_R 1 -5.867e+02 2.476e+02 6.672e+01
s>                        ( - -2.670e+02 1 0)
s>                        ( - -7.206e+01 1 0)))))
s>        ( QUESTION2 1 -1.673e+02 2.062e+02 7.027e+01
s>            ( - 1.407e+02 1 0)
s>            ( - -1.018e+02 1 0)))INFO: dtree.c(1351): Comp split 8
INFO: dtree.c(1483): stop. leaf nodes are specific
INFO: dtree.c(1524): Final simple tree
|( QUESTION0_0_R 1 -3.339e+02 2.535e+02 2.898e+02
|    ( QUESTION0_6_R 1 -4.946e+02 2.088e+02 2.383e+02
|        ( - 2.241e+02 1 0)
|        ( - -5.099e+02 1 0))
|    ( - 4.141e+02 1 0))
s>    ( QUESTION0_0_R 1 -3.339e+02 2.535e+02 2.898e+02
s>        ( QUESTION0_6_R 1 -4.946e+02 2.088e+02 2.383e+02
s>            ( - 2.241e+02 1 0)
s>            ( - -5.099e+02 1 0))
s>        ( - 4.141e+02 1 0))INFO: dtree.c(1483): stop. leaf nodes are specific
INFO: dtree.c(1524): Final simple tree
|( QUESTION0_6_R 1 -8.851e+02 2.547e+02 1.174e+02
|    ( - 2.440e+02 1 0)
|    ( WDBNDRY_E 0 -8.744e+02 1.335e+02 1.164e+02
|        ( - -8.111e+02 2 0)
|        ( - 7.013e+01 1 0)))
s>    ( QUESTION0_6_R 1 -8.851e+02 2.547e+02 1.174e+02
s>        ( - 2.440e+02 1 0)
s>        ( WDBNDRY_E 0 -8.744e+02 1.335e+02 1.164e+02
s>            ( - -8.111e+02 2 0)
s>            ( - 7.013e+01 1 0)))INFO: dtree.c(1351): Comp split 9
INFO: dtree.c(1483): stop. leaf nodes are specific
INFO: dtree.c(1524): Final simple tree
|( SILENCE 1 -1.405e+03 2.404e+02 3.041e+02
|    ( - -5.035e+01 1 0)
|    ( QUESTION0 1 -1.114e+03 2.120e+02 2.670e+02
|        ( QUESTION0_0_R 1 -1.030e+03 1.695e+02 1.777e+02
|            ( - -1.868e+02 1 0)
|            ( - -6.739e+02 3 0))
|        ( - 1.284e+02 1 0)))
s>    ( SILENCE 1 -1.405e+03 2.404e+02 3.041e+02
s>        ( - -5.035e+01 1 0)
s>        ( QUESTION0 1 -1.114e+03 2.120e+02 2.670e+02
s>            ( QUESTION0_0_R 1 -1.030e+03 1.695e+02 1.777e+02
s>                ( - -1.868e+02 1 0)
s>                ( - -6.739e+02 3 0))
s>            ( - 1.284e+02 1 0)))INFO: dtree.c(1351): Comp split 10
INFO: dtree.c(1483): stop. leaf nodes are specific
INFO: dtree.c(1524): Final simple tree
|( QUESTION0_3_R 1 -4.395e+02 1.172e+02 5.329e+01
|    ( - -2.670e+02 1 0)
|    ( - -5.532e+01 1 0))
s>    ( QUESTION0_3_R 1 -4.395e+02 1.172e+02 5.329e+01
s>        ( - -2.670e+02 1 0)
s>        ( - -5.532e+01 1 0))INFO: dtree.c(1483): stop. leaf nodes are specific
INFO: dtree.c(1524): Final simple tree
|( QUESTION0_10_R 1 -7.448e+02 2.476e+02 1.317e+02
|    ( - -7.206e+01 1 0)
|    ( QUESTION5 1 -4.251e+02 2.244e+02 1.043e+02
|        ( QUESTION0_0_R 1 4.696e+01 2.048e+02 5.204e+01
|            ( - 1.111e+02 1 0)
|            ( - 1.407e+02 1 0))
|        ( QUESTION0_0_R 1 -2.477e+02 1.739e+02 5.223e+01
|            ( - 2.803e+01 1 0)
|            ( - -1.018e+02 1 0))))
s>    ( QUESTION0_10_R 1 -7.448e+02 2.476e+02 1.317e+02
s>        ( - -7.206e+01 1 0)
s>        ( QUESTION5 1 -4.251e+02 2.244e+02 1.043e+02
s>            ( QUESTION0_0_R 1 4.696e+01 2.048e+02 5.204e+01
s>                ( - 1.111e+02 1 0)
s>                ( - 1.407e+02 1 0))
s>            ( QUESTION0_0_R 1 -2.477e+02 1.739e+02 5.223e+01
s>                ( - 2.803e+01 1 0)
s>                ( - -1.018e+02 1 0))))INFO: dtree.c(1351): Comp split 11
INFO: dtree.c(1483): stop. leaf nodes are specific
INFO: dtree.c(1524): Final simple tree
|( QUESTION0_9_R 1 -1.369e+02 1.760e+02 5.342e+01
|    ( - 1.111e+02 1 0)
|    ( - -7.206e+01 1 0))
s>    ( QUESTION0_9_R 1 -1.369e+02 1.760e+02 5.342e+01
s>        ( - 1.111e+02 1 0)
s>        ( - -7.206e+01 1 0))INFO: dtree.c(1483): stop. leaf nodes are specific
INFO: dtree.c(1524): Final simple tree
|( QUESTION2 1 -3.033e+02 2.000e+02 7.827e+01
|    ( QUESTION0_0_R 1 -1.533e+00 1.702e+02 3.404e+01
|        ( - 2.803e+01 1 0)
|        ( - 1.407e+02 1 0))
|    ( - -1.018e+02 1 0))
s>    ( QUESTION2 1 -3.033e+02 2.000e+02 7.827e+01
s>        ( QUESTION0_0_R 1 -1.533e+00 1.702e+02 3.404e+01
s>            ( - 2.803e+01 1 0)
s>            ( - 1.407e+02 1 0))
s>        ( - -1.018e+02 1 0))INFO: dtree.c(1351): Comp split 12
INFO: dtree.c(1351): Comp split 13
INFO: dtree.c(1483): stop. leaf nodes are specific
INFO: dtree.c(1524): Final simple tree
|( WDBNDRY_E 0 -8.744e+02 1.335e+02 1.164e+02
|    ( - -8.111e+02 2 0)
|    ( - 7.013e+01 1 0))
s>    ( WDBNDRY_E 0 -8.744e+02 1.335e+02 1.164e+02
s>        ( - -8.111e+02 2 0)
s>        ( - 7.013e+01 1 0))INFO: dtree.c(1351): Comp split 14
INFO: dtree.c(1483): stop. leaf nodes are specific
INFO: dtree.c(1524): Final simple tree
|( QUESTION0_6_R 1 -4.946e+02 2.088e+02 2.383e+02
|    ( - 2.241e+02 1 0)
|    ( - -5.099e+02 1 0))
s>    ( QUESTION0_6_R 1 -4.946e+02 2.088e+02 2.383e+02
s>        ( - 2.241e+02 1 0)
s>        ( - -5.099e+02 1 0))INFO: dtree.c(1351): Comp split 15
INFO: dtree.c(1351): Comp split 16
INFO: dtree.c(1483): stop. leaf nodes are specific
INFO: dtree.c(1524): Final simple tree
|( QUESTION0 1 -1.114e+03 2.120e+02 2.670e+02
|    ( QUESTION0_0_R 1 -1.030e+03 1.695e+02 1.777e+02
|        ( - -1.868e+02 1 0)
|        ( - -6.739e+02 3 0))
|    ( - 1.284e+02 1 0))
s>    ( QUESTION0 1 -1.114e+03 2.120e+02 2.670e+02
s>        ( QUESTION0_0_R 1 -1.030e+03 1.695e+02 1.777e+02
s>            ( - -1.868e+02 1 0)
s>            ( - -6.739e+02 3 0))
s>        ( - 1.284e+02 1 0))INFO: dtree.c(1351): Comp split 17
INFO: dtree.c(1483): stop. leaf nodes are specific
INFO: dtree.c(1524): Final simple tree
|( QUESTION0_0_R 1 -1.030e+03 1.695e+02 1.777e+02
|    ( - -1.868e+02 1 0)
|    ( - -6.739e+02 3 0))
s>    ( QUESTION0_0_R 1 -1.030e+03 1.695e+02 1.777e+02
s>        ( - -1.868e+02 1 0)
s>        ( - -6.739e+02 3 0))INFO: dtree.c(1351): Comp split 18
INFO: dtree.c(1351): Comp split 19
INFO: dtree.c(1483): stop. leaf nodes are specific
INFO: dtree.c(1524): Final simple tree
|( QUESTION0_0_R 1 -1.533e+00 1.702e+02 3.404e+01
|    ( - 2.803e+01 1 0)
|    ( - 1.407e+02 1 0))
s>    ( QUESTION0_0_R 1 -1.533e+00 1.702e+02 3.404e+01
s>        ( - 2.803e+01 1 0)
s>        ( - 1.407e+02 1 0))INFO: dtree.c(1351): Comp split 20
INFO: dtree.c(1351): Comp split 21
INFO: dtree.c(1351): Comp split 22
INFO: dtree.c(1351): Comp split 23
INFO: dtree.c(1483): stop. leaf nodes are specific
INFO: dtree.c(1524): Final simple tree
|( WDBNDRY_E 0 -2.443e+02 1.240e+02 1.202e+02
|    ( - -2.221e+02 1 0)
|    ( - 1.018e+02 1 0))
s>    ( WDBNDRY_E 0 -2.443e+02 1.240e+02 1.202e+02
s>        ( - -2.221e+02 1 0)
s>        ( - 1.018e+02 1 0))INFO: dtree.c(1351): Comp split 24
INFO: dtree.c(1351): Comp split 25
INFO: dtree.c(1351): Comp split 26
INFO: dtree.c(1351): Comp split 27
INFO: dtree.c(1351): Comp split 28
INFO: dtree.c(1354): stop. leaf nodes are specific
Tue May 31 10:46:06 2011
