INFO: cmd_ln.c(691): Parsing command line:
/home/xkrajnan/Plocha/GSoC/PocketSphinx/an4/bin/bldtree \
	-treefn /home/xkrajnan/Plocha/GSoC/PocketSphinx/an4/trees/an4.unpruned/B-2.dtree \
	-moddeffn /home/xkrajnan/Plocha/GSoC/PocketSphinx/an4/model_architecture/an4.untied.mdef \
	-mixwfn /home/xkrajnan/Plocha/GSoC/PocketSphinx/an4/model_parameters/an4.cd_cont_untied/mixture_weights \
	-ts2cbfn .cont. \
	-mwfloor 1e-08 \
	-psetfn /home/xkrajnan/Plocha/GSoC/PocketSphinx/an4/model_architecture/an4.tree_questions \
	-phone B \
	-state 2 \
	-stwt 1.0,0.05,0.0 \
	-meanfn /home/xkrajnan/Plocha/GSoC/PocketSphinx/an4/model_parameters/an4.cd_cont_untied/means \
	-varfn /home/xkrajnan/Plocha/GSoC/PocketSphinx/an4/model_parameters/an4.cd_cont_untied/variances \
	-fullvar no \
	-ssplitmin 1 \
	-ssplitmax 7 \
	-ssplitthr 0 \
	-csplitmin 1 \
	-csplitmax 2000 \
	-csplitthr 0 

Current configuration:
[NAME]		[DEFLT]	[VALUE]
-allphones	no	no
-cntthresh	0.00001	1.000000e-05
-csplitmax	100	2000
-csplitmin	1	1
-csplitthr	8e-4	0.000000e+00
-example	no	no
-fullvar	no	no
-help		no	no
-meanfn			/home/xkrajnan/Plocha/GSoC/PocketSphinx/an4/model_parameters/an4.cd_cont_untied/means
-mixwfn			/home/xkrajnan/Plocha/GSoC/PocketSphinx/an4/model_parameters/an4.cd_cont_untied/mixture_weights
-moddeffn		/home/xkrajnan/Plocha/GSoC/PocketSphinx/an4/model_architecture/an4.untied.mdef
-mwfloor	1e-4	1.000000e-08
-phone			B
-psetfn			/home/xkrajnan/Plocha/GSoC/PocketSphinx/an4/model_architecture/an4.tree_questions
-ssplitmax	5	7
-ssplitmin	1	1
-ssplitthr	8e-4	0.000000e+00
-state			2
-stwt			1.0,0.05,0.0,
-treefn			/home/xkrajnan/Plocha/GSoC/PocketSphinx/an4/trees/an4.unpruned/B-2.dtree
-ts2cbfn	.semi.	.cont.
-varfloor	0.00001	1.000000e-05
-varfn			/home/xkrajnan/Plocha/GSoC/PocketSphinx/an4/model_parameters/an4.cd_cont_untied/variances

INFO: main.c(228): Reading: /home/xkrajnan/Plocha/GSoC/PocketSphinx/an4/model_architecture/an4.untied.mdef
INFO: model_def_io.c(587): Model definition info:
INFO: model_def_io.c(588): 1618 total models defined (34 base, 1584 tri)
INFO: model_def_io.c(589): 6472 total states
INFO: model_def_io.c(590): 4854 total tied states
INFO: model_def_io.c(591): 102 total tied CI states
INFO: model_def_io.c(592): 34 total tied transition matrices
INFO: model_def_io.c(593): 4 max state/model
INFO: model_def_io.c(594): 4 min state/model
INFO: main.c(247): Building trees for [B AH AH i] through [B UW IY b]
INFO: main.c(275): Covering states |[735 788]| == 54
INFO: main.c(282): Reading: /home/xkrajnan/Plocha/GSoC/PocketSphinx/an4/model_parameters/an4.cd_cont_untied/mixture_weights
INFO: s3mixw_io.c(172): Read /home/xkrajnan/Plocha/GSoC/PocketSphinx/an4/model_parameters/an4.cd_cont_untied/mixture_weights [54x1x1 array]
INFO: main.c(320): 18 of 18 models have observation count greater than 0.000010
INFO: main.c(94): nrm stwt: 0.000 0.048 0.952 
INFO: s3gau_io.c(166): Read /home/xkrajnan/Plocha/GSoC/PocketSphinx/an4/model_parameters/an4.cd_cont_untied/means [4854x1x1 array]
INFO: s3gau_io.c(166): Read /home/xkrajnan/Plocha/GSoC/PocketSphinx/an4/model_parameters/an4.cd_cont_untied/variances [4854x1x1 array]
INFO: main.c(576): Reading: /home/xkrajnan/Plocha/GSoC/PocketSphinx/an4/model_architecture/an4.tree_questions
INFO: main.c(619): 180 total simple questions (172 phone; 8 word bndry)
INFO: main.c(621): 42 Left Only questions, and 42 Right Only questions
INFO: dtree.c(1524): Final simple tree
|( WDBNDRY_B 0 -7.527e+03 1.877e+03 5.157e+02
|    ( QUESTION2_6_L -1 -1.665e+03 1.360e+02 2.521e+02
|        ( - 7.352e+01 1 0)
|        ( QUESTION2_1_L -1 -1.603e+03 1.181e+02 2.461e+02
|            ( - -1.371e+02 1 0)
|            ( QUESTION2_0_L -1 -1.348e+03 1.113e+02 2.227e+02
|                ( - 2.925e+01 1 0)
|                ( - -1.266e+03 10 0 QUESTION2_9_L -1 1.066e+02 2.127e+02))))
|    ( QUESTION12 1 -3.985e+03 1.150e+03 2.636e+02
|        ( - -2.055e+03 2 0 QUESTION12 -1 1.028e+02 1.512e+02)
|        ( QUESTION0_13_R 1 -7.802e+02 1.656e+02 1.124e+02
|            ( QUESTION0 -1 -4.146e+01 1.149e+02 9.000e+00
|                ( - 4.597e+01 1 0)
|                ( - 2.742e+01 1 0))
|            ( - -5.731e+02 1 0))))
s>    ( WDBNDRY_B 0 -7.527e+03 1.877e+03 5.157e+02
s>        ( QUESTION2_6_L -1 -1.665e+03 1.360e+02 2.521e+02
s>            ( - 7.352e+01 1 0)
s>            ( QUESTION2_1_L -1 -1.603e+03 1.181e+02 2.461e+02
s>                ( - -1.371e+02 1 0)
s>                ( QUESTION2_0_L -1 -1.348e+03 1.113e+02 2.227e+02
s>                    ( - 2.925e+01 1 0)
s>                    ( - -1.266e+03 10 0 QUESTION2_9_L -1 1.066e+02 2.127e+02))))
s>        ( QUESTION12 1 -3.985e+03 1.150e+03 2.636e+02
s>            ( - -2.055e+03 2 0 QUESTION12 -1 1.028e+02 1.512e+02)
s>            ( QUESTION0_13_R 1 -7.802e+02 1.656e+02 1.124e+02
s>                ( QUESTION0 -1 -4.146e+01 1.149e+02 9.000e+00
s>                    ( - 4.597e+01 1 0)
s>                    ( - 2.742e+01 1 0))
s>                ( - -5.731e+02 1 0))))INFO: dtree.c(1351): Comp split 0
INFO: dtree.c(1483): stop. leaf nodes are specific
INFO: dtree.c(1524): Final simple tree
|( QUESTION12 1 -3.985e+03 1.150e+03 2.636e+02
|    ( QUESTION12 -1 -2.055e+03 1.028e+02 1.512e+02
|        ( - -2.008e+03 1 0)
|        ( - 5.570e+01 1 0))
|    ( QUESTION0_13_R 1 -7.802e+02 1.656e+02 1.124e+02
|        ( QUESTION0 -1 -4.146e+01 1.149e+02 9.000e+00
|            ( - 4.597e+01 1 0)
|            ( - 2.742e+01 1 0))
|        ( - -5.731e+02 1 0)))
s>    ( QUESTION12 1 -3.985e+03 1.150e+03 2.636e+02
s>        ( QUESTION12 -1 -2.055e+03 1.028e+02 1.512e+02
s>            ( - -2.008e+03 1 0)
s>            ( - 5.570e+01 1 0))
s>        ( QUESTION0_13_R 1 -7.802e+02 1.656e+02 1.124e+02
s>            ( QUESTION0 -1 -4.146e+01 1.149e+02 9.000e+00
s>                ( - 4.597e+01 1 0)
s>                ( - 2.742e+01 1 0))
s>            ( - -5.731e+02 1 0)))INFO: dtree.c(1524): Final simple tree
|( QUESTION2_6_L -1 -1.665e+03 1.360e+02 2.521e+02
|    ( - 7.352e+01 1 0)
|    ( QUESTION2_1_L -1 -1.603e+03 1.181e+02 2.461e+02
|        ( - -1.371e+02 1 0)
|        ( QUESTION2_0_L -1 -1.348e+03 1.113e+02 2.227e+02
|            ( - 2.925e+01 1 0)
|            ( QUESTION2_9_L -1 -1.266e+03 1.066e+02 2.127e+02
|                ( QUESTION0 -1 -5.637e+02 9.413e+01 1.103e+02
|                    ( - -4.841e+02 2 0)
|                    ( - 1.451e+01 1 0))
|                ( QUESTION2_17_L -1 -5.954e+02 8.573e+01 1.024e+02
|                    ( QUESTION11 -1 -1.571e+02 1.106e+02 3.499e+01
|                        ( - 5.549e+01 1 0)
|                        ( - -1.020e+02 4 0 QUESTION0 -1 7.510e+01 2.999e+01))
|                    ( - -3.526e+02 2 0 SILENCE -1 7.899e+01 6.744e+01))))))
s>    ( QUESTION2_6_L -1 -1.665e+03 1.360e+02 2.521e+02
s>        ( - 7.352e+01 1 0)
s>        ( QUESTION2_1_L -1 -1.603e+03 1.181e+02 2.461e+02
s>            ( - -1.371e+02 1 0)
s>            ( QUESTION2_0_L -1 -1.348e+03 1.113e+02 2.227e+02
s>                ( - 2.925e+01 1 0)
s>                ( QUESTION2_9_L -1 -1.266e+03 1.066e+02 2.127e+02
s>                    ( QUESTION0 -1 -5.637e+02 9.413e+01 1.103e+02
s>                        ( - -4.841e+02 2 0)
s>                        ( - 1.451e+01 1 0))
s>                    ( QUESTION2_17_L -1 -5.954e+02 8.573e+01 1.024e+02
s>                        ( QUESTION11 -1 -1.571e+02 1.106e+02 3.499e+01
s>                            ( - 5.549e+01 1 0)
s>                            ( - -1.020e+02 4 0 QUESTION0 -1 7.510e+01 2.999e+01))
s>                        ( - -3.526e+02 2 0 SILENCE -1 7.899e+01 6.744e+01))))))INFO: dtree.c(1351): Comp split 1
INFO: dtree.c(1483): stop. leaf nodes are specific
INFO: dtree.c(1524): Final simple tree
|( QUESTION0_13_R 1 -7.802e+02 1.656e+02 1.124e+02
|    ( QUESTION0 -1 -4.146e+01 1.149e+02 9.000e+00
|        ( - 4.597e+01 1 0)
|        ( - 2.742e+01 1 0))
|    ( - -5.731e+02 1 0))
s>    ( QUESTION0_13_R 1 -7.802e+02 1.656e+02 1.124e+02
s>        ( QUESTION0 -1 -4.146e+01 1.149e+02 9.000e+00
s>            ( - 4.597e+01 1 0)
s>            ( - 2.742e+01 1 0))
s>        ( - -5.731e+02 1 0))INFO: dtree.c(1483): stop. leaf nodes are specific
INFO: dtree.c(1524): Final simple tree
|( QUESTION12 -1 -2.055e+03 1.028e+02 1.512e+02
|    ( - -2.008e+03 1 0)
|    ( - 5.570e+01 1 0))
s>    ( QUESTION12 -1 -2.055e+03 1.028e+02 1.512e+02
s>        ( - -2.008e+03 1 0)
s>        ( - 5.570e+01 1 0))INFO: dtree.c(1351): Comp split 2
INFO: dtree.c(1483): stop. leaf nodes are specific
INFO: dtree.c(1524): Final simple tree
|( QUESTION0_13_R 1 -6.352e+02 1.080e+02 1.064e+02
|    ( - 4.597e+01 1 0)
|    ( - -5.731e+02 1 0))
s>    ( QUESTION0_13_R 1 -6.352e+02 1.080e+02 1.064e+02
s>        ( - 4.597e+01 1 0)
s>        ( - -5.731e+02 1 0))INFO: dtree.c(1351): Comp split 3
INFO: dtree.c(1483): stop. leaf nodes are specific
INFO: dtree.c(1524): Final simple tree
|( QUESTION2_0_L -1 -1.003e+03 1.115e+02 1.797e+02
|    ( - 2.925e+01 1 0)
|    ( SILENCE -1 -9.203e+02 8.792e+01 1.697e+02
|        ( - -2.829e+02 1 0)
|        ( QUESTION0 -1 -5.495e+02 7.473e+01 1.103e+02
|            ( - -4.841e+02 2 0)
|            ( - 9.295e+00 1 0))))
s>    ( QUESTION2_0_L -1 -1.003e+03 1.115e+02 1.797e+02
s>        ( - 2.925e+01 1 0)
s>        ( SILENCE -1 -9.203e+02 8.792e+01 1.697e+02
s>            ( - -2.829e+02 1 0)
s>            ( QUESTION0 -1 -5.495e+02 7.473e+01 1.103e+02
s>                ( - -4.841e+02 2 0)
s>                ( - 9.295e+00 1 0))))INFO: dtree.c(1483): stop. leaf nodes are specific
INFO: dtree.c(1524): Final simple tree
|( QUESTION2_2_L -1 -5.174e+02 1.341e+02 7.234e+01
|    ( - 7.352e+01 1 0)
|    ( QUESTION12 -1 -4.569e+02 1.117e+02 6.634e+01
|        ( - 5.549e+01 1 0)
|        ( QUESTION0 -1 -4.006e+02 9.530e+01 6.134e+01
|            ( QUESTION2_0_L -1 -2.679e+02 7.502e+01 4.534e+01
|                ( - -1.371e+02 1 0)
|                ( - -5.569e+01 3 0))
|            ( QUESTION2 -1 -3.749e+01 8.081e+01 1.600e+01
|                ( - 2.881e+01 1 0)
|                ( - 1.451e+01 1 0)))))
s>    ( QUESTION2_2_L -1 -5.174e+02 1.341e+02 7.234e+01
s>        ( - 7.352e+01 1 0)
s>        ( QUESTION12 -1 -4.569e+02 1.117e+02 6.634e+01
s>            ( - 5.549e+01 1 0)
s>            ( QUESTION0 -1 -4.006e+02 9.530e+01 6.134e+01
s>                ( QUESTION2_0_L -1 -2.679e+02 7.502e+01 4.534e+01
s>                    ( - -1.371e+02 1 0)
s>                    ( - -5.569e+01 3 0))
s>                ( QUESTION2 -1 -3.749e+01 8.081e+01 1.600e+01
s>                    ( - 2.881e+01 1 0)
s>                    ( - 1.451e+01 1 0)))))INFO: dtree.c(1351): Comp split 4
INFO: dtree.c(1483): stop. leaf nodes are specific
INFO: dtree.c(1524): Final simple tree
|( QUESTION12 -1 -4.569e+02 1.117e+02 6.634e+01
|    ( - 5.549e+01 1 0)
|    ( QUESTION0 -1 -4.006e+02 9.530e+01 6.134e+01
|        ( QUESTION2_0_L -1 -2.679e+02 7.502e+01 4.534e+01
|            ( - -1.371e+02 1 0)
|            ( - -5.569e+01 3 0))
|        ( QUESTION2 -1 -3.749e+01 8.081e+01 1.600e+01
|            ( - 2.881e+01 1 0)
|            ( - 1.451e+01 1 0))))
s>    ( QUESTION12 -1 -4.569e+02 1.117e+02 6.634e+01
s>        ( - 5.549e+01 1 0)
s>        ( QUESTION0 -1 -4.006e+02 9.530e+01 6.134e+01
s>            ( QUESTION2_0_L -1 -2.679e+02 7.502e+01 4.534e+01
s>                ( - -1.371e+02 1 0)
s>                ( - -5.569e+01 3 0))
s>            ( QUESTION2 -1 -3.749e+01 8.081e+01 1.600e+01
s>                ( - 2.881e+01 1 0)
s>                ( - 1.451e+01 1 0))))INFO: dtree.c(1351): Comp split 5
INFO: dtree.c(1483): stop. leaf nodes are specific
INFO: dtree.c(1524): Final simple tree
|( QUESTION0 -1 -4.006e+02 9.530e+01 6.134e+01
|    ( QUESTION2_0_L -1 -2.679e+02 7.502e+01 4.534e+01
|        ( - -1.371e+02 1 0)
|        ( - -5.569e+01 3 0))
|    ( QUESTION2 -1 -3.749e+01 8.081e+01 1.600e+01
|        ( - 2.881e+01 1 0)
|        ( - 1.451e+01 1 0)))
s>    ( QUESTION0 -1 -4.006e+02 9.530e+01 6.134e+01
s>        ( QUESTION2_0_L -1 -2.679e+02 7.502e+01 4.534e+01
s>            ( - -1.371e+02 1 0)
s>            ( - -5.569e+01 3 0))
s>        ( QUESTION2 -1 -3.749e+01 8.081e+01 1.600e+01
s>            ( - 2.881e+01 1 0)
s>            ( - 1.451e+01 1 0)))INFO: dtree.c(1351): Comp split 6
INFO: dtree.c(1483): stop. leaf nodes are specific
INFO: dtree.c(1524): Final simple tree
|( SILENCE -1 -9.203e+02 8.792e+01 1.697e+02
|    ( - -2.829e+02 1 0)
|    ( QUESTION0 -1 -5.495e+02 7.473e+01 1.103e+02
|        ( - -4.841e+02 2 0)
|        ( - 9.295e+00 1 0)))
s>    ( SILENCE -1 -9.203e+02 8.792e+01 1.697e+02
s>        ( - -2.829e+02 1 0)
s>        ( QUESTION0 -1 -5.495e+02 7.473e+01 1.103e+02
s>            ( - -4.841e+02 2 0)
s>            ( - 9.295e+00 1 0)))INFO: dtree.c(1351): Comp split 7
INFO: dtree.c(1351): Comp split 8
INFO: dtree.c(1351): Comp split 9
INFO: dtree.c(1483): stop. leaf nodes are specific
INFO: dtree.c(1524): Final simple tree
|( QUESTION2 -1 -3.749e+01 8.081e+01 1.600e+01
|    ( - 2.881e+01 1 0)
|    ( - 1.451e+01 1 0))
s>    ( QUESTION2 -1 -3.749e+01 8.081e+01 1.600e+01
s>        ( - 2.881e+01 1 0)
s>        ( - 1.451e+01 1 0))INFO: dtree.c(1483): stop. leaf nodes are specific
INFO: dtree.c(1524): Final simple tree
|( QUESTION2_0_L -1 -2.679e+02 7.502e+01 4.534e+01
|    ( - -1.371e+02 1 0)
|    ( - -5.569e+01 3 0))
s>    ( QUESTION2_0_L -1 -2.679e+02 7.502e+01 4.534e+01
s>        ( - -1.371e+02 1 0)
s>        ( - -5.569e+01 3 0))INFO: dtree.c(1351): Comp split 10
INFO: dtree.c(1483): stop. leaf nodes are specific
INFO: dtree.c(1524): Final simple tree
|( QUESTION0 -1 -5.495e+02 7.473e+01 1.103e+02
|    ( - -4.841e+02 2 0)
|    ( - 9.295e+00 1 0))
s>    ( QUESTION0 -1 -5.495e+02 7.473e+01 1.103e+02
s>        ( - -4.841e+02 2 0)
s>        ( - 9.295e+00 1 0))INFO: dtree.c(1351): Comp split 11
INFO: dtree.c(1351): Comp split 12
INFO: dtree.c(1351): Comp split 13
INFO: dtree.c(1351): Comp split 14
INFO: dtree.c(1354): stop. leaf nodes are specific
Tue May 31 10:45:38 2011
