INFO: cmd_ln.c(691): Parsing command line:
/home/xkrajnan/Plocha/GSoC/PocketSphinx/an4/bin/bldtree \
	-treefn /home/xkrajnan/Plocha/GSoC/PocketSphinx/an4/trees/an4.unpruned/T-1.dtree \
	-moddeffn /home/xkrajnan/Plocha/GSoC/PocketSphinx/an4/model_architecture/an4.untied.mdef \
	-mixwfn /home/xkrajnan/Plocha/GSoC/PocketSphinx/an4/model_parameters/an4.cd_cont_untied/mixture_weights \
	-ts2cbfn .cont. \
	-mwfloor 1e-08 \
	-psetfn /home/xkrajnan/Plocha/GSoC/PocketSphinx/an4/model_architecture/an4.tree_questions \
	-phone T \
	-state 1 \
	-stwt 1.0,0.05,0.0 \
	-meanfn /home/xkrajnan/Plocha/GSoC/PocketSphinx/an4/model_parameters/an4.cd_cont_untied/means \
	-varfn /home/xkrajnan/Plocha/GSoC/PocketSphinx/an4/model_parameters/an4.cd_cont_untied/variances \
	-fullvar no \
	-ssplitmin 1 \
	-ssplitmax 7 \
	-ssplitthr 0 \
	-csplitmin 1 \
	-csplitmax 2000 \
	-csplitthr 0 

Current configuration:
[NAME]		[DEFLT]	[VALUE]
-allphones	no	no
-cntthresh	0.00001	1.000000e-05
-csplitmax	100	2000
-csplitmin	1	1
-csplitthr	8e-4	0.000000e+00
-example	no	no
-fullvar	no	no
-help		no	no
-meanfn			/home/xkrajnan/Plocha/GSoC/PocketSphinx/an4/model_parameters/an4.cd_cont_untied/means
-mixwfn			/home/xkrajnan/Plocha/GSoC/PocketSphinx/an4/model_parameters/an4.cd_cont_untied/mixture_weights
-moddeffn		/home/xkrajnan/Plocha/GSoC/PocketSphinx/an4/model_architecture/an4.untied.mdef
-mwfloor	1e-4	1.000000e-08
-phone			T
-psetfn			/home/xkrajnan/Plocha/GSoC/PocketSphinx/an4/model_architecture/an4.tree_questions
-ssplitmax	5	7
-ssplitmin	1	1
-ssplitthr	8e-4	0.000000e+00
-state			1
-stwt			1.0,0.05,0.0,
-treefn			/home/xkrajnan/Plocha/GSoC/PocketSphinx/an4/trees/an4.unpruned/T-1.dtree
-ts2cbfn	.semi.	.cont.
-varfloor	0.00001	1.000000e-05
-varfn			/home/xkrajnan/Plocha/GSoC/PocketSphinx/an4/model_parameters/an4.cd_cont_untied/variances

INFO: main.c(228): Reading: /home/xkrajnan/Plocha/GSoC/PocketSphinx/an4/model_architecture/an4.untied.mdef
INFO: model_def_io.c(587): Model definition info:
INFO: model_def_io.c(588): 1618 total models defined (34 base, 1584 tri)
INFO: model_def_io.c(589): 6472 total states
INFO: model_def_io.c(590): 4854 total tied states
INFO: model_def_io.c(591): 102 total tied CI states
INFO: model_def_io.c(592): 34 total tied transition matrices
INFO: model_def_io.c(593): 4 max state/model
INFO: model_def_io.c(594): 4 min state/model
INFO: main.c(247): Building trees for [T AH IY b] through [T V W b]
INFO: main.c(275): Covering states |[4080 4361]| == 282
INFO: main.c(282): Reading: /home/xkrajnan/Plocha/GSoC/PocketSphinx/an4/model_parameters/an4.cd_cont_untied/mixture_weights
INFO: s3mixw_io.c(172): Read /home/xkrajnan/Plocha/GSoC/PocketSphinx/an4/model_parameters/an4.cd_cont_untied/mixture_weights [282x1x1 array]
INFO: main.c(320): 94 of 94 models have observation count greater than 0.000010
INFO: main.c(94): nrm stwt: 0.045 0.909 0.045 
INFO: s3gau_io.c(166): Read /home/xkrajnan/Plocha/GSoC/PocketSphinx/an4/model_parameters/an4.cd_cont_untied/means [4854x1x1 array]
INFO: s3gau_io.c(166): Read /home/xkrajnan/Plocha/GSoC/PocketSphinx/an4/model_parameters/an4.cd_cont_untied/variances [4854x1x1 array]
INFO: main.c(576): Reading: /home/xkrajnan/Plocha/GSoC/PocketSphinx/an4/model_architecture/an4.tree_questions
INFO: main.c(619): 180 total simple questions (172 phone; 8 word bndry)
INFO: main.c(621): 42 Left Only questions, and 42 Right Only questions
INFO: dtree.c(1524): Final simple tree
|( WDBNDRY_I 0 -1.648e+04 1.954e+03 5.314e+03
|    ( QUESTION2_10_L -1 -5.178e+03 7.272e+02 5.982e+02
|        ( - -1.404e+03 4 0 QUESTION14 1 3.738e+02 3.193e+02)
|        ( - -3.048e+03 7 0 QUESTION2_17_L -1 4.404e+02 2.790e+02))
|    ( QUESTION2_0_L -1 -9.345e+03 1.454e+03 4.716e+03
|        ( - -1.027e+03 9 0 QUESTION0 1 5.148e+02 1.372e+03)
|        ( QUESTION0 -1 -6.865e+03 1.012e+03 3.344e+03
|            ( QUESTION0_12_R 1 -2.664e+03 6.139e+02 1.913e+03
|                ( - -2.189e+02 33 0 WDBNDRY_B 0 5.124e+02 1.349e+03)
|                ( - -1.831e+03 14 0 QUESTION2_9_L -1 4.063e+02 5.630e+02))
|            ( QUESTION2_10_L -1 -3.188e+03 8.611e+02 1.431e+03
|                ( - -4.384e+01 7 0 QUESTION2 -1 1.647e+02 3.518e+02)
|                ( QUESTION2_14_L -1 -2.283e+03 6.181e+02 1.079e+03
|                    ( - -2.038e+03 12 0 QUESTION2 -1 4.434e+02 5.044e+02)
|                    ( - 3.726e+02 8 0 QUESTION0 1 3.502e+02 5.749e+02))))))
s>    ( WDBNDRY_I 0 -1.648e+04 1.954e+03 5.314e+03
s>        ( QUESTION2_10_L -1 -5.178e+03 7.272e+02 5.982e+02
s>            ( - -1.404e+03 4 0 QUESTION14 1 3.738e+02 3.193e+02)
s>            ( - -3.048e+03 7 0 QUESTION2_17_L -1 4.404e+02 2.790e+02))
s>        ( QUESTION2_0_L -1 -9.345e+03 1.454e+03 4.716e+03
s>            ( - -1.027e+03 9 0 QUESTION0 1 5.148e+02 1.372e+03)
s>            ( QUESTION0 -1 -6.865e+03 1.012e+03 3.344e+03
s>                ( QUESTION0_12_R 1 -2.664e+03 6.139e+02 1.913e+03
s>                    ( - -2.189e+02 33 0 WDBNDRY_B 0 5.124e+02 1.349e+03)
s>                    ( - -1.831e+03 14 0 QUESTION2_9_L -1 4.063e+02 5.630e+02))
s>                ( QUESTION2_10_L -1 -3.188e+03 8.611e+02 1.431e+03
s>                    ( - -4.384e+01 7 0 QUESTION2 -1 1.647e+02 3.518e+02)
s>                    ( QUESTION2_14_L -1 -2.283e+03 6.181e+02 1.079e+03
s>                        ( - -2.038e+03 12 0 QUESTION2 -1 4.434e+02 5.044e+02)
s>                        ( - 3.726e+02 8 0 QUESTION0 1 3.502e+02 5.749e+02))))))INFO: dtree.c(1351): Comp split 0
INFO: dtree.c(1524): Final simple tree
|( QUESTION2_10_L -1 -9.568e+03 1.241e+03 2.029e+03
|    ( WDBNDRY_B 0 -2.051e+03 6.035e+02 6.710e+02
|        ( - -4.384e+01 7 0 QUESTION2 -1 1.647e+02 3.518e+02)
|        ( - -1.404e+03 4 0 QUESTION14 1 3.738e+02 3.193e+02))
|    ( WDBNDRY_B 0 -6.276e+03 9.645e+02 1.358e+03
|        ( QUESTION2_14_L -1 -2.102e+03 5.697e+02 1.041e+03
|            ( QUESTION2 -1 -1.905e+03 4.143e+02 4.659e+02
|                ( QUESTION0 1 -1.365e+03 4.063e+02 2.494e+02
|                    ( - -5.151e+02 2 0)
|                    ( - -4.437e+02 2 0 QUESTION0_0_R 1 1.342e+02 3.009e+01))
|                ( - -1.254e+02 7 0 QUESTION12 -1 2.584e+02 2.165e+02))
|            ( - 3.726e+02 8 0 QUESTION0 1 3.502e+02 5.749e+02))
|        ( QUESTION2_17_L -1 -3.209e+03 3.878e+02 3.175e+02
|            ( - -1.127e+03 3 0 QUESTION0 -1 3.246e+02 1.790e+02)
|            ( - -1.694e+03 5 0 WDBNDRY_E 0 3.380e+02 1.385e+02))))
s>    ( QUESTION2_10_L -1 -9.568e+03 1.241e+03 2.029e+03
s>        ( WDBNDRY_B 0 -2.051e+03 6.035e+02 6.710e+02
s>            ( - -4.384e+01 7 0 QUESTION2 -1 1.647e+02 3.518e+02)
s>            ( - -1.404e+03 4 0 QUESTION14 1 3.738e+02 3.193e+02))
s>        ( WDBNDRY_B 0 -6.276e+03 9.645e+02 1.358e+03
s>            ( QUESTION2_14_L -1 -2.102e+03 5.697e+02 1.041e+03
s>                ( QUESTION2 -1 -1.905e+03 4.143e+02 4.659e+02
s>                    ( QUESTION0 1 -1.365e+03 4.063e+02 2.494e+02
s>                        ( - -5.151e+02 2 0)
s>                        ( - -4.437e+02 2 0 QUESTION0_0_R 1 1.342e+02 3.009e+01))
s>                    ( - -1.254e+02 7 0 QUESTION12 -1 2.584e+02 2.165e+02))
s>                ( - 3.726e+02 8 0 QUESTION0 1 3.502e+02 5.749e+02))
s>            ( QUESTION2_17_L -1 -3.209e+03 3.878e+02 3.175e+02
s>                ( - -1.127e+03 3 0 QUESTION0 -1 3.246e+02 1.790e+02)
s>                ( - -1.694e+03 5 0 WDBNDRY_E 0 3.380e+02 1.385e+02))))INFO: dtree.c(1524): Final simple tree
|( QUESTION2_0_L -1 -4.604e+03 9.134e+02 3.285e+03
|    ( QUESTION0 1 -1.027e+03 5.148e+02 1.372e+03
|        ( - -8.502e+02 5 0 QUESTION2_1_L -1 2.534e+02 1.184e+03)
|        ( QUESTION0_0_R 1 3.382e+02 5.284e+02 1.883e+02
|            ( - 8.143e+02 1 0)
|            ( WDBNDRY_B 0 5.231e+01 3.015e+02 1.463e+02
|                ( - -3.274e+01 2 0 QUESTION2_1_L -1 1.599e+02 5.001e+01)
|                ( - 3.866e+02 1 0))))
|    ( QUESTION0_12_R 1 -2.664e+03 6.139e+02 1.913e+03
|        ( WDBNDRY_B 0 -2.189e+02 5.124e+02 1.349e+03
|            ( - -1.127e+03 16 0 QUESTION2_9_L -1 2.882e+02 8.979e+02)
|            ( - 1.420e+03 17 0 QUESTION0_15_R 1 2.892e+02 4.516e+02))
|        ( QUESTION2_9_L -1 -1.831e+03 4.063e+02 5.630e+02
|            ( - -6.562e+02 7 0 QUESTION8 1 1.453e+02 1.181e+02)
|            ( - -7.685e+02 7 0 QUESTION16 1 2.317e+02 4.449e+02))))
s>    ( QUESTION2_0_L -1 -4.604e+03 9.134e+02 3.285e+03
s>        ( QUESTION0 1 -1.027e+03 5.148e+02 1.372e+03
s>            ( - -8.502e+02 5 0 QUESTION2_1_L -1 2.534e+02 1.184e+03)
s>            ( QUESTION0_0_R 1 3.382e+02 5.284e+02 1.883e+02
s>                ( - 8.143e+02 1 0)
s>                ( WDBNDRY_B 0 5.231e+01 3.015e+02 1.463e+02
s>                    ( - -3.274e+01 2 0 QUESTION2_1_L -1 1.599e+02 5.001e+01)
s>                    ( - 3.866e+02 1 0))))
s>        ( QUESTION0_12_R 1 -2.664e+03 6.139e+02 1.913e+03
s>            ( WDBNDRY_B 0 -2.189e+02 5.124e+02 1.349e+03
s>                ( - -1.127e+03 16 0 QUESTION2_9_L -1 2.882e+02 8.979e+02)
s>                ( - 1.420e+03 17 0 QUESTION0_15_R 1 2.892e+02 4.516e+02))
s>            ( QUESTION2_9_L -1 -1.831e+03 4.063e+02 5.630e+02
s>                ( - -6.562e+02 7 0 QUESTION8 1 1.453e+02 1.181e+02)
s>                ( - -7.685e+02 7 0 QUESTION16 1 2.317e+02 4.449e+02))))INFO: dtree.c(1351): Comp split 1
INFO: dtree.c(1524): Final simple tree
|( QUESTION2_10_L -1 -6.163e+03 7.796e+02 6.668e+02
|    ( QUESTION14 1 -1.404e+03 3.738e+02 3.193e+02
|        ( - 8.483e+01 1 0)
|        ( QUESTION0_13_R 1 -1.115e+03 2.747e+02 2.533e+02
|            ( - -1.079e+03 2 0)
|            ( - 2.395e+02 1 0)))
|    ( QUESTION2 -1 -3.980e+03 4.220e+02 3.476e+02
|        ( QUESTION12 1 -1.686e+03 2.591e+02 1.549e+02
|            ( - -3.188e+02 1 0)
|            ( - -1.108e+03 4 0 QUESTION3 -1 1.232e+02 1.348e+02))
|        ( QUESTION0 -1 -1.872e+03 3.819e+02 1.927e+02
|            ( - -1.331e+01 2 0 QUESTION0_0_R 1 2.566e+02 7.018e+01)
|            ( WDBNDRY_E 0 -1.477e+03 3.394e+02 1.225e+02
|                ( - 1.237e+02 1 0)
|                ( - -1.261e+03 2 0 QUESTION12 -1 1.652e+02 8.400e+01)))))
s>    ( QUESTION2_10_L -1 -6.163e+03 7.796e+02 6.668e+02
s>        ( QUESTION14 1 -1.404e+03 3.738e+02 3.193e+02
s>            ( - 8.483e+01 1 0)
s>            ( QUESTION0_13_R 1 -1.115e+03 2.747e+02 2.533e+02
s>                ( - -1.079e+03 2 0)
s>                ( - 2.395e+02 1 0)))
s>        ( QUESTION2 -1 -3.980e+03 4.220e+02 3.476e+02
s>            ( QUESTION12 1 -1.686e+03 2.591e+02 1.549e+02
s>                ( - -3.188e+02 1 0)
s>                ( - -1.108e+03 4 0 QUESTION3 -1 1.232e+02 1.348e+02))
s>            ( QUESTION0 -1 -1.872e+03 3.819e+02 1.927e+02
s>                ( - -1.331e+01 2 0 QUESTION0_0_R 1 2.566e+02 7.018e+01)
s>                ( WDBNDRY_E 0 -1.477e+03 3.394e+02 1.225e+02
s>                    ( - 1.237e+02 1 0)
s>                    ( - -1.261e+03 2 0 QUESTION12 -1 1.652e+02 8.400e+01)))))INFO: dtree.c(1524): Final simple tree
|( QUESTION2_10_L -1 -1.968e+03 8.604e+02 1.362e+03
|    ( - -4.384e+01 7 0 QUESTION2 -1 1.647e+02 3.518e+02)
|    ( QUESTION2_14_L -1 -1.063e+03 4.675e+02 1.011e+03
|        ( QUESTION2 -1 -9.684e+02 3.278e+02 4.358e+02
|            ( - -5.151e+02 2 0)
|            ( QUESTION12 -1 -1.254e+02 2.584e+02 2.165e+02
|                ( - -3.769e+02 5 0 QUESTION2_17_L -1 1.524e+02 1.207e+02)
|                ( QUESTION0 1 5.098e+02 1.930e+02 9.575e+01
|                    ( - 5.764e+02 1 0)
|                    ( - 1.264e+02 1 0))))
|        ( QUESTION0 1 3.726e+02 3.502e+02 5.749e+02
|            ( SILENCE -1 8.484e+02 2.269e+02 4.922e+02
|                ( - 2.853e+02 2 0)
|                ( - 7.900e+02 2 0))
|            ( - -1.257e+02 4 0 QUESTION4 -1 1.462e+02 8.271e+01))))
s>    ( QUESTION2_10_L -1 -1.968e+03 8.604e+02 1.362e+03
s>        ( - -4.384e+01 7 0 QUESTION2 -1 1.647e+02 3.518e+02)
s>        ( QUESTION2_14_L -1 -1.063e+03 4.675e+02 1.011e+03
s>            ( QUESTION2 -1 -9.684e+02 3.278e+02 4.358e+02
s>                ( - -5.151e+02 2 0)
s>                ( QUESTION12 -1 -1.254e+02 2.584e+02 2.165e+02
s>                    ( - -3.769e+02 5 0 QUESTION2_17_L -1 1.524e+02 1.207e+02)
s>                    ( QUESTION0 1 5.098e+02 1.930e+02 9.575e+01
s>                        ( - 5.764e+02 1 0)
s>                        ( - 1.264e+02 1 0))))
s>            ( QUESTION0 1 3.726e+02 3.502e+02 5.749e+02
s>                ( SILENCE -1 8.484e+02 2.269e+02 4.922e+02
s>                    ( - 2.853e+02 2 0)
s>                    ( - 7.900e+02 2 0))
s>                ( - -1.257e+02 4 0 QUESTION4 -1 1.462e+02 8.271e+01))))INFO: dtree.c(1351): Comp split 2
INFO: dtree.c(1483): stop. leaf nodes are specific
INFO: dtree.c(1524): Final simple tree
|( QUESTION8 -1 1.921e+02 4.289e+02 7.833e+02
|    ( - -5.151e+02 2 0)
|    ( SILENCE -1 1.136e+03 3.225e+02 5.640e+02
|        ( - 2.853e+02 2 0)
|        ( QUESTION2 -1 1.173e+03 1.930e+02 2.057e+02
|            ( - 7.900e+02 2 0)
|            ( - 5.764e+02 1 0))))
s>    ( QUESTION8 -1 1.921e+02 4.289e+02 7.833e+02
s>        ( - -5.151e+02 2 0)
s>        ( SILENCE -1 1.136e+03 3.225e+02 5.640e+02
s>            ( - 2.853e+02 2 0)
s>            ( QUESTION2 -1 1.173e+03 1.930e+02 2.057e+02
s>                ( - 7.900e+02 2 0)
s>                ( - 5.764e+02 1 0))))INFO: dtree.c(1524): Final simple tree
|( QUESTION8 -1 -1.031e+03 3.224e+02 5.792e+02
|    ( - -4.040e+01 4 0 QUESTION0_0_R 1 1.137e+02 3.228e+02)
|    ( QUESTION18 -1 -6.678e+02 1.683e+02 2.564e+02
|        ( - 1.264e+02 1 0)
|        ( QUESTION12 -1 -6.259e+02 1.594e+02 2.324e+02
|            ( QUESTION2_17_L -1 -3.769e+02 1.524e+02 1.207e+02
|                ( - 1.690e+02 2 0)
|                ( QUESTION0 1 -3.934e+02 1.490e+02 1.057e+02
|                    ( - -3.571e+02 2 0)
|                    ( - 1.127e+02 1 0)))
|            ( QUESTION0 1 -8.960e+01 1.555e+02 1.117e+02
|                ( - 2.619e+02 2 0)
|                ( QUESTION4 -1 -1.960e+02 1.424e+02 8.671e+01
|                    ( - 7.673e+00 1 0)
|                    ( - -6.122e+01 4 0 QUESTION2 -1 1.067e+02 6.771e+01))))))
s>    ( QUESTION8 -1 -1.031e+03 3.224e+02 5.792e+02
s>        ( - -4.040e+01 4 0 QUESTION0_0_R 1 1.137e+02 3.228e+02)
s>        ( QUESTION18 -1 -6.678e+02 1.683e+02 2.564e+02
s>            ( - 1.264e+02 1 0)
s>            ( QUESTION12 -1 -6.259e+02 1.594e+02 2.324e+02
s>                ( QUESTION2_17_L -1 -3.769e+02 1.524e+02 1.207e+02
s>                    ( - 1.690e+02 2 0)
s>                    ( QUESTION0 1 -3.934e+02 1.490e+02 1.057e+02
s>                        ( - -3.571e+02 2 0)
s>                        ( - 1.127e+02 1 0)))
s>                ( QUESTION0 1 -8.960e+01 1.555e+02 1.117e+02
s>                    ( - 2.619e+02 2 0)
s>                    ( QUESTION4 -1 -1.960e+02 1.424e+02 8.671e+01
s>                        ( - 7.673e+00 1 0)
s>                        ( - -6.122e+01 4 0 QUESTION2 -1 1.067e+02 6.771e+01))))))INFO: dtree.c(1351): Comp split 3
INFO: dtree.c(1524): Final simple tree
|( WDBNDRY_B 0 -2.289e+03 6.770e+02 1.725e+03
|    ( QUESTION2_2_L -1 -8.463e+02 2.532e+02 1.187e+03
|        ( - 9.565e+01 3 0 QUESTION0 -1 1.333e+02 4.672e+02)
|        ( - -6.887e+02 3 0 QUESTION0_0_R 1 1.110e+02 7.196e+02))
|    ( QUESTION2_0_L -1 -7.658e+02 3.890e+02 5.382e+02
|        ( - 3.866e+02 1 0)
|        ( QUESTION11 1 -7.633e+02 2.315e+02 4.419e+02
|            ( - 5.733e+02 1 0)
|            ( QUESTION0_2_R 1 -1.105e+03 2.522e+02 3.591e+02
|                ( QUESTION0_11_R 1 -6.803e+02 1.464e+02 1.066e+02
|                    ( - 1.452e+02 1 0)
|                    ( - -6.791e+02 2 0 QUESTION0_5_R 1 8.678e+01 8.655e+01))
|                ( SILENCE 1 -1.726e+02 1.460e+02 2.525e+02
|                    ( - -1.123e+02 1 0)
|                    ( - 8.571e+01 1 0))))))
s>    ( WDBNDRY_B 0 -2.289e+03 6.770e+02 1.725e+03
s>        ( QUESTION2_2_L -1 -8.463e+02 2.532e+02 1.187e+03
s>            ( - 9.565e+01 3 0 QUESTION0 -1 1.333e+02 4.672e+02)
s>            ( - -6.887e+02 3 0 QUESTION0_0_R 1 1.110e+02 7.196e+02))
s>        ( QUESTION2_0_L -1 -7.658e+02 3.890e+02 5.382e+02
s>            ( - 3.866e+02 1 0)
s>            ( QUESTION11 1 -7.633e+02 2.315e+02 4.419e+02
s>                ( - 5.733e+02 1 0)
s>                ( QUESTION0_2_R 1 -1.105e+03 2.522e+02 3.591e+02
s>                    ( QUESTION0_11_R 1 -6.803e+02 1.464e+02 1.066e+02
s>                        ( - 1.452e+02 1 0)
s>                        ( - -6.791e+02 2 0 QUESTION0_5_R 1 8.678e+01 8.655e+01))
s>                    ( SILENCE 1 -1.726e+02 1.460e+02 2.525e+02
s>                        ( - -1.123e+02 1 0)
s>                        ( - 8.571e+01 1 0))))))INFO: dtree.c(1524): Final simple tree
|( WDBNDRY_B 0 -1.253e+03 4.206e+02 1.560e+03
|    ( QUESTION0_0_R 1 -1.019e+03 4.531e+02 9.899e+02
|        ( - 8.143e+02 1 0)
|        ( QUESTION0 1 -1.380e+03 2.926e+02 9.479e+02
|            ( QUESTION2_9_L -1 -1.240e+03 2.947e+02 7.959e+02
|                ( - -4.462e+01 4 0)
|                ( - -9.005e+02 8 0))
|            ( - 1.522e+02 6 0 QUESTION2_14_L -1 2.083e+02 1.520e+02)))
|    ( QUESTION0_0_R 1 1.865e+02 5.776e+02 5.698e+02
|        ( - -6.562e+02 7 0 QUESTION8 1 1.453e+02 1.181e+02)
|        ( QUESTION0_15_R 1 1.420e+03 2.892e+02 4.516e+02
|            ( - 5.033e+02 3 0 QUESTION2_9_L -1 2.069e+02 9.148e+01)
|            ( QUESTION14 1 1.206e+03 2.605e+02 3.601e+02
|                ( - 7.751e+02 2 0)
|                ( - 6.917e+02 12 0 QUESTION9 1 2.287e+02 2.958e+02)))))
s>    ( WDBNDRY_B 0 -1.253e+03 4.206e+02 1.560e+03
s>        ( QUESTION0_0_R 1 -1.019e+03 4.531e+02 9.899e+02
s>            ( - 8.143e+02 1 0)
s>            ( QUESTION0 1 -1.380e+03 2.926e+02 9.479e+02
s>                ( QUESTION2_9_L -1 -1.240e+03 2.947e+02 7.959e+02
s>                    ( - -4.462e+01 4 0)
s>                    ( - -9.005e+02 8 0))
s>                ( - 1.522e+02 6 0 QUESTION2_14_L -1 2.083e+02 1.520e+02)))
s>        ( QUESTION0_0_R 1 1.865e+02 5.776e+02 5.698e+02
s>            ( - -6.562e+02 7 0 QUESTION8 1 1.453e+02 1.181e+02)
s>            ( QUESTION0_15_R 1 1.420e+03 2.892e+02 4.516e+02
s>                ( - 5.033e+02 3 0 QUESTION2_9_L -1 2.069e+02 9.148e+01)
s>                ( QUESTION14 1 1.206e+03 2.605e+02 3.601e+02
s>                    ( - 7.751e+02 2 0)
s>                    ( - 6.917e+02 12 0 QUESTION9 1 2.287e+02 2.958e+02)))))INFO: dtree.c(1351): Comp split 4
INFO: dtree.c(1524): Final simple tree
|( QUESTION2 -1 -3.404e+03 4.266e+02 2.399e+02
|    ( QUESTION12 1 -1.686e+03 2.591e+02 1.549e+02
|        ( - -3.188e+02 1 0)
|        ( QUESTION3 -1 -1.108e+03 1.232e+02 1.348e+02
|            ( QUESTION0_0_R 1 -9.789e+01 8.268e+01 1.600e+01
|                ( - -3.724e+01 1 0)
|                ( - 2.204e+01 1 0))
|            ( WDBNDRY_B 0 -8.869e+02 1.071e+02 1.188e+02
|                ( - 9.392e+00 1 0)
|                ( - -7.892e+02 1 0))))
|    ( QUESTION0_13_R 1 -1.292e+03 2.703e+02 8.500e+01
|        ( QUESTION12 -1 -1.261e+03 1.652e+02 8.400e+01
|            ( - -1.171e+03 1 0)
|            ( - 7.515e+01 1 0))
|        ( - 2.395e+02 1 0)))
s>    ( QUESTION2 -1 -3.404e+03 4.266e+02 2.399e+02
s>        ( QUESTION12 1 -1.686e+03 2.591e+02 1.549e+02
s>            ( - -3.188e+02 1 0)
s>            ( QUESTION3 -1 -1.108e+03 1.232e+02 1.348e+02
s>                ( QUESTION0_0_R 1 -9.789e+01 8.268e+01 1.600e+01
s>                    ( - -3.724e+01 1 0)
s>                    ( - 2.204e+01 1 0))
s>                ( WDBNDRY_B 0 -8.869e+02 1.071e+02 1.188e+02
s>                    ( - 9.392e+00 1 0)
s>                    ( - -7.892e+02 1 0))))
s>        ( QUESTION0_13_R 1 -1.292e+03 2.703e+02 8.500e+01
s>            ( QUESTION12 -1 -1.261e+03 1.652e+02 8.400e+01
s>                ( - -1.171e+03 1 0)
s>                ( - 7.515e+01 1 0))
s>            ( - 2.395e+02 1 0)))INFO: dtree.c(1483): stop. leaf nodes are specific
INFO: dtree.c(1524): Final simple tree
|( QUESTION0 1 -1.958e+03 4.439e+02 4.269e+02
|    ( QUESTION2_9_L -1 -1.493e+03 4.175e+02 3.215e+02
|        ( - -1.079e+03 2 0)
|        ( - 4.305e+00 1 0))
|    ( QUESTION0_0_R 1 -2.177e+01 2.770e+02 1.054e+02
|        ( - 2.390e+02 1 0)
|        ( WDBNDRY_E 0 1.619e+01 1.924e+02 1.044e+02
|            ( - 1.237e+02 1 0)
|            ( - 8.483e+01 1 0))))
s>    ( QUESTION0 1 -1.958e+03 4.439e+02 4.269e+02
s>        ( QUESTION2_9_L -1 -1.493e+03 4.175e+02 3.215e+02
s>            ( - -1.079e+03 2 0)
s>            ( - 4.305e+00 1 0))
s>        ( QUESTION0_0_R 1 -2.177e+01 2.770e+02 1.054e+02
s>            ( - 2.390e+02 1 0)
s>            ( WDBNDRY_E 0 1.619e+01 1.924e+02 1.044e+02
s>                ( - 1.237e+02 1 0)
s>                ( - 8.483e+01 1 0))))INFO: dtree.c(1351): Comp split 5
INFO: dtree.c(1483): stop. leaf nodes are specific
INFO: dtree.c(1524): Final simple tree
|( QUESTION2_2_L -1 -8.463e+02 2.532e+02 1.187e+03
|    ( QUESTION0 -1 9.565e+01 1.333e+02 4.672e+02
|        ( - 3.406e+02 1 0)
|        ( - -1.116e+02 2 0))
|    ( QUESTION0_0_R 1 -6.887e+02 1.110e+02 7.196e+02
|        ( - 1.147e+02 1 0)
|        ( - -6.924e+02 2 0)))
s>    ( QUESTION2_2_L -1 -8.463e+02 2.532e+02 1.187e+03
s>        ( QUESTION0 -1 9.565e+01 1.333e+02 4.672e+02
s>            ( - 3.406e+02 1 0)
s>            ( - -1.116e+02 2 0))
s>        ( QUESTION0_0_R 1 -6.887e+02 1.110e+02 7.196e+02
s>            ( - 1.147e+02 1 0)
s>            ( - -6.924e+02 2 0)))INFO: dtree.c(1483): stop. leaf nodes are specific
INFO: dtree.c(1524): Final simple tree
|( QUESTION2_0_L -1 -7.658e+02 3.890e+02 5.382e+02
|    ( - 3.866e+02 1 0)
|    ( QUESTION11 1 -7.633e+02 2.315e+02 4.419e+02
|        ( - 5.733e+02 1 0)
|        ( QUESTION0_2_R 1 -1.105e+03 2.522e+02 3.591e+02
|            ( QUESTION0_11_R 1 -6.803e+02 1.464e+02 1.066e+02
|                ( - 1.452e+02 1 0)
|                ( QUESTION0_5_R 1 -6.791e+02 8.678e+01 8.655e+01
|                    ( - -4.381e+02 1 0)
|                    ( - -1.543e+02 1 0)))
|            ( SILENCE 1 -1.726e+02 1.460e+02 2.525e+02
|                ( - -1.123e+02 1 0)
|                ( - 8.571e+01 1 0)))))
s>    ( QUESTION2_0_L -1 -7.658e+02 3.890e+02 5.382e+02
s>        ( - 3.866e+02 1 0)
s>        ( QUESTION11 1 -7.633e+02 2.315e+02 4.419e+02
s>            ( - 5.733e+02 1 0)
s>            ( QUESTION0_2_R 1 -1.105e+03 2.522e+02 3.591e+02
s>                ( QUESTION0_11_R 1 -6.803e+02 1.464e+02 1.066e+02
s>                    ( - 1.452e+02 1 0)
s>                    ( QUESTION0_5_R 1 -6.791e+02 8.678e+01 8.655e+01
s>                        ( - -4.381e+02 1 0)
s>                        ( - -1.543e+02 1 0)))
s>                ( SILENCE 1 -1.726e+02 1.460e+02 2.525e+02
s>                    ( - -1.123e+02 1 0)
s>                    ( - 8.571e+01 1 0)))))INFO: dtree.c(1351): Comp split 6
INFO: dtree.c(1524): Final simple tree
|( WDBNDRY_B 0 -2.483e+03 4.465e+02 1.066e+03
|    ( QUESTION0 1 -1.380e+03 2.926e+02 9.479e+02
|        ( QUESTION2_9_L -1 -1.240e+03 2.947e+02 7.959e+02
|            ( - -4.462e+01 4 0)
|            ( - -9.005e+02 8 0))
|        ( QUESTION2_14_L -1 1.522e+02 2.083e+02 1.520e+02
|            ( - 3.356e+02 2 0)
|            ( QUESTION2_2_L -1 2.483e+01 1.828e+02 9.301e+01
|                ( - 4.037e+01 1 0)
|                ( QUESTION2_0_L -1 1.673e+02 1.379e+02 8.801e+01
|                    ( - 8.678e+01 1 0)
|                    ( - 2.184e+02 2 0)))))
|    ( QUESTION8 1 -6.562e+02 1.453e+02 1.181e+02
|        ( - 1.140e+02 1 0)
|        ( - -6.249e+02 6 0 QUESTION0_5_R 1 1.353e+02 1.041e+02)))
s>    ( WDBNDRY_B 0 -2.483e+03 4.465e+02 1.066e+03
s>        ( QUESTION0 1 -1.380e+03 2.926e+02 9.479e+02
s>            ( QUESTION2_9_L -1 -1.240e+03 2.947e+02 7.959e+02
s>                ( - -4.462e+01 4 0)
s>                ( - -9.005e+02 8 0))
s>            ( QUESTION2_14_L -1 1.522e+02 2.083e+02 1.520e+02
s>                ( - 3.356e+02 2 0)
s>                ( QUESTION2_2_L -1 2.483e+01 1.828e+02 9.301e+01
s>                    ( - 4.037e+01 1 0)
s>                    ( QUESTION2_0_L -1 1.673e+02 1.379e+02 8.801e+01
s>                        ( - 8.678e+01 1 0)
s>                        ( - 2.184e+02 2 0)))))
s>        ( QUESTION8 1 -6.562e+02 1.453e+02 1.181e+02
s>            ( - 1.140e+02 1 0)
s>            ( - -6.249e+02 6 0 QUESTION0_5_R 1 1.353e+02 1.041e+02)))INFO: dtree.c(1524): Final simple tree
|( QUESTION11 1 1.892e+03 3.805e+02 4.936e+02
|    ( WDBNDRY_B 0 1.316e+03 2.093e+02 1.084e+02
|        ( - 8.143e+02 1 0)
|        ( - 7.106e+02 3 0 QUESTION13 1 1.808e+02 6.637e+01))
|    ( QUESTION0_15_R 1 9.573e+02 2.848e+02 3.852e+02
|        ( QUESTION2_9_L -1 5.033e+02 2.069e+02 9.148e+01
|            ( - 6.419e+02 2 0)
|            ( - 6.828e+01 1 0))
|        ( QUESTION9 1 7.388e+02 2.296e+02 2.938e+02
|            ( - 7.614e+01 1 0)
|            ( QUESTION4 1 8.922e+02 2.023e+02 2.908e+02
|                ( QUESTION2_9_L -1 7.652e+02 2.056e+02 1.209e+02
|                    ( - 5.137e+02 2 0)
|                    ( - 4.572e+02 1 0))
|                ( - 3.293e+02 7 0 QUESTION3 1 1.765e+02 1.698e+02)))))
s>    ( QUESTION11 1 1.892e+03 3.805e+02 4.936e+02
s>        ( WDBNDRY_B 0 1.316e+03 2.093e+02 1.084e+02
s>            ( - 8.143e+02 1 0)
s>            ( - 7.106e+02 3 0 QUESTION13 1 1.808e+02 6.637e+01))
s>        ( QUESTION0_15_R 1 9.573e+02 2.848e+02 3.852e+02
s>            ( QUESTION2_9_L -1 5.033e+02 2.069e+02 9.148e+01
s>                ( - 6.419e+02 2 0)
s>                ( - 6.828e+01 1 0))
s>            ( QUESTION9 1 7.388e+02 2.296e+02 2.938e+02
s>                ( - 7.614e+01 1 0)
s>                ( QUESTION4 1 8.922e+02 2.023e+02 2.908e+02
s>                    ( QUESTION2_9_L -1 7.652e+02 2.056e+02 1.209e+02
s>                        ( - 5.137e+02 2 0)
s>                        ( - 4.572e+02 1 0))
s>                    ( - 3.293e+02 7 0 QUESTION3 1 1.765e+02 1.698e+02)))))INFO: dtree.c(1351): Comp split 7
INFO: dtree.c(1483): stop. leaf nodes are specific
INFO: dtree.c(1524): Final simple tree
|( QUESTION8 1 -7.371e+02 1.467e+02 1.231e+02
|    ( - 1.140e+02 1 0)
|    ( QUESTION0_3_R 1 -7.044e+02 1.289e+02 1.091e+02
|        ( - 4.338e+01 1 0)
|        ( QUESTION11 1 -6.190e+02 1.267e+02 9.213e+01
|            ( WDBNDRY_B 0 -4.481e+02 1.127e+02 6.496e+01
|                ( - 4.037e+01 1 0)
|                ( - -3.758e+02 1 0))
|            ( QUESTION0_10_R 1 -4.410e+01 1.151e+02 2.718e+01
|                ( - 4.887e+01 1 0)
|                ( QUESTION0_1_R 1 2.210e+01 7.618e+01 1.566e+01
|                    ( - 1.357e+01 2 0)
|                    ( - 8.471e+01 1 0))))))
s>    ( QUESTION8 1 -7.371e+02 1.467e+02 1.231e+02
s>        ( - 1.140e+02 1 0)
s>        ( QUESTION0_3_R 1 -7.044e+02 1.289e+02 1.091e+02
s>            ( - 4.338e+01 1 0)
s>            ( QUESTION11 1 -6.190e+02 1.267e+02 9.213e+01
s>                ( WDBNDRY_B 0 -4.481e+02 1.127e+02 6.496e+01
s>                    ( - 4.037e+01 1 0)
s>                    ( - -3.758e+02 1 0))
s>                ( QUESTION0_10_R 1 -4.410e+01 1.151e+02 2.718e+01
s>                    ( - 4.887e+01 1 0)
s>                    ( QUESTION0_1_R 1 2.210e+01 7.618e+01 1.566e+01
s>                        ( - 1.357e+01 2 0)
s>                        ( - 8.471e+01 1 0))))))INFO: dtree.c(1483): stop. leaf nodes are specific
INFO: dtree.c(1524): Final simple tree
|( QUESTION0 1 -1.245e+03 3.011e+02 9.429e+02
|    ( QUESTION2_9_L -1 -1.240e+03 2.947e+02 7.959e+02
|        ( - -4.462e+01 4 0)
|        ( - -9.005e+02 8 0))
|    ( QUESTION2_14_L -1 2.964e+02 2.064e+02 1.470e+02
|        ( - 3.356e+02 2 0)
|        ( QUESTION2_0_L -1 1.673e+02 1.379e+02 8.801e+01
|            ( - 8.678e+01 1 0)
|            ( - 2.184e+02 2 0))))
s>    ( QUESTION0 1 -1.245e+03 3.011e+02 9.429e+02
s>        ( QUESTION2_9_L -1 -1.240e+03 2.947e+02 7.959e+02
s>            ( - -4.462e+01 4 0)
s>            ( - -9.005e+02 8 0))
s>        ( QUESTION2_14_L -1 2.964e+02 2.064e+02 1.470e+02
s>            ( - 3.356e+02 2 0)
s>            ( QUESTION2_0_L -1 1.673e+02 1.379e+02 8.801e+01
s>                ( - 8.678e+01 1 0)
s>                ( - 2.184e+02 2 0))))INFO: dtree.c(1351): Comp split 8
INFO: dtree.c(1483): stop. leaf nodes are specific
INFO: dtree.c(1524): Final simple tree
|( WDBNDRY_E 0 1.619e+01 1.924e+02 1.044e+02
|    ( - 1.237e+02 1 0)
|    ( - 8.483e+01 1 0))
s>    ( WDBNDRY_E 0 1.619e+01 1.924e+02 1.044e+02
s>        ( - 1.237e+02 1 0)
s>        ( - 8.483e+01 1 0))INFO: dtree.c(1483): stop. leaf nodes are specific
INFO: dtree.c(1524): Final simple tree
|( QUESTION2_9_L -1 -1.509e+03 4.162e+02 3.225e+02
|    ( - -1.079e+03 2 0)
|    ( QUESTION0_0_R 1 -1.331e+01 2.566e+02 7.018e+01
|        ( - 2.390e+02 1 0)
|        ( - 4.305e+00 1 0)))
s>    ( QUESTION2_9_L -1 -1.509e+03 4.162e+02 3.225e+02
s>        ( - -1.079e+03 2 0)
s>        ( QUESTION0_0_R 1 -1.331e+01 2.566e+02 7.018e+01
s>            ( - 2.390e+02 1 0)
s>            ( - 4.305e+00 1 0)))INFO: dtree.c(1351): Comp split 9
INFO: dtree.c(1483): stop. leaf nodes are specific
INFO: dtree.c(1524): Final simple tree
|( QUESTION11 1 1.982e+03 2.811e+02 2.265e+02
|    ( WDBNDRY_B 0 1.316e+03 2.093e+02 1.084e+02
|        ( - 8.143e+02 1 0)
|        ( QUESTION13 1 7.106e+02 1.808e+02 6.637e+01
|            ( - 1.163e+02 1 0)
|            ( - 7.751e+02 2 0)))
|    ( QUESTION0_13_R 1 9.476e+02 2.080e+02 1.182e+02
|        ( - 5.137e+02 2 0)
|        ( - 6.419e+02 2 0)))
s>    ( QUESTION11 1 1.982e+03 2.811e+02 2.265e+02
s>        ( WDBNDRY_B 0 1.316e+03 2.093e+02 1.084e+02
s>            ( - 8.143e+02 1 0)
s>            ( QUESTION13 1 7.106e+02 1.808e+02 6.637e+01
s>                ( - 1.163e+02 1 0)
s>                ( - 7.751e+02 2 0)))
s>        ( QUESTION0_13_R 1 9.476e+02 2.080e+02 1.182e+02
s>            ( - 5.137e+02 2 0)
s>            ( - 6.419e+02 2 0)))INFO: dtree.c(1524): Final simple tree
|( QUESTION3 1 3.531e+02 2.433e+02 2.671e+02
|    ( QUESTION4 1 3.945e+02 1.554e+02 8.293e+01
|        ( - 4.572e+02 1 0)
|        ( - 9.267e+01 1 0))
|    ( QUESTION9 1 2.020e+02 2.015e+02 1.841e+02
|        ( - 7.614e+01 1 0)
|        ( QUESTION2_9_L -1 3.274e+02 1.692e+02 1.811e+02
|            ( QUESTION0_13_R 1 3.611e+02 1.476e+02 8.605e+01
|                ( - 4.461e+02 3 0)
|                ( - 6.256e+01 1 0))
|            ( QUESTION0_15_R 1 1.355e+02 1.425e+02 9.510e+01
|                ( - 6.828e+01 1 0)
|                ( QUESTION0_13_R 1 2.097e+02 9.725e+01 7.480e+01
|                    ( - 1.472e+02 1 0)
|                    ( - 1.597e+02 1 0))))))
s>    ( QUESTION3 1 3.531e+02 2.433e+02 2.671e+02
s>        ( QUESTION4 1 3.945e+02 1.554e+02 8.293e+01
s>            ( - 4.572e+02 1 0)
s>            ( - 9.267e+01 1 0))
s>        ( QUESTION9 1 2.020e+02 2.015e+02 1.841e+02
s>            ( - 7.614e+01 1 0)
s>            ( QUESTION2_9_L -1 3.274e+02 1.692e+02 1.811e+02
s>                ( QUESTION0_13_R 1 3.611e+02 1.476e+02 8.605e+01
s>                    ( - 4.461e+02 3 0)
s>                    ( - 6.256e+01 1 0))
s>                ( QUESTION0_15_R 1 1.355e+02 1.425e+02 9.510e+01
s>                    ( - 6.828e+01 1 0)
s>                    ( QUESTION0_13_R 1 2.097e+02 9.725e+01 7.480e+01
s>                        ( - 1.472e+02 1 0)
s>                        ( - 1.597e+02 1 0))))))INFO: dtree.c(1351): Comp split 10
INFO: dtree.c(1483): stop. leaf nodes are specific
INFO: dtree.c(1524): Final simple tree
|( QUESTION0_14_R 1 -1.435e+03 2.684e+02 9.600e+01
|    ( - 2.395e+02 1 0)
|    ( QUESTION15 -1 -1.406e+03 1.675e+02 9.500e+01
|        ( - 7.515e+01 1 0)
|        ( QUESTION0_0_R 1 -1.314e+03 1.060e+02 9.200e+01
|            ( - -3.724e+01 1 0)
|            ( - -1.171e+03 1 0))))
s>    ( QUESTION0_14_R 1 -1.435e+03 2.684e+02 9.600e+01
s>        ( - 2.395e+02 1 0)
s>        ( QUESTION15 -1 -1.406e+03 1.675e+02 9.500e+01
s>            ( - 7.515e+01 1 0)
s>            ( QUESTION0_0_R 1 -1.314e+03 1.060e+02 9.200e+01
s>                ( - -3.724e+01 1 0)
s>                ( - -1.171e+03 1 0))))INFO: dtree.c(1483): stop. leaf nodes are specific
INFO: dtree.c(1524): Final simple tree
|( QUESTION12 1 -1.540e+03 2.623e+02 1.439e+02
|    ( - -3.188e+02 1 0)
|    ( WDBNDRY_B 0 -9.584e+02 1.080e+02 1.238e+02
|        ( - 9.392e+00 1 0)
|        ( QUESTION0_13_R 1 -8.598e+02 9.260e+01 1.138e+02
|            ( - -7.892e+02 1 0)
|            ( - 2.204e+01 1 0))))
s>    ( QUESTION12 1 -1.540e+03 2.623e+02 1.439e+02
s>        ( - -3.188e+02 1 0)
s>        ( WDBNDRY_B 0 -9.584e+02 1.080e+02 1.238e+02
s>            ( - 9.392e+00 1 0)
s>            ( QUESTION0_13_R 1 -8.598e+02 9.260e+01 1.138e+02
s>                ( - -7.892e+02 1 0)
s>                ( - 2.204e+01 1 0))))INFO: dtree.c(1351): Comp split 11
INFO: dtree.c(1483): stop. leaf nodes are specific
INFO: dtree.c(1524): Final simple tree
|( SILENCE -1 1.136e+03 3.225e+02 5.640e+02
|    ( - 2.853e+02 2 0)
|    ( QUESTION2 -1 1.173e+03 1.930e+02 2.057e+02
|        ( - 7.900e+02 2 0)
|        ( - 5.764e+02 1 0)))
s>    ( SILENCE -1 1.136e+03 3.225e+02 5.640e+02
s>        ( - 2.853e+02 2 0)
s>        ( QUESTION2 -1 1.173e+03 1.930e+02 2.057e+02
s>            ( - 7.900e+02 2 0)
s>            ( - 5.764e+02 1 0)))INFO: dtree.c(1351): Comp split 12
INFO: dtree.c(1483): stop. leaf nodes are specific
INFO: dtree.c(1524): Final simple tree
|( QUESTION0_0_R 1 -1.331e+01 2.566e+02 7.018e+01
|    ( - 2.390e+02 1 0)
|    ( - 4.305e+00 1 0))
s>    ( QUESTION0_0_R 1 -1.331e+01 2.566e+02 7.018e+01
s>        ( - 2.390e+02 1 0)
s>        ( - 4.305e+00 1 0))INFO: dtree.c(1351): Comp split 13
INFO: dtree.c(1483): stop. leaf nodes are specific
INFO: dtree.c(1524): Final simple tree
|( QUESTION11 1 -7.633e+02 2.315e+02 4.419e+02
|    ( - 5.733e+02 1 0)
|    ( QUESTION0_2_R 1 -1.105e+03 2.522e+02 3.591e+02
|        ( QUESTION0_11_R 1 -6.803e+02 1.464e+02 1.066e+02
|            ( - 1.452e+02 1 0)
|            ( QUESTION0_5_R 1 -6.791e+02 8.678e+01 8.655e+01
|                ( - -4.381e+02 1 0)
|                ( - -1.543e+02 1 0)))
|        ( SILENCE 1 -1.726e+02 1.460e+02 2.525e+02
|            ( - -1.123e+02 1 0)
|            ( - 8.571e+01 1 0))))
s>    ( QUESTION11 1 -7.633e+02 2.315e+02 4.419e+02
s>        ( - 5.733e+02 1 0)
s>        ( QUESTION0_2_R 1 -1.105e+03 2.522e+02 3.591e+02
s>            ( QUESTION0_11_R 1 -6.803e+02 1.464e+02 1.066e+02
s>                ( - 1.452e+02 1 0)
s>                ( QUESTION0_5_R 1 -6.791e+02 8.678e+01 8.655e+01
s>                    ( - -4.381e+02 1 0)
s>                    ( - -1.543e+02 1 0)))
s>            ( SILENCE 1 -1.726e+02 1.460e+02 2.525e+02
s>                ( - -1.123e+02 1 0)
s>                ( - 8.571e+01 1 0))))INFO: dtree.c(1351): Comp split 14
INFO: dtree.c(1483): stop. leaf nodes are specific
INFO: dtree.c(1524): Final simple tree
|( QUESTION0_5_R 1 -6.791e+02 8.678e+01 8.655e+01
|    ( - -4.381e+02 1 0)
|    ( - -1.543e+02 1 0))
s>    ( QUESTION0_5_R 1 -6.791e+02 8.678e+01 8.655e+01
s>        ( - -4.381e+02 1 0)
s>        ( - -1.543e+02 1 0))INFO: dtree.c(1483): stop. leaf nodes are specific
INFO: dtree.c(1524): Final simple tree
|( SILENCE 1 2.732e+02 1.794e+02 3.553e+02
|    ( - -1.123e+02 1 0)
|    ( QUESTION0_1_R 1 5.649e+02 1.368e+02 1.637e+02
|        ( - 8.571e+01 1 0)
|        ( QUESTION0_5_R 1 6.160e+02 1.025e+02 1.028e+02
|            ( - 5.733e+02 1 0)
|            ( - 1.452e+02 1 0))))
s>    ( SILENCE 1 2.732e+02 1.794e+02 3.553e+02
s>        ( - -1.123e+02 1 0)
s>        ( QUESTION0_1_R 1 5.649e+02 1.368e+02 1.637e+02
s>            ( - 8.571e+01 1 0)
s>            ( QUESTION0_5_R 1 6.160e+02 1.025e+02 1.028e+02
s>                ( - 5.733e+02 1 0)
s>                ( - 1.452e+02 1 0))))INFO: dtree.c(1351): Comp split 15
INFO: dtree.c(1483): stop. leaf nodes are specific
INFO: dtree.c(1524): Final simple tree
|( QUESTION2 -1 1.173e+03 1.930e+02 2.057e+02
|    ( - 7.900e+02 2 0)
|    ( - 5.764e+02 1 0))
s>    ( QUESTION2 -1 1.173e+03 1.930e+02 2.057e+02
s>        ( - 7.900e+02 2 0)
s>        ( - 5.764e+02 1 0))INFO: dtree.c(1351): Comp split 16
INFO: dtree.c(1524): Final simple tree
|( QUESTION18 -1 -6.678e+02 1.683e+02 2.564e+02
|    ( - 1.264e+02 1 0)
|    ( QUESTION12 -1 -6.259e+02 1.594e+02 2.324e+02
|        ( QUESTION2_17_L -1 -3.769e+02 1.524e+02 1.207e+02
|            ( - 1.690e+02 2 0)
|            ( QUESTION0 1 -3.934e+02 1.490e+02 1.057e+02
|                ( - -3.571e+02 2 0)
|                ( - 1.127e+02 1 0)))
|        ( QUESTION0 1 -8.960e+01 1.555e+02 1.117e+02
|            ( - 2.619e+02 2 0)
|            ( QUESTION4 -1 -1.960e+02 1.424e+02 8.671e+01
|                ( - 7.673e+00 1 0)
|                ( QUESTION2 -1 -6.122e+01 1.067e+02 6.771e+01
|                    ( - 1.417e+02 1 0)
|                    ( - -9.616e+01 3 0 QUESTION0_0_R 1 1.002e+02 5.971e+01))))))
s>    ( QUESTION18 -1 -6.678e+02 1.683e+02 2.564e+02
s>        ( - 1.264e+02 1 0)
s>        ( QUESTION12 -1 -6.259e+02 1.594e+02 2.324e+02
s>            ( QUESTION2_17_L -1 -3.769e+02 1.524e+02 1.207e+02
s>                ( - 1.690e+02 2 0)
s>                ( QUESTION0 1 -3.934e+02 1.490e+02 1.057e+02
s>                    ( - -3.571e+02 2 0)
s>                    ( - 1.127e+02 1 0)))
s>            ( QUESTION0 1 -8.960e+01 1.555e+02 1.117e+02
s>                ( - 2.619e+02 2 0)
s>                ( QUESTION4 -1 -1.960e+02 1.424e+02 8.671e+01
s>                    ( - 7.673e+00 1 0)
s>                    ( QUESTION2 -1 -6.122e+01 1.067e+02 6.771e+01
s>                        ( - 1.417e+02 1 0)
s>                        ( - -9.616e+01 3 0 QUESTION0_0_R 1 1.002e+02 5.971e+01))))))INFO: dtree.c(1483): stop. leaf nodes are specific
INFO: dtree.c(1524): Final simple tree
|( QUESTION0_0_R 1 -4.040e+01 1.137e+02 3.228e+02
|    ( - 1.472e+02 1 0)
|    ( QUESTION0 1 -7.395e+01 9.910e+01 3.148e+02
|        ( - -5.812e+01 2 0)
|        ( - 8.326e+01 1 0)))
s>    ( QUESTION0_0_R 1 -4.040e+01 1.137e+02 3.228e+02
s>        ( - 1.472e+02 1 0)
s>        ( QUESTION0 1 -7.395e+01 9.910e+01 3.148e+02
s>            ( - -5.812e+01 2 0)
s>            ( - 8.326e+01 1 0)))INFO: dtree.c(1351): Comp split 17
INFO: dtree.c(1483): stop. leaf nodes are specific
INFO: dtree.c(1524): Final simple tree
|( QUESTION0 1 -2.958e+01 2.814e+02 4.072e+02
|    ( - -4.462e+01 4 0)
|    ( QUESTION2_14_L -1 2.964e+02 2.064e+02 1.470e+02
|        ( - 3.356e+02 2 0)
|        ( QUESTION2_0_L -1 1.673e+02 1.379e+02 8.801e+01
|            ( - 8.678e+01 1 0)
|            ( - 2.184e+02 2 0))))
s>    ( QUESTION0 1 -2.958e+01 2.814e+02 4.072e+02
s>        ( - -4.462e+01 4 0)
s>        ( QUESTION2_14_L -1 2.964e+02 2.064e+02 1.470e+02
s>            ( - 3.356e+02 2 0)
s>            ( QUESTION2_0_L -1 1.673e+02 1.379e+02 8.801e+01
s>                ( - 8.678e+01 1 0)
s>                ( - 2.184e+02 2 0))))INFO: dtree.c(1351): Comp split 18
INFO: dtree.c(1483): stop. leaf nodes are specific
INFO: dtree.c(1524): Final simple tree
|( QUESTION0_13_R 1 8.786e+02 2.249e+02 1.202e+02
|    ( QUESTION2 1 4.616e+02 1.684e+02 4.898e+01
|        ( - 5.137e+02 2 0)
|        ( - 1.163e+02 1 0))
|    ( - 6.419e+02 2 0))
s>    ( QUESTION0_13_R 1 8.786e+02 2.249e+02 1.202e+02
s>        ( QUESTION2 1 4.616e+02 1.684e+02 4.898e+01
s>            ( - 5.137e+02 2 0)
s>            ( - 1.163e+02 1 0))
s>        ( - 6.419e+02 2 0))INFO: dtree.c(1483): stop. leaf nodes are specific
INFO: dtree.c(1524): Final simple tree
|( WDBNDRY_B 0 1.390e+03 1.996e+02 1.064e+02
|    ( - 8.143e+02 1 0)
|    ( - 7.751e+02 2 0))
s>    ( WDBNDRY_B 0 1.390e+03 1.996e+02 1.064e+02
s>        ( - 8.143e+02 1 0)
s>        ( - 7.751e+02 2 0))INFO: dtree.c(1351): Comp split 19
INFO: dtree.c(1483): stop. leaf nodes are specific
INFO: dtree.c(1524): Final simple tree
|( QUESTION2_14_L -1 2.964e+02 2.064e+02 1.470e+02
|    ( - 3.356e+02 2 0)
|    ( QUESTION2_0_L -1 1.673e+02 1.379e+02 8.801e+01
|        ( - 8.678e+01 1 0)
|        ( - 2.184e+02 2 0)))
s>    ( QUESTION2_14_L -1 2.964e+02 2.064e+02 1.470e+02
s>        ( - 3.356e+02 2 0)
s>        ( QUESTION2_0_L -1 1.673e+02 1.379e+02 8.801e+01
s>            ( - 8.678e+01 1 0)
s>            ( - 2.184e+02 2 0)))INFO: dtree.c(1351): Comp split 20
INFO: dtree.c(1483): stop. leaf nodes are specific
INFO: dtree.c(1524): Final simple tree
|( QUESTION15 -1 -1.406e+03 1.675e+02 9.500e+01
|    ( - 7.515e+01 1 0)
|    ( QUESTION0_0_R 1 -1.314e+03 1.060e+02 9.200e+01
|        ( - -3.724e+01 1 0)
|        ( - -1.171e+03 1 0)))
s>    ( QUESTION15 -1 -1.406e+03 1.675e+02 9.500e+01
s>        ( - 7.515e+01 1 0)
s>        ( QUESTION0_0_R 1 -1.314e+03 1.060e+02 9.200e+01
s>            ( - -3.724e+01 1 0)
s>            ( - -1.171e+03 1 0)))INFO: dtree.c(1351): Comp split 21
INFO: dtree.c(1483): stop. leaf nodes are specific
INFO: dtree.c(1524): Final simple tree
|( QUESTION0 -1 -9.217e+02 1.214e+02 7.994e+02
|    ( QUESTION0_0_R 1 -6.887e+02 1.110e+02 7.196e+02
|        ( - 1.147e+02 1 0)
|        ( - -6.924e+02 2 0))
|    ( - -1.116e+02 2 0))
s>    ( QUESTION0 -1 -9.217e+02 1.214e+02 7.994e+02
s>        ( QUESTION0_0_R 1 -6.887e+02 1.110e+02 7.196e+02
s>            ( - 1.147e+02 1 0)
s>            ( - -6.924e+02 2 0))
s>        ( - -1.116e+02 2 0))INFO: dtree.c(1351): Comp split 22
INFO: dtree.c(1483): stop. leaf nodes are specific
INFO: dtree.c(1524): Final simple tree
|( WDBNDRY_B 0 -9.584e+02 1.080e+02 1.238e+02
|    ( - 9.392e+00 1 0)
|    ( QUESTION0_13_R 1 -8.598e+02 9.260e+01 1.138e+02
|        ( - -7.892e+02 1 0)
|        ( - 2.204e+01 1 0)))
s>    ( WDBNDRY_B 0 -9.584e+02 1.080e+02 1.238e+02
s>        ( - 9.392e+00 1 0)
s>        ( QUESTION0_13_R 1 -8.598e+02 9.260e+01 1.138e+02
s>            ( - -7.892e+02 1 0)
s>            ( - 2.204e+01 1 0)))INFO: dtree.c(1351): Comp split 23
INFO: dtree.c(1351): Comp split 24
INFO: dtree.c(1483): stop. leaf nodes are specific
INFO: dtree.c(1524): Final simple tree
|( QUESTION0 1 7.446e+02 2.097e+02 1.819e+02
|    ( - 4.461e+02 3 0)
|    ( QUESTION0_13_R 1 5.082e+02 1.087e+02 1.008e+02
|        ( - 4.572e+02 1 0)
|        ( - 1.597e+02 1 0)))
s>    ( QUESTION0 1 7.446e+02 2.097e+02 1.819e+02
s>        ( - 4.461e+02 3 0)
s>        ( QUESTION0_13_R 1 5.082e+02 1.087e+02 1.008e+02
s>            ( - 4.572e+02 1 0)
s>            ( - 1.597e+02 1 0)))INFO: dtree.c(1483): stop. leaf nodes are specific
INFO: dtree.c(1524): Final simple tree
|( QUESTION9 1 -1.420e+02 1.696e+02 8.519e+01
|    ( - 7.614e+01 1 0)
|    ( QUESTION3 1 -4.858e+01 1.608e+02 8.219e+01
|        ( - 9.267e+01 1 0)
|        ( QUESTION0_15_R 1 1.956e+01 1.298e+02 7.319e+01
|            ( - 6.828e+01 1 0)
|            ( QUESTION0_13_R 1 8.107e+01 1.287e+02 5.290e+01
|                ( - 1.472e+02 1 0)
|                ( - 6.256e+01 1 0)))))
s>    ( QUESTION9 1 -1.420e+02 1.696e+02 8.519e+01
s>        ( - 7.614e+01 1 0)
s>        ( QUESTION3 1 -4.858e+01 1.608e+02 8.219e+01
s>            ( - 9.267e+01 1 0)
s>            ( QUESTION0_15_R 1 1.956e+01 1.298e+02 7.319e+01
s>                ( - 6.828e+01 1 0)
s>                ( QUESTION0_13_R 1 8.107e+01 1.287e+02 5.290e+01
s>                    ( - 1.472e+02 1 0)
s>                    ( - 6.256e+01 1 0)))))INFO: dtree.c(1351): Comp split 25
INFO: dtree.c(1483): stop. leaf nodes are specific
INFO: dtree.c(1524): Final simple tree
|( QUESTION2 1 4.616e+02 1.684e+02 4.898e+01
|    ( - 5.137e+02 2 0)
|    ( - 1.163e+02 1 0))
s>    ( QUESTION2 1 4.616e+02 1.684e+02 4.898e+01
s>        ( - 5.137e+02 2 0)
s>        ( - 1.163e+02 1 0))INFO: dtree.c(1351): Comp split 26
INFO: dtree.c(1483): stop. leaf nodes are specific
INFO: dtree.c(1524): Final simple tree
|( QUESTION0_13_R 1 5.082e+02 1.087e+02 1.008e+02
|    ( - 4.572e+02 1 0)
|    ( - 1.597e+02 1 0))
s>    ( QUESTION0_13_R 1 5.082e+02 1.087e+02 1.008e+02
s>        ( - 4.572e+02 1 0)
s>        ( - 1.597e+02 1 0))INFO: dtree.c(1351): Comp split 27
INFO: dtree.c(1483): stop. leaf nodes are specific
INFO: dtree.c(1524): Final simple tree
|( QUESTION18 -1 -6.097e+02 1.655e+02 1.834e+02
|    ( - 1.264e+02 1 0)
|    ( QUESTION0 1 -5.705e+02 1.522e+02 1.594e+02
|        ( - -3.571e+02 2 0)
|        ( QUESTION2 -1 -6.122e+01 1.067e+02 6.771e+01
|            ( - 1.417e+02 1 0)
|            ( QUESTION0_0_R 1 -9.616e+01 1.002e+02 5.971e+01
|                ( - 1.083e+02 1 0)
|                ( SILENCE -1 -1.042e+02 8.907e+01 3.571e+01
|                    ( - -3.207e+01 1 0)
|                    ( - 1.691e+01 1 0))))))
s>    ( QUESTION18 -1 -6.097e+02 1.655e+02 1.834e+02
s>        ( - 1.264e+02 1 0)
s>        ( QUESTION0 1 -5.705e+02 1.522e+02 1.594e+02
s>            ( - -3.571e+02 2 0)
s>            ( QUESTION2 -1 -6.122e+01 1.067e+02 6.771e+01
s>                ( - 1.417e+02 1 0)
s>                ( QUESTION0_0_R 1 -9.616e+01 1.002e+02 5.971e+01
s>                    ( - 1.083e+02 1 0)
s>                    ( SILENCE -1 -1.042e+02 8.907e+01 3.571e+01
s>                        ( - -3.207e+01 1 0)
s>                        ( - 1.691e+01 1 0))))))INFO: dtree.c(1483): stop. leaf nodes are specific
INFO: dtree.c(1524): Final simple tree
|( QUESTION12 -1 1.492e+02 1.535e+02 7.300e+01
|    ( QUESTION0 1 1.596e+02 1.220e+02 2.900e+01
|        ( - 1.690e+02 2 0)
|        ( - 1.127e+02 1 0))
|    ( QUESTION0 1 1.431e+02 1.265e+02 4.400e+01
|        ( - 2.619e+02 2 0)
|        ( - 7.673e+00 1 0)))
s>    ( QUESTION12 -1 1.492e+02 1.535e+02 7.300e+01
s>        ( QUESTION0 1 1.596e+02 1.220e+02 2.900e+01
s>            ( - 1.690e+02 2 0)
s>            ( - 1.127e+02 1 0))
s>        ( QUESTION0 1 1.431e+02 1.265e+02 4.400e+01
s>            ( - 2.619e+02 2 0)
s>            ( - 7.673e+00 1 0)))INFO: dtree.c(1351): Comp split 28
INFO: dtree.c(1483): stop. leaf nodes are specific
INFO: dtree.c(1524): Final simple tree
|( QUESTION2_0_L -1 1.673e+02 1.379e+02 8.801e+01
|    ( - 8.678e+01 1 0)
|    ( - 2.184e+02 2 0))
s>    ( QUESTION2_0_L -1 1.673e+02 1.379e+02 8.801e+01
s>        ( - 8.678e+01 1 0)
s>        ( - 2.184e+02 2 0))INFO: dtree.c(1351): Comp split 29
INFO: dtree.c(1351): Comp split 30
INFO: dtree.c(1483): stop. leaf nodes are specific
INFO: dtree.c(1524): Final simple tree
|( SILENCE 1 -5.986e+01 9.274e+01 2.116e+02
|    ( - -1.123e+02 1 0)
|    ( - 1.452e+02 1 0))
s>    ( SILENCE 1 -5.986e+01 9.274e+01 2.116e+02
s>        ( - -1.123e+02 1 0)
s>        ( - 1.452e+02 1 0))INFO: dtree.c(1483): stop. leaf nodes are specific
INFO: dtree.c(1524): Final simple tree
|( QUESTION0_1_R 1 5.271e+02 1.319e+02 1.437e+02
|    ( - 8.571e+01 1 0)
|    ( - 5.733e+02 1 0))
s>    ( QUESTION0_1_R 1 5.271e+02 1.319e+02 1.437e+02
s>        ( - 8.571e+01 1 0)
s>        ( - 5.733e+02 1 0))INFO: dtree.c(1351): Comp split 31
INFO: dtree.c(1351): Comp split 32
INFO: dtree.c(1351): Comp split 33
INFO: dtree.c(1483): stop. leaf nodes are specific
INFO: dtree.c(1524): Final simple tree
|( QUESTION3 1 -4.858e+01 1.608e+02 8.219e+01
|    ( - 9.267e+01 1 0)
|    ( QUESTION0_15_R 1 1.956e+01 1.298e+02 7.319e+01
|        ( - 6.828e+01 1 0)
|        ( QUESTION0_13_R 1 8.107e+01 1.287e+02 5.290e+01
|            ( - 1.472e+02 1 0)
|            ( - 6.256e+01 1 0))))
s>    ( QUESTION3 1 -4.858e+01 1.608e+02 8.219e+01
s>        ( - 9.267e+01 1 0)
s>        ( QUESTION0_15_R 1 1.956e+01 1.298e+02 7.319e+01
s>            ( - 6.828e+01 1 0)
s>            ( QUESTION0_13_R 1 8.107e+01 1.287e+02 5.290e+01
s>                ( - 1.472e+02 1 0)
s>                ( - 6.256e+01 1 0))))INFO: dtree.c(1351): Comp split 34
INFO: dtree.c(1351): Comp split 35
INFO: dtree.c(1483): stop. leaf nodes are specific
INFO: dtree.c(1524): Final simple tree
|( QUESTION0_0_R 1 -1.314e+03 1.060e+02 9.200e+01
|    ( - -3.724e+01 1 0)
|    ( - -1.171e+03 1 0))
s>    ( QUESTION0_0_R 1 -1.314e+03 1.060e+02 9.200e+01
s>        ( - -3.724e+01 1 0)
s>        ( - -1.171e+03 1 0))INFO: dtree.c(1351): Comp split 36
INFO: dtree.c(1483): stop. leaf nodes are specific
INFO: dtree.c(1524): Final simple tree
|( SILENCE -1 -4.494e+02 1.189e+02 1.197e+02
|    ( - 1.083e+02 1 0)
|    ( QUESTION0 1 -4.388e+02 9.862e+01 9.571e+01
|        ( - -3.571e+02 2 0)
|        ( - 1.691e+01 1 0)))
s>    ( SILENCE -1 -4.494e+02 1.189e+02 1.197e+02
s>        ( - 1.083e+02 1 0)
s>        ( QUESTION0 1 -4.388e+02 9.862e+01 9.571e+01
s>            ( - -3.571e+02 2 0)
s>            ( - 1.691e+01 1 0)))INFO: dtree.c(1483): stop. leaf nodes are specific
INFO: dtree.c(1524): Final simple tree
|( QUESTION11 -1 6.848e+00 1.264e+02 6.371e+01
|    ( - 1.264e+02 1 0)
|    ( SILENCE -1 6.841e+00 1.027e+02 3.971e+01
|        ( - -3.207e+01 1 0)
|        ( - 1.417e+02 1 0)))
s>    ( QUESTION11 -1 6.848e+00 1.264e+02 6.371e+01
s>        ( - 1.264e+02 1 0)
s>        ( SILENCE -1 6.841e+00 1.027e+02 3.971e+01
s>            ( - -3.207e+01 1 0)
s>            ( - 1.417e+02 1 0)))INFO: dtree.c(1351): Comp split 37
INFO: dtree.c(1483): stop. leaf nodes are specific
INFO: dtree.c(1524): Final simple tree
|( QUESTION0_15_R 1 1.956e+01 1.298e+02 7.319e+01
|    ( - 6.828e+01 1 0)
|    ( QUESTION0_13_R 1 8.107e+01 1.287e+02 5.290e+01
|        ( - 1.472e+02 1 0)
|        ( - 6.256e+01 1 0)))
s>    ( QUESTION0_15_R 1 1.956e+01 1.298e+02 7.319e+01
s>        ( - 6.828e+01 1 0)
s>        ( QUESTION0_13_R 1 8.107e+01 1.287e+02 5.290e+01
s>            ( - 1.472e+02 1 0)
s>            ( - 6.256e+01 1 0)))INFO: dtree.c(1351): Comp split 38
INFO: dtree.c(1483): stop. leaf nodes are specific
INFO: dtree.c(1524): Final simple tree
|( QUESTION0_3_R 1 -3.185e+01 9.733e+01 3.267e+01
|    ( - 4.338e+01 1 0)
|    ( QUESTION0_1_R 1 2.210e+01 7.618e+01 1.566e+01
|        ( - 1.357e+01 2 0)
|        ( - 8.471e+01 1 0)))
s>    ( QUESTION0_3_R 1 -3.185e+01 9.733e+01 3.267e+01
s>        ( - 4.338e+01 1 0)
s>        ( QUESTION0_1_R 1 2.210e+01 7.618e+01 1.566e+01
s>            ( - 1.357e+01 2 0)
s>            ( - 8.471e+01 1 0)))INFO: dtree.c(1483): stop. leaf nodes are specific
INFO: dtree.c(1524): Final simple tree
|( QUESTION8 1 -5.491e+02 1.427e+02 9.048e+01
|    ( - 1.140e+02 1 0)
|    ( QUESTION0_8_R 1 -5.204e+02 1.212e+02 7.648e+01
|        ( - 4.887e+01 1 0)
|        ( WDBNDRY_B 0 -4.481e+02 1.127e+02 6.496e+01
|            ( - 4.037e+01 1 0)
|            ( - -3.758e+02 1 0))))
s>    ( QUESTION8 1 -5.491e+02 1.427e+02 9.048e+01
s>        ( - 1.140e+02 1 0)
s>        ( QUESTION0_8_R 1 -5.204e+02 1.212e+02 7.648e+01
s>            ( - 4.887e+01 1 0)
s>            ( WDBNDRY_B 0 -4.481e+02 1.127e+02 6.496e+01
s>                ( - 4.037e+01 1 0)
s>                ( - -3.758e+02 1 0))))INFO: dtree.c(1351): Comp split 39
INFO: dtree.c(1483): stop. leaf nodes are specific
INFO: dtree.c(1524): Final simple tree
|( QUESTION0 1 1.431e+02 1.265e+02 4.400e+01
|    ( - 2.619e+02 2 0)
|    ( - 7.673e+00 1 0))
s>    ( QUESTION0 1 1.431e+02 1.265e+02 4.400e+01
s>        ( - 2.619e+02 2 0)
s>        ( - 7.673e+00 1 0))INFO: dtree.c(1483): stop. leaf nodes are specific
INFO: dtree.c(1524): Final simple tree
|( QUESTION0 1 1.596e+02 1.220e+02 2.900e+01
|    ( - 1.690e+02 2 0)
|    ( - 1.127e+02 1 0))
s>    ( QUESTION0 1 1.596e+02 1.220e+02 2.900e+01
s>        ( - 1.690e+02 2 0)
s>        ( - 1.127e+02 1 0))INFO: dtree.c(1351): Comp split 40
INFO: dtree.c(1483): stop. leaf nodes are specific
INFO: dtree.c(1524): Final simple tree
|( QUESTION0_8_R 1 -5.204e+02 1.212e+02 7.648e+01
|    ( - 4.887e+01 1 0)
|    ( WDBNDRY_B 0 -4.481e+02 1.127e+02 6.496e+01
|        ( - 4.037e+01 1 0)
|        ( - -3.758e+02 1 0)))
s>    ( QUESTION0_8_R 1 -5.204e+02 1.212e+02 7.648e+01
s>        ( - 4.887e+01 1 0)
s>        ( WDBNDRY_B 0 -4.481e+02 1.127e+02 6.496e+01
s>            ( - 4.037e+01 1 0)
s>            ( - -3.758e+02 1 0)))INFO: dtree.c(1351): Comp split 41
INFO: dtree.c(1351): Comp split 42
INFO: dtree.c(1351): Comp split 43
INFO: dtree.c(1483): stop. leaf nodes are specific
INFO: dtree.c(1524): Final simple tree
|( QUESTION0_13_R 1 8.107e+01 1.287e+02 5.290e+01
|    ( - 1.472e+02 1 0)
|    ( - 6.256e+01 1 0))
s>    ( QUESTION0_13_R 1 8.107e+01 1.287e+02 5.290e+01
s>        ( - 1.472e+02 1 0)
s>        ( - 6.256e+01 1 0))INFO: dtree.c(1351): Comp split 44
INFO: dtree.c(1351): Comp split 45
INFO: dtree.c(1351): Comp split 46
INFO: dtree.c(1483): stop. leaf nodes are specific
INFO: dtree.c(1524): Final simple tree
|( SILENCE -1 6.841e+00 1.027e+02 3.971e+01
|    ( - -3.207e+01 1 0)
|    ( - 1.417e+02 1 0))
s>    ( SILENCE -1 6.841e+00 1.027e+02 3.971e+01
s>        ( - -3.207e+01 1 0)
s>        ( - 1.417e+02 1 0))INFO: dtree.c(1351): Comp split 47
INFO: dtree.c(1351): Comp split 48
INFO: dtree.c(1483): stop. leaf nodes are specific
INFO: dtree.c(1524): Final simple tree
|( QUESTION0_0_R 1 -6.887e+02 1.110e+02 7.196e+02
|    ( - 1.147e+02 1 0)
|    ( - -6.924e+02 2 0))
s>    ( QUESTION0_0_R 1 -6.887e+02 1.110e+02 7.196e+02
s>        ( - 1.147e+02 1 0)
s>        ( - -6.924e+02 2 0))INFO: dtree.c(1351): Comp split 49
INFO: dtree.c(1483): stop. leaf nodes are specific
INFO: dtree.c(1524): Final simple tree
|( WDBNDRY_B 0 -4.481e+02 1.127e+02 6.496e+01
|    ( - 4.037e+01 1 0)
|    ( - -3.758e+02 1 0))
s>    ( WDBNDRY_B 0 -4.481e+02 1.127e+02 6.496e+01
s>        ( - 4.037e+01 1 0)
s>        ( - -3.758e+02 1 0))INFO: dtree.c(1351): Comp split 50
INFO: dtree.c(1483): stop. leaf nodes are specific
INFO: dtree.c(1524): Final simple tree
|( QUESTION0 1 -4.388e+02 9.862e+01 9.571e+01
|    ( - -3.571e+02 2 0)
|    ( - 1.691e+01 1 0))
s>    ( QUESTION0 1 -4.388e+02 9.862e+01 9.571e+01
s>        ( - -3.571e+02 2 0)
s>        ( - 1.691e+01 1 0))INFO: dtree.c(1351): Comp split 51
INFO: dtree.c(1483): stop. leaf nodes are specific
INFO: dtree.c(1524): Final simple tree
|( QUESTION0 1 -7.395e+01 9.910e+01 3.148e+02
|    ( - -5.812e+01 2 0)
|    ( - 8.326e+01 1 0))
s>    ( QUESTION0 1 -7.395e+01 9.910e+01 3.148e+02
s>        ( - -5.812e+01 2 0)
s>        ( - 8.326e+01 1 0))INFO: dtree.c(1351): Comp split 52
INFO: dtree.c(1351): Comp split 53
INFO: dtree.c(1351): Comp split 54
INFO: dtree.c(1351): Comp split 55
INFO: dtree.c(1483): stop. leaf nodes are specific
INFO: dtree.c(1524): Final simple tree
|( QUESTION0_13_R 1 -8.598e+02 9.260e+01 1.138e+02
|    ( - -7.892e+02 1 0)
|    ( - 2.204e+01 1 0))
s>    ( QUESTION0_13_R 1 -8.598e+02 9.260e+01 1.138e+02
s>        ( - -7.892e+02 1 0)
s>        ( - 2.204e+01 1 0))INFO: dtree.c(1351): Comp split 56
INFO: dtree.c(1351): Comp split 57
INFO: dtree.c(1351): Comp split 58
INFO: dtree.c(1351): Comp split 59
INFO: dtree.c(1351): Comp split 60
INFO: dtree.c(1483): stop. leaf nodes are specific
INFO: dtree.c(1524): Final simple tree
|( QUESTION0_1_R 1 2.210e+01 7.618e+01 1.566e+01
|    ( - 1.357e+01 2 0)
|    ( - 8.471e+01 1 0))
s>    ( QUESTION0_1_R 1 2.210e+01 7.618e+01 1.566e+01
s>        ( - 1.357e+01 2 0)
s>        ( - 8.471e+01 1 0))INFO: dtree.c(1351): Comp split 61
INFO: dtree.c(1351): Comp split 62
INFO: dtree.c(1351): Comp split 63
INFO: dtree.c(1351): Comp split 64
INFO: dtree.c(1351): Comp split 65
INFO: dtree.c(1354): stop. leaf nodes are specific
Tue May 31 10:46:04 2011
