INFO: cmd_ln.c(691): Parsing command line:
/home/xkrajnan/Plocha/GSoC/PocketSphinx/an4/bin/bldtree \
	-treefn /home/xkrajnan/Plocha/GSoC/PocketSphinx/an4/trees/an4.unpruned/OW-0.dtree \
	-moddeffn /home/xkrajnan/Plocha/GSoC/PocketSphinx/an4/model_architecture/an4.untied.mdef \
	-mixwfn /home/xkrajnan/Plocha/GSoC/PocketSphinx/an4/model_parameters/an4.cd_cont_untied/mixture_weights \
	-ts2cbfn .cont. \
	-mwfloor 1e-08 \
	-psetfn /home/xkrajnan/Plocha/GSoC/PocketSphinx/an4/model_architecture/an4.tree_questions \
	-phone OW \
	-state 0 \
	-stwt 1.0,0.05,0.0 \
	-meanfn /home/xkrajnan/Plocha/GSoC/PocketSphinx/an4/model_parameters/an4.cd_cont_untied/means \
	-varfn /home/xkrajnan/Plocha/GSoC/PocketSphinx/an4/model_parameters/an4.cd_cont_untied/variances \
	-fullvar no \
	-ssplitmin 1 \
	-ssplitmax 7 \
	-ssplitthr 0 \
	-csplitmin 1 \
	-csplitmax 2000 \
	-csplitthr 0 

Current configuration:
[NAME]		[DEFLT]	[VALUE]
-allphones	no	no
-cntthresh	0.00001	1.000000e-05
-csplitmax	100	2000
-csplitmin	1	1
-csplitthr	8e-4	0.000000e+00
-example	no	no
-fullvar	no	no
-help		no	no
-meanfn			/home/xkrajnan/Plocha/GSoC/PocketSphinx/an4/model_parameters/an4.cd_cont_untied/means
-mixwfn			/home/xkrajnan/Plocha/GSoC/PocketSphinx/an4/model_parameters/an4.cd_cont_untied/mixture_weights
-moddeffn		/home/xkrajnan/Plocha/GSoC/PocketSphinx/an4/model_architecture/an4.untied.mdef
-mwfloor	1e-4	1.000000e-08
-phone			OW
-psetfn			/home/xkrajnan/Plocha/GSoC/PocketSphinx/an4/model_architecture/an4.tree_questions
-ssplitmax	5	7
-ssplitmin	1	1
-ssplitthr	8e-4	0.000000e+00
-state			0
-stwt			1.0,0.05,0.0,
-treefn			/home/xkrajnan/Plocha/GSoC/PocketSphinx/an4/trees/an4.unpruned/OW-0.dtree
-ts2cbfn	.semi.	.cont.
-varfloor	0.00001	1.000000e-05
-varfn			/home/xkrajnan/Plocha/GSoC/PocketSphinx/an4/model_parameters/an4.cd_cont_untied/variances

INFO: main.c(228): Reading: /home/xkrajnan/Plocha/GSoC/PocketSphinx/an4/model_architecture/an4.untied.mdef
INFO: model_def_io.c(587): Model definition info:
INFO: model_def_io.c(588): 1618 total models defined (34 base, 1584 tri)
INFO: model_def_io.c(589): 6472 total states
INFO: model_def_io.c(590): 4854 total tied states
INFO: model_def_io.c(591): 102 total tied CI states
INFO: model_def_io.c(592): 34 total tied transition matrices
INFO: model_def_io.c(593): 4 max state/model
INFO: model_def_io.c(594): 4 min state/model
INFO: main.c(247): Building trees for [OW AY AA s] through [OW V SIL s]
INFO: main.c(275): Covering states |[3225 3578]| == 354
INFO: main.c(282): Reading: /home/xkrajnan/Plocha/GSoC/PocketSphinx/an4/model_parameters/an4.cd_cont_untied/mixture_weights
INFO: s3mixw_io.c(172): Read /home/xkrajnan/Plocha/GSoC/PocketSphinx/an4/model_parameters/an4.cd_cont_untied/mixture_weights [354x1x1 array]
INFO: main.c(320): 118 of 118 models have observation count greater than 0.000010
INFO: main.c(94): nrm stwt: 0.952 0.048 0.000 
INFO: s3gau_io.c(166): Read /home/xkrajnan/Plocha/GSoC/PocketSphinx/an4/model_parameters/an4.cd_cont_untied/means [4854x1x1 array]
INFO: s3gau_io.c(166): Read /home/xkrajnan/Plocha/GSoC/PocketSphinx/an4/model_parameters/an4.cd_cont_untied/variances [4854x1x1 array]
INFO: main.c(576): Reading: /home/xkrajnan/Plocha/GSoC/PocketSphinx/an4/model_architecture/an4.tree_questions
INFO: main.c(619): 180 total simple questions (172 phone; 8 word bndry)
INFO: main.c(621): 42 Left Only questions, and 42 Right Only questions
INFO: dtree.c(1524): Final simple tree
|( WDBNDRY_E 0 -3.701e+04 1.689e+03 2.721e+03
|    ( QUESTION2 -1 -1.030e+03 9.277e+02 1.849e+02
|        ( - -8.378e+01 1 0)
|        ( QUESTION12 -1 -1.888e+01 4.876e+02 1.254e+02
|            ( - 1.068e+02 7 0 QUESTION0_5_R 1 4.078e+02 9.137e+01)
|            ( - 3.620e+02 1 0)))
|    ( QUESTION2_0_L -1 -3.429e+04 1.301e+03 2.536e+03
|        ( QUESTION0_17_R 1 -1.058e+04 5.459e+02 6.946e+02
|            ( - 2.463e+02 1 0)
|            ( - -1.028e+04 15 0 QUESTION0_1_R 1 4.219e+02 6.444e+02))
|        ( QUESTION2_14_L -1 -2.241e+04 6.541e+02 1.842e+03
|            ( QUESTION2 -1 -1.076e+04 7.657e+02 1.058e+03
|                ( - -2.180e+03 11 0 QUESTION0_1_R 1 2.867e+02 2.066e+02)
|                ( - -7.811e+03 44 0 QUESTION2_17_L -1 3.613e+02 8.513e+02))
|            ( - -1.100e+04 38 0 QUESTION14 1 4.723e+02 7.839e+02))))
s>    ( WDBNDRY_E 0 -3.701e+04 1.689e+03 2.721e+03
s>        ( QUESTION2 -1 -1.030e+03 9.277e+02 1.849e+02
s>            ( - -8.378e+01 1 0)
s>            ( QUESTION12 -1 -1.888e+01 4.876e+02 1.254e+02
s>                ( - 1.068e+02 7 0 QUESTION0_5_R 1 4.078e+02 9.137e+01)
s>                ( - 3.620e+02 1 0)))
s>        ( QUESTION2_0_L -1 -3.429e+04 1.301e+03 2.536e+03
s>            ( QUESTION0_17_R 1 -1.058e+04 5.459e+02 6.946e+02
s>                ( - 2.463e+02 1 0)
s>                ( - -1.028e+04 15 0 QUESTION0_1_R 1 4.219e+02 6.444e+02))
s>            ( QUESTION2_14_L -1 -2.241e+04 6.541e+02 1.842e+03
s>                ( QUESTION2 -1 -1.076e+04 7.657e+02 1.058e+03
s>                    ( - -2.180e+03 11 0 QUESTION0_1_R 1 2.867e+02 2.066e+02)
s>                    ( - -7.811e+03 44 0 QUESTION2_17_L -1 3.613e+02 8.513e+02))
s>                ( - -1.100e+04 38 0 QUESTION14 1 4.723e+02 7.839e+02))))INFO: dtree.c(1351): Comp split 0
INFO: dtree.c(1524): Final simple tree
|( WDBNDRY_E 0 -1.539e+04 1.276e+03 1.036e+03
|    ( QUESTION2 -1 -1.030e+03 9.277e+02 1.849e+02
|        ( - -8.378e+01 1 0)
|        ( QUESTION12 -1 -1.888e+01 4.876e+02 1.254e+02
|            ( QUESTION0_5_R 1 1.068e+02 4.078e+02 9.137e+01
|                ( - 5.931e+02 1 0)
|                ( SILENCE 1 -7.862e+01 3.407e+02 7.668e+01
|                    ( - -5.857e+01 1 0)
|                    ( - 3.206e+02 5 0 QUESTION0_11_R 1 2.270e+02 3.033e+01)))
|            ( - 3.620e+02 1 0)))
|    ( QUESTION0 -1 -1.309e+04 6.225e+02 8.510e+02
|        ( QUESTION0_1_R 1 -1.028e+04 4.219e+02 6.444e+02
|            ( - -6.112e+02 1 0)
|            ( - -9.250e+03 14 0 QUESTION0_14_R 1 2.983e+02 5.532e+02))
|        ( - -2.180e+03 11 0 QUESTION0_1_R 1 2.867e+02 2.066e+02)))
s>    ( WDBNDRY_E 0 -1.539e+04 1.276e+03 1.036e+03
s>        ( QUESTION2 -1 -1.030e+03 9.277e+02 1.849e+02
s>            ( - -8.378e+01 1 0)
s>            ( QUESTION12 -1 -1.888e+01 4.876e+02 1.254e+02
s>                ( QUESTION0_5_R 1 1.068e+02 4.078e+02 9.137e+01
s>                    ( - 5.931e+02 1 0)
s>                    ( SILENCE 1 -7.862e+01 3.407e+02 7.668e+01
s>                        ( - -5.857e+01 1 0)
s>                        ( - 3.206e+02 5 0 QUESTION0_11_R 1 2.270e+02 3.033e+01)))
s>                ( - 3.620e+02 1 0)))
s>        ( QUESTION0 -1 -1.309e+04 6.225e+02 8.510e+02
s>            ( QUESTION0_1_R 1 -1.028e+04 4.219e+02 6.444e+02
s>                ( - -6.112e+02 1 0)
s>                ( - -9.250e+03 14 0 QUESTION0_14_R 1 2.983e+02 5.532e+02))
s>            ( - -2.180e+03 11 0 QUESTION0_1_R 1 2.867e+02 2.066e+02)))INFO: dtree.c(1524): Final simple tree
|( QUESTION2_14_L -1 -1.983e+04 7.367e+02 1.685e+03
|    ( QUESTION2_17_L -1 -7.811e+03 3.613e+02 8.513e+02
|        ( QUESTION0 -1 -5.554e+03 3.691e+02 5.866e+02
|            ( QUESTION0_1_R 1 -3.219e+03 3.282e+02 4.382e+02
|                ( - 3.738e+02 1 0)
|                ( - -3.264e+03 25 0 QUESTION0_5_R 1 3.289e+02 4.256e+02))
|            ( - -1.966e+03 5 0 QUESTION4 1 2.272e+02 1.484e+02))
|        ( QUESTION14 1 -1.896e+03 3.317e+02 2.647e+02
|            ( - 3.701e+02 1 0)
|            ( - -1.934e+03 12 0 QUESTION8 1 2.737e+02 2.308e+02)))
|    ( QUESTION2_0_L -1 -1.128e+04 5.334e+02 8.341e+02
|        ( - 2.463e+02 1 0)
|        ( QUESTION14 1 -1.100e+04 4.723e+02 7.839e+02
|            ( - -1.252e+03 4 0 QUESTION1 -1 2.819e+02 1.288e+02)
|            ( - -9.273e+03 34 0 QUESTION0 -1 2.990e+02 6.551e+02))))
s>    ( QUESTION2_14_L -1 -1.983e+04 7.367e+02 1.685e+03
s>        ( QUESTION2_17_L -1 -7.811e+03 3.613e+02 8.513e+02
s>            ( QUESTION0 -1 -5.554e+03 3.691e+02 5.866e+02
s>                ( QUESTION0_1_R 1 -3.219e+03 3.282e+02 4.382e+02
s>                    ( - 3.738e+02 1 0)
s>                    ( - -3.264e+03 25 0 QUESTION0_5_R 1 3.289e+02 4.256e+02))
s>                ( - -1.966e+03 5 0 QUESTION4 1 2.272e+02 1.484e+02))
s>            ( QUESTION14 1 -1.896e+03 3.317e+02 2.647e+02
s>                ( - 3.701e+02 1 0)
s>                ( - -1.934e+03 12 0 QUESTION8 1 2.737e+02 2.308e+02)))
s>        ( QUESTION2_0_L -1 -1.128e+04 5.334e+02 8.341e+02
s>            ( - 2.463e+02 1 0)
s>            ( QUESTION14 1 -1.100e+04 4.723e+02 7.839e+02
s>                ( - -1.252e+03 4 0 QUESTION1 -1 2.819e+02 1.288e+02)
s>                ( - -9.273e+03 34 0 QUESTION0 -1 2.990e+02 6.551e+02))))INFO: dtree.c(1351): Comp split 1
INFO: dtree.c(1524): Final simple tree
|( QUESTION2 -1 -1.030e+03 9.277e+02 1.849e+02
|    ( - -8.378e+01 1 0)
|    ( QUESTION12 -1 -1.888e+01 4.876e+02 1.254e+02
|        ( QUESTION0_5_R 1 1.068e+02 4.078e+02 9.137e+01
|            ( - 5.931e+02 1 0)
|            ( SILENCE 1 -7.862e+01 3.407e+02 7.668e+01
|                ( - -5.857e+01 1 0)
|                ( QUESTION0_11_R 1 3.206e+02 2.270e+02 3.033e+01
|                    ( - 2.440e+02 1 0)
|                    ( QUESTION0_2_R 1 3.036e+02 1.701e+02 2.933e+01
|                        ( - 7.374e+01 1 0)
|                        ( QUESTION0_0_R 1 3.999e+02 1.442e+02 2.323e+01
|                            ( - 3.472e+02 1 0)
|                            ( - 1.969e+02 2 0 QUESTION0 1 1.886e+02 5.000e+00))))))
|        ( - 3.620e+02 1 0)))
s>    ( QUESTION2 -1 -1.030e+03 9.277e+02 1.849e+02
s>        ( - -8.378e+01 1 0)
s>        ( QUESTION12 -1 -1.888e+01 4.876e+02 1.254e+02
s>            ( QUESTION0_5_R 1 1.068e+02 4.078e+02 9.137e+01
s>                ( - 5.931e+02 1 0)
s>                ( SILENCE 1 -7.862e+01 3.407e+02 7.668e+01
s>                    ( - -5.857e+01 1 0)
s>                    ( QUESTION0_11_R 1 3.206e+02 2.270e+02 3.033e+01
s>                        ( - 2.440e+02 1 0)
s>                        ( QUESTION0_2_R 1 3.036e+02 1.701e+02 2.933e+01
s>                            ( - 7.374e+01 1 0)
s>                            ( QUESTION0_0_R 1 3.999e+02 1.442e+02 2.323e+01
s>                                ( - 3.472e+02 1 0)
s>                                ( - 1.969e+02 2 0 QUESTION0 1 1.886e+02 5.000e+00))))))
s>            ( - 3.620e+02 1 0)))INFO: dtree.c(1524): Final simple tree
|( QUESTION0 -1 -1.309e+04 6.225e+02 8.510e+02
|    ( QUESTION0_1_R 1 -1.028e+04 4.219e+02 6.444e+02
|        ( - -6.112e+02 1 0)
|        ( QUESTION0_14_R 1 -9.250e+03 2.983e+02 5.532e+02
|            ( - -5.940e+02 1 0)
|            ( - -8.358e+03 13 0 QUESTION13 1 2.071e+02 4.982e+02)))
|    ( QUESTION0_1_R 1 -2.180e+03 2.867e+02 2.066e+02
|        ( - 4.937e+01 1 0)
|        ( QUESTION0_9_R 1 -1.943e+03 2.504e+02 1.796e+02
|            ( - 1.730e+02 1 0)
|            ( QUESTION0_0_R 1 -1.865e+03 2.486e+02 1.746e+02
|                ( - -8.465e+02 4 0 QUESTION11 1 2.101e+02 6.741e+01)
|                ( QUESTION0_17_R 1 -7.703e+02 2.206e+02 1.072e+02
|                    ( - 1.167e+02 1 0)
|                    ( - -6.665e+02 4 0 QUESTION0 1 1.449e+02 9.915e+01))))))
s>    ( QUESTION0 -1 -1.309e+04 6.225e+02 8.510e+02
s>        ( QUESTION0_1_R 1 -1.028e+04 4.219e+02 6.444e+02
s>            ( - -6.112e+02 1 0)
s>            ( QUESTION0_14_R 1 -9.250e+03 2.983e+02 5.532e+02
s>                ( - -5.940e+02 1 0)
s>                ( - -8.358e+03 13 0 QUESTION13 1 2.071e+02 4.982e+02)))
s>        ( QUESTION0_1_R 1 -2.180e+03 2.867e+02 2.066e+02
s>            ( - 4.937e+01 1 0)
s>            ( QUESTION0_9_R 1 -1.943e+03 2.504e+02 1.796e+02
s>                ( - 1.730e+02 1 0)
s>                ( QUESTION0_0_R 1 -1.865e+03 2.486e+02 1.746e+02
s>                    ( - -8.465e+02 4 0 QUESTION11 1 2.101e+02 6.741e+01)
s>                    ( QUESTION0_17_R 1 -7.703e+02 2.206e+02 1.072e+02
s>                        ( - 1.167e+02 1 0)
s>                        ( - -6.665e+02 4 0 QUESTION0 1 1.449e+02 9.915e+01))))))INFO: dtree.c(1351): Comp split 2
INFO: dtree.c(1524): Final simple tree
|( QUESTION15 -1 -1.325e+04 5.069e+02 9.323e+02
|    ( QUESTION12 1 -2.207e+03 2.791e+02 1.960e+02
|        ( - -8.249e+02 2 0)
|        ( - -1.103e+03 6 0 QUESTION0_10_R 1 1.676e+02 1.071e+02))
|    ( QUESTION2_9_L -1 -1.054e+04 3.167e+02 7.364e+02
|        ( QUESTION4 1 -5.901e+03 3.274e+02 4.160e+02
|            ( QUESTION0 -1 -6.014e+02 2.610e+02 7.800e+01
|                ( - -4.690e+02 1 0)
|                ( - 1.286e+02 1 0))
|            ( QUESTION8 -1 -4.973e+03 2.534e+02 3.380e+02
|                ( - -4.164e+02 4 0 QUESTION0_5_R 1 1.932e+02 6.622e+01)
|                ( - -4.303e+03 19 0 QUESTION11 1 1.956e+02 2.718e+02)))
|        ( QUESTION0_5_R 1 -4.319e+03 2.952e+02 3.204e+02
|            ( - -6.130e+02 2 0 SILENCE -1 1.888e+02 9.304e+01)
|            ( - -3.411e+03 8 0 QUESTION14 1 2.251e+02 2.273e+02))))
s>    ( QUESTION15 -1 -1.325e+04 5.069e+02 9.323e+02
s>        ( QUESTION12 1 -2.207e+03 2.791e+02 1.960e+02
s>            ( - -8.249e+02 2 0)
s>            ( - -1.103e+03 6 0 QUESTION0_10_R 1 1.676e+02 1.071e+02))
s>        ( QUESTION2_9_L -1 -1.054e+04 3.167e+02 7.364e+02
s>            ( QUESTION4 1 -5.901e+03 3.274e+02 4.160e+02
s>                ( QUESTION0 -1 -6.014e+02 2.610e+02 7.800e+01
s>                    ( - -4.690e+02 1 0)
s>                    ( - 1.286e+02 1 0))
s>                ( QUESTION8 -1 -4.973e+03 2.534e+02 3.380e+02
s>                    ( - -4.164e+02 4 0 QUESTION0_5_R 1 1.932e+02 6.622e+01)
s>                    ( - -4.303e+03 19 0 QUESTION11 1 1.956e+02 2.718e+02)))
s>            ( QUESTION0_5_R 1 -4.319e+03 2.952e+02 3.204e+02
s>                ( - -6.130e+02 2 0 SILENCE -1 1.888e+02 9.304e+01)
s>                ( - -3.411e+03 8 0 QUESTION14 1 2.251e+02 2.273e+02))))INFO: dtree.c(1524): Final simple tree
|( QUESTION2_0_L -1 -5.582e+03 3.811e+02 7.531e+02
|    ( - 2.463e+02 1 0)
|    ( QUESTION0 -1 -5.448e+03 3.330e+02 7.029e+02
|        ( QUESTION0_1_R 1 -3.219e+03 3.282e+02 4.382e+02
|            ( - 3.738e+02 1 0)
|            ( QUESTION0_5_R 1 -3.264e+03 3.289e+02 4.256e+02
|                ( - -3.654e+02 7 0 QUESTION16 1 2.473e+02 6.835e+01)
|                ( QUESTION4 1 -2.570e+03 3.069e+02 3.572e+02
|                    ( - 2.906e+02 2 0)
|                    ( - -2.554e+03 16 0 SILENCE 1 2.531e+02 3.512e+02))))
|        ( QUESTION14 1 -1.896e+03 3.317e+02 2.647e+02
|            ( - 3.701e+02 1 0)
|            ( QUESTION8 1 -1.934e+03 2.737e+02 2.308e+02
|                ( - 2.136e+02 1 0)
|                ( - -1.874e+03 11 0 QUESTION0_7_R 1 3.003e+02 2.019e+02)))))
s>    ( QUESTION2_0_L -1 -5.582e+03 3.811e+02 7.531e+02
s>        ( - 2.463e+02 1 0)
s>        ( QUESTION0 -1 -5.448e+03 3.330e+02 7.029e+02
s>            ( QUESTION0_1_R 1 -3.219e+03 3.282e+02 4.382e+02
s>                ( - 3.738e+02 1 0)
s>                ( QUESTION0_5_R 1 -3.264e+03 3.289e+02 4.256e+02
s>                    ( - -3.654e+02 7 0 QUESTION16 1 2.473e+02 6.835e+01)
s>                    ( QUESTION4 1 -2.570e+03 3.069e+02 3.572e+02
s>                        ( - 2.906e+02 2 0)
s>                        ( - -2.554e+03 16 0 SILENCE 1 2.531e+02 3.512e+02))))
s>            ( QUESTION14 1 -1.896e+03 3.317e+02 2.647e+02
s>                ( - 3.701e+02 1 0)
s>                ( QUESTION8 1 -1.934e+03 2.737e+02 2.308e+02
s>                    ( - 2.136e+02 1 0)
s>                    ( - -1.874e+03 11 0 QUESTION0_7_R 1 3.003e+02 2.019e+02)))))INFO: dtree.c(1351): Comp split 3
INFO: dtree.c(1524): Final simple tree
|( QUESTION12 -1 -1.888e+01 4.876e+02 1.254e+02
|    ( QUESTION0_5_R 1 1.068e+02 4.078e+02 9.137e+01
|        ( - 5.931e+02 1 0)
|        ( SILENCE 1 -7.862e+01 3.407e+02 7.668e+01
|            ( - -5.857e+01 1 0)
|            ( QUESTION0_11_R 1 3.206e+02 2.270e+02 3.033e+01
|                ( - 2.440e+02 1 0)
|                ( QUESTION0_2_R 1 3.036e+02 1.701e+02 2.933e+01
|                    ( - 7.374e+01 1 0)
|                    ( QUESTION0_0_R 1 3.999e+02 1.442e+02 2.323e+01
|                        ( - 3.472e+02 1 0)
|                        ( QUESTION0 1 1.969e+02 1.886e+02 5.000e+00
|                            ( - 2.469e+02 1 0)
|                            ( - 1.386e+02 1 0)))))))
|    ( - 3.620e+02 1 0))
s>    ( QUESTION12 -1 -1.888e+01 4.876e+02 1.254e+02
s>        ( QUESTION0_5_R 1 1.068e+02 4.078e+02 9.137e+01
s>            ( - 5.931e+02 1 0)
s>            ( SILENCE 1 -7.862e+01 3.407e+02 7.668e+01
s>                ( - -5.857e+01 1 0)
s>                ( QUESTION0_11_R 1 3.206e+02 2.270e+02 3.033e+01
s>                    ( - 2.440e+02 1 0)
s>                    ( QUESTION0_2_R 1 3.036e+02 1.701e+02 2.933e+01
s>                        ( - 7.374e+01 1 0)
s>                        ( QUESTION0_0_R 1 3.999e+02 1.442e+02 2.323e+01
s>                            ( - 3.472e+02 1 0)
s>                            ( QUESTION0 1 1.969e+02 1.886e+02 5.000e+00
s>                                ( - 2.469e+02 1 0)
s>                                ( - 1.386e+02 1 0)))))))
s>        ( - 3.620e+02 1 0))INFO: dtree.c(1351): Comp split 4
INFO: dtree.c(1524): Final simple tree
|( QUESTION0_1_R 1 -1.136e+04 4.022e+02 7.118e+02
|    ( - -6.112e+02 1 0)
|    ( QUESTION0_14_R 1 -1.035e+04 2.941e+02 6.206e+02
|        ( - -5.940e+02 1 0)
|        ( QUESTION0 -1 -9.463e+03 2.585e+02 5.656e+02
|            ( QUESTION13 1 -8.358e+03 2.071e+02 4.982e+02
|                ( - 1.140e+02 1 0)
|                ( QUESTION2_1_L -1 -8.265e+03 1.927e+02 4.852e+02
|                    ( - -7.973e+03 10 0 SILENCE 1 2.394e+02 4.682e+02)
|                    ( SILENCE 1 -9.834e+01 3.044e+02 1.700e+01
|                        ( - -1.109e+02 1 0)
|                        ( - 3.170e+02 1 0))))
|            ( QUESTION11 1 -8.465e+02 2.101e+02 6.741e+01
|                ( - 1.093e-01 1 0)
|                ( - -6.365e+02 3 0 QUESTION0_5_R 1 1.300e+02 5.741e+01)))))
s>    ( QUESTION0_1_R 1 -1.136e+04 4.022e+02 7.118e+02
s>        ( - -6.112e+02 1 0)
s>        ( QUESTION0_14_R 1 -1.035e+04 2.941e+02 6.206e+02
s>            ( - -5.940e+02 1 0)
s>            ( QUESTION0 -1 -9.463e+03 2.585e+02 5.656e+02
s>                ( QUESTION13 1 -8.358e+03 2.071e+02 4.982e+02
s>                    ( - 1.140e+02 1 0)
s>                    ( QUESTION2_1_L -1 -8.265e+03 1.927e+02 4.852e+02
s>                        ( - -7.973e+03 10 0 SILENCE 1 2.394e+02 4.682e+02)
s>                        ( SILENCE 1 -9.834e+01 3.044e+02 1.700e+01
s>                            ( - -1.109e+02 1 0)
s>                            ( - 3.170e+02 1 0))))
s>                ( QUESTION11 1 -8.465e+02 2.101e+02 6.741e+01
s>                    ( - 1.093e-01 1 0)
s>                    ( - -6.365e+02 3 0 QUESTION0_5_R 1 1.300e+02 5.741e+01)))))INFO: dtree.c(1483): stop. leaf nodes are specific
INFO: dtree.c(1524): Final simple tree
|( QUESTION0_0_R 1 -9.990e+02 2.579e+02 1.392e+02
|    ( QUESTION0_1_R 1 2.920e+01 1.932e+02 3.201e+01
|        ( - 4.937e+01 1 0)
|        ( - 1.730e+02 1 0))
|    ( QUESTION0_17_R 1 -7.703e+02 2.206e+02 1.072e+02
|        ( - 1.167e+02 1 0)
|        ( QUESTION0 1 -6.665e+02 1.449e+02 9.915e+01
|            ( QUESTION0_13_R 1 -1.432e+02 1.910e+02 2.898e+01
|                ( - 1.071e+02 1 0)
|                ( - -5.932e+01 1 0))
|            ( SILENCE 1 -3.784e+02 1.137e+02 7.017e+01
|                ( - -9.397e+01 1 0)
|                ( - -1.707e+02 1 0)))))
s>    ( QUESTION0_0_R 1 -9.990e+02 2.579e+02 1.392e+02
s>        ( QUESTION0_1_R 1 2.920e+01 1.932e+02 3.201e+01
s>            ( - 4.937e+01 1 0)
s>            ( - 1.730e+02 1 0))
s>        ( QUESTION0_17_R 1 -7.703e+02 2.206e+02 1.072e+02
s>            ( - 1.167e+02 1 0)
s>            ( QUESTION0 1 -6.665e+02 1.449e+02 9.915e+01
s>                ( QUESTION0_13_R 1 -1.432e+02 1.910e+02 2.898e+01
s>                    ( - 1.071e+02 1 0)
s>                    ( - -5.932e+01 1 0))
s>                ( SILENCE 1 -3.784e+02 1.137e+02 7.017e+01
s>                    ( - -9.397e+01 1 0)
s>                    ( - -1.707e+02 1 0)))))INFO: dtree.c(1351): Comp split 5
INFO: dtree.c(1483): stop. leaf nodes are specific
INFO: dtree.c(1524): Final simple tree
|( QUESTION0_0_R 1 -1.721e+03 2.827e+02 1.819e+02
|    ( SILENCE -1 -6.130e+02 1.888e+02 9.304e+01
|        ( - -4.385e+02 1 0)
|        ( - 1.427e+01 1 0))
|    ( - -8.249e+02 2 0))
s>    ( QUESTION0_0_R 1 -1.721e+03 2.827e+02 1.819e+02
s>        ( SILENCE -1 -6.130e+02 1.888e+02 9.304e+01
s>            ( - -4.385e+02 1 0)
s>            ( - 1.427e+01 1 0))
s>        ( - -8.249e+02 2 0))INFO: dtree.c(1524): Final simple tree
|( QUESTION4 1 -1.089e+04 3.176e+02 7.505e+02
|    ( QUESTION2 -1 -8.999e+02 2.503e+02 1.180e+02
|        ( - 1.286e+02 1 0)
|        ( - -7.781e+02 3 0 QUESTION12 -1 1.405e+02 1.140e+02))
|    ( QUESTION14 1 -9.677e+03 2.960e+02 6.325e+02
|        ( - -1.598e+03 3 0 QUESTION1 -1 1.857e+02 1.244e+02)
|        ( QUESTION0 -1 -7.783e+03 2.983e+02 5.081e+02
|            ( - -2.998e+03 9 0 QUESTION0_6_R 1 2.069e+02 1.768e+02)
|            ( QUESTION2_9_L -1 -4.487e+03 2.480e+02 3.313e+02
|                ( QUESTION0_3_R 1 -2.641e+03 2.372e+02 2.274e+02
|                    ( - 2.110e+02 1 0)
|                    ( SILENCE 1 -2.615e+03 2.086e+02 2.244e+02
|                        ( - 1.625e+02 2 0 QUESTION3 -1 1.228e+02 1.400e+01)
|                        ( - -2.569e+03 15 0 QUESTION2 -1 1.969e+02 2.104e+02)))
|                ( - -1.598e+03 5 0 SILENCE -1 1.913e+02 1.039e+02)))))
s>    ( QUESTION4 1 -1.089e+04 3.176e+02 7.505e+02
s>        ( QUESTION2 -1 -8.999e+02 2.503e+02 1.180e+02
s>            ( - 1.286e+02 1 0)
s>            ( - -7.781e+02 3 0 QUESTION12 -1 1.405e+02 1.140e+02))
s>        ( QUESTION14 1 -9.677e+03 2.960e+02 6.325e+02
s>            ( - -1.598e+03 3 0 QUESTION1 -1 1.857e+02 1.244e+02)
s>            ( QUESTION0 -1 -7.783e+03 2.983e+02 5.081e+02
s>                ( - -2.998e+03 9 0 QUESTION0_6_R 1 2.069e+02 1.768e+02)
s>                ( QUESTION2_9_L -1 -4.487e+03 2.480e+02 3.313e+02
s>                    ( QUESTION0_3_R 1 -2.641e+03 2.372e+02 2.274e+02
s>                        ( - 2.110e+02 1 0)
s>                        ( SILENCE 1 -2.615e+03 2.086e+02 2.244e+02
s>                            ( - 1.625e+02 2 0 QUESTION3 -1 1.228e+02 1.400e+01)
s>                            ( - -2.569e+03 15 0 QUESTION2 -1 1.969e+02 2.104e+02)))
s>                    ( - -1.598e+03 5 0 SILENCE -1 1.913e+02 1.039e+02)))))INFO: dtree.c(1351): Comp split 6
INFO: dtree.c(1524): Final simple tree
|( QUESTION2_1_L -1 -8.537e+03 2.163e+02 5.082e+02
|    ( SILENCE 1 -8.067e+03 2.394e+02 4.812e+02
|        ( - 2.107e+02 1 0)
|        ( QUESTION13 1 -8.039e+03 2.079e+02 4.792e+02
|            ( - 1.140e+02 1 0)
|            ( QUESTION2 1 -7.945e+03 1.818e+02 4.662e+02
|                ( - -2.172e+03 4 0 QUESTION0_9_R 1 1.194e+02 1.099e+02)
|                ( QUESTION12 1 -5.591e+03 1.415e+02 3.563e+02
|                    ( - -8.664e+02 1 0)
|                    ( - -4.583e+03 4 0 QUESTION0_0_R 1 1.220e+02 2.992e+02)))))
|    ( QUESTION0_12_R 1 -2.528e+02 3.049e+02 2.700e+01
|        ( - 3.170e+02 1 0)
|        ( SILENCE 1 -2.649e+02 1.540e+02 2.300e+01
|            ( - -1.109e+02 1 0)
|            ( - 1.093e-01 1 0))))
s>    ( QUESTION2_1_L -1 -8.537e+03 2.163e+02 5.082e+02
s>        ( SILENCE 1 -8.067e+03 2.394e+02 4.812e+02
s>            ( - 2.107e+02 1 0)
s>            ( QUESTION13 1 -8.039e+03 2.079e+02 4.792e+02
s>                ( - 1.140e+02 1 0)
s>                ( QUESTION2 1 -7.945e+03 1.818e+02 4.662e+02
s>                    ( - -2.172e+03 4 0 QUESTION0_9_R 1 1.194e+02 1.099e+02)
s>                    ( QUESTION12 1 -5.591e+03 1.415e+02 3.563e+02
s>                        ( - -8.664e+02 1 0)
s>                        ( - -4.583e+03 4 0 QUESTION0_0_R 1 1.220e+02 2.992e+02)))))
s>        ( QUESTION0_12_R 1 -2.528e+02 3.049e+02 2.700e+01
s>            ( - 3.170e+02 1 0)
s>            ( SILENCE 1 -2.649e+02 1.540e+02 2.300e+01
s>                ( - -1.109e+02 1 0)
s>                ( - 1.093e-01 1 0))))INFO: dtree.c(1483): stop. leaf nodes are specific
INFO: dtree.c(1524): Final simple tree
|( QUESTION0_2_R 1 -2.262e+03 2.372e+02 2.037e+02
|    ( QUESTION0_5_R 1 -6.365e+02 1.300e+02 5.741e+01
|        ( - -2.344e+02 1 0)
|        ( QUESTION0_11_R 1 -2.721e+02 1.202e+02 3.148e+01
|            ( - -1.713e+02 1 0)
|            ( - 1.940e+01 1 0)))
|    ( QUESTION0_0_R 1 -1.389e+03 1.833e+02 1.462e+02
|        ( - -6.112e+02 1 0)
|        ( - -5.940e+02 1 0)))
s>    ( QUESTION0_2_R 1 -2.262e+03 2.372e+02 2.037e+02
s>        ( QUESTION0_5_R 1 -6.365e+02 1.300e+02 5.741e+01
s>            ( - -2.344e+02 1 0)
s>            ( QUESTION0_11_R 1 -2.721e+02 1.202e+02 3.148e+01
s>                ( - -1.713e+02 1 0)
s>                ( - 1.940e+01 1 0)))
s>        ( QUESTION0_0_R 1 -1.389e+03 1.833e+02 1.462e+02
s>            ( - -6.112e+02 1 0)
s>            ( - -5.940e+02 1 0)))INFO: dtree.c(1351): Comp split 7
INFO: dtree.c(1524): Final simple tree
|( QUESTION0 -1 -5.445e+03 3.519e+02 6.401e+02
|    ( QUESTION0_1_R 1 -3.219e+03 3.282e+02 4.382e+02
|        ( - 3.738e+02 1 0)
|        ( QUESTION0_5_R 1 -3.264e+03 3.289e+02 4.256e+02
|            ( - -3.654e+02 7 0 QUESTION16 1 2.473e+02 6.835e+01)
|            ( QUESTION4 1 -2.570e+03 3.069e+02 3.572e+02
|                ( - 2.906e+02 2 0)
|                ( SILENCE 1 -2.554e+03 2.531e+02 3.512e+02
|                    ( - 2.440e+02 1 0)
|                    ( - -2.545e+03 15 0 QUESTION0_17_R 1 2.514e+02 3.502e+02)))))
|    ( QUESTION0_7_R 1 -1.874e+03 3.003e+02 2.019e+02
|        ( - -6.704e+02 1 0)
|        ( QUESTION4 1 -9.035e+02 2.553e+02 8.555e+01
|            ( - 2.428e+02 1 0)
|            ( - -8.910e+02 9 0 QUESTION0_1_R 1 2.143e+02 8.455e+01))))
s>    ( QUESTION0 -1 -5.445e+03 3.519e+02 6.401e+02
s>        ( QUESTION0_1_R 1 -3.219e+03 3.282e+02 4.382e+02
s>            ( - 3.738e+02 1 0)
s>            ( QUESTION0_5_R 1 -3.264e+03 3.289e+02 4.256e+02
s>                ( - -3.654e+02 7 0 QUESTION16 1 2.473e+02 6.835e+01)
s>                ( QUESTION4 1 -2.570e+03 3.069e+02 3.572e+02
s>                    ( - 2.906e+02 2 0)
s>                    ( SILENCE 1 -2.554e+03 2.531e+02 3.512e+02
s>                        ( - 2.440e+02 1 0)
s>                        ( - -2.545e+03 15 0 QUESTION0_17_R 1 2.514e+02 3.502e+02)))))
s>        ( QUESTION0_7_R 1 -1.874e+03 3.003e+02 2.019e+02
s>            ( - -6.704e+02 1 0)
s>            ( QUESTION4 1 -9.035e+02 2.553e+02 8.555e+01
s>                ( - 2.428e+02 1 0)
s>                ( - -8.910e+02 9 0 QUESTION0_1_R 1 2.143e+02 8.455e+01))))INFO: dtree.c(1483): stop. leaf nodes are specific
INFO: dtree.c(1524): Final simple tree
|( QUESTION0_0_R 1 4.252e+02 2.254e+02 1.130e+02
|    ( - 2.136e+02 1 0)
|    ( QUESTION0_13_R 1 4.370e+02 1.794e+02 8.415e+01
|        ( - 3.701e+02 1 0)
|        ( - 2.463e+02 1 0)))
s>    ( QUESTION0_0_R 1 4.252e+02 2.254e+02 1.130e+02
s>        ( - 2.136e+02 1 0)
s>        ( QUESTION0_13_R 1 4.370e+02 1.794e+02 8.415e+01
s>            ( - 3.701e+02 1 0)
s>            ( - 2.463e+02 1 0)))INFO: dtree.c(1351): Comp split 8
INFO: dtree.c(1483): stop. leaf nodes are specific
INFO: dtree.c(1524): Final simple tree
|( QUESTION0_5_R 1 1.068e+02 4.078e+02 9.137e+01
|    ( - 5.931e+02 1 0)
|    ( SILENCE 1 -7.862e+01 3.407e+02 7.668e+01
|        ( - -5.857e+01 1 0)
|        ( QUESTION0_11_R 1 3.206e+02 2.270e+02 3.033e+01
|            ( - 2.440e+02 1 0)
|            ( QUESTION0_2_R 1 3.036e+02 1.701e+02 2.933e+01
|                ( - 7.374e+01 1 0)
|                ( QUESTION0_0_R 1 3.999e+02 1.442e+02 2.323e+01
|                    ( - 3.472e+02 1 0)
|                    ( QUESTION0 1 1.969e+02 1.886e+02 5.000e+00
|                        ( - 2.469e+02 1 0)
|                        ( - 1.386e+02 1 0)))))))
s>    ( QUESTION0_5_R 1 1.068e+02 4.078e+02 9.137e+01
s>        ( - 5.931e+02 1 0)
s>        ( SILENCE 1 -7.862e+01 3.407e+02 7.668e+01
s>            ( - -5.857e+01 1 0)
s>            ( QUESTION0_11_R 1 3.206e+02 2.270e+02 3.033e+01
s>                ( - 2.440e+02 1 0)
s>                ( QUESTION0_2_R 1 3.036e+02 1.701e+02 2.933e+01
s>                    ( - 7.374e+01 1 0)
s>                    ( QUESTION0_0_R 1 3.999e+02 1.442e+02 2.323e+01
s>                        ( - 3.472e+02 1 0)
s>                        ( QUESTION0 1 1.969e+02 1.886e+02 5.000e+00
s>                            ( - 2.469e+02 1 0)
s>                            ( - 1.386e+02 1 0)))))))INFO: dtree.c(1351): Comp split 9
INFO: dtree.c(1524): Final simple tree
|( QUESTION0 -1 -4.777e+03 3.681e+02 5.511e+02
|    ( QUESTION0_17_R 1 -2.545e+03 2.514e+02 3.502e+02
|        ( - 2.568e+02 1 0)
|        ( QUESTION11 1 -2.550e+03 2.315e+02 3.482e+02
|            ( - -7.337e+01 2 0)
|            ( QUESTION0_9_R 1 -2.245e+03 1.862e+02 3.032e+02
|                ( - -3.307e+01 1 0)
|                ( - -2.026e+03 11 0 QUESTION0 1 1.753e+02 2.892e+02))))
|    ( QUESTION0_7_R 1 -1.864e+03 3.026e+02 2.009e+02
|        ( - -6.704e+02 1 0)
|        ( QUESTION0_1_R 1 -8.910e+02 2.143e+02 8.455e+01
|            ( - -8.690e+01 1 0)
|            ( QUESTION0 1 -5.898e+02 1.759e+02 6.755e+01
|                ( - 1.254e+02 2 0 QUESTION0_13_R 1 1.496e+02 1.900e+01)
|                ( - -5.393e+02 6 0 SILENCE 1 1.622e+02 4.855e+01)))))
s>    ( QUESTION0 -1 -4.777e+03 3.681e+02 5.511e+02
s>        ( QUESTION0_17_R 1 -2.545e+03 2.514e+02 3.502e+02
s>            ( - 2.568e+02 1 0)
s>            ( QUESTION11 1 -2.550e+03 2.315e+02 3.482e+02
s>                ( - -7.337e+01 2 0)
s>                ( QUESTION0_9_R 1 -2.245e+03 1.862e+02 3.032e+02
s>                    ( - -3.307e+01 1 0)
s>                    ( - -2.026e+03 11 0 QUESTION0 1 1.753e+02 2.892e+02))))
s>        ( QUESTION0_7_R 1 -1.864e+03 3.026e+02 2.009e+02
s>            ( - -6.704e+02 1 0)
s>            ( QUESTION0_1_R 1 -8.910e+02 2.143e+02 8.455e+01
s>                ( - -8.690e+01 1 0)
s>                ( QUESTION0 1 -5.898e+02 1.759e+02 6.755e+01
s>                    ( - 1.254e+02 2 0 QUESTION0_13_R 1 1.496e+02 1.900e+01)
s>                    ( - -5.393e+02 6 0 SILENCE 1 1.622e+02 4.855e+01)))))INFO: dtree.c(1483): stop. leaf nodes are specific
INFO: dtree.c(1524): Final simple tree
|( QUESTION0_1_R 1 -2.171e+02 2.586e+02 8.893e+01
|    ( - 3.738e+02 1 0)
|    ( SILENCE 1 -3.322e+02 2.527e+02 7.635e+01
|        ( - 2.440e+02 1 0)
|        ( QUESTION0 -1 -3.236e+02 2.521e+02 7.535e+01
|            ( QUESTION16 1 -3.142e+02 2.475e+02 7.435e+01
|                ( - 2.089e+02 1 0)
|                ( QUESTION0_0_R 1 -2.756e+02 2.392e+02 7.235e+01
|                    ( QUESTION0_6_R 1 -3.270e+02 1.464e+02 6.635e+01
|                        ( - -1.289e+02 2 0)
|                        ( - -5.166e+01 4 0))
|                    ( - 2.906e+02 2 0)))
|            ( - 2.428e+02 1 0))))
s>    ( QUESTION0_1_R 1 -2.171e+02 2.586e+02 8.893e+01
s>        ( - 3.738e+02 1 0)
s>        ( SILENCE 1 -3.322e+02 2.527e+02 7.635e+01
s>            ( - 2.440e+02 1 0)
s>            ( QUESTION0 -1 -3.236e+02 2.521e+02 7.535e+01
s>                ( QUESTION16 1 -3.142e+02 2.475e+02 7.435e+01
s>                    ( - 2.089e+02 1 0)
s>                    ( QUESTION0_0_R 1 -2.756e+02 2.392e+02 7.235e+01
s>                        ( QUESTION0_6_R 1 -3.270e+02 1.464e+02 6.635e+01
s>                            ( - -1.289e+02 2 0)
s>                            ( - -5.166e+01 4 0))
s>                        ( - 2.906e+02 2 0)))
s>                ( - 2.428e+02 1 0))))INFO: dtree.c(1351): Comp split 10
INFO: dtree.c(1524): Final simple tree
|( QUESTION0 -1 -7.858e+03 2.913e+02 5.121e+02
|    ( QUESTION0_6_R 1 -2.998e+03 2.069e+02 1.768e+02
|        ( - -7.079e+01 2 0)
|        ( - -2.720e+03 7 0 QUESTION0_1_R 1 1.839e+02 1.538e+02))
|    ( QUESTION2_9_L -1 -4.569e+03 2.502e+02 3.353e+02
|        ( QUESTION0_3_R 1 -2.721e+03 2.372e+02 2.314e+02
|            ( - 2.110e+02 1 0)
|            ( QUESTION4 1 -2.695e+03 2.081e+02 2.284e+02
|                ( - 1.286e+02 1 0)
|                ( SILENCE 1 -2.615e+03 2.086e+02 2.244e+02
|                    ( - 1.625e+02 2 0 QUESTION3 -1 1.228e+02 1.400e+01)
|                    ( QUESTION2 -1 -2.569e+03 1.969e+02 2.104e+02
|                        ( - -1.431e+03 10 0 WDBNDRY_S 0 2.030e+02 1.162e+02)
|                        ( - -9.414e+02 5 0 QUESTION0_10_R 1 1.678e+02 9.414e+01)))))
|        ( - -1.598e+03 5 0 SILENCE -1 1.913e+02 1.039e+02)))
s>    ( QUESTION0 -1 -7.858e+03 2.913e+02 5.121e+02
s>        ( QUESTION0_6_R 1 -2.998e+03 2.069e+02 1.768e+02
s>            ( - -7.079e+01 2 0)
s>            ( - -2.720e+03 7 0 QUESTION0_1_R 1 1.839e+02 1.538e+02))
s>        ( QUESTION2_9_L -1 -4.569e+03 2.502e+02 3.353e+02
s>            ( QUESTION0_3_R 1 -2.721e+03 2.372e+02 2.314e+02
s>                ( - 2.110e+02 1 0)
s>                ( QUESTION4 1 -2.695e+03 2.081e+02 2.284e+02
s>                    ( - 1.286e+02 1 0)
s>                    ( SILENCE 1 -2.615e+03 2.086e+02 2.244e+02
s>                        ( - 1.625e+02 2 0 QUESTION3 -1 1.228e+02 1.400e+01)
s>                        ( QUESTION2 -1 -2.569e+03 1.969e+02 2.104e+02
s>                            ( - -1.431e+03 10 0 WDBNDRY_S 0 2.030e+02 1.162e+02)
s>                            ( - -9.414e+02 5 0 QUESTION0_10_R 1 1.678e+02 9.414e+01)))))
s>            ( - -1.598e+03 5 0 SILENCE -1 1.913e+02 1.039e+02)))INFO: dtree.c(1483): stop. leaf nodes are specific
INFO: dtree.c(1524): Final simple tree
|( QUESTION2 1 -2.588e+03 2.125e+02 2.384e+02
|    ( QUESTION12 -1 -7.781e+02 1.405e+02 1.140e+02
|        ( - 2.066e+01 1 0)
|        ( QUESTION0 -1 -6.583e+02 1.266e+02 8.698e+01
|            ( - -4.690e+02 1 0)
|            ( - -6.273e+01 1 0)))
|    ( QUESTION1 -1 -1.598e+03 1.857e+02 1.244e+02
|        ( - -1.267e+03 1 0)
|        ( SILENCE -1 -1.450e+02 1.498e+02 4.000e+01
|            ( - 6.068e+01 1 0)
|            ( - -5.591e+01 1 0))))
s>    ( QUESTION2 1 -2.588e+03 2.125e+02 2.384e+02
s>        ( QUESTION12 -1 -7.781e+02 1.405e+02 1.140e+02
s>            ( - 2.066e+01 1 0)
s>            ( QUESTION0 -1 -6.583e+02 1.266e+02 8.698e+01
s>                ( - -4.690e+02 1 0)
s>                ( - -6.273e+01 1 0)))
s>        ( QUESTION1 -1 -1.598e+03 1.857e+02 1.244e+02
s>            ( - -1.267e+03 1 0)
s>            ( SILENCE -1 -1.450e+02 1.498e+02 4.000e+01
s>                ( - 6.068e+01 1 0)
s>                ( - -5.591e+01 1 0))))INFO: dtree.c(1351): Comp split 11
INFO: dtree.c(1483): stop. leaf nodes are specific
INFO: dtree.c(1524): Final simple tree
|( SILENCE 1 -7.862e+01 3.407e+02 7.668e+01
|    ( - -5.857e+01 1 0)
|    ( QUESTION0_11_R 1 3.206e+02 2.270e+02 3.033e+01
|        ( - 2.440e+02 1 0)
|        ( QUESTION0_2_R 1 3.036e+02 1.701e+02 2.933e+01
|            ( - 7.374e+01 1 0)
|            ( QUESTION0_0_R 1 3.999e+02 1.442e+02 2.323e+01
|                ( - 3.472e+02 1 0)
|                ( QUESTION0 1 1.969e+02 1.886e+02 5.000e+00
|                    ( - 2.469e+02 1 0)
|                    ( - 1.386e+02 1 0))))))
s>    ( SILENCE 1 -7.862e+01 3.407e+02 7.668e+01
s>        ( - -5.857e+01 1 0)
s>        ( QUESTION0_11_R 1 3.206e+02 2.270e+02 3.033e+01
s>            ( - 2.440e+02 1 0)
s>            ( QUESTION0_2_R 1 3.036e+02 1.701e+02 2.933e+01
s>                ( - 7.374e+01 1 0)
s>                ( QUESTION0_0_R 1 3.999e+02 1.442e+02 2.323e+01
s>                    ( - 3.472e+02 1 0)
s>                    ( QUESTION0 1 1.969e+02 1.886e+02 5.000e+00
s>                        ( - 2.469e+02 1 0)
s>                        ( - 1.386e+02 1 0))))))INFO: dtree.c(1351): Comp split 12
INFO: dtree.c(1483): stop. leaf nodes are specific
INFO: dtree.c(1524): Final simple tree
|( QUESTION0 -1 -2.795e+03 2.032e+02 1.578e+02
|    ( QUESTION0_1_R 1 -2.720e+03 1.839e+02 1.538e+02
|        ( - -1.513e+02 1 0)
|        ( SILENCE 1 -2.385e+03 1.439e+02 1.398e+02
|            ( - -2.055e+01 1 0)
|            ( QUESTION0_4_R 1 -2.221e+03 1.371e+02 1.258e+02
|                ( - -1.480e+03 2 0)
|                ( QUESTION0_0_R 1 -6.038e+02 9.776e+01 3.398e+01
|                    ( - -2.080e+02 1 0)
|                    ( - -2.981e+02 2 0)))))
|    ( - 1.286e+02 1 0))
s>    ( QUESTION0 -1 -2.795e+03 2.032e+02 1.578e+02
s>        ( QUESTION0_1_R 1 -2.720e+03 1.839e+02 1.538e+02
s>            ( - -1.513e+02 1 0)
s>            ( SILENCE 1 -2.385e+03 1.439e+02 1.398e+02
s>                ( - -2.055e+01 1 0)
s>                ( QUESTION0_4_R 1 -2.221e+03 1.371e+02 1.258e+02
s>                    ( - -1.480e+03 2 0)
s>                    ( QUESTION0_0_R 1 -6.038e+02 9.776e+01 3.398e+01
s>                        ( - -2.080e+02 1 0)
s>                        ( - -2.981e+02 2 0)))))
s>        ( - 1.286e+02 1 0))INFO: dtree.c(1524): Final simple tree
|( QUESTION2_9_L -1 -4.666e+03 2.572e+02 3.543e+02
|    ( QUESTION0_3_R 1 -2.811e+03 2.369e+02 2.504e+02
|        ( - 2.110e+02 1 0)
|        ( QUESTION2 -1 -2.785e+03 2.162e+02 2.474e+02
|            ( SILENCE 1 -1.475e+03 2.065e+02 1.302e+02
|                ( - 1.625e+02 2 0 QUESTION3 -1 1.228e+02 1.400e+01)
|                ( WDBNDRY_S 0 -1.431e+03 2.030e+02 1.162e+02
|                    ( QUESTION0 1 -1.214e+03 2.115e+02 1.032e+02
|                        ( QUESTION0_0_R 1 -4.457e+02 2.348e+02 5.822e+01
|                            ( - -3.060e+02 3 0 QUESTION3 -1 1.439e+02 5.022e+01)
|                            ( - 9.508e+01 1 0))
|                        ( - -5.573e+02 4 0 QUESTION0_14_R 1 1.914e+02 4.500e+01))
|                    ( - -1.319e+01 2 0 QUESTION0_9_R 1 1.574e+02 1.299e+01)))
|            ( - -1.094e+03 7 0 QUESTION0_10_R 1 1.698e+02 1.171e+02)))
|    ( - -1.598e+03 5 0 SILENCE -1 1.913e+02 1.039e+02))
s>    ( QUESTION2_9_L -1 -4.666e+03 2.572e+02 3.543e+02
s>        ( QUESTION0_3_R 1 -2.811e+03 2.369e+02 2.504e+02
s>            ( - 2.110e+02 1 0)
s>            ( QUESTION2 -1 -2.785e+03 2.162e+02 2.474e+02
s>                ( SILENCE 1 -1.475e+03 2.065e+02 1.302e+02
s>                    ( - 1.625e+02 2 0 QUESTION3 -1 1.228e+02 1.400e+01)
s>                    ( WDBNDRY_S 0 -1.431e+03 2.030e+02 1.162e+02
s>                        ( QUESTION0 1 -1.214e+03 2.115e+02 1.032e+02
s>                            ( QUESTION0_0_R 1 -4.457e+02 2.348e+02 5.822e+01
s>                                ( - -3.060e+02 3 0 QUESTION3 -1 1.439e+02 5.022e+01)
s>                                ( - 9.508e+01 1 0))
s>                            ( - -5.573e+02 4 0 QUESTION0_14_R 1 1.914e+02 4.500e+01))
s>                        ( - -1.319e+01 2 0 QUESTION0_9_R 1 1.574e+02 1.299e+01)))
s>                ( - -1.094e+03 7 0 QUESTION0_10_R 1 1.698e+02 1.171e+02)))
s>        ( - -1.598e+03 5 0 SILENCE -1 1.913e+02 1.039e+02))INFO: dtree.c(1351): Comp split 13
INFO: dtree.c(1524): Final simple tree
|( QUESTION11 1 -2.142e+03 2.741e+02 2.459e+02
|    ( QUESTION13 1 -1.210e+03 2.261e+02 1.794e+02
|        ( - -4.075e+01 1 0)
|        ( QUESTION0_0_R 1 -9.428e+02 1.626e+02 1.654e+02
|            ( - -7.069e+02 2 0 QUESTION0_6_R 1 1.137e+02 1.203e+02)
|            ( - -7.337e+01 2 0)))
|    ( QUESTION0_1_R 1 -6.579e+02 1.930e+02 6.654e+01
|        ( - -8.690e+01 1 0)
|        ( QUESTION0_12_R 1 -3.780e+02 1.727e+02 4.954e+01
|            ( QUESTION0_13_R 1 1.254e+02 1.496e+02 1.900e+01
|                ( - 1.051e+02 1 0)
|                ( - 1.700e+02 1 0))
|            ( SILENCE 1 -3.307e+02 1.502e+02 3.055e+01
|                ( - 4.422e+00 1 0)
|                ( - -1.850e+02 3 0 QUESTION0_9_R 1 1.423e+02 2.352e+01)))))
s>    ( QUESTION11 1 -2.142e+03 2.741e+02 2.459e+02
s>        ( QUESTION13 1 -1.210e+03 2.261e+02 1.794e+02
s>            ( - -4.075e+01 1 0)
s>            ( QUESTION0_0_R 1 -9.428e+02 1.626e+02 1.654e+02
s>                ( - -7.069e+02 2 0 QUESTION0_6_R 1 1.137e+02 1.203e+02)
s>                ( - -7.337e+01 2 0)))
s>        ( QUESTION0_1_R 1 -6.579e+02 1.930e+02 6.654e+01
s>            ( - -8.690e+01 1 0)
s>            ( QUESTION0_12_R 1 -3.780e+02 1.727e+02 4.954e+01
s>                ( QUESTION0_13_R 1 1.254e+02 1.496e+02 1.900e+01
s>                    ( - 1.051e+02 1 0)
s>                    ( - 1.700e+02 1 0))
s>                ( SILENCE 1 -3.307e+02 1.502e+02 3.055e+01
s>                    ( - 4.422e+00 1 0)
s>                    ( - -1.850e+02 3 0 QUESTION0_9_R 1 1.423e+02 2.352e+01)))))INFO: dtree.c(1483): stop. leaf nodes are specific
INFO: dtree.c(1524): Final simple tree
|( QUESTION0_17_R 1 -2.239e+03 2.509e+02 3.052e+02
|    ( - 2.568e+02 1 0)
|    ( QUESTION0_9_R 1 -2.245e+03 1.862e+02 3.032e+02
|        ( - -3.307e+01 1 0)
|        ( QUESTION0 1 -2.026e+03 1.753e+02 2.892e+02
|            ( QUESTION0_13_R 1 -1.660e+03 1.591e+02 1.885e+02
|                ( - -7.151e+02 5 0)
|                ( - -7.862e+02 2 0))
|            ( QUESTION0_11_R 1 -1.903e+02 1.844e+02 1.007e+02
|                ( - -2.036e+02 2 0)
|                ( QUESTION0_0_R 1 1.977e+02 2.402e+02 5.000e+00
|                    ( - 2.683e+02 1 0)
|                    ( - 1.697e+02 1 0))))))
s>    ( QUESTION0_17_R 1 -2.239e+03 2.509e+02 3.052e+02
s>        ( - 2.568e+02 1 0)
s>        ( QUESTION0_9_R 1 -2.245e+03 1.862e+02 3.032e+02
s>            ( - -3.307e+01 1 0)
s>            ( QUESTION0 1 -2.026e+03 1.753e+02 2.892e+02
s>                ( QUESTION0_13_R 1 -1.660e+03 1.591e+02 1.885e+02
s>                    ( - -7.151e+02 5 0)
s>                    ( - -7.862e+02 2 0))
s>                ( QUESTION0_11_R 1 -1.903e+02 1.844e+02 1.007e+02
s>                    ( - -2.036e+02 2 0)
s>                    ( QUESTION0_0_R 1 1.977e+02 2.402e+02 5.000e+00
s>                        ( - 2.683e+02 1 0)
s>                        ( - 1.697e+02 1 0))))))INFO: dtree.c(1351): Comp split 14
INFO: dtree.c(1483): stop. leaf nodes are specific
INFO: dtree.c(1524): Final simple tree
|( SILENCE 1 -5.712e+02 1.405e+02 8.817e+01
|    ( - -9.397e+01 1 0)
|    ( QUESTION0_13_R 1 -3.368e+02 1.067e+02 5.522e+01
|        ( - -1.707e+02 1 0)
|        ( - -5.932e+01 1 0)))
s>    ( SILENCE 1 -5.712e+02 1.405e+02 8.817e+01
s>        ( - -9.397e+01 1 0)
s>        ( QUESTION0_13_R 1 -3.368e+02 1.067e+02 5.522e+01
s>            ( - -1.707e+02 1 0)
s>            ( - -5.932e+01 1 0)))INFO: dtree.c(1483): stop. leaf nodes are specific
INFO: dtree.c(1524): Final simple tree
|( QUESTION0_2_R 1 -6.868e+01 2.078e+02 5.099e+01
|    ( - 1.730e+02 1 0)
|    ( QUESTION0_14_R 1 -3.387e+01 1.869e+02 4.599e+01
|        ( - 1.167e+02 1 0)
|        ( QUESTION0_0_R 1 3.631e+01 1.202e+02 3.799e+01
|            ( - 4.937e+01 1 0)
|            ( - 1.071e+02 1 0))))
s>    ( QUESTION0_2_R 1 -6.868e+01 2.078e+02 5.099e+01
s>        ( - 1.730e+02 1 0)
s>        ( QUESTION0_14_R 1 -3.387e+01 1.869e+02 4.599e+01
s>            ( - 1.167e+02 1 0)
s>            ( QUESTION0_0_R 1 3.631e+01 1.202e+02 3.799e+01
s>                ( - 4.937e+01 1 0)
s>                ( - 1.071e+02 1 0))))INFO: dtree.c(1351): Comp split 15
INFO: dtree.c(1483): stop. leaf nodes are specific
INFO: dtree.c(1524): Final simple tree
|( QUESTION0_11_R 1 3.206e+02 2.270e+02 3.033e+01
|    ( - 2.440e+02 1 0)
|    ( QUESTION0_2_R 1 3.036e+02 1.701e+02 2.933e+01
|        ( - 7.374e+01 1 0)
|        ( QUESTION0_0_R 1 3.999e+02 1.442e+02 2.323e+01
|            ( - 3.472e+02 1 0)
|            ( QUESTION0 1 1.969e+02 1.886e+02 5.000e+00
|                ( - 2.469e+02 1 0)
|                ( - 1.386e+02 1 0)))))
s>    ( QUESTION0_11_R 1 3.206e+02 2.270e+02 3.033e+01
s>        ( - 2.440e+02 1 0)
s>        ( QUESTION0_2_R 1 3.036e+02 1.701e+02 2.933e+01
s>            ( - 7.374e+01 1 0)
s>            ( QUESTION0_0_R 1 3.999e+02 1.442e+02 2.323e+01
s>                ( - 3.472e+02 1 0)
s>                ( QUESTION0 1 1.969e+02 1.886e+02 5.000e+00
s>                    ( - 2.469e+02 1 0)
s>                    ( - 1.386e+02 1 0)))))INFO: dtree.c(1351): Comp split 16
INFO: dtree.c(1483): stop. leaf nodes are specific
INFO: dtree.c(1524): Final simple tree
|( QUESTION0 1 -5.812e+02 1.783e+02 6.355e+01
|    ( QUESTION0_13_R 1 1.254e+02 1.496e+02 1.900e+01
|        ( - 1.051e+02 1 0)
|        ( - 1.700e+02 1 0))
|    ( QUESTION0_12_R 1 -5.284e+02 1.569e+02 4.455e+01
|        ( - -4.075e+01 1 0)
|        ( SILENCE 1 -3.307e+02 1.502e+02 3.055e+01
|            ( - 4.422e+00 1 0)
|            ( QUESTION0_9_R 1 -1.850e+02 1.423e+02 2.352e+01
|                ( - 1.188e+02 1 0)
|                ( QUESTION0_11_R 1 -1.615e+02 1.315e+02 2.052e+01
|                    ( - -4.639e+01 1 0)
|                    ( - 1.637e+01 1 0))))))
s>    ( QUESTION0 1 -5.812e+02 1.783e+02 6.355e+01
s>        ( QUESTION0_13_R 1 1.254e+02 1.496e+02 1.900e+01
s>            ( - 1.051e+02 1 0)
s>            ( - 1.700e+02 1 0))
s>        ( QUESTION0_12_R 1 -5.284e+02 1.569e+02 4.455e+01
s>            ( - -4.075e+01 1 0)
s>            ( SILENCE 1 -3.307e+02 1.502e+02 3.055e+01
s>                ( - 4.422e+00 1 0)
s>                ( QUESTION0_9_R 1 -1.850e+02 1.423e+02 2.352e+01
s>                    ( - 1.188e+02 1 0)
s>                    ( QUESTION0_11_R 1 -1.615e+02 1.315e+02 2.052e+01
s>                        ( - -4.639e+01 1 0)
s>                        ( - 1.637e+01 1 0))))))INFO: dtree.c(1483): stop. leaf nodes are specific
INFO: dtree.c(1524): Final simple tree
|( QUESTION0_1_R 1 -1.232e+03 2.022e+02 1.824e+02
|    ( - -8.690e+01 1 0)
|    ( QUESTION0_0_R 1 -9.428e+02 1.626e+02 1.654e+02
|        ( QUESTION0_6_R 1 -7.069e+02 1.137e+02 1.203e+02
|            ( - 7.728e+01 1 0)
|            ( - -6.704e+02 1 0))
|        ( - -7.337e+01 2 0)))
s>    ( QUESTION0_1_R 1 -1.232e+03 2.022e+02 1.824e+02
s>        ( - -8.690e+01 1 0)
s>        ( QUESTION0_0_R 1 -9.428e+02 1.626e+02 1.654e+02
s>            ( QUESTION0_6_R 1 -7.069e+02 1.137e+02 1.203e+02
s>                ( - 7.728e+01 1 0)
s>                ( - -6.704e+02 1 0))
s>            ( - -7.337e+01 2 0)))INFO: dtree.c(1351): Comp split 17
INFO: dtree.c(1524): Final simple tree
|( QUESTION13 1 -8.532e+03 2.066e+02 5.042e+02
|    ( - 1.140e+02 1 0)
|    ( QUESTION2_1_L -1 -8.439e+03 2.011e+02 4.912e+02
|        ( SILENCE 1 -7.973e+03 2.394e+02 4.682e+02
|            ( - 2.107e+02 1 0)
|            ( QUESTION2 1 -7.945e+03 1.818e+02 4.662e+02
|                ( - -2.172e+03 4 0 QUESTION0_9_R 1 1.194e+02 1.099e+02)
|                ( QUESTION12 1 -5.591e+03 1.415e+02 3.563e+02
|                    ( - -8.664e+02 1 0)
|                    ( QUESTION0_0_R 1 -4.583e+03 1.220e+02 2.992e+02
|                        ( - -3.437e+03 2 0 QUESTION0_6_R 1 1.161e+02 2.276e+02)
|                        ( - -1.024e+03 2 0)))))
|        ( SILENCE 1 -2.649e+02 1.540e+02 2.300e+01
|            ( - -1.109e+02 1 0)
|            ( - 1.093e-01 1 0))))
s>    ( QUESTION13 1 -8.532e+03 2.066e+02 5.042e+02
s>        ( - 1.140e+02 1 0)
s>        ( QUESTION2_1_L -1 -8.439e+03 2.011e+02 4.912e+02
s>            ( SILENCE 1 -7.973e+03 2.394e+02 4.682e+02
s>                ( - 2.107e+02 1 0)
s>                ( QUESTION2 1 -7.945e+03 1.818e+02 4.662e+02
s>                    ( - -2.172e+03 4 0 QUESTION0_9_R 1 1.194e+02 1.099e+02)
s>                    ( QUESTION12 1 -5.591e+03 1.415e+02 3.563e+02
s>                        ( - -8.664e+02 1 0)
s>                        ( QUESTION0_0_R 1 -4.583e+03 1.220e+02 2.992e+02
s>                            ( - -3.437e+03 2 0 QUESTION0_6_R 1 1.161e+02 2.276e+02)
s>                            ( - -1.024e+03 2 0)))))
s>            ( SILENCE 1 -2.649e+02 1.540e+02 2.300e+01
s>                ( - -1.109e+02 1 0)
s>                ( - 1.093e-01 1 0))))INFO: dtree.c(1351): Comp split 18
INFO: dtree.c(1524): Final simple tree
|( QUESTION0_12_R 1 -6.734e+02 2.383e+02 8.522e+01
|    ( - 9.508e+01 1 0)
|    ( QUESTION0 1 -5.302e+02 2.072e+02 7.722e+01
|        ( QUESTION3 -1 -3.060e+02 1.439e+02 5.022e+01
|            ( - 1.435e+02 1 0)
|            ( QUESTION0_1_R 1 -3.056e+02 1.557e+02 4.522e+01
|                ( - -7.892e+01 1 0)
|                ( - -7.095e+01 1 0)))
|        ( QUESTION0_10_R 1 -1.702e+01 1.823e+02 2.699e+01
|            ( - 1.018e+02 1 0)
|            ( QUESTION3 -1 6.355e+01 1.417e+02 2.199e+01
|                ( WDBNDRY_S 0 6.609e+00 1.224e+02 1.299e+01
|                    ( - 8.660e+01 1 0)
|                    ( - 4.240e+01 1 0))
|                ( - 1.986e+02 1 0)))))
s>    ( QUESTION0_12_R 1 -6.734e+02 2.383e+02 8.522e+01
s>        ( - 9.508e+01 1 0)
s>        ( QUESTION0 1 -5.302e+02 2.072e+02 7.722e+01
s>            ( QUESTION3 -1 -3.060e+02 1.439e+02 5.022e+01
s>                ( - 1.435e+02 1 0)
s>                ( QUESTION0_1_R 1 -3.056e+02 1.557e+02 4.522e+01
s>                    ( - -7.892e+01 1 0)
s>                    ( - -7.095e+01 1 0)))
s>            ( QUESTION0_10_R 1 -1.702e+01 1.823e+02 2.699e+01
s>                ( - 1.018e+02 1 0)
s>                ( QUESTION3 -1 6.355e+01 1.417e+02 2.199e+01
s>                    ( WDBNDRY_S 0 6.609e+00 1.224e+02 1.299e+01
s>                        ( - 8.660e+01 1 0)
s>                        ( - 4.240e+01 1 0))
s>                    ( - 1.986e+02 1 0)))))INFO: dtree.c(1524): Final simple tree
|( QUESTION2_10_L -1 -3.693e+03 2.468e+02 2.691e+02
|    ( QUESTION0_11_R 1 -1.240e+03 1.721e+02 1.291e+02
|        ( - 1.544e+02 1 0)
|        ( - -1.223e+03 7 0 QUESTION0_10_R 1 1.659e+02 1.251e+02))
|    ( QUESTION0_3_R 1 -2.206e+03 2.286e+02 1.399e+02
|        ( - 2.110e+02 1 0)
|        ( QUESTION0_5_R 1 -2.188e+03 2.031e+02 1.369e+02
|            ( - -1.152e+02 1 0)
|            ( QUESTION0_14_R 1 -1.870e+03 1.946e+02 1.219e+02
|                ( - 1.980e+02 1 0)
|                ( QUESTION11 -1 -1.874e+03 1.820e+02 1.189e+02
|                    ( QUESTION0_0_R 1 -1.817e+02 2.292e+02 2.000e+01
|                        ( - -1.053e+02 1 0)
|                        ( - 1.529e+02 1 0))
|                    ( - -1.510e+03 4 0 QUESTION11 1 1.444e+02 9.895e+01))))))
s>    ( QUESTION2_10_L -1 -3.693e+03 2.468e+02 2.691e+02
s>        ( QUESTION0_11_R 1 -1.240e+03 1.721e+02 1.291e+02
s>            ( - 1.544e+02 1 0)
s>            ( - -1.223e+03 7 0 QUESTION0_10_R 1 1.659e+02 1.251e+02))
s>        ( QUESTION0_3_R 1 -2.206e+03 2.286e+02 1.399e+02
s>            ( - 2.110e+02 1 0)
s>            ( QUESTION0_5_R 1 -2.188e+03 2.031e+02 1.369e+02
s>                ( - -1.152e+02 1 0)
s>                ( QUESTION0_14_R 1 -1.870e+03 1.946e+02 1.219e+02
s>                    ( - 1.980e+02 1 0)
s>                    ( QUESTION11 -1 -1.874e+03 1.820e+02 1.189e+02
s>                        ( QUESTION0_0_R 1 -1.817e+02 2.292e+02 2.000e+01
s>                            ( - -1.053e+02 1 0)
s>                            ( - 1.529e+02 1 0))
s>                        ( - -1.510e+03 4 0 QUESTION11 1 1.444e+02 9.895e+01))))))INFO: dtree.c(1351): Comp split 19
INFO: dtree.c(1483): stop. leaf nodes are specific
INFO: dtree.c(1524): Final simple tree
|( SILENCE 1 -3.366e+02 2.537e+02 6.735e+01
|    ( - 2.440e+02 1 0)
|    ( QUESTION0_6_R 1 -3.270e+02 1.464e+02 6.635e+01
|        ( - -1.289e+02 2 0)
|        ( - -5.166e+01 4 0)))
s>    ( SILENCE 1 -3.366e+02 2.537e+02 6.735e+01
s>        ( - 2.440e+02 1 0)
s>        ( QUESTION0_6_R 1 -3.270e+02 1.464e+02 6.635e+01
s>            ( - -1.289e+02 2 0)
s>            ( - -5.166e+01 4 0)))INFO: dtree.c(1483): stop. leaf nodes are specific
INFO: dtree.c(1524): Final simple tree
|( QUESTION0 -1 4.047e+02 2.524e+02 2.158e+01
|    ( QUESTION0_2_R 1 4.143e+02 2.366e+02 2.058e+01
|        ( - 2.089e+02 1 0)
|        ( QUESTION0_0_R 1 4.421e+02 2.223e+02 1.858e+01
|            ( - 3.738e+02 1 0)
|            ( - 2.906e+02 2 0)))
|    ( - 2.428e+02 1 0))
s>    ( QUESTION0 -1 4.047e+02 2.524e+02 2.158e+01
s>        ( QUESTION0_2_R 1 4.143e+02 2.366e+02 2.058e+01
s>            ( - 2.089e+02 1 0)
s>            ( QUESTION0_0_R 1 4.421e+02 2.223e+02 1.858e+01
s>                ( - 3.738e+02 1 0)
s>                ( - 2.906e+02 2 0)))
s>        ( - 2.428e+02 1 0))INFO: dtree.c(1351): Comp split 20
INFO: dtree.c(1483): stop. leaf nodes are specific
INFO: dtree.c(1524): Final simple tree
|( SILENCE -1 -6.130e+02 1.888e+02 9.304e+01
|    ( - -4.385e+02 1 0)
|    ( - 1.427e+01 1 0))
s>    ( SILENCE -1 -6.130e+02 1.888e+02 9.304e+01
s>        ( - -4.385e+02 1 0)
s>        ( - 1.427e+01 1 0))INFO: dtree.c(1351): Comp split 21
INFO: dtree.c(1483): stop. leaf nodes are specific
INFO: dtree.c(1524): Final simple tree
|( QUESTION0_3_R 1 -1.890e+03 2.270e+02 1.219e+02
|    ( - 2.110e+02 1 0)
|    ( QUESTION11 -1 -1.874e+03 1.820e+02 1.189e+02
|        ( QUESTION0_0_R 1 -1.817e+02 2.292e+02 2.000e+01
|            ( - -1.053e+02 1 0)
|            ( - 1.529e+02 1 0))
|        ( QUESTION11 1 -1.510e+03 1.444e+02 9.895e+01
|            ( - -5.272e+02 1 0)
|            ( SILENCE -1 -8.383e+02 9.525e+01 5.287e+01
|                ( QUESTION0_0_R 1 -5.584e+02 1.337e+02 3.788e+01
|                    ( - -4.611e+02 1 0)
|                    ( - 3.643e+01 1 0))
|                ( - -1.847e+02 1 0)))))
s>    ( QUESTION0_3_R 1 -1.890e+03 2.270e+02 1.219e+02
s>        ( - 2.110e+02 1 0)
s>        ( QUESTION11 -1 -1.874e+03 1.820e+02 1.189e+02
s>            ( QUESTION0_0_R 1 -1.817e+02 2.292e+02 2.000e+01
s>                ( - -1.053e+02 1 0)
s>                ( - 1.529e+02 1 0))
s>            ( QUESTION11 1 -1.510e+03 1.444e+02 9.895e+01
s>                ( - -5.272e+02 1 0)
s>                ( SILENCE -1 -8.383e+02 9.525e+01 5.287e+01
s>                    ( QUESTION0_0_R 1 -5.584e+02 1.337e+02 3.788e+01
s>                        ( - -4.611e+02 1 0)
s>                        ( - 3.643e+01 1 0))
s>                    ( - -1.847e+02 1 0)))))INFO: dtree.c(1524): Final simple tree
|( QUESTION2 -1 -1.522e+03 1.912e+02 1.471e+02
|    ( QUESTION0_0_R 1 -2.363e+02 2.028e+02 3.000e+01
|        ( QUESTION0_5_R 1 -2.314e+02 1.383e+02 2.700e+01
|            ( - -1.152e+02 1 0)
|            ( - 2.209e+01 1 0))
|        ( - 1.980e+02 1 0))
|    ( QUESTION0_10_R 1 -1.094e+03 1.698e+02 1.171e+02
|        ( - 1.544e+02 1 0)
|        ( QUESTION0_8_R 1 -1.079e+03 1.562e+02 1.131e+02
|            ( - -1.113e+02 1 0)
|            ( QUESTION0_7_R 1 -8.113e+02 1.012e+02 9.054e+01
|                ( - -3.828e+02 1 0)
|                ( QUESTION0_0_R 1 -3.273e+02 8.439e+01 5.001e+01
|                    ( - -7.079e+01 2 0)
|                    ( - -1.721e+02 2 0))))))
s>    ( QUESTION2 -1 -1.522e+03 1.912e+02 1.471e+02
s>        ( QUESTION0_0_R 1 -2.363e+02 2.028e+02 3.000e+01
s>            ( QUESTION0_5_R 1 -2.314e+02 1.383e+02 2.700e+01
s>                ( - -1.152e+02 1 0)
s>                ( - 2.209e+01 1 0))
s>            ( - 1.980e+02 1 0))
s>        ( QUESTION0_10_R 1 -1.094e+03 1.698e+02 1.171e+02
s>            ( - 1.544e+02 1 0)
s>            ( QUESTION0_8_R 1 -1.079e+03 1.562e+02 1.131e+02
s>                ( - -1.113e+02 1 0)
s>                ( QUESTION0_7_R 1 -8.113e+02 1.012e+02 9.054e+01
s>                    ( - -3.828e+02 1 0)
s>                    ( QUESTION0_0_R 1 -3.273e+02 8.439e+01 5.001e+01
s>                        ( - -7.079e+01 2 0)
s>                        ( - -1.721e+02 2 0))))))INFO: dtree.c(1351): Comp split 22
INFO: dtree.c(1483): stop. leaf nodes are specific
INFO: dtree.c(1524): Final simple tree
|( QUESTION0_17_R 1 -2.226e+03 2.515e+02 3.032e+02
|    ( - 2.568e+02 1 0)
|    ( QUESTION0_9_R 1 -2.231e+03 1.854e+02 3.012e+02
|        ( - -3.307e+01 1 0)
|        ( QUESTION0 1 -2.013e+03 1.829e+02 2.872e+02
|            ( QUESTION0_13_R 1 -1.660e+03 1.591e+02 1.885e+02
|                ( - -7.151e+02 5 0)
|                ( - -7.862e+02 2 0))
|            ( QUESTION0_0_R 1 -1.696e+02 1.356e+02 9.868e+01
|                ( - -2.036e+02 2 0)
|                ( - 1.697e+02 1 0)))))
s>    ( QUESTION0_17_R 1 -2.226e+03 2.515e+02 3.032e+02
s>        ( - 2.568e+02 1 0)
s>        ( QUESTION0_9_R 1 -2.231e+03 1.854e+02 3.012e+02
s>            ( - -3.307e+01 1 0)
s>            ( QUESTION0 1 -2.013e+03 1.829e+02 2.872e+02
s>                ( QUESTION0_13_R 1 -1.660e+03 1.591e+02 1.885e+02
s>                    ( - -7.151e+02 5 0)
s>                    ( - -7.862e+02 2 0))
s>                ( QUESTION0_0_R 1 -1.696e+02 1.356e+02 9.868e+01
s>                    ( - -2.036e+02 2 0)
s>                    ( - 1.697e+02 1 0)))))INFO: dtree.c(1351): Comp split 23
INFO: dtree.c(1483): stop. leaf nodes are specific
INFO: dtree.c(1524): Final simple tree
|( QUESTION0_6_R 1 -3.270e+02 1.464e+02 6.635e+01
|    ( - -1.289e+02 2 0)
|    ( - -5.166e+01 4 0))
s>    ( QUESTION0_6_R 1 -3.270e+02 1.464e+02 6.635e+01
s>        ( - -1.289e+02 2 0)
s>        ( - -5.166e+01 4 0))INFO: dtree.c(1351): Comp split 24
INFO: dtree.c(1483): stop. leaf nodes are specific
INFO: dtree.c(1524): Final simple tree
|( QUESTION0_2_R 1 4.143e+02 2.366e+02 2.058e+01
|    ( - 2.089e+02 1 0)
|    ( QUESTION0_0_R 1 4.421e+02 2.223e+02 1.858e+01
|        ( - 3.738e+02 1 0)
|        ( - 2.906e+02 2 0)))
s>    ( QUESTION0_2_R 1 4.143e+02 2.366e+02 2.058e+01
s>        ( - 2.089e+02 1 0)
s>        ( QUESTION0_0_R 1 4.421e+02 2.223e+02 1.858e+01
s>            ( - 3.738e+02 1 0)
s>            ( - 2.906e+02 2 0)))INFO: dtree.c(1351): Comp split 25
INFO: dtree.c(1483): stop. leaf nodes are specific
INFO: dtree.c(1524): Final simple tree
|( QUESTION0_9_R 1 -2.231e+03 1.854e+02 3.012e+02
|    ( - -3.307e+01 1 0)
|    ( QUESTION0 1 -2.013e+03 1.829e+02 2.872e+02
|        ( QUESTION0_13_R 1 -1.660e+03 1.591e+02 1.885e+02
|            ( - -7.151e+02 5 0)
|            ( - -7.862e+02 2 0))
|        ( QUESTION0_0_R 1 -1.696e+02 1.356e+02 9.868e+01
|            ( - -2.036e+02 2 0)
|            ( - 1.697e+02 1 0))))
s>    ( QUESTION0_9_R 1 -2.231e+03 1.854e+02 3.012e+02
s>        ( - -3.307e+01 1 0)
s>        ( QUESTION0 1 -2.013e+03 1.829e+02 2.872e+02
s>            ( QUESTION0_13_R 1 -1.660e+03 1.591e+02 1.885e+02
s>                ( - -7.151e+02 5 0)
s>                ( - -7.862e+02 2 0))
s>            ( QUESTION0_0_R 1 -1.696e+02 1.356e+02 9.868e+01
s>                ( - -2.036e+02 2 0)
s>                ( - 1.697e+02 1 0))))INFO: dtree.c(1351): Comp split 26
INFO: dtree.c(1524): Final simple tree
|( QUESTION13 1 -8.503e+03 2.066e+02 5.022e+02
|    ( - 1.140e+02 1 0)
|    ( QUESTION2_1_L -1 -8.410e+03 2.005e+02 4.892e+02
|        ( QUESTION2 1 -7.945e+03 1.818e+02 4.662e+02
|            ( QUESTION0_9_R 1 -2.172e+03 1.194e+02 1.099e+02
|                ( - -2.044e+02 1 0)
|                ( - -1.848e+03 3 0 QUESTION0_11_R 1 1.002e+02 9.287e+01))
|            ( QUESTION12 1 -5.591e+03 1.415e+02 3.563e+02
|                ( - -8.664e+02 1 0)
|                ( QUESTION0_0_R 1 -4.583e+03 1.220e+02 2.992e+02
|                    ( - -3.437e+03 2 0 QUESTION0_6_R 1 1.161e+02 2.276e+02)
|                    ( - -1.024e+03 2 0))))
|        ( SILENCE 1 -2.649e+02 1.540e+02 2.300e+01
|            ( - -1.109e+02 1 0)
|            ( - 1.093e-01 1 0))))
s>    ( QUESTION13 1 -8.503e+03 2.066e+02 5.022e+02
s>        ( - 1.140e+02 1 0)
s>        ( QUESTION2_1_L -1 -8.410e+03 2.005e+02 4.892e+02
s>            ( QUESTION2 1 -7.945e+03 1.818e+02 4.662e+02
s>                ( QUESTION0_9_R 1 -2.172e+03 1.194e+02 1.099e+02
s>                    ( - -2.044e+02 1 0)
s>                    ( - -1.848e+03 3 0 QUESTION0_11_R 1 1.002e+02 9.287e+01))
s>                ( QUESTION12 1 -5.591e+03 1.415e+02 3.563e+02
s>                    ( - -8.664e+02 1 0)
s>                    ( QUESTION0_0_R 1 -4.583e+03 1.220e+02 2.992e+02
s>                        ( - -3.437e+03 2 0 QUESTION0_6_R 1 1.161e+02 2.276e+02)
s>                        ( - -1.024e+03 2 0))))
s>            ( SILENCE 1 -2.649e+02 1.540e+02 2.300e+01
s>                ( - -1.109e+02 1 0)
s>                ( - 1.093e-01 1 0))))INFO: dtree.c(1351): Comp split 27
INFO: dtree.c(1483): stop. leaf nodes are specific
INFO: dtree.c(1524): Final simple tree
|( QUESTION0 1 -5.302e+02 2.072e+02 7.722e+01
|    ( QUESTION3 -1 -3.060e+02 1.439e+02 5.022e+01
|        ( - 1.435e+02 1 0)
|        ( QUESTION0_1_R 1 -3.056e+02 1.557e+02 4.522e+01
|            ( - -7.892e+01 1 0)
|            ( - -7.095e+01 1 0)))
|    ( QUESTION0_10_R 1 -1.702e+01 1.823e+02 2.699e+01
|        ( - 1.018e+02 1 0)
|        ( QUESTION3 -1 6.355e+01 1.417e+02 2.199e+01
|            ( WDBNDRY_S 0 6.609e+00 1.224e+02 1.299e+01
|                ( - 8.660e+01 1 0)
|                ( - 4.240e+01 1 0))
|            ( - 1.986e+02 1 0))))
s>    ( QUESTION0 1 -5.302e+02 2.072e+02 7.722e+01
s>        ( QUESTION3 -1 -3.060e+02 1.439e+02 5.022e+01
s>            ( - 1.435e+02 1 0)
s>            ( QUESTION0_1_R 1 -3.056e+02 1.557e+02 4.522e+01
s>                ( - -7.892e+01 1 0)
s>                ( - -7.095e+01 1 0)))
s>        ( QUESTION0_10_R 1 -1.702e+01 1.823e+02 2.699e+01
s>            ( - 1.018e+02 1 0)
s>            ( QUESTION3 -1 6.355e+01 1.417e+02 2.199e+01
s>                ( WDBNDRY_S 0 6.609e+00 1.224e+02 1.299e+01
s>                    ( - 8.660e+01 1 0)
s>                    ( - 4.240e+01 1 0))
s>                ( - 1.986e+02 1 0))))INFO: dtree.c(1351): Comp split 28
INFO: dtree.c(1483): stop. leaf nodes are specific
INFO: dtree.c(1524): Final simple tree
|( QUESTION0_5_R 1 -6.365e+02 1.300e+02 5.741e+01
|    ( - -2.344e+02 1 0)
|    ( QUESTION0_11_R 1 -2.721e+02 1.202e+02 3.148e+01
|        ( - -1.713e+02 1 0)
|        ( - 1.940e+01 1 0)))
s>    ( QUESTION0_5_R 1 -6.365e+02 1.300e+02 5.741e+01
s>        ( - -2.344e+02 1 0)
s>        ( QUESTION0_11_R 1 -2.721e+02 1.202e+02 3.148e+01
s>            ( - -1.713e+02 1 0)
s>            ( - 1.940e+01 1 0)))INFO: dtree.c(1483): stop. leaf nodes are specific
INFO: dtree.c(1524): Final simple tree
|( QUESTION0_0_R 1 -1.389e+03 1.833e+02 1.462e+02
|    ( - -6.112e+02 1 0)
|    ( - -5.940e+02 1 0))
s>    ( QUESTION0_0_R 1 -1.389e+03 1.833e+02 1.462e+02
s>        ( - -6.112e+02 1 0)
s>        ( - -5.940e+02 1 0))INFO: dtree.c(1351): Comp split 29
INFO: dtree.c(1483): stop. leaf nodes are specific
INFO: dtree.c(1524): Final simple tree
|( QUESTION2 1 -1.453e+03 1.232e+02 9.739e+01
|    ( - -6.273e+01 1 0)
|    ( - -1.267e+03 1 0))
s>    ( QUESTION2 1 -1.453e+03 1.232e+02 9.739e+01
s>        ( - -6.273e+01 1 0)
s>        ( - -1.267e+03 1 0))INFO: dtree.c(1483): stop. leaf nodes are specific
INFO: dtree.c(1524): Final simple tree
|( SILENCE -1 -8.989e+02 1.777e+02 1.410e+02
|    ( - 6.068e+01 1 0)
|    ( QUESTION2 1 -7.818e+02 1.402e+02 1.290e+02
|        ( QUESTION0 -1 -5.857e+02 1.374e+02 1.010e+02
|            ( - -4.690e+02 1 0)
|            ( - 2.066e+01 1 0))
|        ( - -5.591e+01 1 0)))
s>    ( SILENCE -1 -8.989e+02 1.777e+02 1.410e+02
s>        ( - 6.068e+01 1 0)
s>        ( QUESTION2 1 -7.818e+02 1.402e+02 1.290e+02
s>            ( QUESTION0 -1 -5.857e+02 1.374e+02 1.010e+02
s>                ( - -4.690e+02 1 0)
s>                ( - 2.066e+01 1 0))
s>            ( - -5.591e+01 1 0)))INFO: dtree.c(1351): Comp split 30
INFO: dtree.c(1483): stop. leaf nodes are specific
INFO: dtree.c(1524): Final simple tree
|( QUESTION0_0_R 1 4.421e+02 2.223e+02 1.858e+01
|    ( - 3.738e+02 1 0)
|    ( - 2.906e+02 2 0))
s>    ( QUESTION0_0_R 1 4.421e+02 2.223e+02 1.858e+01
s>        ( - 3.738e+02 1 0)
s>        ( - 2.906e+02 2 0))INFO: dtree.c(1351): Comp split 31
INFO: dtree.c(1483): stop. leaf nodes are specific
INFO: dtree.c(1524): Final simple tree
|( QUESTION0_3_R 1 -1.812e+03 2.258e+02 1.179e+02
|    ( - 2.110e+02 1 0)
|    ( QUESTION0_2_R 1 -1.797e+03 1.817e+02 1.149e+02
|        ( - -1.053e+02 1 0)
|        ( QUESTION11 1 -1.510e+03 1.444e+02 9.895e+01
|            ( - -5.272e+02 1 0)
|            ( SILENCE -1 -8.383e+02 9.525e+01 5.287e+01
|                ( QUESTION0_0_R 1 -5.584e+02 1.337e+02 3.788e+01
|                    ( - -4.611e+02 1 0)
|                    ( - 3.643e+01 1 0))
|                ( - -1.847e+02 1 0)))))
s>    ( QUESTION0_3_R 1 -1.812e+03 2.258e+02 1.179e+02
s>        ( - 2.110e+02 1 0)
s>        ( QUESTION0_2_R 1 -1.797e+03 1.817e+02 1.149e+02
s>            ( - -1.053e+02 1 0)
s>            ( QUESTION11 1 -1.510e+03 1.444e+02 9.895e+01
s>                ( - -5.272e+02 1 0)
s>                ( SILENCE -1 -8.383e+02 9.525e+01 5.287e+01
s>                    ( QUESTION0_0_R 1 -5.584e+02 1.337e+02 3.788e+01
s>                        ( - -4.611e+02 1 0)
s>                        ( - 3.643e+01 1 0))
s>                    ( - -1.847e+02 1 0)))))INFO: dtree.c(1351): Comp split 32
INFO: dtree.c(1524): Final simple tree
|( QUESTION2 1 -8.230e+03 1.827e+02 4.792e+02
|    ( QUESTION0_9_R 1 -2.172e+03 1.194e+02 1.099e+02
|        ( - -2.044e+02 1 0)
|        ( QUESTION0_11_R 1 -1.848e+03 1.002e+02 9.287e+01
|            ( - -1.263e+03 1 0)
|            ( - -4.854e+02 2 0 QUESTION0_0_R 1 1.098e+02 2.904e+01)))
|    ( SILENCE 1 -5.875e+03 1.732e+02 3.693e+02
|        ( - -1.109e+02 1 0)
|        ( QUESTION12 1 -5.591e+03 1.415e+02 3.563e+02
|            ( - -8.664e+02 1 0)
|            ( QUESTION0_0_R 1 -4.583e+03 1.220e+02 2.992e+02
|                ( QUESTION0_6_R 1 -3.437e+03 1.161e+02 2.276e+02
|                    ( - -2.779e+02 1 0)
|                    ( - -3.043e+03 1 0))
|                ( - -1.024e+03 2 0)))))
s>    ( QUESTION2 1 -8.230e+03 1.827e+02 4.792e+02
s>        ( QUESTION0_9_R 1 -2.172e+03 1.194e+02 1.099e+02
s>            ( - -2.044e+02 1 0)
s>            ( QUESTION0_11_R 1 -1.848e+03 1.002e+02 9.287e+01
s>                ( - -1.263e+03 1 0)
s>                ( - -4.854e+02 2 0 QUESTION0_0_R 1 1.098e+02 2.904e+01)))
s>        ( SILENCE 1 -5.875e+03 1.732e+02 3.693e+02
s>            ( - -1.109e+02 1 0)
s>            ( QUESTION12 1 -5.591e+03 1.415e+02 3.563e+02
s>                ( - -8.664e+02 1 0)
s>                ( QUESTION0_0_R 1 -4.583e+03 1.220e+02 2.992e+02
s>                    ( QUESTION0_6_R 1 -3.437e+03 1.161e+02 2.276e+02
s>                        ( - -2.779e+02 1 0)
s>                        ( - -3.043e+03 1 0))
s>                    ( - -1.024e+03 2 0)))))INFO: dtree.c(1483): stop. leaf nodes are specific
INFO: dtree.c(1524): Final simple tree
|( QUESTION0_0_R 1 -4.335e+01 1.575e+02 2.302e+01
|    ( - 1.093e-01 1 0)
|    ( - 1.140e+02 1 0))
s>    ( QUESTION0_0_R 1 -4.335e+01 1.575e+02 2.302e+01
s>        ( - 1.093e-01 1 0)
s>        ( - 1.140e+02 1 0))INFO: dtree.c(1351): Comp split 33
INFO: dtree.c(1483): stop. leaf nodes are specific
INFO: dtree.c(1524): Final simple tree
|( QUESTION0_2_R 1 3.036e+02 1.701e+02 2.933e+01
|    ( - 7.374e+01 1 0)
|    ( QUESTION0_0_R 1 3.999e+02 1.442e+02 2.323e+01
|        ( - 3.472e+02 1 0)
|        ( QUESTION0 1 1.969e+02 1.886e+02 5.000e+00
|            ( - 2.469e+02 1 0)
|            ( - 1.386e+02 1 0))))
s>    ( QUESTION0_2_R 1 3.036e+02 1.701e+02 2.933e+01
s>        ( - 7.374e+01 1 0)
s>        ( QUESTION0_0_R 1 3.999e+02 1.442e+02 2.323e+01
s>            ( - 3.472e+02 1 0)
s>            ( QUESTION0 1 1.969e+02 1.886e+02 5.000e+00
s>                ( - 2.469e+02 1 0)
s>                ( - 1.386e+02 1 0))))INFO: dtree.c(1351): Comp split 34
INFO: dtree.c(1483): stop. leaf nodes are specific
INFO: dtree.c(1524): Final simple tree
|( QUESTION0_2_R 1 -1.797e+03 1.817e+02 1.149e+02
|    ( - -1.053e+02 1 0)
|    ( QUESTION11 1 -1.510e+03 1.444e+02 9.895e+01
|        ( - -5.272e+02 1 0)
|        ( SILENCE -1 -8.383e+02 9.525e+01 5.287e+01
|            ( QUESTION0_0_R 1 -5.584e+02 1.337e+02 3.788e+01
|                ( - -4.611e+02 1 0)
|                ( - 3.643e+01 1 0))
|            ( - -1.847e+02 1 0))))
s>    ( QUESTION0_2_R 1 -1.797e+03 1.817e+02 1.149e+02
s>        ( - -1.053e+02 1 0)
s>        ( QUESTION11 1 -1.510e+03 1.444e+02 9.895e+01
s>            ( - -5.272e+02 1 0)
s>            ( SILENCE -1 -8.383e+02 9.525e+01 5.287e+01
s>                ( QUESTION0_0_R 1 -5.584e+02 1.337e+02 3.788e+01
s>                    ( - -4.611e+02 1 0)
s>                    ( - 3.643e+01 1 0))
s>                ( - -1.847e+02 1 0))))INFO: dtree.c(1351): Comp split 35
INFO: dtree.c(1483): stop. leaf nodes are specific
INFO: dtree.c(1524): Final simple tree
|( QUESTION0_13_R 1 4.370e+02 1.794e+02 8.415e+01
|    ( - 3.701e+02 1 0)
|    ( - 2.463e+02 1 0))
s>    ( QUESTION0_13_R 1 4.370e+02 1.794e+02 8.415e+01
s>        ( - 3.701e+02 1 0)
s>        ( - 2.463e+02 1 0))INFO: dtree.c(1351): Comp split 36
INFO: dtree.c(1351): Comp split 37
INFO: dtree.c(1483): stop. leaf nodes are specific
INFO: dtree.c(1524): Final simple tree
|( QUESTION0_10_R 1 -2.504e+02 1.824e+02 3.899e+01
|    ( - 1.018e+02 1 0)
|    ( QUESTION0_1_R 1 -1.697e+02 1.544e+02 3.399e+01
|        ( - -7.892e+01 1 0)
|        ( QUESTION3 -1 6.355e+01 1.417e+02 2.199e+01
|            ( WDBNDRY_S 0 6.609e+00 1.224e+02 1.299e+01
|                ( - 8.660e+01 1 0)
|                ( - 4.240e+01 1 0))
|            ( - 1.986e+02 1 0))))
s>    ( QUESTION0_10_R 1 -2.504e+02 1.824e+02 3.899e+01
s>        ( - 1.018e+02 1 0)
s>        ( QUESTION0_1_R 1 -1.697e+02 1.544e+02 3.399e+01
s>            ( - -7.892e+01 1 0)
s>            ( QUESTION3 -1 6.355e+01 1.417e+02 2.199e+01
s>                ( WDBNDRY_S 0 6.609e+00 1.224e+02 1.299e+01
s>                    ( - 8.660e+01 1 0)
s>                    ( - 4.240e+01 1 0))
s>                ( - 1.986e+02 1 0))))INFO: dtree.c(1483): stop. leaf nodes are specific
INFO: dtree.c(1524): Final simple tree
|( QUESTION0_1_R 1 -5.875e+01 1.313e+02 3.823e+01
|    ( - 1.435e+02 1 0)
|    ( - -7.095e+01 1 0))
s>    ( QUESTION0_1_R 1 -5.875e+01 1.313e+02 3.823e+01
s>        ( - 1.435e+02 1 0)
s>        ( - -7.095e+01 1 0))INFO: dtree.c(1351): Comp split 38
INFO: dtree.c(1483): stop. leaf nodes are specific
INFO: dtree.c(1524): Final simple tree
|( QUESTION0_5_R 1 -2.314e+02 1.383e+02 2.700e+01
|    ( - -1.152e+02 1 0)
|    ( - 2.209e+01 1 0))
s>    ( QUESTION0_5_R 1 -2.314e+02 1.383e+02 2.700e+01
s>        ( - -1.152e+02 1 0)
s>        ( - 2.209e+01 1 0))INFO: dtree.c(1483): stop. leaf nodes are specific
INFO: dtree.c(1524): Final simple tree
|( QUESTION0_14_R 1 -1.074e+03 1.774e+02 1.201e+02
|    ( - 1.980e+02 1 0)
|    ( QUESTION0_10_R 1 -1.094e+03 1.698e+02 1.171e+02
|        ( - 1.544e+02 1 0)
|        ( QUESTION0_8_R 1 -1.079e+03 1.562e+02 1.131e+02
|            ( - -1.113e+02 1 0)
|            ( QUESTION0_7_R 1 -8.113e+02 1.012e+02 9.054e+01
|                ( - -3.828e+02 1 0)
|                ( QUESTION0_0_R 1 -3.273e+02 8.439e+01 5.001e+01
|                    ( - -7.079e+01 2 0)
|                    ( - -1.721e+02 2 0))))))
s>    ( QUESTION0_14_R 1 -1.074e+03 1.774e+02 1.201e+02
s>        ( - 1.980e+02 1 0)
s>        ( QUESTION0_10_R 1 -1.094e+03 1.698e+02 1.171e+02
s>            ( - 1.544e+02 1 0)
s>            ( QUESTION0_8_R 1 -1.079e+03 1.562e+02 1.131e+02
s>                ( - -1.113e+02 1 0)
s>                ( QUESTION0_7_R 1 -8.113e+02 1.012e+02 9.054e+01
s>                    ( - -3.828e+02 1 0)
s>                    ( QUESTION0_0_R 1 -3.273e+02 8.439e+01 5.001e+01
s>                        ( - -7.079e+01 2 0)
s>                        ( - -1.721e+02 2 0))))))INFO: dtree.c(1351): Comp split 39
INFO: dtree.c(1483): stop. leaf nodes are specific
INFO: dtree.c(1524): Final simple tree
|( SILENCE 1 -2.385e+03 1.439e+02 1.398e+02
|    ( - -2.055e+01 1 0)
|    ( QUESTION0_4_R 1 -2.221e+03 1.371e+02 1.258e+02
|        ( - -1.480e+03 2 0)
|        ( QUESTION0_0_R 1 -6.038e+02 9.776e+01 3.398e+01
|            ( - -2.080e+02 1 0)
|            ( - -2.981e+02 2 0))))
s>    ( SILENCE 1 -2.385e+03 1.439e+02 1.398e+02
s>        ( - -2.055e+01 1 0)
s>        ( QUESTION0_4_R 1 -2.221e+03 1.371e+02 1.258e+02
s>            ( - -1.480e+03 2 0)
s>            ( QUESTION0_0_R 1 -6.038e+02 9.776e+01 3.398e+01
s>                ( - -2.080e+02 1 0)
s>                ( - -2.981e+02 2 0))))INFO: dtree.c(1483): stop. leaf nodes are specific
INFO: dtree.c(1524): Final simple tree
|( QUESTION0_0_R 1 -2.001e+02 1.774e+02 1.800e+01
|    ( - -1.513e+02 1 0)
|    ( - 1.286e+02 1 0))
s>    ( QUESTION0_0_R 1 -2.001e+02 1.774e+02 1.800e+01
s>        ( - -1.513e+02 1 0)
s>        ( - 1.286e+02 1 0))INFO: dtree.c(1351): Comp split 40
INFO: dtree.c(1483): stop. leaf nodes are specific
INFO: dtree.c(1524): Final simple tree
|( QUESTION0_2_R 1 2.656e+02 1.642e+02 2.633e+01
|    ( - 7.374e+01 1 0)
|    ( QUESTION0_0_R 1 3.560e+02 1.298e+02 2.023e+01
|        ( - 3.472e+02 1 0)
|        ( - 1.386e+02 1 0)))
s>    ( QUESTION0_2_R 1 2.656e+02 1.642e+02 2.633e+01
s>        ( - 7.374e+01 1 0)
s>        ( QUESTION0_0_R 1 3.560e+02 1.298e+02 2.023e+01
s>            ( - 3.472e+02 1 0)
s>            ( - 1.386e+02 1 0)))INFO: dtree.c(1351): Comp split 41
INFO: dtree.c(1483): stop. leaf nodes are specific
INFO: dtree.c(1524): Final simple tree
|( QUESTION0_14_R 1 -3.387e+01 1.869e+02 4.599e+01
|    ( - 1.167e+02 1 0)
|    ( QUESTION0_0_R 1 3.631e+01 1.202e+02 3.799e+01
|        ( - 4.937e+01 1 0)
|        ( - 1.071e+02 1 0)))
s>    ( QUESTION0_14_R 1 -3.387e+01 1.869e+02 4.599e+01
s>        ( - 1.167e+02 1 0)
s>        ( QUESTION0_0_R 1 3.631e+01 1.202e+02 3.799e+01
s>            ( - 4.937e+01 1 0)
s>            ( - 1.071e+02 1 0)))INFO: dtree.c(1351): Comp split 42
INFO: dtree.c(1483): stop. leaf nodes are specific
INFO: dtree.c(1524): Final simple tree
|( QUESTION0_0_R 1 -9.428e+02 1.626e+02 1.654e+02
|    ( QUESTION0_6_R 1 -7.069e+02 1.137e+02 1.203e+02
|        ( - 7.728e+01 1 0)
|        ( - -6.704e+02 1 0))
|    ( - -7.337e+01 2 0))
s>    ( QUESTION0_0_R 1 -9.428e+02 1.626e+02 1.654e+02
s>        ( QUESTION0_6_R 1 -7.069e+02 1.137e+02 1.203e+02
s>            ( - 7.728e+01 1 0)
s>            ( - -6.704e+02 1 0))
s>        ( - -7.337e+01 2 0))INFO: dtree.c(1351): Comp split 43
INFO: dtree.c(1483): stop. leaf nodes are specific
INFO: dtree.c(1524): Final simple tree
|( SILENCE 1 -1.462e+02 1.645e+02 2.602e+01
|    ( - 4.422e+00 1 0)
|    ( QUESTION0_0_R 1 1.386e+01 1.076e+02 1.900e+01
|        ( - 1.637e+01 1 0)
|        ( - 1.051e+02 1 0)))
s>    ( SILENCE 1 -1.462e+02 1.645e+02 2.602e+01
s>        ( - 4.422e+00 1 0)
s>        ( QUESTION0_0_R 1 1.386e+01 1.076e+02 1.900e+01
s>            ( - 1.637e+01 1 0)
s>            ( - 1.051e+02 1 0)))INFO: dtree.c(1483): stop. leaf nodes are specific
INFO: dtree.c(1524): Final simple tree
|( QUESTION0_13_R 1 -2.420e+02 1.593e+02 3.752e+01
|    ( - -4.075e+01 1 0)
|    ( QUESTION0_10_R 1 -4.189e+01 1.529e+02 2.352e+01
|        ( - -4.639e+01 1 0)
|        ( QUESTION0_0_R 1 1.574e+02 1.314e+02 1.200e+01
|            ( - 1.188e+02 1 0)
|            ( - 1.700e+02 1 0))))
s>    ( QUESTION0_13_R 1 -2.420e+02 1.593e+02 3.752e+01
s>        ( - -4.075e+01 1 0)
s>        ( QUESTION0_10_R 1 -4.189e+01 1.529e+02 2.352e+01
s>            ( - -4.639e+01 1 0)
s>            ( QUESTION0_0_R 1 1.574e+02 1.314e+02 1.200e+01
s>                ( - 1.188e+02 1 0)
s>                ( - 1.700e+02 1 0))))INFO: dtree.c(1351): Comp split 44
INFO: dtree.c(1351): Comp split 45
INFO: dtree.c(1483): stop. leaf nodes are specific
INFO: dtree.c(1524): Final simple tree
|( QUESTION0_0_R 1 -1.696e+02 1.356e+02 9.868e+01
|    ( - -2.036e+02 2 0)
|    ( - 1.697e+02 1 0))
s>    ( QUESTION0_0_R 1 -1.696e+02 1.356e+02 9.868e+01
s>        ( - -2.036e+02 2 0)
s>        ( - 1.697e+02 1 0))INFO: dtree.c(1483): stop. leaf nodes are specific
INFO: dtree.c(1524): Final simple tree
|( QUESTION0_0_R 1 -1.874e+03 1.801e+02 2.025e+02
|    ( - -3.307e+01 1 0)
|    ( QUESTION0_13_R 1 -1.660e+03 1.591e+02 1.885e+02
|        ( - -7.151e+02 5 0)
|        ( - -7.862e+02 2 0)))
s>    ( QUESTION0_0_R 1 -1.874e+03 1.801e+02 2.025e+02
s>        ( - -3.307e+01 1 0)
s>        ( QUESTION0_13_R 1 -1.660e+03 1.591e+02 1.885e+02
s>            ( - -7.151e+02 5 0)
s>            ( - -7.862e+02 2 0)))INFO: dtree.c(1351): Comp split 46
INFO: dtree.c(1483): stop. leaf nodes are specific
INFO: dtree.c(1524): Final simple tree
|( QUESTION0_0_R 1 3.631e+01 1.202e+02 3.799e+01
|    ( - 4.937e+01 1 0)
|    ( - 1.071e+02 1 0))
s>    ( QUESTION0_0_R 1 3.631e+01 1.202e+02 3.799e+01
s>        ( - 4.937e+01 1 0)
s>        ( - 1.071e+02 1 0))INFO: dtree.c(1351): Comp split 47
INFO: dtree.c(1483): stop. leaf nodes are specific
INFO: dtree.c(1524): Final simple tree
|( SILENCE 1 -4.863e+03 1.693e+02 3.122e+02
|    ( - -1.109e+02 1 0)
|    ( QUESTION0_0_R 1 -4.583e+03 1.220e+02 2.992e+02
|        ( QUESTION0_6_R 1 -3.437e+03 1.161e+02 2.276e+02
|            ( - -2.779e+02 1 0)
|            ( - -3.043e+03 1 0))
|        ( - -1.024e+03 2 0)))
s>    ( SILENCE 1 -4.863e+03 1.693e+02 3.122e+02
s>        ( - -1.109e+02 1 0)
s>        ( QUESTION0_0_R 1 -4.583e+03 1.220e+02 2.992e+02
s>            ( QUESTION0_6_R 1 -3.437e+03 1.161e+02 2.276e+02
s>                ( - -2.779e+02 1 0)
s>                ( - -3.043e+03 1 0))
s>            ( - -1.024e+03 2 0)))INFO: dtree.c(1483): stop. leaf nodes are specific
INFO: dtree.c(1524): Final simple tree
|( QUESTION2 1 -3.181e+03 1.431e+02 1.670e+02
|    ( QUESTION0_9_R 1 -2.172e+03 1.194e+02 1.099e+02
|        ( - -2.044e+02 1 0)
|        ( QUESTION0_11_R 1 -1.848e+03 1.002e+02 9.287e+01
|            ( - -1.263e+03 1 0)
|            ( QUESTION0_0_R 1 -4.854e+02 1.098e+02 2.904e+01
|                ( - -1.329e+02 1 0)
|                ( - -2.428e+02 1 0))))
|    ( - -8.664e+02 1 0))
s>    ( QUESTION2 1 -3.181e+03 1.431e+02 1.670e+02
s>        ( QUESTION0_9_R 1 -2.172e+03 1.194e+02 1.099e+02
s>            ( - -2.044e+02 1 0)
s>            ( QUESTION0_11_R 1 -1.848e+03 1.002e+02 9.287e+01
s>                ( - -1.263e+03 1 0)
s>                ( QUESTION0_0_R 1 -4.854e+02 1.098e+02 2.904e+01
s>                    ( - -1.329e+02 1 0)
s>                    ( - -2.428e+02 1 0))))
s>        ( - -8.664e+02 1 0))INFO: dtree.c(1351): Comp split 48
INFO: dtree.c(1351): Comp split 49
INFO: dtree.c(1483): stop. leaf nodes are specific
INFO: dtree.c(1524): Final simple tree
|( QUESTION0_1_R 1 -1.697e+02 1.544e+02 3.399e+01
|    ( - -7.892e+01 1 0)
|    ( QUESTION3 -1 6.355e+01 1.417e+02 2.199e+01
|        ( WDBNDRY_S 0 6.609e+00 1.224e+02 1.299e+01
|            ( - 8.660e+01 1 0)
|            ( - 4.240e+01 1 0))
|        ( - 1.986e+02 1 0)))
s>    ( QUESTION0_1_R 1 -1.697e+02 1.544e+02 3.399e+01
s>        ( - -7.892e+01 1 0)
s>        ( QUESTION3 -1 6.355e+01 1.417e+02 2.199e+01
s>            ( WDBNDRY_S 0 6.609e+00 1.224e+02 1.299e+01
s>                ( - 8.660e+01 1 0)
s>                ( - 4.240e+01 1 0))
s>            ( - 1.986e+02 1 0)))INFO: dtree.c(1351): Comp split 50
INFO: dtree.c(1483): stop. leaf nodes are specific
INFO: dtree.c(1524): Final simple tree
|( QUESTION11 1 -1.510e+03 1.444e+02 9.895e+01
|    ( - -5.272e+02 1 0)
|    ( SILENCE -1 -8.383e+02 9.525e+01 5.287e+01
|        ( QUESTION0_0_R 1 -5.584e+02 1.337e+02 3.788e+01
|            ( - -4.611e+02 1 0)
|            ( - 3.643e+01 1 0))
|        ( - -1.847e+02 1 0)))
s>    ( QUESTION11 1 -1.510e+03 1.444e+02 9.895e+01
s>        ( - -5.272e+02 1 0)
s>        ( SILENCE -1 -8.383e+02 9.525e+01 5.287e+01
s>            ( QUESTION0_0_R 1 -5.584e+02 1.337e+02 3.788e+01
s>                ( - -4.611e+02 1 0)
s>                ( - 3.643e+01 1 0))
s>            ( - -1.847e+02 1 0)))INFO: dtree.c(1351): Comp split 51
INFO: dtree.c(1483): stop. leaf nodes are specific
INFO: dtree.c(1524): Final simple tree
|( QUESTION0_13_R 1 -1.660e+03 1.591e+02 1.885e+02
|    ( - -7.151e+02 5 0)
|    ( - -7.862e+02 2 0))
s>    ( QUESTION0_13_R 1 -1.660e+03 1.591e+02 1.885e+02
s>        ( - -7.151e+02 5 0)
s>        ( - -7.862e+02 2 0))INFO: dtree.c(1351): Comp split 52
INFO: dtree.c(1351): Comp split 53
INFO: dtree.c(1483): stop. leaf nodes are specific
INFO: dtree.c(1524): Final simple tree
|( QUESTION2 1 -7.818e+02 1.402e+02 1.290e+02
|    ( QUESTION0 -1 -5.857e+02 1.374e+02 1.010e+02
|        ( - -4.690e+02 1 0)
|        ( - 2.066e+01 1 0))
|    ( - -5.591e+01 1 0))
s>    ( QUESTION2 1 -7.818e+02 1.402e+02 1.290e+02
s>        ( QUESTION0 -1 -5.857e+02 1.374e+02 1.010e+02
s>            ( - -4.690e+02 1 0)
s>            ( - 2.066e+01 1 0))
s>        ( - -5.591e+01 1 0))INFO: dtree.c(1351): Comp split 54
INFO: dtree.c(1351): Comp split 55
INFO: dtree.c(1483): stop. leaf nodes are specific
INFO: dtree.c(1524): Final simple tree
|( QUESTION0_10_R 1 -1.094e+03 1.698e+02 1.171e+02
|    ( - 1.544e+02 1 0)
|    ( QUESTION0_8_R 1 -1.079e+03 1.562e+02 1.131e+02
|        ( - -1.113e+02 1 0)
|        ( QUESTION0_7_R 1 -8.113e+02 1.012e+02 9.054e+01
|            ( - -3.828e+02 1 0)
|            ( QUESTION0_0_R 1 -3.273e+02 8.439e+01 5.001e+01
|                ( - -7.079e+01 2 0)
|                ( - -1.721e+02 2 0)))))
s>    ( QUESTION0_10_R 1 -1.094e+03 1.698e+02 1.171e+02
s>        ( - 1.544e+02 1 0)
s>        ( QUESTION0_8_R 1 -1.079e+03 1.562e+02 1.131e+02
s>            ( - -1.113e+02 1 0)
s>            ( QUESTION0_7_R 1 -8.113e+02 1.012e+02 9.054e+01
s>                ( - -3.828e+02 1 0)
s>                ( QUESTION0_0_R 1 -3.273e+02 8.439e+01 5.001e+01
s>                    ( - -7.079e+01 2 0)
s>                    ( - -1.721e+02 2 0)))))INFO: dtree.c(1351): Comp split 56
INFO: dtree.c(1483): stop. leaf nodes are specific
INFO: dtree.c(1524): Final simple tree
|( QUESTION0_8_R 1 -1.079e+03 1.562e+02 1.131e+02
|    ( - -1.113e+02 1 0)
|    ( QUESTION0_7_R 1 -8.113e+02 1.012e+02 9.054e+01
|        ( - -3.828e+02 1 0)
|        ( QUESTION0_0_R 1 -3.273e+02 8.439e+01 5.001e+01
|            ( - -7.079e+01 2 0)
|            ( - -1.721e+02 2 0))))
s>    ( QUESTION0_8_R 1 -1.079e+03 1.562e+02 1.131e+02
s>        ( - -1.113e+02 1 0)
s>        ( QUESTION0_7_R 1 -8.113e+02 1.012e+02 9.054e+01
s>            ( - -3.828e+02 1 0)
s>            ( QUESTION0_0_R 1 -3.273e+02 8.439e+01 5.001e+01
s>                ( - -7.079e+01 2 0)
s>                ( - -1.721e+02 2 0))))INFO: dtree.c(1351): Comp split 57
INFO: dtree.c(1483): stop. leaf nodes are specific
INFO: dtree.c(1524): Final simple tree
|( QUESTION0_0_R 1 -4.583e+03 1.220e+02 2.992e+02
|    ( QUESTION0_6_R 1 -3.437e+03 1.161e+02 2.276e+02
|        ( - -2.779e+02 1 0)
|        ( - -3.043e+03 1 0))
|    ( - -1.024e+03 2 0))
s>    ( QUESTION0_0_R 1 -4.583e+03 1.220e+02 2.992e+02
s>        ( QUESTION0_6_R 1 -3.437e+03 1.161e+02 2.276e+02
s>            ( - -2.779e+02 1 0)
s>            ( - -3.043e+03 1 0))
s>        ( - -1.024e+03 2 0))INFO: dtree.c(1351): Comp split 58
INFO: dtree.c(1483): stop. leaf nodes are specific
INFO: dtree.c(1524): Final simple tree
|( QUESTION0_0_R 1 1.386e+01 1.076e+02 1.900e+01
|    ( - 1.637e+01 1 0)
|    ( - 1.051e+02 1 0))
s>    ( QUESTION0_0_R 1 1.386e+01 1.076e+02 1.900e+01
s>        ( - 1.637e+01 1 0)
s>        ( - 1.051e+02 1 0))INFO: dtree.c(1351): Comp split 59
INFO: dtree.c(1483): stop. leaf nodes are specific
INFO: dtree.c(1524): Final simple tree
|( QUESTION0_0_R 1 3.560e+02 1.298e+02 2.023e+01
|    ( - 3.472e+02 1 0)
|    ( - 1.386e+02 1 0))
s>    ( QUESTION0_0_R 1 3.560e+02 1.298e+02 2.023e+01
s>        ( - 3.472e+02 1 0)
s>        ( - 1.386e+02 1 0))INFO: dtree.c(1351): Comp split 60
INFO: dtree.c(1483): stop. leaf nodes are specific
INFO: dtree.c(1524): Final simple tree
|( QUESTION0_6_R 1 -7.069e+02 1.137e+02 1.203e+02
|    ( - 7.728e+01 1 0)
|    ( - -6.704e+02 1 0))
s>    ( QUESTION0_6_R 1 -7.069e+02 1.137e+02 1.203e+02
s>        ( - 7.728e+01 1 0)
s>        ( - -6.704e+02 1 0))INFO: dtree.c(1351): Comp split 61
INFO: dtree.c(1483): stop. leaf nodes are specific
INFO: dtree.c(1524): Final simple tree
|( QUESTION0_0_R 1 1.574e+02 1.314e+02 1.200e+01
|    ( - 1.188e+02 1 0)
|    ( - 1.700e+02 1 0))
s>    ( QUESTION0_0_R 1 1.574e+02 1.314e+02 1.200e+01
s>        ( - 1.188e+02 1 0)
s>        ( - 1.700e+02 1 0))INFO: dtree.c(1483): stop. leaf nodes are specific
INFO: dtree.c(1524): Final simple tree
|( QUESTION0_0_R 1 -2.374e+02 1.502e+02 2.553e+01
|    ( - -4.639e+01 1 0)
|    ( - -4.075e+01 1 0))
s>    ( QUESTION0_0_R 1 -2.374e+02 1.502e+02 2.553e+01
s>        ( - -4.639e+01 1 0)
s>        ( - -4.075e+01 1 0))INFO: dtree.c(1351): Comp split 62
INFO: dtree.c(1351): Comp split 63
INFO: dtree.c(1351): Comp split 64
INFO: dtree.c(1483): stop. leaf nodes are specific
INFO: dtree.c(1524): Final simple tree
|( QUESTION11 1 -1.390e+03 1.246e+02 9.195e+01
|    ( - -5.272e+02 1 0)
|    ( SILENCE -1 -7.379e+02 9.210e+01 4.587e+01
|        ( - -4.611e+02 1 0)
|        ( - -1.847e+02 1 0)))
s>    ( QUESTION11 1 -1.390e+03 1.246e+02 9.195e+01
s>        ( - -5.272e+02 1 0)
s>        ( SILENCE -1 -7.379e+02 9.210e+01 4.587e+01
s>            ( - -4.611e+02 1 0)
s>            ( - -1.847e+02 1 0)))INFO: dtree.c(1351): Comp split 65
INFO: dtree.c(1483): stop. leaf nodes are specific
INFO: dtree.c(1524): Final simple tree
|( QUESTION0_7_R 1 -8.113e+02 1.012e+02 9.054e+01
|    ( - -3.828e+02 1 0)
|    ( QUESTION0_0_R 1 -3.273e+02 8.439e+01 5.001e+01
|        ( - -7.079e+01 2 0)
|        ( - -1.721e+02 2 0)))
s>    ( QUESTION0_7_R 1 -8.113e+02 1.012e+02 9.054e+01
s>        ( - -3.828e+02 1 0)
s>        ( QUESTION0_0_R 1 -3.273e+02 8.439e+01 5.001e+01
s>            ( - -7.079e+01 2 0)
s>            ( - -1.721e+02 2 0)))INFO: dtree.c(1351): Comp split 66
INFO: dtree.c(1483): stop. leaf nodes are specific
INFO: dtree.c(1524): Final simple tree
|( QUESTION3 -1 6.355e+01 1.417e+02 2.199e+01
|    ( WDBNDRY_S 0 6.609e+00 1.224e+02 1.299e+01
|        ( - 8.660e+01 1 0)
|        ( - 4.240e+01 1 0))
|    ( - 1.986e+02 1 0))
s>    ( QUESTION3 -1 6.355e+01 1.417e+02 2.199e+01
s>        ( WDBNDRY_S 0 6.609e+00 1.224e+02 1.299e+01
s>            ( - 8.660e+01 1 0)
s>            ( - 4.240e+01 1 0))
s>        ( - 1.986e+02 1 0))INFO: dtree.c(1351): Comp split 67
INFO: dtree.c(1351): Comp split 68
INFO: dtree.c(1351): Comp split 69
INFO: dtree.c(1483): stop. leaf nodes are specific
INFO: dtree.c(1524): Final simple tree
|( QUESTION0_4_R 1 -2.221e+03 1.371e+02 1.258e+02
|    ( - -1.480e+03 2 0)
|    ( QUESTION0_0_R 1 -6.038e+02 9.776e+01 3.398e+01
|        ( - -2.080e+02 1 0)
|        ( - -2.981e+02 2 0)))
s>    ( QUESTION0_4_R 1 -2.221e+03 1.371e+02 1.258e+02
s>        ( - -1.480e+03 2 0)
s>        ( QUESTION0_0_R 1 -6.038e+02 9.776e+01 3.398e+01
s>            ( - -2.080e+02 1 0)
s>            ( - -2.981e+02 2 0)))INFO: dtree.c(1351): Comp split 70
INFO: dtree.c(1483): stop. leaf nodes are specific
INFO: dtree.c(1524): Final simple tree
|( QUESTION0_9_R 1 -2.172e+03 1.194e+02 1.099e+02
|    ( - -2.044e+02 1 0)
|    ( QUESTION0_11_R 1 -1.848e+03 1.002e+02 9.287e+01
|        ( - -1.263e+03 1 0)
|        ( QUESTION0_0_R 1 -4.854e+02 1.098e+02 2.904e+01
|            ( - -1.329e+02 1 0)
|            ( - -2.428e+02 1 0))))
s>    ( QUESTION0_9_R 1 -2.172e+03 1.194e+02 1.099e+02
s>        ( - -2.044e+02 1 0)
s>        ( QUESTION0_11_R 1 -1.848e+03 1.002e+02 9.287e+01
s>            ( - -1.263e+03 1 0)
s>            ( QUESTION0_0_R 1 -4.854e+02 1.098e+02 2.904e+01
s>                ( - -1.329e+02 1 0)
s>                ( - -2.428e+02 1 0))))INFO: dtree.c(1351): Comp split 71
INFO: dtree.c(1483): stop. leaf nodes are specific
INFO: dtree.c(1524): Final simple tree
|( WDBNDRY_S 0 6.609e+00 1.224e+02 1.299e+01
|    ( - 8.660e+01 1 0)
|    ( - 4.240e+01 1 0))
s>    ( WDBNDRY_S 0 6.609e+00 1.224e+02 1.299e+01
s>        ( - 8.660e+01 1 0)
s>        ( - 4.240e+01 1 0))INFO: dtree.c(1351): Comp split 72
INFO: dtree.c(1483): stop. leaf nodes are specific
INFO: dtree.c(1524): Final simple tree
|( QUESTION0_13_R 1 -3.368e+02 1.067e+02 5.522e+01
|    ( - -1.707e+02 1 0)
|    ( - -5.932e+01 1 0))
s>    ( QUESTION0_13_R 1 -3.368e+02 1.067e+02 5.522e+01
s>        ( - -1.707e+02 1 0)
s>        ( - -5.932e+01 1 0))INFO: dtree.c(1351): Comp split 73
INFO: dtree.c(1483): stop. leaf nodes are specific
INFO: dtree.c(1524): Final simple tree
|( QUESTION0 -1 -5.857e+02 1.374e+02 1.010e+02
|    ( - -4.690e+02 1 0)
|    ( - 2.066e+01 1 0))
s>    ( QUESTION0 -1 -5.857e+02 1.374e+02 1.010e+02
s>        ( - -4.690e+02 1 0)
s>        ( - 2.066e+01 1 0))INFO: dtree.c(1351): Comp split 74
INFO: dtree.c(1351): Comp split 75
INFO: dtree.c(1351): Comp split 76
INFO: dtree.c(1483): stop. leaf nodes are specific
INFO: dtree.c(1524): Final simple tree
|( QUESTION0_0_R 1 -6.038e+02 9.776e+01 3.398e+01
|    ( - -2.080e+02 1 0)
|    ( - -2.981e+02 2 0))
s>    ( QUESTION0_0_R 1 -6.038e+02 9.776e+01 3.398e+01
s>        ( - -2.080e+02 1 0)
s>        ( - -2.981e+02 2 0))INFO: dtree.c(1351): Comp split 77
INFO: dtree.c(1351): Comp split 78
INFO: dtree.c(1351): Comp split 79
INFO: dtree.c(1351): Comp split 80
INFO: dtree.c(1483): stop. leaf nodes are specific
INFO: dtree.c(1524): Final simple tree
|( QUESTION0_11_R 1 -2.721e+02 1.202e+02 3.148e+01
|    ( - -1.713e+02 1 0)
|    ( - 1.940e+01 1 0))
s>    ( QUESTION0_11_R 1 -2.721e+02 1.202e+02 3.148e+01
s>        ( - -1.713e+02 1 0)
s>        ( - 1.940e+01 1 0))INFO: dtree.c(1351): Comp split 81
INFO: dtree.c(1351): Comp split 82
INFO: dtree.c(1483): stop. leaf nodes are specific
INFO: dtree.c(1524): Final simple tree
|( SILENCE -1 -7.379e+02 9.210e+01 4.587e+01
|    ( - -4.611e+02 1 0)
|    ( - -1.847e+02 1 0))
s>    ( SILENCE -1 -7.379e+02 9.210e+01 4.587e+01
s>        ( - -4.611e+02 1 0)
s>        ( - -1.847e+02 1 0))INFO: dtree.c(1351): Comp split 83
INFO: dtree.c(1351): Comp split 84
INFO: dtree.c(1351): Comp split 85
INFO: dtree.c(1483): stop. leaf nodes are specific
INFO: dtree.c(1524): Final simple tree
|( QUESTION0_6_R 1 -3.437e+03 1.161e+02 2.276e+02
|    ( - -2.779e+02 1 0)
|    ( - -3.043e+03 1 0))
s>    ( QUESTION0_6_R 1 -3.437e+03 1.161e+02 2.276e+02
s>        ( - -2.779e+02 1 0)
s>        ( - -3.043e+03 1 0))INFO: dtree.c(1351): Comp split 86
INFO: dtree.c(1351): Comp split 87
INFO: dtree.c(1351): Comp split 88
INFO: dtree.c(1483): stop. leaf nodes are specific
INFO: dtree.c(1524): Final simple tree
|( QUESTION0_11_R 1 -1.848e+03 1.002e+02 9.287e+01
|    ( - -1.263e+03 1 0)
|    ( QUESTION0_0_R 1 -4.854e+02 1.098e+02 2.904e+01
|        ( - -1.329e+02 1 0)
|        ( - -2.428e+02 1 0)))
s>    ( QUESTION0_11_R 1 -1.848e+03 1.002e+02 9.287e+01
s>        ( - -1.263e+03 1 0)
s>        ( QUESTION0_0_R 1 -4.854e+02 1.098e+02 2.904e+01
s>            ( - -1.329e+02 1 0)
s>            ( - -2.428e+02 1 0)))INFO: dtree.c(1351): Comp split 89
INFO: dtree.c(1351): Comp split 90
INFO: dtree.c(1351): Comp split 91
INFO: dtree.c(1483): stop. leaf nodes are specific
INFO: dtree.c(1524): Final simple tree
|( QUESTION0_0_R 1 -1.602e+03 9.689e+01 8.187e+01
|    ( - -1.263e+03 1 0)
|    ( - -2.428e+02 1 0))
s>    ( QUESTION0_0_R 1 -1.602e+03 9.689e+01 8.187e+01
s>        ( - -1.263e+03 1 0)
s>        ( - -2.428e+02 1 0))INFO: dtree.c(1351): Comp split 92
INFO: dtree.c(1351): Comp split 93
INFO: dtree.c(1351): Comp split 94
INFO: dtree.c(1483): stop. leaf nodes are specific
INFO: dtree.c(1524): Final simple tree
|( QUESTION0_0_R 1 -3.273e+02 8.439e+01 5.001e+01
|    ( - -7.079e+01 2 0)
|    ( - -1.721e+02 2 0))
s>    ( QUESTION0_0_R 1 -3.273e+02 8.439e+01 5.001e+01
s>        ( - -7.079e+01 2 0)
s>        ( - -1.721e+02 2 0))INFO: dtree.c(1351): Comp split 95
INFO: dtree.c(1351): Comp split 96
INFO: dtree.c(1351): Comp split 97
INFO: dtree.c(1351): Comp split 98
INFO: dtree.c(1351): Comp split 99
INFO: dtree.c(1354): stop. leaf nodes are specific
Tue May 31 10:45:57 2011
