INFO: cmd_ln.c(691): Parsing command line:
/home/xkrajnan/Plocha/GSoC/PocketSphinx/an4/bin/bldtree \
	-treefn /home/xkrajnan/Plocha/GSoC/PocketSphinx/an4/trees/an4.unpruned/TH-0.dtree \
	-moddeffn /home/xkrajnan/Plocha/GSoC/PocketSphinx/an4/model_architecture/an4.untied.mdef \
	-mixwfn /home/xkrajnan/Plocha/GSoC/PocketSphinx/an4/model_parameters/an4.cd_cont_untied/mixture_weights \
	-ts2cbfn .cont. \
	-mwfloor 1e-08 \
	-psetfn /home/xkrajnan/Plocha/GSoC/PocketSphinx/an4/model_architecture/an4.tree_questions \
	-phone TH \
	-state 0 \
	-stwt 1.0,0.05,0.0 \
	-meanfn /home/xkrajnan/Plocha/GSoC/PocketSphinx/an4/model_parameters/an4.cd_cont_untied/means \
	-varfn /home/xkrajnan/Plocha/GSoC/PocketSphinx/an4/model_parameters/an4.cd_cont_untied/variances \
	-fullvar no \
	-ssplitmin 1 \
	-ssplitmax 7 \
	-ssplitthr 0 \
	-csplitmin 1 \
	-csplitmax 2000 \
	-csplitthr 0 

Current configuration:
[NAME]		[DEFLT]	[VALUE]
-allphones	no	no
-cntthresh	0.00001	1.000000e-05
-csplitmax	100	2000
-csplitmin	1	1
-csplitthr	8e-4	0.000000e+00
-example	no	no
-fullvar	no	no
-help		no	no
-meanfn			/home/xkrajnan/Plocha/GSoC/PocketSphinx/an4/model_parameters/an4.cd_cont_untied/means
-mixwfn			/home/xkrajnan/Plocha/GSoC/PocketSphinx/an4/model_parameters/an4.cd_cont_untied/mixture_weights
-moddeffn		/home/xkrajnan/Plocha/GSoC/PocketSphinx/an4/model_architecture/an4.untied.mdef
-mwfloor	1e-4	1.000000e-08
-phone			TH
-psetfn			/home/xkrajnan/Plocha/GSoC/PocketSphinx/an4/model_architecture/an4.tree_questions
-ssplitmax	5	7
-ssplitmin	1	1
-ssplitthr	8e-4	0.000000e+00
-state			0
-stwt			1.0,0.05,0.0,
-treefn			/home/xkrajnan/Plocha/GSoC/PocketSphinx/an4/trees/an4.unpruned/TH-0.dtree
-ts2cbfn	.semi.	.cont.
-varfloor	0.00001	1.000000e-05
-varfn			/home/xkrajnan/Plocha/GSoC/PocketSphinx/an4/model_parameters/an4.cd_cont_untied/variances

INFO: main.c(228): Reading: /home/xkrajnan/Plocha/GSoC/PocketSphinx/an4/model_architecture/an4.untied.mdef
INFO: model_def_io.c(587): Model definition info:
INFO: model_def_io.c(588): 1618 total models defined (34 base, 1584 tri)
INFO: model_def_io.c(589): 6472 total states
INFO: model_def_io.c(590): 4854 total tied states
INFO: model_def_io.c(591): 102 total tied CI states
INFO: model_def_io.c(592): 34 total tied transition matrices
INFO: model_def_io.c(593): 4 max state/model
INFO: model_def_io.c(594): 4 min state/model
INFO: main.c(247): Building trees for [TH AH N e] through [TH V R b]
INFO: main.c(275): Covering states |[4362 4487]| == 126
INFO: main.c(282): Reading: /home/xkrajnan/Plocha/GSoC/PocketSphinx/an4/model_parameters/an4.cd_cont_untied/mixture_weights
INFO: s3mixw_io.c(172): Read /home/xkrajnan/Plocha/GSoC/PocketSphinx/an4/model_parameters/an4.cd_cont_untied/mixture_weights [126x1x1 array]
INFO: main.c(320): 42 of 42 models have observation count greater than 0.000010
INFO: main.c(94): nrm stwt: 0.952 0.048 0.000 
INFO: s3gau_io.c(166): Read /home/xkrajnan/Plocha/GSoC/PocketSphinx/an4/model_parameters/an4.cd_cont_untied/means [4854x1x1 array]
INFO: s3gau_io.c(166): Read /home/xkrajnan/Plocha/GSoC/PocketSphinx/an4/model_parameters/an4.cd_cont_untied/variances [4854x1x1 array]
INFO: main.c(576): Reading: /home/xkrajnan/Plocha/GSoC/PocketSphinx/an4/model_architecture/an4.tree_questions
INFO: main.c(619): 180 total simple questions (172 phone; 8 word bndry)
INFO: main.c(621): 42 Left Only questions, and 42 Right Only questions
INFO: dtree.c(1524): Final simple tree
|( QUESTION2_1_L -1 -2.583e+03 6.179e+02 2.064e+03
|    ( - -5.911e+02 2 0 QUESTION0_13_R 1 1.769e+02 3.802e+02)
|    ( QUESTION3 -1 -1.374e+03 4.242e+02 1.684e+03
|        ( WDBNDRY_B 0 1.252e+03 4.228e+02 1.724e+02
|            ( - 9.025e+02 3 0 QUESTION0_16_R 1 2.750e+02 1.274e+02)
|            ( - 7.723e+02 1 0))
|        ( QUESTION2_17_L -1 -2.202e+03 3.314e+02 1.511e+03
|            ( QUESTION2 -1 -2.295e+02 3.132e+02 7.144e+02
|                ( - -2.938e+02 6 0 QUESTION11 1 2.653e+02 3.534e+02)
|                ( - 3.774e+02 8 0 QUESTION0_13_R 1 2.055e+02 3.609e+02))
|            ( QUESTION1 -1 -1.641e+03 3.311e+02 7.968e+02
|                ( - -1.371e+03 11 0 QUESTION12 -1 1.982e+02 3.268e+02)
|                ( QUESTION2_0_L -1 6.123e+01 2.754e+02 4.700e+02
|                    ( - 2.875e+02 2 0 QUESTION0_13_R 1 3.444e+02 6.400e+01)
|                    ( - 4.914e+01 9 0 QUESTION0_16_R 1 2.366e+02 4.060e+02))))))
s>    ( QUESTION2_1_L -1 -2.583e+03 6.179e+02 2.064e+03
s>        ( - -5.911e+02 2 0 QUESTION0_13_R 1 1.769e+02 3.802e+02)
s>        ( QUESTION3 -1 -1.374e+03 4.242e+02 1.684e+03
s>            ( WDBNDRY_B 0 1.252e+03 4.228e+02 1.724e+02
s>                ( - 9.025e+02 3 0 QUESTION0_16_R 1 2.750e+02 1.274e+02)
s>                ( - 7.723e+02 1 0))
s>            ( QUESTION2_17_L -1 -2.202e+03 3.314e+02 1.511e+03
s>                ( QUESTION2 -1 -2.295e+02 3.132e+02 7.144e+02
s>                    ( - -2.938e+02 6 0 QUESTION11 1 2.653e+02 3.534e+02)
s>                    ( - 3.774e+02 8 0 QUESTION0_13_R 1 2.055e+02 3.609e+02))
s>                ( QUESTION1 -1 -1.641e+03 3.311e+02 7.968e+02
s>                    ( - -1.371e+03 11 0 QUESTION12 -1 1.982e+02 3.268e+02)
s>                    ( QUESTION2_0_L -1 6.123e+01 2.754e+02 4.700e+02
s>                        ( - 2.875e+02 2 0 QUESTION0_13_R 1 3.444e+02 6.400e+01)
s>                        ( - 4.914e+01 9 0 QUESTION0_16_R 1 2.366e+02 4.060e+02))))))INFO: dtree.c(1351): Comp split 0
INFO: dtree.c(1524): Final simple tree
|( QUESTION3 -1 -1.374e+03 4.242e+02 1.684e+03
|    ( WDBNDRY_B 0 1.252e+03 4.228e+02 1.724e+02
|        ( - 9.025e+02 3 0 QUESTION0_16_R 1 2.750e+02 1.274e+02)
|        ( - 7.723e+02 1 0))
|    ( QUESTION2_17_L -1 -2.202e+03 3.314e+02 1.511e+03
|        ( QUESTION2 -1 -2.295e+02 3.132e+02 7.144e+02
|            ( - -2.938e+02 6 0 QUESTION11 1 2.653e+02 3.534e+02)
|            ( - 3.774e+02 8 0 QUESTION0_13_R 1 2.055e+02 3.609e+02))
|        ( QUESTION1 -1 -1.641e+03 3.311e+02 7.968e+02
|            ( - -1.371e+03 11 0 QUESTION12 -1 1.982e+02 3.268e+02)
|            ( QUESTION2_0_L -1 6.123e+01 2.754e+02 4.700e+02
|                ( QUESTION0_13_R 1 2.875e+02 3.444e+02 6.400e+01
|                    ( - 1.246e+02 1 0)
|                    ( - 5.073e+02 1 0))
|                ( - 4.914e+01 9 0 QUESTION0_16_R 1 2.366e+02 4.060e+02)))))
s>    ( QUESTION3 -1 -1.374e+03 4.242e+02 1.684e+03
s>        ( WDBNDRY_B 0 1.252e+03 4.228e+02 1.724e+02
s>            ( - 9.025e+02 3 0 QUESTION0_16_R 1 2.750e+02 1.274e+02)
s>            ( - 7.723e+02 1 0))
s>        ( QUESTION2_17_L -1 -2.202e+03 3.314e+02 1.511e+03
s>            ( QUESTION2 -1 -2.295e+02 3.132e+02 7.144e+02
s>                ( - -2.938e+02 6 0 QUESTION11 1 2.653e+02 3.534e+02)
s>                ( - 3.774e+02 8 0 QUESTION0_13_R 1 2.055e+02 3.609e+02))
s>            ( QUESTION1 -1 -1.641e+03 3.311e+02 7.968e+02
s>                ( - -1.371e+03 11 0 QUESTION12 -1 1.982e+02 3.268e+02)
s>                ( QUESTION2_0_L -1 6.123e+01 2.754e+02 4.700e+02
s>                    ( QUESTION0_13_R 1 2.875e+02 3.444e+02 6.400e+01
s>                        ( - 1.246e+02 1 0)
s>                        ( - 5.073e+02 1 0))
s>                    ( - 4.914e+01 9 0 QUESTION0_16_R 1 2.366e+02 4.060e+02)))))INFO: dtree.c(1483): stop. leaf nodes are specific
INFO: dtree.c(1524): Final simple tree
|( QUESTION0_13_R 1 -5.911e+02 1.769e+02 3.802e+02
|    ( - 7.801e-01 1 0)
|    ( - -4.149e+02 1 0))
s>    ( QUESTION0_13_R 1 -5.911e+02 1.769e+02 3.802e+02
s>        ( - 7.801e-01 1 0)
s>        ( - -4.149e+02 1 0))INFO: dtree.c(1351): Comp split 1
INFO: dtree.c(1524): Final simple tree
|( WDBNDRY_B 0 1.560e+03 4.563e+02 5.733e+02
|    ( QUESTION2_0_L -1 1.244e+03 3.261e+02 5.283e+02
|        ( - 5.073e+02 1 0)
|        ( QUESTION0 -1 1.063e+03 2.337e+02 4.883e+02
|            ( QUESTION0_13_R 1 2.800e+02 1.970e+02 3.389e+02
|                ( - 4.046e+02 2 0)
|                ( QUESTION0_16_R 1 7.247e+01 1.529e+02 2.860e+02
|                    ( - 1.041e+02 1 0)
|                    ( - 1.213e+02 4 0)))
|            ( QUESTION0_16_R 1 1.017e+03 2.727e+02 1.494e+02
|                ( - 2.391e+02 1 0)
|                ( QUESTION0_13_R 1 1.050e+03 1.493e+02 1.484e+02
|                    ( - 2.507e+02 2 0 QUESTION2 -1 2.441e+02 2.299e+01)
|                    ( - 9.489e+02 1 0)))))
|    ( - 7.723e+02 1 0))
s>    ( WDBNDRY_B 0 1.560e+03 4.563e+02 5.733e+02
s>        ( QUESTION2_0_L -1 1.244e+03 3.261e+02 5.283e+02
s>            ( - 5.073e+02 1 0)
s>            ( QUESTION0 -1 1.063e+03 2.337e+02 4.883e+02
s>                ( QUESTION0_13_R 1 2.800e+02 1.970e+02 3.389e+02
s>                    ( - 4.046e+02 2 0)
s>                    ( QUESTION0_16_R 1 7.247e+01 1.529e+02 2.860e+02
s>                        ( - 1.041e+02 1 0)
s>                        ( - 1.213e+02 4 0)))
s>                ( QUESTION0_16_R 1 1.017e+03 2.727e+02 1.494e+02
s>                    ( - 2.391e+02 1 0)
s>                    ( QUESTION0_13_R 1 1.050e+03 1.493e+02 1.484e+02
s>                        ( - 2.507e+02 2 0 QUESTION2 -1 2.441e+02 2.299e+01)
s>                        ( - 9.489e+02 1 0)))))
s>        ( - 7.723e+02 1 0))INFO: dtree.c(1524): Final simple tree
|( QUESTION11 -1 -2.271e+03 3.100e+02 1.110e+03
|    ( - -8.784e+02 9 0 QUESTION0_15_R 1 1.977e+02 2.396e+02)
|    ( QUESTION2_9_L -1 -1.083e+03 2.891e+02 8.706e+02
|        ( QUESTION0_16_R 1 -5.398e+02 2.366e+02 2.498e+02
|            ( - 2.382e+02 1 0)
|            ( - -5.415e+02 8 0 QUESTION0_17_R 1 2.017e+02 2.488e+02))
|        ( QUESTION11 1 -2.538e+02 2.448e+02 6.208e+02
|            ( QUESTION0 -1 -1.175e+02 2.321e+02 5.187e+02
|                ( - 1.246e+02 1 0)
|                ( QUESTION12 1 -9.982e+00 2.071e+02 4.947e+02
|                    ( - -4.689e+02 3 0 SILENCE -1 1.824e+02 3.871e+02)
|                    ( - 6.660e+02 2 0 SILENCE -1 1.267e+02 1.077e+02)))
|            ( WDBNDRY_B 0 1.085e+02 2.249e+02 1.021e+02
|                ( - 6.850e+01 1 0)
|                ( - 2.649e+02 2 0 QUESTION0_0_R 1 1.607e+02 9.806e+01)))))
s>    ( QUESTION11 -1 -2.271e+03 3.100e+02 1.110e+03
s>        ( - -8.784e+02 9 0 QUESTION0_15_R 1 1.977e+02 2.396e+02)
s>        ( QUESTION2_9_L -1 -1.083e+03 2.891e+02 8.706e+02
s>            ( QUESTION0_16_R 1 -5.398e+02 2.366e+02 2.498e+02
s>                ( - 2.382e+02 1 0)
s>                ( - -5.415e+02 8 0 QUESTION0_17_R 1 2.017e+02 2.488e+02))
s>            ( QUESTION11 1 -2.538e+02 2.448e+02 6.208e+02
s>                ( QUESTION0 -1 -1.175e+02 2.321e+02 5.187e+02
s>                    ( - 1.246e+02 1 0)
s>                    ( QUESTION12 1 -9.982e+00 2.071e+02 4.947e+02
s>                        ( - -4.689e+02 3 0 SILENCE -1 1.824e+02 3.871e+02)
s>                        ( - 6.660e+02 2 0 SILENCE -1 1.267e+02 1.077e+02)))
s>                ( WDBNDRY_B 0 1.085e+02 2.249e+02 1.021e+02
s>                    ( - 6.850e+01 1 0)
s>                    ( - 2.649e+02 2 0 QUESTION0_0_R 1 1.607e+02 9.806e+01)))))INFO: dtree.c(1351): Comp split 2
INFO: dtree.c(1524): Final simple tree
|( QUESTION2_0_L -1 1.244e+03 3.261e+02 5.283e+02
|    ( - 5.073e+02 1 0)
|    ( QUESTION0 -1 1.063e+03 2.337e+02 4.883e+02
|        ( QUESTION0_13_R 1 2.800e+02 1.970e+02 3.389e+02
|            ( - 4.046e+02 2 0)
|            ( QUESTION0_16_R 1 7.247e+01 1.529e+02 2.860e+02
|                ( - 1.041e+02 1 0)
|                ( - 1.213e+02 4 0)))
|        ( QUESTION0_16_R 1 1.017e+03 2.727e+02 1.494e+02
|            ( - 2.391e+02 1 0)
|            ( QUESTION0_13_R 1 1.050e+03 1.493e+02 1.484e+02
|                ( QUESTION2 -1 2.507e+02 2.441e+02 2.299e+01
|                    ( - 2.387e+02 1 0)
|                    ( - 2.561e+02 1 0))
|                ( - 9.489e+02 1 0)))))
s>    ( QUESTION2_0_L -1 1.244e+03 3.261e+02 5.283e+02
s>        ( - 5.073e+02 1 0)
s>        ( QUESTION0 -1 1.063e+03 2.337e+02 4.883e+02
s>            ( QUESTION0_13_R 1 2.800e+02 1.970e+02 3.389e+02
s>                ( - 4.046e+02 2 0)
s>                ( QUESTION0_16_R 1 7.247e+01 1.529e+02 2.860e+02
s>                    ( - 1.041e+02 1 0)
s>                    ( - 1.213e+02 4 0)))
s>            ( QUESTION0_16_R 1 1.017e+03 2.727e+02 1.494e+02
s>                ( - 2.391e+02 1 0)
s>                ( QUESTION0_13_R 1 1.050e+03 1.493e+02 1.484e+02
s>                    ( QUESTION2 -1 2.507e+02 2.441e+02 2.299e+01
s>                        ( - 2.387e+02 1 0)
s>                        ( - 2.561e+02 1 0))
s>                    ( - 9.489e+02 1 0)))))INFO: dtree.c(1351): Comp split 3
INFO: dtree.c(1483): stop. leaf nodes are specific
INFO: dtree.c(1524): Final simple tree
|( QUESTION12 1 -9.982e+00 2.071e+02 4.947e+02
|    ( SILENCE -1 -4.689e+02 1.824e+02 3.871e+02
|        ( - 1.354e+02 1 0)
|        ( WDBNDRY_B 0 -4.220e+02 9.327e+01 1.746e+02
|            ( - -3.817e+02 1 0)
|            ( - 5.301e+01 1 0)))
|    ( SILENCE -1 6.660e+02 1.267e+02 1.077e+02
|        ( - 3.059e+02 1 0)
|        ( - 4.868e+02 1 0)))
s>    ( QUESTION12 1 -9.982e+00 2.071e+02 4.947e+02
s>        ( SILENCE -1 -4.689e+02 1.824e+02 3.871e+02
s>            ( - 1.354e+02 1 0)
s>            ( WDBNDRY_B 0 -4.220e+02 9.327e+01 1.746e+02
s>                ( - -3.817e+02 1 0)
s>                ( - 5.301e+01 1 0)))
s>        ( SILENCE -1 6.660e+02 1.267e+02 1.077e+02
s>            ( - 3.059e+02 1 0)
s>            ( - 4.868e+02 1 0)))INFO: dtree.c(1524): Final simple tree
|( WDBNDRY_B 0 -1.838e+03 2.615e+02 6.155e+02
|    ( QUESTION12 -1 -1.507e+03 2.175e+02 4.152e+02
|        ( QUESTION0_16_R 1 -8.377e+01 2.113e+02 8.827e+01
|            ( - -4.928e+01 1 0)
|            ( - 1.768e+02 2 0 QUESTION0_13_R 1 1.515e+02 7.626e+01))
|        ( QUESTION10 -1 -1.206e+03 2.187e+02 3.269e+02
|            ( - 6.850e+01 1 0)
|            ( QUESTION0_16_R 1 -1.055e+03 2.378e+02 3.229e+02
|                ( - 2.382e+02 1 0)
|                ( - -1.056e+03 10 0 QUESTION2_0_L -1 1.781e+02 3.219e+02))))
|    ( QUESTION11 -1 -6.915e+01 2.117e+02 2.003e+02
|        ( - -1.154e+02 2 0 QUESTION2_0_L -1 1.780e+02 5.625e+01)
|        ( QUESTION0_2_R 1 2.579e+02 1.937e+02 1.441e+02
|            ( - 1.566e+02 1 0)
|            ( - 2.950e+02 4 0 QUESTION0 -1 1.711e+02 1.351e+02))))
s>    ( WDBNDRY_B 0 -1.838e+03 2.615e+02 6.155e+02
s>        ( QUESTION12 -1 -1.507e+03 2.175e+02 4.152e+02
s>            ( QUESTION0_16_R 1 -8.377e+01 2.113e+02 8.827e+01
s>                ( - -4.928e+01 1 0)
s>                ( - 1.768e+02 2 0 QUESTION0_13_R 1 1.515e+02 7.626e+01))
s>            ( QUESTION10 -1 -1.206e+03 2.187e+02 3.269e+02
s>                ( - 6.850e+01 1 0)
s>                ( QUESTION0_16_R 1 -1.055e+03 2.378e+02 3.229e+02
s>                    ( - 2.382e+02 1 0)
s>                    ( - -1.056e+03 10 0 QUESTION2_0_L -1 1.781e+02 3.219e+02))))
s>        ( QUESTION11 -1 -6.915e+01 2.117e+02 2.003e+02
s>            ( - -1.154e+02 2 0 QUESTION2_0_L -1 1.780e+02 5.625e+01)
s>            ( QUESTION0_2_R 1 2.579e+02 1.937e+02 1.441e+02
s>                ( - 1.566e+02 1 0)
s>                ( - 2.950e+02 4 0 QUESTION0 -1 1.711e+02 1.351e+02))))INFO: dtree.c(1351): Comp split 4
INFO: dtree.c(1524): Final simple tree
|( QUESTION11 -1 -7.971e+01 2.398e+02 2.686e+02
|    ( QUESTION0_15_R 1 -1.365e+02 1.990e+02 1.325e+02
|        ( - 1.136e+02 1 0)
|        ( QUESTION2_0_L -1 -5.113e+01 1.657e+02 7.525e+01
|            ( - -1.297e+02 1 0)
|            ( WDBNDRY_B 0 2.444e+02 1.628e+02 2.900e+01
|                ( - 2.148e+02 1 0)
|                ( - 1.924e+02 1 0))))
|    ( WDBNDRY_B 0 2.966e+02 2.367e+02 1.361e+02
|        ( - 2.382e+02 1 0)
|        ( QUESTION0 -1 2.950e+02 1.711e+02 1.351e+02
|            ( - 2.012e+02 2 0)
|            ( QUESTION0_0_R 1 2.649e+02 1.607e+02 9.806e+01
|                ( - 1.658e+02 1 0)
|                ( - 2.598e+02 1 0)))))
s>    ( QUESTION11 -1 -7.971e+01 2.398e+02 2.686e+02
s>        ( QUESTION0_15_R 1 -1.365e+02 1.990e+02 1.325e+02
s>            ( - 1.136e+02 1 0)
s>            ( QUESTION2_0_L -1 -5.113e+01 1.657e+02 7.525e+01
s>                ( - -1.297e+02 1 0)
s>                ( WDBNDRY_B 0 2.444e+02 1.628e+02 2.900e+01
s>                    ( - 2.148e+02 1 0)
s>                    ( - 1.924e+02 1 0))))
s>        ( WDBNDRY_B 0 2.966e+02 2.367e+02 1.361e+02
s>            ( - 2.382e+02 1 0)
s>            ( QUESTION0 -1 2.950e+02 1.711e+02 1.351e+02
s>                ( - 2.012e+02 2 0)
s>                ( QUESTION0_0_R 1 2.649e+02 1.607e+02 9.806e+01
s>                    ( - 1.658e+02 1 0)
s>                    ( - 2.598e+02 1 0)))))INFO: dtree.c(1524): Final simple tree
|( QUESTION0_16_R 1 -1.406e+03 2.247e+02 3.469e+02
|    ( QUESTION2 -1 -1.333e+02 1.525e+02 1.601e+01
|        ( - 6.850e+01 1 0)
|        ( - -4.928e+01 1 0))
|    ( QUESTION2_9_L -1 -1.048e+03 1.782e+02 3.309e+02
|        ( QUESTION0 -1 -6.113e+02 1.587e+02 2.339e+02
|            ( QUESTION0_13_R 1 -5.673e+01 2.131e+02 1.246e+02
|                ( - 2.015e+02 2 0)
|                ( - -4.509e+01 2 0 WDBNDRY_B 0 1.299e+02 7.592e+01))
|            ( QUESTION0_13_R 1 -3.959e+02 1.351e+02 1.093e+02
|                ( - 9.571e+01 2 0 QUESTION2 -1 1.373e+02 2.500e+01)
|                ( - -3.565e+02 2 0 QUESTION2 -1 1.099e+02 8.431e+01)))
|        ( QUESTION0 -1 -2.584e+02 1.761e+02 9.700e+01
|            ( - 1.246e+02 1 0)
|            ( - -2.070e+02 2 0 QUESTION0_13_R 1 1.036e+02 7.300e+01))))
s>    ( QUESTION0_16_R 1 -1.406e+03 2.247e+02 3.469e+02
s>        ( QUESTION2 -1 -1.333e+02 1.525e+02 1.601e+01
s>            ( - 6.850e+01 1 0)
s>            ( - -4.928e+01 1 0))
s>        ( QUESTION2_9_L -1 -1.048e+03 1.782e+02 3.309e+02
s>            ( QUESTION0 -1 -6.113e+02 1.587e+02 2.339e+02
s>                ( QUESTION0_13_R 1 -5.673e+01 2.131e+02 1.246e+02
s>                    ( - 2.015e+02 2 0)
s>                    ( - -4.509e+01 2 0 WDBNDRY_B 0 1.299e+02 7.592e+01))
s>                ( QUESTION0_13_R 1 -3.959e+02 1.351e+02 1.093e+02
s>                    ( - 9.571e+01 2 0 QUESTION2 -1 1.373e+02 2.500e+01)
s>                    ( - -3.565e+02 2 0 QUESTION2 -1 1.099e+02 8.431e+01)))
s>            ( QUESTION0 -1 -2.584e+02 1.761e+02 9.700e+01
s>                ( - 1.246e+02 1 0)
s>                ( - -2.070e+02 2 0 QUESTION0_13_R 1 1.036e+02 7.300e+01))))INFO: dtree.c(1351): Comp split 5
INFO: dtree.c(1483): stop. leaf nodes are specific
INFO: dtree.c(1524): Final simple tree
|( QUESTION11 -1 1.341e+03 1.530e+02 2.003e+02
|    ( - 2.561e+02 1 0)
|    ( QUESTION0_13_R 1 1.238e+03 1.155e+02 1.783e+02
|        ( - 4.046e+02 2 0)
|        ( - 9.489e+02 1 0)))
s>    ( QUESTION11 -1 1.341e+03 1.530e+02 2.003e+02
s>        ( - 2.561e+02 1 0)
s>        ( QUESTION0_13_R 1 1.238e+03 1.155e+02 1.783e+02
s>            ( - 4.046e+02 2 0)
s>            ( - 9.489e+02 1 0)))INFO: dtree.c(1483): stop. leaf nodes are specific
INFO: dtree.c(1524): Final simple tree
|( QUESTION2_0_L -1 2.298e+02 3.196e+02 3.280e+02
|    ( - 5.073e+02 1 0)
|    ( QUESTION0_13_R 1 4.212e+01 2.430e+02 2.880e+02
|        ( - 2.387e+02 1 0)
|        ( QUESTION0 -1 4.641e+01 2.652e+02 2.870e+02
|            ( QUESTION0_16_R 1 7.247e+01 1.529e+02 2.860e+02
|                ( - 1.041e+02 1 0)
|                ( - 1.213e+02 4 0))
|            ( - 2.391e+02 1 0))))
s>    ( QUESTION2_0_L -1 2.298e+02 3.196e+02 3.280e+02
s>        ( - 5.073e+02 1 0)
s>        ( QUESTION0_13_R 1 4.212e+01 2.430e+02 2.880e+02
s>            ( - 2.387e+02 1 0)
s>            ( QUESTION0 -1 4.641e+01 2.652e+02 2.870e+02
s>                ( QUESTION0_16_R 1 7.247e+01 1.529e+02 2.860e+02
s>                    ( - 1.041e+02 1 0)
s>                    ( - 1.213e+02 4 0))
s>                ( - 2.391e+02 1 0))))INFO: dtree.c(1351): Comp split 6
INFO: dtree.c(1483): stop. leaf nodes are specific
INFO: dtree.c(1524): Final simple tree
|( QUESTION0_13_R 1 4.212e+01 2.430e+02 2.880e+02
|    ( - 2.387e+02 1 0)
|    ( QUESTION0 -1 4.641e+01 2.652e+02 2.870e+02
|        ( QUESTION0_16_R 1 7.247e+01 1.529e+02 2.860e+02
|            ( - 1.041e+02 1 0)
|            ( - 1.213e+02 4 0))
|        ( - 2.391e+02 1 0)))
s>    ( QUESTION0_13_R 1 4.212e+01 2.430e+02 2.880e+02
s>        ( - 2.387e+02 1 0)
s>        ( QUESTION0 -1 4.641e+01 2.652e+02 2.870e+02
s>            ( QUESTION0_16_R 1 7.247e+01 1.529e+02 2.860e+02
s>                ( - 1.041e+02 1 0)
s>                ( - 1.213e+02 4 0))
s>            ( - 2.391e+02 1 0)))INFO: dtree.c(1351): Comp split 7
INFO: dtree.c(1483): stop. leaf nodes are specific
INFO: dtree.c(1524): Final simple tree
|( QUESTION0_13_R 1 6.772e+01 2.435e+02 2.870e+02
|    ( - 2.387e+02 1 0)
|    ( QUESTION0_16_R 1 7.247e+01 1.529e+02 2.860e+02
|        ( - 1.041e+02 1 0)
|        ( - 1.213e+02 4 0)))
s>    ( QUESTION0_13_R 1 6.772e+01 2.435e+02 2.870e+02
s>        ( - 2.387e+02 1 0)
s>        ( QUESTION0_16_R 1 7.247e+01 1.529e+02 2.860e+02
s>            ( - 1.041e+02 1 0)
s>            ( - 1.213e+02 4 0)))INFO: dtree.c(1351): Comp split 8
INFO: dtree.c(1483): stop. leaf nodes are specific
INFO: dtree.c(1524): Final simple tree
|( QUESTION0_16_R 1 7.247e+01 1.529e+02 2.860e+02
|    ( - 1.041e+02 1 0)
|    ( - 1.213e+02 4 0))
s>    ( QUESTION0_16_R 1 7.247e+01 1.529e+02 2.860e+02
s>        ( - 1.041e+02 1 0)
s>        ( - 1.213e+02 4 0))INFO: dtree.c(1351): Comp split 9
INFO: dtree.c(1483): stop. leaf nodes are specific
INFO: dtree.c(1524): Final simple tree
|( QUESTION11 -1 -6.014e+01 1.418e+02 1.009e+02
|    ( - 1.289e+02 1 0)
|    ( WDBNDRY_B 0 -4.722e+01 1.290e+02 8.992e+01
|        ( QUESTION0_13_R 1 -7.487e+01 1.072e+02 8.092e+01
|            ( - 1.042e+02 1 0)
|            ( - -7.182e+01 1 0))
|        ( - 1.566e+02 1 0)))
s>    ( QUESTION11 -1 -6.014e+01 1.418e+02 1.009e+02
s>        ( - 1.289e+02 1 0)
s>        ( WDBNDRY_B 0 -4.722e+01 1.290e+02 8.992e+01
s>            ( QUESTION0_13_R 1 -7.487e+01 1.072e+02 8.092e+01
s>                ( - 1.042e+02 1 0)
s>                ( - -7.182e+01 1 0))
s>            ( - 1.566e+02 1 0)))INFO: dtree.c(1524): Final simple tree
|( QUESTION0 -1 -1.104e+03 2.276e+02 2.460e+02
|    ( QUESTION2_0_L -1 1.804e+02 1.457e+02 7.269e+01
|        ( - 1.246e+02 1 0)
|        ( - 2.015e+02 2 0))
|    ( QUESTION0_16_R 1 -1.057e+03 2.002e+02 1.733e+02
|        ( QUESTION2 -1 -1.333e+02 1.525e+02 1.601e+01
|            ( - 6.850e+01 1 0)
|            ( - -4.928e+01 1 0))
|        ( QUESTION18 -1 -7.233e+02 1.598e+02 1.573e+02
|            ( QUESTION0_13_R 1 -2.070e+02 1.036e+02 7.300e+01
|                ( - -1.235e+02 1 0)
|                ( - 2.017e+01 1 0))
|            ( QUESTION2 -1 -3.565e+02 1.099e+02 8.431e+01
|                ( - -3.080e+02 1 0)
|                ( - 6.143e+01 1 0)))))
s>    ( QUESTION0 -1 -1.104e+03 2.276e+02 2.460e+02
s>        ( QUESTION2_0_L -1 1.804e+02 1.457e+02 7.269e+01
s>            ( - 1.246e+02 1 0)
s>            ( - 2.015e+02 2 0))
s>        ( QUESTION0_16_R 1 -1.057e+03 2.002e+02 1.733e+02
s>            ( QUESTION2 -1 -1.333e+02 1.525e+02 1.601e+01
s>                ( - 6.850e+01 1 0)
s>                ( - -4.928e+01 1 0))
s>            ( QUESTION18 -1 -7.233e+02 1.598e+02 1.573e+02
s>                ( QUESTION0_13_R 1 -2.070e+02 1.036e+02 7.300e+01
s>                    ( - -1.235e+02 1 0)
s>                    ( - 2.017e+01 1 0))
s>                ( QUESTION2 -1 -3.565e+02 1.099e+02 8.431e+01
s>                    ( - -3.080e+02 1 0)
s>                    ( - 6.143e+01 1 0)))))INFO: dtree.c(1351): Comp split 10
INFO: dtree.c(1483): stop. leaf nodes are specific
INFO: dtree.c(1524): Final simple tree
|( WDBNDRY_B 0 2.966e+02 2.367e+02 1.361e+02
|    ( - 2.382e+02 1 0)
|    ( QUESTION0 -1 2.950e+02 1.711e+02 1.351e+02
|        ( - 2.012e+02 2 0)
|        ( QUESTION0_0_R 1 2.649e+02 1.607e+02 9.806e+01
|            ( - 1.658e+02 1 0)
|            ( - 2.598e+02 1 0))))
s>    ( WDBNDRY_B 0 2.966e+02 2.367e+02 1.361e+02
s>        ( - 2.382e+02 1 0)
s>        ( QUESTION0 -1 2.950e+02 1.711e+02 1.351e+02
s>            ( - 2.012e+02 2 0)
s>            ( QUESTION0_0_R 1 2.649e+02 1.607e+02 9.806e+01
s>                ( - 1.658e+02 1 0)
s>                ( - 2.598e+02 1 0))))INFO: dtree.c(1483): stop. leaf nodes are specific
INFO: dtree.c(1524): Final simple tree
|( QUESTION0_15_R 1 -1.365e+02 1.990e+02 1.325e+02
|    ( - 1.136e+02 1 0)
|    ( QUESTION2_0_L -1 -5.113e+01 1.657e+02 7.525e+01
|        ( - -1.297e+02 1 0)
|        ( WDBNDRY_B 0 2.444e+02 1.628e+02 2.900e+01
|            ( - 2.148e+02 1 0)
|            ( - 1.924e+02 1 0))))
s>    ( QUESTION0_15_R 1 -1.365e+02 1.990e+02 1.325e+02
s>        ( - 1.136e+02 1 0)
s>        ( QUESTION2_0_L -1 -5.113e+01 1.657e+02 7.525e+01
s>            ( - -1.297e+02 1 0)
s>            ( WDBNDRY_B 0 2.444e+02 1.628e+02 2.900e+01
s>                ( - 2.148e+02 1 0)
s>                ( - 1.924e+02 1 0))))INFO: dtree.c(1351): Comp split 11
INFO: dtree.c(1483): stop. leaf nodes are specific
INFO: dtree.c(1524): Final simple tree
|( QUESTION0 -1 2.950e+02 1.711e+02 1.351e+02
|    ( - 2.012e+02 2 0)
|    ( QUESTION0_0_R 1 2.649e+02 1.607e+02 9.806e+01
|        ( - 1.658e+02 1 0)
|        ( - 2.598e+02 1 0)))
s>    ( QUESTION0 -1 2.950e+02 1.711e+02 1.351e+02
s>        ( - 2.012e+02 2 0)
s>        ( QUESTION0_0_R 1 2.649e+02 1.607e+02 9.806e+01
s>            ( - 1.658e+02 1 0)
s>            ( - 2.598e+02 1 0)))INFO: dtree.c(1351): Comp split 12
INFO: dtree.c(1483): stop. leaf nodes are specific
INFO: dtree.c(1524): Final simple tree
|( QUESTION0_16_R 1 -1.057e+03 2.002e+02 1.733e+02
|    ( QUESTION2 -1 -1.333e+02 1.525e+02 1.601e+01
|        ( - 6.850e+01 1 0)
|        ( - -4.928e+01 1 0))
|    ( QUESTION18 -1 -7.233e+02 1.598e+02 1.573e+02
|        ( QUESTION0_13_R 1 -2.070e+02 1.036e+02 7.300e+01
|            ( - -1.235e+02 1 0)
|            ( - 2.017e+01 1 0))
|        ( QUESTION2 -1 -3.565e+02 1.099e+02 8.431e+01
|            ( - -3.080e+02 1 0)
|            ( - 6.143e+01 1 0))))
s>    ( QUESTION0_16_R 1 -1.057e+03 2.002e+02 1.733e+02
s>        ( QUESTION2 -1 -1.333e+02 1.525e+02 1.601e+01
s>            ( - 6.850e+01 1 0)
s>            ( - -4.928e+01 1 0))
s>        ( QUESTION18 -1 -7.233e+02 1.598e+02 1.573e+02
s>            ( QUESTION0_13_R 1 -2.070e+02 1.036e+02 7.300e+01
s>                ( - -1.235e+02 1 0)
s>                ( - 2.017e+01 1 0))
s>            ( QUESTION2 -1 -3.565e+02 1.099e+02 8.431e+01
s>                ( - -3.080e+02 1 0)
s>                ( - 6.143e+01 1 0))))INFO: dtree.c(1483): stop. leaf nodes are specific
INFO: dtree.c(1524): Final simple tree
|( QUESTION2_0_L -1 1.804e+02 1.457e+02 7.269e+01
|    ( - 1.246e+02 1 0)
|    ( - 2.015e+02 2 0))
s>    ( QUESTION2_0_L -1 1.804e+02 1.457e+02 7.269e+01
s>        ( - 1.246e+02 1 0)
s>        ( - 2.015e+02 2 0))INFO: dtree.c(1351): Comp split 13
INFO: dtree.c(1483): stop. leaf nodes are specific
INFO: dtree.c(1524): Final simple tree
|( SILENCE -1 -4.689e+02 1.824e+02 3.871e+02
|    ( - 1.354e+02 1 0)
|    ( WDBNDRY_B 0 -4.220e+02 9.327e+01 1.746e+02
|        ( - -3.817e+02 1 0)
|        ( - 5.301e+01 1 0)))
s>    ( SILENCE -1 -4.689e+02 1.824e+02 3.871e+02
s>        ( - 1.354e+02 1 0)
s>        ( WDBNDRY_B 0 -4.220e+02 9.327e+01 1.746e+02
s>            ( - -3.817e+02 1 0)
s>            ( - 5.301e+01 1 0)))INFO: dtree.c(1483): stop. leaf nodes are specific
INFO: dtree.c(1524): Final simple tree
|( SILENCE -1 6.660e+02 1.267e+02 1.077e+02
|    ( - 3.059e+02 1 0)
|    ( - 4.868e+02 1 0))
s>    ( SILENCE -1 6.660e+02 1.267e+02 1.077e+02
s>        ( - 3.059e+02 1 0)
s>        ( - 4.868e+02 1 0))INFO: dtree.c(1351): Comp split 14
INFO: dtree.c(1483): stop. leaf nodes are specific
INFO: dtree.c(1524): Final simple tree
|( WDBNDRY_B 0 -1.260e+02 1.731e+02 1.225e+02
|    ( QUESTION0_13_R 1 1.768e+02 1.515e+02 7.626e+01
|        ( - 2.148e+02 1 0)
|        ( - 1.136e+02 1 0))
|    ( - -1.297e+02 1 0))
s>    ( WDBNDRY_B 0 -1.260e+02 1.731e+02 1.225e+02
s>        ( QUESTION0_13_R 1 1.768e+02 1.515e+02 7.626e+01
s>            ( - 2.148e+02 1 0)
s>            ( - 1.136e+02 1 0))
s>        ( - -1.297e+02 1 0))INFO: dtree.c(1351): Comp split 15
INFO: dtree.c(1483): stop. leaf nodes are specific
INFO: dtree.c(1524): Final simple tree
|( QUESTION18 -1 -7.233e+02 1.598e+02 1.573e+02
|    ( QUESTION0_13_R 1 -2.070e+02 1.036e+02 7.300e+01
|        ( - -1.235e+02 1 0)
|        ( - 2.017e+01 1 0))
|    ( QUESTION2 -1 -3.565e+02 1.099e+02 8.431e+01
|        ( - -3.080e+02 1 0)
|        ( - 6.143e+01 1 0)))
s>    ( QUESTION18 -1 -7.233e+02 1.598e+02 1.573e+02
s>        ( QUESTION0_13_R 1 -2.070e+02 1.036e+02 7.300e+01
s>            ( - -1.235e+02 1 0)
s>            ( - 2.017e+01 1 0))
s>        ( QUESTION2 -1 -3.565e+02 1.099e+02 8.431e+01
s>            ( - -3.080e+02 1 0)
s>            ( - 6.143e+01 1 0)))INFO: dtree.c(1483): stop. leaf nodes are specific
INFO: dtree.c(1524): Final simple tree
|( QUESTION2 -1 -1.333e+02 1.525e+02 1.601e+01
|    ( - 6.850e+01 1 0)
|    ( - -4.928e+01 1 0))
s>    ( QUESTION2 -1 -1.333e+02 1.525e+02 1.601e+01
s>        ( - 6.850e+01 1 0)
s>        ( - -4.928e+01 1 0))INFO: dtree.c(1351): Comp split 16
INFO: dtree.c(1483): stop. leaf nodes are specific
INFO: dtree.c(1524): Final simple tree
|( WDBNDRY_B 0 -4.220e+02 9.327e+01 1.746e+02
|    ( - -3.817e+02 1 0)
|    ( - 5.301e+01 1 0))
s>    ( WDBNDRY_B 0 -4.220e+02 9.327e+01 1.746e+02
s>        ( - -3.817e+02 1 0)
s>        ( - 5.301e+01 1 0))INFO: dtree.c(1351): Comp split 17
INFO: dtree.c(1351): Comp split 18
INFO: dtree.c(1483): stop. leaf nodes are specific
INFO: dtree.c(1524): Final simple tree
|( QUESTION0_13_R 1 1.768e+02 1.515e+02 7.626e+01
|    ( - 2.148e+02 1 0)
|    ( - 1.136e+02 1 0))
s>    ( QUESTION0_13_R 1 1.768e+02 1.515e+02 7.626e+01
s>        ( - 2.148e+02 1 0)
s>        ( - 1.136e+02 1 0))INFO: dtree.c(1351): Comp split 19
INFO: dtree.c(1483): stop. leaf nodes are specific
INFO: dtree.c(1524): Final simple tree
|( QUESTION0_0_R 1 2.649e+02 1.607e+02 9.806e+01
|    ( - 1.658e+02 1 0)
|    ( - 2.598e+02 1 0))
s>    ( QUESTION0_0_R 1 2.649e+02 1.607e+02 9.806e+01
s>        ( - 1.658e+02 1 0)
s>        ( - 2.598e+02 1 0))INFO: dtree.c(1351): Comp split 20
INFO: dtree.c(1351): Comp split 21
INFO: dtree.c(1483): stop. leaf nodes are specific
INFO: dtree.c(1524): Final simple tree
|( QUESTION2 -1 -3.565e+02 1.099e+02 8.431e+01
|    ( - -3.080e+02 1 0)
|    ( - 6.143e+01 1 0))
s>    ( QUESTION2 -1 -3.565e+02 1.099e+02 8.431e+01
s>        ( - -3.080e+02 1 0)
s>        ( - 6.143e+01 1 0))INFO: dtree.c(1483): stop. leaf nodes are specific
INFO: dtree.c(1524): Final simple tree
|( QUESTION0_13_R 1 -2.070e+02 1.036e+02 7.300e+01
|    ( - -1.235e+02 1 0)
|    ( - 2.017e+01 1 0))
s>    ( QUESTION0_13_R 1 -2.070e+02 1.036e+02 7.300e+01
s>        ( - -1.235e+02 1 0)
s>        ( - 2.017e+01 1 0))INFO: dtree.c(1351): Comp split 22
INFO: dtree.c(1483): stop. leaf nodes are specific
INFO: dtree.c(1524): Final simple tree
|( QUESTION0_13_R 1 1.238e+03 1.155e+02 1.783e+02
|    ( - 4.046e+02 2 0)
|    ( - 9.489e+02 1 0))
s>    ( QUESTION0_13_R 1 1.238e+03 1.155e+02 1.783e+02
s>        ( - 4.046e+02 2 0)
s>        ( - 9.489e+02 1 0))INFO: dtree.c(1351): Comp split 23
INFO: dtree.c(1351): Comp split 24
INFO: dtree.c(1351): Comp split 25
INFO: dtree.c(1351): Comp split 26
INFO: dtree.c(1351): Comp split 27
INFO: dtree.c(1483): stop. leaf nodes are specific
INFO: dtree.c(1524): Final simple tree
|( WDBNDRY_B 0 -4.722e+01 1.290e+02 8.992e+01
|    ( QUESTION0_13_R 1 -7.487e+01 1.072e+02 8.092e+01
|        ( - 1.042e+02 1 0)
|        ( - -7.182e+01 1 0))
|    ( - 1.566e+02 1 0))
s>    ( WDBNDRY_B 0 -4.722e+01 1.290e+02 8.992e+01
s>        ( QUESTION0_13_R 1 -7.487e+01 1.072e+02 8.092e+01
s>            ( - 1.042e+02 1 0)
s>            ( - -7.182e+01 1 0))
s>        ( - 1.566e+02 1 0))INFO: dtree.c(1351): Comp split 28
INFO: dtree.c(1483): stop. leaf nodes are specific
INFO: dtree.c(1524): Final simple tree
|( QUESTION0_13_R 1 -7.487e+01 1.072e+02 8.092e+01
|    ( - 1.042e+02 1 0)
|    ( - -7.182e+01 1 0))
s>    ( QUESTION0_13_R 1 -7.487e+01 1.072e+02 8.092e+01
s>        ( - 1.042e+02 1 0)
s>        ( - -7.182e+01 1 0))INFO: dtree.c(1351): Comp split 29
INFO: dtree.c(1351): Comp split 30
INFO: dtree.c(1351): Comp split 31
INFO: dtree.c(1351): Comp split 32
INFO: dtree.c(1351): Comp split 33
INFO: dtree.c(1351): Comp split 34
INFO: dtree.c(1351): Comp split 35
INFO: dtree.c(1354): stop. leaf nodes are specific
Tue May 31 10:46:05 2011
