INFO: cmd_ln.c(691): Parsing command line:
/home/xkrajnan/Plocha/GSoC/PocketSphinx/an4/bin/bldtree \
	-treefn /home/xkrajnan/Plocha/GSoC/PocketSphinx/an4/trees/an4.unpruned/S-0.dtree \
	-moddeffn /home/xkrajnan/Plocha/GSoC/PocketSphinx/an4/model_architecture/an4.untied.mdef \
	-mixwfn /home/xkrajnan/Plocha/GSoC/PocketSphinx/an4/model_parameters/an4.cd_cont_untied/mixture_weights \
	-ts2cbfn .cont. \
	-mwfloor 1e-08 \
	-psetfn /home/xkrajnan/Plocha/GSoC/PocketSphinx/an4/model_architecture/an4.tree_questions \
	-phone S \
	-state 0 \
	-stwt 1.0,0.05,0.0 \
	-meanfn /home/xkrajnan/Plocha/GSoC/PocketSphinx/an4/model_parameters/an4.cd_cont_untied/means \
	-varfn /home/xkrajnan/Plocha/GSoC/PocketSphinx/an4/model_parameters/an4.cd_cont_untied/variances \
	-fullvar no \
	-ssplitmin 1 \
	-ssplitmax 7 \
	-ssplitthr 0 \
	-csplitmin 1 \
	-csplitmax 2000 \
	-csplitthr 0 

Current configuration:
[NAME]		[DEFLT]	[VALUE]
-allphones	no	no
-cntthresh	0.00001	1.000000e-05
-csplitmax	100	2000
-csplitmin	1	1
-csplitthr	8e-4	0.000000e+00
-example	no	no
-fullvar	no	no
-help		no	no
-meanfn			/home/xkrajnan/Plocha/GSoC/PocketSphinx/an4/model_parameters/an4.cd_cont_untied/means
-mixwfn			/home/xkrajnan/Plocha/GSoC/PocketSphinx/an4/model_parameters/an4.cd_cont_untied/mixture_weights
-moddeffn		/home/xkrajnan/Plocha/GSoC/PocketSphinx/an4/model_architecture/an4.untied.mdef
-mwfloor	1e-4	1.000000e-08
-phone			S
-psetfn			/home/xkrajnan/Plocha/GSoC/PocketSphinx/an4/model_architecture/an4.tree_questions
-ssplitmax	5	7
-ssplitmin	1	1
-ssplitthr	8e-4	0.000000e+00
-state			0
-stwt			1.0,0.05,0.0,
-treefn			/home/xkrajnan/Plocha/GSoC/PocketSphinx/an4/trees/an4.unpruned/S-0.dtree
-ts2cbfn	.semi.	.cont.
-varfloor	0.00001	1.000000e-05
-varfn			/home/xkrajnan/Plocha/GSoC/PocketSphinx/an4/model_parameters/an4.cd_cont_untied/variances

INFO: main.c(228): Reading: /home/xkrajnan/Plocha/GSoC/PocketSphinx/an4/model_architecture/an4.untied.mdef
INFO: model_def_io.c(587): Model definition info:
INFO: model_def_io.c(588): 1618 total models defined (34 base, 1584 tri)
INFO: model_def_io.c(589): 6472 total states
INFO: model_def_io.c(590): 4854 total tied states
INFO: model_def_io.c(591): 102 total tied CI states
INFO: model_def_io.c(592): 34 total tied transition matrices
INFO: model_def_io.c(593): 4 max state/model
INFO: model_def_io.c(594): 4 min state/model
INFO: main.c(247): Building trees for [S AA T i] through [S V IH b]
INFO: main.c(275): Covering states |[3759 4079]| == 321
INFO: main.c(282): Reading: /home/xkrajnan/Plocha/GSoC/PocketSphinx/an4/model_parameters/an4.cd_cont_untied/mixture_weights
INFO: s3mixw_io.c(172): Read /home/xkrajnan/Plocha/GSoC/PocketSphinx/an4/model_parameters/an4.cd_cont_untied/mixture_weights [321x1x1 array]
INFO: main.c(320): 107 of 107 models have observation count greater than 0.000010
INFO: main.c(94): nrm stwt: 0.952 0.048 0.000 
INFO: s3gau_io.c(166): Read /home/xkrajnan/Plocha/GSoC/PocketSphinx/an4/model_parameters/an4.cd_cont_untied/means [4854x1x1 array]
INFO: s3gau_io.c(166): Read /home/xkrajnan/Plocha/GSoC/PocketSphinx/an4/model_parameters/an4.cd_cont_untied/variances [4854x1x1 array]
INFO: main.c(576): Reading: /home/xkrajnan/Plocha/GSoC/PocketSphinx/an4/model_architecture/an4.tree_questions
INFO: main.c(619): 180 total simple questions (172 phone; 8 word bndry)
INFO: main.c(621): 42 Left Only questions, and 42 Right Only questions
INFO: dtree.c(1524): Final simple tree
|( WDBNDRY_B 0 -5.726e+04 6.813e+03 5.898e+03
|    ( SILENCE -1 -3.463e+04 4.183e+03 4.092e+03
|        ( - -1.864e+03 4 0 QUESTION2 1 6.937e+02 1.332e+03)
|        ( QUESTION8 -1 -2.858e+04 1.974e+03 2.761e+03
|            ( - -2.834e+03 5 0 QUESTION9 -1 3.339e+02 4.263e+02)
|            ( QUESTION2_0_L -1 -2.377e+04 1.595e+03 2.334e+03
|                ( - -9.760e+03 8 0 QUESTION0 1 3.987e+02 9.615e+02)
|                ( QUESTION2_18_L -1 -1.242e+04 8.638e+02 1.373e+03
|                    ( - -3.822e+03 5 0 QUESTION19 1 5.167e+02 4.684e+02)
|                    ( - -7.732e+03 24 0 QUESTION2_9_L -1 6.417e+02 9.044e+02)))))
|    ( QUESTION2 -1 -1.582e+04 4.608e+03 1.806e+03
|        ( - 2.588e+02 23 0 WDBNDRY_E 0 5.896e+02 6.158e+02)
|        ( QUESTION0 -1 -1.147e+04 1.199e+03 1.190e+03
|            ( - -1.773e+02 15 0 QUESTION4 1 1.909e+02 1.207e+02)
|            ( - -1.010e+04 23 0 SILENCE 1 5.188e+02 1.070e+03))))
s>    ( WDBNDRY_B 0 -5.726e+04 6.813e+03 5.898e+03
s>        ( SILENCE -1 -3.463e+04 4.183e+03 4.092e+03
s>            ( - -1.864e+03 4 0 QUESTION2 1 6.937e+02 1.332e+03)
s>            ( QUESTION8 -1 -2.858e+04 1.974e+03 2.761e+03
s>                ( - -2.834e+03 5 0 QUESTION9 -1 3.339e+02 4.263e+02)
s>                ( QUESTION2_0_L -1 -2.377e+04 1.595e+03 2.334e+03
s>                    ( - -9.760e+03 8 0 QUESTION0 1 3.987e+02 9.615e+02)
s>                    ( QUESTION2_18_L -1 -1.242e+04 8.638e+02 1.373e+03
s>                        ( - -3.822e+03 5 0 QUESTION19 1 5.167e+02 4.684e+02)
s>                        ( - -7.732e+03 24 0 QUESTION2_9_L -1 6.417e+02 9.044e+02)))))
s>        ( QUESTION2 -1 -1.582e+04 4.608e+03 1.806e+03
s>            ( - 2.588e+02 23 0 WDBNDRY_E 0 5.896e+02 6.158e+02)
s>            ( QUESTION0 -1 -1.147e+04 1.199e+03 1.190e+03
s>                ( - -1.773e+02 15 0 QUESTION4 1 1.909e+02 1.207e+02)
s>                ( - -1.010e+04 23 0 SILENCE 1 5.188e+02 1.070e+03))))INFO: dtree.c(1351): Comp split 0
INFO: dtree.c(1524): Final simple tree
|( SILENCE -1 -3.584e+04 4.416e+03 4.213e+03
|    ( QUESTION2 1 -1.864e+03 6.937e+02 1.332e+03
|        ( - -1.052e+03 1 0)
|        ( - -1.180e+02 3 0 QUESTION0 1 4.455e+02 9.834e+02))
|    ( QUESTION8 -1 -2.956e+04 1.926e+03 2.881e+03
|        ( - -2.834e+03 5 0 QUESTION9 -1 3.339e+02 4.263e+02)
|        ( QUESTION2_18_L -1 -2.480e+04 1.366e+03 2.455e+03
|            ( - -3.822e+03 5 0 QUESTION19 1 5.167e+02 4.684e+02)
|            ( QUESTION2_9_L -1 -1.961e+04 9.751e+02 1.987e+03
|                ( - -1.481e+03 11 0 QUESTION0 -1 3.640e+02 3.019e+02)
|                ( QUESTION2_0_L -1 -1.716e+04 7.553e+02 1.685e+03
|                    ( - -9.760e+03 8 0 QUESTION0 1 3.987e+02 9.615e+02)
|                    ( WDBNDRY_B 0 -6.643e+03 8.564e+02 7.232e+02
|                        ( - -5.609e+03 13 0 QUESTION0 1 2.076e+02 6.025e+02)
|                        ( - -1.773e+02 15 0 QUESTION4 1 1.909e+02 1.207e+02)))))))
s>    ( SILENCE -1 -3.584e+04 4.416e+03 4.213e+03
s>        ( QUESTION2 1 -1.864e+03 6.937e+02 1.332e+03
s>            ( - -1.052e+03 1 0)
s>            ( - -1.180e+02 3 0 QUESTION0 1 4.455e+02 9.834e+02))
s>        ( QUESTION8 -1 -2.956e+04 1.926e+03 2.881e+03
s>            ( - -2.834e+03 5 0 QUESTION9 -1 3.339e+02 4.263e+02)
s>            ( QUESTION2_18_L -1 -2.480e+04 1.366e+03 2.455e+03
s>                ( - -3.822e+03 5 0 QUESTION19 1 5.167e+02 4.684e+02)
s>                ( QUESTION2_9_L -1 -1.961e+04 9.751e+02 1.987e+03
s>                    ( - -1.481e+03 11 0 QUESTION0 -1 3.640e+02 3.019e+02)
s>                    ( QUESTION2_0_L -1 -1.716e+04 7.553e+02 1.685e+03
s>                        ( - -9.760e+03 8 0 QUESTION0 1 3.987e+02 9.615e+02)
s>                        ( WDBNDRY_B 0 -6.643e+03 8.564e+02 7.232e+02
s>                            ( - -5.609e+03 13 0 QUESTION0 1 2.076e+02 6.025e+02)
s>                            ( - -1.773e+02 15 0 QUESTION4 1 1.909e+02 1.207e+02)))))))INFO: dtree.c(1524): Final simple tree
|( QUESTION2 -1 -1.439e+04 4.548e+03 1.686e+03
|    ( WDBNDRY_E 0 2.588e+02 5.896e+02 6.158e+02
|        ( SILENCE 1 1.088e+03 3.576e+02 4.736e+02
|            ( - 9.176e+02 1 0)
|            ( - 5.281e+02 20 0 QUESTION0_3_R 1 1.703e+02 3.107e+02))
|        ( - -2.397e+02 2 0 QUESTION0_0_R 1 1.582e+02 1.423e+02))
|    ( SILENCE 1 -1.010e+04 5.188e+02 1.070e+03
|        ( - -2.007e+03 1 0)
|        ( WDBNDRY_E 0 -7.572e+03 3.161e+02 8.053e+02
|            ( QUESTION3 1 -6.913e+03 2.280e+02 7.674e+02
|                ( - -4.106e+03 6 0 QUESTION0_0_R 1 1.963e+02 4.735e+02)
|                ( - -2.579e+03 12 0 QUESTION0_5_R 1 1.654e+02 2.939e+02))
|            ( QUESTION0_0_R 1 -3.427e+02 2.088e+02 3.783e+01
|                ( - 8.286e+01 1 0)
|                ( - -2.168e+02 3 0 QUESTION12 -1 1.428e+02 2.783e+01)))))
s>    ( QUESTION2 -1 -1.439e+04 4.548e+03 1.686e+03
s>        ( WDBNDRY_E 0 2.588e+02 5.896e+02 6.158e+02
s>            ( SILENCE 1 1.088e+03 3.576e+02 4.736e+02
s>                ( - 9.176e+02 1 0)
s>                ( - 5.281e+02 20 0 QUESTION0_3_R 1 1.703e+02 3.107e+02))
s>            ( - -2.397e+02 2 0 QUESTION0_0_R 1 1.582e+02 1.423e+02))
s>        ( SILENCE 1 -1.010e+04 5.188e+02 1.070e+03
s>            ( - -2.007e+03 1 0)
s>            ( WDBNDRY_E 0 -7.572e+03 3.161e+02 8.053e+02
s>                ( QUESTION3 1 -6.913e+03 2.280e+02 7.674e+02
s>                    ( - -4.106e+03 6 0 QUESTION0_0_R 1 1.963e+02 4.735e+02)
s>                    ( - -2.579e+03 12 0 QUESTION0_5_R 1 1.654e+02 2.939e+02))
s>                ( QUESTION0_0_R 1 -3.427e+02 2.088e+02 3.783e+01
s>                    ( - 8.286e+01 1 0)
s>                    ( - -2.168e+02 3 0 QUESTION12 -1 1.428e+02 2.783e+01)))))INFO: dtree.c(1351): Comp split 1
INFO: dtree.c(1524): Final simple tree
|( QUESTION0 1 -3.876e+03 7.579e+02 1.633e+03
|    ( SILENCE -1 1.173e+01 2.975e+02 4.993e+02
|        ( - 3.215e+02 1 0)
|        ( - -1.228e+01 2 0 QUESTION0 -1 1.380e+02 7.181e+01))
|    ( QUESTION1 -1 -3.129e+03 5.648e+02 1.134e+03
|        ( QUESTION17 -1 -3.122e+02 1.858e+02 6.676e+01
|            ( QUESTION0_0_R 1 7.717e+01 2.561e+02 1.399e+01
|                ( - 8.710e+01 1 0)
|                ( - 2.462e+02 1 0))
|            ( - -2.035e+02 4 0 QUESTION0_0_R 1 1.536e+02 5.276e+01))
|        ( QUESTION2 1 -2.252e+03 5.329e+02 1.067e+03
|            ( - -1.052e+03 1 0)
|            ( SILENCE -1 -6.673e+02 2.898e+02 7.193e+02
|                ( - 6.009e+00 2 0 QUESTION0_0_R 1 1.536e+02 5.559e+02)
|                ( - -3.835e+02 3 0 QUESTION0_0_R 1 1.657e+02 1.633e+02)))))
s>    ( QUESTION0 1 -3.876e+03 7.579e+02 1.633e+03
s>        ( SILENCE -1 1.173e+01 2.975e+02 4.993e+02
s>            ( - 3.215e+02 1 0)
s>            ( - -1.228e+01 2 0 QUESTION0 -1 1.380e+02 7.181e+01))
s>        ( QUESTION1 -1 -3.129e+03 5.648e+02 1.134e+03
s>            ( QUESTION17 -1 -3.122e+02 1.858e+02 6.676e+01
s>                ( QUESTION0_0_R 1 7.717e+01 2.561e+02 1.399e+01
s>                    ( - 8.710e+01 1 0)
s>                    ( - 2.462e+02 1 0))
s>                ( - -2.035e+02 4 0 QUESTION0_0_R 1 1.536e+02 5.276e+01))
s>            ( QUESTION2 1 -2.252e+03 5.329e+02 1.067e+03
s>                ( - -1.052e+03 1 0)
s>                ( SILENCE -1 -6.673e+02 2.898e+02 7.193e+02
s>                    ( - 6.009e+00 2 0 QUESTION0_0_R 1 1.536e+02 5.559e+02)
s>                    ( - -3.835e+02 3 0 QUESTION0_0_R 1 1.657e+02 1.633e+02)))))INFO: dtree.c(1524): Final simple tree
|( QUESTION2 -1 -2.719e+04 1.938e+03 2.579e+03
|    ( - -2.834e+03 5 0 QUESTION9 -1 3.339e+02 4.263e+02)
|    ( QUESTION2_18_L -1 -2.242e+04 1.438e+03 2.153e+03
|        ( QUESTION19 1 -3.822e+03 5.167e+02 4.684e+02
|            ( - -1.937e+03 2 0 QUESTION12 -1 2.124e+02 3.195e+02)
|            ( - -1.368e+03 3 0 QUESTION12 -1 1.889e+02 1.490e+02))
|        ( QUESTION2_0_L -1 -1.716e+04 7.553e+02 1.685e+03
|            ( QUESTION0 1 -9.760e+03 3.987e+02 9.615e+02
|                ( - -2.776e+03 3 0 QUESTION0 -1 2.279e+02 2.900e+02)
|                ( QUESTION0 -1 -6.585e+03 4.367e+02 6.715e+02
|                    ( - -6.026e+03 4 0 QUESTION0_0_R 1 1.590e+02 5.950e+02)
|                    ( - -1.227e+02 1 0)))
|            ( WDBNDRY_B 0 -6.643e+03 8.564e+02 7.232e+02
|                ( - -5.609e+03 13 0 QUESTION0 1 2.076e+02 6.025e+02)
|                ( - -1.773e+02 15 0 QUESTION4 1 1.909e+02 1.207e+02)))))
s>    ( QUESTION2 -1 -2.719e+04 1.938e+03 2.579e+03
s>        ( - -2.834e+03 5 0 QUESTION9 -1 3.339e+02 4.263e+02)
s>        ( QUESTION2_18_L -1 -2.242e+04 1.438e+03 2.153e+03
s>            ( QUESTION19 1 -3.822e+03 5.167e+02 4.684e+02
s>                ( - -1.937e+03 2 0 QUESTION12 -1 2.124e+02 3.195e+02)
s>                ( - -1.368e+03 3 0 QUESTION12 -1 1.889e+02 1.490e+02))
s>            ( QUESTION2_0_L -1 -1.716e+04 7.553e+02 1.685e+03
s>                ( QUESTION0 1 -9.760e+03 3.987e+02 9.615e+02
s>                    ( - -2.776e+03 3 0 QUESTION0 -1 2.279e+02 2.900e+02)
s>                    ( QUESTION0 -1 -6.585e+03 4.367e+02 6.715e+02
s>                        ( - -6.026e+03 4 0 QUESTION0_0_R 1 1.590e+02 5.950e+02)
s>                        ( - -1.227e+02 1 0)))
s>                ( WDBNDRY_B 0 -6.643e+03 8.564e+02 7.232e+02
s>                    ( - -5.609e+03 13 0 QUESTION0 1 2.076e+02 6.025e+02)
s>                    ( - -1.773e+02 15 0 QUESTION4 1 1.909e+02 1.207e+02)))))INFO: dtree.c(1351): Comp split 2
INFO: dtree.c(1524): Final simple tree
|( SILENCE 1 -1.010e+04 5.188e+02 1.070e+03
|    ( - -2.007e+03 1 0)
|    ( WDBNDRY_E 0 -7.572e+03 3.161e+02 8.053e+02
|        ( QUESTION3 1 -6.913e+03 2.280e+02 7.674e+02
|            ( QUESTION0_0_R 1 -4.106e+03 1.963e+02 4.735e+02
|                ( QUESTION6 1 -3.270e+03 1.897e+02 3.450e+02
|                    ( - -2.645e+03 1 0)
|                    ( - -4.353e+02 3 0 QUESTION0_9_R 1 1.226e+02 5.902e+01))
|                ( - -6.395e+02 2 0 QUESTION4 1 1.316e+02 1.286e+02))
|            ( QUESTION0_5_R 1 -2.579e+03 1.654e+02 2.939e+02
|                ( - -5.409e+02 2 0 QUESTION0_6_R 1 1.364e+02 8.053e+01)
|                ( - -1.873e+03 10 0 QUESTION0_2_R 1 1.445e+02 2.134e+02)))
|        ( QUESTION0_0_R 1 -3.427e+02 2.088e+02 3.783e+01
|            ( - 8.286e+01 1 0)
|            ( - -2.168e+02 3 0 QUESTION12 -1 1.428e+02 2.783e+01))))
s>    ( SILENCE 1 -1.010e+04 5.188e+02 1.070e+03
s>        ( - -2.007e+03 1 0)
s>        ( WDBNDRY_E 0 -7.572e+03 3.161e+02 8.053e+02
s>            ( QUESTION3 1 -6.913e+03 2.280e+02 7.674e+02
s>                ( QUESTION0_0_R 1 -4.106e+03 1.963e+02 4.735e+02
s>                    ( QUESTION6 1 -3.270e+03 1.897e+02 3.450e+02
s>                        ( - -2.645e+03 1 0)
s>                        ( - -4.353e+02 3 0 QUESTION0_9_R 1 1.226e+02 5.902e+01))
s>                    ( - -6.395e+02 2 0 QUESTION4 1 1.316e+02 1.286e+02))
s>                ( QUESTION0_5_R 1 -2.579e+03 1.654e+02 2.939e+02
s>                    ( - -5.409e+02 2 0 QUESTION0_6_R 1 1.364e+02 8.053e+01)
s>                    ( - -1.873e+03 10 0 QUESTION0_2_R 1 1.445e+02 2.134e+02)))
s>            ( QUESTION0_0_R 1 -3.427e+02 2.088e+02 3.783e+01
s>                ( - 8.286e+01 1 0)
s>                ( - -2.168e+02 3 0 QUESTION12 -1 1.428e+02 2.783e+01))))INFO: dtree.c(1524): Final simple tree
|( WDBNDRY_E 0 2.588e+02 5.896e+02 6.158e+02
|    ( SILENCE 1 1.088e+03 3.576e+02 4.736e+02
|        ( - 9.176e+02 1 0)
|        ( QUESTION0_3_R 1 5.281e+02 1.703e+02 3.107e+02
|            ( - 1.414e+02 1 0)
|            ( QUESTION6 1 5.570e+02 1.418e+02 3.087e+02
|                ( QUESTION0_0_R 1 1.496e+02 1.527e+02 4.000e+00
|                    ( - 1.498e+02 1 0)
|                    ( - 1.525e+02 1 0))
|                ( QUESTION0_9_R 1 5.492e+02 2.261e+02 3.047e+02
|                    ( - 2.468e+02 1 0)
|                    ( - 5.285e+02 16 0 QUESTION0_7_R 1 1.227e+02 3.037e+02)))))
|    ( QUESTION0_0_R 1 -2.397e+02 1.582e+02 1.423e+02
|        ( - 1.528e+02 1 0)
|        ( - -2.343e+02 1 0)))
s>    ( WDBNDRY_E 0 2.588e+02 5.896e+02 6.158e+02
s>        ( SILENCE 1 1.088e+03 3.576e+02 4.736e+02
s>            ( - 9.176e+02 1 0)
s>            ( QUESTION0_3_R 1 5.281e+02 1.703e+02 3.107e+02
s>                ( - 1.414e+02 1 0)
s>                ( QUESTION6 1 5.570e+02 1.418e+02 3.087e+02
s>                    ( QUESTION0_0_R 1 1.496e+02 1.527e+02 4.000e+00
s>                        ( - 1.498e+02 1 0)
s>                        ( - 1.525e+02 1 0))
s>                    ( QUESTION0_9_R 1 5.492e+02 2.261e+02 3.047e+02
s>                        ( - 2.468e+02 1 0)
s>                        ( - 5.285e+02 16 0 QUESTION0_7_R 1 1.227e+02 3.037e+02)))))
s>        ( QUESTION0_0_R 1 -2.397e+02 1.582e+02 1.423e+02
s>            ( - 1.528e+02 1 0)
s>            ( - -2.343e+02 1 0)))INFO: dtree.c(1351): Comp split 3
INFO: dtree.c(1524): Final simple tree
|( WDBNDRY_B 0 -3.713e+03 7.018e+02 5.470e+02
|    ( QUESTION9 -1 -2.834e+03 3.339e+02 4.263e+02
|        ( - 1.329e+02 2 0 QUESTION0_0_R 1 8.786e+01 4.579e+01)
|        ( QUESTION0 1 -2.633e+03 1.793e+02 3.805e+02
|            ( - 1.340e+02 1 0)
|            ( QUESTION0_0_R 1 -2.587e+03 1.451e+02 3.618e+02
|                ( - -1.153e+03 1 0)
|                ( - -1.289e+03 1 0))))
|    ( QUESTION4 1 -1.773e+02 1.909e+02 1.207e+02
|        ( - 1.523e+02 1 0)
|        ( QUESTION0_3_R 1 -1.387e+02 1.594e+02 1.187e+02
|            ( - 5.208e+00 1 0)
|            ( QUESTION3 1 1.548e+01 1.908e+02 1.035e+02
|                ( - 2.610e+01 3 0 QUESTION0_9_R 1 1.389e+02 2.529e+01)
|                ( - 1.801e+02 10 0 QUESTION13 1 1.334e+02 7.822e+01)))))
s>    ( WDBNDRY_B 0 -3.713e+03 7.018e+02 5.470e+02
s>        ( QUESTION9 -1 -2.834e+03 3.339e+02 4.263e+02
s>            ( - 1.329e+02 2 0 QUESTION0_0_R 1 8.786e+01 4.579e+01)
s>            ( QUESTION0 1 -2.633e+03 1.793e+02 3.805e+02
s>                ( - 1.340e+02 1 0)
s>                ( QUESTION0_0_R 1 -2.587e+03 1.451e+02 3.618e+02
s>                    ( - -1.153e+03 1 0)
s>                    ( - -1.289e+03 1 0))))
s>        ( QUESTION4 1 -1.773e+02 1.909e+02 1.207e+02
s>            ( - 1.523e+02 1 0)
s>            ( QUESTION0_3_R 1 -1.387e+02 1.594e+02 1.187e+02
s>                ( - 5.208e+00 1 0)
s>                ( QUESTION3 1 1.548e+01 1.908e+02 1.035e+02
s>                    ( - 2.610e+01 3 0 QUESTION0_9_R 1 1.389e+02 2.529e+01)
s>                    ( - 1.801e+02 10 0 QUESTION13 1 1.334e+02 7.822e+01)))))INFO: dtree.c(1524): Final simple tree
|( QUESTION2_0_L -1 -2.144e+04 1.474e+03 2.032e+03
|    ( QUESTION0 1 -9.760e+03 3.987e+02 9.615e+02
|        ( QUESTION0 -1 -2.776e+03 2.279e+02 2.900e+02
|            ( QUESTION2_1_L -1 -1.982e+03 2.469e+02 1.766e+02
|                ( - -5.073e+02 1 0)
|                ( - -1.228e+03 1 0))
|            ( - -5.661e+02 1 0))
|        ( QUESTION0 -1 -6.585e+03 4.367e+02 6.715e+02
|            ( - -6.026e+03 4 0 QUESTION0_0_R 1 1.590e+02 5.950e+02)
|            ( - -1.227e+02 1 0)))
|    ( QUESTION2_17_L -1 -1.021e+04 7.798e+02 1.071e+03
|        ( - -5.609e+03 13 0 QUESTION0 1 2.076e+02 6.025e+02)
|        ( QUESTION19 1 -3.822e+03 5.167e+02 4.684e+02
|            ( - -1.937e+03 2 0 QUESTION12 -1 2.124e+02 3.195e+02)
|            ( - -1.368e+03 3 0 QUESTION12 -1 1.889e+02 1.490e+02))))
s>    ( QUESTION2_0_L -1 -2.144e+04 1.474e+03 2.032e+03
s>        ( QUESTION0 1 -9.760e+03 3.987e+02 9.615e+02
s>            ( QUESTION0 -1 -2.776e+03 2.279e+02 2.900e+02
s>                ( QUESTION2_1_L -1 -1.982e+03 2.469e+02 1.766e+02
s>                    ( - -5.073e+02 1 0)
s>                    ( - -1.228e+03 1 0))
s>                ( - -5.661e+02 1 0))
s>            ( QUESTION0 -1 -6.585e+03 4.367e+02 6.715e+02
s>                ( - -6.026e+03 4 0 QUESTION0_0_R 1 1.590e+02 5.950e+02)
s>                ( - -1.227e+02 1 0)))
s>        ( QUESTION2_17_L -1 -1.021e+04 7.798e+02 1.071e+03
s>            ( - -5.609e+03 13 0 QUESTION0 1 2.076e+02 6.025e+02)
s>            ( QUESTION19 1 -3.822e+03 5.167e+02 4.684e+02
s>                ( - -1.937e+03 2 0 QUESTION12 -1 2.124e+02 3.195e+02)
s>                ( - -1.368e+03 3 0 QUESTION12 -1 1.889e+02 1.490e+02))))INFO: dtree.c(1351): Comp split 4
INFO: dtree.c(1524): Final simple tree
|( QUESTION2_18_L -1 -1.072e+04 7.855e+02 1.147e+03
|    ( QUESTION19 1 -3.822e+03 5.167e+02 4.684e+02
|        ( QUESTION12 -1 -1.937e+03 2.124e+02 3.195e+02
|            ( - -2.778e+02 1 0)
|            ( - -1.447e+03 1 0))
|        ( QUESTION12 -1 -1.368e+03 1.889e+02 1.490e+02
|            ( - -3.202e+02 2 0 QUESTION0_0_R 1 1.190e+02 4.850e+01)
|            ( - -8.587e+02 1 0)))
|    ( QUESTION0 -1 -6.109e+03 4.163e+02 6.789e+02
|        ( QUESTION0 1 -5.525e+03 2.663e+02 5.895e+02
|            ( - -2.553e+02 4 0)
|            ( QUESTION0_0_R 1 -5.004e+03 1.627e+02 5.545e+02
|                ( - -1.930e+03 4 0)
|                ( - -2.911e+03 3 0)))
|        ( - -1.672e+02 3 0 QUESTION19 1 1.584e+02 8.941e+01)))
s>    ( QUESTION2_18_L -1 -1.072e+04 7.855e+02 1.147e+03
s>        ( QUESTION19 1 -3.822e+03 5.167e+02 4.684e+02
s>            ( QUESTION12 -1 -1.937e+03 2.124e+02 3.195e+02
s>                ( - -2.778e+02 1 0)
s>                ( - -1.447e+03 1 0))
s>            ( QUESTION12 -1 -1.368e+03 1.889e+02 1.490e+02
s>                ( - -3.202e+02 2 0 QUESTION0_0_R 1 1.190e+02 4.850e+01)
s>                ( - -8.587e+02 1 0)))
s>        ( QUESTION0 -1 -6.109e+03 4.163e+02 6.789e+02
s>            ( QUESTION0 1 -5.525e+03 2.663e+02 5.895e+02
s>                ( - -2.553e+02 4 0)
s>                ( QUESTION0_0_R 1 -5.004e+03 1.627e+02 5.545e+02
s>                    ( - -1.930e+03 4 0)
s>                    ( - -2.911e+03 3 0)))
s>            ( - -1.672e+02 3 0 QUESTION19 1 1.584e+02 8.941e+01)))INFO: dtree.c(1483): stop. leaf nodes are specific
INFO: dtree.c(1524): Final simple tree
|( QUESTION0 1 -9.168e+03 3.662e+02 8.851e+02
|    ( QUESTION0 -1 -2.776e+03 2.279e+02 2.900e+02
|        ( QUESTION2_1_L -1 -1.982e+03 2.469e+02 1.766e+02
|            ( - -5.073e+02 1 0)
|            ( - -1.228e+03 1 0))
|        ( - -5.661e+02 1 0))
|    ( QUESTION0_0_R 1 -6.026e+03 1.590e+02 5.950e+02
|        ( QUESTION2_1_L -1 -3.148e+03 2.071e+02 3.198e+02
|            ( - -3.081e+03 1 0)
|            ( - 1.400e+02 1 0))
|        ( QUESTION2_1_L -1 -2.719e+03 1.549e+02 2.753e+02
|            ( - -2.607e+03 1 0)
|            ( - 4.318e+01 1 0))))
s>    ( QUESTION0 1 -9.168e+03 3.662e+02 8.851e+02
s>        ( QUESTION0 -1 -2.776e+03 2.279e+02 2.900e+02
s>            ( QUESTION2_1_L -1 -1.982e+03 2.469e+02 1.766e+02
s>                ( - -5.073e+02 1 0)
s>                ( - -1.228e+03 1 0))
s>            ( - -5.661e+02 1 0))
s>        ( QUESTION0_0_R 1 -6.026e+03 1.590e+02 5.950e+02
s>            ( QUESTION2_1_L -1 -3.148e+03 2.071e+02 3.198e+02
s>                ( - -3.081e+03 1 0)
s>                ( - 1.400e+02 1 0))
s>            ( QUESTION2_1_L -1 -2.719e+03 1.549e+02 2.753e+02
s>                ( - -2.607e+03 1 0)
s>                ( - 4.318e+01 1 0))))INFO: dtree.c(1351): Comp split 5
INFO: dtree.c(1524): Final simple tree
|( QUESTION0 1 -1.279e+03 5.409e+02 1.232e+03
|    ( SILENCE -1 1.173e+01 2.975e+02 4.993e+02
|        ( - 3.215e+02 1 0)
|        ( QUESTION0 -1 -1.228e+01 1.380e+02 7.181e+01
|            ( - -2.955e+00 1 0)
|            ( - 1.287e+02 1 0)))
|    ( QUESTION0 -1 -7.503e+02 2.902e+02 7.323e+02
|        ( QUESTION0_0_R 1 -3.835e+02 1.657e+02 1.633e+02
|            ( - -4.250e+02 1 0)
|            ( - 2.073e+02 2 0))
|        ( SILENCE -1 -7.668e+01 1.698e+02 5.689e+02
|            ( QUESTION0_0_R 1 6.009e+00 1.536e+02 5.559e+02
|                ( - 2.997e+02 1 0)
|                ( - -1.401e+02 1 0))
|            ( - 8.710e+01 1 0))))
s>    ( QUESTION0 1 -1.279e+03 5.409e+02 1.232e+03
s>        ( SILENCE -1 1.173e+01 2.975e+02 4.993e+02
s>            ( - 3.215e+02 1 0)
s>            ( QUESTION0 -1 -1.228e+01 1.380e+02 7.181e+01
s>                ( - -2.955e+00 1 0)
s>                ( - 1.287e+02 1 0)))
s>        ( QUESTION0 -1 -7.503e+02 2.902e+02 7.323e+02
s>            ( QUESTION0_0_R 1 -3.835e+02 1.657e+02 1.633e+02
s>                ( - -4.250e+02 1 0)
s>                ( - 2.073e+02 2 0))
s>            ( SILENCE -1 -7.668e+01 1.698e+02 5.689e+02
s>                ( QUESTION0_0_R 1 6.009e+00 1.536e+02 5.559e+02
s>                    ( - 2.997e+02 1 0)
s>                    ( - -1.401e+02 1 0))
s>                ( - 8.710e+01 1 0))))INFO: dtree.c(1483): stop. leaf nodes are specific
INFO: dtree.c(1524): Final simple tree
|( SILENCE -1 -1.774e+03 5.185e+02 4.019e+02
|    ( - -1.052e+03 1 0)
|    ( QUESTION17 -1 -2.029e+02 2.456e+02 5.376e+01
|        ( - 2.462e+02 1 0)
|        ( QUESTION0_0_R 1 -2.035e+02 1.536e+02 5.276e+01
|            ( - -1.515e+02 1 0)
|            ( QUESTION5 -1 1.015e+02 1.540e+02 3.232e+01
|                ( - 9.579e+01 1 0)
|                ( QUESTION2 -1 1.597e+02 1.127e+02 2.732e+01
|                    ( - 1.791e+02 1 0)
|                    ( - 9.325e+01 1 0))))))
s>    ( SILENCE -1 -1.774e+03 5.185e+02 4.019e+02
s>        ( - -1.052e+03 1 0)
s>        ( QUESTION17 -1 -2.029e+02 2.456e+02 5.376e+01
s>            ( - 2.462e+02 1 0)
s>            ( QUESTION0_0_R 1 -2.035e+02 1.536e+02 5.276e+01
s>                ( - -1.515e+02 1 0)
s>                ( QUESTION5 -1 1.015e+02 1.540e+02 3.232e+01
s>                    ( - 9.579e+01 1 0)
s>                    ( QUESTION2 -1 1.597e+02 1.127e+02 2.732e+01
s>                        ( - 1.791e+02 1 0)
s>                        ( - 9.325e+01 1 0))))))INFO: dtree.c(1351): Comp split 6
INFO: dtree.c(1483): stop. leaf nodes are specific
INFO: dtree.c(1524): Final simple tree
|( QUESTION0 -1 -6.109e+03 4.163e+02 6.789e+02
|    ( QUESTION0 1 -5.525e+03 2.663e+02 5.895e+02
|        ( - -2.553e+02 4 0)
|        ( QUESTION0_0_R 1 -5.004e+03 1.627e+02 5.545e+02
|            ( - -1.930e+03 4 0)
|            ( - -2.911e+03 3 0)))
|    ( QUESTION19 1 -1.672e+02 1.584e+02 8.941e+01
|        ( - -1.227e+02 1 0)
|        ( QUESTION0_0_R 1 1.139e+02 1.095e+02 1.300e+01
|            ( - 1.150e+02 1 0)
|            ( - 1.084e+02 1 0))))
s>    ( QUESTION0 -1 -6.109e+03 4.163e+02 6.789e+02
s>        ( QUESTION0 1 -5.525e+03 2.663e+02 5.895e+02
s>            ( - -2.553e+02 4 0)
s>            ( QUESTION0_0_R 1 -5.004e+03 1.627e+02 5.545e+02
s>                ( - -1.930e+03 4 0)
s>                ( - -2.911e+03 3 0)))
s>        ( QUESTION19 1 -1.672e+02 1.584e+02 8.941e+01
s>            ( - -1.227e+02 1 0)
s>            ( QUESTION0_0_R 1 1.139e+02 1.095e+02 1.300e+01
s>                ( - 1.150e+02 1 0)
s>                ( - 1.084e+02 1 0))))INFO: dtree.c(1483): stop. leaf nodes are specific
INFO: dtree.c(1524): Final simple tree
|( QUESTION19 1 -3.822e+03 5.167e+02 4.684e+02
|    ( QUESTION12 -1 -1.937e+03 2.124e+02 3.195e+02
|        ( - -2.778e+02 1 0)
|        ( - -1.447e+03 1 0))
|    ( QUESTION12 -1 -1.368e+03 1.889e+02 1.490e+02
|        ( QUESTION0_0_R 1 -3.202e+02 1.190e+02 4.850e+01
|            ( - -2.110e+02 1 0)
|            ( - 9.792e+00 1 0))
|        ( - -8.587e+02 1 0)))
s>    ( QUESTION19 1 -3.822e+03 5.167e+02 4.684e+02
s>        ( QUESTION12 -1 -1.937e+03 2.124e+02 3.195e+02
s>            ( - -2.778e+02 1 0)
s>            ( - -1.447e+03 1 0))
s>        ( QUESTION12 -1 -1.368e+03 1.889e+02 1.490e+02
s>            ( QUESTION0_0_R 1 -3.202e+02 1.190e+02 4.850e+01
s>                ( - -2.110e+02 1 0)
s>                ( - 9.792e+00 1 0))
s>            ( - -8.587e+02 1 0)))INFO: dtree.c(1351): Comp split 7
INFO: dtree.c(1524): Final simple tree
|( QUESTION4 1 -1.773e+02 1.909e+02 1.207e+02
|    ( - 1.523e+02 1 0)
|    ( QUESTION0_3_R 1 -1.387e+02 1.594e+02 1.187e+02
|        ( - 5.208e+00 1 0)
|        ( QUESTION3 1 1.548e+01 1.908e+02 1.035e+02
|            ( QUESTION0_9_R 1 2.610e+01 1.389e+02 2.529e+01
|                ( - 1.470e+02 1 0)
|                ( - 1.801e+01 2 0 QUESTION0_0_R 1 1.076e+02 2.129e+01))
|            ( QUESTION13 1 1.801e+02 1.334e+02 7.822e+01
|                ( - 1.068e+02 1 0)
|                ( QUESTION0_13_R 1 2.068e+02 1.256e+02 7.422e+01
|                    ( - 1.534e+02 3 0 QUESTION0 1 1.060e+02 1.482e+01)
|                    ( QUESTION0_5_R 1 1.790e+02 1.254e+02 5.940e+01
|                        ( - 1.583e+02 1 0)
|                        ( - 1.460e+02 5 0 QUESTION0_1_R 1 1.119e+02 3.757e+01)))))))
s>    ( QUESTION4 1 -1.773e+02 1.909e+02 1.207e+02
s>        ( - 1.523e+02 1 0)
s>        ( QUESTION0_3_R 1 -1.387e+02 1.594e+02 1.187e+02
s>            ( - 5.208e+00 1 0)
s>            ( QUESTION3 1 1.548e+01 1.908e+02 1.035e+02
s>                ( QUESTION0_9_R 1 2.610e+01 1.389e+02 2.529e+01
s>                    ( - 1.470e+02 1 0)
s>                    ( - 1.801e+01 2 0 QUESTION0_0_R 1 1.076e+02 2.129e+01))
s>                ( QUESTION13 1 1.801e+02 1.334e+02 7.822e+01
s>                    ( - 1.068e+02 1 0)
s>                    ( QUESTION0_13_R 1 2.068e+02 1.256e+02 7.422e+01
s>                        ( - 1.534e+02 3 0 QUESTION0 1 1.060e+02 1.482e+01)
s>                        ( QUESTION0_5_R 1 1.790e+02 1.254e+02 5.940e+01
s>                            ( - 1.583e+02 1 0)
s>                            ( - 1.460e+02 5 0 QUESTION0_1_R 1 1.119e+02 3.757e+01)))))))INFO: dtree.c(1483): stop. leaf nodes are specific
INFO: dtree.c(1524): Final simple tree
|( QUESTION9 -1 -2.834e+03 3.339e+02 4.263e+02
|    ( QUESTION0_0_R 1 1.329e+02 8.786e+01 4.579e+01
|        ( - 9.946e+01 1 0)
|        ( - 1.212e+02 1 0))
|    ( QUESTION0 1 -2.633e+03 1.793e+02 3.805e+02
|        ( - 1.340e+02 1 0)
|        ( QUESTION0_0_R 1 -2.587e+03 1.451e+02 3.618e+02
|            ( - -1.153e+03 1 0)
|            ( - -1.289e+03 1 0))))
s>    ( QUESTION9 -1 -2.834e+03 3.339e+02 4.263e+02
s>        ( QUESTION0_0_R 1 1.329e+02 8.786e+01 4.579e+01
s>            ( - 9.946e+01 1 0)
s>            ( - 1.212e+02 1 0))
s>        ( QUESTION0 1 -2.633e+03 1.793e+02 3.805e+02
s>            ( - 1.340e+02 1 0)
s>            ( QUESTION0_0_R 1 -2.587e+03 1.451e+02 3.618e+02
s>                ( - -1.153e+03 1 0)
s>                ( - -1.289e+03 1 0))))INFO: dtree.c(1351): Comp split 8
INFO: dtree.c(1483): stop. leaf nodes are specific
INFO: dtree.c(1524): Final simple tree
|( WDBNDRY_E 0 -2.565e+02 1.636e+02 1.423e+02
|    ( - 1.414e+02 1 0)
|    ( - -2.343e+02 1 0))
s>    ( WDBNDRY_E 0 -2.565e+02 1.636e+02 1.423e+02
s>        ( - 1.414e+02 1 0)
s>        ( - -2.343e+02 1 0))INFO: dtree.c(1524): Final simple tree
|( SILENCE 1 1.124e+03 3.533e+02 4.736e+02
|    ( - 9.176e+02 1 0)
|    ( WDBNDRY_E 0 5.598e+02 1.500e+02 3.107e+02
|        ( QUESTION6 1 5.570e+02 1.418e+02 3.087e+02
|            ( QUESTION0_0_R 1 1.496e+02 1.527e+02 4.000e+00
|                ( - 1.498e+02 1 0)
|                ( - 1.525e+02 1 0))
|            ( QUESTION0_9_R 1 5.492e+02 2.261e+02 3.047e+02
|                ( - 2.468e+02 1 0)
|                ( QUESTION0_7_R 1 5.285e+02 1.227e+02 3.037e+02
|                    ( - 1.363e+02 1 0)
|                    ( QUESTION0_2_R 1 5.149e+02 1.261e+02 2.916e+02
|                        ( - 3.593e+02 5 0 QUESTION0 1 1.185e+02 1.070e+02)
|                        ( - 2.816e+02 10 0 QUESTION9 1 1.457e+02 1.846e+02)))))
|        ( - 1.528e+02 1 0)))
s>    ( SILENCE 1 1.124e+03 3.533e+02 4.736e+02
s>        ( - 9.176e+02 1 0)
s>        ( WDBNDRY_E 0 5.598e+02 1.500e+02 3.107e+02
s>            ( QUESTION6 1 5.570e+02 1.418e+02 3.087e+02
s>                ( QUESTION0_0_R 1 1.496e+02 1.527e+02 4.000e+00
s>                    ( - 1.498e+02 1 0)
s>                    ( - 1.525e+02 1 0))
s>                ( QUESTION0_9_R 1 5.492e+02 2.261e+02 3.047e+02
s>                    ( - 2.468e+02 1 0)
s>                    ( QUESTION0_7_R 1 5.285e+02 1.227e+02 3.037e+02
s>                        ( - 1.363e+02 1 0)
s>                        ( QUESTION0_2_R 1 5.149e+02 1.261e+02 2.916e+02
s>                            ( - 3.593e+02 5 0 QUESTION0 1 1.185e+02 1.070e+02)
s>                            ( - 2.816e+02 10 0 QUESTION9 1 1.457e+02 1.846e+02)))))
s>            ( - 1.528e+02 1 0)))INFO: dtree.c(1351): Comp split 9
INFO: dtree.c(1483): stop. leaf nodes are specific
INFO: dtree.c(1524): Final simple tree
|( SILENCE -1 -6.673e+02 2.898e+02 7.193e+02
|    ( QUESTION0_0_R 1 6.009e+00 1.536e+02 5.559e+02
|        ( - 2.997e+02 1 0)
|        ( - -1.401e+02 1 0))
|    ( QUESTION0_0_R 1 -3.835e+02 1.657e+02 1.633e+02
|        ( - -4.250e+02 1 0)
|        ( - 2.073e+02 2 0)))
s>    ( SILENCE -1 -6.673e+02 2.898e+02 7.193e+02
s>        ( QUESTION0_0_R 1 6.009e+00 1.536e+02 5.559e+02
s>            ( - 2.997e+02 1 0)
s>            ( - -1.401e+02 1 0))
s>        ( QUESTION0_0_R 1 -3.835e+02 1.657e+02 1.633e+02
s>            ( - -4.250e+02 1 0)
s>            ( - 2.073e+02 2 0)))INFO: dtree.c(1483): stop. leaf nodes are specific
INFO: dtree.c(1524): Final simple tree
|( SILENCE -1 -3.670e+01 2.852e+02 5.123e+02
|    ( - 3.215e+02 1 0)
|    ( QUESTION0_0_R 1 -7.301e+01 1.478e+02 8.480e+01
|        ( - 8.710e+01 1 0)
|        ( QUESTION0 -1 -1.228e+01 1.380e+02 7.181e+01
|            ( - -2.955e+00 1 0)
|            ( - 1.287e+02 1 0))))
s>    ( SILENCE -1 -3.670e+01 2.852e+02 5.123e+02
s>        ( - 3.215e+02 1 0)
s>        ( QUESTION0_0_R 1 -7.301e+01 1.478e+02 8.480e+01
s>            ( - 8.710e+01 1 0)
s>            ( QUESTION0 -1 -1.228e+01 1.380e+02 7.181e+01
s>                ( - -2.955e+00 1 0)
s>                ( - 1.287e+02 1 0))))INFO: dtree.c(1351): Comp split 10
INFO: dtree.c(1524): Final simple tree
|( WDBNDRY_E 0 -7.572e+03 3.161e+02 8.053e+02
|    ( QUESTION3 1 -6.913e+03 2.280e+02 7.674e+02
|        ( QUESTION0_0_R 1 -4.106e+03 1.963e+02 4.735e+02
|            ( QUESTION6 1 -3.270e+03 1.897e+02 3.450e+02
|                ( - -2.645e+03 1 0)
|                ( - -4.353e+02 3 0 QUESTION0_9_R 1 1.226e+02 5.902e+01))
|            ( - -6.395e+02 2 0 QUESTION4 1 1.316e+02 1.286e+02))
|        ( QUESTION0_5_R 1 -2.579e+03 1.654e+02 2.939e+02
|            ( - -5.409e+02 2 0 QUESTION0_6_R 1 1.364e+02 8.053e+01)
|            ( QUESTION0_2_R 1 -1.873e+03 1.445e+02 2.134e+02
|                ( - -7.358e+01 2 0 QUESTION0_3_R 1 1.251e+02 2.325e+01)
|                ( - -1.655e+03 8 0 QUESTION11 1 1.140e+02 1.901e+02))))
|    ( QUESTION0_0_R 1 -3.427e+02 2.088e+02 3.783e+01
|        ( - 8.286e+01 1 0)
|        ( - -2.168e+02 3 0 QUESTION12 -1 1.428e+02 2.783e+01)))
s>    ( WDBNDRY_E 0 -7.572e+03 3.161e+02 8.053e+02
s>        ( QUESTION3 1 -6.913e+03 2.280e+02 7.674e+02
s>            ( QUESTION0_0_R 1 -4.106e+03 1.963e+02 4.735e+02
s>                ( QUESTION6 1 -3.270e+03 1.897e+02 3.450e+02
s>                    ( - -2.645e+03 1 0)
s>                    ( - -4.353e+02 3 0 QUESTION0_9_R 1 1.226e+02 5.902e+01))
s>                ( - -6.395e+02 2 0 QUESTION4 1 1.316e+02 1.286e+02))
s>            ( QUESTION0_5_R 1 -2.579e+03 1.654e+02 2.939e+02
s>                ( - -5.409e+02 2 0 QUESTION0_6_R 1 1.364e+02 8.053e+01)
s>                ( QUESTION0_2_R 1 -1.873e+03 1.445e+02 2.134e+02
s>                    ( - -7.358e+01 2 0 QUESTION0_3_R 1 1.251e+02 2.325e+01)
s>                    ( - -1.655e+03 8 0 QUESTION11 1 1.140e+02 1.901e+02))))
s>        ( QUESTION0_0_R 1 -3.427e+02 2.088e+02 3.783e+01
s>            ( - 8.286e+01 1 0)
s>            ( - -2.168e+02 3 0 QUESTION12 -1 1.428e+02 2.783e+01)))INFO: dtree.c(1351): Comp split 11
INFO: dtree.c(1483): stop. leaf nodes are specific
INFO: dtree.c(1524): Final simple tree
|( QUESTION17 -1 -2.029e+02 2.456e+02 5.376e+01
|    ( - 2.462e+02 1 0)
|    ( QUESTION0_0_R 1 -2.035e+02 1.536e+02 5.276e+01
|        ( - -1.515e+02 1 0)
|        ( QUESTION5 -1 1.015e+02 1.540e+02 3.232e+01
|            ( - 9.579e+01 1 0)
|            ( QUESTION2 -1 1.597e+02 1.127e+02 2.732e+01
|                ( - 1.791e+02 1 0)
|                ( - 9.325e+01 1 0)))))
s>    ( QUESTION17 -1 -2.029e+02 2.456e+02 5.376e+01
s>        ( - 2.462e+02 1 0)
s>        ( QUESTION0_0_R 1 -2.035e+02 1.536e+02 5.276e+01
s>            ( - -1.515e+02 1 0)
s>            ( QUESTION5 -1 1.015e+02 1.540e+02 3.232e+01
s>                ( - 9.579e+01 1 0)
s>                ( QUESTION2 -1 1.597e+02 1.127e+02 2.732e+01
s>                    ( - 1.791e+02 1 0)
s>                    ( - 9.325e+01 1 0)))))INFO: dtree.c(1351): Comp split 12
INFO: dtree.c(1483): stop. leaf nodes are specific
INFO: dtree.c(1524): Final simple tree
|( QUESTION12 -1 -1.368e+03 1.889e+02 1.490e+02
|    ( QUESTION0_0_R 1 -3.202e+02 1.190e+02 4.850e+01
|        ( - -2.110e+02 1 0)
|        ( - 9.792e+00 1 0))
|    ( - -8.587e+02 1 0))
s>    ( QUESTION12 -1 -1.368e+03 1.889e+02 1.490e+02
s>        ( QUESTION0_0_R 1 -3.202e+02 1.190e+02 4.850e+01
s>            ( - -2.110e+02 1 0)
s>            ( - 9.792e+00 1 0))
s>        ( - -8.587e+02 1 0))INFO: dtree.c(1483): stop. leaf nodes are specific
INFO: dtree.c(1524): Final simple tree
|( QUESTION12 -1 -1.937e+03 2.124e+02 3.195e+02
|    ( - -2.778e+02 1 0)
|    ( - -1.447e+03 1 0))
s>    ( QUESTION12 -1 -1.937e+03 2.124e+02 3.195e+02
s>        ( - -2.778e+02 1 0)
s>        ( - -1.447e+03 1 0))INFO: dtree.c(1351): Comp split 13
INFO: dtree.c(1483): stop. leaf nodes are specific
INFO: dtree.c(1524): Final simple tree
|( QUESTION0_0_R 1 -1.351e+03 1.957e+02 1.127e+02
|    ( - 1.400e+02 1 0)
|    ( QUESTION0 1 -1.296e+03 1.111e+02 1.097e+02
|        ( - -1.228e+03 1 0)
|        ( - 4.318e+01 1 0)))
s>    ( QUESTION0_0_R 1 -1.351e+03 1.957e+02 1.127e+02
s>        ( - 1.400e+02 1 0)
s>        ( QUESTION0 1 -1.296e+03 1.111e+02 1.097e+02
s>            ( - -1.228e+03 1 0)
s>            ( - 4.318e+01 1 0)))INFO: dtree.c(1483): stop. leaf nodes are specific
INFO: dtree.c(1524): Final simple tree
|( QUESTION0 1 -7.350e+03 2.835e+02 7.723e+02
|    ( QUESTION0 -1 -1.223e+03 1.499e+02 1.853e+02
|        ( - -5.073e+02 1 0)
|        ( - -5.661e+02 1 0))
|    ( QUESTION0_0_R 1 -5.843e+03 1.550e+02 5.870e+02
|        ( - -3.081e+03 1 0)
|        ( - -2.607e+03 1 0)))
s>    ( QUESTION0 1 -7.350e+03 2.835e+02 7.723e+02
s>        ( QUESTION0 -1 -1.223e+03 1.499e+02 1.853e+02
s>            ( - -5.073e+02 1 0)
s>            ( - -5.661e+02 1 0))
s>        ( QUESTION0_0_R 1 -5.843e+03 1.550e+02 5.870e+02
s>            ( - -3.081e+03 1 0)
s>            ( - -2.607e+03 1 0)))INFO: dtree.c(1351): Comp split 14
INFO: dtree.c(1483): stop. leaf nodes are specific
INFO: dtree.c(1524): Final simple tree
|( QUESTION19 1 -1.672e+02 1.584e+02 8.941e+01
|    ( - -1.227e+02 1 0)
|    ( QUESTION0_0_R 1 1.139e+02 1.095e+02 1.300e+01
|        ( - 1.150e+02 1 0)
|        ( - 1.084e+02 1 0)))
s>    ( QUESTION19 1 -1.672e+02 1.584e+02 8.941e+01
s>        ( - -1.227e+02 1 0)
s>        ( QUESTION0_0_R 1 1.139e+02 1.095e+02 1.300e+01
s>            ( - 1.150e+02 1 0)
s>            ( - 1.084e+02 1 0)))INFO: dtree.c(1483): stop. leaf nodes are specific
INFO: dtree.c(1524): Final simple tree
|( QUESTION0 1 -5.525e+03 2.663e+02 5.895e+02
|    ( - -2.553e+02 4 0)
|    ( QUESTION0_0_R 1 -5.004e+03 1.627e+02 5.545e+02
|        ( - -1.930e+03 4 0)
|        ( - -2.911e+03 3 0)))
s>    ( QUESTION0 1 -5.525e+03 2.663e+02 5.895e+02
s>        ( - -2.553e+02 4 0)
s>        ( QUESTION0_0_R 1 -5.004e+03 1.627e+02 5.545e+02
s>            ( - -1.930e+03 4 0)
s>            ( - -2.911e+03 3 0)))INFO: dtree.c(1351): Comp split 15
INFO: dtree.c(1483): stop. leaf nodes are specific
INFO: dtree.c(1524): Final simple tree
|( QUESTION4 1 -3.457e+03 2.128e+02 4.145e+02
|    ( - -4.047e+02 1 0)
|    ( QUESTION0_0_R 1 -2.839e+03 9.094e+01 3.236e+02
|        ( - -2.645e+03 1 0)
|        ( - -1.032e+02 1 0)))
s>    ( QUESTION4 1 -3.457e+03 2.128e+02 4.145e+02
s>        ( - -4.047e+02 1 0)
s>        ( QUESTION0_0_R 1 -2.839e+03 9.094e+01 3.236e+02
s>            ( - -2.645e+03 1 0)
s>            ( - -1.032e+02 1 0)))INFO: dtree.c(1524): Final simple tree
|( WDBNDRY_E 0 -3.761e+03 2.927e+02 3.907e+02
|    ( QUESTION0_2_R 1 -3.126e+03 1.719e+02 3.529e+02
|        ( QUESTION8 1 -1.299e+03 1.468e+02 1.628e+02
|            ( - 1.746e+01 1 0)
|            ( QUESTION0_6_R 1 -1.170e+03 1.353e+02 1.455e+02
|                ( - 7.965e+01 1 0)
|                ( - -1.114e+03 5 0 QUESTION0_9_R 1 1.310e+02 1.385e+02)))
|        ( - -1.655e+03 8 0 QUESTION11 1 1.140e+02 1.901e+02))
|    ( QUESTION0_0_R 1 -3.427e+02 2.088e+02 3.783e+01
|        ( - 8.286e+01 1 0)
|        ( QUESTION12 -1 -2.168e+02 1.428e+02 2.783e+01
|            ( QUESTION13 -1 7.128e+00 1.360e+02 1.283e+01
|                ( - 7.057e+01 1 0)
|                ( - 7.259e+01 1 0))
|            ( - -8.108e+01 1 0))))
s>    ( WDBNDRY_E 0 -3.761e+03 2.927e+02 3.907e+02
s>        ( QUESTION0_2_R 1 -3.126e+03 1.719e+02 3.529e+02
s>            ( QUESTION8 1 -1.299e+03 1.468e+02 1.628e+02
s>                ( - 1.746e+01 1 0)
s>                ( QUESTION0_6_R 1 -1.170e+03 1.353e+02 1.455e+02
s>                    ( - 7.965e+01 1 0)
s>                    ( - -1.114e+03 5 0 QUESTION0_9_R 1 1.310e+02 1.385e+02)))
s>            ( - -1.655e+03 8 0 QUESTION11 1 1.140e+02 1.901e+02))
s>        ( QUESTION0_0_R 1 -3.427e+02 2.088e+02 3.783e+01
s>            ( - 8.286e+01 1 0)
s>            ( QUESTION12 -1 -2.168e+02 1.428e+02 2.783e+01
s>                ( QUESTION13 -1 7.128e+00 1.360e+02 1.283e+01
s>                    ( - 7.057e+01 1 0)
s>                    ( - 7.259e+01 1 0))
s>                ( - -8.108e+01 1 0))))INFO: dtree.c(1351): Comp split 16
INFO: dtree.c(1524): Final simple tree
|( WDBNDRY_E 0 5.598e+02 1.500e+02 3.107e+02
|    ( QUESTION6 1 5.570e+02 1.418e+02 3.087e+02
|        ( QUESTION0_0_R 1 1.496e+02 1.527e+02 4.000e+00
|            ( - 1.498e+02 1 0)
|            ( - 1.525e+02 1 0))
|        ( QUESTION0_9_R 1 5.492e+02 2.261e+02 3.047e+02
|            ( - 2.468e+02 1 0)
|            ( QUESTION0_7_R 1 5.285e+02 1.227e+02 3.037e+02
|                ( - 1.363e+02 1 0)
|                ( QUESTION0_2_R 1 5.149e+02 1.261e+02 2.916e+02
|                    ( - 3.593e+02 5 0 QUESTION0 1 1.185e+02 1.070e+02)
|                    ( QUESTION9 1 2.816e+02 1.457e+02 1.846e+02
|                        ( - 1.165e+02 1 0)
|                        ( - 3.109e+02 9 0 QUESTION11 1 1.150e+02 1.826e+02))))))
|    ( - 1.528e+02 1 0))
s>    ( WDBNDRY_E 0 5.598e+02 1.500e+02 3.107e+02
s>        ( QUESTION6 1 5.570e+02 1.418e+02 3.087e+02
s>            ( QUESTION0_0_R 1 1.496e+02 1.527e+02 4.000e+00
s>                ( - 1.498e+02 1 0)
s>                ( - 1.525e+02 1 0))
s>            ( QUESTION0_9_R 1 5.492e+02 2.261e+02 3.047e+02
s>                ( - 2.468e+02 1 0)
s>                ( QUESTION0_7_R 1 5.285e+02 1.227e+02 3.037e+02
s>                    ( - 1.363e+02 1 0)
s>                    ( QUESTION0_2_R 1 5.149e+02 1.261e+02 2.916e+02
s>                        ( - 3.593e+02 5 0 QUESTION0 1 1.185e+02 1.070e+02)
s>                        ( QUESTION9 1 2.816e+02 1.457e+02 1.846e+02
s>                            ( - 1.165e+02 1 0)
s>                            ( - 3.109e+02 9 0 QUESTION11 1 1.150e+02 1.826e+02))))))
s>        ( - 1.528e+02 1 0))INFO: dtree.c(1351): Comp split 17
INFO: dtree.c(1483): stop. leaf nodes are specific
INFO: dtree.c(1524): Final simple tree
|( QUESTION0 1 -2.633e+03 1.793e+02 3.805e+02
|    ( - 1.340e+02 1 0)
|    ( QUESTION0_0_R 1 -2.587e+03 1.451e+02 3.618e+02
|        ( - -1.153e+03 1 0)
|        ( - -1.289e+03 1 0)))
s>    ( QUESTION0 1 -2.633e+03 1.793e+02 3.805e+02
s>        ( - 1.340e+02 1 0)
s>        ( QUESTION0_0_R 1 -2.587e+03 1.451e+02 3.618e+02
s>            ( - -1.153e+03 1 0)
s>            ( - -1.289e+03 1 0)))INFO: dtree.c(1483): stop. leaf nodes are specific
INFO: dtree.c(1524): Final simple tree
|( QUESTION0_0_R 1 1.329e+02 8.786e+01 4.579e+01
|    ( - 9.946e+01 1 0)
|    ( - 1.212e+02 1 0))
s>    ( QUESTION0_0_R 1 1.329e+02 8.786e+01 4.579e+01
s>        ( - 9.946e+01 1 0)
s>        ( - 1.212e+02 1 0))INFO: dtree.c(1351): Comp split 18
INFO: dtree.c(1524): Final simple tree
|( QUESTION0_2_R 1 -3.177e+03 1.747e+02 3.569e+02
|    ( QUESTION8 1 -1.299e+03 1.468e+02 1.628e+02
|        ( - 1.746e+01 1 0)
|        ( QUESTION0_6_R 1 -1.170e+03 1.353e+02 1.455e+02
|            ( - 7.965e+01 1 0)
|            ( QUESTION0_9_R 1 -1.114e+03 1.310e+02 1.385e+02
|                ( - -2.592e+02 1 0)
|                ( QUESTION0_3_R 1 -7.237e+02 1.359e+02 1.115e+02
|                    ( - 3.407e+01 1 0)
|                    ( - -6.219e+02 3 0 QUESTION0_11_R 1 1.072e+02 1.055e+02)))))
|    ( WDBNDRY_E 0 -1.703e+03 1.212e+02 1.941e+02
|        ( QUESTION11 1 -1.655e+03 1.140e+02 1.901e+02
|            ( - -2.414e+01 1 0)
|            ( - -1.517e+03 7 0 QUESTION0_13_R 1 1.133e+02 1.811e+02))
|        ( - 7.259e+01 1 0)))
s>    ( QUESTION0_2_R 1 -3.177e+03 1.747e+02 3.569e+02
s>        ( QUESTION8 1 -1.299e+03 1.468e+02 1.628e+02
s>            ( - 1.746e+01 1 0)
s>            ( QUESTION0_6_R 1 -1.170e+03 1.353e+02 1.455e+02
s>                ( - 7.965e+01 1 0)
s>                ( QUESTION0_9_R 1 -1.114e+03 1.310e+02 1.385e+02
s>                    ( - -2.592e+02 1 0)
s>                    ( QUESTION0_3_R 1 -7.237e+02 1.359e+02 1.115e+02
s>                        ( - 3.407e+01 1 0)
s>                        ( - -6.219e+02 3 0 QUESTION0_11_R 1 1.072e+02 1.055e+02)))))
s>        ( WDBNDRY_E 0 -1.703e+03 1.212e+02 1.941e+02
s>            ( QUESTION11 1 -1.655e+03 1.140e+02 1.901e+02
s>                ( - -2.414e+01 1 0)
s>                ( - -1.517e+03 7 0 QUESTION0_13_R 1 1.133e+02 1.811e+02))
s>            ( - 7.259e+01 1 0)))INFO: dtree.c(1483): stop. leaf nodes are specific
INFO: dtree.c(1524): Final simple tree
|( QUESTION0_0_R 1 -2.836e+02 2.035e+02 3.383e+01
|    ( - 8.286e+01 1 0)
|    ( QUESTION12 -1 -1.629e+02 1.524e+02 2.383e+01
|        ( - 7.057e+01 1 0)
|        ( - -8.108e+01 1 0)))
s>    ( QUESTION0_0_R 1 -2.836e+02 2.035e+02 3.383e+01
s>        ( - 8.286e+01 1 0)
s>        ( QUESTION12 -1 -1.629e+02 1.524e+02 2.383e+01
s>            ( - 7.057e+01 1 0)
s>            ( - -8.108e+01 1 0)))INFO: dtree.c(1351): Comp split 19
INFO: dtree.c(1483): stop. leaf nodes are specific
INFO: dtree.c(1524): Final simple tree
|( QUESTION0 -1 -1.228e+01 1.380e+02 7.181e+01
|    ( - -2.955e+00 1 0)
|    ( - 1.287e+02 1 0))
s>    ( QUESTION0 -1 -1.228e+01 1.380e+02 7.181e+01
s>        ( - -2.955e+00 1 0)
s>        ( - 1.287e+02 1 0))INFO: dtree.c(1483): stop. leaf nodes are specific
INFO: dtree.c(1524): Final simple tree
|( SILENCE -1 2.702e+02 1.383e+02 4.404e+02
|    ( - 3.215e+02 1 0)
|    ( - 8.710e+01 1 0))
s>    ( SILENCE -1 2.702e+02 1.383e+02 4.404e+02
s>        ( - 3.215e+02 1 0)
s>        ( - 8.710e+01 1 0))INFO: dtree.c(1351): Comp split 20
INFO: dtree.c(1483): stop. leaf nodes are specific
INFO: dtree.c(1524): Final simple tree
|( QUESTION0_0_R 1 6.009e+00 1.536e+02 5.559e+02
|    ( - 2.997e+02 1 0)
|    ( - -1.401e+02 1 0))
s>    ( QUESTION0_0_R 1 6.009e+00 1.536e+02 5.559e+02
s>        ( - 2.997e+02 1 0)
s>        ( - -1.401e+02 1 0))INFO: dtree.c(1483): stop. leaf nodes are specific
INFO: dtree.c(1524): Final simple tree
|( QUESTION0_0_R 1 -3.835e+02 1.657e+02 1.633e+02
|    ( - -4.250e+02 1 0)
|    ( - 2.073e+02 2 0))
s>    ( QUESTION0_0_R 1 -3.835e+02 1.657e+02 1.633e+02
s>        ( - -4.250e+02 1 0)
s>        ( - 2.073e+02 2 0))INFO: dtree.c(1351): Comp split 21
INFO: dtree.c(1483): stop. leaf nodes are specific
INFO: dtree.c(1524): Final simple tree
|( QUESTION0_0_R 1 -5.843e+03 1.550e+02 5.870e+02
|    ( - -3.081e+03 1 0)
|    ( - -2.607e+03 1 0))
s>    ( QUESTION0_0_R 1 -5.843e+03 1.550e+02 5.870e+02
s>        ( - -3.081e+03 1 0)
s>        ( - -2.607e+03 1 0))INFO: dtree.c(1483): stop. leaf nodes are specific
INFO: dtree.c(1524): Final simple tree
|( QUESTION0 -1 -1.223e+03 1.499e+02 1.853e+02
|    ( - -5.073e+02 1 0)
|    ( - -5.661e+02 1 0))
s>    ( QUESTION0 -1 -1.223e+03 1.499e+02 1.853e+02
s>        ( - -5.073e+02 1 0)
s>        ( - -5.661e+02 1 0))INFO: dtree.c(1351): Comp split 22
INFO: dtree.c(1483): stop. leaf nodes are specific
INFO: dtree.c(1524): Final simple tree
|( QUESTION0_0_R 1 -5.004e+03 1.627e+02 5.545e+02
|    ( - -1.930e+03 4 0)
|    ( - -2.911e+03 3 0))
s>    ( QUESTION0_0_R 1 -5.004e+03 1.627e+02 5.545e+02
s>        ( - -1.930e+03 4 0)
s>        ( - -2.911e+03 3 0))INFO: dtree.c(1351): Comp split 23
INFO: dtree.c(1524): Final simple tree
|( QUESTION3 1 1.741e+02 1.850e+02 7.622e+01
|    ( - 1.523e+02 1 0)
|    ( QUESTION0_13_R 1 2.068e+02 1.256e+02 7.422e+01
|        ( QUESTION0 1 1.534e+02 1.060e+02 1.482e+01
|            ( - 1.282e+02 1 0)
|            ( - 1.312e+02 2 0))
|        ( QUESTION0_5_R 1 1.790e+02 1.254e+02 5.940e+01
|            ( - 1.583e+02 1 0)
|            ( QUESTION0_1_R 1 1.460e+02 1.119e+02 3.757e+01
|                ( - 9.363e+01 1 0)
|                ( QUESTION0_0_R 1 1.642e+02 1.055e+02 3.005e+01
|                    ( - 1.122e+02 1 0)
|                    ( QUESTION0_15_R 1 1.576e+02 8.789e+01 2.605e+01
|                        ( - 1.498e+02 2 0)
|                        ( - 9.568e+01 1 0)))))))
s>    ( QUESTION3 1 1.741e+02 1.850e+02 7.622e+01
s>        ( - 1.523e+02 1 0)
s>        ( QUESTION0_13_R 1 2.068e+02 1.256e+02 7.422e+01
s>            ( QUESTION0 1 1.534e+02 1.060e+02 1.482e+01
s>                ( - 1.282e+02 1 0)
s>                ( - 1.312e+02 2 0))
s>            ( QUESTION0_5_R 1 1.790e+02 1.254e+02 5.940e+01
s>                ( - 1.583e+02 1 0)
s>                ( QUESTION0_1_R 1 1.460e+02 1.119e+02 3.757e+01
s>                    ( - 9.363e+01 1 0)
s>                    ( QUESTION0_0_R 1 1.642e+02 1.055e+02 3.005e+01
s>                        ( - 1.122e+02 1 0)
s>                        ( QUESTION0_15_R 1 1.576e+02 8.789e+01 2.605e+01
s>                            ( - 1.498e+02 2 0)
s>                            ( - 9.568e+01 1 0)))))))INFO: dtree.c(1483): stop. leaf nodes are specific
INFO: dtree.c(1524): Final simple tree
|( QUESTION0_9_R 1 -8.868e+01 1.430e+02 4.450e+01
|    ( - 1.470e+02 1 0)
|    ( QUESTION12 1 -9.272e+01 1.319e+02 4.050e+01
|        ( - 1.068e+02 1 0)
|        ( QUESTION0_4_R 1 -6.757e+01 1.022e+02 3.650e+01
|            ( - 9.747e+01 1 0)
|            ( QUESTION0_0_R 1 -6.286e+01 9.620e+01 2.850e+01
|                ( - 5.208e+00 1 0)
|                ( - 2.813e+01 1 0)))))
s>    ( QUESTION0_9_R 1 -8.868e+01 1.430e+02 4.450e+01
s>        ( - 1.470e+02 1 0)
s>        ( QUESTION12 1 -9.272e+01 1.319e+02 4.050e+01
s>            ( - 1.068e+02 1 0)
s>            ( QUESTION0_4_R 1 -6.757e+01 1.022e+02 3.650e+01
s>                ( - 9.747e+01 1 0)
s>                ( QUESTION0_0_R 1 -6.286e+01 9.620e+01 2.850e+01
s>                    ( - 5.208e+00 1 0)
s>                    ( - 2.813e+01 1 0)))))INFO: dtree.c(1351): Comp split 24
INFO: dtree.c(1483): stop. leaf nodes are specific
INFO: dtree.c(1524): Final simple tree
|( QUESTION0_0_R 1 -2.035e+02 1.536e+02 5.276e+01
|    ( - -1.515e+02 1 0)
|    ( QUESTION5 -1 1.015e+02 1.540e+02 3.232e+01
|        ( - 9.579e+01 1 0)
|        ( QUESTION2 -1 1.597e+02 1.127e+02 2.732e+01
|            ( - 1.791e+02 1 0)
|            ( - 9.325e+01 1 0))))
s>    ( QUESTION0_0_R 1 -2.035e+02 1.536e+02 5.276e+01
s>        ( - -1.515e+02 1 0)
s>        ( QUESTION5 -1 1.015e+02 1.540e+02 3.232e+01
s>            ( - 9.579e+01 1 0)
s>            ( QUESTION2 -1 1.597e+02 1.127e+02 2.732e+01
s>                ( - 1.791e+02 1 0)
s>                ( - 9.325e+01 1 0))))INFO: dtree.c(1351): Comp split 25
INFO: dtree.c(1524): Final simple tree
|( WDBNDRY_E 0 5.393e+02 1.499e+02 3.097e+02
|    ( QUESTION0_9_R 1 5.364e+02 1.492e+02 3.077e+02
|        ( - 1.498e+02 1 0)
|        ( QUESTION6 1 5.358e+02 1.451e+02 3.057e+02
|            ( - 1.525e+02 1 0)
|            ( QUESTION0_7_R 1 5.285e+02 1.227e+02 3.037e+02
|                ( - 1.363e+02 1 0)
|                ( QUESTION0_2_R 1 5.149e+02 1.261e+02 2.916e+02
|                    ( QUESTION0 1 3.593e+02 1.185e+02 1.070e+02
|                        ( - 2.273e+02 1 0)
|                        ( - 2.505e+02 4 0 QUESTION8 1 9.318e+01 6.167e+01))
|                    ( QUESTION9 1 2.816e+02 1.457e+02 1.846e+02
|                        ( - 1.165e+02 1 0)
|                        ( - 3.109e+02 9 0 QUESTION11 1 1.150e+02 1.826e+02))))))
|    ( - 1.528e+02 1 0))
s>    ( WDBNDRY_E 0 5.393e+02 1.499e+02 3.097e+02
s>        ( QUESTION0_9_R 1 5.364e+02 1.492e+02 3.077e+02
s>            ( - 1.498e+02 1 0)
s>            ( QUESTION6 1 5.358e+02 1.451e+02 3.057e+02
s>                ( - 1.525e+02 1 0)
s>                ( QUESTION0_7_R 1 5.285e+02 1.227e+02 3.037e+02
s>                    ( - 1.363e+02 1 0)
s>                    ( QUESTION0_2_R 1 5.149e+02 1.261e+02 2.916e+02
s>                        ( QUESTION0 1 3.593e+02 1.185e+02 1.070e+02
s>                            ( - 2.273e+02 1 0)
s>                            ( - 2.505e+02 4 0 QUESTION8 1 9.318e+01 6.167e+01))
s>                        ( QUESTION9 1 2.816e+02 1.457e+02 1.846e+02
s>                            ( - 1.165e+02 1 0)
s>                            ( - 3.109e+02 9 0 QUESTION11 1 1.150e+02 1.826e+02))))))
s>        ( - 1.528e+02 1 0))INFO: dtree.c(1351): Comp split 26
INFO: dtree.c(1483): stop. leaf nodes are specific
INFO: dtree.c(1524): Final simple tree
|( QUESTION0_0_R 1 -2.839e+03 9.094e+01 3.236e+02
|    ( - -2.645e+03 1 0)
|    ( - -1.032e+02 1 0))
s>    ( QUESTION0_0_R 1 -2.839e+03 9.094e+01 3.236e+02
s>        ( - -2.645e+03 1 0)
s>        ( - -1.032e+02 1 0))INFO: dtree.c(1351): Comp split 27
INFO: dtree.c(1351): Comp split 28
INFO: dtree.c(1483): stop. leaf nodes are specific
INFO: dtree.c(1524): Final simple tree
|( QUESTION12 -1 -1.629e+02 1.524e+02 2.383e+01
|    ( - 7.057e+01 1 0)
|    ( - -8.108e+01 1 0))
s>    ( QUESTION12 -1 -1.629e+02 1.524e+02 2.383e+01
s>        ( - 7.057e+01 1 0)
s>        ( - -8.108e+01 1 0))INFO: dtree.c(1351): Comp split 29
INFO: dtree.c(1483): stop. leaf nodes are specific
INFO: dtree.c(1524): Final simple tree
|( QUESTION0 1 -1.296e+03 1.111e+02 1.097e+02
|    ( - -1.228e+03 1 0)
|    ( - 4.318e+01 1 0))
s>    ( QUESTION0 1 -1.296e+03 1.111e+02 1.097e+02
s>        ( - -1.228e+03 1 0)
s>        ( - 4.318e+01 1 0))INFO: dtree.c(1351): Comp split 30
INFO: dtree.c(1483): stop. leaf nodes are specific
INFO: dtree.c(1524): Final simple tree
|( QUESTION0_6_R 1 -6.764e+02 1.342e+02 1.125e+02
|    ( - 7.965e+01 1 0)
|    ( QUESTION0_11_R 1 -6.219e+02 1.072e+02 1.055e+02
|        ( - 4.854e+01 1 0)
|        ( QUESTION0_5_R 1 -5.632e+02 1.127e+02 8.550e+01
|            ( - -4.842e+02 1 0)
|            ( - 3.377e+01 1 0))))
s>    ( QUESTION0_6_R 1 -6.764e+02 1.342e+02 1.125e+02
s>        ( - 7.965e+01 1 0)
s>        ( QUESTION0_11_R 1 -6.219e+02 1.072e+02 1.055e+02
s>            ( - 4.854e+01 1 0)
s>            ( QUESTION0_5_R 1 -5.632e+02 1.127e+02 8.550e+01
s>                ( - -4.842e+02 1 0)
s>                ( - 3.377e+01 1 0))))INFO: dtree.c(1524): Final simple tree
|( QUESTION0_2_R 1 -2.306e+03 1.440e+02 2.444e+02
|    ( QUESTION0_10_R 1 -4.582e+02 1.285e+02 5.027e+01
|        ( - 1.746e+01 1 0)
|        ( QUESTION0_3_R 1 -3.472e+02 1.221e+02 3.302e+01
|            ( - 3.407e+01 1 0)
|            ( - -2.592e+02 1 0)))
|    ( WDBNDRY_E 0 -1.703e+03 1.212e+02 1.941e+02
|        ( QUESTION11 1 -1.655e+03 1.140e+02 1.901e+02
|            ( - -2.414e+01 1 0)
|            ( QUESTION0_13_R 1 -1.517e+03 1.133e+02 1.811e+02
|                ( - -5.749e+02 3 0)
|                ( QUESTION0_0_R 1 -8.284e+02 1.086e+02 9.068e+01
|                    ( - 7.380e+01 1 0)
|                    ( - -7.936e+02 3 0 QUESTION0_15_R 1 8.675e+01 8.168e+01))))
|        ( - 7.259e+01 1 0)))
s>    ( QUESTION0_2_R 1 -2.306e+03 1.440e+02 2.444e+02
s>        ( QUESTION0_10_R 1 -4.582e+02 1.285e+02 5.027e+01
s>            ( - 1.746e+01 1 0)
s>            ( QUESTION0_3_R 1 -3.472e+02 1.221e+02 3.302e+01
s>                ( - 3.407e+01 1 0)
s>                ( - -2.592e+02 1 0)))
s>        ( WDBNDRY_E 0 -1.703e+03 1.212e+02 1.941e+02
s>            ( QUESTION11 1 -1.655e+03 1.140e+02 1.901e+02
s>                ( - -2.414e+01 1 0)
s>                ( QUESTION0_13_R 1 -1.517e+03 1.133e+02 1.811e+02
s>                    ( - -5.749e+02 3 0)
s>                    ( QUESTION0_0_R 1 -8.284e+02 1.086e+02 9.068e+01
s>                        ( - 7.380e+01 1 0)
s>                        ( - -7.936e+02 3 0 QUESTION0_15_R 1 8.675e+01 8.168e+01))))
s>            ( - 7.259e+01 1 0)))INFO: dtree.c(1351): Comp split 31
INFO: dtree.c(1483): stop. leaf nodes are specific
INFO: dtree.c(1524): Final simple tree
|( QUESTION0_0_R 1 -3.202e+02 1.190e+02 4.850e+01
|    ( - -2.110e+02 1 0)
|    ( - 9.792e+00 1 0))
s>    ( QUESTION0_0_R 1 -3.202e+02 1.190e+02 4.850e+01
s>        ( - -2.110e+02 1 0)
s>        ( - 9.792e+00 1 0))INFO: dtree.c(1351): Comp split 32
INFO: dtree.c(1483): stop. leaf nodes are specific
INFO: dtree.c(1524): Final simple tree
|( QUESTION0_13_R 1 2.068e+02 1.256e+02 7.422e+01
|    ( QUESTION0 1 1.534e+02 1.060e+02 1.482e+01
|        ( - 1.282e+02 1 0)
|        ( - 1.312e+02 2 0))
|    ( QUESTION0_5_R 1 1.790e+02 1.254e+02 5.940e+01
|        ( - 1.583e+02 1 0)
|        ( QUESTION0_1_R 1 1.460e+02 1.119e+02 3.757e+01
|            ( - 9.363e+01 1 0)
|            ( QUESTION0_0_R 1 1.642e+02 1.055e+02 3.005e+01
|                ( - 1.122e+02 1 0)
|                ( QUESTION0_15_R 1 1.576e+02 8.789e+01 2.605e+01
|                    ( - 1.498e+02 2 0)
|                    ( - 9.568e+01 1 0))))))
s>    ( QUESTION0_13_R 1 2.068e+02 1.256e+02 7.422e+01
s>        ( QUESTION0 1 1.534e+02 1.060e+02 1.482e+01
s>            ( - 1.282e+02 1 0)
s>            ( - 1.312e+02 2 0))
s>        ( QUESTION0_5_R 1 1.790e+02 1.254e+02 5.940e+01
s>            ( - 1.583e+02 1 0)
s>            ( QUESTION0_1_R 1 1.460e+02 1.119e+02 3.757e+01
s>                ( - 9.363e+01 1 0)
s>                ( QUESTION0_0_R 1 1.642e+02 1.055e+02 3.005e+01
s>                    ( - 1.122e+02 1 0)
s>                    ( QUESTION0_15_R 1 1.576e+02 8.789e+01 2.605e+01
s>                        ( - 1.498e+02 2 0)
s>                        ( - 9.568e+01 1 0))))))INFO: dtree.c(1351): Comp split 33
INFO: dtree.c(1483): stop. leaf nodes are specific
INFO: dtree.c(1524): Final simple tree
|( QUESTION0_0_R 1 -2.587e+03 1.451e+02 3.618e+02
|    ( - -1.153e+03 1 0)
|    ( - -1.289e+03 1 0))
s>    ( QUESTION0_0_R 1 -2.587e+03 1.451e+02 3.618e+02
s>        ( - -1.153e+03 1 0)
s>        ( - -1.289e+03 1 0))INFO: dtree.c(1351): Comp split 34
INFO: dtree.c(1483): stop. leaf nodes are specific
INFO: dtree.c(1524): Final simple tree
|( QUESTION2 -1 1.597e+02 1.127e+02 2.732e+01
|    ( - 1.791e+02 1 0)
|    ( - 9.325e+01 1 0))
s>    ( QUESTION2 -1 1.597e+02 1.127e+02 2.732e+01
s>        ( - 1.791e+02 1 0)
s>        ( - 9.325e+01 1 0))INFO: dtree.c(1483): stop. leaf nodes are specific
INFO: dtree.c(1524): Final simple tree
|( QUESTION0_0_R 1 -1.856e+02 1.299e+02 2.545e+01
|    ( - -1.515e+02 1 0)
|    ( - 9.579e+01 1 0))
s>    ( QUESTION0_0_R 1 -1.856e+02 1.299e+02 2.545e+01
s>        ( - -1.515e+02 1 0)
s>        ( - 9.579e+01 1 0))INFO: dtree.c(1351): Comp split 35
INFO: dtree.c(1483): stop. leaf nodes are specific
INFO: dtree.c(1524): Final simple tree
|( WDBNDRY_E 0 -1.564e+03 1.200e+02 1.851e+02
|    ( QUESTION0_13_R 1 -1.517e+03 1.133e+02 1.811e+02
|        ( - -5.749e+02 3 0)
|        ( QUESTION0_0_R 1 -8.284e+02 1.086e+02 9.068e+01
|            ( - 7.380e+01 1 0)
|            ( QUESTION0_15_R 1 -7.936e+02 8.675e+01 8.168e+01
|                ( - -6.514e+02 2 0)
|                ( - -5.547e+01 1 0))))
|    ( - 7.259e+01 1 0))
s>    ( WDBNDRY_E 0 -1.564e+03 1.200e+02 1.851e+02
s>        ( QUESTION0_13_R 1 -1.517e+03 1.133e+02 1.811e+02
s>            ( - -5.749e+02 3 0)
s>            ( QUESTION0_0_R 1 -8.284e+02 1.086e+02 9.068e+01
s>                ( - 7.380e+01 1 0)
s>                ( QUESTION0_15_R 1 -7.936e+02 8.675e+01 8.168e+01
s>                    ( - -6.514e+02 2 0)
s>                    ( - -5.547e+01 1 0))))
s>        ( - 7.259e+01 1 0))INFO: dtree.c(1483): stop. leaf nodes are specific
INFO: dtree.c(1524): Final simple tree
|( QUESTION0_10_R 1 -5.732e+02 1.300e+02 5.927e+01
|    ( - 1.746e+01 1 0)
|    ( QUESTION0_3_R 1 -4.607e+02 1.241e+02 4.202e+01
|        ( - 3.407e+01 1 0)
|        ( QUESTION0_0_R 1 -3.706e+02 8.729e+01 3.602e+01
|            ( - -2.592e+02 1 0)
|            ( - -2.414e+01 1 0))))
s>    ( QUESTION0_10_R 1 -5.732e+02 1.300e+02 5.927e+01
s>        ( - 1.746e+01 1 0)
s>        ( QUESTION0_3_R 1 -4.607e+02 1.241e+02 4.202e+01
s>            ( - 3.407e+01 1 0)
s>            ( QUESTION0_0_R 1 -3.706e+02 8.729e+01 3.602e+01
s>                ( - -2.592e+02 1 0)
s>                ( - -2.414e+01 1 0))))INFO: dtree.c(1351): Comp split 36
INFO: dtree.c(1351): Comp split 37
INFO: dtree.c(1351): Comp split 38
INFO: dtree.c(1351): Comp split 39
INFO: dtree.c(1483): stop. leaf nodes are specific
INFO: dtree.c(1524): Final simple tree
|( QUESTION0_0_R 1 1.139e+02 1.095e+02 1.300e+01
|    ( - 1.150e+02 1 0)
|    ( - 1.084e+02 1 0))
s>    ( QUESTION0_0_R 1 1.139e+02 1.095e+02 1.300e+01
s>        ( - 1.150e+02 1 0)
s>        ( - 1.084e+02 1 0))INFO: dtree.c(1351): Comp split 40
INFO: dtree.c(1524): Final simple tree
|( WDBNDRY_E 0 4.542e+02 1.497e+02 2.584e+02
|    ( QUESTION0_7_R 1 4.511e+02 1.222e+02 2.564e+02
|        ( - 1.363e+02 1 0)
|        ( QUESTION0_2_R 1 4.370e+02 1.244e+02 2.443e+02
|            ( QUESTION8 1 2.505e+02 9.318e+01 6.167e+01
|                ( - 1.163e+02 1 0)
|                ( QUESTION0_11_R 1 2.274e+02 1.332e+02 5.119e+01
|                    ( - 1.536e+02 1 0)
|                    ( - 2.069e+02 2 0 QUESTION0_5_R 1 7.577e+01 4.919e+01)))
|            ( QUESTION11 1 3.109e+02 1.150e+02 1.826e+02
|                ( - 8.470e+01 2 0)
|                ( QUESTION0_13_R 1 3.413e+02 9.648e+01 1.756e+02
|                    ( - 1.962e+02 3 0 QUESTION0 1 8.252e+01 8.693e+01)
|                    ( - 2.415e+02 4 0 QUESTION0_17_R 1 9.275e+01 8.870e+01)))))
|    ( - 1.528e+02 1 0))
s>    ( WDBNDRY_E 0 4.542e+02 1.497e+02 2.584e+02
s>        ( QUESTION0_7_R 1 4.511e+02 1.222e+02 2.564e+02
s>            ( - 1.363e+02 1 0)
s>            ( QUESTION0_2_R 1 4.370e+02 1.244e+02 2.443e+02
s>                ( QUESTION8 1 2.505e+02 9.318e+01 6.167e+01
s>                    ( - 1.163e+02 1 0)
s>                    ( QUESTION0_11_R 1 2.274e+02 1.332e+02 5.119e+01
s>                        ( - 1.536e+02 1 0)
s>                        ( - 2.069e+02 2 0 QUESTION0_5_R 1 7.577e+01 4.919e+01)))
s>                ( QUESTION11 1 3.109e+02 1.150e+02 1.826e+02
s>                    ( - 8.470e+01 2 0)
s>                    ( QUESTION0_13_R 1 3.413e+02 9.648e+01 1.756e+02
s>                        ( - 1.962e+02 3 0 QUESTION0 1 8.252e+01 8.693e+01)
s>                        ( - 2.415e+02 4 0 QUESTION0_17_R 1 9.275e+01 8.870e+01)))))
s>        ( - 1.528e+02 1 0))INFO: dtree.c(1483): stop. leaf nodes are specific
INFO: dtree.c(1524): Final simple tree
|( QUESTION0_8_R 1 2.433e+02 1.374e+02 5.133e+01
|    ( - 1.498e+02 1 0)
|    ( QUESTION0_13_R 1 2.309e+02 1.323e+02 4.933e+01
|        ( - 1.525e+02 1 0)
|        ( QUESTION0_0_R 1 2.107e+02 1.331e+02 4.733e+01
|            ( - 2.273e+02 1 0)
|            ( - 1.165e+02 1 0))))
s>    ( QUESTION0_8_R 1 2.433e+02 1.374e+02 5.133e+01
s>        ( - 1.498e+02 1 0)
s>        ( QUESTION0_13_R 1 2.309e+02 1.323e+02 4.933e+01
s>            ( - 1.525e+02 1 0)
s>            ( QUESTION0_0_R 1 2.107e+02 1.331e+02 4.733e+01
s>                ( - 2.273e+02 1 0)
s>                ( - 1.165e+02 1 0))))INFO: dtree.c(1351): Comp split 41
INFO: dtree.c(1483): stop. leaf nodes are specific
INFO: dtree.c(1524): Final simple tree
|( QUESTION12 1 3.293e+02 1.165e+02 1.556e+02
|    ( - 8.470e+01 2 0)
|    ( QUESTION0 1 3.611e+02 9.163e+01 1.486e+02
|        ( - 1.744e+02 2 0)
|        ( QUESTION8 1 2.784e+02 9.546e+01 8.748e+01
|            ( - 1.163e+02 1 0)
|            ( QUESTION0_11_R 1 2.576e+02 1.325e+02 7.700e+01
|                ( - 1.536e+02 1 0)
|                ( QUESTION0_8_R 1 2.365e+02 8.101e+01 7.500e+01
|                    ( - 8.604e+01 1 0)
|                    ( QUESTION0_0_R 1 2.314e+02 6.952e+01 5.405e+01
|                        ( - 1.967e+02 1 0)
|                        ( - 1.043e+02 1 0)))))))
s>    ( QUESTION12 1 3.293e+02 1.165e+02 1.556e+02
s>        ( - 8.470e+01 2 0)
s>        ( QUESTION0 1 3.611e+02 9.163e+01 1.486e+02
s>            ( - 1.744e+02 2 0)
s>            ( QUESTION8 1 2.784e+02 9.546e+01 8.748e+01
s>                ( - 1.163e+02 1 0)
s>                ( QUESTION0_11_R 1 2.576e+02 1.325e+02 7.700e+01
s>                    ( - 1.536e+02 1 0)
s>                    ( QUESTION0_8_R 1 2.365e+02 8.101e+01 7.500e+01
s>                        ( - 8.604e+01 1 0)
s>                        ( QUESTION0_0_R 1 2.314e+02 6.952e+01 5.405e+01
s>                            ( - 1.967e+02 1 0)
s>                            ( - 1.043e+02 1 0)))))))INFO: dtree.c(1483): stop. leaf nodes are specific
INFO: dtree.c(1524): Final simple tree
|( WDBNDRY_E 0 2.817e+02 1.456e+02 1.028e+02
|    ( QUESTION0_2_R 1 2.744e+02 1.034e+02 1.008e+02
|        ( - 1.363e+02 1 0)
|        ( QUESTION0_17_R 1 2.415e+02 9.275e+01 8.870e+01
|            ( - 1.127e+02 1 0)
|            ( QUESTION0_0_R 1 2.216e+02 8.245e+01 7.260e+01
|                ( - 2.779e+02 1 0)
|                ( - 2.610e+01 2 0))))
|    ( - 1.528e+02 1 0))
s>    ( WDBNDRY_E 0 2.817e+02 1.456e+02 1.028e+02
s>        ( QUESTION0_2_R 1 2.744e+02 1.034e+02 1.008e+02
s>            ( - 1.363e+02 1 0)
s>            ( QUESTION0_17_R 1 2.415e+02 9.275e+01 8.870e+01
s>                ( - 1.127e+02 1 0)
s>                ( QUESTION0_0_R 1 2.216e+02 8.245e+01 7.260e+01
s>                    ( - 2.779e+02 1 0)
s>                    ( - 2.610e+01 2 0))))
s>        ( - 1.528e+02 1 0))INFO: dtree.c(1351): Comp split 42
INFO: dtree.c(1351): Comp split 43
INFO: dtree.c(1351): Comp split 44
INFO: dtree.c(1351): Comp split 45
INFO: dtree.c(1351): Comp split 46
INFO: dtree.c(1483): stop. leaf nodes are specific
INFO: dtree.c(1524): Final simple tree
|( QUESTION0_2_R 1 2.744e+02 1.034e+02 1.008e+02
|    ( - 1.363e+02 1 0)
|    ( QUESTION0_17_R 1 2.415e+02 9.275e+01 8.870e+01
|        ( - 1.127e+02 1 0)
|        ( QUESTION0_0_R 1 2.216e+02 8.245e+01 7.260e+01
|            ( - 2.779e+02 1 0)
|            ( - 2.610e+01 2 0))))
s>    ( QUESTION0_2_R 1 2.744e+02 1.034e+02 1.008e+02
s>        ( - 1.363e+02 1 0)
s>        ( QUESTION0_17_R 1 2.415e+02 9.275e+01 8.870e+01
s>            ( - 1.127e+02 1 0)
s>            ( QUESTION0_0_R 1 2.216e+02 8.245e+01 7.260e+01
s>                ( - 2.779e+02 1 0)
s>                ( - 2.610e+01 2 0))))INFO: dtree.c(1351): Comp split 47
INFO: dtree.c(1483): stop. leaf nodes are specific
INFO: dtree.c(1524): Final simple tree
|( QUESTION0_1_R 1 1.460e+02 1.119e+02 3.757e+01
|    ( - 9.363e+01 1 0)
|    ( QUESTION0_0_R 1 1.642e+02 1.055e+02 3.005e+01
|        ( - 1.122e+02 1 0)
|        ( QUESTION0_15_R 1 1.576e+02 8.789e+01 2.605e+01
|            ( - 1.498e+02 2 0)
|            ( - 9.568e+01 1 0))))
s>    ( QUESTION0_1_R 1 1.460e+02 1.119e+02 3.757e+01
s>        ( - 9.363e+01 1 0)
s>        ( QUESTION0_0_R 1 1.642e+02 1.055e+02 3.005e+01
s>            ( - 1.122e+02 1 0)
s>            ( QUESTION0_15_R 1 1.576e+02 8.789e+01 2.605e+01
s>                ( - 1.498e+02 2 0)
s>                ( - 9.568e+01 1 0))))INFO: dtree.c(1483): stop. leaf nodes are specific
INFO: dtree.c(1524): Final simple tree
|( QUESTION0 1 2.059e+02 1.072e+02 3.665e+01
|    ( - 1.282e+02 1 0)
|    ( QUESTION0_0_R 1 1.850e+02 1.045e+02 2.883e+01
|        ( - 1.583e+02 1 0)
|        ( - 1.312e+02 2 0)))
s>    ( QUESTION0 1 2.059e+02 1.072e+02 3.665e+01
s>        ( - 1.282e+02 1 0)
s>        ( QUESTION0_0_R 1 1.850e+02 1.045e+02 2.883e+01
s>            ( - 1.583e+02 1 0)
s>            ( - 1.312e+02 2 0)))INFO: dtree.c(1351): Comp split 48
INFO: dtree.c(1351): Comp split 49
INFO: dtree.c(1483): stop. leaf nodes are specific
INFO: dtree.c(1524): Final simple tree
|( QUESTION12 1 -9.272e+01 1.319e+02 4.050e+01
|    ( - 1.068e+02 1 0)
|    ( QUESTION0_4_R 1 -6.757e+01 1.022e+02 3.650e+01
|        ( - 9.747e+01 1 0)
|        ( QUESTION0_0_R 1 -6.286e+01 9.620e+01 2.850e+01
|            ( - 5.208e+00 1 0)
|            ( - 2.813e+01 1 0))))
s>    ( QUESTION12 1 -9.272e+01 1.319e+02 4.050e+01
s>        ( - 1.068e+02 1 0)
s>        ( QUESTION0_4_R 1 -6.757e+01 1.022e+02 3.650e+01
s>            ( - 9.747e+01 1 0)
s>            ( QUESTION0_0_R 1 -6.286e+01 9.620e+01 2.850e+01
s>                ( - 5.208e+00 1 0)
s>                ( - 2.813e+01 1 0))))INFO: dtree.c(1351): Comp split 50
INFO: dtree.c(1483): stop. leaf nodes are specific
INFO: dtree.c(1524): Final simple tree
|( QUESTION0_5_R 1 -5.359e+02 1.002e+02 9.349e+01
|    ( - -4.842e+02 1 0)
|    ( - 4.854e+01 1 0))
s>    ( QUESTION0_5_R 1 -5.359e+02 1.002e+02 9.349e+01
s>        ( - -4.842e+02 1 0)
s>        ( - 4.854e+01 1 0))INFO: dtree.c(1483): stop. leaf nodes are specific
INFO: dtree.c(1524): Final simple tree
|( QUESTION0_5_R 1 2.225e+00 1.112e+02 1.903e+01
|    ( - 7.965e+01 1 0)
|    ( - 3.377e+01 1 0))
s>    ( QUESTION0_5_R 1 2.225e+00 1.112e+02 1.903e+01
s>        ( - 7.965e+01 1 0)
s>        ( - 3.377e+01 1 0))INFO: dtree.c(1351): Comp split 51
INFO: dtree.c(1351): Comp split 52
INFO: dtree.c(1351): Comp split 53
INFO: dtree.c(1483): stop. leaf nodes are specific
INFO: dtree.c(1524): Final simple tree
|( QUESTION0_13_R 1 2.309e+02 1.323e+02 4.933e+01
|    ( - 1.525e+02 1 0)
|    ( QUESTION0_0_R 1 2.107e+02 1.331e+02 4.733e+01
|        ( - 2.273e+02 1 0)
|        ( - 1.165e+02 1 0)))
s>    ( QUESTION0_13_R 1 2.309e+02 1.323e+02 4.933e+01
s>        ( - 1.525e+02 1 0)
s>        ( QUESTION0_0_R 1 2.107e+02 1.331e+02 4.733e+01
s>            ( - 2.273e+02 1 0)
s>            ( - 1.165e+02 1 0)))INFO: dtree.c(1351): Comp split 54
INFO: dtree.c(1483): stop. leaf nodes are specific
INFO: dtree.c(1524): Final simple tree
|( QUESTION12 1 3.095e+02 1.162e+02 1.536e+02
|    ( - 8.470e+01 2 0)
|    ( QUESTION0 1 3.410e+02 9.040e+01 1.466e+02
|        ( - 1.744e+02 2 0)
|        ( QUESTION0_11_R 1 2.569e+02 9.582e+01 8.548e+01
|            ( - 1.163e+02 1 0)
|            ( QUESTION0_8_R 1 2.365e+02 8.101e+01 7.500e+01
|                ( - 8.604e+01 1 0)
|                ( QUESTION0_0_R 1 2.314e+02 6.952e+01 5.405e+01
|                    ( - 1.967e+02 1 0)
|                    ( - 1.043e+02 1 0))))))
s>    ( QUESTION12 1 3.095e+02 1.162e+02 1.536e+02
s>        ( - 8.470e+01 2 0)
s>        ( QUESTION0 1 3.410e+02 9.040e+01 1.466e+02
s>            ( - 1.744e+02 2 0)
s>            ( QUESTION0_11_R 1 2.569e+02 9.582e+01 8.548e+01
s>                ( - 1.163e+02 1 0)
s>                ( QUESTION0_8_R 1 2.365e+02 8.101e+01 7.500e+01
s>                    ( - 8.604e+01 1 0)
s>                    ( QUESTION0_0_R 1 2.314e+02 6.952e+01 5.405e+01
s>                        ( - 1.967e+02 1 0)
s>                        ( - 1.043e+02 1 0))))))INFO: dtree.c(1351): Comp split 55
INFO: dtree.c(1483): stop. leaf nodes are specific
INFO: dtree.c(1524): Final simple tree
|( QUESTION0_0_R 1 2.107e+02 1.331e+02 4.733e+01
|    ( - 2.273e+02 1 0)
|    ( - 1.165e+02 1 0))
s>    ( QUESTION0_0_R 1 2.107e+02 1.331e+02 4.733e+01
s>        ( - 2.273e+02 1 0)
s>        ( - 1.165e+02 1 0))INFO: dtree.c(1351): Comp split 56
INFO: dtree.c(1351): Comp split 57
INFO: dtree.c(1483): stop. leaf nodes are specific
INFO: dtree.c(1524): Final simple tree
|( QUESTION0_4_R 1 -6.757e+01 1.022e+02 3.650e+01
|    ( - 9.747e+01 1 0)
|    ( QUESTION0_0_R 1 -6.286e+01 9.620e+01 2.850e+01
|        ( - 5.208e+00 1 0)
|        ( - 2.813e+01 1 0)))
s>    ( QUESTION0_4_R 1 -6.757e+01 1.022e+02 3.650e+01
s>        ( - 9.747e+01 1 0)
s>        ( QUESTION0_0_R 1 -6.286e+01 9.620e+01 2.850e+01
s>            ( - 5.208e+00 1 0)
s>            ( - 2.813e+01 1 0)))INFO: dtree.c(1351): Comp split 58
INFO: dtree.c(1483): stop. leaf nodes are specific
INFO: dtree.c(1524): Final simple tree
|( QUESTION0_3_R 1 -4.607e+02 1.241e+02 4.202e+01
|    ( - 3.407e+01 1 0)
|    ( QUESTION0_0_R 1 -3.706e+02 8.729e+01 3.602e+01
|        ( - -2.592e+02 1 0)
|        ( - -2.414e+01 1 0)))
s>    ( QUESTION0_3_R 1 -4.607e+02 1.241e+02 4.202e+01
s>        ( - 3.407e+01 1 0)
s>        ( QUESTION0_0_R 1 -3.706e+02 8.729e+01 3.602e+01
s>            ( - -2.592e+02 1 0)
s>            ( - -2.414e+01 1 0)))INFO: dtree.c(1351): Comp split 59
INFO: dtree.c(1351): Comp split 60
INFO: dtree.c(1483): stop. leaf nodes are specific
INFO: dtree.c(1524): Final simple tree
|( QUESTION0_0_R 1 -3.706e+02 8.729e+01 3.602e+01
|    ( - -2.592e+02 1 0)
|    ( - -2.414e+01 1 0))
s>    ( QUESTION0_0_R 1 -3.706e+02 8.729e+01 3.602e+01
s>        ( - -2.592e+02 1 0)
s>        ( - -2.414e+01 1 0))INFO: dtree.c(1351): Comp split 61
INFO: dtree.c(1483): stop. leaf nodes are specific
INFO: dtree.c(1524): Final simple tree
|( QUESTION0_13_R 1 -1.517e+03 1.133e+02 1.811e+02
|    ( - -5.749e+02 3 0)
|    ( QUESTION0_0_R 1 -8.284e+02 1.086e+02 9.068e+01
|        ( - 7.380e+01 1 0)
|        ( QUESTION0_15_R 1 -7.936e+02 8.675e+01 8.168e+01
|            ( - -6.514e+02 2 0)
|            ( - -5.547e+01 1 0))))
s>    ( QUESTION0_13_R 1 -1.517e+03 1.133e+02 1.811e+02
s>        ( - -5.749e+02 3 0)
s>        ( QUESTION0_0_R 1 -8.284e+02 1.086e+02 9.068e+01
s>            ( - 7.380e+01 1 0)
s>            ( QUESTION0_15_R 1 -7.936e+02 8.675e+01 8.168e+01
s>                ( - -6.514e+02 2 0)
s>                ( - -5.547e+01 1 0))))INFO: dtree.c(1351): Comp split 62
INFO: dtree.c(1351): Comp split 63
INFO: dtree.c(1483): stop. leaf nodes are specific
INFO: dtree.c(1524): Final simple tree
|( QUESTION0 1 3.410e+02 9.040e+01 1.466e+02
|    ( - 1.744e+02 2 0)
|    ( QUESTION0_11_R 1 2.569e+02 9.582e+01 8.548e+01
|        ( - 1.163e+02 1 0)
|        ( QUESTION0_8_R 1 2.365e+02 8.101e+01 7.500e+01
|            ( - 8.604e+01 1 0)
|            ( QUESTION0_0_R 1 2.314e+02 6.952e+01 5.405e+01
|                ( - 1.967e+02 1 0)
|                ( - 1.043e+02 1 0)))))
s>    ( QUESTION0 1 3.410e+02 9.040e+01 1.466e+02
s>        ( - 1.744e+02 2 0)
s>        ( QUESTION0_11_R 1 2.569e+02 9.582e+01 8.548e+01
s>            ( - 1.163e+02 1 0)
s>            ( QUESTION0_8_R 1 2.365e+02 8.101e+01 7.500e+01
s>                ( - 8.604e+01 1 0)
s>                ( QUESTION0_0_R 1 2.314e+02 6.952e+01 5.405e+01
s>                    ( - 1.967e+02 1 0)
s>                    ( - 1.043e+02 1 0)))))INFO: dtree.c(1351): Comp split 64
INFO: dtree.c(1483): stop. leaf nodes are specific
INFO: dtree.c(1524): Final simple tree
|( QUESTION0_0_R 1 -8.284e+02 1.086e+02 9.068e+01
|    ( - 7.380e+01 1 0)
|    ( QUESTION0_15_R 1 -7.936e+02 8.675e+01 8.168e+01
|        ( - -6.514e+02 2 0)
|        ( - -5.547e+01 1 0)))
s>    ( QUESTION0_0_R 1 -8.284e+02 1.086e+02 9.068e+01
s>        ( - 7.380e+01 1 0)
s>        ( QUESTION0_15_R 1 -7.936e+02 8.675e+01 8.168e+01
s>            ( - -6.514e+02 2 0)
s>            ( - -5.547e+01 1 0)))INFO: dtree.c(1351): Comp split 65
INFO: dtree.c(1351): Comp split 66
INFO: dtree.c(1483): stop. leaf nodes are specific
INFO: dtree.c(1524): Final simple tree
|( QUESTION0_0_R 1 1.642e+02 1.055e+02 3.005e+01
|    ( - 1.122e+02 1 0)
|    ( QUESTION0_15_R 1 1.576e+02 8.789e+01 2.605e+01
|        ( - 1.498e+02 2 0)
|        ( - 9.568e+01 1 0)))
s>    ( QUESTION0_0_R 1 1.642e+02 1.055e+02 3.005e+01
s>        ( - 1.122e+02 1 0)
s>        ( QUESTION0_15_R 1 1.576e+02 8.789e+01 2.605e+01
s>            ( - 1.498e+02 2 0)
s>            ( - 9.568e+01 1 0)))INFO: dtree.c(1351): Comp split 67
INFO: dtree.c(1351): Comp split 68
INFO: dtree.c(1351): Comp split 69
INFO: dtree.c(1351): Comp split 70
INFO: dtree.c(1483): stop. leaf nodes are specific
INFO: dtree.c(1524): Final simple tree
|( QUESTION0_15_R 1 -7.936e+02 8.675e+01 8.168e+01
|    ( - -6.514e+02 2 0)
|    ( - -5.547e+01 1 0))
s>    ( QUESTION0_15_R 1 -7.936e+02 8.675e+01 8.168e+01
s>        ( - -6.514e+02 2 0)
s>        ( - -5.547e+01 1 0))INFO: dtree.c(1351): Comp split 71
INFO: dtree.c(1483): stop. leaf nodes are specific
INFO: dtree.c(1524): Final simple tree
|( QUESTION0_0_R 1 1.850e+02 1.045e+02 2.883e+01
|    ( - 1.583e+02 1 0)
|    ( - 1.312e+02 2 0))
s>    ( QUESTION0_0_R 1 1.850e+02 1.045e+02 2.883e+01
s>        ( - 1.583e+02 1 0)
s>        ( - 1.312e+02 2 0))INFO: dtree.c(1351): Comp split 72
INFO: dtree.c(1483): stop. leaf nodes are specific
INFO: dtree.c(1524): Final simple tree
|( QUESTION0_15_R 1 1.576e+02 8.789e+01 2.605e+01
|    ( - 1.498e+02 2 0)
|    ( - 9.568e+01 1 0))
s>    ( QUESTION0_15_R 1 1.576e+02 8.789e+01 2.605e+01
s>        ( - 1.498e+02 2 0)
s>        ( - 9.568e+01 1 0))INFO: dtree.c(1351): Comp split 73
INFO: dtree.c(1351): Comp split 74
INFO: dtree.c(1483): stop. leaf nodes are specific
INFO: dtree.c(1524): Final simple tree
|( QUESTION0_17_R 1 2.415e+02 9.275e+01 8.870e+01
|    ( - 1.127e+02 1 0)
|    ( QUESTION0_0_R 1 2.216e+02 8.245e+01 7.260e+01
|        ( - 2.779e+02 1 0)
|        ( - 2.610e+01 2 0)))
s>    ( QUESTION0_17_R 1 2.415e+02 9.275e+01 8.870e+01
s>        ( - 1.127e+02 1 0)
s>        ( QUESTION0_0_R 1 2.216e+02 8.245e+01 7.260e+01
s>            ( - 2.779e+02 1 0)
s>            ( - 2.610e+01 2 0)))INFO: dtree.c(1351): Comp split 75
INFO: dtree.c(1483): stop. leaf nodes are specific
INFO: dtree.c(1524): Final simple tree
|( QUESTION0_0_R 1 -6.286e+01 9.620e+01 2.850e+01
|    ( - 5.208e+00 1 0)
|    ( - 2.813e+01 1 0))
s>    ( QUESTION0_0_R 1 -6.286e+01 9.620e+01 2.850e+01
s>        ( - 5.208e+00 1 0)
s>        ( - 2.813e+01 1 0))INFO: dtree.c(1351): Comp split 76
INFO: dtree.c(1351): Comp split 77
INFO: dtree.c(1483): stop. leaf nodes are specific
INFO: dtree.c(1524): Final simple tree
|( QUESTION0_8_R 1 2.365e+02 8.101e+01 7.500e+01
|    ( - 8.604e+01 1 0)
|    ( QUESTION0_0_R 1 2.314e+02 6.952e+01 5.405e+01
|        ( - 1.967e+02 1 0)
|        ( - 1.043e+02 1 0)))
s>    ( QUESTION0_8_R 1 2.365e+02 8.101e+01 7.500e+01
s>        ( - 8.604e+01 1 0)
s>        ( QUESTION0_0_R 1 2.314e+02 6.952e+01 5.405e+01
s>            ( - 1.967e+02 1 0)
s>            ( - 1.043e+02 1 0)))INFO: dtree.c(1483): stop. leaf nodes are specific
INFO: dtree.c(1524): Final simple tree
|( QUESTION0_0_R 1 2.045e+02 8.616e+01 7.160e+01
|    ( - 1.163e+02 1 0)
|    ( - 1.744e+02 2 0))
s>    ( QUESTION0_0_R 1 2.045e+02 8.616e+01 7.160e+01
s>        ( - 1.163e+02 1 0)
s>        ( - 1.744e+02 2 0))INFO: dtree.c(1351): Comp split 78
INFO: dtree.c(1351): Comp split 79
INFO: dtree.c(1483): stop. leaf nodes are specific
INFO: dtree.c(1524): Final simple tree
|( QUESTION0_0_R 1 2.216e+02 8.245e+01 7.260e+01
|    ( - 2.779e+02 1 0)
|    ( - 2.610e+01 2 0))
s>    ( QUESTION0_0_R 1 2.216e+02 8.245e+01 7.260e+01
s>        ( - 2.779e+02 1 0)
s>        ( - 2.610e+01 2 0))INFO: dtree.c(1351): Comp split 80
INFO: dtree.c(1351): Comp split 81
INFO: dtree.c(1351): Comp split 82
INFO: dtree.c(1351): Comp split 83
INFO: dtree.c(1351): Comp split 84
INFO: dtree.c(1351): Comp split 85
INFO: dtree.c(1351): Comp split 86
INFO: dtree.c(1351): Comp split 87
INFO: dtree.c(1483): stop. leaf nodes are specific
INFO: dtree.c(1524): Final simple tree
|( QUESTION0_0_R 1 2.314e+02 6.952e+01 5.405e+01
|    ( - 1.967e+02 1 0)
|    ( - 1.043e+02 1 0))
s>    ( QUESTION0_0_R 1 2.314e+02 6.952e+01 5.405e+01
s>        ( - 1.967e+02 1 0)
s>        ( - 1.043e+02 1 0))INFO: dtree.c(1351): Comp split 88
INFO: dtree.c(1351): Comp split 89
INFO: dtree.c(1354): stop. leaf nodes are specific
Tue May 31 10:46:01 2011
