INFO: cmd_ln.c(691): Parsing command line:
/home/xkrajnan/Plocha/GSoC/PocketSphinx/an4/bin/bldtree \
	-treefn /home/xkrajnan/Plocha/GSoC/PocketSphinx/an4/trees/an4.unpruned/EY-1.dtree \
	-moddeffn /home/xkrajnan/Plocha/GSoC/PocketSphinx/an4/model_architecture/an4.untied.mdef \
	-mixwfn /home/xkrajnan/Plocha/GSoC/PocketSphinx/an4/model_parameters/an4.cd_cont_untied/mixture_weights \
	-ts2cbfn .cont. \
	-mwfloor 1e-08 \
	-psetfn /home/xkrajnan/Plocha/GSoC/PocketSphinx/an4/model_architecture/an4.tree_questions \
	-phone EY \
	-state 1 \
	-stwt 1.0,0.05,0.0 \
	-meanfn /home/xkrajnan/Plocha/GSoC/PocketSphinx/an4/model_parameters/an4.cd_cont_untied/means \
	-varfn /home/xkrajnan/Plocha/GSoC/PocketSphinx/an4/model_parameters/an4.cd_cont_untied/variances \
	-fullvar no \
	-ssplitmin 1 \
	-ssplitmax 7 \
	-ssplitthr 0 \
	-csplitmin 1 \
	-csplitmax 2000 \
	-csplitthr 0 

Current configuration:
[NAME]		[DEFLT]	[VALUE]
-allphones	no	no
-cntthresh	0.00001	1.000000e-05
-csplitmax	100	2000
-csplitmin	1	1
-csplitthr	8e-4	0.000000e+00
-example	no	no
-fullvar	no	no
-help		no	no
-meanfn			/home/xkrajnan/Plocha/GSoC/PocketSphinx/an4/model_parameters/an4.cd_cont_untied/means
-mixwfn			/home/xkrajnan/Plocha/GSoC/PocketSphinx/an4/model_parameters/an4.cd_cont_untied/mixture_weights
-moddeffn		/home/xkrajnan/Plocha/GSoC/PocketSphinx/an4/model_architecture/an4.untied.mdef
-mwfloor	1e-4	1.000000e-08
-phone			EY
-psetfn			/home/xkrajnan/Plocha/GSoC/PocketSphinx/an4/model_architecture/an4.tree_questions
-ssplitmax	5	7
-ssplitmin	1	1
-ssplitthr	8e-4	0.000000e+00
-state			1
-stwt			1.0,0.05,0.0,
-treefn			/home/xkrajnan/Plocha/GSoC/PocketSphinx/an4/trees/an4.unpruned/EY-1.dtree
-ts2cbfn	.semi.	.cont.
-varfloor	0.00001	1.000000e-05
-varfn			/home/xkrajnan/Plocha/GSoC/PocketSphinx/an4/model_parameters/an4.cd_cont_untied/variances

INFO: main.c(228): Reading: /home/xkrajnan/Plocha/GSoC/PocketSphinx/an4/model_architecture/an4.untied.mdef
INFO: model_def_io.c(587): Model definition info:
INFO: model_def_io.c(588): 1618 total models defined (34 base, 1584 tri)
INFO: model_def_io.c(589): 6472 total states
INFO: model_def_io.c(590): 4854 total tied states
INFO: model_def_io.c(591): 102 total tied CI states
INFO: model_def_io.c(592): 34 total tied transition matrices
INFO: model_def_io.c(593): 4 max state/model
INFO: model_def_io.c(594): 4 min state/model
INFO: main.c(247): Building trees for [EY AH CH b] through [EY V T b]
INFO: main.c(275): Covering states |[1326 1535]| == 210
INFO: main.c(282): Reading: /home/xkrajnan/Plocha/GSoC/PocketSphinx/an4/model_parameters/an4.cd_cont_untied/mixture_weights
INFO: s3mixw_io.c(172): Read /home/xkrajnan/Plocha/GSoC/PocketSphinx/an4/model_parameters/an4.cd_cont_untied/mixture_weights [210x1x1 array]
INFO: main.c(320): 70 of 70 models have observation count greater than 0.000010
INFO: main.c(94): nrm stwt: 0.045 0.909 0.045 
INFO: s3gau_io.c(166): Read /home/xkrajnan/Plocha/GSoC/PocketSphinx/an4/model_parameters/an4.cd_cont_untied/means [4854x1x1 array]
INFO: s3gau_io.c(166): Read /home/xkrajnan/Plocha/GSoC/PocketSphinx/an4/model_parameters/an4.cd_cont_untied/variances [4854x1x1 array]
INFO: main.c(576): Reading: /home/xkrajnan/Plocha/GSoC/PocketSphinx/an4/model_architecture/an4.tree_questions
INFO: main.c(619): 180 total simple questions (172 phone; 8 word bndry)
INFO: main.c(621): 42 Left Only questions, and 42 Right Only questions
INFO: dtree.c(1524): Final simple tree
|( WDBNDRY_E 0 7.463e+04 2.993e+03 4.763e+03
|    ( QUESTION2 -1 3.440e+04 6.270e+02 1.620e+03
|        ( SILENCE 1 1.949e+04 5.641e+02 9.175e+02
|            ( - 2.079e+03 1 0)
|            ( QUESTION0_14_R 1 1.797e+04 5.568e+02 8.061e+02
|                ( - 3.133e+03 4 0 QUESTION9 1 2.485e+02 1.149e+02)
|                ( - 1.539e+04 14 0 QUESTION3 1 4.347e+02 6.912e+02)))
|        ( - 1.554e+04 18 0 QUESTION0_15_R 1 4.075e+02 7.028e+02))
|    ( QUESTION2_1_L -1 4.322e+04 1.222e+03 3.143e+03
|        ( - 2.242e+04 2 0 QUESTION0_0_R 1 2.992e+02 1.443e+03)
|        ( WDBNDRY_B 0 2.202e+04 9.759e+02 1.700e+03
|            ( SILENCE -1 1.871e+04 4.730e+02 1.479e+03
|                ( - 1.925e+03 3 0 QUESTION0_0_R 1 2.552e+02 1.861e+02)
|                ( - 1.726e+04 27 0 QUESTION2 -1 4.304e+02 1.292e+03))
|            ( - 4.282e+03 1 0))))
s>    ( WDBNDRY_E 0 7.463e+04 2.993e+03 4.763e+03
s>        ( QUESTION2 -1 3.440e+04 6.270e+02 1.620e+03
s>            ( SILENCE 1 1.949e+04 5.641e+02 9.175e+02
s>                ( - 2.079e+03 1 0)
s>                ( QUESTION0_14_R 1 1.797e+04 5.568e+02 8.061e+02
s>                    ( - 3.133e+03 4 0 QUESTION9 1 2.485e+02 1.149e+02)
s>                    ( - 1.539e+04 14 0 QUESTION3 1 4.347e+02 6.912e+02)))
s>            ( - 1.554e+04 18 0 QUESTION0_15_R 1 4.075e+02 7.028e+02))
s>        ( QUESTION2_1_L -1 4.322e+04 1.222e+03 3.143e+03
s>            ( - 2.242e+04 2 0 QUESTION0_0_R 1 2.992e+02 1.443e+03)
s>            ( WDBNDRY_B 0 2.202e+04 9.759e+02 1.700e+03
s>                ( SILENCE -1 1.871e+04 4.730e+02 1.479e+03
s>                    ( - 1.925e+03 3 0 QUESTION0_0_R 1 2.552e+02 1.861e+02)
s>                    ( - 1.726e+04 27 0 QUESTION2 -1 4.304e+02 1.292e+03))
s>                ( - 4.282e+03 1 0))))INFO: dtree.c(1351): Comp split 0
INFO: dtree.c(1524): Final simple tree
|( QUESTION2_1_L -1 4.322e+04 1.222e+03 3.143e+03
|    ( - 2.242e+04 2 0 QUESTION0_0_R 1 2.992e+02 1.443e+03)
|    ( WDBNDRY_B 0 2.202e+04 9.759e+02 1.700e+03
|        ( SILENCE -1 1.871e+04 4.730e+02 1.479e+03
|            ( - 1.925e+03 3 0 QUESTION0_0_R 1 2.552e+02 1.861e+02)
|            ( QUESTION2 -1 1.726e+04 4.304e+02 1.292e+03
|                ( QUESTION0_0_R 1 5.084e+03 3.563e+02 3.477e+02
|                    ( - 9.551e+02 2 0 QUESTION3 -1 2.190e+02 4.000e+01)
|                    ( QUESTION4 -1 4.485e+03 3.659e+02 3.077e+02
|                        ( - 1.101e+03 1 0)
|                        ( - 3.750e+03 3 0 QUESTION9 -1 2.700e+02 2.347e+02)))
|                ( QUESTION18 -1 1.261e+04 3.619e+02 9.448e+02
|                    ( - 8.691e+02 1 0)
|                    ( - 1.210e+04 20 0 QUESTION2_6_L -1 3.073e+02 8.726e+02))))
|        ( - 4.282e+03 1 0)))
s>    ( QUESTION2_1_L -1 4.322e+04 1.222e+03 3.143e+03
s>        ( - 2.242e+04 2 0 QUESTION0_0_R 1 2.992e+02 1.443e+03)
s>        ( WDBNDRY_B 0 2.202e+04 9.759e+02 1.700e+03
s>            ( SILENCE -1 1.871e+04 4.730e+02 1.479e+03
s>                ( - 1.925e+03 3 0 QUESTION0_0_R 1 2.552e+02 1.861e+02)
s>                ( QUESTION2 -1 1.726e+04 4.304e+02 1.292e+03
s>                    ( QUESTION0_0_R 1 5.084e+03 3.563e+02 3.477e+02
s>                        ( - 9.551e+02 2 0 QUESTION3 -1 2.190e+02 4.000e+01)
s>                        ( QUESTION4 -1 4.485e+03 3.659e+02 3.077e+02
s>                            ( - 1.101e+03 1 0)
s>                            ( - 3.750e+03 3 0 QUESTION9 -1 2.700e+02 2.347e+02)))
s>                    ( QUESTION18 -1 1.261e+04 3.619e+02 9.448e+02
s>                        ( - 8.691e+02 1 0)
s>                        ( - 1.210e+04 20 0 QUESTION2_6_L -1 3.073e+02 8.726e+02))))
s>            ( - 4.282e+03 1 0)))INFO: dtree.c(1524): Final simple tree
|( QUESTION2 -1 3.440e+04 6.270e+02 1.620e+03
|    ( SILENCE 1 1.949e+04 5.641e+02 9.175e+02
|        ( - 2.079e+03 1 0)
|        ( QUESTION0_14_R 1 1.797e+04 5.568e+02 8.061e+02
|            ( - 3.133e+03 4 0 QUESTION9 1 2.485e+02 1.149e+02)
|            ( QUESTION3 1 1.539e+04 4.347e+02 6.912e+02
|                ( - 5.373e+03 3 0 QUESTION6 1 3.138e+02 1.888e+02)
|                ( - 1.046e+04 11 0 QUESTION0_1_R 1 3.904e+02 5.024e+02))))
|    ( QUESTION0_15_R 1 1.554e+04 4.075e+02 7.028e+02
|        ( - 2.206e+03 1 0)
|        ( QUESTION4 1 1.374e+04 3.938e+02 6.214e+02
|            ( QUESTION12 -1 9.773e+02 3.934e+02 2.300e+01
|                ( - 1.979e+02 1 0)
|                ( - 1.173e+03 1 0))
|            ( - 1.316e+04 15 0 QUESTION0 1 3.789e+02 5.984e+02))))
s>    ( QUESTION2 -1 3.440e+04 6.270e+02 1.620e+03
s>        ( SILENCE 1 1.949e+04 5.641e+02 9.175e+02
s>            ( - 2.079e+03 1 0)
s>            ( QUESTION0_14_R 1 1.797e+04 5.568e+02 8.061e+02
s>                ( - 3.133e+03 4 0 QUESTION9 1 2.485e+02 1.149e+02)
s>                ( QUESTION3 1 1.539e+04 4.347e+02 6.912e+02
s>                    ( - 5.373e+03 3 0 QUESTION6 1 3.138e+02 1.888e+02)
s>                    ( - 1.046e+04 11 0 QUESTION0_1_R 1 3.904e+02 5.024e+02))))
s>        ( QUESTION0_15_R 1 1.554e+04 4.075e+02 7.028e+02
s>            ( - 2.206e+03 1 0)
s>            ( QUESTION4 1 1.374e+04 3.938e+02 6.214e+02
s>                ( QUESTION12 -1 9.773e+02 3.934e+02 2.300e+01
s>                    ( - 1.979e+02 1 0)
s>                    ( - 1.173e+03 1 0))
s>                ( - 1.316e+04 15 0 QUESTION0 1 3.789e+02 5.984e+02))))INFO: dtree.c(1351): Comp split 1
INFO: dtree.c(1524): Final simple tree
|( WDBNDRY_B 0 2.202e+04 9.759e+02 1.700e+03
|    ( SILENCE -1 1.871e+04 4.730e+02 1.479e+03
|        ( - 1.925e+03 3 0 QUESTION0_0_R 1 2.552e+02 1.861e+02)
|        ( QUESTION2 -1 1.726e+04 4.304e+02 1.292e+03
|            ( QUESTION0_0_R 1 5.084e+03 3.563e+02 3.477e+02
|                ( - 9.551e+02 2 0 QUESTION3 -1 2.190e+02 4.000e+01)
|                ( QUESTION4 -1 4.485e+03 3.659e+02 3.077e+02
|                    ( - 1.101e+03 1 0)
|                    ( - 3.750e+03 3 0 QUESTION9 -1 2.700e+02 2.347e+02)))
|            ( QUESTION18 -1 1.261e+04 3.619e+02 9.448e+02
|                ( - 8.691e+02 1 0)
|                ( QUESTION2_6_L -1 1.210e+04 3.073e+02 8.726e+02
|                    ( - 1.657e+03 1 0)
|                    ( - 1.075e+04 19 0 QUESTION2_9_L -1 2.993e+02 7.971e+02)))))
|    ( - 4.282e+03 1 0))
s>    ( WDBNDRY_B 0 2.202e+04 9.759e+02 1.700e+03
s>        ( SILENCE -1 1.871e+04 4.730e+02 1.479e+03
s>            ( - 1.925e+03 3 0 QUESTION0_0_R 1 2.552e+02 1.861e+02)
s>            ( QUESTION2 -1 1.726e+04 4.304e+02 1.292e+03
s>                ( QUESTION0_0_R 1 5.084e+03 3.563e+02 3.477e+02
s>                    ( - 9.551e+02 2 0 QUESTION3 -1 2.190e+02 4.000e+01)
s>                    ( QUESTION4 -1 4.485e+03 3.659e+02 3.077e+02
s>                        ( - 1.101e+03 1 0)
s>                        ( - 3.750e+03 3 0 QUESTION9 -1 2.700e+02 2.347e+02)))
s>                ( QUESTION18 -1 1.261e+04 3.619e+02 9.448e+02
s>                    ( - 8.691e+02 1 0)
s>                    ( QUESTION2_6_L -1 1.210e+04 3.073e+02 8.726e+02
s>                        ( - 1.657e+03 1 0)
s>                        ( - 1.075e+04 19 0 QUESTION2_9_L -1 2.993e+02 7.971e+02)))))
s>        ( - 4.282e+03 1 0))INFO: dtree.c(1483): stop. leaf nodes are specific
INFO: dtree.c(1524): Final simple tree
|( QUESTION0_0_R 1 2.242e+04 2.992e+02 1.443e+03
|    ( - 1.673e+04 1 0)
|    ( - 5.991e+03 1 0))
s>    ( QUESTION0_0_R 1 2.242e+04 2.992e+02 1.443e+03
s>        ( - 1.673e+04 1 0)
s>        ( - 5.991e+03 1 0))INFO: dtree.c(1351): Comp split 2
INFO: dtree.c(1524): Final simple tree
|( SILENCE -1 1.871e+04 4.730e+02 1.479e+03
|    ( - 1.925e+03 3 0 QUESTION0_0_R 1 2.552e+02 1.861e+02)
|    ( QUESTION2 -1 1.726e+04 4.304e+02 1.292e+03
|        ( QUESTION0_0_R 1 5.084e+03 3.563e+02 3.477e+02
|            ( - 9.551e+02 2 0 QUESTION3 -1 2.190e+02 4.000e+01)
|            ( QUESTION4 -1 4.485e+03 3.659e+02 3.077e+02
|                ( - 1.101e+03 1 0)
|                ( - 3.750e+03 3 0 QUESTION9 -1 2.700e+02 2.347e+02)))
|        ( QUESTION18 -1 1.261e+04 3.619e+02 9.448e+02
|            ( - 8.691e+02 1 0)
|            ( QUESTION2_6_L -1 1.210e+04 3.073e+02 8.726e+02
|                ( - 1.657e+03 1 0)
|                ( QUESTION2_9_L -1 1.075e+04 2.993e+02 7.971e+02
|                    ( - 4.618e+03 5 0 QUESTION0 -1 2.630e+02 3.033e+02)
|                    ( - 6.431e+03 14 0 QUESTION0_0_R 1 2.455e+02 4.937e+02))))))
s>    ( SILENCE -1 1.871e+04 4.730e+02 1.479e+03
s>        ( - 1.925e+03 3 0 QUESTION0_0_R 1 2.552e+02 1.861e+02)
s>        ( QUESTION2 -1 1.726e+04 4.304e+02 1.292e+03
s>            ( QUESTION0_0_R 1 5.084e+03 3.563e+02 3.477e+02
s>                ( - 9.551e+02 2 0 QUESTION3 -1 2.190e+02 4.000e+01)
s>                ( QUESTION4 -1 4.485e+03 3.659e+02 3.077e+02
s>                    ( - 1.101e+03 1 0)
s>                    ( - 3.750e+03 3 0 QUESTION9 -1 2.700e+02 2.347e+02)))
s>            ( QUESTION18 -1 1.261e+04 3.619e+02 9.448e+02
s>                ( - 8.691e+02 1 0)
s>                ( QUESTION2_6_L -1 1.210e+04 3.073e+02 8.726e+02
s>                    ( - 1.657e+03 1 0)
s>                    ( QUESTION2_9_L -1 1.075e+04 2.993e+02 7.971e+02
s>                        ( - 4.618e+03 5 0 QUESTION0 -1 2.630e+02 3.033e+02)
s>                        ( - 6.431e+03 14 0 QUESTION0_0_R 1 2.455e+02 4.937e+02))))))INFO: dtree.c(1351): Comp split 3
INFO: dtree.c(1524): Final simple tree
|( QUESTION0 1 2.059e+04 4.278e+02 8.886e+02
|    ( QUESTION0_14_R 1 6.307e+03 4.129e+02 2.995e+02
|        ( - 2.206e+03 1 0)
|        ( QUESTION0_0_R 1 4.514e+03 3.378e+02 2.181e+02
|            ( - 2.119e+03 2 0 QUESTION0_1_R 1 2.413e+02 1.139e+02)
|            ( - 2.733e+03 3 0)))
|    ( QUESTION6 1 1.471e+04 3.868e+02 5.891e+02
|        ( - 1.514e+03 3 0 QUESTION0_0_R 1 3.110e+02 7.200e+01)
|        ( QUESTION12 1 1.359e+04 3.851e+02 5.171e+02
|            ( - 1.507e+03 1 0)
|            ( QUESTION2 -1 1.247e+04 3.321e+02 4.601e+02
|                ( - 5.203e+03 2 0 QUESTION0_0_R 1 2.874e+02 1.768e+02)
|                ( QUESTION0_13_R 1 7.595e+03 4.740e+02 2.833e+02
|                    ( - 1.173e+03 1 0)
|                    ( - 6.896e+03 7 0 QUESTION0_4_R 1 3.646e+02 2.633e+02))))))
s>    ( QUESTION0 1 2.059e+04 4.278e+02 8.886e+02
s>        ( QUESTION0_14_R 1 6.307e+03 4.129e+02 2.995e+02
s>            ( - 2.206e+03 1 0)
s>            ( QUESTION0_0_R 1 4.514e+03 3.378e+02 2.181e+02
s>                ( - 2.119e+03 2 0 QUESTION0_1_R 1 2.413e+02 1.139e+02)
s>                ( - 2.733e+03 3 0)))
s>        ( QUESTION6 1 1.471e+04 3.868e+02 5.891e+02
s>            ( - 1.514e+03 3 0 QUESTION0_0_R 1 3.110e+02 7.200e+01)
s>            ( QUESTION12 1 1.359e+04 3.851e+02 5.171e+02
s>                ( - 1.507e+03 1 0)
s>                ( QUESTION2 -1 1.247e+04 3.321e+02 4.601e+02
s>                    ( - 5.203e+03 2 0 QUESTION0_0_R 1 2.874e+02 1.768e+02)
s>                    ( QUESTION0_13_R 1 7.595e+03 4.740e+02 2.833e+02
s>                        ( - 1.173e+03 1 0)
s>                        ( - 6.896e+03 7 0 QUESTION0_4_R 1 3.646e+02 2.633e+02))))))INFO: dtree.c(1524): Final simple tree
|( QUESTION0_14_R 1 1.451e+04 5.583e+02 7.317e+02
|    ( - 3.133e+03 4 0 QUESTION9 1 2.485e+02 1.149e+02)
|    ( SILENCE 1 1.193e+04 5.180e+02 6.168e+02
|        ( - 2.079e+03 1 0)
|        ( QUESTION0_1_R 1 1.037e+04 3.913e+02 5.054e+02
|            ( - 1.934e+03 1 0)
|            ( QUESTION0_7_R 1 8.827e+03 3.537e+02 4.547e+02
|                ( - 2.587e+03 1 0)
|                ( QUESTION0_3_R 1 6.594e+03 3.387e+02 3.290e+02
|                    ( - 1.115e+03 1 0)
|                    ( QUESTION0_8_R 1 5.818e+03 3.497e+02 3.015e+02
|                        ( - 1.048e+03 1 0)
|                        ( QUESTION2 -1 5.120e+03 2.842e+02 2.646e+02
|                            ( - 5.206e+03 7 0 QUESTION14 1 2.772e+02 2.616e+02)
|                            ( - 1.979e+02 1 0))))))))
s>    ( QUESTION0_14_R 1 1.451e+04 5.583e+02 7.317e+02
s>        ( - 3.133e+03 4 0 QUESTION9 1 2.485e+02 1.149e+02)
s>        ( SILENCE 1 1.193e+04 5.180e+02 6.168e+02
s>            ( - 2.079e+03 1 0)
s>            ( QUESTION0_1_R 1 1.037e+04 3.913e+02 5.054e+02
s>                ( - 1.934e+03 1 0)
s>                ( QUESTION0_7_R 1 8.827e+03 3.537e+02 4.547e+02
s>                    ( - 2.587e+03 1 0)
s>                    ( QUESTION0_3_R 1 6.594e+03 3.387e+02 3.290e+02
s>                        ( - 1.115e+03 1 0)
s>                        ( QUESTION0_8_R 1 5.818e+03 3.497e+02 3.015e+02
s>                            ( - 1.048e+03 1 0)
s>                            ( QUESTION2 -1 5.120e+03 2.842e+02 2.646e+02
s>                                ( - 5.206e+03 7 0 QUESTION14 1 2.772e+02 2.616e+02)
s>                                ( - 1.979e+02 1 0))))))))INFO: dtree.c(1351): Comp split 4
INFO: dtree.c(1524): Final simple tree
|( SILENCE 1 9.679e+03 4.562e+02 5.386e+02
|    ( - 2.079e+03 1 0)
|    ( QUESTION0_8_R 1 8.056e+03 3.666e+02 4.273e+02
|        ( - 1.048e+03 1 0)
|        ( QUESTION0_7_R 1 7.375e+03 3.318e+02 3.903e+02
|            ( - 2.587e+03 1 0)
|            ( QUESTION2 -1 5.120e+03 2.842e+02 2.646e+02
|                ( QUESTION14 1 5.206e+03 2.772e+02 2.616e+02
|                    ( - 1.270e+03 2 0)
|                    ( QUESTION0 1 4.213e+03 2.905e+02 2.146e+02
|                        ( - 3.014e+03 3 0)
|                        ( QUESTION0_0_R 1 1.489e+03 1.765e+02 7.809e+01
|                            ( - 4.199e+02 1 0)
|                            ( - 1.246e+03 1 0))))
|                ( - 1.979e+02 1 0)))))
s>    ( SILENCE 1 9.679e+03 4.562e+02 5.386e+02
s>        ( - 2.079e+03 1 0)
s>        ( QUESTION0_8_R 1 8.056e+03 3.666e+02 4.273e+02
s>            ( - 1.048e+03 1 0)
s>            ( QUESTION0_7_R 1 7.375e+03 3.318e+02 3.903e+02
s>                ( - 2.587e+03 1 0)
s>                ( QUESTION2 -1 5.120e+03 2.842e+02 2.646e+02
s>                    ( QUESTION14 1 5.206e+03 2.772e+02 2.616e+02
s>                        ( - 1.270e+03 2 0)
s>                        ( QUESTION0 1 4.213e+03 2.905e+02 2.146e+02
s>                            ( - 3.014e+03 3 0)
s>                            ( QUESTION0_0_R 1 1.489e+03 1.765e+02 7.809e+01
s>                                ( - 4.199e+02 1 0)
s>                                ( - 1.246e+03 1 0))))
s>                    ( - 1.979e+02 1 0)))))INFO: dtree.c(1483): stop. leaf nodes are specific
INFO: dtree.c(1524): Final simple tree
|( QUESTION0_1_R 1 5.526e+03 3.972e+02 1.930e+02
|    ( - 1.934e+03 1 0)
|    ( QUESTION9 1 3.989e+03 2.598e+02 1.424e+02
|        ( - 5.740e+02 1 0)
|        ( QUESTION0_0_R 1 3.675e+03 2.472e+02 1.284e+02
|            ( - 1.115e+03 1 0)
|            ( QUESTION0_15_R 1 2.807e+03 1.751e+02 1.009e+02
|                ( - 1.898e+03 2 0)
|                ( - 1.084e+03 1 0)))))
s>    ( QUESTION0_1_R 1 5.526e+03 3.972e+02 1.930e+02
s>        ( - 1.934e+03 1 0)
s>        ( QUESTION9 1 3.989e+03 2.598e+02 1.424e+02
s>            ( - 5.740e+02 1 0)
s>            ( QUESTION0_0_R 1 3.675e+03 2.472e+02 1.284e+02
s>                ( - 1.115e+03 1 0)
s>                ( QUESTION0_15_R 1 2.807e+03 1.751e+02 1.009e+02
s>                    ( - 1.898e+03 2 0)
s>                    ( - 1.084e+03 1 0)))))INFO: dtree.c(1351): Comp split 5
INFO: dtree.c(1524): Final simple tree
|( QUESTION18 -1 1.602e+04 3.870e+02 1.179e+03
|    ( - 8.691e+02 1 0)
|    ( QUESTION10 -1 1.554e+04 3.555e+02 1.107e+03
|        ( - 2.554e+03 1 0)
|        ( QUESTION2_6_L -1 1.334e+04 3.038e+02 9.529e+02
|            ( - 1.657e+03 1 0)
|            ( QUESTION2_9_L -1 1.198e+04 2.976e+02 8.773e+02
|                ( QUESTION11 -1 5.850e+03 2.604e+02 3.836e+02
|                    ( - 3.740e+02 1 0)
|                    ( - 5.736e+03 6 0 QUESTION8 -1 2.391e+02 3.786e+02))
|                ( QUESTION0_0_R 1 6.431e+03 2.455e+02 4.937e+02
|                    ( QUESTION2_0_L -1 2.961e+03 2.617e+02 1.726e+02
|                        ( - 6.268e+02 1 0)
|                        ( - 2.596e+03 6 0 QUESTION0 -1 2.436e+02 1.458e+02))
|                    ( - 3.715e+03 7 0 QUESTION0 -1 1.806e+02 3.211e+02))))))
s>    ( QUESTION18 -1 1.602e+04 3.870e+02 1.179e+03
s>        ( - 8.691e+02 1 0)
s>        ( QUESTION10 -1 1.554e+04 3.555e+02 1.107e+03
s>            ( - 2.554e+03 1 0)
s>            ( QUESTION2_6_L -1 1.334e+04 3.038e+02 9.529e+02
s>                ( - 1.657e+03 1 0)
s>                ( QUESTION2_9_L -1 1.198e+04 2.976e+02 8.773e+02
s>                    ( QUESTION11 -1 5.850e+03 2.604e+02 3.836e+02
s>                        ( - 3.740e+02 1 0)
s>                        ( - 5.736e+03 6 0 QUESTION8 -1 2.391e+02 3.786e+02))
s>                    ( QUESTION0_0_R 1 6.431e+03 2.455e+02 4.937e+02
s>                        ( QUESTION2_0_L -1 2.961e+03 2.617e+02 1.726e+02
s>                            ( - 6.268e+02 1 0)
s>                            ( - 2.596e+03 6 0 QUESTION0 -1 2.436e+02 1.458e+02))
s>                        ( - 3.715e+03 7 0 QUESTION0 -1 1.806e+02 3.211e+02))))))INFO: dtree.c(1483): stop. leaf nodes are specific
INFO: dtree.c(1524): Final simple tree
|( SILENCE -1 3.332e+03 3.231e+02 2.991e+02
|    ( QUESTION0_0_R 1 1.925e+03 2.552e+02 1.861e+02
|        ( QUESTION0_3_R 1 1.066e+03 2.491e+02 1.095e+02
|            ( - 1.089e+03 1 0)
|            ( - 2.261e+02 1 0))
|        ( - 1.115e+03 1 0))
|    ( QUESTION0_0_R 1 1.731e+03 3.253e+02 1.131e+02
|        ( QUESTION3 -1 9.551e+02 2.190e+02 4.000e+01
|            ( - 3.661e+02 1 0)
|            ( - 8.080e+02 1 0))
|        ( - 1.101e+03 1 0)))
s>    ( SILENCE -1 3.332e+03 3.231e+02 2.991e+02
s>        ( QUESTION0_0_R 1 1.925e+03 2.552e+02 1.861e+02
s>            ( QUESTION0_3_R 1 1.066e+03 2.491e+02 1.095e+02
s>                ( - 1.089e+03 1 0)
s>                ( - 2.261e+02 1 0))
s>            ( - 1.115e+03 1 0))
s>        ( QUESTION0_0_R 1 1.731e+03 3.253e+02 1.131e+02
s>            ( QUESTION3 -1 9.551e+02 2.190e+02 4.000e+01
s>                ( - 3.661e+02 1 0)
s>                ( - 8.080e+02 1 0))
s>            ( - 1.101e+03 1 0)))INFO: dtree.c(1351): Comp split 6
INFO: dtree.c(1524): Final simple tree
|( QUESTION2 -1 1.492e+04 3.701e+02 5.643e+02
|    ( QUESTION0_0_R 1 5.203e+03 2.874e+02 1.768e+02
|        ( - 2.321e+03 1 0)
|        ( - 3.169e+03 1 0))
|    ( QUESTION4 1 1.009e+04 4.676e+02 3.875e+02
|        ( - 1.173e+03 1 0)
|        ( QUESTION0_4_R 1 9.385e+03 4.053e+02 3.675e+02
|            ( QUESTION0_11_R 1 5.012e+03 3.039e+02 1.674e+02
|                ( QUESTION3 1 2.301e+03 2.613e+02 7.247e+01
|                    ( - 1.198e+03 1 0)
|                    ( - 1.365e+03 1 0))
|                ( - 3.015e+03 2 0 QUESTION0_5_R 1 2.434e+02 9.491e+01))
|            ( QUESTION10 1 4.778e+03 3.181e+02 2.001e+02
|                ( - 1.153e+03 1 0)
|                ( - 3.942e+03 5 0 QUESTION0_0_R 1 2.490e+02 1.642e+02)))))
s>    ( QUESTION2 -1 1.492e+04 3.701e+02 5.643e+02
s>        ( QUESTION0_0_R 1 5.203e+03 2.874e+02 1.768e+02
s>            ( - 2.321e+03 1 0)
s>            ( - 3.169e+03 1 0))
s>        ( QUESTION4 1 1.009e+04 4.676e+02 3.875e+02
s>            ( - 1.173e+03 1 0)
s>            ( QUESTION0_4_R 1 9.385e+03 4.053e+02 3.675e+02
s>                ( QUESTION0_11_R 1 5.012e+03 3.039e+02 1.674e+02
s>                    ( QUESTION3 1 2.301e+03 2.613e+02 7.247e+01
s>                        ( - 1.198e+03 1 0)
s>                        ( - 1.365e+03 1 0))
s>                    ( - 3.015e+03 2 0 QUESTION0_5_R 1 2.434e+02 9.491e+01))
s>                ( QUESTION10 1 4.778e+03 3.181e+02 2.001e+02
s>                    ( - 1.153e+03 1 0)
s>                    ( - 3.942e+03 5 0 QUESTION0_0_R 1 2.490e+02 1.642e+02)))))INFO: dtree.c(1483): stop. leaf nodes are specific
INFO: dtree.c(1524): Final simple tree
|( QUESTION0_0_R 1 6.284e+03 4.508e+02 3.243e+02
|    ( QUESTION0_1_R 1 2.236e+03 2.510e+02 1.279e+02
|        ( - 1.348e+03 1 0)
|        ( QUESTION0_5_R 1 1.140e+03 2.225e+02 6.125e+01
|            ( - 1.012e+03 1 0)
|            ( - 3.498e+02 1 0)))
|    ( QUESTION0_13_R 1 4.499e+03 3.918e+02 1.964e+02
|        ( QUESTION2 1 2.684e+03 2.978e+02 1.150e+02
|            ( QUESTION2 -1 1.475e+03 2.787e+02 5.800e+01
|                ( - 4.841e+02 1 0)
|                ( - 1.270e+03 1 0))
|            ( - 1.507e+03 1 0))
|        ( - 2.206e+03 1 0)))
s>    ( QUESTION0_0_R 1 6.284e+03 4.508e+02 3.243e+02
s>        ( QUESTION0_1_R 1 2.236e+03 2.510e+02 1.279e+02
s>            ( - 1.348e+03 1 0)
s>            ( QUESTION0_5_R 1 1.140e+03 2.225e+02 6.125e+01
s>                ( - 1.012e+03 1 0)
s>                ( - 3.498e+02 1 0)))
s>        ( QUESTION0_13_R 1 4.499e+03 3.918e+02 1.964e+02
s>            ( QUESTION2 1 2.684e+03 2.978e+02 1.150e+02
s>                ( QUESTION2 -1 1.475e+03 2.787e+02 5.800e+01
s>                    ( - 4.841e+02 1 0)
s>                    ( - 1.270e+03 1 0))
s>                ( - 1.507e+03 1 0))
s>            ( - 2.206e+03 1 0)))INFO: dtree.c(1351): Comp split 7
INFO: dtree.c(1483): stop. leaf nodes are specific
INFO: dtree.c(1524): Final simple tree
|( QUESTION0_7_R 1 6.381e+03 3.368e+02 3.433e+02
|    ( - 2.587e+03 1 0)
|    ( QUESTION11 1 4.131e+03 2.926e+02 2.176e+02
|        ( QUESTION0_0_R 1 1.489e+03 1.765e+02 7.809e+01
|            ( - 4.199e+02 1 0)
|            ( - 1.246e+03 1 0))
|        ( QUESTION0 1 2.935e+03 2.778e+02 1.395e+02
|            ( - 3.014e+03 3 0)
|            ( - 1.979e+02 1 0))))
s>    ( QUESTION0_7_R 1 6.381e+03 3.368e+02 3.433e+02
s>        ( - 2.587e+03 1 0)
s>        ( QUESTION11 1 4.131e+03 2.926e+02 2.176e+02
s>            ( QUESTION0_0_R 1 1.489e+03 1.765e+02 7.809e+01
s>                ( - 4.199e+02 1 0)
s>                ( - 1.246e+03 1 0))
s>            ( QUESTION0 1 2.935e+03 2.778e+02 1.395e+02
s>                ( - 3.014e+03 3 0)
s>                ( - 1.979e+02 1 0))))INFO: dtree.c(1483): stop. leaf nodes are specific
INFO: dtree.c(1524): Final simple tree
|( QUESTION0_0_R 1 3.798e+03 3.301e+02 1.953e+02
|    ( - 1.048e+03 1 0)
|    ( SILENCE 1 3.080e+03 2.688e+02 1.583e+02
|        ( - 2.079e+03 1 0)
|        ( - 1.270e+03 2 0)))
s>    ( QUESTION0_0_R 1 3.798e+03 3.301e+02 1.953e+02
s>        ( - 1.048e+03 1 0)
s>        ( SILENCE 1 3.080e+03 2.688e+02 1.583e+02
s>            ( - 2.079e+03 1 0)
s>            ( - 1.270e+03 2 0)))INFO: dtree.c(1351): Comp split 8
INFO: dtree.c(1483): stop. leaf nodes are specific
INFO: dtree.c(1524): Final simple tree
|( QUESTION8 1 7.947e+03 3.031e+02 2.655e+02
|    ( - 1.365e+03 1 0)
|    ( QUESTION0_11_R 1 6.886e+03 2.504e+02 2.260e+02
|        ( - 1.198e+03 1 0)
|        ( QUESTION0_8_R 1 5.938e+03 2.972e+02 1.930e+02
|            ( - 1.094e+03 1 0)
|            ( QUESTION0_0_R 1 5.142e+03 1.918e+02 1.591e+02
|                ( - 2.164e+03 1 0)
|                ( - 3.169e+03 1 0)))))
s>    ( QUESTION8 1 7.947e+03 3.031e+02 2.655e+02
s>        ( - 1.365e+03 1 0)
s>        ( QUESTION0_11_R 1 6.886e+03 2.504e+02 2.260e+02
s>            ( - 1.198e+03 1 0)
s>            ( QUESTION0_8_R 1 5.938e+03 2.972e+02 1.930e+02
s>                ( - 1.094e+03 1 0)
s>                ( QUESTION0_0_R 1 5.142e+03 1.918e+02 1.591e+02
s>                    ( - 2.164e+03 1 0)
s>                    ( - 3.169e+03 1 0)))))INFO: dtree.c(1483): stop. leaf nodes are specific
INFO: dtree.c(1524): Final simple tree
|( QUESTION4 1 7.475e+03 4.492e+02 2.988e+02
|    ( - 1.173e+03 1 0)
|    ( QUESTION0_4_R 1 6.752e+03 3.468e+02 2.788e+02
|        ( - 2.321e+03 1 0)
|        ( QUESTION10 1 4.778e+03 3.181e+02 2.001e+02
|            ( - 1.153e+03 1 0)
|            ( QUESTION0_0_R 1 3.942e+03 2.490e+02 1.642e+02
|                ( - 8.486e+02 1 0)
|                ( QUESTION0_13_R 1 3.343e+03 2.143e+02 1.282e+02
|                    ( - 2.733e+03 3 0)
|                    ( - 8.245e+02 1 0))))))
s>    ( QUESTION4 1 7.475e+03 4.492e+02 2.988e+02
s>        ( - 1.173e+03 1 0)
s>        ( QUESTION0_4_R 1 6.752e+03 3.468e+02 2.788e+02
s>            ( - 2.321e+03 1 0)
s>            ( QUESTION10 1 4.778e+03 3.181e+02 2.001e+02
s>                ( - 1.153e+03 1 0)
s>                ( QUESTION0_0_R 1 3.942e+03 2.490e+02 1.642e+02
s>                    ( - 8.486e+02 1 0)
s>                    ( QUESTION0_13_R 1 3.343e+03 2.143e+02 1.282e+02
s>                        ( - 2.733e+03 3 0)
s>                        ( - 8.245e+02 1 0))))))INFO: dtree.c(1351): Comp split 9
INFO: dtree.c(1483): stop. leaf nodes are specific
INFO: dtree.c(1524): Final simple tree
|( QUESTION0_1_R 1 2.236e+03 2.510e+02 1.279e+02
|    ( - 1.348e+03 1 0)
|    ( QUESTION0_5_R 1 1.140e+03 2.225e+02 6.125e+01
|        ( - 1.012e+03 1 0)
|        ( - 3.498e+02 1 0)))
s>    ( QUESTION0_1_R 1 2.236e+03 2.510e+02 1.279e+02
s>        ( - 1.348e+03 1 0)
s>        ( QUESTION0_5_R 1 1.140e+03 2.225e+02 6.125e+01
s>            ( - 1.012e+03 1 0)
s>            ( - 3.498e+02 1 0)))INFO: dtree.c(1483): stop. leaf nodes are specific
INFO: dtree.c(1524): Final simple tree
|( QUESTION0_13_R 1 4.499e+03 3.918e+02 1.964e+02
|    ( QUESTION2 1 2.684e+03 2.978e+02 1.150e+02
|        ( QUESTION2 -1 1.475e+03 2.787e+02 5.800e+01
|            ( - 4.841e+02 1 0)
|            ( - 1.270e+03 1 0))
|        ( - 1.507e+03 1 0))
|    ( - 2.206e+03 1 0))
s>    ( QUESTION0_13_R 1 4.499e+03 3.918e+02 1.964e+02
s>        ( QUESTION2 1 2.684e+03 2.978e+02 1.150e+02
s>            ( QUESTION2 -1 1.475e+03 2.787e+02 5.800e+01
s>                ( - 4.841e+02 1 0)
s>                ( - 1.270e+03 1 0))
s>            ( - 1.507e+03 1 0))
s>        ( - 2.206e+03 1 0))INFO: dtree.c(1351): Comp split 10
INFO: dtree.c(1483): stop. leaf nodes are specific
INFO: dtree.c(1524): Final simple tree
|( QUESTION0_4_R 1 6.752e+03 3.468e+02 2.788e+02
|    ( - 2.321e+03 1 0)
|    ( QUESTION10 1 4.778e+03 3.181e+02 2.001e+02
|        ( - 1.153e+03 1 0)
|        ( QUESTION0_0_R 1 3.942e+03 2.490e+02 1.642e+02
|            ( - 8.486e+02 1 0)
|            ( QUESTION0_13_R 1 3.343e+03 2.143e+02 1.282e+02
|                ( - 2.733e+03 3 0)
|                ( - 8.245e+02 1 0)))))
s>    ( QUESTION0_4_R 1 6.752e+03 3.468e+02 2.788e+02
s>        ( - 2.321e+03 1 0)
s>        ( QUESTION10 1 4.778e+03 3.181e+02 2.001e+02
s>            ( - 1.153e+03 1 0)
s>            ( QUESTION0_0_R 1 3.942e+03 2.490e+02 1.642e+02
s>                ( - 8.486e+02 1 0)
s>                ( QUESTION0_13_R 1 3.343e+03 2.143e+02 1.282e+02
s>                    ( - 2.733e+03 3 0)
s>                    ( - 8.245e+02 1 0)))))INFO: dtree.c(1351): Comp split 11
INFO: dtree.c(1483): stop. leaf nodes are specific
INFO: dtree.c(1524): Final simple tree
|( QUESTION0_0_R 1 2.947e+03 2.347e+02 1.812e+02
|    ( - 6.268e+02 1 0)
|    ( - 2.554e+03 1 0))
s>    ( QUESTION0_0_R 1 2.947e+03 2.347e+02 1.812e+02
s>        ( - 6.268e+02 1 0)
s>        ( - 2.554e+03 1 0))INFO: dtree.c(1524): Final simple tree
|( QUESTION18 -1 1.349e+04 3.668e+02 9.982e+02
|    ( - 8.691e+02 1 0)
|    ( QUESTION2_14_L -1 1.298e+04 3.066e+02 9.261e+02
|        ( QUESTION0_0_R 1 5.912e+03 2.494e+02 4.559e+02
|            ( QUESTION0 -1 2.596e+03 2.436e+02 1.458e+02
|                ( - 2.269e+03 4 0)
|                ( - 5.711e+02 2 0 QUESTION2_17_L -1 2.709e+02 2.600e+01))
|            ( - 3.565e+03 6 0 QUESTION0 -1 1.830e+02 3.101e+02))
|        ( QUESTION11 -1 7.378e+03 3.049e+02 4.702e+02
|            ( QUESTION12 -1 1.776e+03 2.544e+02 8.058e+01
|                ( - 1.657e+03 1 0)
|                ( - 3.740e+02 1 0))
|            ( QUESTION8 -1 5.906e+03 2.443e+02 3.896e+02
|                ( - 1.197e+03 1 0)
|                ( - 4.954e+03 6 0 QUESTION0_0_R 1 1.892e+02 3.315e+02)))))
s>    ( QUESTION18 -1 1.349e+04 3.668e+02 9.982e+02
s>        ( - 8.691e+02 1 0)
s>        ( QUESTION2_14_L -1 1.298e+04 3.066e+02 9.261e+02
s>            ( QUESTION0_0_R 1 5.912e+03 2.494e+02 4.559e+02
s>                ( QUESTION0 -1 2.596e+03 2.436e+02 1.458e+02
s>                    ( - 2.269e+03 4 0)
s>                    ( - 5.711e+02 2 0 QUESTION2_17_L -1 2.709e+02 2.600e+01))
s>                ( - 3.565e+03 6 0 QUESTION0 -1 1.830e+02 3.101e+02))
s>            ( QUESTION11 -1 7.378e+03 3.049e+02 4.702e+02
s>                ( QUESTION12 -1 1.776e+03 2.544e+02 8.058e+01
s>                    ( - 1.657e+03 1 0)
s>                    ( - 3.740e+02 1 0))
s>                ( QUESTION8 -1 5.906e+03 2.443e+02 3.896e+02
s>                    ( - 1.197e+03 1 0)
s>                    ( - 4.954e+03 6 0 QUESTION0_0_R 1 1.892e+02 3.315e+02)))))INFO: dtree.c(1351): Comp split 12
INFO: dtree.c(1483): stop. leaf nodes are specific
INFO: dtree.c(1524): Final simple tree
|( QUESTION9 1 3.989e+03 2.598e+02 1.424e+02
|    ( - 5.740e+02 1 0)
|    ( QUESTION0_0_R 1 3.675e+03 2.472e+02 1.284e+02
|        ( - 1.115e+03 1 0)
|        ( QUESTION0_15_R 1 2.807e+03 1.751e+02 1.009e+02
|            ( - 1.898e+03 2 0)
|            ( - 1.084e+03 1 0))))
s>    ( QUESTION9 1 3.989e+03 2.598e+02 1.424e+02
s>        ( - 5.740e+02 1 0)
s>        ( QUESTION0_0_R 1 3.675e+03 2.472e+02 1.284e+02
s>            ( - 1.115e+03 1 0)
s>            ( QUESTION0_15_R 1 2.807e+03 1.751e+02 1.009e+02
s>                ( - 1.898e+03 2 0)
s>                ( - 1.084e+03 1 0))))INFO: dtree.c(1351): Comp split 13
INFO: dtree.c(1483): stop. leaf nodes are specific
INFO: dtree.c(1524): Final simple tree
|( QUESTION2 1 2.684e+03 2.978e+02 1.150e+02
|    ( QUESTION2 -1 1.475e+03 2.787e+02 5.800e+01
|        ( - 4.841e+02 1 0)
|        ( - 1.270e+03 1 0))
|    ( - 1.507e+03 1 0))
s>    ( QUESTION2 1 2.684e+03 2.978e+02 1.150e+02
s>        ( QUESTION2 -1 1.475e+03 2.787e+02 5.800e+01
s>            ( - 4.841e+02 1 0)
s>            ( - 1.270e+03 1 0))
s>        ( - 1.507e+03 1 0))INFO: dtree.c(1351): Comp split 14
INFO: dtree.c(1483): stop. leaf nodes are specific
INFO: dtree.c(1524): Final simple tree
|( QUESTION0_0_R 1 2.857e+03 2.809e+02 1.919e+02
|    ( - 2.269e+03 4 0)
|    ( - 8.691e+02 1 0))
s>    ( QUESTION0_0_R 1 2.857e+03 2.809e+02 1.919e+02
s>        ( - 2.269e+03 4 0)
s>        ( - 8.691e+02 1 0))INFO: dtree.c(1524): Final simple tree
|( QUESTION0_0_R 1 1.101e+04 3.048e+02 8.063e+02
|    ( QUESTION2_17_L -1 3.253e+03 2.955e+02 1.844e+02
|        ( - 5.826e+02 1 0)
|        ( QUESTION15 -1 2.966e+03 2.567e+02 1.654e+02
|            ( - 3.740e+02 1 0)
|            ( QUESTION2_0_L -1 2.849e+03 2.163e+02 1.604e+02
|                ( - 1.657e+03 1 0)
|                ( QUESTION0 -1 1.408e+03 1.850e+02 8.478e+01
|                    ( - 1.334e+03 2 0)
|                    ( - 2.594e+02 1 0)))))
|    ( QUESTION2_14_L -1 8.060e+03 2.762e+02 6.219e+02
|        ( - 3.565e+03 6 0 QUESTION0 -1 1.830e+02 3.101e+02)
|        ( QUESTION8 -1 4.772e+03 2.343e+02 3.118e+02
|            ( - 1.197e+03 1 0)
|            ( - 3.809e+03 4 0 QUESTION0 -1 1.817e+02 2.537e+02))))
s>    ( QUESTION0_0_R 1 1.101e+04 3.048e+02 8.063e+02
s>        ( QUESTION2_17_L -1 3.253e+03 2.955e+02 1.844e+02
s>            ( - 5.826e+02 1 0)
s>            ( QUESTION15 -1 2.966e+03 2.567e+02 1.654e+02
s>                ( - 3.740e+02 1 0)
s>                ( QUESTION2_0_L -1 2.849e+03 2.163e+02 1.604e+02
s>                    ( - 1.657e+03 1 0)
s>                    ( QUESTION0 -1 1.408e+03 1.850e+02 8.478e+01
s>                        ( - 1.334e+03 2 0)
s>                        ( - 2.594e+02 1 0)))))
s>        ( QUESTION2_14_L -1 8.060e+03 2.762e+02 6.219e+02
s>            ( - 3.565e+03 6 0 QUESTION0 -1 1.830e+02 3.101e+02)
s>            ( QUESTION8 -1 4.772e+03 2.343e+02 3.118e+02
s>                ( - 1.197e+03 1 0)
s>                ( - 3.809e+03 4 0 QUESTION0 -1 1.817e+02 2.537e+02))))INFO: dtree.c(1351): Comp split 15
INFO: dtree.c(1483): stop. leaf nodes are specific
INFO: dtree.c(1524): Final simple tree
|( QUESTION0_4_R 1 2.057e+03 2.497e+02 1.981e+02
|    ( - 2.261e+02 1 0)
|    ( QUESTION0_0_R 1 2.081e+03 2.381e+02 1.971e+02
|        ( SILENCE -1 1.204e+03 2.502e+02 1.205e+02
|            ( - 1.089e+03 1 0)
|            ( - 3.661e+02 1 0))
|        ( - 1.115e+03 1 0)))
s>    ( QUESTION0_4_R 1 2.057e+03 2.497e+02 1.981e+02
s>        ( - 2.261e+02 1 0)
s>        ( QUESTION0_0_R 1 2.081e+03 2.381e+02 1.971e+02
s>            ( SILENCE -1 1.204e+03 2.502e+02 1.205e+02
s>                ( - 1.089e+03 1 0)
s>                ( - 3.661e+02 1 0))
s>            ( - 1.115e+03 1 0)))INFO: dtree.c(1483): stop. leaf nodes are specific
INFO: dtree.c(1524): Final simple tree
|( QUESTION0_0_R 1 1.642e+03 2.668e+02 1.011e+02
|    ( - 8.080e+02 1 0)
|    ( - 1.101e+03 1 0))
s>    ( QUESTION0_0_R 1 1.642e+03 2.668e+02 1.011e+02
s>        ( - 8.080e+02 1 0)
s>        ( - 1.101e+03 1 0))INFO: dtree.c(1351): Comp split 16
INFO: dtree.c(1483): stop. leaf nodes are specific
INFO: dtree.c(1524): Final simple tree
|( QUESTION10 1 4.778e+03 3.181e+02 2.001e+02
|    ( - 1.153e+03 1 0)
|    ( QUESTION0_0_R 1 3.942e+03 2.490e+02 1.642e+02
|        ( - 8.486e+02 1 0)
|        ( QUESTION0_13_R 1 3.343e+03 2.143e+02 1.282e+02
|            ( - 2.733e+03 3 0)
|            ( - 8.245e+02 1 0))))
s>    ( QUESTION10 1 4.778e+03 3.181e+02 2.001e+02
s>        ( - 1.153e+03 1 0)
s>        ( QUESTION0_0_R 1 3.942e+03 2.490e+02 1.642e+02
s>            ( - 8.486e+02 1 0)
s>            ( QUESTION0_13_R 1 3.343e+03 2.143e+02 1.282e+02
s>                ( - 2.733e+03 3 0)
s>                ( - 8.245e+02 1 0))))INFO: dtree.c(1351): Comp split 17
INFO: dtree.c(1483): stop. leaf nodes are specific
INFO: dtree.c(1524): Final simple tree
|( QUESTION11 -1 5.248e+03 2.889e+02 3.505e+02
|    ( - 5.826e+02 1 0)
|    ( QUESTION0_0_R 1 4.954e+03 1.892e+02 3.315e+02
|        ( - 1.334e+03 2 0)
|        ( QUESTION0 -1 3.809e+03 1.817e+02 2.537e+02
|            ( QUESTION2_0_L -1 3.545e+03 1.490e+02 2.316e+02
|                ( - 3.247e+02 1 0)
|                ( - 3.370e+03 2 0))
|            ( - 4.456e+02 1 0))))
s>    ( QUESTION11 -1 5.248e+03 2.889e+02 3.505e+02
s>        ( - 5.826e+02 1 0)
s>        ( QUESTION0_0_R 1 4.954e+03 1.892e+02 3.315e+02
s>            ( - 1.334e+03 2 0)
s>            ( QUESTION0 -1 3.809e+03 1.817e+02 2.537e+02
s>                ( QUESTION2_0_L -1 3.545e+03 1.490e+02 2.316e+02
s>                    ( - 3.247e+02 1 0)
s>                    ( - 3.370e+03 2 0))
s>                ( - 4.456e+02 1 0))))INFO: dtree.c(1483): stop. leaf nodes are specific
INFO: dtree.c(1524): Final simple tree
|( QUESTION2_14_L -1 6.107e+03 2.904e+02 4.558e+02
|    ( QUESTION0_0_R 1 3.656e+03 1.689e+02 3.171e+02
|        ( - 2.594e+02 1 0)
|        ( QUESTION0 -1 3.565e+03 1.830e+02 3.101e+02
|            ( - 2.877e+03 4 0)
|            ( QUESTION2_17_L -1 8.712e+02 2.656e+02 6.972e+01
|                ( - 3.647e+02 1 0)
|                ( - 7.721e+02 1 0))))
|    ( QUESTION15 -1 2.742e+03 2.511e+02 1.387e+02
|        ( - 3.740e+02 1 0)
|        ( QUESTION0_0_R 1 2.619e+03 2.349e+02 1.337e+02
|            ( - 1.657e+03 1 0)
|            ( - 1.197e+03 1 0))))
s>    ( QUESTION2_14_L -1 6.107e+03 2.904e+02 4.558e+02
s>        ( QUESTION0_0_R 1 3.656e+03 1.689e+02 3.171e+02
s>            ( - 2.594e+02 1 0)
s>            ( QUESTION0 -1 3.565e+03 1.830e+02 3.101e+02
s>                ( - 2.877e+03 4 0)
s>                ( QUESTION2_17_L -1 8.712e+02 2.656e+02 6.972e+01
s>                    ( - 3.647e+02 1 0)
s>                    ( - 7.721e+02 1 0))))
s>        ( QUESTION15 -1 2.742e+03 2.511e+02 1.387e+02
s>            ( - 3.740e+02 1 0)
s>            ( QUESTION0_0_R 1 2.619e+03 2.349e+02 1.337e+02
s>                ( - 1.657e+03 1 0)
s>                ( - 1.197e+03 1 0))))INFO: dtree.c(1351): Comp split 18
INFO: dtree.c(1483): stop. leaf nodes are specific
INFO: dtree.c(1524): Final simple tree
|( QUESTION0_0_R 1 2.509e+03 2.753e+02 1.287e+02
|    ( - 2.587e+03 1 0)
|    ( - 1.979e+02 1 0))
s>    ( QUESTION0_0_R 1 2.509e+03 2.753e+02 1.287e+02
s>        ( - 2.587e+03 1 0)
s>        ( - 1.979e+02 1 0))INFO: dtree.c(1483): stop. leaf nodes are specific
INFO: dtree.c(1524): Final simple tree
|( QUESTION0 1 4.213e+03 2.905e+02 2.146e+02
|    ( - 3.014e+03 3 0)
|    ( QUESTION0_0_R 1 1.489e+03 1.765e+02 7.809e+01
|        ( - 4.199e+02 1 0)
|        ( - 1.246e+03 1 0)))
s>    ( QUESTION0 1 4.213e+03 2.905e+02 2.146e+02
s>        ( - 3.014e+03 3 0)
s>        ( QUESTION0_0_R 1 1.489e+03 1.765e+02 7.809e+01
s>            ( - 4.199e+02 1 0)
s>            ( - 1.246e+03 1 0)))INFO: dtree.c(1351): Comp split 19
INFO: dtree.c(1483): stop. leaf nodes are specific
INFO: dtree.c(1524): Final simple tree
|( SILENCE 1 3.080e+03 2.688e+02 1.583e+02
|    ( - 2.079e+03 1 0)
|    ( - 1.270e+03 2 0))
s>    ( SILENCE 1 3.080e+03 2.688e+02 1.583e+02
s>        ( - 2.079e+03 1 0)
s>        ( - 1.270e+03 2 0))INFO: dtree.c(1351): Comp split 20
INFO: dtree.c(1483): stop. leaf nodes are specific
INFO: dtree.c(1524): Final simple tree
|( QUESTION0_0_R 1 3.942e+03 2.490e+02 1.642e+02
|    ( - 8.486e+02 1 0)
|    ( QUESTION0_13_R 1 3.343e+03 2.143e+02 1.282e+02
|        ( - 2.733e+03 3 0)
|        ( - 8.245e+02 1 0)))
s>    ( QUESTION0_0_R 1 3.942e+03 2.490e+02 1.642e+02
s>        ( - 8.486e+02 1 0)
s>        ( QUESTION0_13_R 1 3.343e+03 2.143e+02 1.282e+02
s>            ( - 2.733e+03 3 0)
s>            ( - 8.245e+02 1 0)))INFO: dtree.c(1351): Comp split 21
INFO: dtree.c(1483): stop. leaf nodes are specific
INFO: dtree.c(1524): Final simple tree
|( QUESTION2_0_L -1 6.057e+03 2.874e+02 4.468e+02
|    ( - 1.657e+03 1 0)
|    ( QUESTION15 -1 4.687e+03 2.595e+02 3.713e+02
|        ( - 3.740e+02 1 0)
|        ( QUESTION2 -1 4.572e+03 2.256e+02 3.663e+02
|            ( - 1.197e+03 1 0)
|            ( QUESTION0_0_R 1 3.601e+03 1.655e+02 3.081e+02
|                ( - 2.594e+02 1 0)
|                ( QUESTION0 -1 3.508e+03 1.414e+02 3.011e+02
|                    ( - 2.877e+03 4 0)
|                    ( - 7.721e+02 1 0))))))
s>    ( QUESTION2_0_L -1 6.057e+03 2.874e+02 4.468e+02
s>        ( - 1.657e+03 1 0)
s>        ( QUESTION15 -1 4.687e+03 2.595e+02 3.713e+02
s>            ( - 3.740e+02 1 0)
s>            ( QUESTION2 -1 4.572e+03 2.256e+02 3.663e+02
s>                ( - 1.197e+03 1 0)
s>                ( QUESTION0_0_R 1 3.601e+03 1.655e+02 3.081e+02
s>                    ( - 2.594e+02 1 0)
s>                    ( QUESTION0 -1 3.508e+03 1.414e+02 3.011e+02
s>                        ( - 2.877e+03 4 0)
s>                        ( - 7.721e+02 1 0))))))INFO: dtree.c(1351): Comp split 22
INFO: dtree.c(1483): stop. leaf nodes are specific
INFO: dtree.c(1524): Final simple tree
|( QUESTION8 1 7.159e+03 2.996e+02 2.315e+02
|    ( - 1.365e+03 1 0)
|    ( QUESTION0_8_R 1 6.094e+03 2.456e+02 1.921e+02
|        ( - 1.198e+03 1 0)
|        ( QUESTION0_0_R 1 5.142e+03 1.918e+02 1.591e+02
|            ( - 2.164e+03 1 0)
|            ( - 3.169e+03 1 0))))
s>    ( QUESTION8 1 7.159e+03 2.996e+02 2.315e+02
s>        ( - 1.365e+03 1 0)
s>        ( QUESTION0_8_R 1 6.094e+03 2.456e+02 1.921e+02
s>            ( - 1.198e+03 1 0)
s>            ( QUESTION0_0_R 1 5.142e+03 1.918e+02 1.591e+02
s>                ( - 2.164e+03 1 0)
s>                ( - 3.169e+03 1 0))))INFO: dtree.c(1351): Comp split 23
INFO: dtree.c(1483): stop. leaf nodes are specific
INFO: dtree.c(1524): Final simple tree
|( QUESTION0_8_R 1 6.094e+03 2.456e+02 1.921e+02
|    ( - 1.198e+03 1 0)
|    ( QUESTION0_0_R 1 5.142e+03 1.918e+02 1.591e+02
|        ( - 2.164e+03 1 0)
|        ( - 3.169e+03 1 0)))
s>    ( QUESTION0_8_R 1 6.094e+03 2.456e+02 1.921e+02
s>        ( - 1.198e+03 1 0)
s>        ( QUESTION0_0_R 1 5.142e+03 1.918e+02 1.591e+02
s>            ( - 2.164e+03 1 0)
s>            ( - 3.169e+03 1 0)))INFO: dtree.c(1351): Comp split 24
INFO: dtree.c(1351): Comp split 25
INFO: dtree.c(1483): stop. leaf nodes are specific
INFO: dtree.c(1524): Final simple tree
|( QUESTION2 -1 1.475e+03 2.787e+02 5.800e+01
|    ( - 4.841e+02 1 0)
|    ( - 1.270e+03 1 0))
s>    ( QUESTION2 -1 1.475e+03 2.787e+02 5.800e+01
s>        ( - 4.841e+02 1 0)
s>        ( - 1.270e+03 1 0))INFO: dtree.c(1351): Comp split 26
INFO: dtree.c(1483): stop. leaf nodes are specific
INFO: dtree.c(1524): Final simple tree
|( QUESTION2 -1 4.572e+03 2.256e+02 3.663e+02
|    ( - 1.197e+03 1 0)
|    ( QUESTION0_0_R 1 3.601e+03 1.655e+02 3.081e+02
|        ( - 2.594e+02 1 0)
|        ( QUESTION0 -1 3.508e+03 1.414e+02 3.011e+02
|            ( - 2.877e+03 4 0)
|            ( - 7.721e+02 1 0))))
s>    ( QUESTION2 -1 4.572e+03 2.256e+02 3.663e+02
s>        ( - 1.197e+03 1 0)
s>        ( QUESTION0_0_R 1 3.601e+03 1.655e+02 3.081e+02
s>            ( - 2.594e+02 1 0)
s>            ( QUESTION0 -1 3.508e+03 1.414e+02 3.011e+02
s>                ( - 2.877e+03 4 0)
s>                ( - 7.721e+02 1 0))))INFO: dtree.c(1483): stop. leaf nodes are specific
INFO: dtree.c(1524): Final simple tree
|( QUESTION12 -1 1.776e+03 2.544e+02 8.058e+01
|    ( - 1.657e+03 1 0)
|    ( - 3.740e+02 1 0))
s>    ( QUESTION12 -1 1.776e+03 2.544e+02 8.058e+01
s>        ( - 1.657e+03 1 0)
s>        ( - 3.740e+02 1 0))INFO: dtree.c(1351): Comp split 27
INFO: dtree.c(1483): stop. leaf nodes are specific
INFO: dtree.c(1524): Final simple tree
|( QUESTION0_0_R 1 1.489e+03 1.765e+02 7.809e+01
|    ( - 4.199e+02 1 0)
|    ( - 1.246e+03 1 0))
s>    ( QUESTION0_0_R 1 1.489e+03 1.765e+02 7.809e+01
s>        ( - 4.199e+02 1 0)
s>        ( - 1.246e+03 1 0))INFO: dtree.c(1351): Comp split 28
INFO: dtree.c(1483): stop. leaf nodes are specific
INFO: dtree.c(1524): Final simple tree
|( QUESTION0_0_R 1 4.954e+03 1.892e+02 3.315e+02
|    ( - 1.334e+03 2 0)
|    ( QUESTION0 -1 3.809e+03 1.817e+02 2.537e+02
|        ( QUESTION2_0_L -1 3.545e+03 1.490e+02 2.316e+02
|            ( - 3.247e+02 1 0)
|            ( - 3.370e+03 2 0))
|        ( - 4.456e+02 1 0)))
s>    ( QUESTION0_0_R 1 4.954e+03 1.892e+02 3.315e+02
s>        ( - 1.334e+03 2 0)
s>        ( QUESTION0 -1 3.809e+03 1.817e+02 2.537e+02
s>            ( QUESTION2_0_L -1 3.545e+03 1.490e+02 2.316e+02
s>                ( - 3.247e+02 1 0)
s>                ( - 3.370e+03 2 0))
s>            ( - 4.456e+02 1 0)))INFO: dtree.c(1351): Comp split 29
INFO: dtree.c(1351): Comp split 30
INFO: dtree.c(1351): Comp split 31
INFO: dtree.c(1351): Comp split 32
INFO: dtree.c(1351): Comp split 33
INFO: dtree.c(1351): Comp split 34
INFO: dtree.c(1483): stop. leaf nodes are specific
INFO: dtree.c(1524): Final simple tree
|( QUESTION0_0_R 1 3.675e+03 2.472e+02 1.284e+02
|    ( - 1.115e+03 1 0)
|    ( QUESTION0_15_R 1 2.807e+03 1.751e+02 1.009e+02
|        ( - 1.898e+03 2 0)
|        ( - 1.084e+03 1 0)))
s>    ( QUESTION0_0_R 1 3.675e+03 2.472e+02 1.284e+02
s>        ( - 1.115e+03 1 0)
s>        ( QUESTION0_15_R 1 2.807e+03 1.751e+02 1.009e+02
s>            ( - 1.898e+03 2 0)
s>            ( - 1.084e+03 1 0)))INFO: dtree.c(1351): Comp split 35
INFO: dtree.c(1483): stop. leaf nodes are specific
INFO: dtree.c(1524): Final simple tree
|( SILENCE -1 1.249e+03 2.319e+02 8.854e+01
|    ( - 1.115e+03 1 0)
|    ( - 3.661e+02 1 0))
s>    ( SILENCE -1 1.249e+03 2.319e+02 8.854e+01
s>        ( - 1.115e+03 1 0)
s>        ( - 3.661e+02 1 0))INFO: dtree.c(1483): stop. leaf nodes are specific
INFO: dtree.c(1524): Final simple tree
|( QUESTION0_3_R 1 1.066e+03 2.491e+02 1.095e+02
|    ( - 1.089e+03 1 0)
|    ( - 2.261e+02 1 0))
s>    ( QUESTION0_3_R 1 1.066e+03 2.491e+02 1.095e+02
s>        ( - 1.089e+03 1 0)
s>        ( - 2.261e+02 1 0))INFO: dtree.c(1351): Comp split 36
INFO: dtree.c(1351): Comp split 37
INFO: dtree.c(1483): stop. leaf nodes are specific
INFO: dtree.c(1524): Final simple tree
|( QUESTION0_5_R 1 1.140e+03 2.225e+02 6.125e+01
|    ( - 1.012e+03 1 0)
|    ( - 3.498e+02 1 0))
s>    ( QUESTION0_5_R 1 1.140e+03 2.225e+02 6.125e+01
s>        ( - 1.012e+03 1 0)
s>        ( - 3.498e+02 1 0))INFO: dtree.c(1351): Comp split 38
INFO: dtree.c(1351): Comp split 39
INFO: dtree.c(1483): stop. leaf nodes are specific
INFO: dtree.c(1524): Final simple tree
|( QUESTION0_13_R 1 3.343e+03 2.143e+02 1.282e+02
|    ( - 2.733e+03 3 0)
|    ( - 8.245e+02 1 0))
s>    ( QUESTION0_13_R 1 3.343e+03 2.143e+02 1.282e+02
s>        ( - 2.733e+03 3 0)
s>        ( - 8.245e+02 1 0))INFO: dtree.c(1351): Comp split 40
INFO: dtree.c(1483): stop. leaf nodes are specific
INFO: dtree.c(1524): Final simple tree
|( QUESTION0_15_R 1 2.807e+03 1.751e+02 1.009e+02
|    ( - 1.898e+03 2 0)
|    ( - 1.084e+03 1 0))
s>    ( QUESTION0_15_R 1 2.807e+03 1.751e+02 1.009e+02
s>        ( - 1.898e+03 2 0)
s>        ( - 1.084e+03 1 0))INFO: dtree.c(1351): Comp split 41
INFO: dtree.c(1483): stop. leaf nodes are specific
INFO: dtree.c(1524): Final simple tree
|( QUESTION0_0_R 1 5.142e+03 1.918e+02 1.591e+02
|    ( - 2.164e+03 1 0)
|    ( - 3.169e+03 1 0))
s>    ( QUESTION0_0_R 1 5.142e+03 1.918e+02 1.591e+02
s>        ( - 2.164e+03 1 0)
s>        ( - 3.169e+03 1 0))INFO: dtree.c(1351): Comp split 42
INFO: dtree.c(1351): Comp split 43
INFO: dtree.c(1351): Comp split 44
INFO: dtree.c(1483): stop. leaf nodes are specific
INFO: dtree.c(1524): Final simple tree
|( QUESTION0_0_R 1 3.601e+03 1.655e+02 3.081e+02
|    ( - 2.594e+02 1 0)
|    ( QUESTION0 -1 3.508e+03 1.414e+02 3.011e+02
|        ( - 2.877e+03 4 0)
|        ( - 7.721e+02 1 0)))
s>    ( QUESTION0_0_R 1 3.601e+03 1.655e+02 3.081e+02
s>        ( - 2.594e+02 1 0)
s>        ( QUESTION0 -1 3.508e+03 1.414e+02 3.011e+02
s>            ( - 2.877e+03 4 0)
s>            ( - 7.721e+02 1 0)))INFO: dtree.c(1351): Comp split 45
INFO: dtree.c(1351): Comp split 46
INFO: dtree.c(1351): Comp split 47
INFO: dtree.c(1483): stop. leaf nodes are specific
INFO: dtree.c(1524): Final simple tree
|( QUESTION2_0_L -1 3.545e+03 1.490e+02 2.316e+02
|    ( - 3.247e+02 1 0)
|    ( - 3.370e+03 2 0))
s>    ( QUESTION2_0_L -1 3.545e+03 1.490e+02 2.316e+02
s>        ( - 3.247e+02 1 0)
s>        ( - 3.370e+03 2 0))INFO: dtree.c(1483): stop. leaf nodes are specific
INFO: dtree.c(1524): Final simple tree
|( QUESTION0_0_R 1 1.605e+03 1.751e+02 9.990e+01
|    ( - 1.334e+03 2 0)
|    ( - 4.456e+02 1 0))
s>    ( QUESTION0_0_R 1 1.605e+03 1.751e+02 9.990e+01
s>        ( - 1.334e+03 2 0)
s>        ( - 4.456e+02 1 0))INFO: dtree.c(1351): Comp split 48
INFO: dtree.c(1351): Comp split 49
INFO: dtree.c(1351): Comp split 50
INFO: dtree.c(1351): Comp split 51
INFO: dtree.c(1351): Comp split 52
INFO: dtree.c(1483): stop. leaf nodes are specific
INFO: dtree.c(1524): Final simple tree
|( QUESTION0 -1 3.508e+03 1.414e+02 3.011e+02
|    ( - 2.877e+03 4 0)
|    ( - 7.721e+02 1 0))
s>    ( QUESTION0 -1 3.508e+03 1.414e+02 3.011e+02
s>        ( - 2.877e+03 4 0)
s>        ( - 7.721e+02 1 0))INFO: dtree.c(1351): Comp split 53
INFO: dtree.c(1351): Comp split 54
INFO: dtree.c(1351): Comp split 55
INFO: dtree.c(1354): stop. leaf nodes are specific
Tue May 31 10:45:42 2011
