INFO: cmd_ln.c(691): Parsing command line:
/home/xkrajnan/Plocha/GSoC/PocketSphinx/an4/bin/bldtree \
	-treefn /home/xkrajnan/Plocha/GSoC/PocketSphinx/an4/trees/an4.unpruned/TH-1.dtree \
	-moddeffn /home/xkrajnan/Plocha/GSoC/PocketSphinx/an4/model_architecture/an4.untied.mdef \
	-mixwfn /home/xkrajnan/Plocha/GSoC/PocketSphinx/an4/model_parameters/an4.cd_cont_untied/mixture_weights \
	-ts2cbfn .cont. \
	-mwfloor 1e-08 \
	-psetfn /home/xkrajnan/Plocha/GSoC/PocketSphinx/an4/model_architecture/an4.tree_questions \
	-phone TH \
	-state 1 \
	-stwt 1.0,0.05,0.0 \
	-meanfn /home/xkrajnan/Plocha/GSoC/PocketSphinx/an4/model_parameters/an4.cd_cont_untied/means \
	-varfn /home/xkrajnan/Plocha/GSoC/PocketSphinx/an4/model_parameters/an4.cd_cont_untied/variances \
	-fullvar no \
	-ssplitmin 1 \
	-ssplitmax 7 \
	-ssplitthr 0 \
	-csplitmin 1 \
	-csplitmax 2000 \
	-csplitthr 0 

Current configuration:
[NAME]		[DEFLT]	[VALUE]
-allphones	no	no
-cntthresh	0.00001	1.000000e-05
-csplitmax	100	2000
-csplitmin	1	1
-csplitthr	8e-4	0.000000e+00
-example	no	no
-fullvar	no	no
-help		no	no
-meanfn			/home/xkrajnan/Plocha/GSoC/PocketSphinx/an4/model_parameters/an4.cd_cont_untied/means
-mixwfn			/home/xkrajnan/Plocha/GSoC/PocketSphinx/an4/model_parameters/an4.cd_cont_untied/mixture_weights
-moddeffn		/home/xkrajnan/Plocha/GSoC/PocketSphinx/an4/model_architecture/an4.untied.mdef
-mwfloor	1e-4	1.000000e-08
-phone			TH
-psetfn			/home/xkrajnan/Plocha/GSoC/PocketSphinx/an4/model_architecture/an4.tree_questions
-ssplitmax	5	7
-ssplitmin	1	1
-ssplitthr	8e-4	0.000000e+00
-state			1
-stwt			1.0,0.05,0.0,
-treefn			/home/xkrajnan/Plocha/GSoC/PocketSphinx/an4/trees/an4.unpruned/TH-1.dtree
-ts2cbfn	.semi.	.cont.
-varfloor	0.00001	1.000000e-05
-varfn			/home/xkrajnan/Plocha/GSoC/PocketSphinx/an4/model_parameters/an4.cd_cont_untied/variances

INFO: main.c(228): Reading: /home/xkrajnan/Plocha/GSoC/PocketSphinx/an4/model_architecture/an4.untied.mdef
INFO: model_def_io.c(587): Model definition info:
INFO: model_def_io.c(588): 1618 total models defined (34 base, 1584 tri)
INFO: model_def_io.c(589): 6472 total states
INFO: model_def_io.c(590): 4854 total tied states
INFO: model_def_io.c(591): 102 total tied CI states
INFO: model_def_io.c(592): 34 total tied transition matrices
INFO: model_def_io.c(593): 4 max state/model
INFO: model_def_io.c(594): 4 min state/model
INFO: main.c(247): Building trees for [TH AH N e] through [TH V R b]
INFO: main.c(275): Covering states |[4362 4487]| == 126
INFO: main.c(282): Reading: /home/xkrajnan/Plocha/GSoC/PocketSphinx/an4/model_parameters/an4.cd_cont_untied/mixture_weights
INFO: s3mixw_io.c(172): Read /home/xkrajnan/Plocha/GSoC/PocketSphinx/an4/model_parameters/an4.cd_cont_untied/mixture_weights [126x1x1 array]
INFO: main.c(320): 42 of 42 models have observation count greater than 0.000010
INFO: main.c(94): nrm stwt: 0.045 0.909 0.045 
INFO: s3gau_io.c(166): Read /home/xkrajnan/Plocha/GSoC/PocketSphinx/an4/model_parameters/an4.cd_cont_untied/means [4854x1x1 array]
INFO: s3gau_io.c(166): Read /home/xkrajnan/Plocha/GSoC/PocketSphinx/an4/model_parameters/an4.cd_cont_untied/variances [4854x1x1 array]
INFO: main.c(576): Reading: /home/xkrajnan/Plocha/GSoC/PocketSphinx/an4/model_architecture/an4.tree_questions
INFO: main.c(619): 180 total simple questions (172 phone; 8 word bndry)
INFO: main.c(621): 42 Left Only questions, and 42 Right Only questions
INFO: dtree.c(1524): Final simple tree
|( QUESTION12 1 -6.470e+03 6.205e+02 7.891e+02
|    ( QUESTION3 -1 -4.928e+03 3.120e+02 6.118e+02
|        ( - -6.353e+02 1 0)
|        ( QUESTION2_9_L -1 -3.980e+03 1.951e+02 5.415e+02
|            ( - -9.222e+02 3 0 QUESTION0 -1 1.424e+02 8.275e+01)
|            ( - -2.863e+03 11 0 QUESTION0 -1 1.775e+02 4.588e+02)))
|    ( WDBNDRY_B 0 -9.217e+02 2.686e+02 1.773e+02
|        ( QUESTION0_13_R 1 -6.261e+02 1.778e+02 1.385e+02
|            ( - -2.594e+02 14 0 QUESTION3 -1 1.367e+02 1.115e+02)
|            ( QUESTION3 -1 -1.889e+02 1.944e+02 2.699e+01
|                ( - 1.516e+02 1 0)
|                ( - -1.461e+02 4 0 QUESTION2_9_L -1 1.714e+02 2.499e+01)))
|        ( QUESTION3 -1 -2.701e+01 2.114e+02 3.883e+01
|            ( - 2.102e+02 1 0)
|            ( - -2.577e+01 7 0 QUESTION0_1_R 1 1.702e+02 3.683e+01))))
s>    ( QUESTION12 1 -6.470e+03 6.205e+02 7.891e+02
s>        ( QUESTION3 -1 -4.928e+03 3.120e+02 6.118e+02
s>            ( - -6.353e+02 1 0)
s>            ( QUESTION2_9_L -1 -3.980e+03 1.951e+02 5.415e+02
s>                ( - -9.222e+02 3 0 QUESTION0 -1 1.424e+02 8.275e+01)
s>                ( - -2.863e+03 11 0 QUESTION0 -1 1.775e+02 4.588e+02)))
s>        ( WDBNDRY_B 0 -9.217e+02 2.686e+02 1.773e+02
s>            ( QUESTION0_13_R 1 -6.261e+02 1.778e+02 1.385e+02
s>                ( - -2.594e+02 14 0 QUESTION3 -1 1.367e+02 1.115e+02)
s>                ( QUESTION3 -1 -1.889e+02 1.944e+02 2.699e+01
s>                    ( - 1.516e+02 1 0)
s>                    ( - -1.461e+02 4 0 QUESTION2_9_L -1 1.714e+02 2.499e+01)))
s>            ( QUESTION3 -1 -2.701e+01 2.114e+02 3.883e+01
s>                ( - 2.102e+02 1 0)
s>                ( - -2.577e+01 7 0 QUESTION0_1_R 1 1.702e+02 3.683e+01))))INFO: dtree.c(1351): Comp split 0
INFO: dtree.c(1524): Final simple tree
|( WDBNDRY_B 0 -9.217e+02 2.686e+02 1.773e+02
|    ( QUESTION0_13_R 1 -6.261e+02 1.778e+02 1.385e+02
|        ( - -2.594e+02 14 0 QUESTION3 -1 1.367e+02 1.115e+02)
|        ( QUESTION3 -1 -1.889e+02 1.944e+02 2.699e+01
|            ( - 1.516e+02 1 0)
|            ( QUESTION2_9_L -1 -1.461e+02 1.714e+02 2.499e+01
|                ( - 1.629e+02 1 0)
|                ( QUESTION11 -1 -1.376e+02 1.555e+02 2.299e+01
|                    ( - -4.397e+01 1 0)
|                    ( - 6.188e+01 2 0 QUESTION0 -1 1.237e+02 1.100e+01)))))
|    ( QUESTION3 -1 -2.701e+01 2.114e+02 3.883e+01
|        ( - 2.102e+02 1 0)
|        ( QUESTION0_1_R 1 -2.577e+01 1.702e+02 3.683e+01
|            ( - 1.636e+02 1 0)
|            ( - -1.910e+01 6 0 QUESTION2_18_L -1 1.512e+02 3.483e+01))))
s>    ( WDBNDRY_B 0 -9.217e+02 2.686e+02 1.773e+02
s>        ( QUESTION0_13_R 1 -6.261e+02 1.778e+02 1.385e+02
s>            ( - -2.594e+02 14 0 QUESTION3 -1 1.367e+02 1.115e+02)
s>            ( QUESTION3 -1 -1.889e+02 1.944e+02 2.699e+01
s>                ( - 1.516e+02 1 0)
s>                ( QUESTION2_9_L -1 -1.461e+02 1.714e+02 2.499e+01
s>                    ( - 1.629e+02 1 0)
s>                    ( QUESTION11 -1 -1.376e+02 1.555e+02 2.299e+01
s>                        ( - -4.397e+01 1 0)
s>                        ( - 6.188e+01 2 0 QUESTION0 -1 1.237e+02 1.100e+01)))))
s>        ( QUESTION3 -1 -2.701e+01 2.114e+02 3.883e+01
s>            ( - 2.102e+02 1 0)
s>            ( QUESTION0_1_R 1 -2.577e+01 1.702e+02 3.683e+01
s>                ( - 1.636e+02 1 0)
s>                ( - -1.910e+01 6 0 QUESTION2_18_L -1 1.512e+02 3.483e+01))))INFO: dtree.c(1524): Final simple tree
|( QUESTION3 -1 -4.928e+03 3.120e+02 6.118e+02
|    ( - -6.353e+02 1 0)
|    ( QUESTION2_9_L -1 -3.980e+03 1.951e+02 5.415e+02
|        ( QUESTION0 -1 -9.222e+02 1.424e+02 8.275e+01
|            ( - -3.501e+02 1 0)
|            ( - -4.297e+02 2 0 QUESTION2 -1 9.606e+01 4.806e+01))
|        ( QUESTION0 -1 -2.863e+03 1.775e+02 4.588e+02
|            ( QUESTION2_2_L -1 -1.041e+03 1.205e+02 2.316e+02
|                ( - 6.146e+01 1 0)
|                ( - -9.825e+02 5 0 QUESTION2_0_L -1 1.186e+02 2.276e+02))
|            ( WDBNDRY_B 0 -1.644e+03 1.519e+02 2.272e+02
|                ( QUESTION12 -1 -1.639e+03 1.190e+02 2.242e+02
|                    ( - -1.433e+02 1 0)
|                    ( - -1.377e+03 3 0 SILENCE -1 1.155e+02 1.982e+02))
|                ( - 1.470e+02 1 0)))))
s>    ( QUESTION3 -1 -4.928e+03 3.120e+02 6.118e+02
s>        ( - -6.353e+02 1 0)
s>        ( QUESTION2_9_L -1 -3.980e+03 1.951e+02 5.415e+02
s>            ( QUESTION0 -1 -9.222e+02 1.424e+02 8.275e+01
s>                ( - -3.501e+02 1 0)
s>                ( - -4.297e+02 2 0 QUESTION2 -1 9.606e+01 4.806e+01))
s>            ( QUESTION0 -1 -2.863e+03 1.775e+02 4.588e+02
s>                ( QUESTION2_2_L -1 -1.041e+03 1.205e+02 2.316e+02
s>                    ( - 6.146e+01 1 0)
s>                    ( - -9.825e+02 5 0 QUESTION2_0_L -1 1.186e+02 2.276e+02))
s>                ( WDBNDRY_B 0 -1.644e+03 1.519e+02 2.272e+02
s>                    ( QUESTION12 -1 -1.639e+03 1.190e+02 2.242e+02
s>                        ( - -1.433e+02 1 0)
s>                        ( - -1.377e+03 3 0 SILENCE -1 1.155e+02 1.982e+02))
s>                    ( - 1.470e+02 1 0)))))INFO: dtree.c(1351): Comp split 1
INFO: dtree.c(1483): stop. leaf nodes are specific
INFO: dtree.c(1524): Final simple tree
|( WDBNDRY_B 0 -6.385e+02 1.502e+02 7.326e+01
|    ( - -6.353e+02 1 0)
|    ( - 1.470e+02 1 0))
s>    ( WDBNDRY_B 0 -6.385e+02 1.502e+02 7.326e+01
s>        ( - -6.353e+02 1 0)
s>        ( - 1.470e+02 1 0))INFO: dtree.c(1524): Final simple tree
|( QUESTION2_9_L -1 -3.976e+03 1.937e+02 5.385e+02
|    ( QUESTION0 -1 -9.222e+02 1.424e+02 8.275e+01
|        ( - -3.501e+02 1 0)
|        ( - -4.297e+02 2 0 QUESTION2 -1 9.606e+01 4.806e+01))
|    ( QUESTION0 -1 -2.860e+03 1.792e+02 4.558e+02
|        ( QUESTION2_2_L -1 -1.041e+03 1.205e+02 2.316e+02
|            ( - 6.146e+01 1 0)
|            ( QUESTION2_0_L -1 -9.825e+02 1.186e+02 2.276e+02
|                ( - -5.269e+02 1 0)
|                ( - -3.370e+02 4 0)))
|        ( QUESTION12 -1 -1.639e+03 1.190e+02 2.242e+02
|            ( - -1.433e+02 1 0)
|            ( SILENCE -1 -1.377e+03 1.155e+02 1.982e+02
|                ( - -3.593e+02 1 0)
|                ( - -9.022e+02 2 0 QUESTION2 -1 1.052e+02 1.250e+02)))))
s>    ( QUESTION2_9_L -1 -3.976e+03 1.937e+02 5.385e+02
s>        ( QUESTION0 -1 -9.222e+02 1.424e+02 8.275e+01
s>            ( - -3.501e+02 1 0)
s>            ( - -4.297e+02 2 0 QUESTION2 -1 9.606e+01 4.806e+01))
s>        ( QUESTION0 -1 -2.860e+03 1.792e+02 4.558e+02
s>            ( QUESTION2_2_L -1 -1.041e+03 1.205e+02 2.316e+02
s>                ( - 6.146e+01 1 0)
s>                ( QUESTION2_0_L -1 -9.825e+02 1.186e+02 2.276e+02
s>                    ( - -5.269e+02 1 0)
s>                    ( - -3.370e+02 4 0)))
s>            ( QUESTION12 -1 -1.639e+03 1.190e+02 2.242e+02
s>                ( - -1.433e+02 1 0)
s>                ( SILENCE -1 -1.377e+03 1.155e+02 1.982e+02
s>                    ( - -3.593e+02 1 0)
s>                    ( - -9.022e+02 2 0 QUESTION2 -1 1.052e+02 1.250e+02)))))INFO: dtree.c(1351): Comp split 2
INFO: dtree.c(1524): Final simple tree
|( QUESTION3 -1 -2.244e+02 2.219e+02 5.283e+01
|    ( - 2.102e+02 1 0)
|    ( QUESTION0_1_R 1 -2.127e+02 1.753e+02 5.083e+01
|        ( - 1.636e+02 1 0)
|        ( QUESTION2 -1 -2.010e+02 1.402e+02 4.883e+01
|            ( - 1.036e+02 1 0)
|            ( QUESTION0_17_R 1 -1.644e+02 1.416e+02 3.299e+01
|                ( QUESTION2_14_L -1 2.280e+01 1.544e+02 1.699e+01
|                    ( - 1.572e+02 1 0)
|                    ( - 2.000e+01 3 0 QUESTION0 -1 1.271e+02 1.499e+01))
|                ( WDBNDRY_B 0 -4.565e+01 1.371e+02 1.599e+01
|                    ( QUESTION0 -1 -4.670e+01 1.656e+02 1.399e+01
|                        ( - 1.629e+02 1 0)
|                        ( - -4.397e+01 1 0))
|                    ( - 1.381e+02 1 0))))))
s>    ( QUESTION3 -1 -2.244e+02 2.219e+02 5.283e+01
s>        ( - 2.102e+02 1 0)
s>        ( QUESTION0_1_R 1 -2.127e+02 1.753e+02 5.083e+01
s>            ( - 1.636e+02 1 0)
s>            ( QUESTION2 -1 -2.010e+02 1.402e+02 4.883e+01
s>                ( - 1.036e+02 1 0)
s>                ( QUESTION0_17_R 1 -1.644e+02 1.416e+02 3.299e+01
s>                    ( QUESTION2_14_L -1 2.280e+01 1.544e+02 1.699e+01
s>                        ( - 1.572e+02 1 0)
s>                        ( - 2.000e+01 3 0 QUESTION0 -1 1.271e+02 1.499e+01))
s>                    ( WDBNDRY_B 0 -4.565e+01 1.371e+02 1.599e+01
s>                        ( QUESTION0 -1 -4.670e+01 1.656e+02 1.399e+01
s>                            ( - 1.629e+02 1 0)
s>                            ( - -4.397e+01 1 0))
s>                        ( - 1.381e+02 1 0))))))INFO: dtree.c(1524): Final simple tree
|( QUESTION0_13_R 1 -4.230e+02 1.624e+02 1.245e+02
|    ( QUESTION3 -1 -2.594e+02 1.367e+02 1.115e+02
|        ( - 1.442e+02 1 0)
|        ( QUESTION18 -1 -2.668e+02 1.336e+02 1.085e+02
|            ( - 4.653e+01 1 0)
|            ( QUESTION2_17_L -1 -1.798e+02 1.301e+02 9.449e+01
|                ( - -2.272e+01 4 0 QUESTION2 -1 1.224e+02 4.120e+01)
|                ( QUESTION2_1_L -1 -2.692e+01 1.362e+02 5.329e+01
|                    ( - 7.357e+01 1 0)
|                    ( QUESTION2_9_L -1 3.575e+01 1.275e+02 3.624e+01
|                        ( - 5.171e+01 4 0 QUESTION2 -1 1.136e+02 1.700e+01)
|                        ( - 1.115e+02 3 0 SILENCE -1 1.075e+02 1.924e+01))))))
|    ( QUESTION3 -1 -1.260e+00 2.147e+02 1.300e+01
|        ( - 1.516e+02 1 0)
|        ( - 6.188e+01 2 0 QUESTION0 -1 1.237e+02 1.100e+01)))
s>    ( QUESTION0_13_R 1 -4.230e+02 1.624e+02 1.245e+02
s>        ( QUESTION3 -1 -2.594e+02 1.367e+02 1.115e+02
s>            ( - 1.442e+02 1 0)
s>            ( QUESTION18 -1 -2.668e+02 1.336e+02 1.085e+02
s>                ( - 4.653e+01 1 0)
s>                ( QUESTION2_17_L -1 -1.798e+02 1.301e+02 9.449e+01
s>                    ( - -2.272e+01 4 0 QUESTION2 -1 1.224e+02 4.120e+01)
s>                    ( QUESTION2_1_L -1 -2.692e+01 1.362e+02 5.329e+01
s>                        ( - 7.357e+01 1 0)
s>                        ( QUESTION2_9_L -1 3.575e+01 1.275e+02 3.624e+01
s>                            ( - 5.171e+01 4 0 QUESTION2 -1 1.136e+02 1.700e+01)
s>                            ( - 1.115e+02 3 0 SILENCE -1 1.075e+02 1.924e+01))))))
s>        ( QUESTION3 -1 -1.260e+00 2.147e+02 1.300e+01
s>            ( - 1.516e+02 1 0)
s>            ( - 6.188e+01 2 0 QUESTION0 -1 1.237e+02 1.100e+01)))INFO: dtree.c(1351): Comp split 3
INFO: dtree.c(1483): stop. leaf nodes are specific
INFO: dtree.c(1524): Final simple tree
|( QUESTION0 -1 -2.547e+03 1.876e+02 4.258e+02
|    ( QUESTION2_0_L -1 -9.825e+02 1.186e+02 2.276e+02
|        ( - -5.269e+02 1 0)
|        ( - -3.370e+02 4 0))
|    ( SILENCE -1 -1.377e+03 1.155e+02 1.982e+02
|        ( - -3.593e+02 1 0)
|        ( QUESTION2 -1 -9.022e+02 1.052e+02 1.250e+02
|            ( - -7.955e+02 1 0)
|            ( - -1.403e+00 1 0))))
s>    ( QUESTION0 -1 -2.547e+03 1.876e+02 4.258e+02
s>        ( QUESTION2_0_L -1 -9.825e+02 1.186e+02 2.276e+02
s>            ( - -5.269e+02 1 0)
s>            ( - -3.370e+02 4 0))
s>        ( SILENCE -1 -1.377e+03 1.155e+02 1.982e+02
s>            ( - -3.593e+02 1 0)
s>            ( QUESTION2 -1 -9.022e+02 1.052e+02 1.250e+02
s>                ( - -7.955e+02 1 0)
s>                ( - -1.403e+00 1 0))))INFO: dtree.c(1483): stop. leaf nodes are specific
INFO: dtree.c(1524): Final simple tree
|( QUESTION0 -1 -1.196e+03 1.633e+02 1.127e+02
|    ( QUESTION2_0_L -1 -3.986e+02 1.099e+02 3.869e+01
|        ( - 6.146e+01 1 0)
|        ( - -3.501e+02 1 0))
|    ( QUESTION15 -1 -6.342e+02 8.867e+01 7.404e+01
|        ( - -3.657e+01 1 0)
|        ( QUESTION2 -1 -5.089e+02 6.864e+01 6.604e+01
|            ( - -2.970e+02 1 0)
|            ( - -1.433e+02 1 0))))
s>    ( QUESTION0 -1 -1.196e+03 1.633e+02 1.127e+02
s>        ( QUESTION2_0_L -1 -3.986e+02 1.099e+02 3.869e+01
s>            ( - 6.146e+01 1 0)
s>            ( - -3.501e+02 1 0))
s>        ( QUESTION15 -1 -6.342e+02 8.867e+01 7.404e+01
s>            ( - -3.657e+01 1 0)
s>            ( QUESTION2 -1 -5.089e+02 6.864e+01 6.604e+01
s>                ( - -2.970e+02 1 0)
s>                ( - -1.433e+02 1 0))))INFO: dtree.c(1351): Comp split 4
INFO: dtree.c(1524): Final simple tree
|( QUESTION0_1_R 1 -2.127e+02 1.753e+02 5.083e+01
|    ( - 1.636e+02 1 0)
|    ( QUESTION2 -1 -2.010e+02 1.402e+02 4.883e+01
|        ( - 1.036e+02 1 0)
|        ( QUESTION0_17_R 1 -1.644e+02 1.416e+02 3.299e+01
|            ( QUESTION2_14_L -1 2.280e+01 1.544e+02 1.699e+01
|                ( - 1.572e+02 1 0)
|                ( QUESTION0 -1 2.000e+01 1.271e+02 1.499e+01
|                    ( - 6.845e+01 2 0)
|                    ( - 7.860e+01 1 0)))
|            ( WDBNDRY_B 0 -4.565e+01 1.371e+02 1.599e+01
|                ( QUESTION0 -1 -4.670e+01 1.656e+02 1.399e+01
|                    ( - 1.629e+02 1 0)
|                    ( - -4.397e+01 1 0))
|                ( - 1.381e+02 1 0)))))
s>    ( QUESTION0_1_R 1 -2.127e+02 1.753e+02 5.083e+01
s>        ( - 1.636e+02 1 0)
s>        ( QUESTION2 -1 -2.010e+02 1.402e+02 4.883e+01
s>            ( - 1.036e+02 1 0)
s>            ( QUESTION0_17_R 1 -1.644e+02 1.416e+02 3.299e+01
s>                ( QUESTION2_14_L -1 2.280e+01 1.544e+02 1.699e+01
s>                    ( - 1.572e+02 1 0)
s>                    ( QUESTION0 -1 2.000e+01 1.271e+02 1.499e+01
s>                        ( - 6.845e+01 2 0)
s>                        ( - 7.860e+01 1 0)))
s>                ( WDBNDRY_B 0 -4.565e+01 1.371e+02 1.599e+01
s>                    ( QUESTION0 -1 -4.670e+01 1.656e+02 1.399e+01
s>                        ( - 1.629e+02 1 0)
s>                        ( - -4.397e+01 1 0))
s>                    ( - 1.381e+02 1 0)))))INFO: dtree.c(1351): Comp split 5
INFO: dtree.c(1524): Final simple tree
|( QUESTION3 -1 -9.315e+01 1.898e+02 4.924e+01
|    ( - 1.516e+02 1 0)
|    ( QUESTION0_13_R 1 -5.497e+01 1.526e+02 4.724e+01
|        ( QUESTION2_9_L -1 3.575e+01 1.275e+02 3.624e+01
|            ( QUESTION2 -1 5.171e+01 1.136e+02 1.700e+01
|                ( - 1.238e+02 1 0)
|                ( QUESTION0 -1 4.150e+01 1.011e+02 1.100e+01
|                    ( - 3.588e+01 2 0)
|                    ( - 1.067e+02 1 0)))
|            ( SILENCE -1 1.115e+02 1.075e+02 1.924e+01
|                ( - 1.267e+02 1 0)
|                ( - 9.224e+01 2 0 QUESTION0 -1 8.238e+01 9.001e+00)))
|        ( QUESTION0 -1 6.188e+01 1.237e+02 1.100e+01
|            ( - 1.272e+02 1 0)
|            ( - 5.840e+01 1 0))))
s>    ( QUESTION3 -1 -9.315e+01 1.898e+02 4.924e+01
s>        ( - 1.516e+02 1 0)
s>        ( QUESTION0_13_R 1 -5.497e+01 1.526e+02 4.724e+01
s>            ( QUESTION2_9_L -1 3.575e+01 1.275e+02 3.624e+01
s>                ( QUESTION2 -1 5.171e+01 1.136e+02 1.700e+01
s>                    ( - 1.238e+02 1 0)
s>                    ( QUESTION0 -1 4.150e+01 1.011e+02 1.100e+01
s>                        ( - 3.588e+01 2 0)
s>                        ( - 1.067e+02 1 0)))
s>                ( SILENCE -1 1.115e+02 1.075e+02 1.924e+01
s>                    ( - 1.267e+02 1 0)
s>                    ( - 9.224e+01 2 0 QUESTION0 -1 8.238e+01 9.001e+00)))
s>            ( QUESTION0 -1 6.188e+01 1.237e+02 1.100e+01
s>                ( - 1.272e+02 1 0)
s>                ( - 5.840e+01 1 0))))INFO: dtree.c(1483): stop. leaf nodes are specific
INFO: dtree.c(1524): Final simple tree
|( QUESTION15 -1 -1.315e+02 1.347e+02 7.522e+01
|    ( - 4.653e+01 1 0)
|    ( QUESTION3 -1 -4.338e+01 1.274e+02 6.124e+01
|        ( - 1.442e+02 1 0)
|        ( QUESTION2 -1 -6.015e+01 1.223e+02 5.824e+01
|            ( - 1.306e+01 1 0)
|            ( QUESTION0 -1 4.905e+01 1.132e+02 3.305e+01
|                ( QUESTION2_0_L -1 6.599e+01 1.166e+02 3.005e+01
|                    ( - 7.357e+01 1 0)
|                    ( - 1.090e+02 2 0))
|                ( - 9.623e+01 1 0)))))
s>    ( QUESTION15 -1 -1.315e+02 1.347e+02 7.522e+01
s>        ( - 4.653e+01 1 0)
s>        ( QUESTION3 -1 -4.338e+01 1.274e+02 6.124e+01
s>            ( - 1.442e+02 1 0)
s>            ( QUESTION2 -1 -6.015e+01 1.223e+02 5.824e+01
s>                ( - 1.306e+01 1 0)
s>                ( QUESTION0 -1 4.905e+01 1.132e+02 3.305e+01
s>                    ( QUESTION2_0_L -1 6.599e+01 1.166e+02 3.005e+01
s>                        ( - 7.357e+01 1 0)
s>                        ( - 1.090e+02 2 0))
s>                    ( - 9.623e+01 1 0)))))INFO: dtree.c(1351): Comp split 6
INFO: dtree.c(1524): Final simple tree
|( QUESTION0_13_R 1 -5.497e+01 1.526e+02 4.724e+01
|    ( QUESTION2_9_L -1 3.575e+01 1.275e+02 3.624e+01
|        ( QUESTION2 -1 5.171e+01 1.136e+02 1.700e+01
|            ( - 1.238e+02 1 0)
|            ( QUESTION0 -1 4.150e+01 1.011e+02 1.100e+01
|                ( - 3.588e+01 2 0)
|                ( - 1.067e+02 1 0)))
|        ( SILENCE -1 1.115e+02 1.075e+02 1.924e+01
|            ( - 1.267e+02 1 0)
|            ( QUESTION0 -1 9.224e+01 8.238e+01 9.001e+00
|                ( - 7.667e+01 1 0)
|                ( - 9.796e+01 1 0))))
|    ( QUESTION0 -1 6.188e+01 1.237e+02 1.100e+01
|        ( - 1.272e+02 1 0)
|        ( - 5.840e+01 1 0)))
s>    ( QUESTION0_13_R 1 -5.497e+01 1.526e+02 4.724e+01
s>        ( QUESTION2_9_L -1 3.575e+01 1.275e+02 3.624e+01
s>            ( QUESTION2 -1 5.171e+01 1.136e+02 1.700e+01
s>                ( - 1.238e+02 1 0)
s>                ( QUESTION0 -1 4.150e+01 1.011e+02 1.100e+01
s>                    ( - 3.588e+01 2 0)
s>                    ( - 1.067e+02 1 0)))
s>            ( SILENCE -1 1.115e+02 1.075e+02 1.924e+01
s>                ( - 1.267e+02 1 0)
s>                ( QUESTION0 -1 9.224e+01 8.238e+01 9.001e+00
s>                    ( - 7.667e+01 1 0)
s>                    ( - 9.796e+01 1 0))))
s>        ( QUESTION0 -1 6.188e+01 1.237e+02 1.100e+01
s>            ( - 1.272e+02 1 0)
s>            ( - 5.840e+01 1 0)))INFO: dtree.c(1351): Comp split 7
INFO: dtree.c(1483): stop. leaf nodes are specific
INFO: dtree.c(1524): Final simple tree
|( SILENCE -1 -1.377e+03 1.155e+02 1.982e+02
|    ( - -3.593e+02 1 0)
|    ( QUESTION2 -1 -9.022e+02 1.052e+02 1.250e+02
|        ( - -7.955e+02 1 0)
|        ( - -1.403e+00 1 0)))
s>    ( SILENCE -1 -1.377e+03 1.155e+02 1.982e+02
s>        ( - -3.593e+02 1 0)
s>        ( QUESTION2 -1 -9.022e+02 1.052e+02 1.250e+02
s>            ( - -7.955e+02 1 0)
s>            ( - -1.403e+00 1 0)))INFO: dtree.c(1483): stop. leaf nodes are specific
INFO: dtree.c(1524): Final simple tree
|( QUESTION2_0_L -1 -9.825e+02 1.186e+02 2.276e+02
|    ( - -5.269e+02 1 0)
|    ( - -3.370e+02 4 0))
s>    ( QUESTION2_0_L -1 -9.825e+02 1.186e+02 2.276e+02
s>        ( - -5.269e+02 1 0)
s>        ( - -3.370e+02 4 0))INFO: dtree.c(1351): Comp split 8
INFO: dtree.c(1483): stop. leaf nodes are specific
INFO: dtree.c(1524): Final simple tree
|( QUESTION2 -1 -2.010e+02 1.402e+02 4.883e+01
|    ( - 1.036e+02 1 0)
|    ( QUESTION0_17_R 1 -1.644e+02 1.416e+02 3.299e+01
|        ( QUESTION2_14_L -1 2.280e+01 1.544e+02 1.699e+01
|            ( - 1.572e+02 1 0)
|            ( QUESTION0 -1 2.000e+01 1.271e+02 1.499e+01
|                ( - 6.845e+01 2 0)
|                ( - 7.860e+01 1 0)))
|        ( WDBNDRY_B 0 -4.565e+01 1.371e+02 1.599e+01
|            ( QUESTION0 -1 -4.670e+01 1.656e+02 1.399e+01
|                ( - 1.629e+02 1 0)
|                ( - -4.397e+01 1 0))
|            ( - 1.381e+02 1 0))))
s>    ( QUESTION2 -1 -2.010e+02 1.402e+02 4.883e+01
s>        ( - 1.036e+02 1 0)
s>        ( QUESTION0_17_R 1 -1.644e+02 1.416e+02 3.299e+01
s>            ( QUESTION2_14_L -1 2.280e+01 1.544e+02 1.699e+01
s>                ( - 1.572e+02 1 0)
s>                ( QUESTION0 -1 2.000e+01 1.271e+02 1.499e+01
s>                    ( - 6.845e+01 2 0)
s>                    ( - 7.860e+01 1 0)))
s>            ( WDBNDRY_B 0 -4.565e+01 1.371e+02 1.599e+01
s>                ( QUESTION0 -1 -4.670e+01 1.656e+02 1.399e+01
s>                    ( - 1.629e+02 1 0)
s>                    ( - -4.397e+01 1 0))
s>                ( - 1.381e+02 1 0))))INFO: dtree.c(1351): Comp split 9
INFO: dtree.c(1483): stop. leaf nodes are specific
INFO: dtree.c(1524): Final simple tree
|( QUESTION2 -1 -1.934e+02 1.409e+02 4.683e+01
|    ( - 1.036e+02 1 0)
|    ( QUESTION0_17_R 1 -1.560e+02 1.372e+02 3.099e+01
|        ( QUESTION2_14_L -1 2.280e+01 1.544e+02 1.699e+01
|            ( - 1.572e+02 1 0)
|            ( QUESTION0 -1 2.000e+01 1.271e+02 1.499e+01
|                ( - 6.845e+01 2 0)
|                ( - 7.860e+01 1 0)))
|        ( WDBNDRY_B 0 -4.163e+01 1.358e+02 1.399e+01
|            ( - -4.397e+01 1 0)
|            ( - 1.381e+02 1 0))))
s>    ( QUESTION2 -1 -1.934e+02 1.409e+02 4.683e+01
s>        ( - 1.036e+02 1 0)
s>        ( QUESTION0_17_R 1 -1.560e+02 1.372e+02 3.099e+01
s>            ( QUESTION2_14_L -1 2.280e+01 1.544e+02 1.699e+01
s>                ( - 1.572e+02 1 0)
s>                ( QUESTION0 -1 2.000e+01 1.271e+02 1.499e+01
s>                    ( - 6.845e+01 2 0)
s>                    ( - 7.860e+01 1 0)))
s>            ( WDBNDRY_B 0 -4.163e+01 1.358e+02 1.399e+01
s>                ( - -4.397e+01 1 0)
s>                ( - 1.381e+02 1 0))))INFO: dtree.c(1351): Comp split 10
INFO: dtree.c(1483): stop. leaf nodes are specific
INFO: dtree.c(1524): Final simple tree
|( QUESTION15 -1 -6.342e+02 8.867e+01 7.404e+01
|    ( - -3.657e+01 1 0)
|    ( QUESTION2 -1 -5.089e+02 6.864e+01 6.604e+01
|        ( - -2.970e+02 1 0)
|        ( - -1.433e+02 1 0)))
s>    ( QUESTION15 -1 -6.342e+02 8.867e+01 7.404e+01
s>        ( - -3.657e+01 1 0)
s>        ( QUESTION2 -1 -5.089e+02 6.864e+01 6.604e+01
s>            ( - -2.970e+02 1 0)
s>            ( - -1.433e+02 1 0)))INFO: dtree.c(1483): stop. leaf nodes are specific
INFO: dtree.c(1524): Final simple tree
|( QUESTION2_0_L -1 -3.986e+02 1.099e+02 3.869e+01
|    ( - 6.146e+01 1 0)
|    ( - -3.501e+02 1 0))
s>    ( QUESTION2_0_L -1 -3.986e+02 1.099e+02 3.869e+01
s>        ( - 6.146e+01 1 0)
s>        ( - -3.501e+02 1 0))INFO: dtree.c(1351): Comp split 11
INFO: dtree.c(1483): stop. leaf nodes are specific
INFO: dtree.c(1524): Final simple tree
|( QUESTION2_0_L -1 -1.949e+02 1.453e+02 4.483e+01
|    ( - 7.860e+01 1 0)
|    ( QUESTION0_0_R 1 -1.282e+02 1.372e+02 3.483e+01
|        ( - 1.381e+02 1 0)
|        ( QUESTION2 -1 -1.291e+02 1.337e+02 3.283e+01
|            ( - 1.036e+02 1 0)
|            ( WDBNDRY_B 0 -9.905e+01 1.235e+02 1.699e+01
|                ( - -4.397e+01 1 0)
|                ( - 6.845e+01 2 0)))))
s>    ( QUESTION2_0_L -1 -1.949e+02 1.453e+02 4.483e+01
s>        ( - 7.860e+01 1 0)
s>        ( QUESTION0_0_R 1 -1.282e+02 1.372e+02 3.483e+01
s>            ( - 1.381e+02 1 0)
s>            ( QUESTION2 -1 -1.291e+02 1.337e+02 3.283e+01
s>                ( - 1.036e+02 1 0)
s>                ( WDBNDRY_B 0 -9.905e+01 1.235e+02 1.699e+01
s>                    ( - -4.397e+01 1 0)
s>                    ( - 6.845e+01 2 0)))))INFO: dtree.c(1351): Comp split 12
INFO: dtree.c(1483): stop. leaf nodes are specific
INFO: dtree.c(1524): Final simple tree
|( QUESTION2_9_L -1 3.575e+01 1.275e+02 3.624e+01
|    ( QUESTION2 -1 5.171e+01 1.136e+02 1.700e+01
|        ( - 1.238e+02 1 0)
|        ( QUESTION0 -1 4.150e+01 1.011e+02 1.100e+01
|            ( - 3.588e+01 2 0)
|            ( - 1.067e+02 1 0)))
|    ( SILENCE -1 1.115e+02 1.075e+02 1.924e+01
|        ( - 1.267e+02 1 0)
|        ( QUESTION0 -1 9.224e+01 8.238e+01 9.001e+00
|            ( - 7.667e+01 1 0)
|            ( - 9.796e+01 1 0))))
s>    ( QUESTION2_9_L -1 3.575e+01 1.275e+02 3.624e+01
s>        ( QUESTION2 -1 5.171e+01 1.136e+02 1.700e+01
s>            ( - 1.238e+02 1 0)
s>            ( QUESTION0 -1 4.150e+01 1.011e+02 1.100e+01
s>                ( - 3.588e+01 2 0)
s>                ( - 1.067e+02 1 0)))
s>        ( SILENCE -1 1.115e+02 1.075e+02 1.924e+01
s>            ( - 1.267e+02 1 0)
s>            ( QUESTION0 -1 9.224e+01 8.238e+01 9.001e+00
s>                ( - 7.667e+01 1 0)
s>                ( - 9.796e+01 1 0))))INFO: dtree.c(1483): stop. leaf nodes are specific
INFO: dtree.c(1524): Final simple tree
|( QUESTION0 -1 6.188e+01 1.237e+02 1.100e+01
|    ( - 1.272e+02 1 0)
|    ( - 5.840e+01 1 0))
s>    ( QUESTION0 -1 6.188e+01 1.237e+02 1.100e+01
s>        ( - 1.272e+02 1 0)
s>        ( - 5.840e+01 1 0))INFO: dtree.c(1351): Comp split 13
INFO: dtree.c(1351): Comp split 14
INFO: dtree.c(1483): stop. leaf nodes are specific
INFO: dtree.c(1524): Final simple tree
|( QUESTION0_0_R 1 -1.282e+02 1.372e+02 3.483e+01
|    ( - 1.381e+02 1 0)
|    ( QUESTION2 -1 -1.291e+02 1.337e+02 3.283e+01
|        ( - 1.036e+02 1 0)
|        ( WDBNDRY_B 0 -9.905e+01 1.235e+02 1.699e+01
|            ( - -4.397e+01 1 0)
|            ( - 6.845e+01 2 0))))
s>    ( QUESTION0_0_R 1 -1.282e+02 1.372e+02 3.483e+01
s>        ( - 1.381e+02 1 0)
s>        ( QUESTION2 -1 -1.291e+02 1.337e+02 3.283e+01
s>            ( - 1.036e+02 1 0)
s>            ( WDBNDRY_B 0 -9.905e+01 1.235e+02 1.699e+01
s>                ( - -4.397e+01 1 0)
s>                ( - 6.845e+01 2 0))))INFO: dtree.c(1351): Comp split 15
INFO: dtree.c(1483): stop. leaf nodes are specific
INFO: dtree.c(1524): Final simple tree
|( QUESTION0 -1 4.227e+01 1.133e+02 2.697e+01
|    ( - 1.090e+02 2 0)
|    ( - 4.653e+01 1 0))
s>    ( QUESTION0 -1 4.227e+01 1.133e+02 2.697e+01
s>        ( - 1.090e+02 2 0)
s>        ( - 4.653e+01 1 0))INFO: dtree.c(1483): stop. leaf nodes are specific
INFO: dtree.c(1524): Final simple tree
|( QUESTION3 -1 -3.537e+01 1.274e+02 4.824e+01
|    ( - 1.442e+02 1 0)
|    ( QUESTION2 -1 -5.213e+01 1.220e+02 4.524e+01
|        ( - 1.306e+01 1 0)
|        ( QUESTION0 -1 5.677e+01 1.130e+02 2.005e+01
|            ( - 7.357e+01 1 0)
|            ( - 9.623e+01 1 0))))
s>    ( QUESTION3 -1 -3.537e+01 1.274e+02 4.824e+01
s>        ( - 1.442e+02 1 0)
s>        ( QUESTION2 -1 -5.213e+01 1.220e+02 4.524e+01
s>            ( - 1.306e+01 1 0)
s>            ( QUESTION0 -1 5.677e+01 1.130e+02 2.005e+01
s>                ( - 7.357e+01 1 0)
s>                ( - 9.623e+01 1 0))))INFO: dtree.c(1351): Comp split 16
INFO: dtree.c(1483): stop. leaf nodes are specific
INFO: dtree.c(1524): Final simple tree
|( QUESTION2 -1 -1.291e+02 1.337e+02 3.283e+01
|    ( - 1.036e+02 1 0)
|    ( WDBNDRY_B 0 -9.905e+01 1.235e+02 1.699e+01
|        ( - -4.397e+01 1 0)
|        ( - 6.845e+01 2 0)))
s>    ( QUESTION2 -1 -1.291e+02 1.337e+02 3.283e+01
s>        ( - 1.036e+02 1 0)
s>        ( WDBNDRY_B 0 -9.905e+01 1.235e+02 1.699e+01
s>            ( - -4.397e+01 1 0)
s>            ( - 6.845e+01 2 0)))INFO: dtree.c(1351): Comp split 17
INFO: dtree.c(1483): stop. leaf nodes are specific
INFO: dtree.c(1524): Final simple tree
|( WDBNDRY_B 0 -9.905e+01 1.235e+02 1.699e+01
|    ( - -4.397e+01 1 0)
|    ( - 6.845e+01 2 0))
s>    ( WDBNDRY_B 0 -9.905e+01 1.235e+02 1.699e+01
s>        ( - -4.397e+01 1 0)
s>        ( - 6.845e+01 2 0))INFO: dtree.c(1351): Comp split 18
INFO: dtree.c(1483): stop. leaf nodes are specific
INFO: dtree.c(1524): Final simple tree
|( SILENCE -1 1.115e+02 1.075e+02 1.924e+01
|    ( - 1.267e+02 1 0)
|    ( QUESTION0 -1 9.224e+01 8.238e+01 9.001e+00
|        ( - 7.667e+01 1 0)
|        ( - 9.796e+01 1 0)))
s>    ( SILENCE -1 1.115e+02 1.075e+02 1.924e+01
s>        ( - 1.267e+02 1 0)
s>        ( QUESTION0 -1 9.224e+01 8.238e+01 9.001e+00
s>            ( - 7.667e+01 1 0)
s>            ( - 9.796e+01 1 0)))INFO: dtree.c(1483): stop. leaf nodes are specific
INFO: dtree.c(1524): Final simple tree
|( QUESTION2 -1 5.171e+01 1.136e+02 1.700e+01
|    ( - 1.238e+02 1 0)
|    ( QUESTION0 -1 4.150e+01 1.011e+02 1.100e+01
|        ( - 3.588e+01 2 0)
|        ( - 1.067e+02 1 0)))
s>    ( QUESTION2 -1 5.171e+01 1.136e+02 1.700e+01
s>        ( - 1.238e+02 1 0)
s>        ( QUESTION0 -1 4.150e+01 1.011e+02 1.100e+01
s>            ( - 3.588e+01 2 0)
s>            ( - 1.067e+02 1 0)))INFO: dtree.c(1351): Comp split 19
INFO: dtree.c(1483): stop. leaf nodes are specific
INFO: dtree.c(1524): Final simple tree
|( QUESTION2 -1 -5.213e+01 1.220e+02 4.524e+01
|    ( - 1.306e+01 1 0)
|    ( QUESTION0 -1 5.677e+01 1.130e+02 2.005e+01
|        ( - 7.357e+01 1 0)
|        ( - 9.623e+01 1 0)))
s>    ( QUESTION2 -1 -5.213e+01 1.220e+02 4.524e+01
s>        ( - 1.306e+01 1 0)
s>        ( QUESTION0 -1 5.677e+01 1.130e+02 2.005e+01
s>            ( - 7.357e+01 1 0)
s>            ( - 9.623e+01 1 0)))INFO: dtree.c(1351): Comp split 20
INFO: dtree.c(1351): Comp split 21
INFO: dtree.c(1351): Comp split 22
INFO: dtree.c(1483): stop. leaf nodes are specific
INFO: dtree.c(1524): Final simple tree
|( QUESTION0 -1 5.677e+01 1.130e+02 2.005e+01
|    ( - 7.357e+01 1 0)
|    ( - 9.623e+01 1 0))
s>    ( QUESTION0 -1 5.677e+01 1.130e+02 2.005e+01
s>        ( - 7.357e+01 1 0)
s>        ( - 9.623e+01 1 0))INFO: dtree.c(1351): Comp split 23
INFO: dtree.c(1351): Comp split 24
INFO: dtree.c(1483): stop. leaf nodes are specific
INFO: dtree.c(1524): Final simple tree
|( QUESTION2 -1 -9.022e+02 1.052e+02 1.250e+02
|    ( - -7.955e+02 1 0)
|    ( - -1.403e+00 1 0))
s>    ( QUESTION2 -1 -9.022e+02 1.052e+02 1.250e+02
s>        ( - -7.955e+02 1 0)
s>        ( - -1.403e+00 1 0))INFO: dtree.c(1351): Comp split 25
INFO: dtree.c(1483): stop. leaf nodes are specific
INFO: dtree.c(1524): Final simple tree
|( QUESTION0 -1 4.150e+01 1.011e+02 1.100e+01
|    ( - 3.588e+01 2 0)
|    ( - 1.067e+02 1 0))
s>    ( QUESTION0 -1 4.150e+01 1.011e+02 1.100e+01
s>        ( - 3.588e+01 2 0)
s>        ( - 1.067e+02 1 0))INFO: dtree.c(1351): Comp split 26
INFO: dtree.c(1351): Comp split 27
INFO: dtree.c(1351): Comp split 28
INFO: dtree.c(1351): Comp split 29
INFO: dtree.c(1483): stop. leaf nodes are specific
INFO: dtree.c(1524): Final simple tree
|( QUESTION0 -1 9.224e+01 8.238e+01 9.001e+00
|    ( - 7.667e+01 1 0)
|    ( - 9.796e+01 1 0))
s>    ( QUESTION0 -1 9.224e+01 8.238e+01 9.001e+00
s>        ( - 7.667e+01 1 0)
s>        ( - 9.796e+01 1 0))INFO: dtree.c(1351): Comp split 30
INFO: dtree.c(1351): Comp split 31
INFO: dtree.c(1351): Comp split 32
INFO: dtree.c(1483): stop. leaf nodes are specific
INFO: dtree.c(1524): Final simple tree
|( QUESTION2 -1 -5.089e+02 6.864e+01 6.604e+01
|    ( - -2.970e+02 1 0)
|    ( - -1.433e+02 1 0))
s>    ( QUESTION2 -1 -5.089e+02 6.864e+01 6.604e+01
s>        ( - -2.970e+02 1 0)
s>        ( - -1.433e+02 1 0))INFO: dtree.c(1351): Comp split 33
INFO: dtree.c(1351): Comp split 34
INFO: dtree.c(1351): Comp split 35
INFO: dtree.c(1354): stop. leaf nodes are specific
Tue May 31 10:46:05 2011
