INFO: cmd_ln.c(691): Parsing command line:
/home/xkrajnan/Plocha/GSoC/PocketSphinx/an4/bin/bldtree \
	-treefn /home/xkrajnan/Plocha/GSoC/PocketSphinx/an4/trees/an4.unpruned/IH-0.dtree \
	-moddeffn /home/xkrajnan/Plocha/GSoC/PocketSphinx/an4/model_architecture/an4.untied.mdef \
	-mixwfn /home/xkrajnan/Plocha/GSoC/PocketSphinx/an4/model_parameters/an4.cd_cont_untied/mixture_weights \
	-ts2cbfn .cont. \
	-mwfloor 1e-08 \
	-psetfn /home/xkrajnan/Plocha/GSoC/PocketSphinx/an4/model_architecture/an4.tree_questions \
	-phone IH \
	-state 0 \
	-stwt 1.0,0.05,0.0 \
	-meanfn /home/xkrajnan/Plocha/GSoC/PocketSphinx/an4/model_parameters/an4.cd_cont_untied/means \
	-varfn /home/xkrajnan/Plocha/GSoC/PocketSphinx/an4/model_parameters/an4.cd_cont_untied/variances \
	-fullvar no \
	-ssplitmin 1 \
	-ssplitmax 7 \
	-ssplitthr 0 \
	-csplitmin 1 \
	-csplitmax 2000 \
	-csplitthr 0 

Current configuration:
[NAME]		[DEFLT]	[VALUE]
-allphones	no	no
-cntthresh	0.00001	1.000000e-05
-csplitmax	100	2000
-csplitmin	1	1
-csplitthr	8e-4	0.000000e+00
-example	no	no
-fullvar	no	no
-help		no	no
-meanfn			/home/xkrajnan/Plocha/GSoC/PocketSphinx/an4/model_parameters/an4.cd_cont_untied/means
-mixwfn			/home/xkrajnan/Plocha/GSoC/PocketSphinx/an4/model_parameters/an4.cd_cont_untied/mixture_weights
-moddeffn		/home/xkrajnan/Plocha/GSoC/PocketSphinx/an4/model_architecture/an4.untied.mdef
-mwfloor	1e-4	1.000000e-08
-phone			IH
-psetfn			/home/xkrajnan/Plocha/GSoC/PocketSphinx/an4/model_architecture/an4.tree_questions
-ssplitmax	5	7
-ssplitmin	1	1
-ssplitthr	8e-4	0.000000e+00
-state			0
-stwt			1.0,0.05,0.0,
-treefn			/home/xkrajnan/Plocha/GSoC/PocketSphinx/an4/trees/an4.unpruned/IH-0.dtree
-ts2cbfn	.semi.	.cont.
-varfloor	0.00001	1.000000e-05
-varfn			/home/xkrajnan/Plocha/GSoC/PocketSphinx/an4/model_parameters/an4.cd_cont_untied/variances

INFO: main.c(228): Reading: /home/xkrajnan/Plocha/GSoC/PocketSphinx/an4/model_architecture/an4.untied.mdef
INFO: model_def_io.c(587): Model definition info:
INFO: model_def_io.c(588): 1618 total models defined (34 base, 1584 tri)
INFO: model_def_io.c(589): 6472 total states
INFO: model_def_io.c(590): 4854 total tied states
INFO: model_def_io.c(591): 102 total tied CI states
INFO: model_def_io.c(592): 34 total tied transition matrices
INFO: model_def_io.c(593): 4 max state/model
INFO: model_def_io.c(594): 4 min state/model
INFO: main.c(247): Building trees for [IH D S i] through [IH Z R i]
INFO: main.c(275): Covering states |[1809 1835]| == 27
INFO: main.c(282): Reading: /home/xkrajnan/Plocha/GSoC/PocketSphinx/an4/model_parameters/an4.cd_cont_untied/mixture_weights
INFO: s3mixw_io.c(172): Read /home/xkrajnan/Plocha/GSoC/PocketSphinx/an4/model_parameters/an4.cd_cont_untied/mixture_weights [27x1x1 array]
INFO: main.c(320): 9 of 9 models have observation count greater than 0.000010
INFO: main.c(94): nrm stwt: 0.952 0.048 0.000 
INFO: s3gau_io.c(166): Read /home/xkrajnan/Plocha/GSoC/PocketSphinx/an4/model_parameters/an4.cd_cont_untied/means [4854x1x1 array]
INFO: s3gau_io.c(166): Read /home/xkrajnan/Plocha/GSoC/PocketSphinx/an4/model_parameters/an4.cd_cont_untied/variances [4854x1x1 array]
INFO: main.c(576): Reading: /home/xkrajnan/Plocha/GSoC/PocketSphinx/an4/model_architecture/an4.tree_questions
INFO: main.c(619): 180 total simple questions (172 phone; 8 word bndry)
INFO: main.c(621): 42 Left Only questions, and 42 Right Only questions
INFO: dtree.c(1524): Final simple tree
|( QUESTION2_10_L -1 -1.226e+04 4.474e+03 1.059e+03
|    ( QUESTION0_14_R 1 -2.935e+03 7.018e+02 5.658e+02
|        ( - -2.472e+02 1 0)
|        ( QUESTION0_0_R 1 -1.986e+03 6.815e+02 4.913e+02
|            ( - 1.310e+02 1 0)
|            ( - -1.436e+03 1 0)))
|    ( WDBNDRY_B 0 -4.851e+03 5.470e+02 4.929e+02
|        ( QUESTION0_15_R 1 -3.730e+03 2.116e+02 4.427e+02
|            ( - -2.914e+03 1 0)
|            ( QUESTION0 -1 -6.044e+02 1.489e+02 5.207e+01
|                ( - -7.304e+00 1 0)
|                ( - -4.481e+02 2 0 SILENCE -1 1.463e+02 3.707e+01)))
|        ( QUESTION0_1_R 1 -5.740e+02 2.668e+02 5.022e+01
|            ( - 2.440e+02 1 0)
|            ( - -5.513e+02 1 0))))
s>    ( QUESTION2_10_L -1 -1.226e+04 4.474e+03 1.059e+03
s>        ( QUESTION0_14_R 1 -2.935e+03 7.018e+02 5.658e+02
s>            ( - -2.472e+02 1 0)
s>            ( QUESTION0_0_R 1 -1.986e+03 6.815e+02 4.913e+02
s>                ( - 1.310e+02 1 0)
s>                ( - -1.436e+03 1 0)))
s>        ( WDBNDRY_B 0 -4.851e+03 5.470e+02 4.929e+02
s>            ( QUESTION0_15_R 1 -3.730e+03 2.116e+02 4.427e+02
s>                ( - -2.914e+03 1 0)
s>                ( QUESTION0 -1 -6.044e+02 1.489e+02 5.207e+01
s>                    ( - -7.304e+00 1 0)
s>                    ( - -4.481e+02 2 0 SILENCE -1 1.463e+02 3.707e+01)))
s>            ( QUESTION0_1_R 1 -5.740e+02 2.668e+02 5.022e+01
s>                ( - 2.440e+02 1 0)
s>                ( - -5.513e+02 1 0))))INFO: dtree.c(1351): Comp split 0
INFO: dtree.c(1483): stop. leaf nodes are specific
INFO: dtree.c(1524): Final simple tree
|( WDBNDRY_B 0 -4.851e+03 5.470e+02 4.929e+02
|    ( QUESTION0_15_R 1 -3.730e+03 2.116e+02 4.427e+02
|        ( - -2.914e+03 1 0)
|        ( QUESTION0 -1 -6.044e+02 1.489e+02 5.207e+01
|            ( - -7.304e+00 1 0)
|            ( SILENCE -1 -4.481e+02 1.463e+02 3.707e+01
|                ( - -2.355e+02 1 0)
|                ( - -6.635e+01 1 0))))
|    ( QUESTION0_1_R 1 -5.740e+02 2.668e+02 5.022e+01
|        ( - 2.440e+02 1 0)
|        ( - -5.513e+02 1 0)))
s>    ( WDBNDRY_B 0 -4.851e+03 5.470e+02 4.929e+02
s>        ( QUESTION0_15_R 1 -3.730e+03 2.116e+02 4.427e+02
s>            ( - -2.914e+03 1 0)
s>            ( QUESTION0 -1 -6.044e+02 1.489e+02 5.207e+01
s>                ( - -7.304e+00 1 0)
s>                ( SILENCE -1 -4.481e+02 1.463e+02 3.707e+01
s>                    ( - -2.355e+02 1 0)
s>                    ( - -6.635e+01 1 0))))
s>        ( QUESTION0_1_R 1 -5.740e+02 2.668e+02 5.022e+01
s>            ( - 2.440e+02 1 0)
s>            ( - -5.513e+02 1 0)))INFO: dtree.c(1483): stop. leaf nodes are specific
INFO: dtree.c(1524): Final simple tree
|( QUESTION0_14_R 1 -2.935e+03 7.018e+02 5.658e+02
|    ( - -2.472e+02 1 0)
|    ( QUESTION0_0_R 1 -1.986e+03 6.815e+02 4.913e+02
|        ( - 1.310e+02 1 0)
|        ( - -1.436e+03 1 0)))
s>    ( QUESTION0_14_R 1 -2.935e+03 7.018e+02 5.658e+02
s>        ( - -2.472e+02 1 0)
s>        ( QUESTION0_0_R 1 -1.986e+03 6.815e+02 4.913e+02
s>            ( - 1.310e+02 1 0)
s>            ( - -1.436e+03 1 0)))INFO: dtree.c(1351): Comp split 1
INFO: dtree.c(1483): stop. leaf nodes are specific
INFO: dtree.c(1524): Final simple tree
|( QUESTION0_0_R 1 -1.986e+03 6.815e+02 4.913e+02
|    ( - 1.310e+02 1 0)
|    ( - -1.436e+03 1 0))
s>    ( QUESTION0_0_R 1 -1.986e+03 6.815e+02 4.913e+02
s>        ( - 1.310e+02 1 0)
s>        ( - -1.436e+03 1 0))INFO: dtree.c(1351): Comp split 2
INFO: dtree.c(1351): Comp split 3
INFO: dtree.c(1483): stop. leaf nodes are specific
INFO: dtree.c(1524): Final simple tree
|( QUESTION0_15_R 1 -3.730e+03 2.116e+02 4.427e+02
|    ( - -2.914e+03 1 0)
|    ( QUESTION0 -1 -6.044e+02 1.489e+02 5.207e+01
|        ( - -7.304e+00 1 0)
|        ( SILENCE -1 -4.481e+02 1.463e+02 3.707e+01
|            ( - -2.355e+02 1 0)
|            ( - -6.635e+01 1 0))))
s>    ( QUESTION0_15_R 1 -3.730e+03 2.116e+02 4.427e+02
s>        ( - -2.914e+03 1 0)
s>        ( QUESTION0 -1 -6.044e+02 1.489e+02 5.207e+01
s>            ( - -7.304e+00 1 0)
s>            ( SILENCE -1 -4.481e+02 1.463e+02 3.707e+01
s>                ( - -2.355e+02 1 0)
s>                ( - -6.635e+01 1 0))))INFO: dtree.c(1483): stop. leaf nodes are specific
INFO: dtree.c(1524): Final simple tree
|( QUESTION0_1_R 1 -5.740e+02 2.668e+02 5.022e+01
|    ( - 2.440e+02 1 0)
|    ( - -5.513e+02 1 0))
s>    ( QUESTION0_1_R 1 -5.740e+02 2.668e+02 5.022e+01
s>        ( - 2.440e+02 1 0)
s>        ( - -5.513e+02 1 0))INFO: dtree.c(1351): Comp split 4
INFO: dtree.c(1351): Comp split 5
INFO: dtree.c(1483): stop. leaf nodes are specific
INFO: dtree.c(1524): Final simple tree
|( QUESTION0 -1 -6.044e+02 1.489e+02 5.207e+01
|    ( - -7.304e+00 1 0)
|    ( SILENCE -1 -4.481e+02 1.463e+02 3.707e+01
|        ( - -2.355e+02 1 0)
|        ( - -6.635e+01 1 0)))
s>    ( QUESTION0 -1 -6.044e+02 1.489e+02 5.207e+01
s>        ( - -7.304e+00 1 0)
s>        ( SILENCE -1 -4.481e+02 1.463e+02 3.707e+01
s>            ( - -2.355e+02 1 0)
s>            ( - -6.635e+01 1 0)))INFO: dtree.c(1351): Comp split 6
INFO: dtree.c(1483): stop. leaf nodes are specific
INFO: dtree.c(1524): Final simple tree
|( SILENCE -1 -4.481e+02 1.463e+02 3.707e+01
|    ( - -2.355e+02 1 0)
|    ( - -6.635e+01 1 0))
s>    ( SILENCE -1 -4.481e+02 1.463e+02 3.707e+01
s>        ( - -2.355e+02 1 0)
s>        ( - -6.635e+01 1 0))INFO: dtree.c(1351): Comp split 7
INFO: dtree.c(1351): Comp split 8
INFO: dtree.c(1354): stop. leaf nodes are specific
Tue May 31 10:45:45 2011
