INFO: cmd_ln.c(691): Parsing command line:
/home/xkrajnan/Plocha/GSoC/PocketSphinx/an4/bin/bldtree \
	-treefn /home/xkrajnan/Plocha/GSoC/PocketSphinx/an4/trees/an4.unpruned/IH-2.dtree \
	-moddeffn /home/xkrajnan/Plocha/GSoC/PocketSphinx/an4/model_architecture/an4.untied.mdef \
	-mixwfn /home/xkrajnan/Plocha/GSoC/PocketSphinx/an4/model_parameters/an4.cd_cont_untied/mixture_weights \
	-ts2cbfn .cont. \
	-mwfloor 1e-08 \
	-psetfn /home/xkrajnan/Plocha/GSoC/PocketSphinx/an4/model_architecture/an4.tree_questions \
	-phone IH \
	-state 2 \
	-stwt 1.0,0.05,0.0 \
	-meanfn /home/xkrajnan/Plocha/GSoC/PocketSphinx/an4/model_parameters/an4.cd_cont_untied/means \
	-varfn /home/xkrajnan/Plocha/GSoC/PocketSphinx/an4/model_parameters/an4.cd_cont_untied/variances \
	-fullvar no \
	-ssplitmin 1 \
	-ssplitmax 7 \
	-ssplitthr 0 \
	-csplitmin 1 \
	-csplitmax 2000 \
	-csplitthr 0 

Current configuration:
[NAME]		[DEFLT]	[VALUE]
-allphones	no	no
-cntthresh	0.00001	1.000000e-05
-csplitmax	100	2000
-csplitmin	1	1
-csplitthr	8e-4	0.000000e+00
-example	no	no
-fullvar	no	no
-help		no	no
-meanfn			/home/xkrajnan/Plocha/GSoC/PocketSphinx/an4/model_parameters/an4.cd_cont_untied/means
-mixwfn			/home/xkrajnan/Plocha/GSoC/PocketSphinx/an4/model_parameters/an4.cd_cont_untied/mixture_weights
-moddeffn		/home/xkrajnan/Plocha/GSoC/PocketSphinx/an4/model_architecture/an4.untied.mdef
-mwfloor	1e-4	1.000000e-08
-phone			IH
-psetfn			/home/xkrajnan/Plocha/GSoC/PocketSphinx/an4/model_architecture/an4.tree_questions
-ssplitmax	5	7
-ssplitmin	1	1
-ssplitthr	8e-4	0.000000e+00
-state			2
-stwt			1.0,0.05,0.0,
-treefn			/home/xkrajnan/Plocha/GSoC/PocketSphinx/an4/trees/an4.unpruned/IH-2.dtree
-ts2cbfn	.semi.	.cont.
-varfloor	0.00001	1.000000e-05
-varfn			/home/xkrajnan/Plocha/GSoC/PocketSphinx/an4/model_parameters/an4.cd_cont_untied/variances

INFO: main.c(228): Reading: /home/xkrajnan/Plocha/GSoC/PocketSphinx/an4/model_architecture/an4.untied.mdef
INFO: model_def_io.c(587): Model definition info:
INFO: model_def_io.c(588): 1618 total models defined (34 base, 1584 tri)
INFO: model_def_io.c(589): 6472 total states
INFO: model_def_io.c(590): 4854 total tied states
INFO: model_def_io.c(591): 102 total tied CI states
INFO: model_def_io.c(592): 34 total tied transition matrices
INFO: model_def_io.c(593): 4 max state/model
INFO: model_def_io.c(594): 4 min state/model
INFO: main.c(247): Building trees for [IH D S i] through [IH Z R i]
INFO: main.c(275): Covering states |[1809 1835]| == 27
INFO: main.c(282): Reading: /home/xkrajnan/Plocha/GSoC/PocketSphinx/an4/model_parameters/an4.cd_cont_untied/mixture_weights
INFO: s3mixw_io.c(172): Read /home/xkrajnan/Plocha/GSoC/PocketSphinx/an4/model_parameters/an4.cd_cont_untied/mixture_weights [27x1x1 array]
INFO: main.c(320): 9 of 9 models have observation count greater than 0.000010
INFO: main.c(94): nrm stwt: 0.000 0.048 0.952 
INFO: s3gau_io.c(166): Read /home/xkrajnan/Plocha/GSoC/PocketSphinx/an4/model_parameters/an4.cd_cont_untied/means [4854x1x1 array]
INFO: s3gau_io.c(166): Read /home/xkrajnan/Plocha/GSoC/PocketSphinx/an4/model_parameters/an4.cd_cont_untied/variances [4854x1x1 array]
INFO: main.c(576): Reading: /home/xkrajnan/Plocha/GSoC/PocketSphinx/an4/model_architecture/an4.tree_questions
INFO: main.c(619): 180 total simple questions (172 phone; 8 word bndry)
INFO: main.c(621): 42 Left Only questions, and 42 Right Only questions
INFO: dtree.c(1524): Final simple tree
|( QUESTION0 -1 -1.388e+04 2.928e+03 1.299e+03
|    ( QUESTION0_0_R 1 -7.771e+03 8.806e+02 9.969e+02
|        ( - -4.991e+02 1 0)
|        ( WDBNDRY_B 0 -6.391e+03 2.046e+02 8.343e+02
|            ( - 1.636e+02 1 0)
|            ( - -6.350e+03 1 0)))
|    ( QUESTION9 -1 -3.179e+03 8.729e+02 3.023e+02
|        ( - -4.410e+01 1 0)
|        ( WDBNDRY_B 0 -2.262e+03 4.914e+02 1.681e+02
|            ( QUESTION0_15_R 1 -1.417e+03 1.935e+02 1.237e+02
|                ( - -1.085e+03 1 0)
|                ( - -1.387e+02 2 0 SILENCE -1 1.517e+02 1.000e+01))
|            ( QUESTION0_1_R 1 -3.531e+02 2.640e+02 4.434e+01
|                ( - 2.440e+02 1 0)
|                ( - -3.332e+02 1 0)))))
s>    ( QUESTION0 -1 -1.388e+04 2.928e+03 1.299e+03
s>        ( QUESTION0_0_R 1 -7.771e+03 8.806e+02 9.969e+02
s>            ( - -4.991e+02 1 0)
s>            ( WDBNDRY_B 0 -6.391e+03 2.046e+02 8.343e+02
s>                ( - 1.636e+02 1 0)
s>                ( - -6.350e+03 1 0)))
s>        ( QUESTION9 -1 -3.179e+03 8.729e+02 3.023e+02
s>            ( - -4.410e+01 1 0)
s>            ( WDBNDRY_B 0 -2.262e+03 4.914e+02 1.681e+02
s>                ( QUESTION0_15_R 1 -1.417e+03 1.935e+02 1.237e+02
s>                    ( - -1.085e+03 1 0)
s>                    ( - -1.387e+02 2 0 SILENCE -1 1.517e+02 1.000e+01))
s>                ( QUESTION0_1_R 1 -3.531e+02 2.640e+02 4.434e+01
s>                    ( - 2.440e+02 1 0)
s>                    ( - -3.332e+02 1 0)))))INFO: dtree.c(1351): Comp split 0
INFO: dtree.c(1483): stop. leaf nodes are specific
INFO: dtree.c(1524): Final simple tree
|( QUESTION9 -1 -3.207e+03 8.737e+02 3.043e+02
|    ( - -4.410e+01 1 0)
|    ( WDBNDRY_B 0 -2.289e+03 4.954e+02 1.701e+02
|        ( QUESTION0 -1 -1.441e+03 1.870e+02 1.257e+02
|            ( - 1.636e+02 1 0)
|            ( QUESTION0_15_R 1 -1.417e+03 1.935e+02 1.237e+02
|                ( - -1.085e+03 1 0)
|                ( SILENCE -1 -1.387e+02 1.517e+02 1.000e+01
|                    ( - 8.394e+01 1 0)
|                    ( - -7.091e+01 1 0))))
|        ( QUESTION0_1_R 1 -3.531e+02 2.640e+02 4.434e+01
|            ( - 2.440e+02 1 0)
|            ( - -3.332e+02 1 0))))
s>    ( QUESTION9 -1 -3.207e+03 8.737e+02 3.043e+02
s>        ( - -4.410e+01 1 0)
s>        ( WDBNDRY_B 0 -2.289e+03 4.954e+02 1.701e+02
s>            ( QUESTION0 -1 -1.441e+03 1.870e+02 1.257e+02
s>                ( - 1.636e+02 1 0)
s>                ( QUESTION0_15_R 1 -1.417e+03 1.935e+02 1.237e+02
s>                    ( - -1.085e+03 1 0)
s>                    ( SILENCE -1 -1.387e+02 1.517e+02 1.000e+01
s>                        ( - 8.394e+01 1 0)
s>                        ( - -7.091e+01 1 0))))
s>            ( QUESTION0_1_R 1 -3.531e+02 2.640e+02 4.434e+01
s>                ( - 2.440e+02 1 0)
s>                ( - -3.332e+02 1 0))))INFO: dtree.c(1483): stop. leaf nodes are specific
INFO: dtree.c(1524): Final simple tree
|( QUESTION0_0_R 1 -7.731e+03 8.815e+02 9.949e+02
|    ( - -4.991e+02 1 0)
|    ( - -6.350e+03 1 0))
s>    ( QUESTION0_0_R 1 -7.731e+03 8.815e+02 9.949e+02
s>        ( - -4.991e+02 1 0)
s>        ( - -6.350e+03 1 0))INFO: dtree.c(1351): Comp split 1
INFO: dtree.c(1351): Comp split 2
INFO: dtree.c(1483): stop. leaf nodes are specific
INFO: dtree.c(1524): Final simple tree
|( WDBNDRY_B 0 -2.289e+03 4.954e+02 1.701e+02
|    ( QUESTION0 -1 -1.441e+03 1.870e+02 1.257e+02
|        ( - 1.636e+02 1 0)
|        ( QUESTION0_15_R 1 -1.417e+03 1.935e+02 1.237e+02
|            ( - -1.085e+03 1 0)
|            ( SILENCE -1 -1.387e+02 1.517e+02 1.000e+01
|                ( - 8.394e+01 1 0)
|                ( - -7.091e+01 1 0))))
|    ( QUESTION0_1_R 1 -3.531e+02 2.640e+02 4.434e+01
|        ( - 2.440e+02 1 0)
|        ( - -3.332e+02 1 0)))
s>    ( WDBNDRY_B 0 -2.289e+03 4.954e+02 1.701e+02
s>        ( QUESTION0 -1 -1.441e+03 1.870e+02 1.257e+02
s>            ( - 1.636e+02 1 0)
s>            ( QUESTION0_15_R 1 -1.417e+03 1.935e+02 1.237e+02
s>                ( - -1.085e+03 1 0)
s>                ( SILENCE -1 -1.387e+02 1.517e+02 1.000e+01
s>                    ( - 8.394e+01 1 0)
s>                    ( - -7.091e+01 1 0))))
s>        ( QUESTION0_1_R 1 -3.531e+02 2.640e+02 4.434e+01
s>            ( - 2.440e+02 1 0)
s>            ( - -3.332e+02 1 0)))INFO: dtree.c(1351): Comp split 3
INFO: dtree.c(1483): stop. leaf nodes are specific
INFO: dtree.c(1524): Final simple tree
|( QUESTION0 -1 -1.441e+03 1.870e+02 1.257e+02
|    ( - 1.636e+02 1 0)
|    ( QUESTION0_15_R 1 -1.417e+03 1.935e+02 1.237e+02
|        ( - -1.085e+03 1 0)
|        ( SILENCE -1 -1.387e+02 1.517e+02 1.000e+01
|            ( - 8.394e+01 1 0)
|            ( - -7.091e+01 1 0))))
s>    ( QUESTION0 -1 -1.441e+03 1.870e+02 1.257e+02
s>        ( - 1.636e+02 1 0)
s>        ( QUESTION0_15_R 1 -1.417e+03 1.935e+02 1.237e+02
s>            ( - -1.085e+03 1 0)
s>            ( SILENCE -1 -1.387e+02 1.517e+02 1.000e+01
s>                ( - 8.394e+01 1 0)
s>                ( - -7.091e+01 1 0))))INFO: dtree.c(1483): stop. leaf nodes are specific
INFO: dtree.c(1524): Final simple tree
|( QUESTION0_1_R 1 -3.531e+02 2.640e+02 4.434e+01
|    ( - 2.440e+02 1 0)
|    ( - -3.332e+02 1 0))
s>    ( QUESTION0_1_R 1 -3.531e+02 2.640e+02 4.434e+01
s>        ( - 2.440e+02 1 0)
s>        ( - -3.332e+02 1 0))INFO: dtree.c(1351): Comp split 4
INFO: dtree.c(1351): Comp split 5
INFO: dtree.c(1483): stop. leaf nodes are specific
INFO: dtree.c(1524): Final simple tree
|( SILENCE -1 -1.387e+02 1.517e+02 1.000e+01
|    ( - 8.394e+01 1 0)
|    ( - -7.091e+01 1 0))
s>    ( SILENCE -1 -1.387e+02 1.517e+02 1.000e+01
s>        ( - 8.394e+01 1 0)
s>        ( - -7.091e+01 1 0))INFO: dtree.c(1483): stop. leaf nodes are specific
INFO: dtree.c(1524): Final simple tree
|( SILENCE -1 -1.109e+03 1.872e+02 1.157e+02
|    ( - -1.085e+03 1 0)
|    ( - 1.636e+02 1 0))
s>    ( SILENCE -1 -1.109e+03 1.872e+02 1.157e+02
s>        ( - -1.085e+03 1 0)
s>        ( - 1.636e+02 1 0))INFO: dtree.c(1351): Comp split 6
INFO: dtree.c(1351): Comp split 7
INFO: dtree.c(1351): Comp split 8
INFO: dtree.c(1354): stop. leaf nodes are specific
Tue May 31 10:45:45 2011
