INFO: cmd_ln.c(691): Parsing command line:
/home/xkrajnan/Plocha/GSoC/PocketSphinx/an4/bin/bldtree \
	-treefn /home/xkrajnan/Plocha/GSoC/PocketSphinx/an4/trees/an4.unpruned/M-0.dtree \
	-moddeffn /home/xkrajnan/Plocha/GSoC/PocketSphinx/an4/model_architecture/an4.untied.mdef \
	-mixwfn /home/xkrajnan/Plocha/GSoC/PocketSphinx/an4/model_parameters/an4.cd_cont_untied/mixture_weights \
	-ts2cbfn .cont. \
	-mwfloor 1e-08 \
	-psetfn /home/xkrajnan/Plocha/GSoC/PocketSphinx/an4/model_architecture/an4.tree_questions \
	-phone M \
	-state 0 \
	-stwt 1.0,0.05,0.0 \
	-meanfn /home/xkrajnan/Plocha/GSoC/PocketSphinx/an4/model_parameters/an4.cd_cont_untied/means \
	-varfn /home/xkrajnan/Plocha/GSoC/PocketSphinx/an4/model_parameters/an4.cd_cont_untied/variances \
	-fullvar no \
	-ssplitmin 1 \
	-ssplitmax 7 \
	-ssplitthr 0 \
	-csplitmin 1 \
	-csplitmax 2000 \
	-csplitthr 0 

Current configuration:
[NAME]		[DEFLT]	[VALUE]
-allphones	no	no
-cntthresh	0.00001	1.000000e-05
-csplitmax	100	2000
-csplitmin	1	1
-csplitthr	8e-4	0.000000e+00
-example	no	no
-fullvar	no	no
-help		no	no
-meanfn			/home/xkrajnan/Plocha/GSoC/PocketSphinx/an4/model_parameters/an4.cd_cont_untied/means
-mixwfn			/home/xkrajnan/Plocha/GSoC/PocketSphinx/an4/model_parameters/an4.cd_cont_untied/mixture_weights
-moddeffn		/home/xkrajnan/Plocha/GSoC/PocketSphinx/an4/model_architecture/an4.untied.mdef
-mwfloor	1e-4	1.000000e-08
-phone			M
-psetfn			/home/xkrajnan/Plocha/GSoC/PocketSphinx/an4/model_architecture/an4.tree_questions
-ssplitmax	5	7
-ssplitmin	1	1
-ssplitthr	8e-4	0.000000e+00
-state			0
-stwt			1.0,0.05,0.0,
-treefn			/home/xkrajnan/Plocha/GSoC/PocketSphinx/an4/trees/an4.unpruned/M-0.dtree
-ts2cbfn	.semi.	.cont.
-varfloor	0.00001	1.000000e-05
-varfn			/home/xkrajnan/Plocha/GSoC/PocketSphinx/an4/model_parameters/an4.cd_cont_untied/variances

INFO: main.c(228): Reading: /home/xkrajnan/Plocha/GSoC/PocketSphinx/an4/model_architecture/an4.untied.mdef
INFO: model_def_io.c(587): Model definition info:
INFO: model_def_io.c(588): 1618 total models defined (34 base, 1584 tri)
INFO: model_def_io.c(589): 6472 total states
INFO: model_def_io.c(590): 4854 total tied states
INFO: model_def_io.c(591): 102 total tied CI states
INFO: model_def_io.c(592): 34 total tied transition matrices
INFO: model_def_io.c(593): 4 max state/model
INFO: model_def_io.c(594): 4 min state/model
INFO: main.c(247): Building trees for [M EH AH e] through [M SIL EY b]
INFO: main.c(275): Covering states |[2904 2972]| == 69
INFO: main.c(282): Reading: /home/xkrajnan/Plocha/GSoC/PocketSphinx/an4/model_parameters/an4.cd_cont_untied/mixture_weights
INFO: s3mixw_io.c(172): Read /home/xkrajnan/Plocha/GSoC/PocketSphinx/an4/model_parameters/an4.cd_cont_untied/mixture_weights [69x1x1 array]
INFO: main.c(320): 23 of 23 models have observation count greater than 0.000010
INFO: main.c(94): nrm stwt: 0.952 0.048 0.000 
INFO: s3gau_io.c(166): Read /home/xkrajnan/Plocha/GSoC/PocketSphinx/an4/model_parameters/an4.cd_cont_untied/means [4854x1x1 array]
INFO: s3gau_io.c(166): Read /home/xkrajnan/Plocha/GSoC/PocketSphinx/an4/model_parameters/an4.cd_cont_untied/variances [4854x1x1 array]
INFO: main.c(576): Reading: /home/xkrajnan/Plocha/GSoC/PocketSphinx/an4/model_architecture/an4.tree_questions
INFO: main.c(619): 180 total simple questions (172 phone; 8 word bndry)
INFO: main.c(621): 42 Left Only questions, and 42 Right Only questions
INFO: dtree.c(1524): Final simple tree
|( WDBNDRY_E 0 8.053e+03 7.128e+02 5.157e+02
|    ( QUESTION0_13_R 1 8.672e+03 3.550e+02 4.916e+02
|        ( QUESTION13 1 4.790e+03 2.804e+02 2.437e+02
|            ( - 1.835e+03 1 0)
|            ( QUESTION4 1 3.235e+03 2.990e+02 1.432e+02
|                ( - 5.317e+02 1 0)
|                ( - 3.002e+03 5 0 QUESTION0 1 2.203e+02 1.243e+02)))
|        ( QUESTION0_1_R 1 4.238e+03 3.469e+02 2.479e+02
|            ( - 8.192e+02 1 0)
|            ( SILENCE 1 3.765e+03 3.235e+02 2.249e+02
|                ( - 5.800e+02 1 0)
|                ( - 3.509e+03 10 0 QUESTION0_6_R 1 2.332e+02 2.045e+02))))
|    ( QUESTION2 -1 9.364e+01 4.175e+02 2.401e+01
|        ( - 5.104e+02 1 0)
|        ( - 7.208e-01 3 0 WDBNDRY_B 0 2.671e+02 1.601e+01)))
s>    ( WDBNDRY_E 0 8.053e+03 7.128e+02 5.157e+02
s>        ( QUESTION0_13_R 1 8.672e+03 3.550e+02 4.916e+02
s>            ( QUESTION13 1 4.790e+03 2.804e+02 2.437e+02
s>                ( - 1.835e+03 1 0)
s>                ( QUESTION4 1 3.235e+03 2.990e+02 1.432e+02
s>                    ( - 5.317e+02 1 0)
s>                    ( - 3.002e+03 5 0 QUESTION0 1 2.203e+02 1.243e+02)))
s>            ( QUESTION0_1_R 1 4.238e+03 3.469e+02 2.479e+02
s>                ( - 8.192e+02 1 0)
s>                ( SILENCE 1 3.765e+03 3.235e+02 2.249e+02
s>                    ( - 5.800e+02 1 0)
s>                    ( - 3.509e+03 10 0 QUESTION0_6_R 1 2.332e+02 2.045e+02))))
s>        ( QUESTION2 -1 9.364e+01 4.175e+02 2.401e+01
s>            ( - 5.104e+02 1 0)
s>            ( - 7.208e-01 3 0 WDBNDRY_B 0 2.671e+02 1.601e+01)))INFO: dtree.c(1351): Comp split 0
INFO: dtree.c(1483): stop. leaf nodes are specific
INFO: dtree.c(1524): Final simple tree
|( WDBNDRY_B 0 3.700e+03 4.208e+02 1.553e+02
|    ( - 5.104e+02 1 0)
|    ( QUESTION0 1 3.611e+03 2.133e+02 1.473e+02
|        ( QUESTION0_0_R 1 2.733e+03 2.175e+02 1.143e+02
|            ( - 8.192e+02 1 0)
|            ( - 2.132e+03 3 0))
|        ( QUESTION2 1 1.091e+03 1.264e+02 3.299e+01
|            ( - 6.351e+02 1 0)
|            ( - 5.819e+02 1 0))))
s>    ( WDBNDRY_B 0 3.700e+03 4.208e+02 1.553e+02
s>        ( - 5.104e+02 1 0)
s>        ( QUESTION0 1 3.611e+03 2.133e+02 1.473e+02
s>            ( QUESTION0_0_R 1 2.733e+03 2.175e+02 1.143e+02
s>                ( - 8.192e+02 1 0)
s>                ( - 2.132e+03 3 0))
s>            ( QUESTION2 1 1.091e+03 1.264e+02 3.299e+01
s>                ( - 6.351e+02 1 0)
s>                ( - 5.819e+02 1 0))))INFO: dtree.c(1524): Final simple tree
|( WDBNDRY_E 0 5.080e+03 6.129e+02 3.604e+02
|    ( SILENCE 1 5.692e+03 3.202e+02 3.444e+02
|        ( - 5.800e+02 1 0)
|        ( QUESTION3 1 5.432e+03 2.631e+02 3.240e+02
|            ( QUESTION0_9_R 1 1.144e+03 2.444e+02 5.194e+01
|                ( - 6.655e+02 2 0 QUESTION4 1 1.812e+02 2.600e+01)
|                ( - 7.230e+02 2 0 QUESTION0_0_R 1 1.480e+02 2.594e+01))
|            ( QUESTION0_6_R 1 4.551e+03 2.350e+02 2.720e+02
|                ( QUESTION0 1 6.617e+02 3.135e+02 2.200e+01
|                    ( - 6.349e+02 1 0)
|                    ( - 3.402e+02 1 0))
|                ( - 4.125e+03 6 0 QUESTION0_13_R 1 2.134e+02 2.500e+02))))
|    ( WDBNDRY_B 0 7.208e-01 2.671e+02 1.601e+01
|        ( - 2.074e+02 2 0 QUESTION0 1 1.442e+02 6.000e+00)
|        ( - 6.048e+01 1 0)))
s>    ( WDBNDRY_E 0 5.080e+03 6.129e+02 3.604e+02
s>        ( SILENCE 1 5.692e+03 3.202e+02 3.444e+02
s>            ( - 5.800e+02 1 0)
s>            ( QUESTION3 1 5.432e+03 2.631e+02 3.240e+02
s>                ( QUESTION0_9_R 1 1.144e+03 2.444e+02 5.194e+01
s>                    ( - 6.655e+02 2 0 QUESTION4 1 1.812e+02 2.600e+01)
s>                    ( - 7.230e+02 2 0 QUESTION0_0_R 1 1.480e+02 2.594e+01))
s>                ( QUESTION0_6_R 1 4.551e+03 2.350e+02 2.720e+02
s>                    ( QUESTION0 1 6.617e+02 3.135e+02 2.200e+01
s>                        ( - 6.349e+02 1 0)
s>                        ( - 3.402e+02 1 0))
s>                    ( - 4.125e+03 6 0 QUESTION0_13_R 1 2.134e+02 2.500e+02))))
s>        ( WDBNDRY_B 0 7.208e-01 2.671e+02 1.601e+01
s>            ( - 2.074e+02 2 0 QUESTION0 1 1.442e+02 6.000e+00)
s>            ( - 6.048e+01 1 0)))INFO: dtree.c(1351): Comp split 1
INFO: dtree.c(1524): Final simple tree
|( SILENCE 1 5.692e+03 3.202e+02 3.444e+02
|    ( - 5.800e+02 1 0)
|    ( QUESTION3 1 5.432e+03 2.631e+02 3.240e+02
|        ( QUESTION0_9_R 1 1.144e+03 2.444e+02 5.194e+01
|            ( QUESTION4 1 6.655e+02 1.812e+02 2.600e+01
|                ( - 4.137e+02 1 0)
|                ( - 4.330e+02 1 0))
|            ( - 7.230e+02 2 0 QUESTION0_0_R 1 1.480e+02 2.594e+01))
|        ( QUESTION0_6_R 1 4.551e+03 2.350e+02 2.720e+02
|            ( QUESTION0 1 6.617e+02 3.135e+02 2.200e+01
|                ( - 6.349e+02 1 0)
|                ( - 3.402e+02 1 0))
|            ( QUESTION0_13_R 1 4.125e+03 2.134e+02 2.500e+02
|                ( - 1.835e+03 1 0)
|                ( - 2.503e+03 5 0 QUESTION0_3_R 1 1.810e+02 1.495e+02)))))
s>    ( SILENCE 1 5.692e+03 3.202e+02 3.444e+02
s>        ( - 5.800e+02 1 0)
s>        ( QUESTION3 1 5.432e+03 2.631e+02 3.240e+02
s>            ( QUESTION0_9_R 1 1.144e+03 2.444e+02 5.194e+01
s>                ( QUESTION4 1 6.655e+02 1.812e+02 2.600e+01
s>                    ( - 4.137e+02 1 0)
s>                    ( - 4.330e+02 1 0))
s>                ( - 7.230e+02 2 0 QUESTION0_0_R 1 1.480e+02 2.594e+01))
s>            ( QUESTION0_6_R 1 4.551e+03 2.350e+02 2.720e+02
s>                ( QUESTION0 1 6.617e+02 3.135e+02 2.200e+01
s>                    ( - 6.349e+02 1 0)
s>                    ( - 3.402e+02 1 0))
s>                ( QUESTION0_13_R 1 4.125e+03 2.134e+02 2.500e+02
s>                    ( - 1.835e+03 1 0)
s>                    ( - 2.503e+03 5 0 QUESTION0_3_R 1 1.810e+02 1.495e+02)))))INFO: dtree.c(1483): stop. leaf nodes are specific
INFO: dtree.c(1524): Final simple tree
|( WDBNDRY_B 0 7.208e-01 2.671e+02 1.601e+01
|    ( QUESTION0 1 2.074e+02 1.442e+02 6.000e+00
|        ( - 1.634e+02 1 0)
|        ( - 1.882e+02 1 0))
|    ( - 6.048e+01 1 0))
s>    ( WDBNDRY_B 0 7.208e-01 2.671e+02 1.601e+01
s>        ( QUESTION0 1 2.074e+02 1.442e+02 6.000e+00
s>            ( - 1.634e+02 1 0)
s>            ( - 1.882e+02 1 0))
s>        ( - 6.048e+01 1 0))INFO: dtree.c(1351): Comp split 2
INFO: dtree.c(1483): stop. leaf nodes are specific
INFO: dtree.c(1524): Final simple tree
|( QUESTION0 1 3.611e+03 2.133e+02 1.473e+02
|    ( QUESTION0_0_R 1 2.733e+03 2.175e+02 1.143e+02
|        ( - 8.192e+02 1 0)
|        ( - 2.132e+03 3 0))
|    ( QUESTION2 1 1.091e+03 1.264e+02 3.299e+01
|        ( - 6.351e+02 1 0)
|        ( - 5.819e+02 1 0)))
s>    ( QUESTION0 1 3.611e+03 2.133e+02 1.473e+02
s>        ( QUESTION0_0_R 1 2.733e+03 2.175e+02 1.143e+02
s>            ( - 8.192e+02 1 0)
s>            ( - 2.132e+03 3 0))
s>        ( QUESTION2 1 1.091e+03 1.264e+02 3.299e+01
s>            ( - 6.351e+02 1 0)
s>            ( - 5.819e+02 1 0)))INFO: dtree.c(1351): Comp split 3
INFO: dtree.c(1483): stop. leaf nodes are specific
INFO: dtree.c(1524): Final simple tree
|( SILENCE 1 1.000e+03 2.144e+02 3.637e+01
|    ( - 5.800e+02 1 0)
|    ( - 6.349e+02 1 0))
s>    ( SILENCE 1 1.000e+03 2.144e+02 3.637e+01
s>        ( - 5.800e+02 1 0)
s>        ( - 6.349e+02 1 0))INFO: dtree.c(1524): Final simple tree
|( QUESTION3 1 5.111e+03 2.666e+02 3.080e+02
|    ( QUESTION0_9_R 1 1.144e+03 2.444e+02 5.194e+01
|        ( QUESTION4 1 6.655e+02 1.812e+02 2.600e+01
|            ( - 4.137e+02 1 0)
|            ( - 4.330e+02 1 0))
|        ( - 7.230e+02 2 0 QUESTION0_0_R 1 1.480e+02 2.594e+01))
|    ( QUESTION0_6_R 1 4.234e+03 2.313e+02 2.560e+02
|        ( - 3.402e+02 1 0)
|        ( QUESTION0_13_R 1 4.125e+03 2.134e+02 2.500e+02
|            ( - 1.835e+03 1 0)
|            ( QUESTION0_3_R 1 2.503e+03 1.810e+02 1.495e+02
|                ( - 4.155e+02 1 0)
|                ( QUESTION0_0_R 1 2.268e+03 1.616e+02 1.365e+02
|                    ( - 1.063e+03 1 0)
|                    ( - 1.366e+03 3 0 QUESTION0_15_R 1 1.565e+02 8.228e+01))))))
s>    ( QUESTION3 1 5.111e+03 2.666e+02 3.080e+02
s>        ( QUESTION0_9_R 1 1.144e+03 2.444e+02 5.194e+01
s>            ( QUESTION4 1 6.655e+02 1.812e+02 2.600e+01
s>                ( - 4.137e+02 1 0)
s>                ( - 4.330e+02 1 0))
s>            ( - 7.230e+02 2 0 QUESTION0_0_R 1 1.480e+02 2.594e+01))
s>        ( QUESTION0_6_R 1 4.234e+03 2.313e+02 2.560e+02
s>            ( - 3.402e+02 1 0)
s>            ( QUESTION0_13_R 1 4.125e+03 2.134e+02 2.500e+02
s>                ( - 1.835e+03 1 0)
s>                ( QUESTION0_3_R 1 2.503e+03 1.810e+02 1.495e+02
s>                    ( - 4.155e+02 1 0)
s>                    ( QUESTION0_0_R 1 2.268e+03 1.616e+02 1.365e+02
s>                        ( - 1.063e+03 1 0)
s>                        ( - 1.366e+03 3 0 QUESTION0_15_R 1 1.565e+02 8.228e+01))))))INFO: dtree.c(1351): Comp split 4
INFO: dtree.c(1483): stop. leaf nodes are specific
INFO: dtree.c(1524): Final simple tree
|( QUESTION11 1 4.125e+03 2.215e+02 2.490e+02
|    ( QUESTION0_0_R 1 2.751e+03 1.474e+02 1.548e+02
|        ( - 1.063e+03 1 0)
|        ( - 1.835e+03 1 0))
|    ( QUESTION0_0_R 1 1.596e+03 2.035e+02 9.428e+01
|        ( - 4.330e+02 1 0)
|        ( QUESTION0_15_R 1 1.366e+03 1.565e+02 8.228e+01
|            ( - 1.190e+03 2 0)
|            ( - 3.328e+02 1 0))))
s>    ( QUESTION11 1 4.125e+03 2.215e+02 2.490e+02
s>        ( QUESTION0_0_R 1 2.751e+03 1.474e+02 1.548e+02
s>            ( - 1.063e+03 1 0)
s>            ( - 1.835e+03 1 0))
s>        ( QUESTION0_0_R 1 1.596e+03 2.035e+02 9.428e+01
s>            ( - 4.330e+02 1 0)
s>            ( QUESTION0_15_R 1 1.366e+03 1.565e+02 8.228e+01
s>                ( - 1.190e+03 2 0)
s>                ( - 3.328e+02 1 0))))INFO: dtree.c(1483): stop. leaf nodes are specific
INFO: dtree.c(1524): Final simple tree
|( QUESTION0_5_R 1 1.315e+03 2.273e+02 5.895e+01
|    ( - 3.402e+02 1 0)
|    ( QUESTION0_10_R 1 1.202e+03 1.617e+02 5.295e+01
|        ( - 3.393e+02 1 0)
|        ( QUESTION0_0_R 1 1.024e+03 2.096e+02 4.595e+01
|            ( QUESTION0_3_R 1 7.019e+02 1.273e+02 2.700e+01
|                ( - 4.155e+02 1 0)
|                ( - 4.137e+02 1 0))
|            ( - 5.317e+02 1 0))))
s>    ( QUESTION0_5_R 1 1.315e+03 2.273e+02 5.895e+01
s>        ( - 3.402e+02 1 0)
s>        ( QUESTION0_10_R 1 1.202e+03 1.617e+02 5.295e+01
s>            ( - 3.393e+02 1 0)
s>            ( QUESTION0_0_R 1 1.024e+03 2.096e+02 4.595e+01
s>                ( QUESTION0_3_R 1 7.019e+02 1.273e+02 2.700e+01
s>                    ( - 4.155e+02 1 0)
s>                    ( - 4.137e+02 1 0))
s>                ( - 5.317e+02 1 0))))INFO: dtree.c(1351): Comp split 5
INFO: dtree.c(1483): stop. leaf nodes are specific
INFO: dtree.c(1524): Final simple tree
|( QUESTION0 1 2.074e+02 1.442e+02 6.000e+00
|    ( - 1.634e+02 1 0)
|    ( - 1.882e+02 1 0))
s>    ( QUESTION0 1 2.074e+02 1.442e+02 6.000e+00
s>        ( - 1.634e+02 1 0)
s>        ( - 1.882e+02 1 0))INFO: dtree.c(1351): Comp split 6
INFO: dtree.c(1483): stop. leaf nodes are specific
INFO: dtree.c(1524): Final simple tree
|( QUESTION0_5_R 1 8.262e+02 2.159e+02 3.300e+01
|    ( - 3.402e+02 1 0)
|    ( QUESTION0_3_R 1 7.019e+02 1.273e+02 2.700e+01
|        ( - 4.155e+02 1 0)
|        ( - 4.137e+02 1 0)))
s>    ( QUESTION0_5_R 1 8.262e+02 2.159e+02 3.300e+01
s>        ( - 3.402e+02 1 0)
s>        ( QUESTION0_3_R 1 7.019e+02 1.273e+02 2.700e+01
s>            ( - 4.155e+02 1 0)
s>            ( - 4.137e+02 1 0)))INFO: dtree.c(1483): stop. leaf nodes are specific
INFO: dtree.c(1524): Final simple tree
|( QUESTION0_0_R 1 7.230e+02 1.480e+02 2.594e+01
|    ( - 3.393e+02 1 0)
|    ( - 5.317e+02 1 0))
s>    ( QUESTION0_0_R 1 7.230e+02 1.480e+02 2.594e+01
s>        ( - 3.393e+02 1 0)
s>        ( - 5.317e+02 1 0))INFO: dtree.c(1351): Comp split 7
INFO: dtree.c(1483): stop. leaf nodes are specific
INFO: dtree.c(1524): Final simple tree
|( QUESTION0_0_R 1 1.596e+03 2.035e+02 9.428e+01
|    ( - 4.330e+02 1 0)
|    ( QUESTION0_15_R 1 1.366e+03 1.565e+02 8.228e+01
|        ( - 1.190e+03 2 0)
|        ( - 3.328e+02 1 0)))
s>    ( QUESTION0_0_R 1 1.596e+03 2.035e+02 9.428e+01
s>        ( - 4.330e+02 1 0)
s>        ( QUESTION0_15_R 1 1.366e+03 1.565e+02 8.228e+01
s>            ( - 1.190e+03 2 0)
s>            ( - 3.328e+02 1 0)))INFO: dtree.c(1483): stop. leaf nodes are specific
INFO: dtree.c(1524): Final simple tree
|( QUESTION0_0_R 1 2.751e+03 1.474e+02 1.548e+02
|    ( - 1.063e+03 1 0)
|    ( - 1.835e+03 1 0))
s>    ( QUESTION0_0_R 1 2.751e+03 1.474e+02 1.548e+02
s>        ( - 1.063e+03 1 0)
s>        ( - 1.835e+03 1 0))INFO: dtree.c(1351): Comp split 8
INFO: dtree.c(1483): stop. leaf nodes are specific
INFO: dtree.c(1524): Final simple tree
|( QUESTION0_3_R 1 7.019e+02 1.273e+02 2.700e+01
|    ( - 4.155e+02 1 0)
|    ( - 4.137e+02 1 0))
s>    ( QUESTION0_3_R 1 7.019e+02 1.273e+02 2.700e+01
s>        ( - 4.155e+02 1 0)
s>        ( - 4.137e+02 1 0))INFO: dtree.c(1351): Comp split 9
INFO: dtree.c(1351): Comp split 10
INFO: dtree.c(1483): stop. leaf nodes are specific
INFO: dtree.c(1524): Final simple tree
|( QUESTION2 1 1.091e+03 1.264e+02 3.299e+01
|    ( - 6.351e+02 1 0)
|    ( - 5.819e+02 1 0))
s>    ( QUESTION2 1 1.091e+03 1.264e+02 3.299e+01
s>        ( - 6.351e+02 1 0)
s>        ( - 5.819e+02 1 0))INFO: dtree.c(1483): stop. leaf nodes are specific
INFO: dtree.c(1524): Final simple tree
|( QUESTION0_0_R 1 2.733e+03 2.175e+02 1.143e+02
|    ( - 8.192e+02 1 0)
|    ( - 2.132e+03 3 0))
s>    ( QUESTION0_0_R 1 2.733e+03 2.175e+02 1.143e+02
s>        ( - 8.192e+02 1 0)
s>        ( - 2.132e+03 3 0))INFO: dtree.c(1351): Comp split 11
INFO: dtree.c(1351): Comp split 12
INFO: dtree.c(1483): stop. leaf nodes are specific
INFO: dtree.c(1524): Final simple tree
|( QUESTION0_15_R 1 1.366e+03 1.565e+02 8.228e+01
|    ( - 1.190e+03 2 0)
|    ( - 3.328e+02 1 0))
s>    ( QUESTION0_15_R 1 1.366e+03 1.565e+02 8.228e+01
s>        ( - 1.190e+03 2 0)
s>        ( - 3.328e+02 1 0))INFO: dtree.c(1351): Comp split 13
INFO: dtree.c(1351): Comp split 14
INFO: dtree.c(1351): Comp split 15
INFO: dtree.c(1351): Comp split 16
INFO: dtree.c(1351): Comp split 17
INFO: dtree.c(1351): Comp split 18
INFO: dtree.c(1351): Comp split 19
INFO: dtree.c(1354): stop. leaf nodes are specific
Tue May 31 10:45:54 2011
