INFO: cmd_ln.c(691): Parsing command line:
/home/xkrajnan/Plocha/GSoC/PocketSphinx/an4/bin/bldtree \
	-treefn /home/xkrajnan/Plocha/GSoC/PocketSphinx/an4/trees/an4.unpruned/W-0.dtree \
	-moddeffn /home/xkrajnan/Plocha/GSoC/PocketSphinx/an4/model_architecture/an4.untied.mdef \
	-mixwfn /home/xkrajnan/Plocha/GSoC/PocketSphinx/an4/model_parameters/an4.cd_cont_untied/mixture_weights \
	-ts2cbfn .cont. \
	-mwfloor 1e-08 \
	-psetfn /home/xkrajnan/Plocha/GSoC/PocketSphinx/an4/model_architecture/an4.tree_questions \
	-phone W \
	-state 0 \
	-stwt 1.0,0.05,0.0 \
	-meanfn /home/xkrajnan/Plocha/GSoC/PocketSphinx/an4/model_parameters/an4.cd_cont_untied/means \
	-varfn /home/xkrajnan/Plocha/GSoC/PocketSphinx/an4/model_parameters/an4.cd_cont_untied/variances \
	-fullvar no \
	-ssplitmin 1 \
	-ssplitmax 7 \
	-ssplitthr 0 \
	-csplitmin 1 \
	-csplitmax 2000 \
	-csplitthr 0 

Current configuration:
[NAME]		[DEFLT]	[VALUE]
-allphones	no	no
-cntthresh	0.00001	1.000000e-05
-csplitmax	100	2000
-csplitmin	1	1
-csplitthr	8e-4	0.000000e+00
-example	no	no
-fullvar	no	no
-help		no	no
-meanfn			/home/xkrajnan/Plocha/GSoC/PocketSphinx/an4/model_parameters/an4.cd_cont_untied/means
-mixwfn			/home/xkrajnan/Plocha/GSoC/PocketSphinx/an4/model_parameters/an4.cd_cont_untied/mixture_weights
-moddeffn		/home/xkrajnan/Plocha/GSoC/PocketSphinx/an4/model_architecture/an4.untied.mdef
-mwfloor	1e-4	1.000000e-08
-phone			W
-psetfn			/home/xkrajnan/Plocha/GSoC/PocketSphinx/an4/model_architecture/an4.tree_questions
-ssplitmax	5	7
-ssplitmin	1	1
-ssplitthr	8e-4	0.000000e+00
-state			0
-stwt			1.0,0.05,0.0,
-treefn			/home/xkrajnan/Plocha/GSoC/PocketSphinx/an4/trees/an4.unpruned/W-0.dtree
-ts2cbfn	.semi.	.cont.
-varfloor	0.00001	1.000000e-05
-varfn			/home/xkrajnan/Plocha/GSoC/PocketSphinx/an4/model_parameters/an4.cd_cont_untied/variances

INFO: main.c(228): Reading: /home/xkrajnan/Plocha/GSoC/PocketSphinx/an4/model_architecture/an4.untied.mdef
INFO: model_def_io.c(587): Model definition info:
INFO: model_def_io.c(588): 1618 total models defined (34 base, 1584 tri)
INFO: model_def_io.c(589): 6472 total states
INFO: model_def_io.c(590): 4854 total tied states
INFO: model_def_io.c(591): 102 total tied CI states
INFO: model_def_io.c(592): 34 total tied transition matrices
INFO: model_def_io.c(593): 4 max state/model
INFO: model_def_io.c(594): 4 min state/model
INFO: main.c(247): Building trees for [W AH AY b] through [W UW AY b]
INFO: main.c(275): Covering states |[4671 4724]| == 54
INFO: main.c(282): Reading: /home/xkrajnan/Plocha/GSoC/PocketSphinx/an4/model_parameters/an4.cd_cont_untied/mixture_weights
INFO: s3mixw_io.c(172): Read /home/xkrajnan/Plocha/GSoC/PocketSphinx/an4/model_parameters/an4.cd_cont_untied/mixture_weights [54x1x1 array]
INFO: main.c(320): 18 of 18 models have observation count greater than 0.000010
INFO: main.c(94): nrm stwt: 0.952 0.048 0.000 
INFO: s3gau_io.c(166): Read /home/xkrajnan/Plocha/GSoC/PocketSphinx/an4/model_parameters/an4.cd_cont_untied/means [4854x1x1 array]
INFO: s3gau_io.c(166): Read /home/xkrajnan/Plocha/GSoC/PocketSphinx/an4/model_parameters/an4.cd_cont_untied/variances [4854x1x1 array]
INFO: main.c(576): Reading: /home/xkrajnan/Plocha/GSoC/PocketSphinx/an4/model_architecture/an4.tree_questions
INFO: main.c(619): 180 total simple questions (172 phone; 8 word bndry)
INFO: main.c(621): 42 Left Only questions, and 42 Right Only questions
INFO: dtree.c(1524): Final simple tree
|( QUESTION0_13_R 1 -1.548e+04 3.799e+03 1.628e+03
|    ( - -3.374e+03 1 0)
|    ( QUESTION3 -1 -8.309e+03 1.499e+03 7.613e+02
|        ( - -1.390e+03 2 0 WDBNDRY_B 0 1.857e+02 1.372e+02)
|        ( QUESTION2_0_L -1 -5.420e+03 9.275e+02 6.241e+02
|            ( - -3.224e+03 4 0 WDBNDRY_B 0 1.475e+02 2.990e+02)
|            ( QUESTION2_18_L -1 -1.268e+03 4.885e+02 3.251e+02
|                ( - 4.535e+02 1 0)
|                ( SILENCE -1 -1.233e+03 3.706e+02 2.774e+02
|                    ( - -3.706e+01 1 0)
|                    ( QUESTION2_9_L -1 -8.256e+02 2.046e+02 2.376e+02
|                        ( - -5.044e+02 3 0 QUESTION0 -1 1.241e+02 7.998e+01)
|                        ( QUESTION2 -1 -1.166e+02 1.871e+02 1.577e+02
|                            ( - 7.495e+01 1 0)
|                            ( - -4.433e+00 5 0 QUESTION0 -1 1.556e+02 1.497e+02))))))))
s>    ( QUESTION0_13_R 1 -1.548e+04 3.799e+03 1.628e+03
s>        ( - -3.374e+03 1 0)
s>        ( QUESTION3 -1 -8.309e+03 1.499e+03 7.613e+02
s>            ( - -1.390e+03 2 0 WDBNDRY_B 0 1.857e+02 1.372e+02)
s>            ( QUESTION2_0_L -1 -5.420e+03 9.275e+02 6.241e+02
s>                ( - -3.224e+03 4 0 WDBNDRY_B 0 1.475e+02 2.990e+02)
s>                ( QUESTION2_18_L -1 -1.268e+03 4.885e+02 3.251e+02
s>                    ( - 4.535e+02 1 0)
s>                    ( SILENCE -1 -1.233e+03 3.706e+02 2.774e+02
s>                        ( - -3.706e+01 1 0)
s>                        ( QUESTION2_9_L -1 -8.256e+02 2.046e+02 2.376e+02
s>                            ( - -5.044e+02 3 0 QUESTION0 -1 1.241e+02 7.998e+01)
s>                            ( QUESTION2 -1 -1.166e+02 1.871e+02 1.577e+02
s>                                ( - 7.495e+01 1 0)
s>                                ( - -4.433e+00 5 0 QUESTION0 -1 1.556e+02 1.497e+02))))))))INFO: dtree.c(1351): Comp split 0
INFO: dtree.c(1483): stop. leaf nodes are specific
INFO: dtree.c(1524): Final simple tree
|( QUESTION2 -1 -3.522e+03 5.424e+02 9.225e+02
|    ( WDBNDRY_B 0 -3.433e+03 1.332e+02 8.748e+02
|        ( - 7.495e+01 1 0)
|        ( - -3.374e+03 1 0))
|    ( - 4.535e+02 1 0))
s>    ( QUESTION2 -1 -3.522e+03 5.424e+02 9.225e+02
s>        ( WDBNDRY_B 0 -3.433e+03 1.332e+02 8.748e+02
s>            ( - 7.495e+01 1 0)
s>            ( - -3.374e+03 1 0))
s>        ( - 4.535e+02 1 0))INFO: dtree.c(1524): Final simple tree
|( QUESTION2 -1 -8.026e+03 1.444e+03 7.056e+02
|    ( WDBNDRY_B 0 -1.390e+03 1.857e+02 1.372e+02
|        ( - 2.225e+01 1 0)
|        ( - -1.227e+03 1 0))
|    ( QUESTION2_0_L -1 -5.192e+03 8.519e+02 5.684e+02
|        ( WDBNDRY_B 0 -3.224e+03 1.475e+02 2.990e+02
|            ( - -3.129e+03 3 0 QUESTION2_1_L -1 1.441e+02 2.930e+02)
|            ( - 5.231e+01 1 0))
|        ( SILENCE -1 -1.116e+03 3.626e+02 2.694e+02
|            ( - -3.706e+01 1 0)
|            ( QUESTION2_9_L -1 -7.163e+02 2.075e+02 2.297e+02
|                ( - -5.044e+02 3 0 QUESTION0 -1 1.241e+02 7.998e+01)
|                ( QUESTION0 -1 -4.433e+00 1.556e+02 1.497e+02
|                    ( - -1.791e+01 4 0)
|                    ( - 1.690e+02 1 0))))))
s>    ( QUESTION2 -1 -8.026e+03 1.444e+03 7.056e+02
s>        ( WDBNDRY_B 0 -1.390e+03 1.857e+02 1.372e+02
s>            ( - 2.225e+01 1 0)
s>            ( - -1.227e+03 1 0))
s>        ( QUESTION2_0_L -1 -5.192e+03 8.519e+02 5.684e+02
s>            ( WDBNDRY_B 0 -3.224e+03 1.475e+02 2.990e+02
s>                ( - -3.129e+03 3 0 QUESTION2_1_L -1 1.441e+02 2.930e+02)
s>                ( - 5.231e+01 1 0))
s>            ( SILENCE -1 -1.116e+03 3.626e+02 2.694e+02
s>                ( - -3.706e+01 1 0)
s>                ( QUESTION2_9_L -1 -7.163e+02 2.075e+02 2.297e+02
s>                    ( - -5.044e+02 3 0 QUESTION0 -1 1.241e+02 7.998e+01)
s>                    ( QUESTION0 -1 -4.433e+00 1.556e+02 1.497e+02
s>                        ( - -1.791e+01 4 0)
s>                        ( - 1.690e+02 1 0))))))INFO: dtree.c(1351): Comp split 1
INFO: dtree.c(1524): Final simple tree
|( QUESTION2_0_L -1 -5.308e+03 8.626e+02 5.754e+02
|    ( WDBNDRY_B 0 -3.224e+03 1.475e+02 2.990e+02
|        ( QUESTION2_1_L -1 -3.129e+03 1.441e+02 2.930e+02
|            ( - -2.108e+03 1 0)
|            ( QUESTION0 -1 -8.765e+02 2.206e+02 8.532e+01
|                ( - -2.462e+01 1 0)
|                ( - -6.313e+02 1 0)))
|        ( - 5.231e+01 1 0))
|    ( SILENCE -1 -1.221e+03 3.611e+02 2.764e+02
|        ( - -3.706e+01 1 0)
|        ( QUESTION2_9_L -1 -8.230e+02 2.190e+02 2.367e+02
|            ( - -5.996e+02 4 0 QUESTION11 -1 1.263e+02 8.698e+01)
|            ( QUESTION0 -1 -4.433e+00 1.556e+02 1.497e+02
|                ( - -1.791e+01 4 0)
|                ( - 1.690e+02 1 0)))))
s>    ( QUESTION2_0_L -1 -5.308e+03 8.626e+02 5.754e+02
s>        ( WDBNDRY_B 0 -3.224e+03 1.475e+02 2.990e+02
s>            ( QUESTION2_1_L -1 -3.129e+03 1.441e+02 2.930e+02
s>                ( - -2.108e+03 1 0)
s>                ( QUESTION0 -1 -8.765e+02 2.206e+02 8.532e+01
s>                    ( - -2.462e+01 1 0)
s>                    ( - -6.313e+02 1 0)))
s>            ( - 5.231e+01 1 0))
s>        ( SILENCE -1 -1.221e+03 3.611e+02 2.764e+02
s>            ( - -3.706e+01 1 0)
s>            ( QUESTION2_9_L -1 -8.230e+02 2.190e+02 2.367e+02
s>                ( - -5.996e+02 4 0 QUESTION11 -1 1.263e+02 8.698e+01)
s>                ( QUESTION0 -1 -4.433e+00 1.556e+02 1.497e+02
s>                    ( - -1.791e+01 4 0)
s>                    ( - 1.690e+02 1 0)))))INFO: dtree.c(1351): Comp split 2
INFO: dtree.c(1483): stop. leaf nodes are specific
INFO: dtree.c(1524): Final simple tree
|( SILENCE -1 -1.221e+03 3.611e+02 2.764e+02
|    ( - -3.706e+01 1 0)
|    ( QUESTION2_9_L -1 -8.230e+02 2.190e+02 2.367e+02
|        ( QUESTION11 -1 -5.996e+02 1.263e+02 8.698e+01
|            ( - -1.839e+02 1 0)
|            ( QUESTION0 -1 -2.893e+02 1.152e+02 4.300e+01
|                ( - -1.964e+02 2 0)
|                ( - 2.225e+01 1 0)))
|        ( QUESTION0 -1 -4.433e+00 1.556e+02 1.497e+02
|            ( - -1.791e+01 4 0)
|            ( - 1.690e+02 1 0))))
s>    ( SILENCE -1 -1.221e+03 3.611e+02 2.764e+02
s>        ( - -3.706e+01 1 0)
s>        ( QUESTION2_9_L -1 -8.230e+02 2.190e+02 2.367e+02
s>            ( QUESTION11 -1 -5.996e+02 1.263e+02 8.698e+01
s>                ( - -1.839e+02 1 0)
s>                ( QUESTION0 -1 -2.893e+02 1.152e+02 4.300e+01
s>                    ( - -1.964e+02 2 0)
s>                    ( - 2.225e+01 1 0)))
s>            ( QUESTION0 -1 -4.433e+00 1.556e+02 1.497e+02
s>                ( - -1.791e+01 4 0)
s>                ( - 1.690e+02 1 0))))INFO: dtree.c(1483): stop. leaf nodes are specific
INFO: dtree.c(1524): Final simple tree
|( WDBNDRY_B 0 -3.224e+03 1.475e+02 2.990e+02
|    ( QUESTION2_1_L -1 -3.129e+03 1.441e+02 2.930e+02
|        ( - -2.108e+03 1 0)
|        ( QUESTION0 -1 -8.765e+02 2.206e+02 8.532e+01
|            ( - -2.462e+01 1 0)
|            ( - -6.313e+02 1 0)))
|    ( - 5.231e+01 1 0))
s>    ( WDBNDRY_B 0 -3.224e+03 1.475e+02 2.990e+02
s>        ( QUESTION2_1_L -1 -3.129e+03 1.441e+02 2.930e+02
s>            ( - -2.108e+03 1 0)
s>            ( QUESTION0 -1 -8.765e+02 2.206e+02 8.532e+01
s>                ( - -2.462e+01 1 0)
s>                ( - -6.313e+02 1 0)))
s>        ( - 5.231e+01 1 0))INFO: dtree.c(1351): Comp split 3
INFO: dtree.c(1483): stop. leaf nodes are specific
INFO: dtree.c(1524): Final simple tree
|( WDBNDRY_B 0 -3.433e+03 1.332e+02 8.748e+02
|    ( - 7.495e+01 1 0)
|    ( - -3.374e+03 1 0))
s>    ( WDBNDRY_B 0 -3.433e+03 1.332e+02 8.748e+02
s>        ( - 7.495e+01 1 0)
s>        ( - -3.374e+03 1 0))INFO: dtree.c(1351): Comp split 4
INFO: dtree.c(1483): stop. leaf nodes are specific
INFO: dtree.c(1524): Final simple tree
|( QUESTION2_9_L -1 -8.230e+02 2.190e+02 2.367e+02
|    ( QUESTION11 -1 -5.996e+02 1.263e+02 8.698e+01
|        ( - -1.839e+02 1 0)
|        ( QUESTION0 -1 -2.893e+02 1.152e+02 4.300e+01
|            ( - -1.964e+02 2 0)
|            ( - 2.225e+01 1 0)))
|    ( QUESTION0 -1 -4.433e+00 1.556e+02 1.497e+02
|        ( - -1.791e+01 4 0)
|        ( - 1.690e+02 1 0)))
s>    ( QUESTION2_9_L -1 -8.230e+02 2.190e+02 2.367e+02
s>        ( QUESTION11 -1 -5.996e+02 1.263e+02 8.698e+01
s>            ( - -1.839e+02 1 0)
s>            ( QUESTION0 -1 -2.893e+02 1.152e+02 4.300e+01
s>                ( - -1.964e+02 2 0)
s>                ( - 2.225e+01 1 0)))
s>        ( QUESTION0 -1 -4.433e+00 1.556e+02 1.497e+02
s>            ( - -1.791e+01 4 0)
s>            ( - 1.690e+02 1 0)))INFO: dtree.c(1351): Comp split 5
INFO: dtree.c(1483): stop. leaf nodes are specific
INFO: dtree.c(1524): Final simple tree
|( WDBNDRY_B 0 -2.947e+03 1.482e+02 2.850e+02
|    ( QUESTION0 -1 -2.851e+03 1.113e+02 2.790e+02
|        ( - -2.108e+03 1 0)
|        ( - -6.313e+02 1 0))
|    ( - 5.231e+01 1 0))
s>    ( WDBNDRY_B 0 -2.947e+03 1.482e+02 2.850e+02
s>        ( QUESTION0 -1 -2.851e+03 1.113e+02 2.790e+02
s>            ( - -2.108e+03 1 0)
s>            ( - -6.313e+02 1 0))
s>        ( - 5.231e+01 1 0))INFO: dtree.c(1351): Comp split 6
INFO: dtree.c(1483): stop. leaf nodes are specific
INFO: dtree.c(1524): Final simple tree
|( QUESTION12 -1 -5.745e+02 1.439e+02 9.803e+01
|    ( - 1.690e+02 1 0)
|    ( QUESTION11 -1 -5.996e+02 1.263e+02 8.698e+01
|        ( - -1.839e+02 1 0)
|        ( QUESTION0 -1 -2.893e+02 1.152e+02 4.300e+01
|            ( - -1.964e+02 2 0)
|            ( - 2.225e+01 1 0))))
s>    ( QUESTION12 -1 -5.745e+02 1.439e+02 9.803e+01
s>        ( - 1.690e+02 1 0)
s>        ( QUESTION11 -1 -5.996e+02 1.263e+02 8.698e+01
s>            ( - -1.839e+02 1 0)
s>            ( QUESTION0 -1 -2.893e+02 1.152e+02 4.300e+01
s>                ( - -1.964e+02 2 0)
s>                ( - 2.225e+01 1 0))))INFO: dtree.c(1351): Comp split 7
INFO: dtree.c(1483): stop. leaf nodes are specific
INFO: dtree.c(1524): Final simple tree
|( QUESTION0 -1 -2.851e+03 1.113e+02 2.790e+02
|    ( - -2.108e+03 1 0)
|    ( - -6.313e+02 1 0))
s>    ( QUESTION0 -1 -2.851e+03 1.113e+02 2.790e+02
s>        ( - -2.108e+03 1 0)
s>        ( - -6.313e+02 1 0))INFO: dtree.c(1351): Comp split 8
INFO: dtree.c(1483): stop. leaf nodes are specific
INFO: dtree.c(1524): Final simple tree
|( QUESTION11 -1 -5.996e+02 1.263e+02 8.698e+01
|    ( - -1.839e+02 1 0)
|    ( QUESTION0 -1 -2.893e+02 1.152e+02 4.300e+01
|        ( - -1.964e+02 2 0)
|        ( - 2.225e+01 1 0)))
s>    ( QUESTION11 -1 -5.996e+02 1.263e+02 8.698e+01
s>        ( - -1.839e+02 1 0)
s>        ( QUESTION0 -1 -2.893e+02 1.152e+02 4.300e+01
s>            ( - -1.964e+02 2 0)
s>            ( - 2.225e+01 1 0)))INFO: dtree.c(1351): Comp split 9
INFO: dtree.c(1351): Comp split 10
INFO: dtree.c(1483): stop. leaf nodes are specific
INFO: dtree.c(1524): Final simple tree
|( QUESTION0 -1 -2.893e+02 1.152e+02 4.300e+01
|    ( - -1.964e+02 2 0)
|    ( - 2.225e+01 1 0))
s>    ( QUESTION0 -1 -2.893e+02 1.152e+02 4.300e+01
s>        ( - -1.964e+02 2 0)
s>        ( - 2.225e+01 1 0))INFO: dtree.c(1351): Comp split 11
INFO: dtree.c(1351): Comp split 12
INFO: dtree.c(1351): Comp split 13
INFO: dtree.c(1354): stop. leaf nodes are specific
Tue May 31 10:46:07 2011
