INFO: cmd_ln.c(691): Parsing command line:
/home/xkrajnan/Plocha/GSoC/PocketSphinx/an4/bin/bldtree \
	-treefn /home/xkrajnan/Plocha/GSoC/PocketSphinx/an4/trees/an4.unpruned/CH-2.dtree \
	-moddeffn /home/xkrajnan/Plocha/GSoC/PocketSphinx/an4/model_architecture/an4.untied.mdef \
	-mixwfn /home/xkrajnan/Plocha/GSoC/PocketSphinx/an4/model_parameters/an4.cd_cont_untied/mixture_weights \
	-ts2cbfn .cont. \
	-mwfloor 1e-08 \
	-psetfn /home/xkrajnan/Plocha/GSoC/PocketSphinx/an4/model_architecture/an4.tree_questions \
	-phone CH \
	-state 2 \
	-stwt 1.0,0.05,0.0 \
	-meanfn /home/xkrajnan/Plocha/GSoC/PocketSphinx/an4/model_parameters/an4.cd_cont_untied/means \
	-varfn /home/xkrajnan/Plocha/GSoC/PocketSphinx/an4/model_parameters/an4.cd_cont_untied/variances \
	-fullvar no \
	-ssplitmin 1 \
	-ssplitmax 7 \
	-ssplitthr 0 \
	-csplitmin 1 \
	-csplitmax 2000 \
	-csplitthr 0 

Current configuration:
[NAME]		[DEFLT]	[VALUE]
-allphones	no	no
-cntthresh	0.00001	1.000000e-05
-csplitmax	100	2000
-csplitmin	1	1
-csplitthr	8e-4	0.000000e+00
-example	no	no
-fullvar	no	no
-help		no	no
-meanfn			/home/xkrajnan/Plocha/GSoC/PocketSphinx/an4/model_parameters/an4.cd_cont_untied/means
-mixwfn			/home/xkrajnan/Plocha/GSoC/PocketSphinx/an4/model_parameters/an4.cd_cont_untied/mixture_weights
-moddeffn		/home/xkrajnan/Plocha/GSoC/PocketSphinx/an4/model_architecture/an4.untied.mdef
-mwfloor	1e-4	1.000000e-08
-phone			CH
-psetfn			/home/xkrajnan/Plocha/GSoC/PocketSphinx/an4/model_architecture/an4.tree_questions
-ssplitmax	5	7
-ssplitmin	1	1
-ssplitthr	8e-4	0.000000e+00
-state			2
-stwt			1.0,0.05,0.0,
-treefn			/home/xkrajnan/Plocha/GSoC/PocketSphinx/an4/trees/an4.unpruned/CH-2.dtree
-ts2cbfn	.semi.	.cont.
-varfloor	0.00001	1.000000e-05
-varfn			/home/xkrajnan/Plocha/GSoC/PocketSphinx/an4/model_parameters/an4.cd_cont_untied/variances

INFO: main.c(228): Reading: /home/xkrajnan/Plocha/GSoC/PocketSphinx/an4/model_architecture/an4.untied.mdef
INFO: model_def_io.c(587): Model definition info:
INFO: model_def_io.c(588): 1618 total models defined (34 base, 1584 tri)
INFO: model_def_io.c(589): 6472 total states
INFO: model_def_io.c(590): 4854 total tied states
INFO: model_def_io.c(591): 102 total tied CI states
INFO: model_def_io.c(592): 34 total tied transition matrices
INFO: model_def_io.c(593): 4 max state/model
INFO: model_def_io.c(594): 4 min state/model
INFO: main.c(247): Building trees for [CH EY AA e] through [CH R TH e]
INFO: main.c(275): Covering states |[789 860]| == 72
INFO: main.c(282): Reading: /home/xkrajnan/Plocha/GSoC/PocketSphinx/an4/model_parameters/an4.cd_cont_untied/mixture_weights
INFO: s3mixw_io.c(172): Read /home/xkrajnan/Plocha/GSoC/PocketSphinx/an4/model_parameters/an4.cd_cont_untied/mixture_weights [72x1x1 array]
INFO: main.c(320): 24 of 24 models have observation count greater than 0.000010
INFO: main.c(94): nrm stwt: 0.000 0.048 0.952 
INFO: s3gau_io.c(166): Read /home/xkrajnan/Plocha/GSoC/PocketSphinx/an4/model_parameters/an4.cd_cont_untied/means [4854x1x1 array]
INFO: s3gau_io.c(166): Read /home/xkrajnan/Plocha/GSoC/PocketSphinx/an4/model_parameters/an4.cd_cont_untied/variances [4854x1x1 array]
INFO: main.c(576): Reading: /home/xkrajnan/Plocha/GSoC/PocketSphinx/an4/model_architecture/an4.tree_questions
INFO: main.c(619): 180 total simple questions (172 phone; 8 word bndry)
INFO: main.c(621): 42 Left Only questions, and 42 Right Only questions
INFO: dtree.c(1524): Final simple tree
|( SILENCE 1 5.655e+03 1.362e+03 1.390e+03
|    ( - 5.845e+03 1 0)
|    ( QUESTION0_2_R 1 1.172e+03 4.908e+02 7.818e+02
|        ( QUESTION0_6_R 1 2.202e+02 3.223e+02 1.541e+02
|            ( - 3.939e+02 3 0 QUESTION0 1 2.027e+02 4.990e+01)
|            ( - 1.486e+02 7 0 QUESTION7 1 1.911e+02 1.042e+02))
|        ( QUESTION14 1 1.442e+03 3.261e+02 6.276e+02
|            ( - 3.366e+02 2 0)
|            ( QUESTION11 1 1.432e+03 2.698e+02 5.826e+02
|                ( - 9.889e+02 1 0)
|                ( QUESTION0_13_R 1 7.125e+02 3.992e+02 3.492e+02
|                    ( - 1.925e+02 6 0 QUESTION5 1 1.772e+02 1.222e+02)
|                    ( QUESTION0_0_R 1 9.192e+02 2.487e+02 2.269e+02
|                        ( - 3.625e+02 1 0)
|                        ( - 8.054e+02 3 0 QUESTION0_15_R 1 2.288e+02 1.822e+02)))))))
s>    ( SILENCE 1 5.655e+03 1.362e+03 1.390e+03
s>        ( - 5.845e+03 1 0)
s>        ( QUESTION0_2_R 1 1.172e+03 4.908e+02 7.818e+02
s>            ( QUESTION0_6_R 1 2.202e+02 3.223e+02 1.541e+02
s>                ( - 3.939e+02 3 0 QUESTION0 1 2.027e+02 4.990e+01)
s>                ( - 1.486e+02 7 0 QUESTION7 1 1.911e+02 1.042e+02))
s>            ( QUESTION14 1 1.442e+03 3.261e+02 6.276e+02
s>                ( - 3.366e+02 2 0)
s>                ( QUESTION11 1 1.432e+03 2.698e+02 5.826e+02
s>                    ( - 9.889e+02 1 0)
s>                    ( QUESTION0_13_R 1 7.125e+02 3.992e+02 3.492e+02
s>                        ( - 1.925e+02 6 0 QUESTION5 1 1.772e+02 1.222e+02)
s>                        ( QUESTION0_0_R 1 9.192e+02 2.487e+02 2.269e+02
s>                            ( - 3.625e+02 1 0)
s>                            ( - 8.054e+02 3 0 QUESTION0_15_R 1 2.288e+02 1.822e+02)))))))INFO: dtree.c(1351): Comp split 0
INFO: dtree.c(1524): Final simple tree
|( QUESTION0_2_R 1 9.756e+02 6.047e+02 6.868e+02
|    ( QUESTION7 1 1.486e+02 1.911e+02 1.042e+02
|        ( QUESTION0_11_R 1 3.400e+02 1.804e+02 2.300e+01
|            ( - 1.493e+02 1 0)
|            ( - 3.711e+02 1 0))
|        ( - -2.957e-01 5 0 QUESTION0_5_R 1 1.764e+02 8.123e+01))
|    ( QUESTION11 1 1.432e+03 2.698e+02 5.826e+02
|        ( - 9.889e+02 1 0)
|        ( QUESTION0_13_R 1 7.125e+02 3.992e+02 3.492e+02
|            ( - 1.925e+02 6 0 QUESTION5 1 1.772e+02 1.222e+02)
|            ( QUESTION0_0_R 1 9.192e+02 2.487e+02 2.269e+02
|                ( - 3.625e+02 1 0)
|                ( QUESTION0_15_R 1 8.054e+02 2.288e+02 1.822e+02
|                    ( - 6.966e+02 2 0)
|                    ( - 3.376e+02 1 0))))))
s>    ( QUESTION0_2_R 1 9.756e+02 6.047e+02 6.868e+02
s>        ( QUESTION7 1 1.486e+02 1.911e+02 1.042e+02
s>            ( QUESTION0_11_R 1 3.400e+02 1.804e+02 2.300e+01
s>                ( - 1.493e+02 1 0)
s>                ( - 3.711e+02 1 0))
s>            ( - -2.957e-01 5 0 QUESTION0_5_R 1 1.764e+02 8.123e+01))
s>        ( QUESTION11 1 1.432e+03 2.698e+02 5.826e+02
s>            ( - 9.889e+02 1 0)
s>            ( QUESTION0_13_R 1 7.125e+02 3.992e+02 3.492e+02
s>                ( - 1.925e+02 6 0 QUESTION5 1 1.772e+02 1.222e+02)
s>                ( QUESTION0_0_R 1 9.192e+02 2.487e+02 2.269e+02
s>                    ( - 3.625e+02 1 0)
s>                    ( QUESTION0_15_R 1 8.054e+02 2.288e+02 1.822e+02
s>                        ( - 6.966e+02 2 0)
s>                        ( - 3.376e+02 1 0))))))INFO: dtree.c(1483): stop. leaf nodes are specific
INFO: dtree.c(1524): Final simple tree
|( QUESTION1 1 6.091e+03 2.714e+02 7.029e+02
|    ( QUESTION0_0_R 1 4.651e+02 1.920e+02 6.899e+01
|        ( QUESTION0 -1 3.204e+02 1.612e+02 2.390e+01
|            ( - 3.350e+02 1 0)
|            ( - 1.466e+02 1 0))
|        ( - 3.366e+02 2 0))
|    ( SILENCE 1 5.897e+03 2.237e+02 6.339e+02
|        ( - 5.845e+03 1 0)
|        ( - 2.762e+02 1 0)))
s>    ( QUESTION1 1 6.091e+03 2.714e+02 7.029e+02
s>        ( QUESTION0_0_R 1 4.651e+02 1.920e+02 6.899e+01
s>            ( QUESTION0 -1 3.204e+02 1.612e+02 2.390e+01
s>                ( - 3.350e+02 1 0)
s>                ( - 1.466e+02 1 0))
s>            ( - 3.366e+02 2 0))
s>        ( SILENCE 1 5.897e+03 2.237e+02 6.339e+02
s>            ( - 5.845e+03 1 0)
s>            ( - 2.762e+02 1 0)))INFO: dtree.c(1351): Comp split 1
INFO: dtree.c(1483): stop. leaf nodes are specific
INFO: dtree.c(1524): Final simple tree
|( QUESTION0_0_R 1 1.746e+03 2.364e+02 4.603e+02
|    ( - 3.625e+02 1 0)
|    ( QUESTION0_17_R 1 1.620e+03 2.086e+02 4.156e+02
|        ( - 3.376e+02 1 0)
|        ( QUESTION0_13_R 1 1.491e+03 1.943e+02 3.816e+02
|            ( - 9.889e+02 1 0)
|            ( - 6.966e+02 2 0))))
s>    ( QUESTION0_0_R 1 1.746e+03 2.364e+02 4.603e+02
s>        ( - 3.625e+02 1 0)
s>        ( QUESTION0_17_R 1 1.620e+03 2.086e+02 4.156e+02
s>            ( - 3.376e+02 1 0)
s>            ( QUESTION0_13_R 1 1.491e+03 1.943e+02 3.816e+02
s>                ( - 9.889e+02 1 0)
s>                ( - 6.966e+02 2 0))))INFO: dtree.c(1524): Final simple tree
|( QUESTION0_0_R 1 1.350e+02 2.061e+02 2.265e+02
|    ( QUESTION7 1 1.486e+02 1.911e+02 1.042e+02
|        ( QUESTION0_11_R 1 3.400e+02 1.804e+02 2.300e+01
|            ( - 1.493e+02 1 0)
|            ( - 3.711e+02 1 0))
|        ( QUESTION0_5_R 1 -2.957e-01 1.764e+02 8.123e+01
|            ( - 9.715e+01 1 0)
|            ( QUESTION4 1 7.892e+01 1.740e+02 3.304e+01
|                ( - 1.501e+02 1 0)
|                ( - 1.027e+02 3 0 QUESTION0_10_R 1 1.286e+02 3.004e+01))))
|    ( QUESTION5 1 1.925e+02 1.772e+02 1.222e+02
|        ( - 2.565e+02 1 0)
|        ( QUESTION0 1 1.133e+02 1.420e+02 9.924e+01
|            ( - 5.675e+01 3 0)
|            ( - 1.986e+02 2 0 QUESTION0 -1 1.327e+02 3.631e+01))))
s>    ( QUESTION0_0_R 1 1.350e+02 2.061e+02 2.265e+02
s>        ( QUESTION7 1 1.486e+02 1.911e+02 1.042e+02
s>            ( QUESTION0_11_R 1 3.400e+02 1.804e+02 2.300e+01
s>                ( - 1.493e+02 1 0)
s>                ( - 3.711e+02 1 0))
s>            ( QUESTION0_5_R 1 -2.957e-01 1.764e+02 8.123e+01
s>                ( - 9.715e+01 1 0)
s>                ( QUESTION4 1 7.892e+01 1.740e+02 3.304e+01
s>                    ( - 1.501e+02 1 0)
s>                    ( - 1.027e+02 3 0 QUESTION0_10_R 1 1.286e+02 3.004e+01))))
s>        ( QUESTION5 1 1.925e+02 1.772e+02 1.222e+02
s>            ( - 2.565e+02 1 0)
s>            ( QUESTION0 1 1.133e+02 1.420e+02 9.924e+01
s>                ( - 5.675e+01 3 0)
s>                ( - 1.986e+02 2 0 QUESTION0 -1 1.327e+02 3.631e+01))))INFO: dtree.c(1351): Comp split 2
INFO: dtree.c(1483): stop. leaf nodes are specific
INFO: dtree.c(1524): Final simple tree
|( QUESTION0_0_R 1 4.651e+02 1.920e+02 6.899e+01
|    ( QUESTION0 -1 3.204e+02 1.612e+02 2.390e+01
|        ( - 3.350e+02 1 0)
|        ( - 1.466e+02 1 0))
|    ( - 3.366e+02 2 0))
s>    ( QUESTION0_0_R 1 4.651e+02 1.920e+02 6.899e+01
s>        ( QUESTION0 -1 3.204e+02 1.612e+02 2.390e+01
s>            ( - 3.350e+02 1 0)
s>            ( - 1.466e+02 1 0))
s>        ( - 3.366e+02 2 0))INFO: dtree.c(1483): stop. leaf nodes are specific
INFO: dtree.c(1524): Final simple tree
|( SILENCE 1 5.897e+03 2.237e+02 6.339e+02
|    ( - 5.845e+03 1 0)
|    ( - 2.762e+02 1 0))
s>    ( SILENCE 1 5.897e+03 2.237e+02 6.339e+02
s>        ( - 5.845e+03 1 0)
s>        ( - 2.762e+02 1 0))INFO: dtree.c(1351): Comp split 3
INFO: dtree.c(1524): Final simple tree
|( QUESTION0_0_R 1 5.774e+00 2.038e+02 2.145e+02
|    ( QUESTION4 1 1.702e+01 1.722e+02 9.223e+01
|        ( - 1.501e+02 1 0)
|        ( QUESTION0_5_R 1 3.905e+01 1.609e+02 8.923e+01
|            ( - 9.715e+01 1 0)
|            ( QUESTION7 1 1.028e+02 1.492e+02 4.104e+01
|                ( - 1.493e+02 1 0)
|                ( - 1.027e+02 3 0 QUESTION0_10_R 1 1.286e+02 3.004e+01))))
|    ( QUESTION5 1 1.925e+02 1.772e+02 1.222e+02
|        ( - 2.565e+02 1 0)
|        ( QUESTION0 1 1.133e+02 1.420e+02 9.924e+01
|            ( - 5.675e+01 3 0)
|            ( QUESTION0 -1 1.986e+02 1.327e+02 3.631e+01
|                ( - 2.293e+02 1 0)
|                ( - 1.020e+02 1 0)))))
s>    ( QUESTION0_0_R 1 5.774e+00 2.038e+02 2.145e+02
s>        ( QUESTION4 1 1.702e+01 1.722e+02 9.223e+01
s>            ( - 1.501e+02 1 0)
s>            ( QUESTION0_5_R 1 3.905e+01 1.609e+02 8.923e+01
s>                ( - 9.715e+01 1 0)
s>                ( QUESTION7 1 1.028e+02 1.492e+02 4.104e+01
s>                    ( - 1.493e+02 1 0)
s>                    ( - 1.027e+02 3 0 QUESTION0_10_R 1 1.286e+02 3.004e+01))))
s>        ( QUESTION5 1 1.925e+02 1.772e+02 1.222e+02
s>            ( - 2.565e+02 1 0)
s>            ( QUESTION0 1 1.133e+02 1.420e+02 9.924e+01
s>                ( - 5.675e+01 3 0)
s>                ( QUESTION0 -1 1.986e+02 1.327e+02 3.631e+01
s>                    ( - 2.293e+02 1 0)
s>                    ( - 1.020e+02 1 0)))))INFO: dtree.c(1351): Comp split 4
INFO: dtree.c(1483): stop. leaf nodes are specific
INFO: dtree.c(1524): Final simple tree
|( QUESTION0_17_R 1 1.620e+03 2.086e+02 4.156e+02
|    ( - 3.376e+02 1 0)
|    ( QUESTION0_13_R 1 1.491e+03 1.943e+02 3.816e+02
|        ( - 9.889e+02 1 0)
|        ( - 6.966e+02 2 0)))
s>    ( QUESTION0_17_R 1 1.620e+03 2.086e+02 4.156e+02
s>        ( - 3.376e+02 1 0)
s>        ( QUESTION0_13_R 1 1.491e+03 1.943e+02 3.816e+02
s>            ( - 9.889e+02 1 0)
s>            ( - 6.966e+02 2 0)))INFO: dtree.c(1351): Comp split 5
INFO: dtree.c(1351): Comp split 6
INFO: dtree.c(1483): stop. leaf nodes are specific
INFO: dtree.c(1524): Final simple tree
|( QUESTION0_0_R 1 1.257e+02 1.699e+02 1.122e+02
|    ( QUESTION0_5_R 1 3.905e+01 1.609e+02 8.923e+01
|        ( - 9.715e+01 1 0)
|        ( QUESTION7 1 1.028e+02 1.492e+02 4.104e+01
|            ( - 1.493e+02 1 0)
|            ( QUESTION0_10_R 1 1.027e+02 1.286e+02 3.004e+01
|                ( - 1.079e+02 1 0)
|                ( QUESTION0_3_R 1 1.234e+02 1.197e+02 2.804e+01
|                    ( - 1.681e+02 1 0)
|                    ( - 7.500e+01 1 0)))))
|    ( - 2.565e+02 1 0))
s>    ( QUESTION0_0_R 1 1.257e+02 1.699e+02 1.122e+02
s>        ( QUESTION0_5_R 1 3.905e+01 1.609e+02 8.923e+01
s>            ( - 9.715e+01 1 0)
s>            ( QUESTION7 1 1.028e+02 1.492e+02 4.104e+01
s>                ( - 1.493e+02 1 0)
s>                ( QUESTION0_10_R 1 1.027e+02 1.286e+02 3.004e+01
s>                    ( - 1.079e+02 1 0)
s>                    ( QUESTION0_3_R 1 1.234e+02 1.197e+02 2.804e+01
s>                        ( - 1.681e+02 1 0)
s>                        ( - 7.500e+01 1 0)))))
s>        ( - 2.565e+02 1 0))INFO: dtree.c(1483): stop. leaf nodes are specific
INFO: dtree.c(1524): Final simple tree
|( QUESTION0_0_R 1 1.000e+02 1.634e+02 1.022e+02
|    ( - 1.501e+02 1 0)
|    ( QUESTION0 1 1.133e+02 1.420e+02 9.924e+01
|        ( - 5.675e+01 3 0)
|        ( QUESTION0 -1 1.986e+02 1.327e+02 3.631e+01
|            ( - 2.293e+02 1 0)
|            ( - 1.020e+02 1 0))))
s>    ( QUESTION0_0_R 1 1.000e+02 1.634e+02 1.022e+02
s>        ( - 1.501e+02 1 0)
s>        ( QUESTION0 1 1.133e+02 1.420e+02 9.924e+01
s>            ( - 5.675e+01 3 0)
s>            ( QUESTION0 -1 1.986e+02 1.327e+02 3.631e+01
s>                ( - 2.293e+02 1 0)
s>                ( - 1.020e+02 1 0))))INFO: dtree.c(1351): Comp split 7
INFO: dtree.c(1483): stop. leaf nodes are specific
INFO: dtree.c(1524): Final simple tree
|( QUESTION0_13_R 1 1.491e+03 1.943e+02 3.816e+02
|    ( - 9.889e+02 1 0)
|    ( - 6.966e+02 2 0))
s>    ( QUESTION0_13_R 1 1.491e+03 1.943e+02 3.816e+02
s>        ( - 9.889e+02 1 0)
s>        ( - 6.966e+02 2 0))INFO: dtree.c(1351): Comp split 8
INFO: dtree.c(1351): Comp split 9
INFO: dtree.c(1483): stop. leaf nodes are specific
INFO: dtree.c(1524): Final simple tree
|( QUESTION0_10_R 1 1.027e+02 1.286e+02 3.004e+01
|    ( - 1.079e+02 1 0)
|    ( QUESTION0_3_R 1 1.234e+02 1.197e+02 2.804e+01
|        ( - 1.681e+02 1 0)
|        ( - 7.500e+01 1 0)))
s>    ( QUESTION0_10_R 1 1.027e+02 1.286e+02 3.004e+01
s>        ( - 1.079e+02 1 0)
s>        ( QUESTION0_3_R 1 1.234e+02 1.197e+02 2.804e+01
s>            ( - 1.681e+02 1 0)
s>            ( - 7.500e+01 1 0)))INFO: dtree.c(1483): stop. leaf nodes are specific
INFO: dtree.c(1524): Final simple tree
|( QUESTION0_0_R 1 2.161e+02 1.593e+02 8.220e+01
|    ( QUESTION0_5_R 1 1.189e+02 1.275e+02 5.920e+01
|        ( - 9.715e+01 1 0)
|        ( - 1.493e+02 1 0))
|    ( - 2.565e+02 1 0))
s>    ( QUESTION0_0_R 1 2.161e+02 1.593e+02 8.220e+01
s>        ( QUESTION0_5_R 1 1.189e+02 1.275e+02 5.920e+01
s>            ( - 9.715e+01 1 0)
s>            ( - 1.493e+02 1 0))
s>        ( - 2.565e+02 1 0))INFO: dtree.c(1351): Comp split 10
INFO: dtree.c(1483): stop. leaf nodes are specific
INFO: dtree.c(1524): Final simple tree
|( QUESTION0 -1 3.204e+02 1.612e+02 2.390e+01
|    ( - 3.350e+02 1 0)
|    ( - 1.466e+02 1 0))
s>    ( QUESTION0 -1 3.204e+02 1.612e+02 2.390e+01
s>        ( - 3.350e+02 1 0)
s>        ( - 1.466e+02 1 0))INFO: dtree.c(1351): Comp split 11
INFO: dtree.c(1483): stop. leaf nodes are specific
INFO: dtree.c(1524): Final simple tree
|( QUESTION0 1 1.133e+02 1.420e+02 9.924e+01
|    ( - 5.675e+01 3 0)
|    ( QUESTION0 -1 1.986e+02 1.327e+02 3.631e+01
|        ( - 2.293e+02 1 0)
|        ( - 1.020e+02 1 0)))
s>    ( QUESTION0 1 1.133e+02 1.420e+02 9.924e+01
s>        ( - 5.675e+01 3 0)
s>        ( QUESTION0 -1 1.986e+02 1.327e+02 3.631e+01
s>            ( - 2.293e+02 1 0)
s>            ( - 1.020e+02 1 0)))INFO: dtree.c(1351): Comp split 12
INFO: dtree.c(1351): Comp split 13
INFO: dtree.c(1483): stop. leaf nodes are specific
INFO: dtree.c(1524): Final simple tree
|( QUESTION0_5_R 1 1.189e+02 1.275e+02 5.920e+01
|    ( - 9.715e+01 1 0)
|    ( - 1.493e+02 1 0))
s>    ( QUESTION0_5_R 1 1.189e+02 1.275e+02 5.920e+01
s>        ( - 9.715e+01 1 0)
s>        ( - 1.493e+02 1 0))INFO: dtree.c(1351): Comp split 14
INFO: dtree.c(1483): stop. leaf nodes are specific
INFO: dtree.c(1524): Final simple tree
|( QUESTION0 -1 1.986e+02 1.327e+02 3.631e+01
|    ( - 2.293e+02 1 0)
|    ( - 1.020e+02 1 0))
s>    ( QUESTION0 -1 1.986e+02 1.327e+02 3.631e+01
s>        ( - 2.293e+02 1 0)
s>        ( - 1.020e+02 1 0))INFO: dtree.c(1351): Comp split 15
INFO: dtree.c(1351): Comp split 16
INFO: dtree.c(1483): stop. leaf nodes are specific
INFO: dtree.c(1524): Final simple tree
|( QUESTION0_3_R 1 1.234e+02 1.197e+02 2.804e+01
|    ( - 1.681e+02 1 0)
|    ( - 7.500e+01 1 0))
s>    ( QUESTION0_3_R 1 1.234e+02 1.197e+02 2.804e+01
s>        ( - 1.681e+02 1 0)
s>        ( - 7.500e+01 1 0))INFO: dtree.c(1351): Comp split 17
INFO: dtree.c(1351): Comp split 18
INFO: dtree.c(1351): Comp split 19
INFO: dtree.c(1354): stop. leaf nodes are specific
Tue May 31 10:45:38 2011
