INFO: cmd_ln.c(691): Parsing command line:
/home/xkrajnan/Plocha/GSoC/PocketSphinx/an4/bin/bldtree \
	-treefn /home/xkrajnan/Plocha/GSoC/PocketSphinx/an4/trees/an4.unpruned/OW-1.dtree \
	-moddeffn /home/xkrajnan/Plocha/GSoC/PocketSphinx/an4/model_architecture/an4.untied.mdef \
	-mixwfn /home/xkrajnan/Plocha/GSoC/PocketSphinx/an4/model_parameters/an4.cd_cont_untied/mixture_weights \
	-ts2cbfn .cont. \
	-mwfloor 1e-08 \
	-psetfn /home/xkrajnan/Plocha/GSoC/PocketSphinx/an4/model_architecture/an4.tree_questions \
	-phone OW \
	-state 1 \
	-stwt 1.0,0.05,0.0 \
	-meanfn /home/xkrajnan/Plocha/GSoC/PocketSphinx/an4/model_parameters/an4.cd_cont_untied/means \
	-varfn /home/xkrajnan/Plocha/GSoC/PocketSphinx/an4/model_parameters/an4.cd_cont_untied/variances \
	-fullvar no \
	-ssplitmin 1 \
	-ssplitmax 7 \
	-ssplitthr 0 \
	-csplitmin 1 \
	-csplitmax 2000 \
	-csplitthr 0 

Current configuration:
[NAME]		[DEFLT]	[VALUE]
-allphones	no	no
-cntthresh	0.00001	1.000000e-05
-csplitmax	100	2000
-csplitmin	1	1
-csplitthr	8e-4	0.000000e+00
-example	no	no
-fullvar	no	no
-help		no	no
-meanfn			/home/xkrajnan/Plocha/GSoC/PocketSphinx/an4/model_parameters/an4.cd_cont_untied/means
-mixwfn			/home/xkrajnan/Plocha/GSoC/PocketSphinx/an4/model_parameters/an4.cd_cont_untied/mixture_weights
-moddeffn		/home/xkrajnan/Plocha/GSoC/PocketSphinx/an4/model_architecture/an4.untied.mdef
-mwfloor	1e-4	1.000000e-08
-phone			OW
-psetfn			/home/xkrajnan/Plocha/GSoC/PocketSphinx/an4/model_architecture/an4.tree_questions
-ssplitmax	5	7
-ssplitmin	1	1
-ssplitthr	8e-4	0.000000e+00
-state			1
-stwt			1.0,0.05,0.0,
-treefn			/home/xkrajnan/Plocha/GSoC/PocketSphinx/an4/trees/an4.unpruned/OW-1.dtree
-ts2cbfn	.semi.	.cont.
-varfloor	0.00001	1.000000e-05
-varfn			/home/xkrajnan/Plocha/GSoC/PocketSphinx/an4/model_parameters/an4.cd_cont_untied/variances

INFO: main.c(228): Reading: /home/xkrajnan/Plocha/GSoC/PocketSphinx/an4/model_architecture/an4.untied.mdef
INFO: model_def_io.c(587): Model definition info:
INFO: model_def_io.c(588): 1618 total models defined (34 base, 1584 tri)
INFO: model_def_io.c(589): 6472 total states
INFO: model_def_io.c(590): 4854 total tied states
INFO: model_def_io.c(591): 102 total tied CI states
INFO: model_def_io.c(592): 34 total tied transition matrices
INFO: model_def_io.c(593): 4 max state/model
INFO: model_def_io.c(594): 4 min state/model
INFO: main.c(247): Building trees for [OW AY AA s] through [OW V SIL s]
INFO: main.c(275): Covering states |[3225 3578]| == 354
INFO: main.c(282): Reading: /home/xkrajnan/Plocha/GSoC/PocketSphinx/an4/model_parameters/an4.cd_cont_untied/mixture_weights
INFO: s3mixw_io.c(172): Read /home/xkrajnan/Plocha/GSoC/PocketSphinx/an4/model_parameters/an4.cd_cont_untied/mixture_weights [354x1x1 array]
INFO: main.c(320): 118 of 118 models have observation count greater than 0.000010
INFO: main.c(94): nrm stwt: 0.045 0.909 0.045 
INFO: s3gau_io.c(166): Read /home/xkrajnan/Plocha/GSoC/PocketSphinx/an4/model_parameters/an4.cd_cont_untied/means [4854x1x1 array]
INFO: s3gau_io.c(166): Read /home/xkrajnan/Plocha/GSoC/PocketSphinx/an4/model_parameters/an4.cd_cont_untied/variances [4854x1x1 array]
INFO: main.c(576): Reading: /home/xkrajnan/Plocha/GSoC/PocketSphinx/an4/model_architecture/an4.tree_questions
INFO: main.c(619): 180 total simple questions (172 phone; 8 word bndry)
INFO: main.c(621): 42 Left Only questions, and 42 Right Only questions
INFO: dtree.c(1524): Final simple tree
|( WDBNDRY_S 0 3.804e+04 2.592e+03 2.969e+03
|    ( QUESTION2 -1 3.556e+04 6.987e+02 2.464e+03
|        ( QUESTION0_3_R 1 4.964e+03 7.035e+02 3.812e+02
|            ( - 1.081e+03 1 0)
|            ( - 4.586e+03 22 0 QUESTION0_0_R 1 4.358e+02 3.582e+02))
|        ( QUESTION0_1_R 1 3.130e+04 6.664e+02 2.083e+03
|            ( - 2.882e+03 5 0 QUESTION2_0_L -1 4.585e+02 1.340e+02)
|            ( QUESTION14 1 2.908e+04 4.772e+02 1.949e+03
|                ( - 5.847e+03 10 0 QUESTION2_9_L -1 4.570e+02 3.086e+02)
|                ( - 2.371e+04 69 0 QUESTION3 1 4.251e+02 1.640e+03))))
|    ( QUESTION12 -1 5.077e+03 1.069e+03 5.049e+02
|        ( QUESTION0_5_R 1 2.485e+03 4.956e+02 1.874e+02
|            ( - 1.359e+03 1 0)
|            ( - 1.621e+03 6 0 QUESTION0_1_R 1 4.354e+02 1.517e+02))
|        ( - 3.661e+03 4 0 QUESTION8 -1 4.043e+02 3.174e+02)))
s>    ( WDBNDRY_S 0 3.804e+04 2.592e+03 2.969e+03
s>        ( QUESTION2 -1 3.556e+04 6.987e+02 2.464e+03
s>            ( QUESTION0_3_R 1 4.964e+03 7.035e+02 3.812e+02
s>                ( - 1.081e+03 1 0)
s>                ( - 4.586e+03 22 0 QUESTION0_0_R 1 4.358e+02 3.582e+02))
s>            ( QUESTION0_1_R 1 3.130e+04 6.664e+02 2.083e+03
s>                ( - 2.882e+03 5 0 QUESTION2_0_L -1 4.585e+02 1.340e+02)
s>                ( QUESTION14 1 2.908e+04 4.772e+02 1.949e+03
s>                    ( - 5.847e+03 10 0 QUESTION2_9_L -1 4.570e+02 3.086e+02)
s>                    ( - 2.371e+04 69 0 QUESTION3 1 4.251e+02 1.640e+03))))
s>        ( QUESTION12 -1 5.077e+03 1.069e+03 5.049e+02
s>            ( QUESTION0_5_R 1 2.485e+03 4.956e+02 1.874e+02
s>                ( - 1.359e+03 1 0)
s>                ( - 1.621e+03 6 0 QUESTION0_1_R 1 4.354e+02 1.517e+02))
s>            ( - 3.661e+03 4 0 QUESTION8 -1 4.043e+02 3.174e+02)))INFO: dtree.c(1351): Comp split 0
INFO: dtree.c(1524): Final simple tree
|( QUESTION0_1_R 1 3.529e+04 6.413e+02 2.441e+03
|    ( QUESTION10 -1 3.471e+03 5.474e+02 1.944e+02
|        ( - 1.107e+03 1 0)
|        ( QUESTION2_0_L -1 2.911e+03 4.583e+02 1.490e+02
|            ( - 1.341e+03 1 0)
|            ( QUESTION0 -1 2.029e+03 4.320e+02 1.029e+02
|                ( - 1.819e+03 2 0 QUESTION2_9_L -1 3.567e+02 6.091e+01)
|                ( - 6.419e+02 4 0 QUESTION11 -1 3.730e+02 4.200e+01))))
|    ( SILENCE 1 3.246e+04 5.511e+02 2.247e+03
|        ( - 2.197e+03 8 0 QUESTION11 -1 3.239e+02 1.291e+02)
|        ( QUESTION14 1 3.081e+04 5.042e+02 2.118e+03
|            ( QUESTION2_9_L -1 5.847e+03 4.570e+02 3.086e+02
|                ( - 2.413e+03 3 0 QUESTION0 -1 3.293e+02 8.684e+01)
|                ( - 3.892e+03 7 0 QUESTION2_18_L -1 4.162e+02 2.217e+02))
|            ( - 2.547e+04 80 0 QUESTION9 -1 3.896e+02 1.809e+03))))
s>    ( QUESTION0_1_R 1 3.529e+04 6.413e+02 2.441e+03
s>        ( QUESTION10 -1 3.471e+03 5.474e+02 1.944e+02
s>            ( - 1.107e+03 1 0)
s>            ( QUESTION2_0_L -1 2.911e+03 4.583e+02 1.490e+02
s>                ( - 1.341e+03 1 0)
s>                ( QUESTION0 -1 2.029e+03 4.320e+02 1.029e+02
s>                    ( - 1.819e+03 2 0 QUESTION2_9_L -1 3.567e+02 6.091e+01)
s>                    ( - 6.419e+02 4 0 QUESTION11 -1 3.730e+02 4.200e+01))))
s>        ( SILENCE 1 3.246e+04 5.511e+02 2.247e+03
s>            ( - 2.197e+03 8 0 QUESTION11 -1 3.239e+02 1.291e+02)
s>            ( QUESTION14 1 3.081e+04 5.042e+02 2.118e+03
s>                ( QUESTION2_9_L -1 5.847e+03 4.570e+02 3.086e+02
s>                    ( - 2.413e+03 3 0 QUESTION0 -1 3.293e+02 8.684e+01)
s>                    ( - 3.892e+03 7 0 QUESTION2_18_L -1 4.162e+02 2.217e+02))
s>                ( - 2.547e+04 80 0 QUESTION9 -1 3.896e+02 1.809e+03))))INFO: dtree.c(1524): Final simple tree
|( QUESTION12 -1 5.498e+03 1.038e+03 5.279e+02
|    ( QUESTION0_5_R 1 2.485e+03 4.956e+02 1.874e+02
|        ( - 1.359e+03 1 0)
|        ( QUESTION0_1_R 1 1.621e+03 4.354e+02 1.517e+02
|            ( - 8.686e+02 1 0)
|            ( SILENCE 1 1.188e+03 2.906e+02 1.105e+02
|                ( - 1.189e+03 1 0)
|                ( QUESTION0_11_R 1 2.896e+02 2.328e+02 2.700e+01
|                    ( - 2.440e+02 1 0)
|                    ( - 2.783e+02 3 0 QUESTION0 1 2.247e+02 2.600e+01)))))
|    ( WDBNDRY_S 0 4.051e+03 6.913e+02 3.404e+02
|        ( - 1.081e+03 1 0)
|        ( QUESTION8 -1 3.661e+03 4.043e+02 3.174e+02
|            ( - 2.519e+03 1 0)
|            ( - 1.547e+03 3 0 QUESTION0_10_R 1 2.020e+02 1.185e+02))))
s>    ( QUESTION12 -1 5.498e+03 1.038e+03 5.279e+02
s>        ( QUESTION0_5_R 1 2.485e+03 4.956e+02 1.874e+02
s>            ( - 1.359e+03 1 0)
s>            ( QUESTION0_1_R 1 1.621e+03 4.354e+02 1.517e+02
s>                ( - 8.686e+02 1 0)
s>                ( SILENCE 1 1.188e+03 2.906e+02 1.105e+02
s>                    ( - 1.189e+03 1 0)
s>                    ( QUESTION0_11_R 1 2.896e+02 2.328e+02 2.700e+01
s>                        ( - 2.440e+02 1 0)
s>                        ( - 2.783e+02 3 0 QUESTION0 1 2.247e+02 2.600e+01)))))
s>        ( WDBNDRY_S 0 4.051e+03 6.913e+02 3.404e+02
s>            ( - 1.081e+03 1 0)
s>            ( QUESTION8 -1 3.661e+03 4.043e+02 3.174e+02
s>                ( - 2.519e+03 1 0)
s>                ( - 1.547e+03 3 0 QUESTION0_10_R 1 2.020e+02 1.185e+02))))INFO: dtree.c(1351): Comp split 1
INFO: dtree.c(1483): stop. leaf nodes are specific
INFO: dtree.c(1524): Final simple tree
|( QUESTION0_5_R 1 2.485e+03 4.956e+02 1.874e+02
|    ( - 1.359e+03 1 0)
|    ( QUESTION0_1_R 1 1.621e+03 4.354e+02 1.517e+02
|        ( - 8.686e+02 1 0)
|        ( SILENCE 1 1.188e+03 2.906e+02 1.105e+02
|            ( - 1.189e+03 1 0)
|            ( QUESTION0_11_R 1 2.896e+02 2.328e+02 2.700e+01
|                ( - 2.440e+02 1 0)
|                ( QUESTION0 1 2.783e+02 2.247e+02 2.600e+01
|                    ( - 2.539e+02 1 0)
|                    ( QUESTION0_0_R 1 2.492e+02 2.008e+02 1.900e+01
|                        ( - 2.284e+02 1 0)
|                        ( - 2.216e+02 1 0)))))))
s>    ( QUESTION0_5_R 1 2.485e+03 4.956e+02 1.874e+02
s>        ( - 1.359e+03 1 0)
s>        ( QUESTION0_1_R 1 1.621e+03 4.354e+02 1.517e+02
s>            ( - 8.686e+02 1 0)
s>            ( SILENCE 1 1.188e+03 2.906e+02 1.105e+02
s>                ( - 1.189e+03 1 0)
s>                ( QUESTION0_11_R 1 2.896e+02 2.328e+02 2.700e+01
s>                    ( - 2.440e+02 1 0)
s>                    ( QUESTION0 1 2.783e+02 2.247e+02 2.600e+01
s>                        ( - 2.539e+02 1 0)
s>                        ( QUESTION0_0_R 1 2.492e+02 2.008e+02 1.900e+01
s>                            ( - 2.284e+02 1 0)
s>                            ( - 2.216e+02 1 0)))))))INFO: dtree.c(1483): stop. leaf nodes are specific
INFO: dtree.c(1524): Final simple tree
|( WDBNDRY_S 0 4.051e+03 6.913e+02 3.404e+02
|    ( - 1.081e+03 1 0)
|    ( QUESTION8 -1 3.661e+03 4.043e+02 3.174e+02
|        ( - 2.519e+03 1 0)
|        ( QUESTION0_10_R 1 1.547e+03 2.020e+02 1.185e+02
|            ( - 1.944e+02 1 0)
|            ( WDBNDRY_E 0 1.555e+03 1.805e+02 1.165e+02
|                ( - 1.650e+03 1 0)
|                ( - 8.455e+01 1 0)))))
s>    ( WDBNDRY_S 0 4.051e+03 6.913e+02 3.404e+02
s>        ( - 1.081e+03 1 0)
s>        ( QUESTION8 -1 3.661e+03 4.043e+02 3.174e+02
s>            ( - 2.519e+03 1 0)
s>            ( QUESTION0_10_R 1 1.547e+03 2.020e+02 1.185e+02
s>                ( - 1.944e+02 1 0)
s>                ( WDBNDRY_E 0 1.555e+03 1.805e+02 1.165e+02
s>                    ( - 1.650e+03 1 0)
s>                    ( - 8.455e+01 1 0)))))INFO: dtree.c(1351): Comp split 2
INFO: dtree.c(1483): stop. leaf nodes are specific
INFO: dtree.c(1524): Final simple tree
|( QUESTION2_0_L -1 4.572e+03 4.720e+02 1.938e+02
|    ( - 1.341e+03 1 0)
|    ( QUESTION0_0_R 1 3.703e+03 5.284e+02 1.477e+02
|        ( QUESTION2_9_L -1 1.819e+03 3.567e+02 6.091e+01
|            ( - 8.358e+02 1 0)
|            ( - 1.340e+03 1 0))
|        ( QUESTION0 -1 2.413e+03 3.293e+02 8.684e+01
|            ( - 1.687e+03 1 0)
|            ( - 1.055e+03 2 0))))
s>    ( QUESTION2_0_L -1 4.572e+03 4.720e+02 1.938e+02
s>        ( - 1.341e+03 1 0)
s>        ( QUESTION0_0_R 1 3.703e+03 5.284e+02 1.477e+02
s>            ( QUESTION2_9_L -1 1.819e+03 3.567e+02 6.091e+01
s>                ( - 8.358e+02 1 0)
s>                ( - 1.340e+03 1 0))
s>            ( QUESTION0 -1 2.413e+03 3.293e+02 8.684e+01
s>                ( - 1.687e+03 1 0)
s>                ( - 1.055e+03 2 0))))INFO: dtree.c(1524): Final simple tree
|( QUESTION10 -1 3.153e+04 6.106e+02 2.247e+03
|    ( QUESTION0_1_R 1 3.151e+03 4.519e+02 2.221e+02
|        ( - 1.107e+03 1 0)
|        ( - 2.496e+03 10 0 QUESTION11 1 3.501e+02 1.767e+02))
|    ( QUESTION14 1 2.899e+04 4.362e+02 2.025e+03
|        ( QUESTION2_18_L -1 3.892e+03 4.162e+02 2.217e+02
|            ( - 7.716e+02 1 0)
|            ( - 3.536e+03 6 0 SILENCE -1 3.463e+02 2.037e+02))
|        ( QUESTION3 1 2.553e+04 4.037e+02 1.804e+03
|            ( - 7.309e+03 24 0 QUESTION2_17_L -1 3.711e+02 4.127e+02)
|            ( QUESTION0_15_R 1 1.863e+04 3.904e+02 1.391e+03
|                ( QUESTION2_0_L -1 2.506e+03 4.240e+02 1.319e+02
|                    ( - 8.352e+02 1 0)
|                    ( - 2.095e+03 3 0 QUESTION0 -1 2.108e+02 1.069e+02))
|                ( - 1.651e+04 54 0 SILENCE 1 3.501e+02 1.259e+03)))))
s>    ( QUESTION10 -1 3.153e+04 6.106e+02 2.247e+03
s>        ( QUESTION0_1_R 1 3.151e+03 4.519e+02 2.221e+02
s>            ( - 1.107e+03 1 0)
s>            ( - 2.496e+03 10 0 QUESTION11 1 3.501e+02 1.767e+02))
s>        ( QUESTION14 1 2.899e+04 4.362e+02 2.025e+03
s>            ( QUESTION2_18_L -1 3.892e+03 4.162e+02 2.217e+02
s>                ( - 7.716e+02 1 0)
s>                ( - 3.536e+03 6 0 SILENCE -1 3.463e+02 2.037e+02))
s>            ( QUESTION3 1 2.553e+04 4.037e+02 1.804e+03
s>                ( - 7.309e+03 24 0 QUESTION2_17_L -1 3.711e+02 4.127e+02)
s>                ( QUESTION0_15_R 1 1.863e+04 3.904e+02 1.391e+03
s>                    ( QUESTION2_0_L -1 2.506e+03 4.240e+02 1.319e+02
s>                        ( - 8.352e+02 1 0)
s>                        ( - 2.095e+03 3 0 QUESTION0 -1 2.108e+02 1.069e+02))
s>                    ( - 1.651e+04 54 0 SILENCE 1 3.501e+02 1.259e+03)))))INFO: dtree.c(1351): Comp split 3
INFO: dtree.c(1483): stop. leaf nodes are specific
INFO: dtree.c(1524): Final simple tree
|( QUESTION8 -1 3.661e+03 4.043e+02 3.174e+02
|    ( - 2.519e+03 1 0)
|    ( QUESTION0_10_R 1 1.547e+03 2.020e+02 1.185e+02
|        ( - 1.944e+02 1 0)
|        ( WDBNDRY_E 0 1.555e+03 1.805e+02 1.165e+02
|            ( - 1.650e+03 1 0)
|            ( - 8.455e+01 1 0))))
s>    ( QUESTION8 -1 3.661e+03 4.043e+02 3.174e+02
s>        ( - 2.519e+03 1 0)
s>        ( QUESTION0_10_R 1 1.547e+03 2.020e+02 1.185e+02
s>            ( - 1.944e+02 1 0)
s>            ( WDBNDRY_E 0 1.555e+03 1.805e+02 1.165e+02
s>                ( - 1.650e+03 1 0)
s>                ( - 8.455e+01 1 0))))INFO: dtree.c(1351): Comp split 4
INFO: dtree.c(1524): Final simple tree
|( QUESTION14 1 2.899e+04 4.362e+02 2.025e+03
|    ( QUESTION2_18_L -1 3.892e+03 4.162e+02 2.217e+02
|        ( - 7.716e+02 1 0)
|        ( - 3.536e+03 6 0 SILENCE -1 3.463e+02 2.037e+02))
|    ( QUESTION3 1 2.553e+04 4.037e+02 1.804e+03
|        ( QUESTION2_17_L -1 7.309e+03 3.711e+02 4.127e+02
|            ( - 3.818e+03 9 0 QUESTION0_9_R 1 2.582e+02 1.652e+02)
|            ( - 3.862e+03 15 0 QUESTION6 1 3.209e+02 2.475e+02))
|        ( QUESTION0_15_R 1 1.863e+04 3.904e+02 1.391e+03
|            ( QUESTION2_0_L -1 2.506e+03 4.240e+02 1.319e+02
|                ( - 8.352e+02 1 0)
|                ( - 2.095e+03 3 0 QUESTION0 -1 2.108e+02 1.069e+02))
|            ( SILENCE 1 1.651e+04 3.501e+02 1.259e+03
|                ( - 1.200e+03 7 0 QUESTION2 -1 3.306e+02 7.997e+01)
|                ( - 1.566e+04 47 0 QUESTION2_14_L -1 3.295e+02 1.179e+03)))))
s>    ( QUESTION14 1 2.899e+04 4.362e+02 2.025e+03
s>        ( QUESTION2_18_L -1 3.892e+03 4.162e+02 2.217e+02
s>            ( - 7.716e+02 1 0)
s>            ( - 3.536e+03 6 0 SILENCE -1 3.463e+02 2.037e+02))
s>        ( QUESTION3 1 2.553e+04 4.037e+02 1.804e+03
s>            ( QUESTION2_17_L -1 7.309e+03 3.711e+02 4.127e+02
s>                ( - 3.818e+03 9 0 QUESTION0_9_R 1 2.582e+02 1.652e+02)
s>                ( - 3.862e+03 15 0 QUESTION6 1 3.209e+02 2.475e+02))
s>            ( QUESTION0_15_R 1 1.863e+04 3.904e+02 1.391e+03
s>                ( QUESTION2_0_L -1 2.506e+03 4.240e+02 1.319e+02
s>                    ( - 8.352e+02 1 0)
s>                    ( - 2.095e+03 3 0 QUESTION0 -1 2.108e+02 1.069e+02))
s>                ( SILENCE 1 1.651e+04 3.501e+02 1.259e+03
s>                    ( - 1.200e+03 7 0 QUESTION2 -1 3.306e+02 7.997e+01)
s>                    ( - 1.566e+04 47 0 QUESTION2_14_L -1 3.295e+02 1.179e+03)))))INFO: dtree.c(1524): Final simple tree
|( QUESTION0_1_R 1 3.151e+03 4.519e+02 2.221e+02
|    ( - 1.107e+03 1 0)
|    ( QUESTION11 1 2.496e+03 3.501e+02 1.767e+02
|        ( - 4.396e+02 1 0)
|        ( SILENCE 1 2.407e+03 3.613e+02 1.617e+02
|            ( - 1.256e+03 1 0)
|            ( QUESTION4 1 1.512e+03 3.176e+02 1.125e+02
|                ( QUESTION0_0_R 1 9.154e+02 2.337e+02 4.654e+01
|                    ( - 2.248e+02 1 0)
|                    ( - 9.243e+02 1 0))
|                ( QUESTION0_0_R 1 9.141e+02 2.888e+02 6.600e+01
|                    ( - 5.056e+02 3 0 QUESTION0_11_R 1 1.846e+02 2.902e+01)
|                    ( QUESTION0_15_R 1 6.973e+02 2.358e+02 3.698e+01
|                        ( - 5.089e+02 1 0)
|                        ( - 4.243e+02 2 0 QUESTION0_13_R 1 2.056e+02 1.798e+01)))))))
s>    ( QUESTION0_1_R 1 3.151e+03 4.519e+02 2.221e+02
s>        ( - 1.107e+03 1 0)
s>        ( QUESTION11 1 2.496e+03 3.501e+02 1.767e+02
s>            ( - 4.396e+02 1 0)
s>            ( SILENCE 1 2.407e+03 3.613e+02 1.617e+02
s>                ( - 1.256e+03 1 0)
s>                ( QUESTION4 1 1.512e+03 3.176e+02 1.125e+02
s>                    ( QUESTION0_0_R 1 9.154e+02 2.337e+02 4.654e+01
s>                        ( - 2.248e+02 1 0)
s>                        ( - 9.243e+02 1 0))
s>                    ( QUESTION0_0_R 1 9.141e+02 2.888e+02 6.600e+01
s>                        ( - 5.056e+02 3 0 QUESTION0_11_R 1 1.846e+02 2.902e+01)
s>                        ( QUESTION0_15_R 1 6.973e+02 2.358e+02 3.698e+01
s>                            ( - 5.089e+02 1 0)
s>                            ( - 4.243e+02 2 0 QUESTION0_13_R 1 2.056e+02 1.798e+01)))))))INFO: dtree.c(1351): Comp split 5
INFO: dtree.c(1524): Final simple tree
|( SILENCE 1 2.407e+03 3.613e+02 1.617e+02
|    ( - 1.256e+03 1 0)
|    ( QUESTION4 1 1.512e+03 3.176e+02 1.125e+02
|        ( QUESTION0_0_R 1 9.154e+02 2.337e+02 4.654e+01
|            ( - 2.248e+02 1 0)
|            ( - 9.243e+02 1 0))
|        ( QUESTION0_0_R 1 9.141e+02 2.888e+02 6.600e+01
|            ( QUESTION0_11_R 1 5.056e+02 1.846e+02 2.902e+01
|                ( - 2.719e+02 1 0)
|                ( - 4.183e+02 2 0 QUESTION0_5_R 1 1.819e+02 2.402e+01))
|            ( QUESTION0_15_R 1 6.973e+02 2.358e+02 3.698e+01
|                ( - 5.089e+02 1 0)
|                ( QUESTION0_13_R 1 4.243e+02 2.056e+02 1.798e+01
|                    ( - 3.196e+02 1 0)
|                    ( - 3.102e+02 1 0))))))
s>    ( SILENCE 1 2.407e+03 3.613e+02 1.617e+02
s>        ( - 1.256e+03 1 0)
s>        ( QUESTION4 1 1.512e+03 3.176e+02 1.125e+02
s>            ( QUESTION0_0_R 1 9.154e+02 2.337e+02 4.654e+01
s>                ( - 2.248e+02 1 0)
s>                ( - 9.243e+02 1 0))
s>            ( QUESTION0_0_R 1 9.141e+02 2.888e+02 6.600e+01
s>                ( QUESTION0_11_R 1 5.056e+02 1.846e+02 2.902e+01
s>                    ( - 2.719e+02 1 0)
s>                    ( - 4.183e+02 2 0 QUESTION0_5_R 1 1.819e+02 2.402e+01))
s>                ( QUESTION0_15_R 1 6.973e+02 2.358e+02 3.698e+01
s>                    ( - 5.089e+02 1 0)
s>                    ( QUESTION0_13_R 1 4.243e+02 2.056e+02 1.798e+01
s>                        ( - 3.196e+02 1 0)
s>                        ( - 3.102e+02 1 0))))))INFO: dtree.c(1483): stop. leaf nodes are specific
INFO: dtree.c(1524): Final simple tree
|( QUESTION0_1_R 1 1.307e+03 2.397e+02 6.044e+01
|    ( - 1.107e+03 1 0)
|    ( - 4.396e+02 1 0))
s>    ( QUESTION0_1_R 1 1.307e+03 2.397e+02 6.044e+01
s>        ( - 1.107e+03 1 0)
s>        ( - 4.396e+02 1 0))INFO: dtree.c(1351): Comp split 6
INFO: dtree.c(1524): Final simple tree
|( SILENCE 1 2.004e+04 3.580e+02 1.506e+03
|    ( - 1.200e+03 7 0 QUESTION2 -1 3.306e+02 7.997e+01)
|    ( QUESTION4 1 1.920e+04 3.496e+02 1.426e+03
|        ( - 2.085e+03 6 0 QUESTION0_0_R 1 3.169e+02 1.118e+02)
|        ( QUESTION0 -1 1.746e+04 3.447e+02 1.315e+03
|            ( QUESTION12 1 9.869e+03 3.489e+02 7.149e+02
|                ( - 7.807e+02 1 0)
|                ( - 9.437e+03 27 0 QUESTION2_14_L -1 3.347e+02 6.910e+02))
|            ( QUESTION0 1 7.936e+03 3.579e+02 5.998e+02
|                ( QUESTION0_2_R 1 1.762e+03 4.341e+02 1.431e+02
|                    ( - 8.467e+02 1 0)
|                    ( QUESTION2_18_L -1 1.350e+03 4.256e+02 1.140e+02
|                        ( - 7.860e+02 2 0 QUESTION0_0_R 1 2.501e+02 2.800e+01)
|                        ( - 9.894e+02 8 0 QUESTION12 -1 2.626e+02 8.602e+01)))
|                ( - 6.531e+03 17 0 QUESTION0_6_R 1 3.203e+02 4.566e+02)))))
s>    ( SILENCE 1 2.004e+04 3.580e+02 1.506e+03
s>        ( - 1.200e+03 7 0 QUESTION2 -1 3.306e+02 7.997e+01)
s>        ( QUESTION4 1 1.920e+04 3.496e+02 1.426e+03
s>            ( - 2.085e+03 6 0 QUESTION0_0_R 1 3.169e+02 1.118e+02)
s>            ( QUESTION0 -1 1.746e+04 3.447e+02 1.315e+03
s>                ( QUESTION12 1 9.869e+03 3.489e+02 7.149e+02
s>                    ( - 7.807e+02 1 0)
s>                    ( - 9.437e+03 27 0 QUESTION2_14_L -1 3.347e+02 6.910e+02))
s>                ( QUESTION0 1 7.936e+03 3.579e+02 5.998e+02
s>                    ( QUESTION0_2_R 1 1.762e+03 4.341e+02 1.431e+02
s>                        ( - 8.467e+02 1 0)
s>                        ( QUESTION2_18_L -1 1.350e+03 4.256e+02 1.140e+02
s>                            ( - 7.860e+02 2 0 QUESTION0_0_R 1 2.501e+02 2.800e+01)
s>                            ( - 9.894e+02 8 0 QUESTION12 -1 2.626e+02 8.602e+01)))
s>                    ( - 6.531e+03 17 0 QUESTION0_6_R 1 3.203e+02 4.566e+02)))))INFO: dtree.c(1524): Final simple tree
|( QUESTION11 1 9.501e+03 3.962e+02 5.189e+02
|    ( QUESTION2_18_L -1 3.892e+03 4.162e+02 2.217e+02
|        ( - 7.716e+02 1 0)
|        ( SILENCE -1 3.536e+03 3.463e+02 2.037e+02
|            ( - 6.087e+02 1 0)
|            ( - 3.274e+03 5 0 QUESTION2_0_L -1 2.536e+02 1.867e+02)))
|    ( QUESTION2_0_L -1 6.006e+03 3.900e+02 2.971e+02
|        ( - 8.352e+02 1 0)
|        ( QUESTION0_14_R 1 5.561e+03 3.523e+02 2.721e+02
|            ( - 2.095e+03 3 0 QUESTION0 -1 2.108e+02 1.069e+02)
|            ( QUESTION0_9_R 1 3.818e+03 2.582e+02 1.652e+02
|                ( - 4.047e+02 1 0)
|                ( QUESTION6 1 3.671e+03 2.556e+02 1.562e+02
|                    ( - 4.770e+02 1 0)
|                    ( - 3.450e+03 7 0 QUESTION0_11_R 1 2.154e+02 1.472e+02))))))
s>    ( QUESTION11 1 9.501e+03 3.962e+02 5.189e+02
s>        ( QUESTION2_18_L -1 3.892e+03 4.162e+02 2.217e+02
s>            ( - 7.716e+02 1 0)
s>            ( SILENCE -1 3.536e+03 3.463e+02 2.037e+02
s>                ( - 6.087e+02 1 0)
s>                ( - 3.274e+03 5 0 QUESTION2_0_L -1 2.536e+02 1.867e+02)))
s>        ( QUESTION2_0_L -1 6.006e+03 3.900e+02 2.971e+02
s>            ( - 8.352e+02 1 0)
s>            ( QUESTION0_14_R 1 5.561e+03 3.523e+02 2.721e+02
s>                ( - 2.095e+03 3 0 QUESTION0 -1 2.108e+02 1.069e+02)
s>                ( QUESTION0_9_R 1 3.818e+03 2.582e+02 1.652e+02
s>                    ( - 4.047e+02 1 0)
s>                    ( QUESTION6 1 3.671e+03 2.556e+02 1.562e+02
s>                        ( - 4.770e+02 1 0)
s>                        ( - 3.450e+03 7 0 QUESTION0_11_R 1 2.154e+02 1.472e+02))))))INFO: dtree.c(1351): Comp split 7
INFO: dtree.c(1524): Final simple tree
|( QUESTION2 1 8.522e+03 4.247e+02 4.669e+02
|    ( QUESTION6 1 3.671e+03 2.556e+02 1.562e+02
|        ( - 4.770e+02 1 0)
|        ( - 3.450e+03 7 0 QUESTION0_11_R 1 2.154e+02 1.472e+02))
|    ( QUESTION0_13_R 1 5.275e+03 3.558e+02 3.107e+02
|        ( SILENCE -1 3.536e+03 3.463e+02 2.037e+02
|            ( - 6.087e+02 1 0)
|            ( QUESTION2_0_L -1 3.274e+03 2.536e+02 1.867e+02
|                ( QUESTION2_1_L -1 1.127e+03 2.280e+02 6.664e+01
|                    ( - 1.024e+03 1 0)
|                    ( - 3.316e+02 1 0))
|                ( QUESTION0 -1 2.400e+03 2.413e+02 1.201e+02
|                    ( - 8.997e+02 2 0)
|                    ( - 1.742e+03 1 0))))
|        ( - 2.095e+03 3 0 QUESTION0 -1 2.108e+02 1.069e+02)))
s>    ( QUESTION2 1 8.522e+03 4.247e+02 4.669e+02
s>        ( QUESTION6 1 3.671e+03 2.556e+02 1.562e+02
s>            ( - 4.770e+02 1 0)
s>            ( - 3.450e+03 7 0 QUESTION0_11_R 1 2.154e+02 1.472e+02))
s>        ( QUESTION0_13_R 1 5.275e+03 3.558e+02 3.107e+02
s>            ( SILENCE -1 3.536e+03 3.463e+02 2.037e+02
s>                ( - 6.087e+02 1 0)
s>                ( QUESTION2_0_L -1 3.274e+03 2.536e+02 1.867e+02
s>                    ( QUESTION2_1_L -1 1.127e+03 2.280e+02 6.664e+01
s>                        ( - 1.024e+03 1 0)
s>                        ( - 3.316e+02 1 0))
s>                    ( QUESTION0 -1 2.400e+03 2.413e+02 1.201e+02
s>                        ( - 8.997e+02 2 0)
s>                        ( - 1.742e+03 1 0))))
s>            ( - 2.095e+03 3 0 QUESTION0 -1 2.108e+02 1.069e+02)))INFO: dtree.c(1483): stop. leaf nodes are specific
INFO: dtree.c(1524): Final simple tree
|( QUESTION0_13_R 1 1.589e+03 2.987e+02 5.200e+01
|    ( - 7.716e+02 1 0)
|    ( QUESTION0_0_R 1 1.116e+03 1.243e+02 3.400e+01
|        ( - 4.047e+02 1 0)
|        ( - 8.352e+02 1 0)))
s>    ( QUESTION0_13_R 1 1.589e+03 2.987e+02 5.200e+01
s>        ( - 7.716e+02 1 0)
s>        ( QUESTION0_0_R 1 1.116e+03 1.243e+02 3.400e+01
s>            ( - 4.047e+02 1 0)
s>            ( - 8.352e+02 1 0)))INFO: dtree.c(1351): Comp split 8
INFO: dtree.c(1483): stop. leaf nodes are specific
INFO: dtree.c(1524): Final simple tree
|( QUESTION0_2_R 1 1.349e+03 2.833e+02 5.709e+01
|    ( - 8.467e+02 1 0)
|    ( QUESTION0_0_R 1 7.860e+02 2.501e+02 2.800e+01
|        ( - 6.914e+02 1 0)
|        ( - 3.448e+02 1 0)))
s>    ( QUESTION0_2_R 1 1.349e+03 2.833e+02 5.709e+01
s>        ( - 8.467e+02 1 0)
s>        ( QUESTION0_0_R 1 7.860e+02 2.501e+02 2.800e+01
s>            ( - 6.914e+02 1 0)
s>            ( - 3.448e+02 1 0)))INFO: dtree.c(1524): Final simple tree
|( QUESTION8 -1 1.922e+04 3.680e+02 1.449e+03
|    ( - 7.919e+02 3 0 SILENCE 1 2.076e+02 3.698e+01)
|    ( QUESTION4 1 1.879e+04 3.541e+02 1.412e+03
|        ( - 2.085e+03 6 0 QUESTION0_0_R 1 3.169e+02 1.118e+02)
|        ( SILENCE 1 1.706e+04 3.400e+02 1.301e+03
|            ( - 8.030e+02 6 0 QUESTION2_1_L -1 2.811e+02 5.500e+01)
|            ( QUESTION0 -1 1.660e+04 3.473e+02 1.246e+03
|                ( QUESTION12 1 9.869e+03 3.489e+02 7.149e+02
|                    ( - 7.807e+02 1 0)
|                    ( QUESTION2_14_L -1 9.437e+03 3.347e+02 6.910e+02
|                        ( - 3.382e+03 13 0 QUESTION16 1 4.059e+02 2.215e+02)
|                        ( - 6.390e+03 14 0 QUESTION0_14_R 1 3.290e+02 4.695e+02)))
|                ( QUESTION0 1 7.077e+03 3.806e+02 5.307e+02
|                    ( - 9.061e+02 7 0 QUESTION12 -1 2.598e+02 7.602e+01)
|                    ( - 6.551e+03 16 0 QUESTION0_6_R 1 3.226e+02 4.546e+02))))))
s>    ( QUESTION8 -1 1.922e+04 3.680e+02 1.449e+03
s>        ( - 7.919e+02 3 0 SILENCE 1 2.076e+02 3.698e+01)
s>        ( QUESTION4 1 1.879e+04 3.541e+02 1.412e+03
s>            ( - 2.085e+03 6 0 QUESTION0_0_R 1 3.169e+02 1.118e+02)
s>            ( SILENCE 1 1.706e+04 3.400e+02 1.301e+03
s>                ( - 8.030e+02 6 0 QUESTION2_1_L -1 2.811e+02 5.500e+01)
s>                ( QUESTION0 -1 1.660e+04 3.473e+02 1.246e+03
s>                    ( QUESTION12 1 9.869e+03 3.489e+02 7.149e+02
s>                        ( - 7.807e+02 1 0)
s>                        ( QUESTION2_14_L -1 9.437e+03 3.347e+02 6.910e+02
s>                            ( - 3.382e+03 13 0 QUESTION16 1 4.059e+02 2.215e+02)
s>                            ( - 6.390e+03 14 0 QUESTION0_14_R 1 3.290e+02 4.695e+02)))
s>                    ( QUESTION0 1 7.077e+03 3.806e+02 5.307e+02
s>                        ( - 9.061e+02 7 0 QUESTION12 -1 2.598e+02 7.602e+01)
s>                        ( - 6.551e+03 16 0 QUESTION0_6_R 1 3.226e+02 4.546e+02))))))INFO: dtree.c(1351): Comp split 9
INFO: dtree.c(1483): stop. leaf nodes are specific
INFO: dtree.c(1524): Final simple tree
|( QUESTION2_9_L -1 1.819e+03 3.567e+02 6.091e+01
|    ( - 8.358e+02 1 0)
|    ( - 1.340e+03 1 0))
s>    ( QUESTION2_9_L -1 1.819e+03 3.567e+02 6.091e+01
s>        ( - 8.358e+02 1 0)
s>        ( - 1.340e+03 1 0))INFO: dtree.c(1483): stop. leaf nodes are specific
INFO: dtree.c(1524): Final simple tree
|( QUESTION0_0_R 1 3.270e+03 4.835e+02 1.329e+02
|    ( - 1.341e+03 1 0)
|    ( QUESTION0 -1 2.413e+03 3.293e+02 8.684e+01
|        ( - 1.687e+03 1 0)
|        ( - 1.055e+03 2 0)))
s>    ( QUESTION0_0_R 1 3.270e+03 4.835e+02 1.329e+02
s>        ( - 1.341e+03 1 0)
s>        ( QUESTION0 -1 2.413e+03 3.293e+02 8.684e+01
s>            ( - 1.687e+03 1 0)
s>            ( - 1.055e+03 2 0)))INFO: dtree.c(1351): Comp split 10
INFO: dtree.c(1483): stop. leaf nodes are specific
INFO: dtree.c(1524): Final simple tree
|( QUESTION6 1 4.396e+03 2.619e+02 1.912e+02
|    ( - 4.770e+02 1 0)
|    ( QUESTION0_11_R 1 4.181e+03 1.981e+02 1.822e+02
|        ( QUESTION0 -1 2.596e+03 5.147e+02 9.819e+01
|            ( - 2.434e+03 2 0)
|            ( - 6.767e+02 1 0))
|        ( QUESTION0 -1 1.783e+03 3.679e+02 8.400e+01
|            ( QUESTION0_0_R 1 1.389e+03 3.491e+02 6.600e+01
|                ( - 3.570e+02 1 0)
|                ( QUESTION2 1 1.381e+03 2.207e+02 5.700e+01
|                    ( - 7.022e+02 2 0)
|                    ( - 8.997e+02 2 0)))
|            ( - 7.619e+02 1 0))))
s>    ( QUESTION6 1 4.396e+03 2.619e+02 1.912e+02
s>        ( - 4.770e+02 1 0)
s>        ( QUESTION0_11_R 1 4.181e+03 1.981e+02 1.822e+02
s>            ( QUESTION0 -1 2.596e+03 5.147e+02 9.819e+01
s>                ( - 2.434e+03 2 0)
s>                ( - 6.767e+02 1 0))
s>            ( QUESTION0 -1 1.783e+03 3.679e+02 8.400e+01
s>                ( QUESTION0_0_R 1 1.389e+03 3.491e+02 6.600e+01
s>                    ( - 3.570e+02 1 0)
s>                    ( QUESTION2 1 1.381e+03 2.207e+02 5.700e+01
s>                        ( - 7.022e+02 2 0)
s>                        ( - 8.997e+02 2 0)))
s>                ( - 7.619e+02 1 0))))INFO: dtree.c(1483): stop. leaf nodes are specific
INFO: dtree.c(1524): Final simple tree
|( QUESTION0_13_R 1 4.637e+03 3.611e+02 2.757e+02
|    ( SILENCE -1 2.903e+03 3.382e+02 1.687e+02
|        ( - 6.087e+02 1 0)
|        ( QUESTION2_2_L -1 2.632e+03 2.379e+02 1.517e+02
|            ( - 3.316e+02 1 0)
|            ( QUESTION0 -1 2.539e+03 2.268e+02 1.417e+02
|                ( - 1.024e+03 1 0)
|                ( - 1.742e+03 1 0))))
|    ( QUESTION0 -1 2.095e+03 2.108e+02 1.069e+02
|        ( - 1.925e+03 2 0)
|        ( - 3.803e+02 1 0)))
s>    ( QUESTION0_13_R 1 4.637e+03 3.611e+02 2.757e+02
s>        ( SILENCE -1 2.903e+03 3.382e+02 1.687e+02
s>            ( - 6.087e+02 1 0)
s>            ( QUESTION2_2_L -1 2.632e+03 2.379e+02 1.517e+02
s>                ( - 3.316e+02 1 0)
s>                ( QUESTION0 -1 2.539e+03 2.268e+02 1.417e+02
s>                    ( - 1.024e+03 1 0)
s>                    ( - 1.742e+03 1 0))))
s>        ( QUESTION0 -1 2.095e+03 2.108e+02 1.069e+02
s>            ( - 1.925e+03 2 0)
s>            ( - 3.803e+02 1 0)))INFO: dtree.c(1351): Comp split 11
INFO: dtree.c(1483): stop. leaf nodes are specific
INFO: dtree.c(1524): Final simple tree
|( QUESTION0_11_R 1 1.100e+03 3.289e+02 4.600e+01
|    ( - 6.767e+02 1 0)
|    ( QUESTION0_0_R 1 7.519e+02 3.073e+02 3.100e+01
|        ( - 3.570e+02 1 0)
|        ( - 7.022e+02 2 0)))
s>    ( QUESTION0_11_R 1 1.100e+03 3.289e+02 4.600e+01
s>        ( - 6.767e+02 1 0)
s>        ( QUESTION0_0_R 1 7.519e+02 3.073e+02 3.100e+01
s>            ( - 3.570e+02 1 0)
s>            ( - 7.022e+02 2 0)))INFO: dtree.c(1483): stop. leaf nodes are specific
INFO: dtree.c(1524): Final simple tree
|( QUESTION0 -1 3.800e+03 2.980e+02 1.452e+02
|    ( QUESTION6 1 3.337e+03 2.470e+02 1.272e+02
|        ( - 4.770e+02 1 0)
|        ( QUESTION0_0_R 1 3.107e+03 2.270e+02 1.182e+02
|            ( - 2.434e+03 2 0)
|            ( - 8.997e+02 2 0)))
|    ( - 7.619e+02 1 0))
s>    ( QUESTION0 -1 3.800e+03 2.980e+02 1.452e+02
s>        ( QUESTION6 1 3.337e+03 2.470e+02 1.272e+02
s>            ( - 4.770e+02 1 0)
s>            ( QUESTION0_0_R 1 3.107e+03 2.270e+02 1.182e+02
s>                ( - 2.434e+03 2 0)
s>                ( - 8.997e+02 2 0)))
s>        ( - 7.619e+02 1 0))INFO: dtree.c(1351): Comp split 12
INFO: dtree.c(1483): stop. leaf nodes are specific
INFO: dtree.c(1524): Final simple tree
|( QUESTION0_1_R 1 1.621e+03 4.354e+02 1.517e+02
|    ( - 8.686e+02 1 0)
|    ( SILENCE 1 1.188e+03 2.906e+02 1.105e+02
|        ( - 1.189e+03 1 0)
|        ( QUESTION0_11_R 1 2.896e+02 2.328e+02 2.700e+01
|            ( - 2.440e+02 1 0)
|            ( QUESTION0 1 2.783e+02 2.247e+02 2.600e+01
|                ( - 2.539e+02 1 0)
|                ( QUESTION0_0_R 1 2.492e+02 2.008e+02 1.900e+01
|                    ( - 2.284e+02 1 0)
|                    ( - 2.216e+02 1 0))))))
s>    ( QUESTION0_1_R 1 1.621e+03 4.354e+02 1.517e+02
s>        ( - 8.686e+02 1 0)
s>        ( SILENCE 1 1.188e+03 2.906e+02 1.105e+02
s>            ( - 1.189e+03 1 0)
s>            ( QUESTION0_11_R 1 2.896e+02 2.328e+02 2.700e+01
s>                ( - 2.440e+02 1 0)
s>                ( QUESTION0 1 2.783e+02 2.247e+02 2.600e+01
s>                    ( - 2.539e+02 1 0)
s>                    ( QUESTION0_0_R 1 2.492e+02 2.008e+02 1.900e+01
s>                        ( - 2.284e+02 1 0)
s>                        ( - 2.216e+02 1 0))))))INFO: dtree.c(1351): Comp split 13
INFO: dtree.c(1483): stop. leaf nodes are specific
INFO: dtree.c(1524): Final simple tree
|( QUESTION0 -1 2.413e+03 3.293e+02 8.684e+01
|    ( - 1.687e+03 1 0)
|    ( - 1.055e+03 2 0))
s>    ( QUESTION0 -1 2.413e+03 3.293e+02 8.684e+01
s>        ( - 1.687e+03 1 0)
s>        ( - 1.055e+03 2 0))INFO: dtree.c(1351): Comp split 14
INFO: dtree.c(1483): stop. leaf nodes are specific
INFO: dtree.c(1524): Final simple tree
|( SILENCE 1 1.188e+03 2.906e+02 1.105e+02
|    ( - 1.189e+03 1 0)
|    ( QUESTION0_11_R 1 2.896e+02 2.328e+02 2.700e+01
|        ( - 2.440e+02 1 0)
|        ( QUESTION0 1 2.783e+02 2.247e+02 2.600e+01
|            ( - 2.539e+02 1 0)
|            ( QUESTION0_0_R 1 2.492e+02 2.008e+02 1.900e+01
|                ( - 2.284e+02 1 0)
|                ( - 2.216e+02 1 0)))))
s>    ( SILENCE 1 1.188e+03 2.906e+02 1.105e+02
s>        ( - 1.189e+03 1 0)
s>        ( QUESTION0_11_R 1 2.896e+02 2.328e+02 2.700e+01
s>            ( - 2.440e+02 1 0)
s>            ( QUESTION0 1 2.783e+02 2.247e+02 2.600e+01
s>                ( - 2.539e+02 1 0)
s>                ( QUESTION0_0_R 1 2.492e+02 2.008e+02 1.900e+01
s>                    ( - 2.284e+02 1 0)
s>                    ( - 2.216e+02 1 0)))))INFO: dtree.c(1351): Comp split 15
INFO: dtree.c(1483): stop. leaf nodes are specific
INFO: dtree.c(1524): Final simple tree
|( QUESTION0_0_R 1 5.878e+02 2.375e+02 3.900e+01
|    ( QUESTION0_11_R 1 5.056e+02 1.846e+02 2.902e+01
|        ( - 2.719e+02 1 0)
|        ( QUESTION0_5_R 1 4.183e+02 1.819e+02 2.402e+01
|            ( - 3.509e+02 1 0)
|            ( - 2.493e+02 1 0)))
|    ( - 3.196e+02 1 0))
s>    ( QUESTION0_0_R 1 5.878e+02 2.375e+02 3.900e+01
s>        ( QUESTION0_11_R 1 5.056e+02 1.846e+02 2.902e+01
s>            ( - 2.719e+02 1 0)
s>            ( QUESTION0_5_R 1 4.183e+02 1.819e+02 2.402e+01
s>                ( - 3.509e+02 1 0)
s>                ( - 2.493e+02 1 0)))
s>        ( - 3.196e+02 1 0))INFO: dtree.c(1483): stop. leaf nodes are specific
INFO: dtree.c(1524): Final simple tree
|( SILENCE 1 2.249e+03 3.200e+02 1.227e+02
|    ( - 1.256e+03 1 0)
|    ( QUESTION0_0_R 1 1.314e+03 2.300e+02 7.354e+01
|        ( - 2.248e+02 1 0)
|        ( QUESTION0_17_R 1 1.319e+03 2.241e+02 6.954e+01
|            ( - 3.102e+02 1 0)
|            ( QUESTION0_13_R 1 1.233e+03 2.005e+02 6.154e+01
|                ( - 9.243e+02 1 0)
|                ( - 5.089e+02 1 0)))))
s>    ( SILENCE 1 2.249e+03 3.200e+02 1.227e+02
s>        ( - 1.256e+03 1 0)
s>        ( QUESTION0_0_R 1 1.314e+03 2.300e+02 7.354e+01
s>            ( - 2.248e+02 1 0)
s>            ( QUESTION0_17_R 1 1.319e+03 2.241e+02 6.954e+01
s>                ( - 3.102e+02 1 0)
s>                ( QUESTION0_13_R 1 1.233e+03 2.005e+02 6.154e+01
s>                    ( - 9.243e+02 1 0)
s>                    ( - 5.089e+02 1 0)))))INFO: dtree.c(1351): Comp split 16
INFO: dtree.c(1524): Final simple tree
|( QUESTION8 -1 1.800e+03 3.315e+02 1.369e+02
|    ( - 7.919e+02 3 0 SILENCE 1 2.076e+02 3.698e+01)
|    ( QUESTION0 -1 1.340e+03 3.469e+02 9.990e+01
|        ( - 7.807e+02 1 0)
|        ( QUESTION12 -1 9.061e+02 2.598e+02 7.602e+01
|            ( - 3.557e+02 1 0)
|            ( QUESTION2 -1 8.102e+02 2.880e+02 6.802e+01
|                ( QUESTION0_0_R 1 3.711e+02 2.993e+02 2.402e+01
|                    ( - 3.314e+02 1 0)
|                    ( - 3.390e+02 1 0))
|                ( QUESTION0_0_R 1 7.270e+02 2.099e+02 4.400e+01
|                    ( - 1.855e+02 1 0)
|                    ( SILENCE -1 7.514e+02 2.215e+02 3.400e+01
|                        ( - 4.594e+02 1 0)
|                        ( - 5.135e+02 2 0)))))))
s>    ( QUESTION8 -1 1.800e+03 3.315e+02 1.369e+02
s>        ( - 7.919e+02 3 0 SILENCE 1 2.076e+02 3.698e+01)
s>        ( QUESTION0 -1 1.340e+03 3.469e+02 9.990e+01
s>            ( - 7.807e+02 1 0)
s>            ( QUESTION12 -1 9.061e+02 2.598e+02 7.602e+01
s>                ( - 3.557e+02 1 0)
s>                ( QUESTION2 -1 8.102e+02 2.880e+02 6.802e+01
s>                    ( QUESTION0_0_R 1 3.711e+02 2.993e+02 2.402e+01
s>                        ( - 3.314e+02 1 0)
s>                        ( - 3.390e+02 1 0))
s>                    ( QUESTION0_0_R 1 7.270e+02 2.099e+02 4.400e+01
s>                        ( - 1.855e+02 1 0)
s>                        ( SILENCE -1 7.514e+02 2.215e+02 3.400e+01
s>                            ( - 4.594e+02 1 0)
s>                            ( - 5.135e+02 2 0)))))))INFO: dtree.c(1524): Final simple tree
|( QUESTION4 1 1.784e+04 3.643e+02 1.312e+03
|    ( - 2.085e+03 6 0 QUESTION0_0_R 1 3.169e+02 1.118e+02)
|    ( SILENCE 1 1.612e+04 3.399e+02 1.201e+03
|        ( - 8.030e+02 6 0 QUESTION2_1_L -1 2.811e+02 5.500e+01)
|        ( QUESTION0 -1 1.565e+04 3.353e+02 1.146e+03
|            ( QUESTION2_14_L -1 9.437e+03 3.347e+02 6.910e+02
|                ( QUESTION16 1 3.382e+03 4.059e+02 2.215e+02
|                    ( - 5.206e+02 1 0)
|                    ( QUESTION0_14_R 1 3.267e+03 3.476e+02 2.105e+02
|                        ( - 7.232e+02 1 0)
|                        ( - 2.892e+03 11 0 QUESTION0_0_R 1 2.847e+02 1.935e+02)))
|                ( QUESTION0_14_R 1 6.390e+03 3.290e+02 4.695e+02
|                    ( - 3.008e+02 1 0)
|                    ( - 6.418e+03 13 0 QUESTION0_6_R 1 3.185e+02 4.617e+02)))
|            ( - 6.551e+03 16 0 QUESTION0_6_R 1 3.226e+02 4.546e+02))))
s>    ( QUESTION4 1 1.784e+04 3.643e+02 1.312e+03
s>        ( - 2.085e+03 6 0 QUESTION0_0_R 1 3.169e+02 1.118e+02)
s>        ( SILENCE 1 1.612e+04 3.399e+02 1.201e+03
s>            ( - 8.030e+02 6 0 QUESTION2_1_L -1 2.811e+02 5.500e+01)
s>            ( QUESTION0 -1 1.565e+04 3.353e+02 1.146e+03
s>                ( QUESTION2_14_L -1 9.437e+03 3.347e+02 6.910e+02
s>                    ( QUESTION16 1 3.382e+03 4.059e+02 2.215e+02
s>                        ( - 5.206e+02 1 0)
s>                        ( QUESTION0_14_R 1 3.267e+03 3.476e+02 2.105e+02
s>                            ( - 7.232e+02 1 0)
s>                            ( - 2.892e+03 11 0 QUESTION0_0_R 1 2.847e+02 1.935e+02)))
s>                    ( QUESTION0_14_R 1 6.390e+03 3.290e+02 4.695e+02
s>                        ( - 3.008e+02 1 0)
s>                        ( - 6.418e+03 13 0 QUESTION0_6_R 1 3.185e+02 4.617e+02)))
s>                ( - 6.551e+03 16 0 QUESTION0_6_R 1 3.226e+02 4.546e+02))))INFO: dtree.c(1351): Comp split 17
INFO: dtree.c(1524): Final simple tree
|( QUESTION4 1 1.773e+04 3.665e+02 1.301e+03
|    ( - 2.085e+03 6 0 QUESTION0_0_R 1 3.169e+02 1.118e+02)
|    ( SILENCE 1 1.602e+04 3.430e+02 1.190e+03
|        ( - 8.030e+02 6 0 QUESTION2_1_L -1 2.811e+02 5.500e+01)
|        ( QUESTION0 -1 1.556e+04 3.344e+02 1.135e+03
|            ( QUESTION2_14_L -1 9.339e+03 3.185e+02 6.800e+02
|                ( QUESTION0_14_R 1 3.267e+03 3.476e+02 2.105e+02
|                    ( - 7.232e+02 1 0)
|                    ( - 2.892e+03 11 0 QUESTION0_0_R 1 2.847e+02 1.935e+02))
|                ( QUESTION0_14_R 1 6.390e+03 3.290e+02 4.695e+02
|                    ( - 3.008e+02 1 0)
|                    ( - 6.418e+03 13 0 QUESTION0_6_R 1 3.185e+02 4.617e+02)))
|            ( QUESTION0_6_R 1 6.551e+03 3.226e+02 4.546e+02
|                ( - 5.512e+02 2 0 QUESTION2 -1 2.800e+02 2.806e+01)
|                ( - 6.323e+03 14 0 QUESTION0_5_R 1 2.994e+02 4.266e+02)))))
s>    ( QUESTION4 1 1.773e+04 3.665e+02 1.301e+03
s>        ( - 2.085e+03 6 0 QUESTION0_0_R 1 3.169e+02 1.118e+02)
s>        ( SILENCE 1 1.602e+04 3.430e+02 1.190e+03
s>            ( - 8.030e+02 6 0 QUESTION2_1_L -1 2.811e+02 5.500e+01)
s>            ( QUESTION0 -1 1.556e+04 3.344e+02 1.135e+03
s>                ( QUESTION2_14_L -1 9.339e+03 3.185e+02 6.800e+02
s>                    ( QUESTION0_14_R 1 3.267e+03 3.476e+02 2.105e+02
s>                        ( - 7.232e+02 1 0)
s>                        ( - 2.892e+03 11 0 QUESTION0_0_R 1 2.847e+02 1.935e+02))
s>                    ( QUESTION0_14_R 1 6.390e+03 3.290e+02 4.695e+02
s>                        ( - 3.008e+02 1 0)
s>                        ( - 6.418e+03 13 0 QUESTION0_6_R 1 3.185e+02 4.617e+02)))
s>                ( QUESTION0_6_R 1 6.551e+03 3.226e+02 4.546e+02
s>                    ( - 5.512e+02 2 0 QUESTION2 -1 2.800e+02 2.806e+01)
s>                    ( - 6.323e+03 14 0 QUESTION0_5_R 1 2.994e+02 4.266e+02)))))INFO: dtree.c(1351): Comp split 18
INFO: dtree.c(1524): Final simple tree
|( QUESTION0_12_R 1 1.544e+03 3.003e+02 1.001e+02
|    ( - 7.232e+02 1 0)
|    ( QUESTION2_1_L -1 1.121e+03 2.864e+02 8.306e+01
|        ( - 2.371e+02 1 0)
|        ( QUESTION2_17_L -1 1.171e+03 2.591e+02 8.206e+01
|            ( - 2.442e+02 1 0)
|            ( SILENCE 1 1.186e+03 2.371e+02 8.106e+01
|                ( QUESTION11 -1 8.715e+02 2.737e+02 5.300e+01
|                    ( - 4.516e+02 1 0)
|                    ( QUESTION2_0_L -1 6.936e+02 2.414e+02 4.100e+01
|                        ( - 3.422e+02 1 0)
|                        ( - 5.928e+02 2 0 QUESTION0 -1 2.109e+02 3.000e+01)))
|                ( QUESTION2 -1 5.512e+02 2.800e+02 2.806e+01
|                    ( - 4.092e+02 1 0)
|                    ( - 4.220e+02 1 0))))))
s>    ( QUESTION0_12_R 1 1.544e+03 3.003e+02 1.001e+02
s>        ( - 7.232e+02 1 0)
s>        ( QUESTION2_1_L -1 1.121e+03 2.864e+02 8.306e+01
s>            ( - 2.371e+02 1 0)
s>            ( QUESTION2_17_L -1 1.171e+03 2.591e+02 8.206e+01
s>                ( - 2.442e+02 1 0)
s>                ( SILENCE 1 1.186e+03 2.371e+02 8.106e+01
s>                    ( QUESTION11 -1 8.715e+02 2.737e+02 5.300e+01
s>                        ( - 4.516e+02 1 0)
s>                        ( QUESTION2_0_L -1 6.936e+02 2.414e+02 4.100e+01
s>                            ( - 3.422e+02 1 0)
s>                            ( - 5.928e+02 2 0 QUESTION0 -1 2.109e+02 3.000e+01)))
s>                    ( QUESTION2 -1 5.512e+02 2.800e+02 2.806e+01
s>                        ( - 4.092e+02 1 0)
s>                        ( - 4.220e+02 1 0))))))INFO: dtree.c(1524): Final simple tree
|( QUESTION4 1 1.667e+04 3.720e+02 1.201e+03
|    ( QUESTION0_0_R 1 2.085e+03 3.169e+02 1.118e+02
|        ( - 7.089e+02 1 0)
|        ( - 1.693e+03 5 0 QUESTION0 -1 2.524e+02 9.276e+01))
|    ( QUESTION0 -1 1.496e+04 3.245e+02 1.090e+03
|        ( QUESTION2_14_L -1 8.960e+03 3.211e+02 6.630e+02
|            ( - 2.892e+03 11 0 QUESTION0_0_R 1 2.847e+02 1.935e+02)
|            ( QUESTION0_14_R 1 6.390e+03 3.290e+02 4.695e+02
|                ( - 3.008e+02 1 0)
|                ( QUESTION0_6_R 1 6.418e+03 3.185e+02 4.617e+02
|                    ( - 8.847e+02 3 0 QUESTION2_0_L -1 2.862e+02 5.000e+01)
|                    ( QUESTION0_3_R 1 5.852e+03 3.040e+02 4.117e+02
|                        ( - 3.927e+02 1 0)
|                        ( - 5.763e+03 9 0 QUESTION0_0_R 1 2.860e+02 4.007e+02)))))
|        ( - 6.323e+03 14 0 QUESTION0_5_R 1 2.994e+02 4.266e+02)))
s>    ( QUESTION4 1 1.667e+04 3.720e+02 1.201e+03
s>        ( QUESTION0_0_R 1 2.085e+03 3.169e+02 1.118e+02
s>            ( - 7.089e+02 1 0)
s>            ( - 1.693e+03 5 0 QUESTION0 -1 2.524e+02 9.276e+01))
s>        ( QUESTION0 -1 1.496e+04 3.245e+02 1.090e+03
s>            ( QUESTION2_14_L -1 8.960e+03 3.211e+02 6.630e+02
s>                ( - 2.892e+03 11 0 QUESTION0_0_R 1 2.847e+02 1.935e+02)
s>                ( QUESTION0_14_R 1 6.390e+03 3.290e+02 4.695e+02
s>                    ( - 3.008e+02 1 0)
s>                    ( QUESTION0_6_R 1 6.418e+03 3.185e+02 4.617e+02
s>                        ( - 8.847e+02 3 0 QUESTION2_0_L -1 2.862e+02 5.000e+01)
s>                        ( QUESTION0_3_R 1 5.852e+03 3.040e+02 4.117e+02
s>                            ( - 3.927e+02 1 0)
s>                            ( - 5.763e+03 9 0 QUESTION0_0_R 1 2.860e+02 4.007e+02)))))
s>            ( - 6.323e+03 14 0 QUESTION0_5_R 1 2.994e+02 4.266e+02)))INFO: dtree.c(1351): Comp split 19
INFO: dtree.c(1524): Final simple tree
|( QUESTION2_0_L -1 8.287e+03 3.868e+02 5.693e+02
|    ( - 1.305e+03 2 0 QUESTION0_0_R 1 2.337e+02 6.982e+01)
|    ( QUESTION0_5_R 1 7.369e+03 3.042e+02 4.995e+02
|        ( QUESTION2_18_L -1 3.929e+03 2.617e+02 2.704e+02
|            ( - 1.943e+03 1 0)
|            ( - 2.248e+03 5 0 QUESTION2_9_L -1 2.562e+02 1.481e+02))
|        ( QUESTION0 -1 3.745e+03 3.580e+02 2.291e+02
|            ( - 7.962e+02 1 0)
|            ( QUESTION9 1 3.306e+03 3.016e+02 1.992e+02
|                ( - 5.114e+02 1 0)
|                ( QUESTION0_9_R 1 3.096e+03 2.740e+02 1.842e+02
|                    ( - 8.104e+02 2 0 QUESTION12 -1 2.313e+02 3.982e+01)
|                    ( SILENCE -1 2.560e+03 2.592e+02 1.444e+02
|                        ( - 1.335e+03 1 0)
|                        ( - 1.484e+03 9 0 QUESTION3 1 2.664e+02 9.175e+01)))))))
s>    ( QUESTION2_0_L -1 8.287e+03 3.868e+02 5.693e+02
s>        ( - 1.305e+03 2 0 QUESTION0_0_R 1 2.337e+02 6.982e+01)
s>        ( QUESTION0_5_R 1 7.369e+03 3.042e+02 4.995e+02
s>            ( QUESTION2_18_L -1 3.929e+03 2.617e+02 2.704e+02
s>                ( - 1.943e+03 1 0)
s>                ( - 2.248e+03 5 0 QUESTION2_9_L -1 2.562e+02 1.481e+02))
s>            ( QUESTION0 -1 3.745e+03 3.580e+02 2.291e+02
s>                ( - 7.962e+02 1 0)
s>                ( QUESTION9 1 3.306e+03 3.016e+02 1.992e+02
s>                    ( - 5.114e+02 1 0)
s>                    ( QUESTION0_9_R 1 3.096e+03 2.740e+02 1.842e+02
s>                        ( - 8.104e+02 2 0 QUESTION12 -1 2.313e+02 3.982e+01)
s>                        ( SILENCE -1 2.560e+03 2.592e+02 1.444e+02
s>                            ( - 1.335e+03 1 0)
s>                            ( - 1.484e+03 9 0 QUESTION3 1 2.664e+02 9.175e+01)))))))INFO: dtree.c(1524): Final simple tree
|( QUESTION0_6_R 1 8.801e+03 3.235e+02 6.320e+02
|    ( - 8.372e+02 2 0)
|    ( QUESTION0_14_R 1 8.287e+03 3.126e+02 5.980e+02
|        ( - 3.008e+02 1 0)
|        ( QUESTION0_9_R 1 8.299e+03 3.117e+02 5.902e+02
|            ( - 7.089e+02 1 0)
|            ( QUESTION0_3_R 1 7.902e+03 3.070e+02 5.712e+02
|                ( - 3.927e+02 1 0)
|                ( QUESTION2_0_L -1 7.816e+03 2.869e+02 5.602e+02
|                    ( QUESTION0_0_R 1 4.450e+03 2.829e+02 2.932e+02
|                        ( - 3.184e+03 3 0 QUESTION0_5_R 1 2.694e+02 2.224e+02)
|                        ( - 1.549e+03 2 0))
|                    ( QUESTION2_9_L -1 3.653e+03 2.721e+02 2.670e+02
|                        ( - 1.587e+03 4 0 QUESTION0_0_R 1 2.108e+02 1.074e+02)
|                        ( - 2.338e+03 9 0 QUESTION0_0_R 1 2.386e+02 1.595e+02)))))))
s>    ( QUESTION0_6_R 1 8.801e+03 3.235e+02 6.320e+02
s>        ( - 8.372e+02 2 0)
s>        ( QUESTION0_14_R 1 8.287e+03 3.126e+02 5.980e+02
s>            ( - 3.008e+02 1 0)
s>            ( QUESTION0_9_R 1 8.299e+03 3.117e+02 5.902e+02
s>                ( - 7.089e+02 1 0)
s>                ( QUESTION0_3_R 1 7.902e+03 3.070e+02 5.712e+02
s>                    ( - 3.927e+02 1 0)
s>                    ( QUESTION2_0_L -1 7.816e+03 2.869e+02 5.602e+02
s>                        ( QUESTION0_0_R 1 4.450e+03 2.829e+02 2.932e+02
s>                            ( - 3.184e+03 3 0 QUESTION0_5_R 1 2.694e+02 2.224e+02)
s>                            ( - 1.549e+03 2 0))
s>                        ( QUESTION2_9_L -1 3.653e+03 2.721e+02 2.670e+02
s>                            ( - 1.587e+03 4 0 QUESTION0_0_R 1 2.108e+02 1.074e+02)
s>                            ( - 2.338e+03 9 0 QUESTION0_0_R 1 2.386e+02 1.595e+02)))))))INFO: dtree.c(1351): Comp split 20
INFO: dtree.c(1524): Final simple tree
|( QUESTION0 -1 4.067e+03 3.343e+02 2.540e+02
|    ( QUESTION0_0_R 1 1.305e+03 2.337e+02 6.982e+01
|        ( - 5.537e+02 1 0)
|        ( - 9.847e+02 1 0))
|    ( QUESTION0_9_R 1 3.096e+03 2.740e+02 1.842e+02
|        ( QUESTION12 -1 8.104e+02 2.313e+02 3.982e+01
|            ( - 2.691e+02 1 0)
|            ( - 7.726e+02 1 0))
|        ( SILENCE -1 2.560e+03 2.592e+02 1.444e+02
|            ( - 1.335e+03 1 0)
|            ( QUESTION3 1 1.484e+03 2.664e+02 9.175e+01
|                ( QUESTION12 -1 1.069e+03 2.218e+02 5.975e+01
|                    ( - 6.416e+02 3 0 QUESTION0_0_R 1 2.169e+02 2.875e+01)
|                    ( - 6.494e+02 4 0 QUESTION0_0_R 1 2.596e+02 3.100e+01))
|                ( - 6.815e+02 2 0 QUESTION0_13_R 1 1.997e+02 3.200e+01)))))
s>    ( QUESTION0 -1 4.067e+03 3.343e+02 2.540e+02
s>        ( QUESTION0_0_R 1 1.305e+03 2.337e+02 6.982e+01
s>            ( - 5.537e+02 1 0)
s>            ( - 9.847e+02 1 0))
s>        ( QUESTION0_9_R 1 3.096e+03 2.740e+02 1.842e+02
s>            ( QUESTION12 -1 8.104e+02 2.313e+02 3.982e+01
s>                ( - 2.691e+02 1 0)
s>                ( - 7.726e+02 1 0))
s>            ( SILENCE -1 2.560e+03 2.592e+02 1.444e+02
s>                ( - 1.335e+03 1 0)
s>                ( QUESTION3 1 1.484e+03 2.664e+02 9.175e+01
s>                    ( QUESTION12 -1 1.069e+03 2.218e+02 5.975e+01
s>                        ( - 6.416e+02 3 0 QUESTION0_0_R 1 2.169e+02 2.875e+01)
s>                        ( - 6.494e+02 4 0 QUESTION0_0_R 1 2.596e+02 3.100e+01))
s>                    ( - 6.815e+02 2 0 QUESTION0_13_R 1 1.997e+02 3.200e+01)))))INFO: dtree.c(1483): stop. leaf nodes are specific
INFO: dtree.c(1524): Final simple tree
|( QUESTION2_18_L -1 4.653e+03 3.222e+02 3.153e+02
|    ( QUESTION0_5_R 1 2.207e+03 2.469e+02 1.373e+02
|        ( - 1.943e+03 1 0)
|        ( - 5.114e+02 1 0))
|    ( QUESTION0_0_R 1 2.767e+03 2.765e+02 1.780e+02
|        ( QUESTION2_9_L -1 2.248e+03 2.562e+02 1.481e+02
|            ( QUESTION0_6_R 1 1.168e+03 2.169e+02 6.926e+01
|                ( - 6.172e+02 2 0)
|                ( - 7.675e+02 1 0))
|            ( SILENCE -1 1.336e+03 1.919e+02 7.881e+01
|                ( - 9.113e+02 1 0)
|                ( - 6.167e+02 1 0)))
|        ( - 7.962e+02 1 0)))
s>    ( QUESTION2_18_L -1 4.653e+03 3.222e+02 3.153e+02
s>        ( QUESTION0_5_R 1 2.207e+03 2.469e+02 1.373e+02
s>            ( - 1.943e+03 1 0)
s>            ( - 5.114e+02 1 0))
s>        ( QUESTION0_0_R 1 2.767e+03 2.765e+02 1.780e+02
s>            ( QUESTION2_9_L -1 2.248e+03 2.562e+02 1.481e+02
s>                ( QUESTION0_6_R 1 1.168e+03 2.169e+02 6.926e+01
s>                    ( - 6.172e+02 2 0)
s>                    ( - 7.675e+02 1 0))
s>                ( SILENCE -1 1.336e+03 1.919e+02 7.881e+01
s>                    ( - 9.113e+02 1 0)
s>                    ( - 6.167e+02 1 0)))
s>            ( - 7.962e+02 1 0)))INFO: dtree.c(1351): Comp split 21
INFO: dtree.c(1483): stop. leaf nodes are specific
INFO: dtree.c(1524): Final simple tree
|( QUESTION0_10_R 1 1.547e+03 2.020e+02 1.185e+02
|    ( - 1.944e+02 1 0)
|    ( WDBNDRY_E 0 1.555e+03 1.805e+02 1.165e+02
|        ( - 1.650e+03 1 0)
|        ( - 8.455e+01 1 0)))
s>    ( QUESTION0_10_R 1 1.547e+03 2.020e+02 1.185e+02
s>        ( - 1.944e+02 1 0)
s>        ( WDBNDRY_E 0 1.555e+03 1.805e+02 1.165e+02
s>            ( - 1.650e+03 1 0)
s>            ( - 8.455e+01 1 0)))INFO: dtree.c(1351): Comp split 22
INFO: dtree.c(1483): stop. leaf nodes are specific
INFO: dtree.c(1524): Final simple tree
|( QUESTION0_5_R 1 3.183e+03 2.539e+02 2.066e+02
|    ( QUESTION0_6_R 1 2.925e+03 2.168e+02 1.916e+02
|        ( - 6.172e+02 2 0)
|        ( QUESTION12 -1 2.525e+03 1.856e+02 1.656e+02
|            ( - 1.943e+03 1 0)
|            ( - 7.675e+02 1 0)))
|    ( - 5.114e+02 1 0))
s>    ( QUESTION0_5_R 1 3.183e+03 2.539e+02 2.066e+02
s>        ( QUESTION0_6_R 1 2.925e+03 2.168e+02 1.916e+02
s>            ( - 6.172e+02 2 0)
s>            ( QUESTION12 -1 2.525e+03 1.856e+02 1.656e+02
s>                ( - 1.943e+03 1 0)
s>                ( - 7.675e+02 1 0)))
s>        ( - 5.114e+02 1 0))INFO: dtree.c(1483): stop. leaf nodes are specific
INFO: dtree.c(1524): Final simple tree
|( QUESTION0_0_R 1 1.858e+03 2.741e+02 1.087e+02
|    ( SILENCE -1 1.336e+03 1.919e+02 7.881e+01
|        ( - 9.113e+02 1 0)
|        ( - 6.167e+02 1 0))
|    ( - 7.962e+02 1 0))
s>    ( QUESTION0_0_R 1 1.858e+03 2.741e+02 1.087e+02
s>        ( SILENCE -1 1.336e+03 1.919e+02 7.881e+01
s>            ( - 9.113e+02 1 0)
s>            ( - 6.167e+02 1 0))
s>        ( - 7.962e+02 1 0))INFO: dtree.c(1351): Comp split 23
INFO: dtree.c(1483): stop. leaf nodes are specific
INFO: dtree.c(1524): Final simple tree
|( QUESTION11 -1 5.212e+02 2.376e+02 4.202e+01
|    ( - 3.557e+02 1 0)
|    ( QUESTION0_0_R 1 4.031e+02 1.837e+02 3.402e+01
|        ( SILENCE -1 2.478e+02 2.691e+02 1.500e+01
|            ( - 1.855e+02 1 0)
|            ( - 3.314e+02 1 0))
|        ( - 3.390e+02 1 0)))
s>    ( QUESTION11 -1 5.212e+02 2.376e+02 4.202e+01
s>        ( - 3.557e+02 1 0)
s>        ( QUESTION0_0_R 1 4.031e+02 1.837e+02 3.402e+01
s>            ( SILENCE -1 2.478e+02 2.691e+02 1.500e+01
s>                ( - 1.855e+02 1 0)
s>                ( - 3.314e+02 1 0))
s>            ( - 3.390e+02 1 0)))INFO: dtree.c(1483): stop. leaf nodes are specific
INFO: dtree.c(1524): Final simple tree
|( QUESTION0 -1 1.663e+03 3.298e+02 9.486e+01
|    ( - 7.807e+02 1 0)
|    ( QUESTION0_12_R 1 1.212e+03 3.311e+02 7.098e+01
|        ( SILENCE -1 7.514e+02 2.215e+02 3.400e+01
|            ( - 4.594e+02 1 0)
|            ( - 5.135e+02 2 0))
|        ( SILENCE 1 7.919e+02 2.076e+02 3.698e+01
|            ( - 7.047e+02 1 0)
|            ( QUESTION0_1_R 1 2.948e+02 1.843e+02 1.200e+01
|                ( - 3.240e+02 1 0)
|                ( - 1.551e+02 1 0)))))
s>    ( QUESTION0 -1 1.663e+03 3.298e+02 9.486e+01
s>        ( - 7.807e+02 1 0)
s>        ( QUESTION0_12_R 1 1.212e+03 3.311e+02 7.098e+01
s>            ( SILENCE -1 7.514e+02 2.215e+02 3.400e+01
s>                ( - 4.594e+02 1 0)
s>                ( - 5.135e+02 2 0))
s>            ( SILENCE 1 7.919e+02 2.076e+02 3.698e+01
s>                ( - 7.047e+02 1 0)
s>                ( QUESTION0_1_R 1 2.948e+02 1.843e+02 1.200e+01
s>                    ( - 3.240e+02 1 0)
s>                    ( - 1.551e+02 1 0)))))INFO: dtree.c(1351): Comp split 24
INFO: dtree.c(1483): stop. leaf nodes are specific
INFO: dtree.c(1524): Final simple tree
|( QUESTION0_3_R 1 5.852e+03 3.040e+02 4.117e+02
|    ( - 3.927e+02 1 0)
|    ( QUESTION0_0_R 1 5.763e+03 2.860e+02 4.007e+02
|        ( QUESTION0_5_R 1 4.202e+03 2.496e+02 3.068e+02
|            ( QUESTION2_0_L -1 3.499e+03 2.547e+02 2.557e+02
|                ( - 2.500e+03 1 0)
|                ( - 1.253e+03 2 0))
|            ( QUESTION0_11_R 1 9.533e+02 1.665e+02 5.115e+01
|                ( - 7.607e+02 1 0)
|                ( - 3.591e+02 1 0)))
|        ( QUESTION2_0_L -1 1.847e+03 2.463e+02 9.382e+01
|            ( - 1.549e+03 2 0)
|            ( - 5.444e+02 2 0))))
s>    ( QUESTION0_3_R 1 5.852e+03 3.040e+02 4.117e+02
s>        ( - 3.927e+02 1 0)
s>        ( QUESTION0_0_R 1 5.763e+03 2.860e+02 4.007e+02
s>            ( QUESTION0_5_R 1 4.202e+03 2.496e+02 3.068e+02
s>                ( QUESTION2_0_L -1 3.499e+03 2.547e+02 2.557e+02
s>                    ( - 2.500e+03 1 0)
s>                    ( - 1.253e+03 2 0))
s>                ( QUESTION0_11_R 1 9.533e+02 1.665e+02 5.115e+01
s>                    ( - 7.607e+02 1 0)
s>                    ( - 3.591e+02 1 0)))
s>            ( QUESTION2_0_L -1 1.847e+03 2.463e+02 9.382e+01
s>                ( - 1.549e+03 2 0)
s>                ( - 5.444e+02 2 0))))INFO: dtree.c(1483): stop. leaf nodes are specific
INFO: dtree.c(1524): Final simple tree
|( QUESTION0_0_R 1 3.317e+03 3.266e+02 2.204e+02
|    ( QUESTION0_5_R 1 2.589e+03 2.897e+02 1.280e+02
|        ( QUESTION0_6_R 1 2.170e+03 2.379e+02 1.090e+02
|            ( - 8.372e+02 2 0)
|            ( - 1.571e+03 4 0))
|        ( - 7.089e+02 1 0))
|    ( QUESTION0_13_R 1 1.054e+03 2.529e+02 9.237e+01
|        ( - 1.006e+03 5 0)
|        ( - 3.008e+02 1 0)))
s>    ( QUESTION0_0_R 1 3.317e+03 3.266e+02 2.204e+02
s>        ( QUESTION0_5_R 1 2.589e+03 2.897e+02 1.280e+02
s>            ( QUESTION0_6_R 1 2.170e+03 2.379e+02 1.090e+02
s>                ( - 8.372e+02 2 0)
s>                ( - 1.571e+03 4 0))
s>            ( - 7.089e+02 1 0))
s>        ( QUESTION0_13_R 1 1.054e+03 2.529e+02 9.237e+01
s>            ( - 1.006e+03 5 0)
s>            ( - 3.008e+02 1 0)))INFO: dtree.c(1351): Comp split 25
INFO: dtree.c(1483): stop. leaf nodes are specific
INFO: dtree.c(1524): Final simple tree
|( SILENCE -1 2.903e+03 3.382e+02 1.687e+02
|    ( - 6.087e+02 1 0)
|    ( QUESTION2_2_L -1 2.632e+03 2.379e+02 1.517e+02
|        ( - 3.316e+02 1 0)
|        ( QUESTION0 -1 2.539e+03 2.268e+02 1.417e+02
|            ( - 1.024e+03 1 0)
|            ( - 1.742e+03 1 0))))
s>    ( SILENCE -1 2.903e+03 3.382e+02 1.687e+02
s>        ( - 6.087e+02 1 0)
s>        ( QUESTION2_2_L -1 2.632e+03 2.379e+02 1.517e+02
s>            ( - 3.316e+02 1 0)
s>            ( QUESTION0 -1 2.539e+03 2.268e+02 1.417e+02
s>                ( - 1.024e+03 1 0)
s>                ( - 1.742e+03 1 0))))INFO: dtree.c(1483): stop. leaf nodes are specific
INFO: dtree.c(1524): Final simple tree
|( QUESTION0 -1 2.095e+03 2.108e+02 1.069e+02
|    ( - 1.925e+03 2 0)
|    ( - 3.803e+02 1 0))
s>    ( QUESTION0 -1 2.095e+03 2.108e+02 1.069e+02
s>        ( - 1.925e+03 2 0)
s>        ( - 3.803e+02 1 0))INFO: dtree.c(1351): Comp split 26
INFO: dtree.c(1351): Comp split 27
INFO: dtree.c(1483): stop. leaf nodes are specific
INFO: dtree.c(1524): Final simple tree
|( QUESTION0 -1 1.780e+03 2.695e+02 1.078e+02
|    ( QUESTION0_0_R 1 1.305e+03 2.337e+02 6.982e+01
|        ( - 5.537e+02 1 0)
|        ( - 9.847e+02 1 0))
|    ( QUESTION0_10_R 1 7.446e+02 2.568e+02 3.800e+01
|        ( - 2.388e+02 1 0)
|        ( QUESTION0_0_R 1 7.625e+02 1.768e+02 3.700e+01
|            ( - 2.691e+02 1 0)
|            ( QUESTION4 1 6.702e+02 1.952e+02 3.000e+01
|                ( QUESTION2 -1 4.232e+02 1.771e+02 1.500e+01
|                    ( - 1.760e+02 1 0)
|                    ( - 4.243e+02 1 0))
|                ( - 4.422e+02 1 0)))))
s>    ( QUESTION0 -1 1.780e+03 2.695e+02 1.078e+02
s>        ( QUESTION0_0_R 1 1.305e+03 2.337e+02 6.982e+01
s>            ( - 5.537e+02 1 0)
s>            ( - 9.847e+02 1 0))
s>        ( QUESTION0_10_R 1 7.446e+02 2.568e+02 3.800e+01
s>            ( - 2.388e+02 1 0)
s>            ( QUESTION0_0_R 1 7.625e+02 1.768e+02 3.700e+01
s>                ( - 2.691e+02 1 0)
s>                ( QUESTION4 1 6.702e+02 1.952e+02 3.000e+01
s>                    ( QUESTION2 -1 4.232e+02 1.771e+02 1.500e+01
s>                        ( - 1.760e+02 1 0)
s>                        ( - 4.243e+02 1 0))
s>                    ( - 4.422e+02 1 0)))))INFO: dtree.c(1483): stop. leaf nodes are specific
INFO: dtree.c(1524): Final simple tree
|( QUESTION0_9_R 1 2.636e+03 2.880e+02 1.462e+02
|    ( - 7.726e+02 1 0)
|    ( SILENCE -1 2.151e+03 2.711e+02 1.134e+02
|        ( - 1.335e+03 1 0)
|        ( QUESTION3 1 1.087e+03 2.358e+02 6.075e+01
|            ( QUESTION0_0_R 1 6.416e+02 2.169e+02 2.875e+01
|                ( QUESTION0_11_R 1 6.418e+02 2.121e+02 2.675e+01
|                    ( - 4.401e+02 1 0)
|                    ( - 4.138e+02 1 0))
|                ( - 2.168e+02 1 0))
|            ( QUESTION0_13_R 1 6.815e+02 1.997e+02 3.200e+01
|                ( - 4.896e+02 1 0)
|                ( - 3.916e+02 1 0)))))
s>    ( QUESTION0_9_R 1 2.636e+03 2.880e+02 1.462e+02
s>        ( - 7.726e+02 1 0)
s>        ( SILENCE -1 2.151e+03 2.711e+02 1.134e+02
s>            ( - 1.335e+03 1 0)
s>            ( QUESTION3 1 1.087e+03 2.358e+02 6.075e+01
s>                ( QUESTION0_0_R 1 6.416e+02 2.169e+02 2.875e+01
s>                    ( QUESTION0_11_R 1 6.418e+02 2.121e+02 2.675e+01
s>                        ( - 4.401e+02 1 0)
s>                        ( - 4.138e+02 1 0))
s>                    ( - 2.168e+02 1 0))
s>                ( QUESTION0_13_R 1 6.815e+02 1.997e+02 3.200e+01
s>                    ( - 4.896e+02 1 0)
s>                    ( - 3.916e+02 1 0)))))INFO: dtree.c(1351): Comp split 28
INFO: dtree.c(1483): stop. leaf nodes are specific
INFO: dtree.c(1524): Final simple tree
|( SILENCE -1 7.514e+02 2.215e+02 3.400e+01
|    ( - 4.594e+02 1 0)
|    ( - 5.135e+02 2 0))
s>    ( SILENCE -1 7.514e+02 2.215e+02 3.400e+01
s>        ( - 4.594e+02 1 0)
s>        ( - 5.135e+02 2 0))INFO: dtree.c(1483): stop. leaf nodes are specific
INFO: dtree.c(1524): Final simple tree
|( QUESTION0_12_R 1 1.254e+03 3.185e+02 6.086e+01
|    ( - 7.807e+02 1 0)
|    ( SILENCE 1 7.919e+02 2.076e+02 3.698e+01
|        ( - 7.047e+02 1 0)
|        ( QUESTION0_1_R 1 2.948e+02 1.843e+02 1.200e+01
|            ( - 3.240e+02 1 0)
|            ( - 1.551e+02 1 0))))
s>    ( QUESTION0_12_R 1 1.254e+03 3.185e+02 6.086e+01
s>        ( - 7.807e+02 1 0)
s>        ( SILENCE 1 7.919e+02 2.076e+02 3.698e+01
s>            ( - 7.047e+02 1 0)
s>            ( QUESTION0_1_R 1 2.948e+02 1.843e+02 1.200e+01
s>                ( - 3.240e+02 1 0)
s>                ( - 1.551e+02 1 0))))INFO: dtree.c(1351): Comp split 29
INFO: dtree.c(1483): stop. leaf nodes are specific
INFO: dtree.c(1524): Final simple tree
|( SILENCE -1 1.544e+03 2.050e+02 6.362e+01
|    ( - 1.335e+03 1 0)
|    ( - 4.138e+02 1 0))
s>    ( SILENCE -1 1.544e+03 2.050e+02 6.362e+01
s>        ( - 1.335e+03 1 0)
s>        ( - 4.138e+02 1 0))INFO: dtree.c(1483): stop. leaf nodes are specific
INFO: dtree.c(1524): Final simple tree
|( QUESTION0_0_R 1 1.433e+03 2.720e+02 8.257e+01
|    ( QUESTION0_9_R 1 1.025e+03 1.876e+02 4.857e+01
|        ( - 7.726e+02 1 0)
|        ( - 4.401e+02 1 0))
|    ( QUESTION3 1 6.803e+02 2.179e+02 3.400e+01
|        ( - 2.168e+02 1 0)
|        ( QUESTION0_13_R 1 6.815e+02 1.997e+02 3.200e+01
|            ( - 4.896e+02 1 0)
|            ( - 3.916e+02 1 0))))
s>    ( QUESTION0_0_R 1 1.433e+03 2.720e+02 8.257e+01
s>        ( QUESTION0_9_R 1 1.025e+03 1.876e+02 4.857e+01
s>            ( - 7.726e+02 1 0)
s>            ( - 4.401e+02 1 0))
s>        ( QUESTION3 1 6.803e+02 2.179e+02 3.400e+01
s>            ( - 2.168e+02 1 0)
s>            ( QUESTION0_13_R 1 6.815e+02 1.997e+02 3.200e+01
s>                ( - 4.896e+02 1 0)
s>                ( - 3.916e+02 1 0))))INFO: dtree.c(1351): Comp split 30
INFO: dtree.c(1483): stop. leaf nodes are specific
INFO: dtree.c(1524): Final simple tree
|( QUESTION2_2_L -1 2.632e+03 2.379e+02 1.517e+02
|    ( - 3.316e+02 1 0)
|    ( QUESTION0 -1 2.539e+03 2.268e+02 1.417e+02
|        ( - 1.024e+03 1 0)
|        ( - 1.742e+03 1 0)))
s>    ( QUESTION2_2_L -1 2.632e+03 2.379e+02 1.517e+02
s>        ( - 3.316e+02 1 0)
s>        ( QUESTION0 -1 2.539e+03 2.268e+02 1.417e+02
s>            ( - 1.024e+03 1 0)
s>            ( - 1.742e+03 1 0)))INFO: dtree.c(1351): Comp split 31
INFO: dtree.c(1351): Comp split 32
INFO: dtree.c(1483): stop. leaf nodes are specific
INFO: dtree.c(1524): Final simple tree
|( QUESTION0_0_R 1 7.519e+02 3.073e+02 3.100e+01
|    ( - 3.570e+02 1 0)
|    ( - 7.022e+02 2 0))
s>    ( QUESTION0_0_R 1 7.519e+02 3.073e+02 3.100e+01
s>        ( - 3.570e+02 1 0)
s>        ( - 7.022e+02 2 0))INFO: dtree.c(1351): Comp split 33
INFO: dtree.c(1483): stop. leaf nodes are specific
INFO: dtree.c(1524): Final simple tree
|( QUESTION0_5_R 1 2.589e+03 2.897e+02 1.280e+02
|    ( QUESTION0_6_R 1 2.170e+03 2.379e+02 1.090e+02
|        ( - 8.372e+02 2 0)
|        ( - 1.571e+03 4 0))
|    ( - 7.089e+02 1 0))
s>    ( QUESTION0_5_R 1 2.589e+03 2.897e+02 1.280e+02
s>        ( QUESTION0_6_R 1 2.170e+03 2.379e+02 1.090e+02
s>            ( - 8.372e+02 2 0)
s>            ( - 1.571e+03 4 0))
s>        ( - 7.089e+02 1 0))INFO: dtree.c(1483): stop. leaf nodes are specific
INFO: dtree.c(1524): Final simple tree
|( QUESTION0_13_R 1 1.054e+03 2.529e+02 9.237e+01
|    ( - 1.006e+03 5 0)
|    ( - 3.008e+02 1 0))
s>    ( QUESTION0_13_R 1 1.054e+03 2.529e+02 9.237e+01
s>        ( - 1.006e+03 5 0)
s>        ( - 3.008e+02 1 0))INFO: dtree.c(1351): Comp split 34
INFO: dtree.c(1483): stop. leaf nodes are specific
INFO: dtree.c(1524): Final simple tree
|( QUESTION0_8_R 1 2.312e+03 2.282e+02 1.586e+02
|    ( QUESTION0_11_R 1 9.533e+02 1.665e+02 5.115e+01
|        ( - 7.607e+02 1 0)
|        ( - 3.591e+02 1 0))
|    ( QUESTION0_0_R 1 1.587e+03 2.108e+02 1.074e+02
|        ( - 1.253e+03 2 0)
|        ( - 5.444e+02 2 0)))
s>    ( QUESTION0_8_R 1 2.312e+03 2.282e+02 1.586e+02
s>        ( QUESTION0_11_R 1 9.533e+02 1.665e+02 5.115e+01
s>            ( - 7.607e+02 1 0)
s>            ( - 3.591e+02 1 0))
s>        ( QUESTION0_0_R 1 1.587e+03 2.108e+02 1.074e+02
s>            ( - 1.253e+03 2 0)
s>            ( - 5.444e+02 2 0)))INFO: dtree.c(1483): stop. leaf nodes are specific
INFO: dtree.c(1524): Final simple tree
|( QUESTION0_0_R 1 3.862e+03 2.945e+02 2.531e+02
|    ( QUESTION0_3_R 1 2.607e+03 2.855e+02 1.823e+02
|        ( - 3.927e+02 1 0)
|        ( - 2.500e+03 1 0))
|    ( - 1.549e+03 2 0))
s>    ( QUESTION0_0_R 1 3.862e+03 2.945e+02 2.531e+02
s>        ( QUESTION0_3_R 1 2.607e+03 2.855e+02 1.823e+02
s>            ( - 3.927e+02 1 0)
s>            ( - 2.500e+03 1 0))
s>        ( - 1.549e+03 2 0))INFO: dtree.c(1351): Comp split 35
INFO: dtree.c(1483): stop. leaf nodes are specific
INFO: dtree.c(1524): Final simple tree
|( QUESTION0_0_R 1 1.314e+03 2.300e+02 7.354e+01
|    ( - 2.248e+02 1 0)
|    ( QUESTION0_17_R 1 1.319e+03 2.241e+02 6.954e+01
|        ( - 3.102e+02 1 0)
|        ( QUESTION0_13_R 1 1.233e+03 2.005e+02 6.154e+01
|            ( - 9.243e+02 1 0)
|            ( - 5.089e+02 1 0))))
s>    ( QUESTION0_0_R 1 1.314e+03 2.300e+02 7.354e+01
s>        ( - 2.248e+02 1 0)
s>        ( QUESTION0_17_R 1 1.319e+03 2.241e+02 6.954e+01
s>            ( - 3.102e+02 1 0)
s>            ( QUESTION0_13_R 1 1.233e+03 2.005e+02 6.154e+01
s>                ( - 9.243e+02 1 0)
s>                ( - 5.089e+02 1 0))))INFO: dtree.c(1351): Comp split 36
INFO: dtree.c(1483): stop. leaf nodes are specific
INFO: dtree.c(1524): Final simple tree
|( SILENCE 1 7.919e+02 2.076e+02 3.698e+01
|    ( - 7.047e+02 1 0)
|    ( QUESTION0_1_R 1 2.948e+02 1.843e+02 1.200e+01
|        ( - 3.240e+02 1 0)
|        ( - 1.551e+02 1 0)))
s>    ( SILENCE 1 7.919e+02 2.076e+02 3.698e+01
s>        ( - 7.047e+02 1 0)
s>        ( QUESTION0_1_R 1 2.948e+02 1.843e+02 1.200e+01
s>            ( - 3.240e+02 1 0)
s>            ( - 1.551e+02 1 0)))INFO: dtree.c(1351): Comp split 37
INFO: dtree.c(1351): Comp split 38
INFO: dtree.c(1524): Final simple tree
|( QUESTION0_12_R 1 1.441e+03 2.921e+02 8.906e+01
|    ( - 7.232e+02 1 0)
|    ( QUESTION2_1_L -1 1.010e+03 2.852e+02 7.206e+01
|        ( - 2.371e+02 1 0)
|        ( QUESTION2_17_L -1 1.058e+03 2.603e+02 7.106e+01
|            ( - 2.442e+02 1 0)
|            ( SILENCE 1 1.074e+03 2.190e+02 7.006e+01
|                ( QUESTION11 -1 8.715e+02 2.737e+02 5.300e+01
|                    ( - 4.516e+02 1 0)
|                    ( QUESTION2_0_L -1 6.936e+02 2.414e+02 4.100e+01
|                        ( - 3.422e+02 1 0)
|                        ( QUESTION0 -1 5.928e+02 2.109e+02 3.000e+01
|                            ( - 4.791e+02 1 0)
|                            ( - 3.247e+02 1 0))))
|                ( - 4.220e+02 1 0)))))
s>    ( QUESTION0_12_R 1 1.441e+03 2.921e+02 8.906e+01
s>        ( - 7.232e+02 1 0)
s>        ( QUESTION2_1_L -1 1.010e+03 2.852e+02 7.206e+01
s>            ( - 2.371e+02 1 0)
s>            ( QUESTION2_17_L -1 1.058e+03 2.603e+02 7.106e+01
s>                ( - 2.442e+02 1 0)
s>                ( SILENCE 1 1.074e+03 2.190e+02 7.006e+01
s>                    ( QUESTION11 -1 8.715e+02 2.737e+02 5.300e+01
s>                        ( - 4.516e+02 1 0)
s>                        ( QUESTION2_0_L -1 6.936e+02 2.414e+02 4.100e+01
s>                            ( - 3.422e+02 1 0)
s>                            ( QUESTION0 -1 5.928e+02 2.109e+02 3.000e+01
s>                                ( - 4.791e+02 1 0)
s>                                ( - 3.247e+02 1 0))))
s>                    ( - 4.220e+02 1 0)))))INFO: dtree.c(1351): Comp split 39
INFO: dtree.c(1483): stop. leaf nodes are specific
INFO: dtree.c(1524): Final simple tree
|( QUESTION0_0_R 1 1.116e+03 1.243e+02 3.400e+01
|    ( - 4.047e+02 1 0)
|    ( - 8.352e+02 1 0))
s>    ( QUESTION0_0_R 1 1.116e+03 1.243e+02 3.400e+01
s>        ( - 4.047e+02 1 0)
s>        ( - 8.352e+02 1 0))INFO: dtree.c(1351): Comp split 40
INFO: dtree.c(1483): stop. leaf nodes are specific
INFO: dtree.c(1524): Final simple tree
|( QUESTION6 1 3.337e+03 2.470e+02 1.272e+02
|    ( - 4.770e+02 1 0)
|    ( QUESTION0_0_R 1 3.107e+03 2.270e+02 1.182e+02
|        ( - 2.434e+03 2 0)
|        ( - 8.997e+02 2 0)))
s>    ( QUESTION6 1 3.337e+03 2.470e+02 1.272e+02
s>        ( - 4.770e+02 1 0)
s>        ( QUESTION0_0_R 1 3.107e+03 2.270e+02 1.182e+02
s>            ( - 2.434e+03 2 0)
s>            ( - 8.997e+02 2 0)))INFO: dtree.c(1351): Comp split 41
INFO: dtree.c(1483): stop. leaf nodes are specific
INFO: dtree.c(1524): Final simple tree
|( QUESTION2_1_L -1 1.285e+03 2.891e+02 7.706e+01
|    ( - 2.371e+02 1 0)
|    ( QUESTION0_12_R 1 1.337e+03 2.822e+02 7.606e+01
|        ( - 7.232e+02 1 0)
|        ( QUESTION2_17_L -1 8.960e+02 2.598e+02 5.906e+01
|            ( - 2.442e+02 1 0)
|            ( QUESTION2_9_L -1 9.117e+02 2.195e+02 5.806e+01
|                ( QUESTION0 -1 5.928e+02 2.109e+02 3.000e+01
|                    ( - 4.791e+02 1 0)
|                    ( - 3.247e+02 1 0))
|                ( SILENCE 1 5.384e+02 2.258e+02 2.806e+01
|                    ( - 3.422e+02 1 0)
|                    ( - 4.220e+02 1 0))))))
s>    ( QUESTION2_1_L -1 1.285e+03 2.891e+02 7.706e+01
s>        ( - 2.371e+02 1 0)
s>        ( QUESTION0_12_R 1 1.337e+03 2.822e+02 7.606e+01
s>            ( - 7.232e+02 1 0)
s>            ( QUESTION2_17_L -1 8.960e+02 2.598e+02 5.906e+01
s>                ( - 2.442e+02 1 0)
s>                ( QUESTION2_9_L -1 9.117e+02 2.195e+02 5.806e+01
s>                    ( QUESTION0 -1 5.928e+02 2.109e+02 3.000e+01
s>                        ( - 4.791e+02 1 0)
s>                        ( - 3.247e+02 1 0))
s>                    ( SILENCE 1 5.384e+02 2.258e+02 2.806e+01
s>                        ( - 3.422e+02 1 0)
s>                        ( - 4.220e+02 1 0))))))INFO: dtree.c(1351): Comp split 42
INFO: dtree.c(1483): stop. leaf nodes are specific
INFO: dtree.c(1524): Final simple tree
|( QUESTION0_3_R 1 2.607e+03 2.855e+02 1.823e+02
|    ( - 3.927e+02 1 0)
|    ( - 2.500e+03 1 0))
s>    ( QUESTION0_3_R 1 2.607e+03 2.855e+02 1.823e+02
s>        ( - 3.927e+02 1 0)
s>        ( - 2.500e+03 1 0))INFO: dtree.c(1351): Comp split 43
INFO: dtree.c(1483): stop. leaf nodes are specific
INFO: dtree.c(1524): Final simple tree
|( QUESTION0_11_R 1 2.896e+02 2.328e+02 2.700e+01
|    ( - 2.440e+02 1 0)
|    ( QUESTION0 1 2.783e+02 2.247e+02 2.600e+01
|        ( - 2.539e+02 1 0)
|        ( QUESTION0_0_R 1 2.492e+02 2.008e+02 1.900e+01
|            ( - 2.284e+02 1 0)
|            ( - 2.216e+02 1 0))))
s>    ( QUESTION0_11_R 1 2.896e+02 2.328e+02 2.700e+01
s>        ( - 2.440e+02 1 0)
s>        ( QUESTION0 1 2.783e+02 2.247e+02 2.600e+01
s>            ( - 2.539e+02 1 0)
s>            ( QUESTION0_0_R 1 2.492e+02 2.008e+02 1.900e+01
s>                ( - 2.284e+02 1 0)
s>                ( - 2.216e+02 1 0))))INFO: dtree.c(1351): Comp split 44
INFO: dtree.c(1483): stop. leaf nodes are specific
INFO: dtree.c(1524): Final simple tree
|( QUESTION0_6_R 1 2.170e+03 2.379e+02 1.090e+02
|    ( - 8.372e+02 2 0)
|    ( - 1.571e+03 4 0))
s>    ( QUESTION0_6_R 1 2.170e+03 2.379e+02 1.090e+02
s>        ( - 8.372e+02 2 0)
s>        ( - 1.571e+03 4 0))INFO: dtree.c(1351): Comp split 45
INFO: dtree.c(1483): stop. leaf nodes are specific
INFO: dtree.c(1524): Final simple tree
|( QUESTION0_12_R 1 1.337e+03 2.822e+02 7.606e+01
|    ( - 7.232e+02 1 0)
|    ( QUESTION2_17_L -1 8.960e+02 2.598e+02 5.906e+01
|        ( - 2.442e+02 1 0)
|        ( QUESTION2_9_L -1 9.117e+02 2.195e+02 5.806e+01
|            ( QUESTION0 -1 5.928e+02 2.109e+02 3.000e+01
|                ( - 4.791e+02 1 0)
|                ( - 3.247e+02 1 0))
|            ( SILENCE 1 5.384e+02 2.258e+02 2.806e+01
|                ( - 3.422e+02 1 0)
|                ( - 4.220e+02 1 0)))))
s>    ( QUESTION0_12_R 1 1.337e+03 2.822e+02 7.606e+01
s>        ( - 7.232e+02 1 0)
s>        ( QUESTION2_17_L -1 8.960e+02 2.598e+02 5.906e+01
s>            ( - 2.442e+02 1 0)
s>            ( QUESTION2_9_L -1 9.117e+02 2.195e+02 5.806e+01
s>                ( QUESTION0 -1 5.928e+02 2.109e+02 3.000e+01
s>                    ( - 4.791e+02 1 0)
s>                    ( - 3.247e+02 1 0))
s>                ( SILENCE 1 5.384e+02 2.258e+02 2.806e+01
s>                    ( - 3.422e+02 1 0)
s>                    ( - 4.220e+02 1 0)))))INFO: dtree.c(1351): Comp split 46
INFO: dtree.c(1351): Comp split 47
INFO: dtree.c(1483): stop. leaf nodes are specific
INFO: dtree.c(1524): Final simple tree
|( QUESTION0_0_R 1 7.860e+02 2.501e+02 2.800e+01
|    ( - 6.914e+02 1 0)
|    ( - 3.448e+02 1 0))
s>    ( QUESTION0_0_R 1 7.860e+02 2.501e+02 2.800e+01
s>        ( - 6.914e+02 1 0)
s>        ( - 3.448e+02 1 0))INFO: dtree.c(1351): Comp split 48
INFO: dtree.c(1483): stop. leaf nodes are specific
INFO: dtree.c(1524): Final simple tree
|( QUESTION2_17_L -1 8.960e+02 2.598e+02 5.906e+01
|    ( - 2.442e+02 1 0)
|    ( QUESTION2_9_L -1 9.117e+02 2.195e+02 5.806e+01
|        ( QUESTION0 -1 5.928e+02 2.109e+02 3.000e+01
|            ( - 4.791e+02 1 0)
|            ( - 3.247e+02 1 0))
|        ( SILENCE 1 5.384e+02 2.258e+02 2.806e+01
|            ( - 3.422e+02 1 0)
|            ( - 4.220e+02 1 0))))
s>    ( QUESTION2_17_L -1 8.960e+02 2.598e+02 5.906e+01
s>        ( - 2.442e+02 1 0)
s>        ( QUESTION2_9_L -1 9.117e+02 2.195e+02 5.806e+01
s>            ( QUESTION0 -1 5.928e+02 2.109e+02 3.000e+01
s>                ( - 4.791e+02 1 0)
s>                ( - 3.247e+02 1 0))
s>            ( SILENCE 1 5.384e+02 2.258e+02 2.806e+01
s>                ( - 3.422e+02 1 0)
s>                ( - 4.220e+02 1 0))))INFO: dtree.c(1351): Comp split 49
INFO: dtree.c(1483): stop. leaf nodes are specific
INFO: dtree.c(1524): Final simple tree
|( QUESTION11 -1 4.710e+02 2.517e+02 3.702e+01
|    ( - 3.557e+02 1 0)
|    ( SILENCE -1 3.670e+02 1.575e+02 2.902e+01
|        ( - 1.855e+02 1 0)
|        ( - 3.390e+02 1 0)))
s>    ( QUESTION11 -1 4.710e+02 2.517e+02 3.702e+01
s>        ( - 3.557e+02 1 0)
s>        ( SILENCE -1 3.670e+02 1.575e+02 2.902e+01
s>            ( - 1.855e+02 1 0)
s>            ( - 3.390e+02 1 0)))INFO: dtree.c(1351): Comp split 50
INFO: dtree.c(1483): stop. leaf nodes are specific
INFO: dtree.c(1524): Final simple tree
|( QUESTION0_0_R 1 7.625e+02 1.768e+02 3.700e+01
|    ( - 2.691e+02 1 0)
|    ( QUESTION4 1 6.702e+02 1.952e+02 3.000e+01
|        ( QUESTION2 -1 4.232e+02 1.771e+02 1.500e+01
|            ( - 1.760e+02 1 0)
|            ( - 4.243e+02 1 0))
|        ( - 4.422e+02 1 0)))
s>    ( QUESTION0_0_R 1 7.625e+02 1.768e+02 3.700e+01
s>        ( - 2.691e+02 1 0)
s>        ( QUESTION4 1 6.702e+02 1.952e+02 3.000e+01
s>            ( QUESTION2 -1 4.232e+02 1.771e+02 1.500e+01
s>                ( - 1.760e+02 1 0)
s>                ( - 4.243e+02 1 0))
s>            ( - 4.422e+02 1 0)))INFO: dtree.c(1483): stop. leaf nodes are specific
INFO: dtree.c(1524): Final simple tree
|( QUESTION0_8_R 1 1.293e+03 2.502e+02 7.082e+01
|    ( - 2.388e+02 1 0)
|    ( QUESTION0_0_R 1 1.305e+03 2.337e+02 6.982e+01
|        ( - 5.537e+02 1 0)
|        ( - 9.847e+02 1 0)))
s>    ( QUESTION0_8_R 1 1.293e+03 2.502e+02 7.082e+01
s>        ( - 2.388e+02 1 0)
s>        ( QUESTION0_0_R 1 1.305e+03 2.337e+02 6.982e+01
s>            ( - 5.537e+02 1 0)
s>            ( - 9.847e+02 1 0)))INFO: dtree.c(1351): Comp split 51
INFO: dtree.c(1483): stop. leaf nodes are specific
INFO: dtree.c(1524): Final simple tree
|( SILENCE -1 1.336e+03 1.919e+02 7.881e+01
|    ( - 9.113e+02 1 0)
|    ( - 6.167e+02 1 0))
s>    ( SILENCE -1 1.336e+03 1.919e+02 7.881e+01
s>        ( - 9.113e+02 1 0)
s>        ( - 6.167e+02 1 0))INFO: dtree.c(1351): Comp split 52
INFO: dtree.c(1483): stop. leaf nodes are specific
INFO: dtree.c(1524): Final simple tree
|( QUESTION3 1 6.803e+02 2.179e+02 3.400e+01
|    ( - 2.168e+02 1 0)
|    ( QUESTION0_13_R 1 6.815e+02 1.997e+02 3.200e+01
|        ( - 4.896e+02 1 0)
|        ( - 3.916e+02 1 0)))
s>    ( QUESTION3 1 6.803e+02 2.179e+02 3.400e+01
s>        ( - 2.168e+02 1 0)
s>        ( QUESTION0_13_R 1 6.815e+02 1.997e+02 3.200e+01
s>            ( - 4.896e+02 1 0)
s>            ( - 3.916e+02 1 0)))INFO: dtree.c(1483): stop. leaf nodes are specific
INFO: dtree.c(1524): Final simple tree
|( QUESTION0_9_R 1 1.025e+03 1.876e+02 4.857e+01
|    ( - 7.726e+02 1 0)
|    ( - 4.401e+02 1 0))
s>    ( QUESTION0_9_R 1 1.025e+03 1.876e+02 4.857e+01
s>        ( - 7.726e+02 1 0)
s>        ( - 4.401e+02 1 0))INFO: dtree.c(1351): Comp split 53
INFO: dtree.c(1483): stop. leaf nodes are specific
INFO: dtree.c(1524): Final simple tree
|( QUESTION2_9_L -1 9.117e+02 2.195e+02 5.806e+01
|    ( QUESTION0 -1 5.928e+02 2.109e+02 3.000e+01
|        ( - 4.791e+02 1 0)
|        ( - 3.247e+02 1 0))
|    ( SILENCE 1 5.384e+02 2.258e+02 2.806e+01
|        ( - 3.422e+02 1 0)
|        ( - 4.220e+02 1 0)))
s>    ( QUESTION2_9_L -1 9.117e+02 2.195e+02 5.806e+01
s>        ( QUESTION0 -1 5.928e+02 2.109e+02 3.000e+01
s>            ( - 4.791e+02 1 0)
s>            ( - 3.247e+02 1 0))
s>        ( SILENCE 1 5.384e+02 2.258e+02 2.806e+01
s>            ( - 3.422e+02 1 0)
s>            ( - 4.220e+02 1 0)))INFO: dtree.c(1351): Comp split 54
INFO: dtree.c(1483): stop. leaf nodes are specific
INFO: dtree.c(1524): Final simple tree
|( QUESTION0_6_R 1 2.925e+03 2.168e+02 1.916e+02
|    ( - 6.172e+02 2 0)
|    ( QUESTION12 -1 2.525e+03 1.856e+02 1.656e+02
|        ( - 1.943e+03 1 0)
|        ( - 7.675e+02 1 0)))
s>    ( QUESTION0_6_R 1 2.925e+03 2.168e+02 1.916e+02
s>        ( - 6.172e+02 2 0)
s>        ( QUESTION12 -1 2.525e+03 1.856e+02 1.656e+02
s>            ( - 1.943e+03 1 0)
s>            ( - 7.675e+02 1 0)))INFO: dtree.c(1351): Comp split 55
INFO: dtree.c(1351): Comp split 56
INFO: dtree.c(1483): stop. leaf nodes are specific
INFO: dtree.c(1524): Final simple tree
|( SILENCE -1 3.670e+02 1.575e+02 2.902e+01
|    ( - 1.855e+02 1 0)
|    ( - 3.390e+02 1 0))
s>    ( SILENCE -1 3.670e+02 1.575e+02 2.902e+01
s>        ( - 1.855e+02 1 0)
s>        ( - 3.390e+02 1 0))INFO: dtree.c(1351): Comp split 57
INFO: dtree.c(1483): stop. leaf nodes are specific
INFO: dtree.c(1524): Final simple tree
|( QUESTION0_0_R 1 1.305e+03 2.337e+02 6.982e+01
|    ( - 5.537e+02 1 0)
|    ( - 9.847e+02 1 0))
s>    ( QUESTION0_0_R 1 1.305e+03 2.337e+02 6.982e+01
s>        ( - 5.537e+02 1 0)
s>        ( - 9.847e+02 1 0))INFO: dtree.c(1351): Comp split 58
INFO: dtree.c(1351): Comp split 59
INFO: dtree.c(1483): stop. leaf nodes are specific
INFO: dtree.c(1524): Final simple tree
|( QUESTION0_0_R 1 3.107e+03 2.270e+02 1.182e+02
|    ( - 2.434e+03 2 0)
|    ( - 8.997e+02 2 0))
s>    ( QUESTION0_0_R 1 3.107e+03 2.270e+02 1.182e+02
s>        ( - 2.434e+03 2 0)
s>        ( - 8.997e+02 2 0))INFO: dtree.c(1351): Comp split 60
INFO: dtree.c(1483): stop. leaf nodes are specific
INFO: dtree.c(1524): Final simple tree
|( QUESTION0_13_R 1 1.233e+03 2.005e+02 6.154e+01
|    ( - 9.243e+02 1 0)
|    ( - 5.089e+02 1 0))
s>    ( QUESTION0_13_R 1 1.233e+03 2.005e+02 6.154e+01
s>        ( - 9.243e+02 1 0)
s>        ( - 5.089e+02 1 0))INFO: dtree.c(1483): stop. leaf nodes are specific
INFO: dtree.c(1524): Final simple tree
|( QUESTION0_0_R 1 3.205e+02 2.144e+02 1.200e+01
|    ( - 2.248e+02 1 0)
|    ( - 3.102e+02 1 0))
s>    ( QUESTION0_0_R 1 3.205e+02 2.144e+02 1.200e+01
s>        ( - 2.248e+02 1 0)
s>        ( - 3.102e+02 1 0))INFO: dtree.c(1351): Comp split 61
INFO: dtree.c(1351): Comp split 62
INFO: dtree.c(1351): Comp split 63
INFO: dtree.c(1483): stop. leaf nodes are specific
INFO: dtree.c(1524): Final simple tree
|( QUESTION0 -1 2.539e+03 2.268e+02 1.417e+02
|    ( - 1.024e+03 1 0)
|    ( - 1.742e+03 1 0))
s>    ( QUESTION0 -1 2.539e+03 2.268e+02 1.417e+02
s>        ( - 1.024e+03 1 0)
s>        ( - 1.742e+03 1 0))INFO: dtree.c(1351): Comp split 64
INFO: dtree.c(1483): stop. leaf nodes are specific
INFO: dtree.c(1524): Final simple tree
|( QUESTION0_11_R 1 5.056e+02 1.846e+02 2.902e+01
|    ( - 2.719e+02 1 0)
|    ( QUESTION0_5_R 1 4.183e+02 1.819e+02 2.402e+01
|        ( - 3.509e+02 1 0)
|        ( - 2.493e+02 1 0)))
s>    ( QUESTION0_11_R 1 5.056e+02 1.846e+02 2.902e+01
s>        ( - 2.719e+02 1 0)
s>        ( QUESTION0_5_R 1 4.183e+02 1.819e+02 2.402e+01
s>            ( - 3.509e+02 1 0)
s>            ( - 2.493e+02 1 0)))INFO: dtree.c(1351): Comp split 65
INFO: dtree.c(1351): Comp split 66
INFO: dtree.c(1483): stop. leaf nodes are specific
INFO: dtree.c(1524): Final simple tree
|( QUESTION0 1 2.783e+02 2.247e+02 2.600e+01
|    ( - 2.539e+02 1 0)
|    ( QUESTION0_0_R 1 2.492e+02 2.008e+02 1.900e+01
|        ( - 2.284e+02 1 0)
|        ( - 2.216e+02 1 0)))
s>    ( QUESTION0 1 2.783e+02 2.247e+02 2.600e+01
s>        ( - 2.539e+02 1 0)
s>        ( QUESTION0_0_R 1 2.492e+02 2.008e+02 1.900e+01
s>            ( - 2.284e+02 1 0)
s>            ( - 2.216e+02 1 0)))INFO: dtree.c(1351): Comp split 67
INFO: dtree.c(1483): stop. leaf nodes are specific
INFO: dtree.c(1524): Final simple tree
|( QUESTION0_0_R 1 1.587e+03 2.108e+02 1.074e+02
|    ( - 1.253e+03 2 0)
|    ( - 5.444e+02 2 0))
s>    ( QUESTION0_0_R 1 1.587e+03 2.108e+02 1.074e+02
s>        ( - 1.253e+03 2 0)
s>        ( - 5.444e+02 2 0))INFO: dtree.c(1483): stop. leaf nodes are specific
INFO: dtree.c(1524): Final simple tree
|( QUESTION0_11_R 1 9.533e+02 1.665e+02 5.115e+01
|    ( - 7.607e+02 1 0)
|    ( - 3.591e+02 1 0))
s>    ( QUESTION0_11_R 1 9.533e+02 1.665e+02 5.115e+01
s>        ( - 7.607e+02 1 0)
s>        ( - 3.591e+02 1 0))INFO: dtree.c(1351): Comp split 68
INFO: dtree.c(1351): Comp split 69
INFO: dtree.c(1351): Comp split 70
INFO: dtree.c(1483): stop. leaf nodes are specific
INFO: dtree.c(1524): Final simple tree
|( QUESTION0_0_R 1 2.492e+02 2.008e+02 1.900e+01
|    ( - 2.284e+02 1 0)
|    ( - 2.216e+02 1 0))
s>    ( QUESTION0_0_R 1 2.492e+02 2.008e+02 1.900e+01
s>        ( - 2.284e+02 1 0)
s>        ( - 2.216e+02 1 0))INFO: dtree.c(1351): Comp split 71
INFO: dtree.c(1351): Comp split 72
INFO: dtree.c(1483): stop. leaf nodes are specific
INFO: dtree.c(1524): Final simple tree
|( SILENCE 1 5.384e+02 2.258e+02 2.806e+01
|    ( - 3.422e+02 1 0)
|    ( - 4.220e+02 1 0))
s>    ( SILENCE 1 5.384e+02 2.258e+02 2.806e+01
s>        ( - 3.422e+02 1 0)
s>        ( - 4.220e+02 1 0))INFO: dtree.c(1483): stop. leaf nodes are specific
INFO: dtree.c(1524): Final simple tree
|( QUESTION0 -1 5.928e+02 2.109e+02 3.000e+01
|    ( - 4.791e+02 1 0)
|    ( - 3.247e+02 1 0))
s>    ( QUESTION0 -1 5.928e+02 2.109e+02 3.000e+01
s>        ( - 4.791e+02 1 0)
s>        ( - 3.247e+02 1 0))INFO: dtree.c(1351): Comp split 73
INFO: dtree.c(1351): Comp split 74
INFO: dtree.c(1483): stop. leaf nodes are specific
INFO: dtree.c(1524): Final simple tree
|( QUESTION0_13_R 1 6.815e+02 1.997e+02 3.200e+01
|    ( - 4.896e+02 1 0)
|    ( - 3.916e+02 1 0))
s>    ( QUESTION0_13_R 1 6.815e+02 1.997e+02 3.200e+01
s>        ( - 4.896e+02 1 0)
s>        ( - 3.916e+02 1 0))INFO: dtree.c(1351): Comp split 75
INFO: dtree.c(1483): stop. leaf nodes are specific
INFO: dtree.c(1524): Final simple tree
|( QUESTION12 -1 2.525e+03 1.856e+02 1.656e+02
|    ( - 1.943e+03 1 0)
|    ( - 7.675e+02 1 0))
s>    ( QUESTION12 -1 2.525e+03 1.856e+02 1.656e+02
s>        ( - 1.943e+03 1 0)
s>        ( - 7.675e+02 1 0))INFO: dtree.c(1351): Comp split 76
INFO: dtree.c(1351): Comp split 77
INFO: dtree.c(1351): Comp split 78
INFO: dtree.c(1351): Comp split 79
INFO: dtree.c(1351): Comp split 80
INFO: dtree.c(1483): stop. leaf nodes are specific
INFO: dtree.c(1524): Final simple tree
|( QUESTION0_1_R 1 2.948e+02 1.843e+02 1.200e+01
|    ( - 3.240e+02 1 0)
|    ( - 1.551e+02 1 0))
s>    ( QUESTION0_1_R 1 2.948e+02 1.843e+02 1.200e+01
s>        ( - 3.240e+02 1 0)
s>        ( - 1.551e+02 1 0))INFO: dtree.c(1351): Comp split 81
INFO: dtree.c(1351): Comp split 82
INFO: dtree.c(1483): stop. leaf nodes are specific
INFO: dtree.c(1524): Final simple tree
|( WDBNDRY_E 0 1.555e+03 1.805e+02 1.165e+02
|    ( - 1.650e+03 1 0)
|    ( - 8.455e+01 1 0))
s>    ( WDBNDRY_E 0 1.555e+03 1.805e+02 1.165e+02
s>        ( - 1.650e+03 1 0)
s>        ( - 8.455e+01 1 0))INFO: dtree.c(1351): Comp split 83
INFO: dtree.c(1351): Comp split 84
INFO: dtree.c(1351): Comp split 85
INFO: dtree.c(1351): Comp split 86
INFO: dtree.c(1483): stop. leaf nodes are specific
INFO: dtree.c(1524): Final simple tree
|( QUESTION15 -1 5.189e+02 1.847e+02 2.200e+01
|    ( - 4.243e+02 1 0)
|    ( QUESTION0_0_R 1 2.793e+02 1.659e+02 1.000e+01
|        ( - 2.691e+02 1 0)
|        ( - 1.760e+02 1 0)))
s>    ( QUESTION15 -1 5.189e+02 1.847e+02 2.200e+01
s>        ( - 4.243e+02 1 0)
s>        ( QUESTION0_0_R 1 2.793e+02 1.659e+02 1.000e+01
s>            ( - 2.691e+02 1 0)
s>            ( - 1.760e+02 1 0)))INFO: dtree.c(1351): Comp split 87
INFO: dtree.c(1351): Comp split 88
INFO: dtree.c(1351): Comp split 89
INFO: dtree.c(1351): Comp split 90
INFO: dtree.c(1483): stop. leaf nodes are specific
INFO: dtree.c(1524): Final simple tree
|( QUESTION0_0_R 1 2.793e+02 1.659e+02 1.000e+01
|    ( - 2.691e+02 1 0)
|    ( - 1.760e+02 1 0))
s>    ( QUESTION0_0_R 1 2.793e+02 1.659e+02 1.000e+01
s>        ( - 2.691e+02 1 0)
s>        ( - 1.760e+02 1 0))INFO: dtree.c(1351): Comp split 91
INFO: dtree.c(1483): stop. leaf nodes are specific
INFO: dtree.c(1524): Final simple tree
|( QUESTION0_5_R 1 4.183e+02 1.819e+02 2.402e+01
|    ( - 3.509e+02 1 0)
|    ( - 2.493e+02 1 0))
s>    ( QUESTION0_5_R 1 4.183e+02 1.819e+02 2.402e+01
s>        ( - 3.509e+02 1 0)
s>        ( - 2.493e+02 1 0))INFO: dtree.c(1351): Comp split 92
INFO: dtree.c(1351): Comp split 93
INFO: dtree.c(1351): Comp split 94
INFO: dtree.c(1351): Comp split 95
INFO: dtree.c(1351): Comp split 96
INFO: dtree.c(1351): Comp split 97
INFO: dtree.c(1351): Comp split 98
INFO: dtree.c(1351): Comp split 99
INFO: dtree.c(1354): stop. leaf nodes are specific
Tue May 31 10:45:58 2011
