INFO: cmd_ln.c(691): Parsing command line:
/home/xkrajnan/Plocha/GSoC/PocketSphinx/an4/bin/bldtree \
	-treefn /home/xkrajnan/Plocha/GSoC/PocketSphinx/an4/trees/an4.unpruned/AA-0.dtree \
	-moddeffn /home/xkrajnan/Plocha/GSoC/PocketSphinx/an4/model_architecture/an4.untied.mdef \
	-mixwfn /home/xkrajnan/Plocha/GSoC/PocketSphinx/an4/model_parameters/an4.cd_cont_untied/mixture_weights \
	-ts2cbfn .cont. \
	-mwfloor 1e-08 \
	-psetfn /home/xkrajnan/Plocha/GSoC/PocketSphinx/an4/model_architecture/an4.tree_questions \
	-phone AA \
	-state 0 \
	-stwt 1.0,0.05,0.0 \
	-meanfn /home/xkrajnan/Plocha/GSoC/PocketSphinx/an4/model_parameters/an4.cd_cont_untied/means \
	-varfn /home/xkrajnan/Plocha/GSoC/PocketSphinx/an4/model_parameters/an4.cd_cont_untied/variances \
	-fullvar no \
	-ssplitmin 1 \
	-ssplitmax 7 \
	-ssplitthr 0 \
	-csplitmin 1 \
	-csplitmax 2000 \
	-csplitthr 0 

Current configuration:
[NAME]		[DEFLT]	[VALUE]
-allphones	no	no
-cntthresh	0.00001	1.000000e-05
-csplitmax	100	2000
-csplitmin	1	1
-csplitthr	8e-4	0.000000e+00
-example	no	no
-fullvar	no	no
-help		no	no
-meanfn			/home/xkrajnan/Plocha/GSoC/PocketSphinx/an4/model_parameters/an4.cd_cont_untied/means
-mixwfn			/home/xkrajnan/Plocha/GSoC/PocketSphinx/an4/model_parameters/an4.cd_cont_untied/mixture_weights
-moddeffn		/home/xkrajnan/Plocha/GSoC/PocketSphinx/an4/model_architecture/an4.untied.mdef
-mwfloor	1e-4	1.000000e-08
-phone			AA
-psetfn			/home/xkrajnan/Plocha/GSoC/PocketSphinx/an4/model_architecture/an4.tree_questions
-ssplitmax	5	7
-ssplitmin	1	1
-ssplitthr	8e-4	0.000000e+00
-state			0
-stwt			1.0,0.05,0.0,
-treefn			/home/xkrajnan/Plocha/GSoC/PocketSphinx/an4/trees/an4.unpruned/AA-0.dtree
-ts2cbfn	.semi.	.cont.
-varfloor	0.00001	1.000000e-05
-varfn			/home/xkrajnan/Plocha/GSoC/PocketSphinx/an4/model_parameters/an4.cd_cont_untied/variances

INFO: main.c(228): Reading: /home/xkrajnan/Plocha/GSoC/PocketSphinx/an4/model_architecture/an4.untied.mdef
INFO: model_def_io.c(587): Model definition info:
INFO: model_def_io.c(588): 1618 total models defined (34 base, 1584 tri)
INFO: model_def_io.c(589): 6472 total states
INFO: model_def_io.c(590): 4854 total tied states
INFO: model_def_io.c(591): 102 total tied CI states
INFO: model_def_io.c(592): 34 total tied transition matrices
INFO: model_def_io.c(593): 4 max state/model
INFO: model_def_io.c(594): 4 min state/model
INFO: main.c(247): Building trees for [AA AH R b] through [AA UW R b]
INFO: main.c(275): Covering states |[102 161]| == 60
INFO: main.c(282): Reading: /home/xkrajnan/Plocha/GSoC/PocketSphinx/an4/model_parameters/an4.cd_cont_untied/mixture_weights
INFO: s3mixw_io.c(172): Read /home/xkrajnan/Plocha/GSoC/PocketSphinx/an4/model_parameters/an4.cd_cont_untied/mixture_weights [60x1x1 array]
INFO: main.c(320): 20 of 20 models have observation count greater than 0.000010
INFO: main.c(94): nrm stwt: 0.952 0.048 0.000 
INFO: s3gau_io.c(166): Read /home/xkrajnan/Plocha/GSoC/PocketSphinx/an4/model_parameters/an4.cd_cont_untied/means [4854x1x1 array]
INFO: s3gau_io.c(166): Read /home/xkrajnan/Plocha/GSoC/PocketSphinx/an4/model_parameters/an4.cd_cont_untied/variances [4854x1x1 array]
INFO: main.c(576): Reading: /home/xkrajnan/Plocha/GSoC/PocketSphinx/an4/model_architecture/an4.tree_questions
INFO: main.c(619): 180 total simple questions (172 phone; 8 word bndry)
INFO: main.c(621): 42 Left Only questions, and 42 Right Only questions
INFO: dtree.c(1524): Final simple tree
|( QUESTION2_0_L -1 -3.748e+04 3.509e+03 1.963e+03
|    ( QUESTION2_1_L -1 -1.912e+04 5.515e+02 9.264e+02
|        ( - -1.007e+04 1 0)
|        ( - -8.496e+03 2 0 QUESTION0 -1 2.173e+02 4.102e+02))
|    ( QUESTION3 -1 -1.485e+04 1.871e+03 1.037e+03
|        ( WDBNDRY_B 0 -9.793e+02 2.518e+02 7.386e+01
|            ( - 8.112e+01 1 0)
|            ( - -8.086e+02 3 0 QUESTION0_1_R 1 2.704e+02 6.886e+01))
|        ( QUESTION2_17_L -1 -1.200e+04 9.881e+02 9.631e+02
|            ( QUESTION0 -1 -7.203e+03 2.547e+02 5.311e+02
|                ( - -6.530e+03 4 0)
|                ( - -4.183e+02 2 0 WDBNDRY_B 0 1.799e+02 2.002e+01))
|            ( SILENCE -1 -3.805e+03 3.299e+02 4.321e+02
|                ( - -2.150e+03 3 0 QUESTION0_14_R 1 1.916e+02 3.100e+02)
|                ( - -1.325e+03 4 0 QUESTION0 -1 2.213e+02 1.221e+02)))))
s>    ( QUESTION2_0_L -1 -3.748e+04 3.509e+03 1.963e+03
s>        ( QUESTION2_1_L -1 -1.912e+04 5.515e+02 9.264e+02
s>            ( - -1.007e+04 1 0)
s>            ( - -8.496e+03 2 0 QUESTION0 -1 2.173e+02 4.102e+02))
s>        ( QUESTION3 -1 -1.485e+04 1.871e+03 1.037e+03
s>            ( WDBNDRY_B 0 -9.793e+02 2.518e+02 7.386e+01
s>                ( - 8.112e+01 1 0)
s>                ( - -8.086e+02 3 0 QUESTION0_1_R 1 2.704e+02 6.886e+01))
s>            ( QUESTION2_17_L -1 -1.200e+04 9.881e+02 9.631e+02
s>                ( QUESTION0 -1 -7.203e+03 2.547e+02 5.311e+02
s>                    ( - -6.530e+03 4 0)
s>                    ( - -4.183e+02 2 0 WDBNDRY_B 0 1.799e+02 2.002e+01))
s>                ( SILENCE -1 -3.805e+03 3.299e+02 4.321e+02
s>                    ( - -2.150e+03 3 0 QUESTION0_14_R 1 1.916e+02 3.100e+02)
s>                    ( - -1.325e+03 4 0 QUESTION0 -1 2.213e+02 1.221e+02)))))INFO: dtree.c(1351): Comp split 0
INFO: dtree.c(1524): Final simple tree
|( QUESTION2_17_L -1 -1.145e+04 9.827e+02 9.481e+02
|    ( - -6.530e+03 4 0)
|    ( SILENCE -1 -3.941e+03 3.352e+02 4.371e+02
|        ( QUESTION0_14_R 1 -2.150e+03 1.916e+02 3.100e+02
|            ( - -1.691e+03 1 0)
|            ( QUESTION0_0_R 1 -2.675e+02 1.264e+02 4.164e+01
|                ( - -2.172e+02 1 0)
|                ( - 7.612e+01 1 0)))
|        ( QUESTION0 -1 -1.456e+03 2.344e+02 1.271e+02
|            ( - -3.285e+02 2 0)
|            ( QUESTION2 -1 -8.930e+02 1.990e+02 6.320e+01
|                ( - 8.112e+01 1 0)
|                ( QUESTION12 -1 -7.751e+02 1.572e+02 5.820e+01
|                    ( - -2.643e+02 1 0)
|                    ( - -3.535e+02 1 0))))))
s>    ( QUESTION2_17_L -1 -1.145e+04 9.827e+02 9.481e+02
s>        ( - -6.530e+03 4 0)
s>        ( SILENCE -1 -3.941e+03 3.352e+02 4.371e+02
s>            ( QUESTION0_14_R 1 -2.150e+03 1.916e+02 3.100e+02
s>                ( - -1.691e+03 1 0)
s>                ( QUESTION0_0_R 1 -2.675e+02 1.264e+02 4.164e+01
s>                    ( - -2.172e+02 1 0)
s>                    ( - 7.612e+01 1 0)))
s>            ( QUESTION0 -1 -1.456e+03 2.344e+02 1.271e+02
s>                ( - -3.285e+02 2 0)
s>                ( QUESTION2 -1 -8.930e+02 1.990e+02 6.320e+01
s>                    ( - 8.112e+01 1 0)
s>                    ( QUESTION12 -1 -7.751e+02 1.572e+02 5.820e+01
s>                        ( - -2.643e+02 1 0)
s>                        ( - -3.535e+02 1 0))))))INFO: dtree.c(1524): Final simple tree
|( QUESTION3 -1 -2.182e+04 1.255e+03 1.015e+03
|    ( QUESTION0_1_R 1 -8.086e+02 2.704e+02 6.886e+01
|        ( - 1.668e+02 1 0)
|        ( QUESTION0_0_R 1 -7.050e+02 1.802e+02 6.686e+01
|            ( - -3.977e+02 1 0)
|            ( - -1.271e+02 1 0)))
|    ( QUESTION2_1_L -1 -1.976e+04 5.701e+02 9.465e+02
|        ( - -1.007e+04 1 0)
|        ( QUESTION0 -1 -9.117e+03 2.211e+02 4.302e+02
|            ( - -1.687e+02 1 0)
|            ( WDBNDRY_B 0 -8.727e+03 2.118e+02 4.052e+02
|                ( QUESTION2 -1 -8.462e+03 1.670e+02 3.962e+02
|                    ( - -1.854e+02 1 0)
|                    ( - -8.110e+03 1 0))
|                ( - -5.303e+01 1 0)))))
s>    ( QUESTION3 -1 -2.182e+04 1.255e+03 1.015e+03
s>        ( QUESTION0_1_R 1 -8.086e+02 2.704e+02 6.886e+01
s>            ( - 1.668e+02 1 0)
s>            ( QUESTION0_0_R 1 -7.050e+02 1.802e+02 6.686e+01
s>                ( - -3.977e+02 1 0)
s>                ( - -1.271e+02 1 0)))
s>        ( QUESTION2_1_L -1 -1.976e+04 5.701e+02 9.465e+02
s>            ( - -1.007e+04 1 0)
s>            ( QUESTION0 -1 -9.117e+03 2.211e+02 4.302e+02
s>                ( - -1.687e+02 1 0)
s>                ( WDBNDRY_B 0 -8.727e+03 2.118e+02 4.052e+02
s>                    ( QUESTION2 -1 -8.462e+03 1.670e+02 3.962e+02
s>                        ( - -1.854e+02 1 0)
s>                        ( - -8.110e+03 1 0))
s>                    ( - -5.303e+01 1 0)))))INFO: dtree.c(1351): Comp split 1
INFO: dtree.c(1483): stop. leaf nodes are specific
INFO: dtree.c(1524): Final simple tree
|( QUESTION0_0_R 1 -7.050e+02 1.802e+02 6.686e+01
|    ( - -3.977e+02 1 0)
|    ( - -1.271e+02 1 0))
s>    ( QUESTION0_0_R 1 -7.050e+02 1.802e+02 6.686e+01
s>        ( - -3.977e+02 1 0)
s>        ( - -1.271e+02 1 0))INFO: dtree.c(1483): stop. leaf nodes are specific
INFO: dtree.c(1524): Final simple tree
|( QUESTION2_1_L -1 -1.982e+04 5.733e+02 9.485e+02
|    ( - -1.007e+04 1 0)
|    ( QUESTION2_0_L -1 -9.170e+03 2.236e+02 4.322e+02
|        ( QUESTION0 -1 -8.496e+03 2.173e+02 4.102e+02
|            ( - -1.687e+02 1 0)
|            ( - -8.110e+03 1 0))
|        ( QUESTION0_0_R 1 -4.504e+02 1.989e+02 2.202e+01
|            ( - 1.668e+02 1 0)
|            ( WDBNDRY_B 0 -4.183e+02 1.799e+02 2.002e+01
|                ( - -1.854e+02 1 0)
|                ( - -5.303e+01 1 0)))))
s>    ( QUESTION2_1_L -1 -1.982e+04 5.733e+02 9.485e+02
s>        ( - -1.007e+04 1 0)
s>        ( QUESTION2_0_L -1 -9.170e+03 2.236e+02 4.322e+02
s>            ( QUESTION0 -1 -8.496e+03 2.173e+02 4.102e+02
s>                ( - -1.687e+02 1 0)
s>                ( - -8.110e+03 1 0))
s>            ( QUESTION0_0_R 1 -4.504e+02 1.989e+02 2.202e+01
s>                ( - 1.668e+02 1 0)
s>                ( WDBNDRY_B 0 -4.183e+02 1.799e+02 2.002e+01
s>                    ( - -1.854e+02 1 0)
s>                    ( - -5.303e+01 1 0)))))INFO: dtree.c(1351): Comp split 2
INFO: dtree.c(1483): stop. leaf nodes are specific
INFO: dtree.c(1524): Final simple tree
|( QUESTION0 -1 -6.638e+03 1.893e+02 5.160e+02
|    ( - -6.530e+03 4 0)
|    ( - 8.112e+01 1 0))
s>    ( QUESTION0 -1 -6.638e+03 1.893e+02 5.160e+02
s>        ( - -6.530e+03 4 0)
s>        ( - 8.112e+01 1 0))INFO: dtree.c(1483): stop. leaf nodes are specific
INFO: dtree.c(1524): Final simple tree
|( SILENCE -1 -3.805e+03 3.299e+02 4.321e+02
|    ( QUESTION0_14_R 1 -2.150e+03 1.916e+02 3.100e+02
|        ( - -1.691e+03 1 0)
|        ( QUESTION0_0_R 1 -2.675e+02 1.264e+02 4.164e+01
|            ( - -2.172e+02 1 0)
|            ( - 7.612e+01 1 0)))
|    ( QUESTION0 -1 -1.325e+03 2.213e+02 1.221e+02
|        ( - -3.285e+02 2 0)
|        ( QUESTION12 -1 -7.751e+02 1.572e+02 5.820e+01
|            ( - -2.643e+02 1 0)
|            ( - -3.535e+02 1 0))))
s>    ( SILENCE -1 -3.805e+03 3.299e+02 4.321e+02
s>        ( QUESTION0_14_R 1 -2.150e+03 1.916e+02 3.100e+02
s>            ( - -1.691e+03 1 0)
s>            ( QUESTION0_0_R 1 -2.675e+02 1.264e+02 4.164e+01
s>                ( - -2.172e+02 1 0)
s>                ( - 7.612e+01 1 0)))
s>        ( QUESTION0 -1 -1.325e+03 2.213e+02 1.221e+02
s>            ( - -3.285e+02 2 0)
s>            ( QUESTION12 -1 -7.751e+02 1.572e+02 5.820e+01
s>                ( - -2.643e+02 1 0)
s>                ( - -3.535e+02 1 0))))INFO: dtree.c(1351): Comp split 3
INFO: dtree.c(1483): stop. leaf nodes are specific
INFO: dtree.c(1524): Final simple tree
|( QUESTION2_0_L -1 -9.170e+03 2.236e+02 4.322e+02
|    ( QUESTION0 -1 -8.496e+03 2.173e+02 4.102e+02
|        ( - -1.687e+02 1 0)
|        ( - -8.110e+03 1 0))
|    ( QUESTION0_0_R 1 -4.504e+02 1.989e+02 2.202e+01
|        ( - 1.668e+02 1 0)
|        ( WDBNDRY_B 0 -4.183e+02 1.799e+02 2.002e+01
|            ( - -1.854e+02 1 0)
|            ( - -5.303e+01 1 0))))
s>    ( QUESTION2_0_L -1 -9.170e+03 2.236e+02 4.322e+02
s>        ( QUESTION0 -1 -8.496e+03 2.173e+02 4.102e+02
s>            ( - -1.687e+02 1 0)
s>            ( - -8.110e+03 1 0))
s>        ( QUESTION0_0_R 1 -4.504e+02 1.989e+02 2.202e+01
s>            ( - 1.668e+02 1 0)
s>            ( WDBNDRY_B 0 -4.183e+02 1.799e+02 2.002e+01
s>                ( - -1.854e+02 1 0)
s>                ( - -5.303e+01 1 0))))INFO: dtree.c(1351): Comp split 4
INFO: dtree.c(1483): stop. leaf nodes are specific
INFO: dtree.c(1524): Final simple tree
|( QUESTION0 -1 -1.757e+03 2.141e+02 1.638e+02
|    ( - -3.285e+02 2 0)
|    ( QUESTION12 -1 -1.214e+03 1.765e+02 9.984e+01
|        ( - -2.643e+02 1 0)
|        ( QUESTION0_0_R 1 -7.730e+02 1.521e+02 7.285e+01
|            ( - -2.172e+02 1 0)
|            ( SILENCE -1 -4.037e+02 1.263e+02 4.120e+01
|                ( - 7.612e+01 1 0)
|                ( - -3.535e+02 1 0)))))
s>    ( QUESTION0 -1 -1.757e+03 2.141e+02 1.638e+02
s>        ( - -3.285e+02 2 0)
s>        ( QUESTION12 -1 -1.214e+03 1.765e+02 9.984e+01
s>            ( - -2.643e+02 1 0)
s>            ( QUESTION0_0_R 1 -7.730e+02 1.521e+02 7.285e+01
s>                ( - -2.172e+02 1 0)
s>                ( SILENCE -1 -4.037e+02 1.263e+02 4.120e+01
s>                    ( - 7.612e+01 1 0)
s>                    ( - -3.535e+02 1 0)))))INFO: dtree.c(1351): Comp split 5
INFO: dtree.c(1483): stop. leaf nodes are specific
INFO: dtree.c(1524): Final simple tree
|( QUESTION0_0_R 1 -4.504e+02 1.989e+02 2.202e+01
|    ( - 1.668e+02 1 0)
|    ( WDBNDRY_B 0 -4.183e+02 1.799e+02 2.002e+01
|        ( - -1.854e+02 1 0)
|        ( - -5.303e+01 1 0)))
s>    ( QUESTION0_0_R 1 -4.504e+02 1.989e+02 2.202e+01
s>        ( - 1.668e+02 1 0)
s>        ( WDBNDRY_B 0 -4.183e+02 1.799e+02 2.002e+01
s>            ( - -1.854e+02 1 0)
s>            ( - -5.303e+01 1 0)))INFO: dtree.c(1483): stop. leaf nodes are specific
INFO: dtree.c(1524): Final simple tree
|( QUESTION0 -1 -8.496e+03 2.173e+02 4.102e+02
|    ( - -1.687e+02 1 0)
|    ( - -8.110e+03 1 0))
s>    ( QUESTION0 -1 -8.496e+03 2.173e+02 4.102e+02
s>        ( - -1.687e+02 1 0)
s>        ( - -8.110e+03 1 0))INFO: dtree.c(1351): Comp split 6
INFO: dtree.c(1483): stop. leaf nodes are specific
INFO: dtree.c(1524): Final simple tree
|( SILENCE -1 -3.778e+02 1.254e+02 7.392e+01
|    ( - 7.612e+01 1 0)
|    ( - -3.285e+02 2 0))
s>    ( SILENCE -1 -3.778e+02 1.254e+02 7.392e+01
s>        ( - 7.612e+01 1 0)
s>        ( - -3.285e+02 2 0))INFO: dtree.c(1483): stop. leaf nodes are specific
INFO: dtree.c(1524): Final simple tree
|( QUESTION12 -1 -1.160e+03 1.728e+02 8.984e+01
|    ( - -2.643e+02 1 0)
|    ( SILENCE -1 -7.224e+02 1.517e+02 6.285e+01
|        ( - -2.172e+02 1 0)
|        ( - -3.535e+02 1 0)))
s>    ( QUESTION12 -1 -1.160e+03 1.728e+02 8.984e+01
s>        ( - -2.643e+02 1 0)
s>        ( SILENCE -1 -7.224e+02 1.517e+02 6.285e+01
s>            ( - -2.172e+02 1 0)
s>            ( - -3.535e+02 1 0)))INFO: dtree.c(1351): Comp split 7
INFO: dtree.c(1351): Comp split 8
INFO: dtree.c(1483): stop. leaf nodes are specific
INFO: dtree.c(1524): Final simple tree
|( WDBNDRY_B 0 -4.183e+02 1.799e+02 2.002e+01
|    ( - -1.854e+02 1 0)
|    ( - -5.303e+01 1 0))
s>    ( WDBNDRY_B 0 -4.183e+02 1.799e+02 2.002e+01
s>        ( - -1.854e+02 1 0)
s>        ( - -5.303e+01 1 0))INFO: dtree.c(1351): Comp split 9
INFO: dtree.c(1351): Comp split 10
INFO: dtree.c(1351): Comp split 11
INFO: dtree.c(1351): Comp split 12
INFO: dtree.c(1483): stop. leaf nodes are specific
INFO: dtree.c(1524): Final simple tree
|( SILENCE -1 -7.224e+02 1.517e+02 6.285e+01
|    ( - -2.172e+02 1 0)
|    ( - -3.535e+02 1 0))
s>    ( SILENCE -1 -7.224e+02 1.517e+02 6.285e+01
s>        ( - -2.172e+02 1 0)
s>        ( - -3.535e+02 1 0))INFO: dtree.c(1351): Comp split 13
INFO: dtree.c(1351): Comp split 14
INFO: dtree.c(1351): Comp split 15
INFO: dtree.c(1354): stop. leaf nodes are specific
Tue May 31 10:45:32 2011
