INFO: cmd_ln.c(691): Parsing command line:
/home/xkrajnan/Plocha/GSoC/PocketSphinx/an4/bin/bldtree \
	-treefn /home/xkrajnan/Plocha/GSoC/PocketSphinx/an4/trees/an4.unpruned/L-1.dtree \
	-moddeffn /home/xkrajnan/Plocha/GSoC/PocketSphinx/an4/model_architecture/an4.untied.mdef \
	-mixwfn /home/xkrajnan/Plocha/GSoC/PocketSphinx/an4/model_parameters/an4.cd_cont_untied/mixture_weights \
	-ts2cbfn .cont. \
	-mwfloor 1e-08 \
	-psetfn /home/xkrajnan/Plocha/GSoC/PocketSphinx/an4/model_architecture/an4.tree_questions \
	-phone L \
	-state 1 \
	-stwt 1.0,0.05,0.0 \
	-meanfn /home/xkrajnan/Plocha/GSoC/PocketSphinx/an4/model_parameters/an4.cd_cont_untied/means \
	-varfn /home/xkrajnan/Plocha/GSoC/PocketSphinx/an4/model_parameters/an4.cd_cont_untied/variances \
	-fullvar no \
	-ssplitmin 1 \
	-ssplitmax 7 \
	-ssplitthr 0 \
	-csplitmin 1 \
	-csplitmax 2000 \
	-csplitthr 0 

Current configuration:
[NAME]		[DEFLT]	[VALUE]
-allphones	no	no
-cntthresh	0.00001	1.000000e-05
-csplitmax	100	2000
-csplitmin	1	1
-csplitthr	8e-4	0.000000e+00
-example	no	no
-fullvar	no	no
-help		no	no
-meanfn			/home/xkrajnan/Plocha/GSoC/PocketSphinx/an4/model_parameters/an4.cd_cont_untied/means
-mixwfn			/home/xkrajnan/Plocha/GSoC/PocketSphinx/an4/model_parameters/an4.cd_cont_untied/mixture_weights
-moddeffn		/home/xkrajnan/Plocha/GSoC/PocketSphinx/an4/model_architecture/an4.untied.mdef
-mwfloor	1e-4	1.000000e-08
-phone			L
-psetfn			/home/xkrajnan/Plocha/GSoC/PocketSphinx/an4/model_architecture/an4.tree_questions
-ssplitmax	5	7
-ssplitmin	1	1
-ssplitthr	8e-4	0.000000e+00
-state			1
-stwt			1.0,0.05,0.0,
-treefn			/home/xkrajnan/Plocha/GSoC/PocketSphinx/an4/trees/an4.unpruned/L-1.dtree
-ts2cbfn	.semi.	.cont.
-varfloor	0.00001	1.000000e-05
-varfn			/home/xkrajnan/Plocha/GSoC/PocketSphinx/an4/model_parameters/an4.cd_cont_untied/variances

INFO: main.c(228): Reading: /home/xkrajnan/Plocha/GSoC/PocketSphinx/an4/model_architecture/an4.untied.mdef
INFO: model_def_io.c(587): Model definition info:
INFO: model_def_io.c(588): 1618 total models defined (34 base, 1584 tri)
INFO: model_def_io.c(589): 6472 total states
INFO: model_def_io.c(590): 4854 total tied states
INFO: model_def_io.c(591): 102 total tied CI states
INFO: model_def_io.c(592): 34 total tied transition matrices
INFO: model_def_io.c(593): 4 max state/model
INFO: model_def_io.c(594): 4 min state/model
INFO: main.c(247): Building trees for [L AH AY i] through [L IH EH i]
INFO: main.c(275): Covering states |[2826 2903]| == 78
INFO: main.c(282): Reading: /home/xkrajnan/Plocha/GSoC/PocketSphinx/an4/model_parameters/an4.cd_cont_untied/mixture_weights
INFO: s3mixw_io.c(172): Read /home/xkrajnan/Plocha/GSoC/PocketSphinx/an4/model_parameters/an4.cd_cont_untied/mixture_weights [78x1x1 array]
INFO: main.c(320): 26 of 26 models have observation count greater than 0.000010
INFO: main.c(94): nrm stwt: 0.045 0.909 0.045 
INFO: s3gau_io.c(166): Read /home/xkrajnan/Plocha/GSoC/PocketSphinx/an4/model_parameters/an4.cd_cont_untied/means [4854x1x1 array]
INFO: s3gau_io.c(166): Read /home/xkrajnan/Plocha/GSoC/PocketSphinx/an4/model_parameters/an4.cd_cont_untied/variances [4854x1x1 array]
INFO: main.c(576): Reading: /home/xkrajnan/Plocha/GSoC/PocketSphinx/an4/model_architecture/an4.tree_questions
INFO: main.c(619): 180 total simple questions (172 phone; 8 word bndry)
INFO: main.c(621): 42 Left Only questions, and 42 Right Only questions
INFO: dtree.c(1524): Final simple tree
|( QUESTION12 -1 4.248e+03 5.361e+03 1.514e+03
|    ( - -1.028e+03 3 0 QUESTION0_13_R 1 2.964e+02 1.770e+02)
|    ( WDBNDRY_E 0 1.064e+04 7.498e+02 1.337e+03
|        ( QUESTION0_13_R 1 9.910e+03 3.869e+02 1.148e+03
|            ( - 3.262e+03 8 0 QUESTION14 1 3.180e+02 4.949e+02)
|            ( QUESTION0_17_R 1 7.035e+03 3.866e+02 6.527e+02
|                ( - 4.922e+02 1 0)
|                ( QUESTION8 1 6.929e+03 3.402e+02 6.347e+02
|                    ( - 1.057e+03 1 0)
|                    ( QUESTION0_7_R 1 6.212e+03 3.366e+02 5.977e+02
|                        ( - 2.537e+03 1 0)
|                        ( - 4.012e+03 8 0 QUESTION0_1_R 1 2.864e+02 3.970e+02)))))
|        ( QUESTION0_0_R 1 1.477e+03 5.800e+02 1.895e+02
|            ( - 4.056e+02 3 0 QUESTION0_7_R 1 2.754e+02 9.926e+01)
|            ( - 1.652e+03 1 0))))
s>    ( QUESTION12 -1 4.248e+03 5.361e+03 1.514e+03
s>        ( - -1.028e+03 3 0 QUESTION0_13_R 1 2.964e+02 1.770e+02)
s>        ( WDBNDRY_E 0 1.064e+04 7.498e+02 1.337e+03
s>            ( QUESTION0_13_R 1 9.910e+03 3.869e+02 1.148e+03
s>                ( - 3.262e+03 8 0 QUESTION14 1 3.180e+02 4.949e+02)
s>                ( QUESTION0_17_R 1 7.035e+03 3.866e+02 6.527e+02
s>                    ( - 4.922e+02 1 0)
s>                    ( QUESTION8 1 6.929e+03 3.402e+02 6.347e+02
s>                        ( - 1.057e+03 1 0)
s>                        ( QUESTION0_7_R 1 6.212e+03 3.366e+02 5.977e+02
s>                            ( - 2.537e+03 1 0)
s>                            ( - 4.012e+03 8 0 QUESTION0_1_R 1 2.864e+02 3.970e+02)))))
s>            ( QUESTION0_0_R 1 1.477e+03 5.800e+02 1.895e+02
s>                ( - 4.056e+02 3 0 QUESTION0_7_R 1 2.754e+02 9.926e+01)
s>                ( - 1.652e+03 1 0))))INFO: dtree.c(1351): Comp split 0
INFO: dtree.c(1483): stop. leaf nodes are specific
INFO: dtree.c(1524): Final simple tree
|( QUESTION0_13_R 1 -1.028e+03 2.964e+02 1.770e+02
|    ( - -8.982e+02 1 0)
|    ( WDBNDRY_E 0 1.664e+02 2.610e+02 9.987e+00
|        ( - 2.440e+02 1 0)
|        ( - 1.834e+02 1 0)))
s>    ( QUESTION0_13_R 1 -1.028e+03 2.964e+02 1.770e+02
s>        ( - -8.982e+02 1 0)
s>        ( WDBNDRY_E 0 1.664e+02 2.610e+02 9.987e+00
s>            ( - 2.440e+02 1 0)
s>            ( - 1.834e+02 1 0)))INFO: dtree.c(1524): Final simple tree
|( WDBNDRY_E 0 1.064e+04 7.498e+02 1.337e+03
|    ( QUESTION0_13_R 1 9.910e+03 3.869e+02 1.148e+03
|        ( QUESTION14 1 3.262e+03 3.180e+02 4.949e+02
|            ( - 1.171e+03 2 0)
|            ( - 2.410e+03 6 0 QUESTION4 1 2.180e+02 4.050e+02))
|        ( QUESTION0_17_R 1 7.035e+03 3.866e+02 6.527e+02
|            ( - 4.922e+02 1 0)
|            ( QUESTION8 1 6.929e+03 3.402e+02 6.347e+02
|                ( - 1.057e+03 1 0)
|                ( QUESTION0_7_R 1 6.212e+03 3.366e+02 5.977e+02
|                    ( - 2.537e+03 1 0)
|                    ( - 4.012e+03 8 0 QUESTION0_1_R 1 2.864e+02 3.970e+02)))))
|    ( QUESTION0_0_R 1 1.477e+03 5.800e+02 1.895e+02
|        ( - 4.056e+02 3 0 QUESTION0_7_R 1 2.754e+02 9.926e+01)
|        ( - 1.652e+03 1 0)))
s>    ( WDBNDRY_E 0 1.064e+04 7.498e+02 1.337e+03
s>        ( QUESTION0_13_R 1 9.910e+03 3.869e+02 1.148e+03
s>            ( QUESTION14 1 3.262e+03 3.180e+02 4.949e+02
s>                ( - 1.171e+03 2 0)
s>                ( - 2.410e+03 6 0 QUESTION4 1 2.180e+02 4.050e+02))
s>            ( QUESTION0_17_R 1 7.035e+03 3.866e+02 6.527e+02
s>                ( - 4.922e+02 1 0)
s>                ( QUESTION8 1 6.929e+03 3.402e+02 6.347e+02
s>                    ( - 1.057e+03 1 0)
s>                    ( QUESTION0_7_R 1 6.212e+03 3.366e+02 5.977e+02
s>                        ( - 2.537e+03 1 0)
s>                        ( - 4.012e+03 8 0 QUESTION0_1_R 1 2.864e+02 3.970e+02)))))
s>        ( QUESTION0_0_R 1 1.477e+03 5.800e+02 1.895e+02
s>            ( - 4.056e+02 3 0 QUESTION0_7_R 1 2.754e+02 9.926e+01)
s>            ( - 1.652e+03 1 0)))INFO: dtree.c(1351): Comp split 1
INFO: dtree.c(1524): Final simple tree
|( QUESTION0_13_R 1 9.910e+03 3.869e+02 1.148e+03
|    ( QUESTION14 1 3.262e+03 3.180e+02 4.949e+02
|        ( - 1.171e+03 2 0)
|        ( - 2.410e+03 6 0 QUESTION4 1 2.180e+02 4.050e+02))
|    ( QUESTION0_17_R 1 7.035e+03 3.866e+02 6.527e+02
|        ( - 4.922e+02 1 0)
|        ( QUESTION8 1 6.929e+03 3.402e+02 6.347e+02
|            ( - 1.057e+03 1 0)
|            ( QUESTION0_7_R 1 6.212e+03 3.366e+02 5.977e+02
|                ( - 2.537e+03 1 0)
|                ( QUESTION0_1_R 1 4.012e+03 2.864e+02 3.970e+02
|                    ( - 6.395e+02 1 0)
|                    ( QUESTION0_3_R 1 3.659e+03 2.462e+02 3.700e+02
|                        ( - 1.886e+02 1 0)
|                        ( - 3.716e+03 6 0 SILENCE 1 2.332e+02 3.502e+02)))))))
s>    ( QUESTION0_13_R 1 9.910e+03 3.869e+02 1.148e+03
s>        ( QUESTION14 1 3.262e+03 3.180e+02 4.949e+02
s>            ( - 1.171e+03 2 0)
s>            ( - 2.410e+03 6 0 QUESTION4 1 2.180e+02 4.050e+02))
s>        ( QUESTION0_17_R 1 7.035e+03 3.866e+02 6.527e+02
s>            ( - 4.922e+02 1 0)
s>            ( QUESTION8 1 6.929e+03 3.402e+02 6.347e+02
s>                ( - 1.057e+03 1 0)
s>                ( QUESTION0_7_R 1 6.212e+03 3.366e+02 5.977e+02
s>                    ( - 2.537e+03 1 0)
s>                    ( QUESTION0_1_R 1 4.012e+03 2.864e+02 3.970e+02
s>                        ( - 6.395e+02 1 0)
s>                        ( QUESTION0_3_R 1 3.659e+03 2.462e+02 3.700e+02
s>                            ( - 1.886e+02 1 0)
s>                            ( - 3.716e+03 6 0 SILENCE 1 2.332e+02 3.502e+02)))))))INFO: dtree.c(1483): stop. leaf nodes are specific
INFO: dtree.c(1524): Final simple tree
|( QUESTION0_0_R 1 1.477e+03 5.800e+02 1.895e+02
|    ( QUESTION0_7_R 1 4.056e+02 2.754e+02 9.926e+01
|        ( - 1.361e+02 1 0)
|        ( QUESTION0_5_R 1 5.449e+02 2.383e+02 8.131e+01
|            ( - 2.908e+02 1 0)
|            ( - 4.924e+02 1 0)))
|    ( - 1.652e+03 1 0))
s>    ( QUESTION0_0_R 1 1.477e+03 5.800e+02 1.895e+02
s>        ( QUESTION0_7_R 1 4.056e+02 2.754e+02 9.926e+01
s>            ( - 1.361e+02 1 0)
s>            ( QUESTION0_5_R 1 5.449e+02 2.383e+02 8.131e+01
s>                ( - 2.908e+02 1 0)
s>                ( - 4.924e+02 1 0)))
s>        ( - 1.652e+03 1 0))INFO: dtree.c(1351): Comp split 2
INFO: dtree.c(1483): stop. leaf nodes are specific
INFO: dtree.c(1524): Final simple tree
|( QUESTION0_0_R 1 1.720e+03 2.219e+02 1.042e+02
|    ( - 2.908e+02 1 0)
|    ( - 1.652e+03 1 0))
s>    ( QUESTION0_0_R 1 1.720e+03 2.219e+02 1.042e+02
s>        ( - 2.908e+02 1 0)
s>        ( - 1.652e+03 1 0))INFO: dtree.c(1483): stop. leaf nodes are specific
INFO: dtree.c(1524): Final simple tree
|( QUESTION0_5_R 1 3.442e+02 2.842e+02 8.526e+01
|    ( - 1.361e+02 1 0)
|    ( - 4.924e+02 1 0))
s>    ( QUESTION0_5_R 1 3.442e+02 2.842e+02 8.526e+01
s>        ( - 1.361e+02 1 0)
s>        ( - 4.924e+02 1 0))INFO: dtree.c(1351): Comp split 3
INFO: dtree.c(1483): stop. leaf nodes are specific
INFO: dtree.c(1524): Final simple tree
|( QUESTION4 1 2.394e+03 2.208e+02 4.247e+02
|    ( - 3.290e+02 1 0)
|    ( QUESTION12 1 2.286e+03 2.091e+02 4.027e+02
|        ( - 7.218e+02 1 0)
|        ( QUESTION0_0_R 1 1.773e+03 2.043e+02 2.897e+02
|            ( - 1.886e+02 1 0)
|            ( QUESTION0 1 1.789e+03 1.813e+02 2.700e+02
|                ( - 1.621e+03 3 0)
|                ( - 3.489e+02 1 0)))))
s>    ( QUESTION4 1 2.394e+03 2.208e+02 4.247e+02
s>        ( - 3.290e+02 1 0)
s>        ( QUESTION12 1 2.286e+03 2.091e+02 4.027e+02
s>            ( - 7.218e+02 1 0)
s>            ( QUESTION0_0_R 1 1.773e+03 2.043e+02 2.897e+02
s>                ( - 1.886e+02 1 0)
s>                ( QUESTION0 1 1.789e+03 1.813e+02 2.700e+02
s>                    ( - 1.621e+03 3 0)
s>                    ( - 3.489e+02 1 0)))))INFO: dtree.c(1524): Final simple tree
|( QUESTION0_17_R 1 8.010e+03 3.796e+02 7.228e+02
|    ( - 4.922e+02 1 0)
|    ( QUESTION0_7_R 1 7.898e+03 3.652e+02 7.048e+02
|        ( - 2.537e+03 1 0)
|        ( QUESTION8 1 5.726e+03 3.398e+02 5.041e+02
|            ( - 1.057e+03 1 0)
|            ( QUESTION0_1_R 1 5.008e+03 2.962e+02 4.671e+02
|                ( - 6.395e+02 1 0)
|                ( SILENCE 1 4.665e+03 2.579e+02 4.401e+02
|                    ( - 9.176e+02 1 0)
|                    ( QUESTION0_5_R 1 4.005e+03 2.327e+02 3.423e+02
|                        ( QUESTION0 1 7.115e+02 2.425e+02 2.995e+01
|                            ( - 4.088e+02 1 0)
|                            ( - 5.451e+02 1 0))
|                        ( - 3.526e+03 5 0 QUESTION0_14_R 1 1.879e+02 3.124e+02)))))))
s>    ( QUESTION0_17_R 1 8.010e+03 3.796e+02 7.228e+02
s>        ( - 4.922e+02 1 0)
s>        ( QUESTION0_7_R 1 7.898e+03 3.652e+02 7.048e+02
s>            ( - 2.537e+03 1 0)
s>            ( QUESTION8 1 5.726e+03 3.398e+02 5.041e+02
s>                ( - 1.057e+03 1 0)
s>                ( QUESTION0_1_R 1 5.008e+03 2.962e+02 4.671e+02
s>                    ( - 6.395e+02 1 0)
s>                    ( SILENCE 1 4.665e+03 2.579e+02 4.401e+02
s>                        ( - 9.176e+02 1 0)
s>                        ( QUESTION0_5_R 1 4.005e+03 2.327e+02 3.423e+02
s>                            ( QUESTION0 1 7.115e+02 2.425e+02 2.995e+01
s>                                ( - 4.088e+02 1 0)
s>                                ( - 5.451e+02 1 0))
s>                            ( - 3.526e+03 5 0 QUESTION0_14_R 1 1.879e+02 3.124e+02)))))))INFO: dtree.c(1351): Comp split 4
INFO: dtree.c(1483): stop. leaf nodes are specific
INFO: dtree.c(1524): Final simple tree
|( QUESTION0_0_R 1 2.857e+03 3.470e+02 2.268e+02
|    ( QUESTION0_6_R 1 2.712e+03 2.341e+02 2.088e+02
|        ( - 4.088e+02 1 0)
|        ( - 2.537e+03 1 0))
|    ( - 4.922e+02 1 0))
s>    ( QUESTION0_0_R 1 2.857e+03 3.470e+02 2.268e+02
s>        ( QUESTION0_6_R 1 2.712e+03 2.341e+02 2.088e+02
s>            ( - 4.088e+02 1 0)
s>            ( - 2.537e+03 1 0))
s>        ( - 4.922e+02 1 0))INFO: dtree.c(1483): stop. leaf nodes are specific
INFO: dtree.c(1524): Final simple tree
|( QUESTION8 1 5.569e+03 3.429e+02 4.961e+02
|    ( - 1.057e+03 1 0)
|    ( QUESTION0_1_R 1 4.855e+03 2.946e+02 4.591e+02
|        ( - 6.395e+02 1 0)
|        ( SILENCE 1 4.510e+03 2.608e+02 4.321e+02
|            ( - 9.176e+02 1 0)
|            ( QUESTION0_5_R 1 3.853e+03 2.181e+02 3.343e+02
|                ( - 5.451e+02 1 0)
|                ( QUESTION0_14_R 1 3.526e+03 1.879e+02 3.124e+02
|                    ( - 1.853e+03 2 0)
|                    ( QUESTION0_0_R 1 1.861e+03 1.650e+02 1.641e+02
|                        ( - 8.555e+02 1 0)
|                        ( - 1.171e+03 2 0)))))))
s>    ( QUESTION8 1 5.569e+03 3.429e+02 4.961e+02
s>        ( - 1.057e+03 1 0)
s>        ( QUESTION0_1_R 1 4.855e+03 2.946e+02 4.591e+02
s>            ( - 6.395e+02 1 0)
s>            ( SILENCE 1 4.510e+03 2.608e+02 4.321e+02
s>                ( - 9.176e+02 1 0)
s>                ( QUESTION0_5_R 1 3.853e+03 2.181e+02 3.343e+02
s>                    ( - 5.451e+02 1 0)
s>                    ( QUESTION0_14_R 1 3.526e+03 1.879e+02 3.124e+02
s>                        ( - 1.853e+03 2 0)
s>                        ( QUESTION0_0_R 1 1.861e+03 1.650e+02 1.641e+02
s>                            ( - 8.555e+02 1 0)
s>                            ( - 1.171e+03 2 0)))))))INFO: dtree.c(1351): Comp split 5
INFO: dtree.c(1483): stop. leaf nodes are specific
INFO: dtree.c(1524): Final simple tree
|( SILENCE 1 4.177e+03 2.666e+02 4.101e+02
|    ( - 9.176e+02 1 0)
|    ( QUESTION0_14_R 1 3.526e+03 1.879e+02 3.124e+02
|        ( - 1.853e+03 2 0)
|        ( QUESTION0_0_R 1 1.861e+03 1.650e+02 1.641e+02
|            ( - 8.555e+02 1 0)
|            ( - 1.171e+03 2 0))))
s>    ( SILENCE 1 4.177e+03 2.666e+02 4.101e+02
s>        ( - 9.176e+02 1 0)
s>        ( QUESTION0_14_R 1 3.526e+03 1.879e+02 3.124e+02
s>            ( - 1.853e+03 2 0)
s>            ( QUESTION0_0_R 1 1.861e+03 1.650e+02 1.641e+02
s>                ( - 8.555e+02 1 0)
s>                ( - 1.171e+03 2 0))))INFO: dtree.c(1483): stop. leaf nodes are specific
INFO: dtree.c(1524): Final simple tree
|( QUESTION0_1_R 1 1.787e+03 2.601e+02 8.591e+01
|    ( - 6.395e+02 1 0)
|    ( QUESTION0_5_R 1 1.407e+03 1.948e+02 5.891e+01
|        ( - 5.451e+02 1 0)
|        ( - 1.057e+03 1 0)))
s>    ( QUESTION0_1_R 1 1.787e+03 2.601e+02 8.591e+01
s>        ( - 6.395e+02 1 0)
s>        ( QUESTION0_5_R 1 1.407e+03 1.948e+02 5.891e+01
s>            ( - 5.451e+02 1 0)
s>            ( - 1.057e+03 1 0)))INFO: dtree.c(1351): Comp split 6
INFO: dtree.c(1483): stop. leaf nodes are specific
INFO: dtree.c(1524): Final simple tree
|( QUESTION0_6_R 1 2.712e+03 2.341e+02 2.088e+02
|    ( - 4.088e+02 1 0)
|    ( - 2.537e+03 1 0))
s>    ( QUESTION0_6_R 1 2.712e+03 2.341e+02 2.088e+02
s>        ( - 4.088e+02 1 0)
s>        ( - 2.537e+03 1 0))INFO: dtree.c(1351): Comp split 7
INFO: dtree.c(1483): stop. leaf nodes are specific
INFO: dtree.c(1524): Final simple tree
|( WDBNDRY_E 0 1.664e+02 2.610e+02 9.987e+00
|    ( - 2.440e+02 1 0)
|    ( - 1.834e+02 1 0))
s>    ( WDBNDRY_E 0 1.664e+02 2.610e+02 9.987e+00
s>        ( - 2.440e+02 1 0)
s>        ( - 1.834e+02 1 0))INFO: dtree.c(1351): Comp split 8
INFO: dtree.c(1351): Comp split 9
INFO: dtree.c(1483): stop. leaf nodes are specific
INFO: dtree.c(1524): Final simple tree
|( QUESTION0_14_R 1 3.526e+03 1.879e+02 3.124e+02
|    ( - 1.853e+03 2 0)
|    ( QUESTION0_0_R 1 1.861e+03 1.650e+02 1.641e+02
|        ( - 8.555e+02 1 0)
|        ( - 1.171e+03 2 0)))
s>    ( QUESTION0_14_R 1 3.526e+03 1.879e+02 3.124e+02
s>        ( - 1.853e+03 2 0)
s>        ( QUESTION0_0_R 1 1.861e+03 1.650e+02 1.641e+02
s>            ( - 8.555e+02 1 0)
s>            ( - 1.171e+03 2 0)))INFO: dtree.c(1351): Comp split 10
INFO: dtree.c(1351): Comp split 11
INFO: dtree.c(1483): stop. leaf nodes are specific
INFO: dtree.c(1524): Final simple tree
|( QUESTION0_5_R 1 1.407e+03 1.948e+02 5.891e+01
|    ( - 5.451e+02 1 0)
|    ( - 1.057e+03 1 0))
s>    ( QUESTION0_5_R 1 1.407e+03 1.948e+02 5.891e+01
s>        ( - 5.451e+02 1 0)
s>        ( - 1.057e+03 1 0))INFO: dtree.c(1351): Comp split 12
INFO: dtree.c(1351): Comp split 13
INFO: dtree.c(1351): Comp split 14
INFO: dtree.c(1483): stop. leaf nodes are specific
INFO: dtree.c(1524): Final simple tree
|( QUESTION0_0_R 1 1.773e+03 2.043e+02 2.897e+02
|    ( - 1.886e+02 1 0)
|    ( QUESTION0 1 1.789e+03 1.813e+02 2.700e+02
|        ( - 1.621e+03 3 0)
|        ( - 3.489e+02 1 0)))
s>    ( QUESTION0_0_R 1 1.773e+03 2.043e+02 2.897e+02
s>        ( - 1.886e+02 1 0)
s>        ( QUESTION0 1 1.789e+03 1.813e+02 2.700e+02
s>            ( - 1.621e+03 3 0)
s>            ( - 3.489e+02 1 0)))INFO: dtree.c(1483): stop. leaf nodes are specific
INFO: dtree.c(1524): Final simple tree
|( QUESTION2 1 8.426e+02 2.082e+02 1.351e+02
|    ( - 3.290e+02 1 0)
|    ( - 7.218e+02 1 0))
s>    ( QUESTION2 1 8.426e+02 2.082e+02 1.351e+02
s>        ( - 3.290e+02 1 0)
s>        ( - 7.218e+02 1 0))INFO: dtree.c(1351): Comp split 15
INFO: dtree.c(1351): Comp split 16
INFO: dtree.c(1483): stop. leaf nodes are specific
INFO: dtree.c(1524): Final simple tree
|( QUESTION0 1 1.789e+03 1.813e+02 2.700e+02
|    ( - 1.621e+03 3 0)
|    ( - 3.489e+02 1 0))
s>    ( QUESTION0 1 1.789e+03 1.813e+02 2.700e+02
s>        ( - 1.621e+03 3 0)
s>        ( - 3.489e+02 1 0))INFO: dtree.c(1351): Comp split 17
INFO: dtree.c(1351): Comp split 18
INFO: dtree.c(1483): stop. leaf nodes are specific
INFO: dtree.c(1524): Final simple tree
|( QUESTION0_0_R 1 1.861e+03 1.650e+02 1.641e+02
|    ( - 8.555e+02 1 0)
|    ( - 1.171e+03 2 0))
s>    ( QUESTION0_0_R 1 1.861e+03 1.650e+02 1.641e+02
s>        ( - 8.555e+02 1 0)
s>        ( - 1.171e+03 2 0))INFO: dtree.c(1351): Comp split 19
INFO: dtree.c(1351): Comp split 20
INFO: dtree.c(1351): Comp split 21
INFO: dtree.c(1354): stop. leaf nodes are specific
Tue May 31 10:45:53 2011
