INFO: cmd_ln.c(691): Parsing command line:
/home/xkrajnan/Plocha/GSoC/PocketSphinx/an4/bin/bldtree \
	-treefn /home/xkrajnan/Plocha/GSoC/PocketSphinx/an4/trees/an4.unpruned/R-1.dtree \
	-moddeffn /home/xkrajnan/Plocha/GSoC/PocketSphinx/an4/model_architecture/an4.untied.mdef \
	-mixwfn /home/xkrajnan/Plocha/GSoC/PocketSphinx/an4/model_parameters/an4.cd_cont_untied/mixture_weights \
	-ts2cbfn .cont. \
	-mwfloor 1e-08 \
	-psetfn /home/xkrajnan/Plocha/GSoC/PocketSphinx/an4/model_architecture/an4.tree_questions \
	-phone R \
	-state 1 \
	-stwt 1.0,0.05,0.0 \
	-meanfn /home/xkrajnan/Plocha/GSoC/PocketSphinx/an4/model_parameters/an4.cd_cont_untied/means \
	-varfn /home/xkrajnan/Plocha/GSoC/PocketSphinx/an4/model_parameters/an4.cd_cont_untied/variances \
	-fullvar no \
	-ssplitmin 1 \
	-ssplitmax 7 \
	-ssplitthr 0 \
	-csplitmin 1 \
	-csplitmax 2000 \
	-csplitthr 0 

Current configuration:
[NAME]		[DEFLT]	[VALUE]
-allphones	no	no
-cntthresh	0.00001	1.000000e-05
-csplitmax	100	2000
-csplitmin	1	1
-csplitthr	8e-4	0.000000e+00
-example	no	no
-fullvar	no	no
-help		no	no
-meanfn			/home/xkrajnan/Plocha/GSoC/PocketSphinx/an4/model_parameters/an4.cd_cont_untied/means
-mixwfn			/home/xkrajnan/Plocha/GSoC/PocketSphinx/an4/model_parameters/an4.cd_cont_untied/mixture_weights
-moddeffn		/home/xkrajnan/Plocha/GSoC/PocketSphinx/an4/model_architecture/an4.untied.mdef
-mwfloor	1e-4	1.000000e-08
-phone			R
-psetfn			/home/xkrajnan/Plocha/GSoC/PocketSphinx/an4/model_architecture/an4.tree_questions
-ssplitmax	5	7
-ssplitmin	1	1
-ssplitthr	8e-4	0.000000e+00
-state			1
-stwt			1.0,0.05,0.0,
-treefn			/home/xkrajnan/Plocha/GSoC/PocketSphinx/an4/trees/an4.unpruned/R-1.dtree
-ts2cbfn	.semi.	.cont.
-varfloor	0.00001	1.000000e-05
-varfn			/home/xkrajnan/Plocha/GSoC/PocketSphinx/an4/model_parameters/an4.cd_cont_untied/variances

INFO: main.c(228): Reading: /home/xkrajnan/Plocha/GSoC/PocketSphinx/an4/model_architecture/an4.untied.mdef
INFO: model_def_io.c(587): Model definition info:
INFO: model_def_io.c(588): 1618 total models defined (34 base, 1584 tri)
INFO: model_def_io.c(589): 6472 total states
INFO: model_def_io.c(590): 4854 total tied states
INFO: model_def_io.c(591): 102 total tied CI states
INFO: model_def_io.c(592): 34 total tied transition matrices
INFO: model_def_io.c(593): 4 max state/model
INFO: model_def_io.c(594): 4 min state/model
INFO: main.c(247): Building trees for [R AA AA e] through [R TH IY i]
INFO: main.c(275): Covering states |[3630 3758]| == 129
INFO: main.c(282): Reading: /home/xkrajnan/Plocha/GSoC/PocketSphinx/an4/model_parameters/an4.cd_cont_untied/mixture_weights
INFO: s3mixw_io.c(172): Read /home/xkrajnan/Plocha/GSoC/PocketSphinx/an4/model_parameters/an4.cd_cont_untied/mixture_weights [129x1x1 array]
INFO: main.c(320): 43 of 43 models have observation count greater than 0.000010
INFO: main.c(94): nrm stwt: 0.045 0.909 0.045 
INFO: s3gau_io.c(166): Read /home/xkrajnan/Plocha/GSoC/PocketSphinx/an4/model_parameters/an4.cd_cont_untied/means [4854x1x1 array]
INFO: s3gau_io.c(166): Read /home/xkrajnan/Plocha/GSoC/PocketSphinx/an4/model_parameters/an4.cd_cont_untied/variances [4854x1x1 array]
INFO: main.c(576): Reading: /home/xkrajnan/Plocha/GSoC/PocketSphinx/an4/model_architecture/an4.tree_questions
INFO: main.c(619): 180 total simple questions (172 phone; 8 word bndry)
INFO: main.c(621): 42 Left Only questions, and 42 Right Only questions
INFO: dtree.c(1524): Final simple tree
|( QUESTION12 -1 -2.187e+04 5.615e+03 2.155e+03
|    ( QUESTION2_0_L -1 -8.455e+03 1.880e+03 1.340e+03
|        ( - -1.573e+03 22 0 QUESTION0_15_R 1 5.903e+02 7.609e+02)
|        ( QUESTION4 1 -5.002e+03 1.493e+03 5.790e+02
|            ( - -1.313e+03 2 0 WDBNDRY_E 0 1.875e+02 1.013e+02)
|            ( QUESTION3 1 -2.197e+03 1.011e+03 4.778e+02
|                ( - 7.240e+02 1 0)
|                ( - -1.910e+03 10 0 SILENCE 1 7.989e+02 4.092e+02))))
|    ( QUESTION0 1 -7.798e+03 3.035e+03 8.152e+02
|        ( QUESTION16 -1 -1.083e+03 2.112e+03 5.713e+02
|            ( - -3.154e+02 1 0)
|            ( QUESTION0_13_R 1 1.345e+03 1.077e+03 2.805e+02
|                ( - 7.198e+02 2 0 QUESTION19 -1 8.739e+02 1.427e+02)
|                ( - 1.702e+03 1 0)))
|        ( - -3.680e+03 4 0 QUESTION12 1 6.129e+02 2.439e+02)))
s>    ( QUESTION12 -1 -2.187e+04 5.615e+03 2.155e+03
s>        ( QUESTION2_0_L -1 -8.455e+03 1.880e+03 1.340e+03
s>            ( - -1.573e+03 22 0 QUESTION0_15_R 1 5.903e+02 7.609e+02)
s>            ( QUESTION4 1 -5.002e+03 1.493e+03 5.790e+02
s>                ( - -1.313e+03 2 0 WDBNDRY_E 0 1.875e+02 1.013e+02)
s>                ( QUESTION3 1 -2.197e+03 1.011e+03 4.778e+02
s>                    ( - 7.240e+02 1 0)
s>                    ( - -1.910e+03 10 0 SILENCE 1 7.989e+02 4.092e+02))))
s>        ( QUESTION0 1 -7.798e+03 3.035e+03 8.152e+02
s>            ( QUESTION16 -1 -1.083e+03 2.112e+03 5.713e+02
s>                ( - -3.154e+02 1 0)
s>                ( QUESTION0_13_R 1 1.345e+03 1.077e+03 2.805e+02
s>                    ( - 7.198e+02 2 0 QUESTION19 -1 8.739e+02 1.427e+02)
s>                    ( - 1.702e+03 1 0)))
s>            ( - -3.680e+03 4 0 QUESTION12 1 6.129e+02 2.439e+02)))INFO: dtree.c(1351): Comp split 0
INFO: dtree.c(1524): Final simple tree
|( QUESTION12 -1 -5.351e+03 1.940e+03 1.376e+03
|    ( QUESTION2_0_L -1 -5.113e+03 1.343e+03 1.239e+03
|        ( QUESTION0_15_R 1 -1.573e+03 5.903e+02 7.609e+02
|            ( - 7.675e+01 2 0)
|            ( WDBNDRY_E 0 -1.059e+03 4.604e+02 6.457e+02
|                ( QUESTION0_3_R 1 -5.241e+02 4.641e+02 6.053e+02
|                    ( - 7.613e+02 1 0)
|                    ( - -8.212e+02 17 0 SILENCE 1 3.987e+02 3.894e+02))
|                ( - -7.498e+01 2 0 QUESTION0_0_R 1 1.301e+02 4.038e+01)))
|        ( QUESTION3 1 -2.197e+03 1.011e+03 4.778e+02
|            ( - 7.240e+02 1 0)
|            ( SILENCE 1 -1.910e+03 7.989e+02 4.092e+02
|                ( - -1.107e+01 1 0)
|                ( - -1.100e+03 9 0 QUESTION0_0_R 1 3.501e+02 2.130e+02))))
|    ( - 1.702e+03 1 0))
s>    ( QUESTION12 -1 -5.351e+03 1.940e+03 1.376e+03
s>        ( QUESTION2_0_L -1 -5.113e+03 1.343e+03 1.239e+03
s>            ( QUESTION0_15_R 1 -1.573e+03 5.903e+02 7.609e+02
s>                ( - 7.675e+01 2 0)
s>                ( WDBNDRY_E 0 -1.059e+03 4.604e+02 6.457e+02
s>                    ( QUESTION0_3_R 1 -5.241e+02 4.641e+02 6.053e+02
s>                        ( - 7.613e+02 1 0)
s>                        ( - -8.212e+02 17 0 SILENCE 1 3.987e+02 3.894e+02))
s>                    ( - -7.498e+01 2 0 QUESTION0_0_R 1 1.301e+02 4.038e+01)))
s>            ( QUESTION3 1 -2.197e+03 1.011e+03 4.778e+02
s>                ( - 7.240e+02 1 0)
s>                ( SILENCE 1 -1.910e+03 7.989e+02 4.092e+02
s>                    ( - -1.107e+01 1 0)
s>                    ( - -1.100e+03 9 0 QUESTION0_0_R 1 3.501e+02 2.130e+02))))
s>        ( - 1.702e+03 1 0))INFO: dtree.c(1524): Final simple tree
|( QUESTION0 1 -1.060e+04 3.155e+03 7.786e+02
|    ( QUESTION16 -1 -6.988e+02 1.103e+03 4.334e+02
|        ( - -3.154e+02 1 0)
|        ( QUESTION19 -1 7.198e+02 8.739e+02 1.427e+02
|            ( - 6.815e+02 1 0)
|            ( - 9.123e+02 1 0)))
|    ( QUESTION2 1 -6.742e+03 1.749e+03 3.452e+02
|        ( WDBNDRY_E 0 -1.313e+03 1.875e+02 1.013e+02
|            ( - -2.141e+02 1 0)
|            ( - -9.113e+02 1 0))
|        ( QUESTION12 1 -3.680e+03 6.129e+02 2.439e+02
|            ( WDBNDRY_B 0 -2.489e+03 2.036e+02 1.922e+02
|                ( - -2.346e+03 1 0)
|                ( - 6.074e+01 2 0))
|            ( - -5.780e+02 1 0))))
s>    ( QUESTION0 1 -1.060e+04 3.155e+03 7.786e+02
s>        ( QUESTION16 -1 -6.988e+02 1.103e+03 4.334e+02
s>            ( - -3.154e+02 1 0)
s>            ( QUESTION19 -1 7.198e+02 8.739e+02 1.427e+02
s>                ( - 6.815e+02 1 0)
s>                ( - 9.123e+02 1 0)))
s>        ( QUESTION2 1 -6.742e+03 1.749e+03 3.452e+02
s>            ( WDBNDRY_E 0 -1.313e+03 1.875e+02 1.013e+02
s>                ( - -2.141e+02 1 0)
s>                ( - -9.113e+02 1 0))
s>            ( QUESTION12 1 -3.680e+03 6.129e+02 2.439e+02
s>                ( WDBNDRY_B 0 -2.489e+03 2.036e+02 1.922e+02
s>                    ( - -2.346e+03 1 0)
s>                    ( - 6.074e+01 2 0))
s>                ( - -5.780e+02 1 0))))INFO: dtree.c(1351): Comp split 1
INFO: dtree.c(1483): stop. leaf nodes are specific
INFO: dtree.c(1524): Final simple tree
|( QUESTION2 1 -6.742e+03 1.749e+03 3.452e+02
|    ( WDBNDRY_E 0 -1.313e+03 1.875e+02 1.013e+02
|        ( - -2.141e+02 1 0)
|        ( - -9.113e+02 1 0))
|    ( QUESTION12 1 -3.680e+03 6.129e+02 2.439e+02
|        ( WDBNDRY_B 0 -2.489e+03 2.036e+02 1.922e+02
|            ( - -2.346e+03 1 0)
|            ( - 6.074e+01 2 0))
|        ( - -5.780e+02 1 0)))
s>    ( QUESTION2 1 -6.742e+03 1.749e+03 3.452e+02
s>        ( WDBNDRY_E 0 -1.313e+03 1.875e+02 1.013e+02
s>            ( - -2.141e+02 1 0)
s>            ( - -9.113e+02 1 0))
s>        ( QUESTION12 1 -3.680e+03 6.129e+02 2.439e+02
s>            ( WDBNDRY_B 0 -2.489e+03 2.036e+02 1.922e+02
s>                ( - -2.346e+03 1 0)
s>                ( - 6.074e+01 2 0))
s>            ( - -5.780e+02 1 0)))INFO: dtree.c(1483): stop. leaf nodes are specific
INFO: dtree.c(1524): Final simple tree
|( QUESTION16 -1 -6.988e+02 1.103e+03 4.334e+02
|    ( - -3.154e+02 1 0)
|    ( QUESTION19 -1 7.198e+02 8.739e+02 1.427e+02
|        ( - 6.815e+02 1 0)
|        ( - 9.123e+02 1 0)))
s>    ( QUESTION16 -1 -6.988e+02 1.103e+03 4.334e+02
s>        ( - -3.154e+02 1 0)
s>        ( QUESTION19 -1 7.198e+02 8.739e+02 1.427e+02
s>            ( - 6.815e+02 1 0)
s>            ( - 9.123e+02 1 0)))INFO: dtree.c(1351): Comp split 2
INFO: dtree.c(1524): Final simple tree
|( QUESTION2_0_L -1 -4.858e+03 1.375e+03 1.170e+03
|    ( QUESTION0_15_R 1 -1.573e+03 5.903e+02 7.609e+02
|        ( - 7.675e+01 2 0)
|        ( WDBNDRY_E 0 -1.059e+03 4.604e+02 6.457e+02
|            ( QUESTION0_3_R 1 -5.241e+02 4.641e+02 6.053e+02
|                ( - 7.613e+02 1 0)
|                ( SILENCE 1 -8.212e+02 3.987e+02 3.894e+02
|                    ( - 2.933e+02 1 0)
|                    ( QUESTION11 1 -7.158e+02 3.739e+02 3.433e+02
|                        ( - -1.650e+02 5 0 QUESTION14 1 2.773e+02 1.483e+02)
|                        ( - -1.769e+02 11 0 QUESTION0_9_R 1 2.965e+02 1.949e+02))))
|            ( - -7.498e+01 2 0 QUESTION0_0_R 1 1.301e+02 4.038e+01)))
|    ( SILENCE 1 -1.910e+03 7.989e+02 4.092e+02
|        ( - -1.107e+01 1 0)
|        ( - -1.100e+03 9 0 QUESTION0_0_R 1 3.501e+02 2.130e+02)))
s>    ( QUESTION2_0_L -1 -4.858e+03 1.375e+03 1.170e+03
s>        ( QUESTION0_15_R 1 -1.573e+03 5.903e+02 7.609e+02
s>            ( - 7.675e+01 2 0)
s>            ( WDBNDRY_E 0 -1.059e+03 4.604e+02 6.457e+02
s>                ( QUESTION0_3_R 1 -5.241e+02 4.641e+02 6.053e+02
s>                    ( - 7.613e+02 1 0)
s>                    ( SILENCE 1 -8.212e+02 3.987e+02 3.894e+02
s>                        ( - 2.933e+02 1 0)
s>                        ( QUESTION11 1 -7.158e+02 3.739e+02 3.433e+02
s>                            ( - -1.650e+02 5 0 QUESTION14 1 2.773e+02 1.483e+02)
s>                            ( - -1.769e+02 11 0 QUESTION0_9_R 1 2.965e+02 1.949e+02))))
s>                ( - -7.498e+01 2 0 QUESTION0_0_R 1 1.301e+02 4.038e+01)))
s>        ( SILENCE 1 -1.910e+03 7.989e+02 4.092e+02
s>            ( - -1.107e+01 1 0)
s>            ( - -1.100e+03 9 0 QUESTION0_0_R 1 3.501e+02 2.130e+02)))INFO: dtree.c(1483): stop. leaf nodes are specific
INFO: dtree.c(1524): Final simple tree
|( WDBNDRY_E 0 1.501e+03 9.245e+02 2.063e+02
|    ( - 7.240e+02 1 0)
|    ( - 1.702e+03 1 0))
s>    ( WDBNDRY_E 0 1.501e+03 9.245e+02 2.063e+02
s>        ( - 7.240e+02 1 0)
s>        ( - 1.702e+03 1 0))INFO: dtree.c(1351): Comp split 3
INFO: dtree.c(1483): stop. leaf nodes are specific
INFO: dtree.c(1524): Final simple tree
|( QUESTION2 1 -2.625e+03 6.565e+02 1.550e+02
|    ( WDBNDRY_E 0 -1.313e+03 1.875e+02 1.013e+02
|        ( - -2.141e+02 1 0)
|        ( - -9.113e+02 1 0))
|    ( WDBNDRY_B 0 -6.558e+02 1.385e+02 5.377e+01
|        ( - -5.780e+02 1 0)
|        ( - 6.074e+01 2 0)))
s>    ( QUESTION2 1 -2.625e+03 6.565e+02 1.550e+02
s>        ( WDBNDRY_E 0 -1.313e+03 1.875e+02 1.013e+02
s>            ( - -2.141e+02 1 0)
s>            ( - -9.113e+02 1 0))
s>        ( WDBNDRY_B 0 -6.558e+02 1.385e+02 5.377e+01
s>            ( - -5.780e+02 1 0)
s>            ( - 6.074e+01 2 0)))INFO: dtree.c(1351): Comp split 4
INFO: dtree.c(1524): Final simple tree
|( WDBNDRY_E 0 -9.275e+02 4.524e+02 5.995e+02
|    ( QUESTION0_3_R 1 -4.001e+02 4.455e+02 5.591e+02
|        ( - 7.613e+02 1 0)
|        ( QUESTION11 1 -7.158e+02 3.739e+02 3.433e+02
|            ( QUESTION14 1 -1.650e+02 2.773e+02 1.483e+02
|                ( - 5.875e+01 2 0)
|                ( QUESTION0_6_R 1 5.357e+01 2.151e+02 1.180e+02
|                    ( - 2.030e+02 1 0)
|                    ( - 6.565e+01 2 0 QUESTION0_0_R 1 2.041e+02 1.160e+02)))
|            ( QUESTION0_9_R 1 -1.769e+02 2.965e+02 1.949e+02
|                ( - 3.182e+02 1 0)
|                ( QUESTION6 1 -1.986e+02 2.122e+02 1.780e+02
|                    ( - 4.087e+01 1 0)
|                    ( - -2.722e+01 9 0 QUESTION0 1 2.103e+02 1.489e+02)))))
|    ( - -7.498e+01 2 0 QUESTION0_0_R 1 1.301e+02 4.038e+01))
s>    ( WDBNDRY_E 0 -9.275e+02 4.524e+02 5.995e+02
s>        ( QUESTION0_3_R 1 -4.001e+02 4.455e+02 5.591e+02
s>            ( - 7.613e+02 1 0)
s>            ( QUESTION11 1 -7.158e+02 3.739e+02 3.433e+02
s>                ( QUESTION14 1 -1.650e+02 2.773e+02 1.483e+02
s>                    ( - 5.875e+01 2 0)
s>                    ( QUESTION0_6_R 1 5.357e+01 2.151e+02 1.180e+02
s>                        ( - 2.030e+02 1 0)
s>                        ( - 6.565e+01 2 0 QUESTION0_0_R 1 2.041e+02 1.160e+02)))
s>                ( QUESTION0_9_R 1 -1.769e+02 2.965e+02 1.949e+02
s>                    ( - 3.182e+02 1 0)
s>                    ( QUESTION6 1 -1.986e+02 2.122e+02 1.780e+02
s>                        ( - 4.087e+01 1 0)
s>                        ( - -2.722e+01 9 0 QUESTION0 1 2.103e+02 1.489e+02)))))
s>        ( - -7.498e+01 2 0 QUESTION0_0_R 1 1.301e+02 4.038e+01))INFO: dtree.c(1524): Final simple tree
|( QUESTION0_0_R 1 -2.439e+03 9.060e+02 5.706e+02
|    ( QUESTION11 1 -6.487e+02 2.797e+02 1.454e+02
|        ( - 3.513e+01 2 0 WDBNDRY_E 0 2.014e+02 3.267e+01)
|        ( QUESTION0_5_R 1 -4.041e+02 3.469e+02 1.127e+02
|            ( - -7.785e+01 1 0)
|            ( - 2.064e+01 2 0 QUESTION0_1_R 1 1.454e+02 6.010e+01)))
|    ( SILENCE 1 -8.843e+02 5.383e+02 4.252e+02
|        ( QUESTION2_0_L -1 1.927e+01 2.630e+02 2.424e+02
|            ( - 2.933e+02 1 0)
|            ( - -1.107e+01 1 0))
|        ( QUESTION0_15_R 1 -3.653e+02 3.465e+02 1.828e+02
|            ( - 7.761e+01 3 0 QUESTION2_0_L -1 1.754e+02 1.335e+02)
|            ( QUESTION0_19_R 1 -9.644e+01 2.240e+02 4.936e+01
|                ( - 2.296e+02 1 0)
|                ( - -1.020e+02 2 0 QUESTION0_13_R 1 1.492e+02 4.636e+01)))))
s>    ( QUESTION0_0_R 1 -2.439e+03 9.060e+02 5.706e+02
s>        ( QUESTION11 1 -6.487e+02 2.797e+02 1.454e+02
s>            ( - 3.513e+01 2 0 WDBNDRY_E 0 2.014e+02 3.267e+01)
s>            ( QUESTION0_5_R 1 -4.041e+02 3.469e+02 1.127e+02
s>                ( - -7.785e+01 1 0)
s>                ( - 2.064e+01 2 0 QUESTION0_1_R 1 1.454e+02 6.010e+01)))
s>        ( SILENCE 1 -8.843e+02 5.383e+02 4.252e+02
s>            ( QUESTION2_0_L -1 1.927e+01 2.630e+02 2.424e+02
s>                ( - 2.933e+02 1 0)
s>                ( - -1.107e+01 1 0))
s>            ( QUESTION0_15_R 1 -3.653e+02 3.465e+02 1.828e+02
s>                ( - 7.761e+01 3 0 QUESTION2_0_L -1 1.754e+02 1.335e+02)
s>                ( QUESTION0_19_R 1 -9.644e+01 2.240e+02 4.936e+01
s>                    ( - 2.296e+02 1 0)
s>                    ( - -1.020e+02 2 0 QUESTION0_13_R 1 1.492e+02 4.636e+01)))))INFO: dtree.c(1351): Comp split 5
INFO: dtree.c(1483): stop. leaf nodes are specific
INFO: dtree.c(1524): Final simple tree
|( QUESTION19 -1 7.198e+02 8.739e+02 1.427e+02
|    ( - 6.815e+02 1 0)
|    ( - 9.123e+02 1 0))
s>    ( QUESTION19 -1 7.198e+02 8.739e+02 1.427e+02
s>        ( - 6.815e+02 1 0)
s>        ( - 9.123e+02 1 0))INFO: dtree.c(1351): Comp split 6
INFO: dtree.c(1524): Final simple tree
|( QUESTION0_0_R 1 -1.040e+03 2.949e+02 1.947e+02
|    ( QUESTION11 1 -6.487e+02 2.797e+02 1.454e+02
|        ( WDBNDRY_E 0 3.513e+01 2.014e+02 3.267e+01
|            ( - 8.225e+01 1 0)
|            ( - 1.543e+02 1 0))
|        ( QUESTION0_5_R 1 -4.041e+02 3.469e+02 1.127e+02
|            ( - -7.785e+01 1 0)
|            ( QUESTION0_1_R 1 2.064e+01 1.454e+02 6.010e+01
|                ( - 2.344e+01 1 0)
|                ( - 1.426e+02 1 0))))
|    ( QUESTION0_19_R 1 -9.644e+01 2.240e+02 4.936e+01
|        ( - 2.296e+02 1 0)
|        ( QUESTION0_13_R 1 -1.020e+02 1.492e+02 4.636e+01
|            ( - 6.672e+01 1 0)
|            ( - -1.948e+01 1 0))))
s>    ( QUESTION0_0_R 1 -1.040e+03 2.949e+02 1.947e+02
s>        ( QUESTION11 1 -6.487e+02 2.797e+02 1.454e+02
s>            ( WDBNDRY_E 0 3.513e+01 2.014e+02 3.267e+01
s>                ( - 8.225e+01 1 0)
s>                ( - 1.543e+02 1 0))
s>            ( QUESTION0_5_R 1 -4.041e+02 3.469e+02 1.127e+02
s>                ( - -7.785e+01 1 0)
s>                ( QUESTION0_1_R 1 2.064e+01 1.454e+02 6.010e+01
s>                    ( - 2.344e+01 1 0)
s>                    ( - 1.426e+02 1 0))))
s>        ( QUESTION0_19_R 1 -9.644e+01 2.240e+02 4.936e+01
s>            ( - 2.296e+02 1 0)
s>            ( QUESTION0_13_R 1 -1.020e+02 1.492e+02 4.636e+01
s>                ( - 6.672e+01 1 0)
s>                ( - -1.948e+01 1 0))))INFO: dtree.c(1483): stop. leaf nodes are specific
INFO: dtree.c(1524): Final simple tree
|( SILENCE 1 -3.989e+02 4.957e+02 3.759e+02
|    ( QUESTION2_0_L -1 1.927e+01 2.630e+02 2.424e+02
|        ( - 2.933e+02 1 0)
|        ( - -1.107e+01 1 0))
|    ( QUESTION2_0_L -1 7.761e+01 1.754e+02 1.335e+02
|        ( - 7.675e+01 2 0)
|        ( - 1.762e+02 1 0)))
s>    ( SILENCE 1 -3.989e+02 4.957e+02 3.759e+02
s>        ( QUESTION2_0_L -1 1.927e+01 2.630e+02 2.424e+02
s>            ( - 2.933e+02 1 0)
s>            ( - -1.107e+01 1 0))
s>        ( QUESTION2_0_L -1 7.761e+01 1.754e+02 1.335e+02
s>            ( - 7.675e+01 2 0)
s>            ( - 1.762e+02 1 0)))INFO: dtree.c(1351): Comp split 7
INFO: dtree.c(1351): Comp split 8
INFO: dtree.c(1351): Comp split 9
INFO: dtree.c(1483): stop. leaf nodes are specific
INFO: dtree.c(1524): Final simple tree
|( WDBNDRY_B 0 -6.558e+02 1.385e+02 5.377e+01
|    ( - -5.780e+02 1 0)
|    ( - 6.074e+01 2 0))
s>    ( WDBNDRY_B 0 -6.558e+02 1.385e+02 5.377e+01
s>        ( - -5.780e+02 1 0)
s>        ( - 6.074e+01 2 0))INFO: dtree.c(1483): stop. leaf nodes are specific
INFO: dtree.c(1524): Final simple tree
|( WDBNDRY_E 0 -1.313e+03 1.875e+02 1.013e+02
|    ( - -2.141e+02 1 0)
|    ( - -9.113e+02 1 0))
s>    ( WDBNDRY_E 0 -1.313e+03 1.875e+02 1.013e+02
s>        ( - -2.141e+02 1 0)
s>        ( - -9.113e+02 1 0))INFO: dtree.c(1351): Comp split 10
INFO: dtree.c(1483): stop. leaf nodes are specific
INFO: dtree.c(1524): Final simple tree
|( WDBNDRY_E 0 -2.160e+02 1.819e+02 6.944e+01
|    ( - 4.087e+01 1 0)
|    ( QUESTION0_0_R 1 -7.498e+01 1.301e+02 4.038e+01
|        ( - 6.124e+01 1 0)
|        ( - -6.111e+00 1 0)))
s>    ( WDBNDRY_E 0 -2.160e+02 1.819e+02 6.944e+01
s>        ( - 4.087e+01 1 0)
s>        ( QUESTION0_0_R 1 -7.498e+01 1.301e+02 4.038e+01
s>            ( - 6.124e+01 1 0)
s>            ( - -6.111e+00 1 0)))INFO: dtree.c(1524): Final simple tree
|( QUESTION0_3_R 1 -1.777e+02 4.230e+02 5.301e+02
|    ( - 7.613e+02 1 0)
|    ( QUESTION11 1 -5.160e+02 3.437e+02 3.142e+02
|        ( QUESTION14 1 -1.650e+02 2.773e+02 1.483e+02
|            ( - 5.875e+01 2 0)
|            ( QUESTION0_6_R 1 5.357e+01 2.151e+02 1.180e+02
|                ( - 2.030e+02 1 0)
|                ( QUESTION0_0_R 1 6.565e+01 2.041e+02 1.160e+02
|                    ( - -2.542e+01 1 0)
|                    ( - 2.952e+02 1 0))))
|        ( QUESTION0_9_R 1 -7.341e+00 2.983e+02 1.659e+02
|            ( - 3.182e+02 1 0)
|            ( QUESTION0 1 -2.722e+01 2.103e+02 1.489e+02
|                ( - 6.429e+01 4 0 QUESTION0_0_R 1 1.483e+02 8.473e+01)
|                ( - 1.187e+02 5 0 QUESTION3 1 1.717e+02 6.417e+01)))))
s>    ( QUESTION0_3_R 1 -1.777e+02 4.230e+02 5.301e+02
s>        ( - 7.613e+02 1 0)
s>        ( QUESTION11 1 -5.160e+02 3.437e+02 3.142e+02
s>            ( QUESTION14 1 -1.650e+02 2.773e+02 1.483e+02
s>                ( - 5.875e+01 2 0)
s>                ( QUESTION0_6_R 1 5.357e+01 2.151e+02 1.180e+02
s>                    ( - 2.030e+02 1 0)
s>                    ( QUESTION0_0_R 1 6.565e+01 2.041e+02 1.160e+02
s>                        ( - -2.542e+01 1 0)
s>                        ( - 2.952e+02 1 0))))
s>            ( QUESTION0_9_R 1 -7.341e+00 2.983e+02 1.659e+02
s>                ( - 3.182e+02 1 0)
s>                ( QUESTION0 1 -2.722e+01 2.103e+02 1.489e+02
s>                    ( - 6.429e+01 4 0 QUESTION0_0_R 1 1.483e+02 8.473e+01)
s>                    ( - 1.187e+02 5 0 QUESTION3 1 1.717e+02 6.417e+01)))))INFO: dtree.c(1351): Comp split 11
INFO: dtree.c(1524): Final simple tree
|( QUESTION0 1 4.272e+02 3.161e+02 3.648e+02
|    ( QUESTION0_0_R 1 6.429e+01 1.483e+02 8.473e+01
|        ( - 8.159e+01 1 0)
|        ( - 1.310e+02 3 0))
|    ( QUESTION8 1 6.790e+02 2.232e+02 2.800e+02
|        ( QUESTION0_0_R 1 1.464e+02 1.943e+02 1.000e+01
|            ( - 1.937e+02 1 0)
|            ( - 1.470e+02 1 0))
|        ( QUESTION0_3_R 1 7.558e+02 1.495e+02 2.700e+02
|            ( - 7.613e+02 1 0)
|            ( QUESTION0_11_R 1 1.440e+02 1.306e+02 5.417e+01
|                ( - 1.977e+02 1 0)
|                ( QUESTION0_0_R 1 7.689e+01 2.246e+02 2.329e+01
|                    ( - 1.446e+02 1 0)
|                    ( - 1.570e+02 1 0))))))
s>    ( QUESTION0 1 4.272e+02 3.161e+02 3.648e+02
s>        ( QUESTION0_0_R 1 6.429e+01 1.483e+02 8.473e+01
s>            ( - 8.159e+01 1 0)
s>            ( - 1.310e+02 3 0))
s>        ( QUESTION8 1 6.790e+02 2.232e+02 2.800e+02
s>            ( QUESTION0_0_R 1 1.464e+02 1.943e+02 1.000e+01
s>                ( - 1.937e+02 1 0)
s>                ( - 1.470e+02 1 0))
s>            ( QUESTION0_3_R 1 7.558e+02 1.495e+02 2.700e+02
s>                ( - 7.613e+02 1 0)
s>                ( QUESTION0_11_R 1 1.440e+02 1.306e+02 5.417e+01
s>                    ( - 1.977e+02 1 0)
s>                    ( QUESTION0_0_R 1 7.689e+01 2.246e+02 2.329e+01
s>                        ( - 1.446e+02 1 0)
s>                        ( - 1.570e+02 1 0))))))INFO: dtree.c(1483): stop. leaf nodes are specific
INFO: dtree.c(1524): Final simple tree
|( QUESTION14 1 -8.366e+01 2.847e+02 1.653e+02
|    ( - 5.875e+01 2 0)
|    ( QUESTION0_8_R 1 1.423e+02 2.294e+02 1.349e+02
|        ( - 3.182e+02 1 0)
|        ( QUESTION0_6_R 1 5.357e+01 2.151e+02 1.180e+02
|            ( - 2.030e+02 1 0)
|            ( QUESTION0_0_R 1 6.565e+01 2.041e+02 1.160e+02
|                ( - -2.542e+01 1 0)
|                ( - 2.952e+02 1 0)))))
s>    ( QUESTION14 1 -8.366e+01 2.847e+02 1.653e+02
s>        ( - 5.875e+01 2 0)
s>        ( QUESTION0_8_R 1 1.423e+02 2.294e+02 1.349e+02
s>            ( - 3.182e+02 1 0)
s>            ( QUESTION0_6_R 1 5.357e+01 2.151e+02 1.180e+02
s>                ( - 2.030e+02 1 0)
s>                ( QUESTION0_0_R 1 6.565e+01 2.041e+02 1.160e+02
s>                    ( - -2.542e+01 1 0)
s>                    ( - 2.952e+02 1 0)))))INFO: dtree.c(1351): Comp split 12
INFO: dtree.c(1483): stop. leaf nodes are specific
INFO: dtree.c(1524): Final simple tree
|( SILENCE 1 1.133e+02 2.576e+02 1.796e+02
|    ( - 2.933e+02 1 0)
|    ( QUESTION2_0_L -1 7.761e+01 1.754e+02 1.335e+02
|        ( - 7.675e+01 2 0)
|        ( - 1.762e+02 1 0)))
s>    ( SILENCE 1 1.133e+02 2.576e+02 1.796e+02
s>        ( - 2.933e+02 1 0)
s>        ( QUESTION2_0_L -1 7.761e+01 1.754e+02 1.335e+02
s>            ( - 7.675e+01 2 0)
s>            ( - 1.762e+02 1 0)))INFO: dtree.c(1351): Comp split 13
INFO: dtree.c(1483): stop. leaf nodes are specific
INFO: dtree.c(1524): Final simple tree
|( QUESTION0_0_R 1 -4.843e+02 2.708e+02 1.421e+02
|    ( WDBNDRY_E 0 -1.171e+02 1.785e+02 9.277e+01
|        ( QUESTION0_5_R 1 -9.285e+01 1.957e+02 8.977e+01
|            ( - 8.225e+01 1 0)
|            ( QUESTION0_1_R 1 2.064e+01 1.454e+02 6.010e+01
|                ( - 2.344e+01 1 0)
|                ( - 1.426e+02 1 0)))
|        ( - 1.543e+02 1 0))
|    ( QUESTION0_19_R 1 -9.644e+01 2.240e+02 4.936e+01
|        ( - 2.296e+02 1 0)
|        ( QUESTION0_13_R 1 -1.020e+02 1.492e+02 4.636e+01
|            ( - 6.672e+01 1 0)
|            ( - -1.948e+01 1 0))))
s>    ( QUESTION0_0_R 1 -4.843e+02 2.708e+02 1.421e+02
s>        ( WDBNDRY_E 0 -1.171e+02 1.785e+02 9.277e+01
s>            ( QUESTION0_5_R 1 -9.285e+01 1.957e+02 8.977e+01
s>                ( - 8.225e+01 1 0)
s>                ( QUESTION0_1_R 1 2.064e+01 1.454e+02 6.010e+01
s>                    ( - 2.344e+01 1 0)
s>                    ( - 1.426e+02 1 0)))
s>            ( - 1.543e+02 1 0))
s>        ( QUESTION0_19_R 1 -9.644e+01 2.240e+02 4.936e+01
s>            ( - 2.296e+02 1 0)
s>            ( QUESTION0_13_R 1 -1.020e+02 1.492e+02 4.636e+01
s>                ( - 6.672e+01 1 0)
s>                ( - -1.948e+01 1 0))))INFO: dtree.c(1351): Comp split 14
INFO: dtree.c(1483): stop. leaf nodes are specific
INFO: dtree.c(1524): Final simple tree
|( QUESTION0_13_R 1 -2.985e+01 2.149e+02 9.073e+01
|    ( - 1.310e+02 3 0)
|    ( QUESTION0_2_R 1 5.408e+01 1.690e+02 1.801e+01
|        ( - 1.446e+02 1 0)
|        ( QUESTION0_0_R 1 7.853e+01 1.501e+02 1.601e+01
|            ( - 8.159e+01 1 0)
|            ( - 1.470e+02 1 0))))
s>    ( QUESTION0_13_R 1 -2.985e+01 2.149e+02 9.073e+01
s>        ( - 1.310e+02 3 0)
s>        ( QUESTION0_2_R 1 5.408e+01 1.690e+02 1.801e+01
s>            ( - 1.446e+02 1 0)
s>            ( QUESTION0_0_R 1 7.853e+01 1.501e+02 1.601e+01
s>                ( - 8.159e+01 1 0)
s>                ( - 1.470e+02 1 0))))INFO: dtree.c(1483): stop. leaf nodes are specific
INFO: dtree.c(1524): Final simple tree
|( QUESTION8 1 7.994e+02 2.449e+02 2.740e+02
|    ( - 1.937e+02 1 0)
|    ( QUESTION0_3_R 1 8.507e+02 1.460e+02 2.680e+02
|        ( - 7.613e+02 1 0)
|        ( QUESTION0_0_R 1 2.354e+02 1.192e+02 5.217e+01
|            ( - 1.977e+02 1 0)
|            ( - 1.570e+02 1 0))))
s>    ( QUESTION8 1 7.994e+02 2.449e+02 2.740e+02
s>        ( - 1.937e+02 1 0)
s>        ( QUESTION0_3_R 1 8.507e+02 1.460e+02 2.680e+02
s>            ( - 7.613e+02 1 0)
s>            ( QUESTION0_0_R 1 2.354e+02 1.192e+02 5.217e+01
s>                ( - 1.977e+02 1 0)
s>                ( - 1.570e+02 1 0))))INFO: dtree.c(1351): Comp split 15
INFO: dtree.c(1483): stop. leaf nodes are specific
INFO: dtree.c(1524): Final simple tree
|( QUESTION0_0_R 1 5.257e+01 2.092e+02 3.236e+01
|    ( - 2.030e+02 1 0)
|    ( - 5.875e+01 2 0))
s>    ( QUESTION0_0_R 1 5.257e+01 2.092e+02 3.236e+01
s>        ( - 2.030e+02 1 0)
s>        ( - 5.875e+01 2 0))INFO: dtree.c(1483): stop. leaf nodes are specific
INFO: dtree.c(1524): Final simple tree
|( QUESTION0_8_R 1 1.505e+02 2.334e+02 1.329e+02
|    ( - 3.182e+02 1 0)
|    ( QUESTION0_0_R 1 6.565e+01 2.041e+02 1.160e+02
|        ( - -2.542e+01 1 0)
|        ( - 2.952e+02 1 0)))
s>    ( QUESTION0_8_R 1 1.505e+02 2.334e+02 1.329e+02
s>        ( - 3.182e+02 1 0)
s>        ( QUESTION0_0_R 1 6.565e+01 2.041e+02 1.160e+02
s>            ( - -2.542e+01 1 0)
s>            ( - 2.952e+02 1 0)))INFO: dtree.c(1351): Comp split 16
INFO: dtree.c(1483): stop. leaf nodes are specific
INFO: dtree.c(1524): Final simple tree
|( QUESTION0_5_R 1 -9.285e+01 1.957e+02 8.977e+01
|    ( - 8.225e+01 1 0)
|    ( QUESTION0_1_R 1 2.064e+01 1.454e+02 6.010e+01
|        ( - 2.344e+01 1 0)
|        ( - 1.426e+02 1 0)))
s>    ( QUESTION0_5_R 1 -9.285e+01 1.957e+02 8.977e+01
s>        ( - 8.225e+01 1 0)
s>        ( QUESTION0_1_R 1 2.064e+01 1.454e+02 6.010e+01
s>            ( - 2.344e+01 1 0)
s>            ( - 1.426e+02 1 0)))INFO: dtree.c(1483): stop. leaf nodes are specific
INFO: dtree.c(1524): Final simple tree
|( QUESTION0_19_R 1 -1.156e+02 2.236e+02 5.236e+01
|    ( - 2.296e+02 1 0)
|    ( WDBNDRY_E 0 -1.216e+02 1.739e+02 4.936e+01
|        ( QUESTION0_13_R 1 -1.020e+02 1.492e+02 4.636e+01
|            ( - 6.672e+01 1 0)
|            ( - -1.948e+01 1 0))
|        ( - 1.543e+02 1 0)))
s>    ( QUESTION0_19_R 1 -1.156e+02 2.236e+02 5.236e+01
s>        ( - 2.296e+02 1 0)
s>        ( WDBNDRY_E 0 -1.216e+02 1.739e+02 4.936e+01
s>            ( QUESTION0_13_R 1 -1.020e+02 1.492e+02 4.636e+01
s>                ( - 6.672e+01 1 0)
s>                ( - -1.948e+01 1 0))
s>            ( - 1.543e+02 1 0)))INFO: dtree.c(1351): Comp split 17
INFO: dtree.c(1483): stop. leaf nodes are specific
INFO: dtree.c(1524): Final simple tree
|( QUESTION2_0_L -1 7.761e+01 1.754e+02 1.335e+02
|    ( - 7.675e+01 2 0)
|    ( - 1.762e+02 1 0))
s>    ( QUESTION2_0_L -1 7.761e+01 1.754e+02 1.335e+02
s>        ( - 7.675e+01 2 0)
s>        ( - 1.762e+02 1 0))INFO: dtree.c(1351): Comp split 18
INFO: dtree.c(1483): stop. leaf nodes are specific
INFO: dtree.c(1524): Final simple tree
|( QUESTION0_3_R 1 8.507e+02 1.460e+02 2.680e+02
|    ( - 7.613e+02 1 0)
|    ( QUESTION0_0_R 1 2.354e+02 1.192e+02 5.217e+01
|        ( - 1.977e+02 1 0)
|        ( - 1.570e+02 1 0)))
s>    ( QUESTION0_3_R 1 8.507e+02 1.460e+02 2.680e+02
s>        ( - 7.613e+02 1 0)
s>        ( QUESTION0_0_R 1 2.354e+02 1.192e+02 5.217e+01
s>            ( - 1.977e+02 1 0)
s>            ( - 1.570e+02 1 0)))INFO: dtree.c(1351): Comp split 19
INFO: dtree.c(1483): stop. leaf nodes are specific
INFO: dtree.c(1524): Final simple tree
|( QUESTION0_0_R 1 6.565e+01 2.041e+02 1.160e+02
|    ( - -2.542e+01 1 0)
|    ( - 2.952e+02 1 0))
s>    ( QUESTION0_0_R 1 6.565e+01 2.041e+02 1.160e+02
s>        ( - -2.542e+01 1 0)
s>        ( - 2.952e+02 1 0))INFO: dtree.c(1351): Comp split 20
INFO: dtree.c(1483): stop. leaf nodes are specific
INFO: dtree.c(1524): Final simple tree
|( WDBNDRY_E 0 -1.216e+02 1.739e+02 4.936e+01
|    ( QUESTION0_13_R 1 -1.020e+02 1.492e+02 4.636e+01
|        ( - 6.672e+01 1 0)
|        ( - -1.948e+01 1 0))
|    ( - 1.543e+02 1 0))
s>    ( WDBNDRY_E 0 -1.216e+02 1.739e+02 4.936e+01
s>        ( QUESTION0_13_R 1 -1.020e+02 1.492e+02 4.636e+01
s>            ( - 6.672e+01 1 0)
s>            ( - -1.948e+01 1 0))
s>        ( - 1.543e+02 1 0))INFO: dtree.c(1351): Comp split 21
INFO: dtree.c(1483): stop. leaf nodes are specific
INFO: dtree.c(1524): Final simple tree
|( QUESTION0_2_R 1 5.408e+01 1.690e+02 1.801e+01
|    ( - 1.446e+02 1 0)
|    ( QUESTION0_0_R 1 7.853e+01 1.501e+02 1.601e+01
|        ( - 8.159e+01 1 0)
|        ( - 1.470e+02 1 0)))
s>    ( QUESTION0_2_R 1 5.408e+01 1.690e+02 1.801e+01
s>        ( - 1.446e+02 1 0)
s>        ( QUESTION0_0_R 1 7.853e+01 1.501e+02 1.601e+01
s>            ( - 8.159e+01 1 0)
s>            ( - 1.470e+02 1 0)))INFO: dtree.c(1351): Comp split 22
INFO: dtree.c(1351): Comp split 23
INFO: dtree.c(1351): Comp split 24
INFO: dtree.c(1483): stop. leaf nodes are specific
INFO: dtree.c(1524): Final simple tree
|( QUESTION0_1_R 1 2.064e+01 1.454e+02 6.010e+01
|    ( - 2.344e+01 1 0)
|    ( - 1.426e+02 1 0))
s>    ( QUESTION0_1_R 1 2.064e+01 1.454e+02 6.010e+01
s>        ( - 2.344e+01 1 0)
s>        ( - 1.426e+02 1 0))INFO: dtree.c(1351): Comp split 25
INFO: dtree.c(1351): Comp split 26
INFO: dtree.c(1483): stop. leaf nodes are specific
INFO: dtree.c(1524): Final simple tree
|( QUESTION0_0_R 1 -7.498e+01 1.301e+02 4.038e+01
|    ( - 6.124e+01 1 0)
|    ( - -6.111e+00 1 0))
s>    ( QUESTION0_0_R 1 -7.498e+01 1.301e+02 4.038e+01
s>        ( - 6.124e+01 1 0)
s>        ( - -6.111e+00 1 0))INFO: dtree.c(1351): Comp split 27
INFO: dtree.c(1351): Comp split 28
INFO: dtree.c(1483): stop. leaf nodes are specific
INFO: dtree.c(1524): Final simple tree
|( QUESTION0_13_R 1 -1.020e+02 1.492e+02 4.636e+01
|    ( - 6.672e+01 1 0)
|    ( - -1.948e+01 1 0))
s>    ( QUESTION0_13_R 1 -1.020e+02 1.492e+02 4.636e+01
s>        ( - 6.672e+01 1 0)
s>        ( - -1.948e+01 1 0))INFO: dtree.c(1351): Comp split 29
INFO: dtree.c(1483): stop. leaf nodes are specific
INFO: dtree.c(1524): Final simple tree
|( QUESTION0_0_R 1 7.853e+01 1.501e+02 1.601e+01
|    ( - 8.159e+01 1 0)
|    ( - 1.470e+02 1 0))
s>    ( QUESTION0_0_R 1 7.853e+01 1.501e+02 1.601e+01
s>        ( - 8.159e+01 1 0)
s>        ( - 1.470e+02 1 0))INFO: dtree.c(1351): Comp split 30
INFO: dtree.c(1351): Comp split 31
INFO: dtree.c(1351): Comp split 32
INFO: dtree.c(1483): stop. leaf nodes are specific
INFO: dtree.c(1524): Final simple tree
|( QUESTION0_0_R 1 2.354e+02 1.192e+02 5.217e+01
|    ( - 1.977e+02 1 0)
|    ( - 1.570e+02 1 0))
s>    ( QUESTION0_0_R 1 2.354e+02 1.192e+02 5.217e+01
s>        ( - 1.977e+02 1 0)
s>        ( - 1.570e+02 1 0))INFO: dtree.c(1351): Comp split 33
INFO: dtree.c(1351): Comp split 34
INFO: dtree.c(1351): Comp split 35
INFO: dtree.c(1351): Comp split 36
INFO: dtree.c(1351): Comp split 37
INFO: dtree.c(1354): stop. leaf nodes are specific
Tue May 31 10:46:00 2011
