INFO: cmd_ln.c(691): Parsing command line:
/home/xkrajnan/Plocha/GSoC/PocketSphinx/an4/bin/bldtree \
	-treefn /home/xkrajnan/Plocha/GSoC/PocketSphinx/an4/trees/an4.unpruned/EH-2.dtree \
	-moddeffn /home/xkrajnan/Plocha/GSoC/PocketSphinx/an4/model_architecture/an4.untied.mdef \
	-mixwfn /home/xkrajnan/Plocha/GSoC/PocketSphinx/an4/model_parameters/an4.cd_cont_untied/mixture_weights \
	-ts2cbfn .cont. \
	-mwfloor 1e-08 \
	-psetfn /home/xkrajnan/Plocha/GSoC/PocketSphinx/an4/model_architecture/an4.tree_questions \
	-phone EH \
	-state 2 \
	-stwt 1.0,0.05,0.0 \
	-meanfn /home/xkrajnan/Plocha/GSoC/PocketSphinx/an4/model_parameters/an4.cd_cont_untied/means \
	-varfn /home/xkrajnan/Plocha/GSoC/PocketSphinx/an4/model_parameters/an4.cd_cont_untied/variances \
	-fullvar no \
	-ssplitmin 1 \
	-ssplitmax 7 \
	-ssplitthr 0 \
	-csplitmin 1 \
	-csplitmax 2000 \
	-csplitthr 0 

Current configuration:
[NAME]		[DEFLT]	[VALUE]
-allphones	no	no
-cntthresh	0.00001	1.000000e-05
-csplitmax	100	2000
-csplitmin	1	1
-csplitthr	8e-4	0.000000e+00
-example	no	no
-fullvar	no	no
-help		no	no
-meanfn			/home/xkrajnan/Plocha/GSoC/PocketSphinx/an4/model_parameters/an4.cd_cont_untied/means
-mixwfn			/home/xkrajnan/Plocha/GSoC/PocketSphinx/an4/model_parameters/an4.cd_cont_untied/mixture_weights
-moddeffn		/home/xkrajnan/Plocha/GSoC/PocketSphinx/an4/model_architecture/an4.untied.mdef
-mwfloor	1e-4	1.000000e-08
-phone			EH
-psetfn			/home/xkrajnan/Plocha/GSoC/PocketSphinx/an4/model_architecture/an4.tree_questions
-ssplitmax	5	7
-ssplitmin	1	1
-ssplitthr	8e-4	0.000000e+00
-state			2
-stwt			1.0,0.05,0.0,
-treefn			/home/xkrajnan/Plocha/GSoC/PocketSphinx/an4/trees/an4.unpruned/EH-2.dtree
-ts2cbfn	.semi.	.cont.
-varfloor	0.00001	1.000000e-05
-varfn			/home/xkrajnan/Plocha/GSoC/PocketSphinx/an4/model_parameters/an4.cd_cont_untied/variances

INFO: main.c(228): Reading: /home/xkrajnan/Plocha/GSoC/PocketSphinx/an4/model_architecture/an4.untied.mdef
INFO: model_def_io.c(587): Model definition info:
INFO: model_def_io.c(588): 1618 total models defined (34 base, 1584 tri)
INFO: model_def_io.c(589): 6472 total states
INFO: model_def_io.c(590): 4854 total tied states
INFO: model_def_io.c(591): 102 total tied CI states
INFO: model_def_io.c(592): 34 total tied transition matrices
INFO: model_def_io.c(593): 4 max state/model
INFO: model_def_io.c(594): 4 min state/model
INFO: main.c(247): Building trees for [EH AH F b] through [EH Y S i]
INFO: main.c(275): Covering states |[978 1271]| == 294
INFO: main.c(282): Reading: /home/xkrajnan/Plocha/GSoC/PocketSphinx/an4/model_parameters/an4.cd_cont_untied/mixture_weights
INFO: s3mixw_io.c(172): Read /home/xkrajnan/Plocha/GSoC/PocketSphinx/an4/model_parameters/an4.cd_cont_untied/mixture_weights [294x1x1 array]
INFO: main.c(320): 98 of 98 models have observation count greater than 0.000010
INFO: main.c(94): nrm stwt: 0.000 0.048 0.952 
INFO: s3gau_io.c(166): Read /home/xkrajnan/Plocha/GSoC/PocketSphinx/an4/model_parameters/an4.cd_cont_untied/means [4854x1x1 array]
INFO: s3gau_io.c(166): Read /home/xkrajnan/Plocha/GSoC/PocketSphinx/an4/model_parameters/an4.cd_cont_untied/variances [4854x1x1 array]
INFO: main.c(576): Reading: /home/xkrajnan/Plocha/GSoC/PocketSphinx/an4/model_architecture/an4.tree_questions
INFO: main.c(619): 180 total simple questions (172 phone; 8 word bndry)
INFO: main.c(621): 42 Left Only questions, and 42 Right Only questions
INFO: dtree.c(1524): Final simple tree
|( WDBNDRY_B 0 3.864e+04 4.517e+03 6.302e+03
|    ( SILENCE -1 4.098e+04 4.167e+03 5.227e+03
|        ( QUESTION0 1 2.482e+03 9.272e+02 9.810e+02
|            ( - 2.049e+03 3 0 QUESTION0_0_R 1 2.964e+02 3.783e+02)
|            ( - 1.361e+03 4 0 QUESTION0_18_R 1 4.101e+02 6.027e+02))
|        ( QUESTION0_18_R 1 4.266e+04 3.395e+03 4.246e+03
|            ( - 2.301e+04 13 0 QUESTION2_1_L -1 5.297e+02 1.478e+03)
|            ( QUESTION0_14_R 1 2.305e+04 2.533e+03 2.768e+03
|                ( - 4.968e+03 25 0 QUESTION0_20_R 1 7.941e+02 9.112e+02)
|                ( - 2.061e+04 39 0 QUESTION0_0_R 1 7.025e+02 1.856e+03))))
|    ( QUESTION9 1 2.176e+03 2.286e+03 1.075e+03
|        ( - 6.195e+03 2 0 QUESTION2_9_L -1 2.639e+02 6.789e+02)
|        ( QUESTION11 -1 -1.733e+03 1.257e+03 3.962e+02
|            ( - -8.168e+02 3 0 QUESTION0_18_R 1 7.814e+02 8.262e+01)
|            ( - 3.411e+02 9 0 QUESTION0_18_R 1 8.551e+02 3.136e+02))))
s>    ( WDBNDRY_B 0 3.864e+04 4.517e+03 6.302e+03
s>        ( SILENCE -1 4.098e+04 4.167e+03 5.227e+03
s>            ( QUESTION0 1 2.482e+03 9.272e+02 9.810e+02
s>                ( - 2.049e+03 3 0 QUESTION0_0_R 1 2.964e+02 3.783e+02)
s>                ( - 1.361e+03 4 0 QUESTION0_18_R 1 4.101e+02 6.027e+02))
s>            ( QUESTION0_18_R 1 4.266e+04 3.395e+03 4.246e+03
s>                ( - 2.301e+04 13 0 QUESTION2_1_L -1 5.297e+02 1.478e+03)
s>                ( QUESTION0_14_R 1 2.305e+04 2.533e+03 2.768e+03
s>                    ( - 4.968e+03 25 0 QUESTION0_20_R 1 7.941e+02 9.112e+02)
s>                    ( - 2.061e+04 39 0 QUESTION0_0_R 1 7.025e+02 1.856e+03))))
s>        ( QUESTION9 1 2.176e+03 2.286e+03 1.075e+03
s>            ( - 6.195e+03 2 0 QUESTION2_9_L -1 2.639e+02 6.789e+02)
s>            ( QUESTION11 -1 -1.733e+03 1.257e+03 3.962e+02
s>                ( - -8.168e+02 3 0 QUESTION0_18_R 1 7.814e+02 8.262e+01)
s>                ( - 3.411e+02 9 0 QUESTION0_18_R 1 8.551e+02 3.136e+02))))INFO: dtree.c(1351): Comp split 0
INFO: dtree.c(1524): Final simple tree
|( QUESTION0_14_R 1 4.040e+04 3.218e+03 3.334e+03
|    ( QUESTION2_1_L -1 2.301e+04 5.297e+02 1.478e+03
|        ( - 4.589e+03 1 0)
|        ( QUESTION2_17_L -1 1.895e+04 4.182e+02 1.160e+03
|            ( - 8.519e+03 6 0 QUESTION11 -1 3.263e+02 4.908e+02)
|            ( - 1.085e+04 6 0 QUESTION2_14_L -1 3.293e+02 6.693e+02)))
|    ( QUESTION0_0_R 1 2.061e+04 7.025e+02 1.856e+03
|        ( QUESTION0_1_R 1 1.989e+04 4.872e+02 1.654e+03
|            ( QUESTION2_6_L -1 1.526e+04 4.078e+02 1.207e+03
|                ( - 1.741e+03 1 0)
|                ( QUESTION2_1_L -1 1.393e+04 4.212e+02 1.097e+03
|                    ( - 9.711e+03 1 0)
|                    ( - 4.641e+03 12 0 QUESTION2_10_L -1 2.962e+02 3.958e+02)))
|            ( - 5.112e+03 14 0 QUESTION0 -1 2.897e+02 4.475e+02))
|        ( - 1.427e+03 11 0 QUESTION8 -1 2.840e+02 2.021e+02)))
s>    ( QUESTION0_14_R 1 4.040e+04 3.218e+03 3.334e+03
s>        ( QUESTION2_1_L -1 2.301e+04 5.297e+02 1.478e+03
s>            ( - 4.589e+03 1 0)
s>            ( QUESTION2_17_L -1 1.895e+04 4.182e+02 1.160e+03
s>                ( - 8.519e+03 6 0 QUESTION11 -1 3.263e+02 4.908e+02)
s>                ( - 1.085e+04 6 0 QUESTION2_14_L -1 3.293e+02 6.693e+02)))
s>        ( QUESTION0_0_R 1 2.061e+04 7.025e+02 1.856e+03
s>            ( QUESTION0_1_R 1 1.989e+04 4.872e+02 1.654e+03
s>                ( QUESTION2_6_L -1 1.526e+04 4.078e+02 1.207e+03
s>                    ( - 1.741e+03 1 0)
s>                    ( QUESTION2_1_L -1 1.393e+04 4.212e+02 1.097e+03
s>                        ( - 9.711e+03 1 0)
s>                        ( - 4.641e+03 12 0 QUESTION2_10_L -1 2.962e+02 3.958e+02)))
s>                ( - 5.112e+03 14 0 QUESTION0 -1 2.897e+02 4.475e+02))
s>            ( - 1.427e+03 11 0 QUESTION8 -1 2.840e+02 2.021e+02)))INFO: dtree.c(1524): Final simple tree
|( QUESTION9 1 4.253e+03 3.549e+03 2.967e+03
|    ( - 6.195e+03 2 0 QUESTION2_9_L -1 2.639e+02 6.789e+02)
|    ( QUESTION0_20_R 1 1.607e+03 2.169e+03 2.288e+03
|        ( WDBNDRY_B 0 4.021e+03 8.117e+02 7.910e+02
|            ( - 4.998e+03 13 0 QUESTION2_17_L -1 4.445e+02 7.341e+02)
|            ( - -1.650e+02 2 0 QUESTION2 -1 5.867e+02 5.686e+01))
|        ( QUESTION14 -1 -2.454e+02 2.035e+03 1.498e+03
|            ( - -6.369e+02 2 0 QUESTION0_15_R 1 3.889e+02 6.183e+01)
|            ( QUESTION0_17_R 1 2.426e+03 1.400e+03 1.436e+03
|                ( QUESTION0_18_R 1 2.467e+03 7.604e+02 9.175e+02
|                    ( WDBNDRY_B 0 2.459e+03 8.060e+02 5.803e+02
|                        ( - 1.473e+03 1 0)
|                        ( - 1.792e+03 1 0))
|                    ( - 7.683e+02 16 0 QUESTION2_0_L -1 3.273e+02 3.372e+02))
|                ( - 1.360e+03 9 0 WDBNDRY_B 0 7.201e+02 5.182e+02)))))
s>    ( QUESTION9 1 4.253e+03 3.549e+03 2.967e+03
s>        ( - 6.195e+03 2 0 QUESTION2_9_L -1 2.639e+02 6.789e+02)
s>        ( QUESTION0_20_R 1 1.607e+03 2.169e+03 2.288e+03
s>            ( WDBNDRY_B 0 4.021e+03 8.117e+02 7.910e+02
s>                ( - 4.998e+03 13 0 QUESTION2_17_L -1 4.445e+02 7.341e+02)
s>                ( - -1.650e+02 2 0 QUESTION2 -1 5.867e+02 5.686e+01))
s>            ( QUESTION14 -1 -2.454e+02 2.035e+03 1.498e+03
s>                ( - -6.369e+02 2 0 QUESTION0_15_R 1 3.889e+02 6.183e+01)
s>                ( QUESTION0_17_R 1 2.426e+03 1.400e+03 1.436e+03
s>                    ( QUESTION0_18_R 1 2.467e+03 7.604e+02 9.175e+02
s>                        ( WDBNDRY_B 0 2.459e+03 8.060e+02 5.803e+02
s>                            ( - 1.473e+03 1 0)
s>                            ( - 1.792e+03 1 0))
s>                        ( - 7.683e+02 16 0 QUESTION2_0_L -1 3.273e+02 3.372e+02))
s>                    ( - 1.360e+03 9 0 WDBNDRY_B 0 7.201e+02 5.182e+02)))))INFO: dtree.c(1351): Comp split 1
INFO: dtree.c(1524): Final simple tree
|( QUESTION0_20_R 1 1.607e+03 2.169e+03 2.288e+03
|    ( WDBNDRY_B 0 4.021e+03 8.117e+02 7.910e+02
|        ( - 4.998e+03 13 0 QUESTION2_17_L -1 4.445e+02 7.341e+02)
|        ( - -1.650e+02 2 0 QUESTION2 -1 5.867e+02 5.686e+01))
|    ( QUESTION14 -1 -2.454e+02 2.035e+03 1.498e+03
|        ( - -6.369e+02 2 0 QUESTION0_15_R 1 3.889e+02 6.183e+01)
|        ( QUESTION0_17_R 1 2.426e+03 1.400e+03 1.436e+03
|            ( QUESTION0_18_R 1 2.467e+03 7.604e+02 9.175e+02
|                ( WDBNDRY_B 0 2.459e+03 8.060e+02 5.803e+02
|                    ( - 1.473e+03 1 0)
|                    ( - 1.792e+03 1 0))
|                ( - 7.683e+02 16 0 QUESTION2_0_L -1 3.273e+02 3.372e+02))
|            ( WDBNDRY_B 0 1.360e+03 7.201e+02 5.182e+02
|                ( - 1.994e+03 4 0 QUESTION0_1_R 1 2.524e+02 3.551e+02)
|                ( - 8.522e+01 5 0 QUESTION0_1_R 1 4.593e+02 1.631e+02)))))
s>    ( QUESTION0_20_R 1 1.607e+03 2.169e+03 2.288e+03
s>        ( WDBNDRY_B 0 4.021e+03 8.117e+02 7.910e+02
s>            ( - 4.998e+03 13 0 QUESTION2_17_L -1 4.445e+02 7.341e+02)
s>            ( - -1.650e+02 2 0 QUESTION2 -1 5.867e+02 5.686e+01))
s>        ( QUESTION14 -1 -2.454e+02 2.035e+03 1.498e+03
s>            ( - -6.369e+02 2 0 QUESTION0_15_R 1 3.889e+02 6.183e+01)
s>            ( QUESTION0_17_R 1 2.426e+03 1.400e+03 1.436e+03
s>                ( QUESTION0_18_R 1 2.467e+03 7.604e+02 9.175e+02
s>                    ( WDBNDRY_B 0 2.459e+03 8.060e+02 5.803e+02
s>                        ( - 1.473e+03 1 0)
s>                        ( - 1.792e+03 1 0))
s>                    ( - 7.683e+02 16 0 QUESTION2_0_L -1 3.273e+02 3.372e+02))
s>                ( WDBNDRY_B 0 1.360e+03 7.201e+02 5.182e+02
s>                    ( - 1.994e+03 4 0 QUESTION0_1_R 1 2.524e+02 3.551e+02)
s>                    ( - 8.522e+01 5 0 QUESTION0_1_R 1 4.593e+02 1.631e+02)))))INFO: dtree.c(1483): stop. leaf nodes are specific
INFO: dtree.c(1524): Final simple tree
|( QUESTION2_9_L -1 6.195e+03 2.639e+02 6.789e+02
|    ( - 6.131e+03 1 0)
|    ( - 3.278e+02 1 0))
s>    ( QUESTION2_9_L -1 6.195e+03 2.639e+02 6.789e+02
s>        ( - 6.131e+03 1 0)
s>        ( - 3.278e+02 1 0))INFO: dtree.c(1351): Comp split 2
INFO: dtree.c(1524): Final simple tree
|( QUESTION0_0_R 1 2.061e+04 7.025e+02 1.856e+03
|    ( QUESTION0_1_R 1 1.989e+04 4.872e+02 1.654e+03
|        ( QUESTION2_6_L -1 1.526e+04 4.078e+02 1.207e+03
|            ( - 1.741e+03 1 0)
|            ( QUESTION2_1_L -1 1.393e+04 4.212e+02 1.097e+03
|                ( - 9.711e+03 1 0)
|                ( QUESTION2_10_L -1 4.641e+03 2.962e+02 3.958e+02
|                    ( - 1.351e+03 3 0 QUESTION0 -1 1.892e+02 7.800e+01)
|                    ( - 3.585e+03 9 0 QUESTION2_17_L -1 2.570e+02 3.178e+02))))
|        ( QUESTION0 -1 5.112e+03 2.897e+02 4.475e+02
|            ( - 4.447e+03 8 0 QUESTION2_14_L -1 2.697e+02 3.369e+02)
|            ( - 9.548e+02 6 0 QUESTION2_14_L -1 2.304e+02 1.106e+02)))
|    ( QUESTION8 -1 1.427e+03 2.840e+02 2.021e+02
|        ( - 4.921e+02 1 0)
|        ( - 1.219e+03 10 0 QUESTION2 -1 2.500e+02 1.819e+02)))
s>    ( QUESTION0_0_R 1 2.061e+04 7.025e+02 1.856e+03
s>        ( QUESTION0_1_R 1 1.989e+04 4.872e+02 1.654e+03
s>            ( QUESTION2_6_L -1 1.526e+04 4.078e+02 1.207e+03
s>                ( - 1.741e+03 1 0)
s>                ( QUESTION2_1_L -1 1.393e+04 4.212e+02 1.097e+03
s>                    ( - 9.711e+03 1 0)
s>                    ( QUESTION2_10_L -1 4.641e+03 2.962e+02 3.958e+02
s>                        ( - 1.351e+03 3 0 QUESTION0 -1 1.892e+02 7.800e+01)
s>                        ( - 3.585e+03 9 0 QUESTION2_17_L -1 2.570e+02 3.178e+02))))
s>            ( QUESTION0 -1 5.112e+03 2.897e+02 4.475e+02
s>                ( - 4.447e+03 8 0 QUESTION2_14_L -1 2.697e+02 3.369e+02)
s>                ( - 9.548e+02 6 0 QUESTION2_14_L -1 2.304e+02 1.106e+02)))
s>        ( QUESTION8 -1 1.427e+03 2.840e+02 2.021e+02
s>            ( - 4.921e+02 1 0)
s>            ( - 1.219e+03 10 0 QUESTION2 -1 2.500e+02 1.819e+02)))INFO: dtree.c(1524): Final simple tree
|( QUESTION2_1_L -1 2.301e+04 5.297e+02 1.478e+03
|    ( - 4.589e+03 1 0)
|    ( QUESTION2_17_L -1 1.895e+04 4.182e+02 1.160e+03
|        ( QUESTION11 -1 8.519e+03 3.263e+02 4.908e+02
|            ( - 1.087e+03 1 0)
|            ( - 7.758e+03 5 0 QUESTION0 -1 1.586e+02 4.517e+02))
|        ( QUESTION2_14_L -1 1.085e+04 3.293e+02 6.693e+02
|            ( - 1.347e+03 1 0)
|            ( QUESTION2 -1 9.832e+03 2.670e+02 6.134e+02
|                ( - 6.185e+02 1 0)
|                ( QUESTION12 -1 9.480e+03 2.547e+02 5.793e+02
|                    ( - 4.025e+03 1 0)
|                    ( QUESTION0 -1 5.710e+03 2.217e+02 3.256e+02
|                        ( - 5.126e+03 2 0 QUESTION2_0_L -1 3.026e+02 2.773e+02)
|                        ( - 8.052e+02 1 0)))))))
s>    ( QUESTION2_1_L -1 2.301e+04 5.297e+02 1.478e+03
s>        ( - 4.589e+03 1 0)
s>        ( QUESTION2_17_L -1 1.895e+04 4.182e+02 1.160e+03
s>            ( QUESTION11 -1 8.519e+03 3.263e+02 4.908e+02
s>                ( - 1.087e+03 1 0)
s>                ( - 7.758e+03 5 0 QUESTION0 -1 1.586e+02 4.517e+02))
s>            ( QUESTION2_14_L -1 1.085e+04 3.293e+02 6.693e+02
s>                ( - 1.347e+03 1 0)
s>                ( QUESTION2 -1 9.832e+03 2.670e+02 6.134e+02
s>                    ( - 6.185e+02 1 0)
s>                    ( QUESTION12 -1 9.480e+03 2.547e+02 5.793e+02
s>                        ( - 4.025e+03 1 0)
s>                        ( QUESTION0 -1 5.710e+03 2.217e+02 3.256e+02
s>                            ( - 5.126e+03 2 0 QUESTION2_0_L -1 3.026e+02 2.773e+02)
s>                            ( - 8.052e+02 1 0)))))))INFO: dtree.c(1351): Comp split 3
INFO: dtree.c(1524): Final simple tree
|( QUESTION2 1 -2.327e+03 1.232e+03 2.818e+02
|    ( QUESTION0_14_R 1 -1.022e+03 3.391e+02 7.684e+01
|        ( - -5.552e+02 1 0)
|        ( QUESTION0_0_R 1 -1.280e+02 3.001e+02 2.201e+01
|            ( - -8.859e+01 2 0 QUESTION4 1 1.898e+02 1.501e+01)
|            ( - 2.607e+02 1 0)))
|    ( QUESTION2 -1 -7.190e+01 6.747e+02 2.050e+02
|        ( - -4.307e+01 1 0)
|        ( QUESTION0 -1 6.459e+02 5.429e+02 1.689e+02
|            ( QUESTION0_0_R 1 6.690e+02 2.921e+02 1.411e+02
|                ( - 7.073e+02 1 0)
|                ( - 2.538e+02 1 0))
|            ( QUESTION0_15_R 1 5.198e+02 2.522e+02 2.779e+01
|                ( - 3.072e+02 1 0)
|                ( - 4.648e+02 1 0)))))
s>    ( QUESTION2 1 -2.327e+03 1.232e+03 2.818e+02
s>        ( QUESTION0_14_R 1 -1.022e+03 3.391e+02 7.684e+01
s>            ( - -5.552e+02 1 0)
s>            ( QUESTION0_0_R 1 -1.280e+02 3.001e+02 2.201e+01
s>                ( - -8.859e+01 2 0 QUESTION4 1 1.898e+02 1.501e+01)
s>                ( - 2.607e+02 1 0)))
s>        ( QUESTION2 -1 -7.190e+01 6.747e+02 2.050e+02
s>            ( - -4.307e+01 1 0)
s>            ( QUESTION0 -1 6.459e+02 5.429e+02 1.689e+02
s>                ( QUESTION0_0_R 1 6.690e+02 2.921e+02 1.411e+02
s>                    ( - 7.073e+02 1 0)
s>                    ( - 2.538e+02 1 0))
s>                ( QUESTION0_15_R 1 5.198e+02 2.522e+02 2.779e+01
s>                    ( - 3.072e+02 1 0)
s>                    ( - 4.648e+02 1 0)))))INFO: dtree.c(1524): Final simple tree
|( QUESTION0_20_R 1 6.346e+03 2.134e+03 2.007e+03
|    ( QUESTION2_17_L -1 4.998e+03 4.445e+02 7.341e+02
|        ( - 2.320e+03 5 0 QUESTION0 -1 1.884e+02 1.964e+02)
|        ( - 3.123e+03 8 0 QUESTION2_1_L -1 2.464e+02 5.377e+02))
|    ( QUESTION0_14_R 1 3.482e+03 9.987e+02 1.273e+03
|        ( QUESTION0_18_R 1 2.456e+03 7.612e+02 9.205e+02
|            ( WDBNDRY_B 0 2.459e+03 8.060e+02 5.803e+02
|                ( - 1.473e+03 1 0)
|                ( - 1.792e+03 1 0))
|            ( QUESTION2_0_L -1 7.577e+02 3.312e+02 3.402e+02
|                ( - 5.662e+02 3 0 QUESTION0 -1 1.708e+02 1.198e+02)
|                ( QUESTION2_14_L -1 5.227e+02 2.843e+02 2.204e+02
|                    ( - 3.946e+02 6 0 QUESTION11 -1 1.866e+02 7.621e+01)
|                    ( - 4.124e+02 8 0 QUESTION0_15_R 1 2.230e+02 1.442e+02))))
|        ( - 2.025e+03 3 0 QUESTION0_1_R 1 2.575e+02 3.521e+02)))
s>    ( QUESTION0_20_R 1 6.346e+03 2.134e+03 2.007e+03
s>        ( QUESTION2_17_L -1 4.998e+03 4.445e+02 7.341e+02
s>            ( - 2.320e+03 5 0 QUESTION0 -1 1.884e+02 1.964e+02)
s>            ( - 3.123e+03 8 0 QUESTION2_1_L -1 2.464e+02 5.377e+02))
s>        ( QUESTION0_14_R 1 3.482e+03 9.987e+02 1.273e+03
s>            ( QUESTION0_18_R 1 2.456e+03 7.612e+02 9.205e+02
s>                ( WDBNDRY_B 0 2.459e+03 8.060e+02 5.803e+02
s>                    ( - 1.473e+03 1 0)
s>                    ( - 1.792e+03 1 0))
s>                ( QUESTION2_0_L -1 7.577e+02 3.312e+02 3.402e+02
s>                    ( - 5.662e+02 3 0 QUESTION0 -1 1.708e+02 1.198e+02)
s>                    ( QUESTION2_14_L -1 5.227e+02 2.843e+02 2.204e+02
s>                        ( - 3.946e+02 6 0 QUESTION11 -1 1.866e+02 7.621e+01)
s>                        ( - 4.124e+02 8 0 QUESTION0_15_R 1 2.230e+02 1.442e+02))))
s>            ( - 2.025e+03 3 0 QUESTION0_1_R 1 2.575e+02 3.521e+02)))INFO: dtree.c(1351): Comp split 4
INFO: dtree.c(1524): Final simple tree
|( QUESTION0_14_R 1 3.545e+03 8.877e+02 1.077e+03
|    ( WDBNDRY_B 0 2.408e+03 6.872e+02 7.244e+02
|        ( QUESTION0_18_R 1 1.514e+03 4.456e+02 6.101e+02
|            ( - 1.473e+03 1 0)
|            ( QUESTION0_15_R 1 4.867e+02 2.255e+02 1.332e+02
|                ( - 2.147e+02 1 0)
|                ( - 4.975e+02 5 0 QUESTION8 -1 1.717e+02 1.302e+02)))
|        ( QUESTION0_18_R 1 1.581e+03 3.220e+02 1.144e+02
|            ( - 1.792e+03 1 0)
|            ( QUESTION0 -1 1.108e+02 2.572e+02 1.099e+01
|                ( - 2.386e+02 1 0)
|                ( - 1.294e+02 1 0))))
|    ( QUESTION0_1_R 1 2.025e+03 2.575e+02 3.521e+02
|        ( - 1.770e+03 1 0)
|        ( - 5.121e+02 2 0 QUESTION0_0_R 1 2.029e+02 1.345e+02)))
s>    ( QUESTION0_14_R 1 3.545e+03 8.877e+02 1.077e+03
s>        ( WDBNDRY_B 0 2.408e+03 6.872e+02 7.244e+02
s>            ( QUESTION0_18_R 1 1.514e+03 4.456e+02 6.101e+02
s>                ( - 1.473e+03 1 0)
s>                ( QUESTION0_15_R 1 4.867e+02 2.255e+02 1.332e+02
s>                    ( - 2.147e+02 1 0)
s>                    ( - 4.975e+02 5 0 QUESTION8 -1 1.717e+02 1.302e+02)))
s>            ( QUESTION0_18_R 1 1.581e+03 3.220e+02 1.144e+02
s>                ( - 1.792e+03 1 0)
s>                ( QUESTION0 -1 1.108e+02 2.572e+02 1.099e+01
s>                    ( - 2.386e+02 1 0)
s>                    ( - 1.294e+02 1 0))))
s>        ( QUESTION0_1_R 1 2.025e+03 2.575e+02 3.521e+02
s>            ( - 1.770e+03 1 0)
s>            ( - 5.121e+02 2 0 QUESTION0_0_R 1 2.029e+02 1.345e+02)))INFO: dtree.c(1524): Final simple tree
|( QUESTION0_20_R 1 4.974e+03 6.724e+02 9.301e+02
|    ( QUESTION2_17_L -1 4.998e+03 4.445e+02 7.341e+02
|        ( - 2.320e+03 5 0 QUESTION0 -1 1.884e+02 1.964e+02)
|        ( QUESTION2_1_L -1 3.123e+03 2.464e+02 5.377e+02
|            ( - 1.707e+03 1 0)
|            ( SILENCE -1 1.662e+03 2.260e+02 2.954e+02
|                ( - 2.984e+02 1 0)
|                ( QUESTION2_10_L -1 1.589e+03 2.316e+02 2.390e+02
|                    ( QUESTION0 -1 3.590e+02 2.116e+02 1.901e+01
|                        ( - 4.454e+02 1 0)
|                        ( - 1.252e+02 1 0))
|                    ( - 1.462e+03 4 0 QUESTION11 -1 1.961e+02 2.200e+02)))))
|    ( QUESTION2_0_L -1 6.479e+02 3.129e+02 1.960e+02
|        ( - 5.662e+02 3 0 QUESTION0 -1 1.708e+02 1.198e+02)
|        ( - 3.946e+02 6 0 QUESTION11 -1 1.866e+02 7.621e+01)))
s>    ( QUESTION0_20_R 1 4.974e+03 6.724e+02 9.301e+02
s>        ( QUESTION2_17_L -1 4.998e+03 4.445e+02 7.341e+02
s>            ( - 2.320e+03 5 0 QUESTION0 -1 1.884e+02 1.964e+02)
s>            ( QUESTION2_1_L -1 3.123e+03 2.464e+02 5.377e+02
s>                ( - 1.707e+03 1 0)
s>                ( SILENCE -1 1.662e+03 2.260e+02 2.954e+02
s>                    ( - 2.984e+02 1 0)
s>                    ( QUESTION2_10_L -1 1.589e+03 2.316e+02 2.390e+02
s>                        ( QUESTION0 -1 3.590e+02 2.116e+02 1.901e+01
s>                            ( - 4.454e+02 1 0)
s>                            ( - 1.252e+02 1 0))
s>                        ( - 1.462e+03 4 0 QUESTION11 -1 1.961e+02 2.200e+02)))))
s>        ( QUESTION2_0_L -1 6.479e+02 3.129e+02 1.960e+02
s>            ( - 5.662e+02 3 0 QUESTION0 -1 1.708e+02 1.198e+02)
s>            ( - 3.946e+02 6 0 QUESTION11 -1 1.866e+02 7.621e+01)))INFO: dtree.c(1351): Comp split 5
INFO: dtree.c(1483): stop. leaf nodes are specific
INFO: dtree.c(1524): Final simple tree
|( QUESTION2 -1 -7.190e+01 6.747e+02 2.050e+02
|    ( - -4.307e+01 1 0)
|    ( QUESTION0 -1 6.459e+02 5.429e+02 1.689e+02
|        ( QUESTION0_0_R 1 6.690e+02 2.921e+02 1.411e+02
|            ( - 7.073e+02 1 0)
|            ( - 2.538e+02 1 0))
|        ( QUESTION0_15_R 1 5.198e+02 2.522e+02 2.779e+01
|            ( - 3.072e+02 1 0)
|            ( - 4.648e+02 1 0))))
s>    ( QUESTION2 -1 -7.190e+01 6.747e+02 2.050e+02
s>        ( - -4.307e+01 1 0)
s>        ( QUESTION0 -1 6.459e+02 5.429e+02 1.689e+02
s>            ( QUESTION0_0_R 1 6.690e+02 2.921e+02 1.411e+02
s>                ( - 7.073e+02 1 0)
s>                ( - 2.538e+02 1 0))
s>            ( QUESTION0_15_R 1 5.198e+02 2.522e+02 2.779e+01
s>                ( - 3.072e+02 1 0)
s>                ( - 4.648e+02 1 0))))INFO: dtree.c(1483): stop. leaf nodes are specific
INFO: dtree.c(1524): Final simple tree
|( QUESTION0_14_R 1 -1.022e+03 3.391e+02 7.684e+01
|    ( - -5.552e+02 1 0)
|    ( QUESTION0_0_R 1 -1.280e+02 3.001e+02 2.201e+01
|        ( QUESTION4 1 -8.859e+01 1.898e+02 1.501e+01
|            ( - -2.144e+01 1 0)
|            ( - 1.227e+02 1 0))
|        ( - 2.607e+02 1 0)))
s>    ( QUESTION0_14_R 1 -1.022e+03 3.391e+02 7.684e+01
s>        ( - -5.552e+02 1 0)
s>        ( QUESTION0_0_R 1 -1.280e+02 3.001e+02 2.201e+01
s>            ( QUESTION4 1 -8.859e+01 1.898e+02 1.501e+01
s>                ( - -2.144e+01 1 0)
s>                ( - 1.227e+02 1 0))
s>            ( - 2.607e+02 1 0)))INFO: dtree.c(1351): Comp split 6
INFO: dtree.c(1524): Final simple tree
|( QUESTION0_18_R 1 1.427e+03 4.589e+02 6.211e+02
|    ( - 1.473e+03 1 0)
|    ( QUESTION0_15_R 1 4.124e+02 2.230e+02 1.442e+02
|        ( - 2.147e+02 1 0)
|        ( WDBNDRY_B 0 4.207e+02 1.876e+02 1.412e+02
|            ( QUESTION8 -1 4.975e+02 1.717e+02 1.302e+02
|                ( - 1.927e+02 1 0)
|                ( QUESTION1 -1 4.765e+02 1.506e+02 1.262e+02
|                    ( - 1.657e+02 1 0)
|                    ( SILENCE -1 4.614e+02 1.007e+02 1.189e+02
|                        ( - 3.612e+02 1 0)
|                        ( - 2.009e+02 2 0))))
|            ( QUESTION0 -1 1.108e+02 2.572e+02 1.099e+01
|                ( - 2.386e+02 1 0)
|                ( - 1.294e+02 1 0)))))
s>    ( QUESTION0_18_R 1 1.427e+03 4.589e+02 6.211e+02
s>        ( - 1.473e+03 1 0)
s>        ( QUESTION0_15_R 1 4.124e+02 2.230e+02 1.442e+02
s>            ( - 2.147e+02 1 0)
s>            ( WDBNDRY_B 0 4.207e+02 1.876e+02 1.412e+02
s>                ( QUESTION8 -1 4.975e+02 1.717e+02 1.302e+02
s>                    ( - 1.927e+02 1 0)
s>                    ( QUESTION1 -1 4.765e+02 1.506e+02 1.262e+02
s>                        ( - 1.657e+02 1 0)
s>                        ( SILENCE -1 4.614e+02 1.007e+02 1.189e+02
s>                            ( - 3.612e+02 1 0)
s>                            ( - 2.009e+02 2 0))))
s>                ( QUESTION0 -1 1.108e+02 2.572e+02 1.099e+01
s>                    ( - 2.386e+02 1 0)
s>                    ( - 1.294e+02 1 0)))))INFO: dtree.c(1483): stop. leaf nodes are specific
INFO: dtree.c(1524): Final simple tree
|( WDBNDRY_B 0 3.200e+03 6.165e+02 4.555e+02
|    ( QUESTION0_1_R 1 2.025e+03 2.575e+02 3.521e+02
|        ( - 1.770e+03 1 0)
|        ( QUESTION0_0_R 1 5.121e+02 2.029e+02 1.345e+02
|            ( - 4.858e+02 1 0)
|            ( - 2.292e+02 1 0)))
|    ( - 1.792e+03 1 0))
s>    ( WDBNDRY_B 0 3.200e+03 6.165e+02 4.555e+02
s>        ( QUESTION0_1_R 1 2.025e+03 2.575e+02 3.521e+02
s>            ( - 1.770e+03 1 0)
s>            ( QUESTION0_0_R 1 5.121e+02 2.029e+02 1.345e+02
s>                ( - 4.858e+02 1 0)
s>                ( - 2.292e+02 1 0)))
s>        ( - 1.792e+03 1 0))INFO: dtree.c(1351): Comp split 7
INFO: dtree.c(1524): Final simple tree
|( QUESTION0_1_R 1 1.928e+04 4.354e+02 1.544e+03
|    ( QUESTION2_6_L -1 1.526e+04 4.078e+02 1.207e+03
|        ( - 1.741e+03 1 0)
|        ( QUESTION2_1_L -1 1.393e+04 4.212e+02 1.097e+03
|            ( - 9.711e+03 1 0)
|            ( QUESTION2_10_L -1 4.641e+03 2.962e+02 3.958e+02
|                ( - 1.351e+03 3 0 QUESTION0 -1 1.892e+02 7.800e+01)
|                ( QUESTION2_17_L -1 3.585e+03 2.570e+02 3.178e+02
|                    ( QUESTION2 -1 2.659e+03 2.304e+02 2.174e+02
|                        ( - 8.478e+02 1 0)
|                        ( - 2.042e+03 5 0 QUESTION0 -1 1.472e+02 1.715e+02))
|                    ( - 1.183e+03 3 0 QUESTION2 -1 2.059e+02 1.003e+02)))))
|    ( QUESTION2_14_L -1 4.447e+03 2.697e+02 3.369e+02
|        ( - 1.726e+03 4 0)
|        ( - 2.991e+03 4 0 QUESTION2_1_L -1 1.958e+02 2.001e+02)))
s>    ( QUESTION0_1_R 1 1.928e+04 4.354e+02 1.544e+03
s>        ( QUESTION2_6_L -1 1.526e+04 4.078e+02 1.207e+03
s>            ( - 1.741e+03 1 0)
s>            ( QUESTION2_1_L -1 1.393e+04 4.212e+02 1.097e+03
s>                ( - 9.711e+03 1 0)
s>                ( QUESTION2_10_L -1 4.641e+03 2.962e+02 3.958e+02
s>                    ( - 1.351e+03 3 0 QUESTION0 -1 1.892e+02 7.800e+01)
s>                    ( QUESTION2_17_L -1 3.585e+03 2.570e+02 3.178e+02
s>                        ( QUESTION2 -1 2.659e+03 2.304e+02 2.174e+02
s>                            ( - 8.478e+02 1 0)
s>                            ( - 2.042e+03 5 0 QUESTION0 -1 1.472e+02 1.715e+02))
s>                        ( - 1.183e+03 3 0 QUESTION2 -1 2.059e+02 1.003e+02)))))
s>        ( QUESTION2_14_L -1 4.447e+03 2.697e+02 3.369e+02
s>            ( - 1.726e+03 4 0)
s>            ( - 2.991e+03 4 0 QUESTION2_1_L -1 1.958e+02 2.001e+02)))INFO: dtree.c(1524): Final simple tree
|( QUESTION0_0_R 1 2.098e+03 2.834e+02 3.127e+02
|    ( QUESTION2_14_L -1 9.548e+02 2.304e+02 1.106e+02
|        ( - 4.668e+02 3 0 QUESTION2 -1 2.031e+02 3.000e+01)
|        ( QUESTION12 -1 7.184e+02 2.095e+02 8.062e+01
|            ( - 3.223e+02 1 0)
|            ( - 6.056e+02 2 0 QUESTION2 -1 1.716e+02 5.970e+01)))
|    ( QUESTION8 -1 1.427e+03 2.840e+02 2.021e+02
|        ( - 4.921e+02 1 0)
|        ( QUESTION2 -1 1.219e+03 2.500e+02 1.819e+02
|            ( - 2.852e+02 1 0)
|            ( QUESTION2_14_L -1 1.183e+03 2.235e+02 1.779e+02
|                ( QUESTION0 -1 6.586e+02 3.104e+02 5.900e+01
|                    ( - 7.448e+02 3 0)
|                    ( - 2.243e+02 1 0))
|                ( - 7.482e+02 5 0 QUESTION2_1_L -1 1.942e+02 1.189e+02)))))
s>    ( QUESTION0_0_R 1 2.098e+03 2.834e+02 3.127e+02
s>        ( QUESTION2_14_L -1 9.548e+02 2.304e+02 1.106e+02
s>            ( - 4.668e+02 3 0 QUESTION2 -1 2.031e+02 3.000e+01)
s>            ( QUESTION12 -1 7.184e+02 2.095e+02 8.062e+01
s>                ( - 3.223e+02 1 0)
s>                ( - 6.056e+02 2 0 QUESTION2 -1 1.716e+02 5.970e+01)))
s>        ( QUESTION8 -1 1.427e+03 2.840e+02 2.021e+02
s>            ( - 4.921e+02 1 0)
s>            ( QUESTION2 -1 1.219e+03 2.500e+02 1.819e+02
s>                ( - 2.852e+02 1 0)
s>                ( QUESTION2_14_L -1 1.183e+03 2.235e+02 1.779e+02
s>                    ( QUESTION0 -1 6.586e+02 3.104e+02 5.900e+01
s>                        ( - 7.448e+02 3 0)
s>                        ( - 2.243e+02 1 0))
s>                    ( - 7.482e+02 5 0 QUESTION2_1_L -1 1.942e+02 1.189e+02)))))INFO: dtree.c(1351): Comp split 8
INFO: dtree.c(1483): stop. leaf nodes are specific
INFO: dtree.c(1524): Final simple tree
|( QUESTION0 -1 6.459e+02 5.429e+02 1.689e+02
|    ( QUESTION0_0_R 1 6.690e+02 2.921e+02 1.411e+02
|        ( - 7.073e+02 1 0)
|        ( - 2.538e+02 1 0))
|    ( QUESTION0_15_R 1 5.198e+02 2.522e+02 2.779e+01
|        ( - 3.072e+02 1 0)
|        ( - 4.648e+02 1 0)))
s>    ( QUESTION0 -1 6.459e+02 5.429e+02 1.689e+02
s>        ( QUESTION0_0_R 1 6.690e+02 2.921e+02 1.411e+02
s>            ( - 7.073e+02 1 0)
s>            ( - 2.538e+02 1 0))
s>        ( QUESTION0_15_R 1 5.198e+02 2.522e+02 2.779e+01
s>            ( - 3.072e+02 1 0)
s>            ( - 4.648e+02 1 0)))INFO: dtree.c(1351): Comp split 9
INFO: dtree.c(1524): Final simple tree
|( QUESTION2_17_L -1 4.998e+03 4.445e+02 7.341e+02
|    ( - 2.320e+03 5 0 QUESTION0 -1 1.884e+02 1.964e+02)
|    ( QUESTION2_1_L -1 3.123e+03 2.464e+02 5.377e+02
|        ( - 1.707e+03 1 0)
|        ( SILENCE -1 1.662e+03 2.260e+02 2.954e+02
|            ( - 2.984e+02 1 0)
|            ( QUESTION2_10_L -1 1.589e+03 2.316e+02 2.390e+02
|                ( QUESTION0 -1 3.590e+02 2.116e+02 1.901e+01
|                    ( - 4.454e+02 1 0)
|                    ( - 1.252e+02 1 0))
|                ( QUESTION11 -1 1.462e+03 1.961e+02 2.200e+02
|                    ( QUESTION2_0_L -1 7.156e+02 1.911e+02 1.254e+02
|                        ( - 2.851e+02 1 0)
|                        ( - 6.216e+02 1 0))
|                    ( - 9.426e+02 2 0 QUESTION0 -1 1.735e+02 9.461e+01))))))
s>    ( QUESTION2_17_L -1 4.998e+03 4.445e+02 7.341e+02
s>        ( - 2.320e+03 5 0 QUESTION0 -1 1.884e+02 1.964e+02)
s>        ( QUESTION2_1_L -1 3.123e+03 2.464e+02 5.377e+02
s>            ( - 1.707e+03 1 0)
s>            ( SILENCE -1 1.662e+03 2.260e+02 2.954e+02
s>                ( - 2.984e+02 1 0)
s>                ( QUESTION2_10_L -1 1.589e+03 2.316e+02 2.390e+02
s>                    ( QUESTION0 -1 3.590e+02 2.116e+02 1.901e+01
s>                        ( - 4.454e+02 1 0)
s>                        ( - 1.252e+02 1 0))
s>                    ( QUESTION11 -1 1.462e+03 1.961e+02 2.200e+02
s>                        ( QUESTION2_0_L -1 7.156e+02 1.911e+02 1.254e+02
s>                            ( - 2.851e+02 1 0)
s>                            ( - 6.216e+02 1 0))
s>                        ( - 9.426e+02 2 0 QUESTION0 -1 1.735e+02 9.461e+01))))))INFO: dtree.c(1483): stop. leaf nodes are specific
INFO: dtree.c(1524): Final simple tree
|( QUESTION2_0_L -1 6.479e+02 3.129e+02 1.960e+02
|    ( QUESTION0 -1 5.662e+02 1.708e+02 1.198e+02
|        ( QUESTION2_1_L -1 5.143e+02 1.834e+02 7.354e+01
|            ( - 2.996e+02 1 0)
|            ( - 3.981e+02 1 0))
|        ( - 2.227e+02 1 0))
|    ( QUESTION11 -1 3.946e+02 1.866e+02 7.621e+01
|        ( - 2.715e+02 1 0)
|        ( QUESTION0 -1 3.098e+02 1.639e+02 6.509e+01
|            ( - 2.861e+02 4 0)
|            ( - 1.876e+02 1 0))))
s>    ( QUESTION2_0_L -1 6.479e+02 3.129e+02 1.960e+02
s>        ( QUESTION0 -1 5.662e+02 1.708e+02 1.198e+02
s>            ( QUESTION2_1_L -1 5.143e+02 1.834e+02 7.354e+01
s>                ( - 2.996e+02 1 0)
s>                ( - 3.981e+02 1 0))
s>            ( - 2.227e+02 1 0))
s>        ( QUESTION11 -1 3.946e+02 1.866e+02 7.621e+01
s>            ( - 2.715e+02 1 0)
s>            ( QUESTION0 -1 3.098e+02 1.639e+02 6.509e+01
s>                ( - 2.861e+02 4 0)
s>                ( - 1.876e+02 1 0))))INFO: dtree.c(1351): Comp split 10
INFO: dtree.c(1483): stop. leaf nodes are specific
INFO: dtree.c(1524): Final simple tree
|( QUESTION0_1_R 1 2.025e+03 2.575e+02 3.521e+02
|    ( - 1.770e+03 1 0)
|    ( QUESTION0_0_R 1 5.121e+02 2.029e+02 1.345e+02
|        ( - 4.858e+02 1 0)
|        ( - 2.292e+02 1 0)))
s>    ( QUESTION0_1_R 1 2.025e+03 2.575e+02 3.521e+02
s>        ( - 1.770e+03 1 0)
s>        ( QUESTION0_0_R 1 5.121e+02 2.029e+02 1.345e+02
s>            ( - 4.858e+02 1 0)
s>            ( - 2.292e+02 1 0)))INFO: dtree.c(1351): Comp split 11
INFO: dtree.c(1483): stop. leaf nodes are specific
INFO: dtree.c(1524): Final simple tree
|( QUESTION0_15_R 1 5.198e+02 2.522e+02 2.779e+01
|    ( - 3.072e+02 1 0)
|    ( - 4.648e+02 1 0))
s>    ( QUESTION0_15_R 1 5.198e+02 2.522e+02 2.779e+01
s>        ( - 3.072e+02 1 0)
s>        ( - 4.648e+02 1 0))INFO: dtree.c(1483): stop. leaf nodes are specific
INFO: dtree.c(1524): Final simple tree
|( QUESTION0_0_R 1 6.690e+02 2.921e+02 1.411e+02
|    ( - 7.073e+02 1 0)
|    ( - 2.538e+02 1 0))
s>    ( QUESTION0_0_R 1 6.690e+02 2.921e+02 1.411e+02
s>        ( - 7.073e+02 1 0)
s>        ( - 2.538e+02 1 0))INFO: dtree.c(1351): Comp split 12
INFO: dtree.c(1524): Final simple tree
|( QUESTION2_17_L -1 1.895e+04 4.182e+02 1.160e+03
|    ( QUESTION11 -1 8.519e+03 3.263e+02 4.908e+02
|        ( - 1.087e+03 1 0)
|        ( - 7.758e+03 5 0 QUESTION0 -1 1.586e+02 4.517e+02))
|    ( QUESTION2_14_L -1 1.085e+04 3.293e+02 6.693e+02
|        ( - 1.347e+03 1 0)
|        ( QUESTION2 -1 9.832e+03 2.670e+02 6.134e+02
|            ( - 6.185e+02 1 0)
|            ( QUESTION12 -1 9.480e+03 2.547e+02 5.793e+02
|                ( - 4.025e+03 1 0)
|                ( QUESTION0 -1 5.710e+03 2.217e+02 3.256e+02
|                    ( QUESTION2_0_L -1 5.126e+03 3.026e+02 2.773e+02
|                        ( - 4.702e+03 1 0)
|                        ( - 7.273e+02 1 0))
|                    ( - 8.052e+02 1 0))))))
s>    ( QUESTION2_17_L -1 1.895e+04 4.182e+02 1.160e+03
s>        ( QUESTION11 -1 8.519e+03 3.263e+02 4.908e+02
s>            ( - 1.087e+03 1 0)
s>            ( - 7.758e+03 5 0 QUESTION0 -1 1.586e+02 4.517e+02))
s>        ( QUESTION2_14_L -1 1.085e+04 3.293e+02 6.693e+02
s>            ( - 1.347e+03 1 0)
s>            ( QUESTION2 -1 9.832e+03 2.670e+02 6.134e+02
s>                ( - 6.185e+02 1 0)
s>                ( QUESTION12 -1 9.480e+03 2.547e+02 5.793e+02
s>                    ( - 4.025e+03 1 0)
s>                    ( QUESTION0 -1 5.710e+03 2.217e+02 3.256e+02
s>                        ( QUESTION2_0_L -1 5.126e+03 3.026e+02 2.773e+02
s>                            ( - 4.702e+03 1 0)
s>                            ( - 7.273e+02 1 0))
s>                        ( - 8.052e+02 1 0))))))INFO: dtree.c(1351): Comp split 13
INFO: dtree.c(1524): Final simple tree
|( QUESTION2_1_L -1 1.432e+04 4.102e+02 1.156e+03
|    ( - 9.711e+03 1 0)
|    ( QUESTION0_1_R 1 5.015e+03 2.968e+02 4.545e+02
|        ( QUESTION2_17_L -1 3.585e+03 2.570e+02 3.178e+02
|            ( QUESTION2 -1 2.659e+03 2.304e+02 2.174e+02
|                ( - 8.478e+02 1 0)
|                ( QUESTION0 -1 2.042e+03 1.472e+02 1.715e+02
|                    ( - 1.934e+03 4 0)
|                    ( - 2.556e+02 1 0)))
|            ( QUESTION2 -1 1.183e+03 2.059e+02 1.003e+02
|                ( - 1.712e+02 1 0)
|                ( QUESTION0 -1 1.218e+03 1.364e+02 9.132e+01
|                    ( - 9.808e+02 1 0)
|                    ( - 3.733e+02 1 0))))
|        ( - 1.726e+03 4 0)))
s>    ( QUESTION2_1_L -1 1.432e+04 4.102e+02 1.156e+03
s>        ( - 9.711e+03 1 0)
s>        ( QUESTION0_1_R 1 5.015e+03 2.968e+02 4.545e+02
s>            ( QUESTION2_17_L -1 3.585e+03 2.570e+02 3.178e+02
s>                ( QUESTION2 -1 2.659e+03 2.304e+02 2.174e+02
s>                    ( - 8.478e+02 1 0)
s>                    ( QUESTION0 -1 2.042e+03 1.472e+02 1.715e+02
s>                        ( - 1.934e+03 4 0)
s>                        ( - 2.556e+02 1 0)))
s>                ( QUESTION2 -1 1.183e+03 2.059e+02 1.003e+02
s>                    ( - 1.712e+02 1 0)
s>                    ( QUESTION0 -1 1.218e+03 1.364e+02 9.132e+01
s>                        ( - 9.808e+02 1 0)
s>                        ( - 3.733e+02 1 0))))
s>            ( - 1.726e+03 4 0)))INFO: dtree.c(1483): stop. leaf nodes are specific
INFO: dtree.c(1524): Final simple tree
|( QUESTION12 -1 5.477e+03 3.468e+02 3.879e+02
|    ( - 1.741e+03 1 0)
|    ( QUESTION0_1_R 1 4.083e+03 2.601e+02 2.781e+02
|        ( QUESTION0 -1 1.351e+03 1.892e+02 7.800e+01
|            ( - 1.373e+03 2 0)
|            ( - 1.677e+02 1 0))
|        ( QUESTION2_1_L -1 2.991e+03 1.958e+02 2.001e+02
|            ( - 1.608e+03 1 0)
|            ( QUESTION2_0_L -1 1.579e+03 1.357e+02 1.038e+02
|                ( - 7.787e+02 1 0)
|                ( - 9.362e+02 2 0)))))
s>    ( QUESTION12 -1 5.477e+03 3.468e+02 3.879e+02
s>        ( - 1.741e+03 1 0)
s>        ( QUESTION0_1_R 1 4.083e+03 2.601e+02 2.781e+02
s>            ( QUESTION0 -1 1.351e+03 1.892e+02 7.800e+01
s>                ( - 1.373e+03 2 0)
s>                ( - 1.677e+02 1 0))
s>            ( QUESTION2_1_L -1 2.991e+03 1.958e+02 2.001e+02
s>                ( - 1.608e+03 1 0)
s>                ( QUESTION2_0_L -1 1.579e+03 1.357e+02 1.038e+02
s>                    ( - 7.787e+02 1 0)
s>                    ( - 9.362e+02 2 0)))))INFO: dtree.c(1351): Comp split 14
INFO: dtree.c(1483): stop. leaf nodes are specific
INFO: dtree.c(1524): Final simple tree
|( QUESTION2_0_L -1 1.850e+03 2.536e+02 3.795e+02
|    ( QUESTION0 -1 1.807e+03 1.853e+02 3.181e+02
|        ( - 1.707e+03 1 0)
|        ( - 2.851e+02 1 0))
|    ( SILENCE -1 2.973e+02 1.264e+02 6.141e+01
|        ( - 2.984e+02 1 0)
|        ( - 1.252e+02 1 0)))
s>    ( QUESTION2_0_L -1 1.850e+03 2.536e+02 3.795e+02
s>        ( QUESTION0 -1 1.807e+03 1.853e+02 3.181e+02
s>            ( - 1.707e+03 1 0)
s>            ( - 2.851e+02 1 0))
s>        ( SILENCE -1 2.973e+02 1.264e+02 6.141e+01
s>            ( - 2.984e+02 1 0)
s>            ( - 1.252e+02 1 0)))INFO: dtree.c(1483): stop. leaf nodes are specific
INFO: dtree.c(1524): Final simple tree
|( QUESTION2_10_L -1 3.629e+03 2.901e+02 3.546e+02
|    ( - 4.454e+02 1 0)
|    ( QUESTION3 -1 3.473e+03 2.262e+02 3.406e+02
|        ( - 1.880e+02 1 0)
|        ( QUESTION0 -1 3.512e+03 1.993e+02 3.296e+02
|            ( QUESTION2_0_L -1 3.012e+03 1.657e+02 2.720e+02
|                ( - 9.280e+02 1 0)
|                ( - 2.249e+03 4 0))
|            ( QUESTION2 -1 6.991e+02 1.815e+02 5.758e+01
|                ( - 2.590e+02 1 0)
|                ( - 6.216e+02 1 0)))))
s>    ( QUESTION2_10_L -1 3.629e+03 2.901e+02 3.546e+02
s>        ( - 4.454e+02 1 0)
s>        ( QUESTION3 -1 3.473e+03 2.262e+02 3.406e+02
s>            ( - 1.880e+02 1 0)
s>            ( QUESTION0 -1 3.512e+03 1.993e+02 3.296e+02
s>                ( QUESTION2_0_L -1 3.012e+03 1.657e+02 2.720e+02
s>                    ( - 9.280e+02 1 0)
s>                    ( - 2.249e+03 4 0))
s>                ( QUESTION2 -1 6.991e+02 1.815e+02 5.758e+01
s>                    ( - 2.590e+02 1 0)
s>                    ( - 6.216e+02 1 0)))))INFO: dtree.c(1351): Comp split 15
INFO: dtree.c(1483): stop. leaf nodes are specific
INFO: dtree.c(1524): Final simple tree
|( SILENCE -1 1.514e+03 1.513e+02 4.809e+02
|    ( - 1.473e+03 1 0)
|    ( - 1.927e+02 1 0))
s>    ( SILENCE -1 1.514e+03 1.513e+02 4.809e+02
s>        ( - 1.473e+03 1 0)
s>        ( - 1.927e+02 1 0))INFO: dtree.c(1483): stop. leaf nodes are specific
INFO: dtree.c(1524): Final simple tree
|( QUESTION0_15_R 1 3.868e+02 2.231e+02 1.402e+02
|    ( - 2.147e+02 1 0)
|    ( WDBNDRY_B 0 3.952e+02 1.921e+02 1.372e+02
|        ( QUESTION1 -1 4.765e+02 1.506e+02 1.262e+02
|            ( - 1.657e+02 1 0)
|            ( SILENCE -1 4.614e+02 1.007e+02 1.189e+02
|                ( - 3.612e+02 1 0)
|                ( - 2.009e+02 2 0)))
|        ( QUESTION0 -1 1.108e+02 2.572e+02 1.099e+01
|            ( - 2.386e+02 1 0)
|            ( - 1.294e+02 1 0))))
s>    ( QUESTION0_15_R 1 3.868e+02 2.231e+02 1.402e+02
s>        ( - 2.147e+02 1 0)
s>        ( WDBNDRY_B 0 3.952e+02 1.921e+02 1.372e+02
s>            ( QUESTION1 -1 4.765e+02 1.506e+02 1.262e+02
s>                ( - 1.657e+02 1 0)
s>                ( SILENCE -1 4.614e+02 1.007e+02 1.189e+02
s>                    ( - 3.612e+02 1 0)
s>                    ( - 2.009e+02 2 0)))
s>            ( QUESTION0 -1 1.108e+02 2.572e+02 1.099e+01
s>                ( - 2.386e+02 1 0)
s>                ( - 1.294e+02 1 0))))INFO: dtree.c(1351): Comp split 16
INFO: dtree.c(1483): stop. leaf nodes are specific
INFO: dtree.c(1524): Final simple tree
|( QUESTION12 -1 9.545e+03 3.247e+02 5.730e+02
|    ( - 1.087e+03 1 0)
|    ( QUESTION11 -1 8.783e+03 2.186e+02 5.340e+02
|        ( - 8.052e+02 1 0)
|        ( QUESTION2_9_L -1 8.196e+03 2.891e+02 4.857e+02
|            ( - 7.273e+02 1 0)
|            ( QUESTION0 -1 7.758e+03 1.586e+02 4.517e+02
|                ( - 5.942e+03 4 0)
|                ( - 1.974e+03 1 0)))))
s>    ( QUESTION12 -1 9.545e+03 3.247e+02 5.730e+02
s>        ( - 1.087e+03 1 0)
s>        ( QUESTION11 -1 8.783e+03 2.186e+02 5.340e+02
s>            ( - 8.052e+02 1 0)
s>            ( QUESTION2_9_L -1 8.196e+03 2.891e+02 4.857e+02
s>                ( - 7.273e+02 1 0)
s>                ( QUESTION0 -1 7.758e+03 1.586e+02 4.517e+02
s>                    ( - 5.942e+03 4 0)
s>                    ( - 1.974e+03 1 0)))))INFO: dtree.c(1483): stop. leaf nodes are specific
INFO: dtree.c(1524): Final simple tree
|( QUESTION2_14_L -1 9.853e+03 3.327e+02 5.870e+02
|    ( - 1.347e+03 1 0)
|    ( QUESTION2 -1 8.839e+03 2.715e+02 5.311e+02
|        ( - 6.185e+02 1 0)
|        ( QUESTION0 -1 8.492e+03 2.349e+02 4.970e+02
|            ( - 4.702e+03 1 0)
|            ( - 4.025e+03 1 0))))
s>    ( QUESTION2_14_L -1 9.853e+03 3.327e+02 5.870e+02
s>        ( - 1.347e+03 1 0)
s>        ( QUESTION2 -1 8.839e+03 2.715e+02 5.311e+02
s>            ( - 6.185e+02 1 0)
s>            ( QUESTION0 -1 8.492e+03 2.349e+02 4.970e+02
s>                ( - 4.702e+03 1 0)
s>                ( - 4.025e+03 1 0))))INFO: dtree.c(1351): Comp split 17
INFO: dtree.c(1483): stop. leaf nodes are specific
INFO: dtree.c(1524): Final simple tree
|( QUESTION0_1_R 1 5.015e+03 2.968e+02 4.545e+02
|    ( QUESTION2_17_L -1 3.585e+03 2.570e+02 3.178e+02
|        ( QUESTION2 -1 2.659e+03 2.304e+02 2.174e+02
|            ( - 8.478e+02 1 0)
|            ( QUESTION0 -1 2.042e+03 1.472e+02 1.715e+02
|                ( - 1.934e+03 4 0)
|                ( - 2.556e+02 1 0)))
|        ( QUESTION2 -1 1.183e+03 2.059e+02 1.003e+02
|            ( - 1.712e+02 1 0)
|            ( QUESTION0 -1 1.218e+03 1.364e+02 9.132e+01
|                ( - 9.808e+02 1 0)
|                ( - 3.733e+02 1 0))))
|    ( - 1.726e+03 4 0))
s>    ( QUESTION0_1_R 1 5.015e+03 2.968e+02 4.545e+02
s>        ( QUESTION2_17_L -1 3.585e+03 2.570e+02 3.178e+02
s>            ( QUESTION2 -1 2.659e+03 2.304e+02 2.174e+02
s>                ( - 8.478e+02 1 0)
s>                ( QUESTION0 -1 2.042e+03 1.472e+02 1.715e+02
s>                    ( - 1.934e+03 4 0)
s>                    ( - 2.556e+02 1 0)))
s>            ( QUESTION2 -1 1.183e+03 2.059e+02 1.003e+02
s>                ( - 1.712e+02 1 0)
s>                ( QUESTION0 -1 1.218e+03 1.364e+02 9.132e+01
s>                    ( - 9.808e+02 1 0)
s>                    ( - 3.733e+02 1 0))))
s>        ( - 1.726e+03 4 0))INFO: dtree.c(1351): Comp split 18
INFO: dtree.c(1483): stop. leaf nodes are specific
INFO: dtree.c(1524): Final simple tree
|( QUESTION2_17_L -1 1.425e+03 3.241e+02 1.626e+02
|    ( QUESTION11 -1 9.689e+02 2.400e+02 6.800e+01
|        ( - 4.356e+02 1 0)
|        ( QUESTION0_0_R 1 7.733e+02 2.118e+02 5.600e+01
|            ( - 2.403e+02 1 0)
|            ( - 7.448e+02 3 0)))
|    ( QUESTION12 -1 7.807e+02 2.154e+02 9.462e+01
|        ( QUESTION2_0_L -1 3.904e+02 1.971e+02 3.493e+01
|            ( - 3.223e+02 1 0)
|            ( - 2.652e+02 1 0))
|        ( QUESTION2 -1 6.056e+02 1.716e+02 5.970e+01
|            ( - 3.615e+02 1 0)
|            ( - 4.157e+02 1 0))))
s>    ( QUESTION2_17_L -1 1.425e+03 3.241e+02 1.626e+02
s>        ( QUESTION11 -1 9.689e+02 2.400e+02 6.800e+01
s>            ( - 4.356e+02 1 0)
s>            ( QUESTION0_0_R 1 7.733e+02 2.118e+02 5.600e+01
s>                ( - 2.403e+02 1 0)
s>                ( - 7.448e+02 3 0)))
s>        ( QUESTION12 -1 7.807e+02 2.154e+02 9.462e+01
s>            ( QUESTION2_0_L -1 3.904e+02 1.971e+02 3.493e+01
s>                ( - 3.223e+02 1 0)
s>                ( - 2.652e+02 1 0))
s>            ( QUESTION2 -1 6.056e+02 1.716e+02 5.970e+01
s>                ( - 3.615e+02 1 0)
s>                ( - 4.157e+02 1 0))))INFO: dtree.c(1483): stop. leaf nodes are specific
INFO: dtree.c(1524): Final simple tree
|( QUESTION3 -1 1.028e+03 2.510e+02 1.501e+02
|    ( - 2.852e+02 1 0)
|    ( QUESTION2 -1 9.934e+02 2.497e+02 1.461e+02
|        ( - 4.921e+02 1 0)
|        ( QUESTION2_14_L -1 7.510e+02 2.214e+02 1.259e+02
|            ( - 2.243e+02 1 0)
|            ( QUESTION2_1_L -1 7.482e+02 1.942e+02 1.189e+02
|                ( - 6.929e+02 1 0)
|                ( QUESTION12 -1 2.495e+02 1.597e+02 5.093e+01
|                    ( - 1.670e+02 1 0)
|                    ( QUESTION0 -1 2.422e+02 1.569e+02 4.693e+01
|                        ( - 1.967e+02 2 0)
|                        ( - 2.025e+02 1 0)))))))
s>    ( QUESTION3 -1 1.028e+03 2.510e+02 1.501e+02
s>        ( - 2.852e+02 1 0)
s>        ( QUESTION2 -1 9.934e+02 2.497e+02 1.461e+02
s>            ( - 4.921e+02 1 0)
s>            ( QUESTION2_14_L -1 7.510e+02 2.214e+02 1.259e+02
s>                ( - 2.243e+02 1 0)
s>                ( QUESTION2_1_L -1 7.482e+02 1.942e+02 1.189e+02
s>                    ( - 6.929e+02 1 0)
s>                    ( QUESTION12 -1 2.495e+02 1.597e+02 5.093e+01
s>                        ( - 1.670e+02 1 0)
s>                        ( QUESTION0 -1 2.422e+02 1.569e+02 4.693e+01
s>                            ( - 1.967e+02 2 0)
s>                            ( - 2.025e+02 1 0)))))))INFO: dtree.c(1351): Comp split 19
INFO: dtree.c(1483): stop. leaf nodes are specific
INFO: dtree.c(1524): Final simple tree
|( QUESTION0_1_R 1 4.083e+03 2.601e+02 2.781e+02
|    ( QUESTION0 -1 1.351e+03 1.892e+02 7.800e+01
|        ( - 1.373e+03 2 0)
|        ( - 1.677e+02 1 0))
|    ( QUESTION2_1_L -1 2.991e+03 1.958e+02 2.001e+02
|        ( - 1.608e+03 1 0)
|        ( QUESTION2_0_L -1 1.579e+03 1.357e+02 1.038e+02
|            ( - 7.787e+02 1 0)
|            ( - 9.362e+02 2 0))))
s>    ( QUESTION0_1_R 1 4.083e+03 2.601e+02 2.781e+02
s>        ( QUESTION0 -1 1.351e+03 1.892e+02 7.800e+01
s>            ( - 1.373e+03 2 0)
s>            ( - 1.677e+02 1 0))
s>        ( QUESTION2_1_L -1 2.991e+03 1.958e+02 2.001e+02
s>            ( - 1.608e+03 1 0)
s>            ( QUESTION2_0_L -1 1.579e+03 1.357e+02 1.038e+02
s>                ( - 7.787e+02 1 0)
s>                ( - 9.362e+02 2 0))))INFO: dtree.c(1351): Comp split 20
INFO: dtree.c(1483): stop. leaf nodes are specific
INFO: dtree.c(1524): Final simple tree
|( QUESTION0 -1 3.098e+02 1.639e+02 6.509e+01
|    ( - 2.861e+02 4 0)
|    ( - 1.876e+02 1 0))
s>    ( QUESTION0 -1 3.098e+02 1.639e+02 6.509e+01
s>        ( - 2.861e+02 4 0)
s>        ( - 1.876e+02 1 0))INFO: dtree.c(1483): stop. leaf nodes are specific
INFO: dtree.c(1524): Final simple tree
|( QUESTION2_6_L -1 6.837e+02 1.721e+02 1.309e+02
|    ( - 2.227e+02 1 0)
|    ( QUESTION2_1_L -1 6.331e+02 2.032e+02 8.466e+01
|        ( - 2.996e+02 1 0)
|        ( QUESTION0 -1 5.366e+02 1.329e+02 2.958e+01
|            ( - 3.981e+02 1 0)
|            ( - 2.715e+02 1 0))))
s>    ( QUESTION2_6_L -1 6.837e+02 1.721e+02 1.309e+02
s>        ( - 2.227e+02 1 0)
s>        ( QUESTION2_1_L -1 6.331e+02 2.032e+02 8.466e+01
s>            ( - 2.996e+02 1 0)
s>            ( QUESTION0 -1 5.366e+02 1.329e+02 2.958e+01
s>                ( - 3.981e+02 1 0)
s>                ( - 2.715e+02 1 0))))INFO: dtree.c(1351): Comp split 21
INFO: dtree.c(1483): stop. leaf nodes are specific
INFO: dtree.c(1524): Final simple tree
|( QUESTION0_0_R 1 -1.280e+02 3.001e+02 2.201e+01
|    ( QUESTION4 1 -8.859e+01 1.898e+02 1.501e+01
|        ( - -2.144e+01 1 0)
|        ( - 1.227e+02 1 0))
|    ( - 2.607e+02 1 0))
s>    ( QUESTION0_0_R 1 -1.280e+02 3.001e+02 2.201e+01
s>        ( QUESTION4 1 -8.859e+01 1.898e+02 1.501e+01
s>            ( - -2.144e+01 1 0)
s>            ( - 1.227e+02 1 0))
s>        ( - 2.607e+02 1 0))INFO: dtree.c(1351): Comp split 22
INFO: dtree.c(1483): stop. leaf nodes are specific
INFO: dtree.c(1524): Final simple tree
|( QUESTION2_14_L -1 8.130e+02 2.153e+02 9.862e+01
|    ( QUESTION2 -1 3.098e+02 1.957e+02 1.800e+01
|        ( - 2.403e+02 1 0)
|        ( - 2.652e+02 1 0))
|    ( QUESTION12 -1 7.184e+02 2.095e+02 8.062e+01
|        ( - 3.223e+02 1 0)
|        ( QUESTION2 -1 6.056e+02 1.716e+02 5.970e+01
|            ( - 3.615e+02 1 0)
|            ( - 4.157e+02 1 0))))
s>    ( QUESTION2_14_L -1 8.130e+02 2.153e+02 9.862e+01
s>        ( QUESTION2 -1 3.098e+02 1.957e+02 1.800e+01
s>            ( - 2.403e+02 1 0)
s>            ( - 2.652e+02 1 0))
s>        ( QUESTION12 -1 7.184e+02 2.095e+02 8.062e+01
s>            ( - 3.223e+02 1 0)
s>            ( QUESTION2 -1 6.056e+02 1.716e+02 5.970e+01
s>                ( - 3.615e+02 1 0)
s>                ( - 4.157e+02 1 0))))INFO: dtree.c(1483): stop. leaf nodes are specific
INFO: dtree.c(1524): Final simple tree
|( QUESTION0_0_R 1 9.459e+02 2.344e+02 6.400e+01
|    ( - 4.356e+02 1 0)
|    ( - 7.448e+02 3 0))
s>    ( QUESTION0_0_R 1 9.459e+02 2.344e+02 6.400e+01
s>        ( - 4.356e+02 1 0)
s>        ( - 7.448e+02 3 0))INFO: dtree.c(1351): Comp split 23
INFO: dtree.c(1483): stop. leaf nodes are specific
INFO: dtree.c(1524): Final simple tree
|( QUESTION2 -1 8.839e+03 2.715e+02 5.311e+02
|    ( - 6.185e+02 1 0)
|    ( QUESTION0 -1 8.492e+03 2.349e+02 4.970e+02
|        ( - 4.702e+03 1 0)
|        ( - 4.025e+03 1 0)))
s>    ( QUESTION2 -1 8.839e+03 2.715e+02 5.311e+02
s>        ( - 6.185e+02 1 0)
s>        ( QUESTION0 -1 8.492e+03 2.349e+02 4.970e+02
s>            ( - 4.702e+03 1 0)
s>            ( - 4.025e+03 1 0)))INFO: dtree.c(1351): Comp split 24
INFO: dtree.c(1483): stop. leaf nodes are specific
INFO: dtree.c(1524): Final simple tree
|( QUESTION11 -1 8.783e+03 2.186e+02 5.340e+02
|    ( - 8.052e+02 1 0)
|    ( QUESTION2_9_L -1 8.196e+03 2.891e+02 4.857e+02
|        ( - 7.273e+02 1 0)
|        ( QUESTION0 -1 7.758e+03 1.586e+02 4.517e+02
|            ( - 5.942e+03 4 0)
|            ( - 1.974e+03 1 0))))
s>    ( QUESTION11 -1 8.783e+03 2.186e+02 5.340e+02
s>        ( - 8.052e+02 1 0)
s>        ( QUESTION2_9_L -1 8.196e+03 2.891e+02 4.857e+02
s>            ( - 7.273e+02 1 0)
s>            ( QUESTION0 -1 7.758e+03 1.586e+02 4.517e+02
s>                ( - 5.942e+03 4 0)
s>                ( - 1.974e+03 1 0))))INFO: dtree.c(1351): Comp split 25
INFO: dtree.c(1483): stop. leaf nodes are specific
INFO: dtree.c(1524): Final simple tree
|( QUESTION0 -1 5.427e+02 1.617e+02 2.200e+01
|    ( - 4.454e+02 1 0)
|    ( - 2.590e+02 1 0))
s>    ( QUESTION0 -1 5.427e+02 1.617e+02 2.200e+01
s>        ( - 4.454e+02 1 0)
s>        ( - 2.590e+02 1 0))INFO: dtree.c(1483): stop. leaf nodes are specific
INFO: dtree.c(1524): Final simple tree
|( QUESTION2 -1 3.397e+03 2.253e+02 3.326e+02
|    ( - 1.880e+02 1 0)
|    ( QUESTION0 -1 3.434e+03 1.995e+02 3.216e+02
|        ( QUESTION2_0_L -1 3.012e+03 1.657e+02 2.720e+02
|            ( - 9.280e+02 1 0)
|            ( - 2.249e+03 4 0))
|        ( - 6.216e+02 1 0)))
s>    ( QUESTION2 -1 3.397e+03 2.253e+02 3.326e+02
s>        ( - 1.880e+02 1 0)
s>        ( QUESTION0 -1 3.434e+03 1.995e+02 3.216e+02
s>            ( QUESTION2_0_L -1 3.012e+03 1.657e+02 2.720e+02
s>                ( - 9.280e+02 1 0)
s>                ( - 2.249e+03 4 0))
s>            ( - 6.216e+02 1 0)))INFO: dtree.c(1351): Comp split 26
INFO: dtree.c(1483): stop. leaf nodes are specific
INFO: dtree.c(1524): Final simple tree
|( QUESTION8 -1 2.626e+03 2.351e+02 2.264e+02
|    ( - 8.478e+02 1 0)
|    ( QUESTION0 -1 2.013e+03 2.030e+02 1.805e+02
|        ( - 1.934e+03 4 0)
|        ( QUESTION2 -1 2.825e+02 1.442e+02 2.791e+01
|            ( - 1.712e+02 1 0)
|            ( - 2.556e+02 1 0))))
s>    ( QUESTION8 -1 2.626e+03 2.351e+02 2.264e+02
s>        ( - 8.478e+02 1 0)
s>        ( QUESTION0 -1 2.013e+03 2.030e+02 1.805e+02
s>            ( - 1.934e+03 4 0)
s>            ( QUESTION2 -1 2.825e+02 1.442e+02 2.791e+01
s>                ( - 1.712e+02 1 0)
s>                ( - 2.556e+02 1 0))))INFO: dtree.c(1483): stop. leaf nodes are specific
INFO: dtree.c(1524): Final simple tree
|( QUESTION0_1_R 1 2.689e+03 2.549e+02 2.281e+02
|    ( QUESTION0 -1 1.218e+03 1.364e+02 9.132e+01
|        ( - 9.808e+02 1 0)
|        ( - 3.733e+02 1 0))
|    ( - 1.726e+03 4 0))
s>    ( QUESTION0_1_R 1 2.689e+03 2.549e+02 2.281e+02
s>        ( QUESTION0 -1 1.218e+03 1.364e+02 9.132e+01
s>            ( - 9.808e+02 1 0)
s>            ( - 3.733e+02 1 0))
s>        ( - 1.726e+03 4 0))INFO: dtree.c(1351): Comp split 27
INFO: dtree.c(1483): stop. leaf nodes are specific
INFO: dtree.c(1524): Final simple tree
|( QUESTION4 1 -8.859e+01 1.898e+02 1.501e+01
|    ( - -2.144e+01 1 0)
|    ( - 1.227e+02 1 0))
s>    ( QUESTION4 1 -8.859e+01 1.898e+02 1.501e+01
s>        ( - -2.144e+01 1 0)
s>        ( - 1.227e+02 1 0))INFO: dtree.c(1351): Comp split 28
INFO: dtree.c(1483): stop. leaf nodes are specific
INFO: dtree.c(1524): Final simple tree
|( QUESTION11 -1 8.348e+03 2.145e+02 5.000e+02
|    ( - 8.052e+02 1 0)
|    ( QUESTION0 -1 7.758e+03 1.586e+02 4.517e+02
|        ( - 5.942e+03 4 0)
|        ( - 1.974e+03 1 0)))
s>    ( QUESTION11 -1 8.348e+03 2.145e+02 5.000e+02
s>        ( - 8.052e+02 1 0)
s>        ( QUESTION0 -1 7.758e+03 1.586e+02 4.517e+02
s>            ( - 5.942e+03 4 0)
s>            ( - 1.974e+03 1 0)))INFO: dtree.c(1351): Comp split 29
INFO: dtree.c(1351): Comp split 30
INFO: dtree.c(1483): stop. leaf nodes are specific
INFO: dtree.c(1524): Final simple tree
|( QUESTION0 -1 8.492e+03 2.349e+02 4.970e+02
|    ( - 4.702e+03 1 0)
|    ( - 4.025e+03 1 0))
s>    ( QUESTION0 -1 8.492e+03 2.349e+02 4.970e+02
s>        ( - 4.702e+03 1 0)
s>        ( - 4.025e+03 1 0))INFO: dtree.c(1351): Comp split 31
INFO: dtree.c(1351): Comp split 32
INFO: dtree.c(1483): stop. leaf nodes are specific
INFO: dtree.c(1524): Final simple tree
|( QUESTION0 -1 1.351e+03 1.892e+02 7.800e+01
|    ( - 1.373e+03 2 0)
|    ( - 1.677e+02 1 0))
s>    ( QUESTION0 -1 1.351e+03 1.892e+02 7.800e+01
s>        ( - 1.373e+03 2 0)
s>        ( - 1.677e+02 1 0))INFO: dtree.c(1483): stop. leaf nodes are specific
INFO: dtree.c(1524): Final simple tree
|( QUESTION2_1_L -1 2.991e+03 1.958e+02 2.001e+02
|    ( - 1.608e+03 1 0)
|    ( QUESTION2_0_L -1 1.579e+03 1.357e+02 1.038e+02
|        ( - 7.787e+02 1 0)
|        ( - 9.362e+02 2 0)))
s>    ( QUESTION2_1_L -1 2.991e+03 1.958e+02 2.001e+02
s>        ( - 1.608e+03 1 0)
s>        ( QUESTION2_0_L -1 1.579e+03 1.357e+02 1.038e+02
s>            ( - 7.787e+02 1 0)
s>            ( - 9.362e+02 2 0)))INFO: dtree.c(1351): Comp split 33
INFO: dtree.c(1483): stop. leaf nodes are specific
INFO: dtree.c(1524): Final simple tree
|( QUESTION0_0_R 1 5.121e+02 2.029e+02 1.345e+02
|    ( - 4.858e+02 1 0)
|    ( - 2.292e+02 1 0))
s>    ( QUESTION0_0_R 1 5.121e+02 2.029e+02 1.345e+02
s>        ( - 4.858e+02 1 0)
s>        ( - 2.292e+02 1 0))INFO: dtree.c(1351): Comp split 34
INFO: dtree.c(1483): stop. leaf nodes are specific
INFO: dtree.c(1524): Final simple tree
|( QUESTION0_15_R 1 4.037e+02 2.231e+02 1.392e+02
|    ( - 2.147e+02 1 0)
|    ( WDBNDRY_B 0 4.121e+02 1.937e+02 1.362e+02
|        ( QUESTION1 -1 4.765e+02 1.506e+02 1.262e+02
|            ( - 1.657e+02 1 0)
|            ( SILENCE -1 4.614e+02 1.007e+02 1.189e+02
|                ( - 3.612e+02 1 0)
|                ( - 2.009e+02 2 0)))
|        ( - 1.294e+02 1 0)))
s>    ( QUESTION0_15_R 1 4.037e+02 2.231e+02 1.392e+02
s>        ( - 2.147e+02 1 0)
s>        ( WDBNDRY_B 0 4.121e+02 1.937e+02 1.362e+02
s>            ( QUESTION1 -1 4.765e+02 1.506e+02 1.262e+02
s>                ( - 1.657e+02 1 0)
s>                ( SILENCE -1 4.614e+02 1.007e+02 1.189e+02
s>                    ( - 3.612e+02 1 0)
s>                    ( - 2.009e+02 2 0)))
s>            ( - 1.294e+02 1 0)))INFO: dtree.c(1351): Comp split 35
INFO: dtree.c(1483): stop. leaf nodes are specific
INFO: dtree.c(1524): Final simple tree
|( QUESTION0 -1 1.218e+03 1.364e+02 9.132e+01
|    ( - 9.808e+02 1 0)
|    ( - 3.733e+02 1 0))
s>    ( QUESTION0 -1 1.218e+03 1.364e+02 9.132e+01
s>        ( - 9.808e+02 1 0)
s>        ( - 3.733e+02 1 0))INFO: dtree.c(1351): Comp split 36
INFO: dtree.c(1483): stop. leaf nodes are specific
INFO: dtree.c(1524): Final simple tree
|( SILENCE -1 2.973e+02 1.264e+02 6.141e+01
|    ( - 2.984e+02 1 0)
|    ( - 1.252e+02 1 0))
s>    ( SILENCE -1 2.973e+02 1.264e+02 6.141e+01
s>        ( - 2.984e+02 1 0)
s>        ( - 1.252e+02 1 0))INFO: dtree.c(1483): stop. leaf nodes are specific
INFO: dtree.c(1524): Final simple tree
|( QUESTION0 -1 1.807e+03 1.853e+02 3.181e+02
|    ( - 1.707e+03 1 0)
|    ( - 2.851e+02 1 0))
s>    ( QUESTION0 -1 1.807e+03 1.853e+02 3.181e+02
s>        ( - 1.707e+03 1 0)
s>        ( - 2.851e+02 1 0))INFO: dtree.c(1351): Comp split 37
INFO: dtree.c(1351): Comp split 38
INFO: dtree.c(1483): stop. leaf nodes are specific
INFO: dtree.c(1524): Final simple tree
|( QUESTION2 -1 9.934e+02 2.497e+02 1.461e+02
|    ( - 4.921e+02 1 0)
|    ( QUESTION2_14_L -1 7.510e+02 2.214e+02 1.259e+02
|        ( - 2.243e+02 1 0)
|        ( QUESTION2_1_L -1 7.482e+02 1.942e+02 1.189e+02
|            ( - 6.929e+02 1 0)
|            ( QUESTION12 -1 2.495e+02 1.597e+02 5.093e+01
|                ( - 1.670e+02 1 0)
|                ( QUESTION0 -1 2.422e+02 1.569e+02 4.693e+01
|                    ( - 1.967e+02 2 0)
|                    ( - 2.025e+02 1 0))))))
s>    ( QUESTION2 -1 9.934e+02 2.497e+02 1.461e+02
s>        ( - 4.921e+02 1 0)
s>        ( QUESTION2_14_L -1 7.510e+02 2.214e+02 1.259e+02
s>            ( - 2.243e+02 1 0)
s>            ( QUESTION2_1_L -1 7.482e+02 1.942e+02 1.189e+02
s>                ( - 6.929e+02 1 0)
s>                ( QUESTION12 -1 2.495e+02 1.597e+02 5.093e+01
s>                    ( - 1.670e+02 1 0)
s>                    ( QUESTION0 -1 2.422e+02 1.569e+02 4.693e+01
s>                        ( - 1.967e+02 2 0)
s>                        ( - 2.025e+02 1 0))))))INFO: dtree.c(1351): Comp split 39
INFO: dtree.c(1483): stop. leaf nodes are specific
INFO: dtree.c(1524): Final simple tree
|( QUESTION2_14_L -1 7.510e+02 2.214e+02 1.259e+02
|    ( - 2.243e+02 1 0)
|    ( QUESTION2_1_L -1 7.482e+02 1.942e+02 1.189e+02
|        ( - 6.929e+02 1 0)
|        ( QUESTION12 -1 2.495e+02 1.597e+02 5.093e+01
|            ( - 1.670e+02 1 0)
|            ( QUESTION0 -1 2.422e+02 1.569e+02 4.693e+01
|                ( - 1.967e+02 2 0)
|                ( - 2.025e+02 1 0)))))
s>    ( QUESTION2_14_L -1 7.510e+02 2.214e+02 1.259e+02
s>        ( - 2.243e+02 1 0)
s>        ( QUESTION2_1_L -1 7.482e+02 1.942e+02 1.189e+02
s>            ( - 6.929e+02 1 0)
s>            ( QUESTION12 -1 2.495e+02 1.597e+02 5.093e+01
s>                ( - 1.670e+02 1 0)
s>                ( QUESTION0 -1 2.422e+02 1.569e+02 4.693e+01
s>                    ( - 1.967e+02 2 0)
s>                    ( - 2.025e+02 1 0)))))INFO: dtree.c(1351): Comp split 40
INFO: dtree.c(1483): stop. leaf nodes are specific
INFO: dtree.c(1524): Final simple tree
|( QUESTION0 -1 2.013e+03 2.030e+02 1.805e+02
|    ( - 1.934e+03 4 0)
|    ( QUESTION2 -1 2.825e+02 1.442e+02 2.791e+01
|        ( - 1.712e+02 1 0)
|        ( - 2.556e+02 1 0)))
s>    ( QUESTION0 -1 2.013e+03 2.030e+02 1.805e+02
s>        ( - 1.934e+03 4 0)
s>        ( QUESTION2 -1 2.825e+02 1.442e+02 2.791e+01
s>            ( - 1.712e+02 1 0)
s>            ( - 2.556e+02 1 0)))INFO: dtree.c(1351): Comp split 41
INFO: dtree.c(1351): Comp split 42
INFO: dtree.c(1351): Comp split 43
INFO: dtree.c(1483): stop. leaf nodes are specific
INFO: dtree.c(1524): Final simple tree
|( QUESTION0 -1 3.434e+03 1.995e+02 3.216e+02
|    ( QUESTION2_0_L -1 3.012e+03 1.657e+02 2.720e+02
|        ( - 9.280e+02 1 0)
|        ( - 2.249e+03 4 0))
|    ( - 6.216e+02 1 0))
s>    ( QUESTION0 -1 3.434e+03 1.995e+02 3.216e+02
s>        ( QUESTION2_0_L -1 3.012e+03 1.657e+02 2.720e+02
s>            ( - 9.280e+02 1 0)
s>            ( - 2.249e+03 4 0))
s>        ( - 6.216e+02 1 0))INFO: dtree.c(1351): Comp split 44
INFO: dtree.c(1483): stop. leaf nodes are specific
INFO: dtree.c(1524): Final simple tree
|( WDBNDRY_B 0 4.121e+02 1.937e+02 1.362e+02
|    ( QUESTION1 -1 4.765e+02 1.506e+02 1.262e+02
|        ( - 1.657e+02 1 0)
|        ( SILENCE -1 4.614e+02 1.007e+02 1.189e+02
|            ( - 3.612e+02 1 0)
|            ( - 2.009e+02 2 0)))
|    ( - 1.294e+02 1 0))
s>    ( WDBNDRY_B 0 4.121e+02 1.937e+02 1.362e+02
s>        ( QUESTION1 -1 4.765e+02 1.506e+02 1.262e+02
s>            ( - 1.657e+02 1 0)
s>            ( SILENCE -1 4.614e+02 1.007e+02 1.189e+02
s>                ( - 3.612e+02 1 0)
s>                ( - 2.009e+02 2 0)))
s>        ( - 1.294e+02 1 0))INFO: dtree.c(1351): Comp split 45
INFO: dtree.c(1483): stop. leaf nodes are specific
INFO: dtree.c(1524): Final simple tree
|( QUESTION2_1_L -1 7.482e+02 1.942e+02 1.189e+02
|    ( - 6.929e+02 1 0)
|    ( QUESTION12 -1 2.495e+02 1.597e+02 5.093e+01
|        ( - 1.670e+02 1 0)
|        ( QUESTION0 -1 2.422e+02 1.569e+02 4.693e+01
|            ( - 1.967e+02 2 0)
|            ( - 2.025e+02 1 0))))
s>    ( QUESTION2_1_L -1 7.482e+02 1.942e+02 1.189e+02
s>        ( - 6.929e+02 1 0)
s>        ( QUESTION12 -1 2.495e+02 1.597e+02 5.093e+01
s>            ( - 1.670e+02 1 0)
s>            ( QUESTION0 -1 2.422e+02 1.569e+02 4.693e+01
s>                ( - 1.967e+02 2 0)
s>                ( - 2.025e+02 1 0))))INFO: dtree.c(1351): Comp split 46
INFO: dtree.c(1483): stop. leaf nodes are specific
INFO: dtree.c(1524): Final simple tree
|( QUESTION12 -1 7.184e+02 2.095e+02 8.062e+01
|    ( - 3.223e+02 1 0)
|    ( QUESTION2 -1 6.056e+02 1.716e+02 5.970e+01
|        ( - 3.615e+02 1 0)
|        ( - 4.157e+02 1 0)))
s>    ( QUESTION12 -1 7.184e+02 2.095e+02 8.062e+01
s>        ( - 3.223e+02 1 0)
s>        ( QUESTION2 -1 6.056e+02 1.716e+02 5.970e+01
s>            ( - 3.615e+02 1 0)
s>            ( - 4.157e+02 1 0)))INFO: dtree.c(1483): stop. leaf nodes are specific
INFO: dtree.c(1524): Final simple tree
|( QUESTION2 -1 3.098e+02 1.957e+02 1.800e+01
|    ( - 2.403e+02 1 0)
|    ( - 2.652e+02 1 0))
s>    ( QUESTION2 -1 3.098e+02 1.957e+02 1.800e+01
s>        ( - 2.403e+02 1 0)
s>        ( - 2.652e+02 1 0))INFO: dtree.c(1351): Comp split 47
INFO: dtree.c(1483): stop. leaf nodes are specific
INFO: dtree.c(1524): Final simple tree
|( QUESTION0 -1 7.758e+03 1.586e+02 4.517e+02
|    ( - 5.942e+03 4 0)
|    ( - 1.974e+03 1 0))
s>    ( QUESTION0 -1 7.758e+03 1.586e+02 4.517e+02
s>        ( - 5.942e+03 4 0)
s>        ( - 1.974e+03 1 0))INFO: dtree.c(1351): Comp split 48
INFO: dtree.c(1483): stop. leaf nodes are specific
INFO: dtree.c(1524): Final simple tree
|( QUESTION0 -1 5.366e+02 1.329e+02 2.958e+01
|    ( - 3.981e+02 1 0)
|    ( - 2.715e+02 1 0))
s>    ( QUESTION0 -1 5.366e+02 1.329e+02 2.958e+01
s>        ( - 3.981e+02 1 0)
s>        ( - 2.715e+02 1 0))INFO: dtree.c(1483): stop. leaf nodes are specific
INFO: dtree.c(1524): Final simple tree
|( QUESTION0 -1 3.611e+02 1.612e+02 1.014e+02
|    ( - 2.996e+02 1 0)
|    ( - 2.227e+02 1 0))
s>    ( QUESTION0 -1 3.611e+02 1.612e+02 1.014e+02
s>        ( - 2.996e+02 1 0)
s>        ( - 2.227e+02 1 0))INFO: dtree.c(1351): Comp split 49
INFO: dtree.c(1483): stop. leaf nodes are specific
INFO: dtree.c(1524): Final simple tree
|( QUESTION2 -1 6.056e+02 1.716e+02 5.970e+01
|    ( - 3.615e+02 1 0)
|    ( - 4.157e+02 1 0))
s>    ( QUESTION2 -1 6.056e+02 1.716e+02 5.970e+01
s>        ( - 3.615e+02 1 0)
s>        ( - 4.157e+02 1 0))INFO: dtree.c(1351): Comp split 50
INFO: dtree.c(1483): stop. leaf nodes are specific
INFO: dtree.c(1524): Final simple tree
|( QUESTION2 -1 2.825e+02 1.442e+02 2.791e+01
|    ( - 1.712e+02 1 0)
|    ( - 2.556e+02 1 0))
s>    ( QUESTION2 -1 2.825e+02 1.442e+02 2.791e+01
s>        ( - 1.712e+02 1 0)
s>        ( - 2.556e+02 1 0))INFO: dtree.c(1351): Comp split 51
INFO: dtree.c(1351): Comp split 52
INFO: dtree.c(1483): stop. leaf nodes are specific
INFO: dtree.c(1524): Final simple tree
|( QUESTION2_0_L -1 3.012e+03 1.657e+02 2.720e+02
|    ( - 9.280e+02 1 0)
|    ( - 2.249e+03 4 0))
s>    ( QUESTION2_0_L -1 3.012e+03 1.657e+02 2.720e+02
s>        ( - 9.280e+02 1 0)
s>        ( - 2.249e+03 4 0))INFO: dtree.c(1351): Comp split 53
INFO: dtree.c(1483): stop. leaf nodes are specific
INFO: dtree.c(1524): Final simple tree
|( QUESTION2_0_L -1 1.579e+03 1.357e+02 1.038e+02
|    ( - 7.787e+02 1 0)
|    ( - 9.362e+02 2 0))
s>    ( QUESTION2_0_L -1 1.579e+03 1.357e+02 1.038e+02
s>        ( - 7.787e+02 1 0)
s>        ( - 9.362e+02 2 0))INFO: dtree.c(1351): Comp split 54
INFO: dtree.c(1351): Comp split 55
INFO: dtree.c(1483): stop. leaf nodes are specific
INFO: dtree.c(1524): Final simple tree
|( QUESTION12 -1 2.495e+02 1.597e+02 5.093e+01
|    ( - 1.670e+02 1 0)
|    ( QUESTION0 -1 2.422e+02 1.569e+02 4.693e+01
|        ( - 1.967e+02 2 0)
|        ( - 2.025e+02 1 0)))
s>    ( QUESTION12 -1 2.495e+02 1.597e+02 5.093e+01
s>        ( - 1.670e+02 1 0)
s>        ( QUESTION0 -1 2.422e+02 1.569e+02 4.693e+01
s>            ( - 1.967e+02 2 0)
s>            ( - 2.025e+02 1 0)))INFO: dtree.c(1351): Comp split 56
INFO: dtree.c(1483): stop. leaf nodes are specific
INFO: dtree.c(1524): Final simple tree
|( QUESTION1 -1 4.765e+02 1.506e+02 1.262e+02
|    ( - 1.657e+02 1 0)
|    ( SILENCE -1 4.614e+02 1.007e+02 1.189e+02
|        ( - 3.612e+02 1 0)
|        ( - 2.009e+02 2 0)))
s>    ( QUESTION1 -1 4.765e+02 1.506e+02 1.262e+02
s>        ( - 1.657e+02 1 0)
s>        ( SILENCE -1 4.614e+02 1.007e+02 1.189e+02
s>            ( - 3.612e+02 1 0)
s>            ( - 2.009e+02 2 0)))INFO: dtree.c(1351): Comp split 57
INFO: dtree.c(1351): Comp split 58
INFO: dtree.c(1351): Comp split 59
INFO: dtree.c(1351): Comp split 60
INFO: dtree.c(1351): Comp split 61
INFO: dtree.c(1351): Comp split 62
INFO: dtree.c(1351): Comp split 63
INFO: dtree.c(1351): Comp split 64
INFO: dtree.c(1351): Comp split 65
INFO: dtree.c(1483): stop. leaf nodes are specific
INFO: dtree.c(1524): Final simple tree
|( QUESTION0 -1 2.422e+02 1.569e+02 4.693e+01
|    ( - 1.967e+02 2 0)
|    ( - 2.025e+02 1 0))
s>    ( QUESTION0 -1 2.422e+02 1.569e+02 4.693e+01
s>        ( - 1.967e+02 2 0)
s>        ( - 2.025e+02 1 0))INFO: dtree.c(1351): Comp split 66
INFO: dtree.c(1351): Comp split 67
INFO: dtree.c(1351): Comp split 68
INFO: dtree.c(1351): Comp split 69
INFO: dtree.c(1483): stop. leaf nodes are specific
INFO: dtree.c(1524): Final simple tree
|( SILENCE -1 4.614e+02 1.007e+02 1.189e+02
|    ( - 3.612e+02 1 0)
|    ( - 2.009e+02 2 0))
s>    ( SILENCE -1 4.614e+02 1.007e+02 1.189e+02
s>        ( - 3.612e+02 1 0)
s>        ( - 2.009e+02 2 0))INFO: dtree.c(1351): Comp split 70
INFO: dtree.c(1351): Comp split 71
INFO: dtree.c(1351): Comp split 72
INFO: dtree.c(1351): Comp split 73
INFO: dtree.c(1351): Comp split 74
INFO: dtree.c(1351): Comp split 75
INFO: dtree.c(1351): Comp split 76
INFO: dtree.c(1354): stop. leaf nodes are specific
Tue May 31 10:45:41 2011
