INFO: cmd_ln.c(691): Parsing command line:
/home/xkrajnan/Plocha/GSoC/PocketSphinx/an4/bin/bldtree \
	-treefn /home/xkrajnan/Plocha/GSoC/PocketSphinx/an4/trees/an4.unpruned/EH-0.dtree \
	-moddeffn /home/xkrajnan/Plocha/GSoC/PocketSphinx/an4/model_architecture/an4.untied.mdef \
	-mixwfn /home/xkrajnan/Plocha/GSoC/PocketSphinx/an4/model_parameters/an4.cd_cont_untied/mixture_weights \
	-ts2cbfn .cont. \
	-mwfloor 1e-08 \
	-psetfn /home/xkrajnan/Plocha/GSoC/PocketSphinx/an4/model_architecture/an4.tree_questions \
	-phone EH \
	-state 0 \
	-stwt 1.0,0.05,0.0 \
	-meanfn /home/xkrajnan/Plocha/GSoC/PocketSphinx/an4/model_parameters/an4.cd_cont_untied/means \
	-varfn /home/xkrajnan/Plocha/GSoC/PocketSphinx/an4/model_parameters/an4.cd_cont_untied/variances \
	-fullvar no \
	-ssplitmin 1 \
	-ssplitmax 7 \
	-ssplitthr 0 \
	-csplitmin 1 \
	-csplitmax 2000 \
	-csplitthr 0 

Current configuration:
[NAME]		[DEFLT]	[VALUE]
-allphones	no	no
-cntthresh	0.00001	1.000000e-05
-csplitmax	100	2000
-csplitmin	1	1
-csplitthr	8e-4	0.000000e+00
-example	no	no
-fullvar	no	no
-help		no	no
-meanfn			/home/xkrajnan/Plocha/GSoC/PocketSphinx/an4/model_parameters/an4.cd_cont_untied/means
-mixwfn			/home/xkrajnan/Plocha/GSoC/PocketSphinx/an4/model_parameters/an4.cd_cont_untied/mixture_weights
-moddeffn		/home/xkrajnan/Plocha/GSoC/PocketSphinx/an4/model_architecture/an4.untied.mdef
-mwfloor	1e-4	1.000000e-08
-phone			EH
-psetfn			/home/xkrajnan/Plocha/GSoC/PocketSphinx/an4/model_architecture/an4.tree_questions
-ssplitmax	5	7
-ssplitmin	1	1
-ssplitthr	8e-4	0.000000e+00
-state			0
-stwt			1.0,0.05,0.0,
-treefn			/home/xkrajnan/Plocha/GSoC/PocketSphinx/an4/trees/an4.unpruned/EH-0.dtree
-ts2cbfn	.semi.	.cont.
-varfloor	0.00001	1.000000e-05
-varfn			/home/xkrajnan/Plocha/GSoC/PocketSphinx/an4/model_parameters/an4.cd_cont_untied/variances

INFO: main.c(228): Reading: /home/xkrajnan/Plocha/GSoC/PocketSphinx/an4/model_architecture/an4.untied.mdef
INFO: model_def_io.c(587): Model definition info:
INFO: model_def_io.c(588): 1618 total models defined (34 base, 1584 tri)
INFO: model_def_io.c(589): 6472 total states
INFO: model_def_io.c(590): 4854 total tied states
INFO: model_def_io.c(591): 102 total tied CI states
INFO: model_def_io.c(592): 34 total tied transition matrices
INFO: model_def_io.c(593): 4 max state/model
INFO: model_def_io.c(594): 4 min state/model
INFO: main.c(247): Building trees for [EH AH F b] through [EH Y S i]
INFO: main.c(275): Covering states |[978 1271]| == 294
INFO: main.c(282): Reading: /home/xkrajnan/Plocha/GSoC/PocketSphinx/an4/model_parameters/an4.cd_cont_untied/mixture_weights
INFO: s3mixw_io.c(172): Read /home/xkrajnan/Plocha/GSoC/PocketSphinx/an4/model_parameters/an4.cd_cont_untied/mixture_weights [294x1x1 array]
INFO: main.c(320): 98 of 98 models have observation count greater than 0.000010
INFO: main.c(94): nrm stwt: 0.952 0.048 0.000 
INFO: s3gau_io.c(166): Read /home/xkrajnan/Plocha/GSoC/PocketSphinx/an4/model_parameters/an4.cd_cont_untied/means [4854x1x1 array]
INFO: s3gau_io.c(166): Read /home/xkrajnan/Plocha/GSoC/PocketSphinx/an4/model_parameters/an4.cd_cont_untied/variances [4854x1x1 array]
INFO: main.c(576): Reading: /home/xkrajnan/Plocha/GSoC/PocketSphinx/an4/model_architecture/an4.tree_questions
INFO: main.c(619): 180 total simple questions (172 phone; 8 word bndry)
INFO: main.c(621): 42 Left Only questions, and 42 Right Only questions
INFO: dtree.c(1524): Final simple tree
|( QUESTION2_0_L -1 -5.622e+04 1.063e+04 6.816e+03
|    ( QUESTION2_1_L -1 -2.076e+04 9.416e+02 2.295e+03
|        ( - -1.228e+04 6 0 QUESTION0_19_R 1 5.568e+02 1.300e+03)
|        ( WDBNDRY_B 0 -7.530e+03 9.832e+02 9.945e+02
|            ( - -6.714e+03 11 0 QUESTION0 -1 4.611e+02 9.649e+02)
|            ( - 1.668e+02 1 0)))
|    ( WDBNDRY_B 0 -2.483e+04 4.614e+03 4.521e+03
|        ( QUESTION2_17_L -1 -1.423e+04 2.376e+03 3.862e+03
|            ( - -6.859e+03 34 0 QUESTION0_20_R 1 4.218e+02 7.748e+02)
|            ( QUESTION2_9_L -1 -4.995e+03 1.340e+03 3.087e+03
|                ( - 9.875e+02 22 0 QUESTION17 -1 8.007e+02 6.369e+02)
|                ( - -4.643e+03 11 0 QUESTION2 1 7.960e+02 2.450e+03)))
|        ( QUESTION11 -1 -5.988e+03 2.045e+03 6.588e+02
|            ( - -4.615e+02 3 0 QUESTION0_19_R 1 2.683e+02 6.617e+01)
|            ( - -3.482e+03 10 0 QUESTION2_10_L -1 6.238e+02 5.926e+02))))
s>    ( QUESTION2_0_L -1 -5.622e+04 1.063e+04 6.816e+03
s>        ( QUESTION2_1_L -1 -2.076e+04 9.416e+02 2.295e+03
s>            ( - -1.228e+04 6 0 QUESTION0_19_R 1 5.568e+02 1.300e+03)
s>            ( WDBNDRY_B 0 -7.530e+03 9.832e+02 9.945e+02
s>                ( - -6.714e+03 11 0 QUESTION0 -1 4.611e+02 9.649e+02)
s>                ( - 1.668e+02 1 0)))
s>        ( WDBNDRY_B 0 -2.483e+04 4.614e+03 4.521e+03
s>            ( QUESTION2_17_L -1 -1.423e+04 2.376e+03 3.862e+03
s>                ( - -6.859e+03 34 0 QUESTION0_20_R 1 4.218e+02 7.748e+02)
s>                ( QUESTION2_9_L -1 -4.995e+03 1.340e+03 3.087e+03
s>                    ( - 9.875e+02 22 0 QUESTION17 -1 8.007e+02 6.369e+02)
s>                    ( - -4.643e+03 11 0 QUESTION2 1 7.960e+02 2.450e+03)))
s>            ( QUESTION11 -1 -5.988e+03 2.045e+03 6.588e+02
s>                ( - -4.615e+02 3 0 QUESTION0_19_R 1 2.683e+02 6.617e+01)
s>                ( - -3.482e+03 10 0 QUESTION2_10_L -1 6.238e+02 5.926e+02))))INFO: dtree.c(1351): Comp split 0
INFO: dtree.c(1524): Final simple tree
|( WDBNDRY_B 0 -2.204e+04 4.328e+03 4.455e+03
|    ( QUESTION2_17_L -1 -1.423e+04 2.376e+03 3.862e+03
|        ( - -6.859e+03 34 0 QUESTION0_20_R 1 4.218e+02 7.748e+02)
|        ( QUESTION2_9_L -1 -4.995e+03 1.340e+03 3.087e+03
|            ( QUESTION17 -1 9.875e+02 8.007e+02 6.369e+02
|                ( - -3.088e+02 4 0 QUESTION0 1 1.439e+02 2.907e+01)
|                ( QUESTION0 -1 2.097e+03 7.848e+02 6.078e+02
|                    ( - 2.822e+02 10 0 QUESTION0_20_R 1 2.171e+02 2.649e+02)
|                    ( - 2.600e+03 8 0 QUESTION3 -1 4.401e+02 3.430e+02)))
|            ( QUESTION2 1 -4.643e+03 7.960e+02 2.450e+03
|                ( - 1.942e+01 3 0 SILENCE -1 3.209e+02 1.285e+03)
|                ( - -3.867e+03 8 0 QUESTION0_1_R 1 3.827e+02 1.165e+03))))
|    ( QUESTION2_10_L -1 -3.482e+03 6.238e+02 5.926e+02
|        ( - -2.195e+03 5 0 QUESTION0_19_R 1 2.647e+02 4.876e+02)
|        ( - -6.624e+02 5 0 QUESTION4 -1 3.553e+02 1.050e+02)))
s>    ( WDBNDRY_B 0 -2.204e+04 4.328e+03 4.455e+03
s>        ( QUESTION2_17_L -1 -1.423e+04 2.376e+03 3.862e+03
s>            ( - -6.859e+03 34 0 QUESTION0_20_R 1 4.218e+02 7.748e+02)
s>            ( QUESTION2_9_L -1 -4.995e+03 1.340e+03 3.087e+03
s>                ( QUESTION17 -1 9.875e+02 8.007e+02 6.369e+02
s>                    ( - -3.088e+02 4 0 QUESTION0 1 1.439e+02 2.907e+01)
s>                    ( QUESTION0 -1 2.097e+03 7.848e+02 6.078e+02
s>                        ( - 2.822e+02 10 0 QUESTION0_20_R 1 2.171e+02 2.649e+02)
s>                        ( - 2.600e+03 8 0 QUESTION3 -1 4.401e+02 3.430e+02)))
s>                ( QUESTION2 1 -4.643e+03 7.960e+02 2.450e+03
s>                    ( - 1.942e+01 3 0 SILENCE -1 3.209e+02 1.285e+03)
s>                    ( - -3.867e+03 8 0 QUESTION0_1_R 1 3.827e+02 1.165e+03))))
s>        ( QUESTION2_10_L -1 -3.482e+03 6.238e+02 5.926e+02
s>            ( - -2.195e+03 5 0 QUESTION0_19_R 1 2.647e+02 4.876e+02)
s>            ( - -6.624e+02 5 0 QUESTION4 -1 3.553e+02 1.050e+02)))INFO: dtree.c(1524): Final simple tree
|( WDBNDRY_B 0 -2.340e+04 2.235e+03 2.361e+03
|    ( QUESTION2_1_L -1 -1.999e+04 9.963e+02 2.265e+03
|        ( QUESTION0_19_R 1 -1.228e+04 5.568e+02 1.300e+03
|            ( - -2.474e+03 2 0 QUESTION0_20_R 1 2.219e+02 4.106e+02)
|            ( - -9.253e+03 4 0 QUESTION0_2_R 1 2.846e+02 8.899e+02))
|        ( QUESTION0 -1 -6.714e+03 4.611e+02 9.649e+02
|            ( QUESTION0_20_R 1 -3.126e+03 3.771e+02 5.043e+02
|                ( - -8.321e+02 1 0)
|                ( - -1.917e+03 4 0 QUESTION0_1_R 1 1.520e+02 3.102e+02))
|            ( QUESTION0_0_R 1 -3.127e+03 4.103e+02 4.606e+02
|                ( - 8.754e+01 2 0 QUESTION0_1_R 1 1.511e+02 9.080e+01)
|                ( - -2.804e+03 4 0 QUESTION0_13_R 1 2.517e+02 3.698e+02))))
|    ( QUESTION0_0_R 1 -1.166e+03 8.718e+02 9.577e+01
|        ( - 1.668e+02 1 0)
|        ( - -4.615e+02 3 0 QUESTION0_19_R 1 2.683e+02 6.617e+01)))
s>    ( WDBNDRY_B 0 -2.340e+04 2.235e+03 2.361e+03
s>        ( QUESTION2_1_L -1 -1.999e+04 9.963e+02 2.265e+03
s>            ( QUESTION0_19_R 1 -1.228e+04 5.568e+02 1.300e+03
s>                ( - -2.474e+03 2 0 QUESTION0_20_R 1 2.219e+02 4.106e+02)
s>                ( - -9.253e+03 4 0 QUESTION0_2_R 1 2.846e+02 8.899e+02))
s>            ( QUESTION0 -1 -6.714e+03 4.611e+02 9.649e+02
s>                ( QUESTION0_20_R 1 -3.126e+03 3.771e+02 5.043e+02
s>                    ( - -8.321e+02 1 0)
s>                    ( - -1.917e+03 4 0 QUESTION0_1_R 1 1.520e+02 3.102e+02))
s>                ( QUESTION0_0_R 1 -3.127e+03 4.103e+02 4.606e+02
s>                    ( - 8.754e+01 2 0 QUESTION0_1_R 1 1.511e+02 9.080e+01)
s>                    ( - -2.804e+03 4 0 QUESTION0_13_R 1 2.517e+02 3.698e+02))))
s>        ( QUESTION0_0_R 1 -1.166e+03 8.718e+02 9.577e+01
s>            ( - 1.668e+02 1 0)
s>            ( - -4.615e+02 3 0 QUESTION0_19_R 1 2.683e+02 6.617e+01)))INFO: dtree.c(1351): Comp split 1
INFO: dtree.c(1524): Final simple tree
|( QUESTION0 -1 -4.236e+03 6.606e+02 6.217e+02
|    ( QUESTION2_9_L -1 -2.573e+03 3.456e+02 4.996e+02
|        ( QUESTION0_19_R 1 -2.195e+03 2.647e+02 4.876e+02
|            ( - 2.386e+02 1 0)
|            ( QUESTION4 1 -2.169e+03 2.344e+02 4.866e+02
|                ( - 2.864e+01 1 0)
|                ( QUESTION0_0_R 1 -1.964e+03 2.466e+02 4.755e+02
|                    ( - 2.133e+02 1 0)
|                    ( - -1.930e+03 2 0 QUESTION0_13_R 1 1.412e+02 4.545e+02))))
|        ( - -3.248e+01 2 0 QUESTION0_15_R 1 1.683e+02 1.195e+01))
|    ( WDBNDRY_B 0 -1.001e+03 3.865e+02 1.221e+02
|        ( - -3.088e+02 4 0 QUESTION0 1 1.439e+02 2.907e+01)
|        ( QUESTION0_20_R 1 -3.061e+02 3.448e+02 9.300e+01
|            ( - -3.096e+01 1 0)
|            ( - 6.967e+01 2 0 QUESTION0_18_R 1 1.143e+02 5.271e+01))))
s>    ( QUESTION0 -1 -4.236e+03 6.606e+02 6.217e+02
s>        ( QUESTION2_9_L -1 -2.573e+03 3.456e+02 4.996e+02
s>            ( QUESTION0_19_R 1 -2.195e+03 2.647e+02 4.876e+02
s>                ( - 2.386e+02 1 0)
s>                ( QUESTION4 1 -2.169e+03 2.344e+02 4.866e+02
s>                    ( - 2.864e+01 1 0)
s>                    ( QUESTION0_0_R 1 -1.964e+03 2.466e+02 4.755e+02
s>                        ( - 2.133e+02 1 0)
s>                        ( - -1.930e+03 2 0 QUESTION0_13_R 1 1.412e+02 4.545e+02))))
s>            ( - -3.248e+01 2 0 QUESTION0_15_R 1 1.683e+02 1.195e+01))
s>        ( WDBNDRY_B 0 -1.001e+03 3.865e+02 1.221e+02
s>            ( - -3.088e+02 4 0 QUESTION0 1 1.439e+02 2.907e+01)
s>            ( QUESTION0_20_R 1 -3.061e+02 3.448e+02 9.300e+01
s>                ( - -3.096e+01 1 0)
s>                ( - 6.967e+01 2 0 QUESTION0_18_R 1 1.143e+02 5.271e+01))))INFO: dtree.c(1524): Final simple tree
|( QUESTION2_17_L -1 -1.336e+04 2.423e+03 3.833e+03
|    ( QUESTION0_20_R 1 -6.859e+03 4.218e+02 7.748e+02
|        ( - -9.377e+02 5 0 QUESTION0 -1 1.629e+02 2.474e+02)
|        ( - -5.500e+03 29 0 QUESTION0 -1 4.291e+02 5.274e+02))
|    ( QUESTION2_9_L -1 -4.076e+03 1.529e+03 3.058e+03
|        ( QUESTION0 -1 2.097e+03 7.848e+02 6.078e+02
|            ( - 2.822e+02 10 0 QUESTION0_20_R 1 2.171e+02 2.649e+02)
|            ( QUESTION3 -1 2.600e+03 4.401e+02 3.430e+02
|                ( QUESTION0_19_R 1 2.322e+03 4.594e+02 2.670e+02
|                    ( - 3.166e+01 2 0 QUESTION0_20_R 1 1.697e+02 4.212e+01)
|                    ( - 2.750e+03 4 0 QUESTION0_13_R 1 3.271e+02 2.249e+02))
|                ( - 7.175e+02 2 0 QUESTION0_0_R 1 1.624e+02 7.600e+01)))
|        ( QUESTION2 1 -4.643e+03 7.960e+02 2.450e+03
|            ( - 1.942e+01 3 0 SILENCE -1 3.209e+02 1.285e+03)
|            ( - -3.867e+03 8 0 QUESTION0_1_R 1 3.827e+02 1.165e+03))))
s>    ( QUESTION2_17_L -1 -1.336e+04 2.423e+03 3.833e+03
s>        ( QUESTION0_20_R 1 -6.859e+03 4.218e+02 7.748e+02
s>            ( - -9.377e+02 5 0 QUESTION0 -1 1.629e+02 2.474e+02)
s>            ( - -5.500e+03 29 0 QUESTION0 -1 4.291e+02 5.274e+02))
s>        ( QUESTION2_9_L -1 -4.076e+03 1.529e+03 3.058e+03
s>            ( QUESTION0 -1 2.097e+03 7.848e+02 6.078e+02
s>                ( - 2.822e+02 10 0 QUESTION0_20_R 1 2.171e+02 2.649e+02)
s>                ( QUESTION3 -1 2.600e+03 4.401e+02 3.430e+02
s>                    ( QUESTION0_19_R 1 2.322e+03 4.594e+02 2.670e+02
s>                        ( - 3.166e+01 2 0 QUESTION0_20_R 1 1.697e+02 4.212e+01)
s>                        ( - 2.750e+03 4 0 QUESTION0_13_R 1 3.271e+02 2.249e+02))
s>                    ( - 7.175e+02 2 0 QUESTION0_0_R 1 1.624e+02 7.600e+01)))
s>            ( QUESTION2 1 -4.643e+03 7.960e+02 2.450e+03
s>                ( - 1.942e+01 3 0 SILENCE -1 3.209e+02 1.285e+03)
s>                ( - -3.867e+03 8 0 QUESTION0_1_R 1 3.827e+02 1.165e+03))))INFO: dtree.c(1351): Comp split 2
INFO: dtree.c(1524): Final simple tree
|( QUESTION2_9_L -1 -4.076e+03 1.529e+03 3.058e+03
|    ( QUESTION0 -1 2.097e+03 7.848e+02 6.078e+02
|        ( - 2.822e+02 10 0 QUESTION0_20_R 1 2.171e+02 2.649e+02)
|        ( QUESTION3 -1 2.600e+03 4.401e+02 3.430e+02
|            ( QUESTION0_19_R 1 2.322e+03 4.594e+02 2.670e+02
|                ( - 3.166e+01 2 0 QUESTION0_20_R 1 1.697e+02 4.212e+01)
|                ( - 2.750e+03 4 0 QUESTION0_13_R 1 3.271e+02 2.249e+02))
|            ( - 7.175e+02 2 0 QUESTION0_0_R 1 1.624e+02 7.600e+01)))
|    ( QUESTION2 1 -4.643e+03 7.960e+02 2.450e+03
|        ( - 1.942e+01 3 0 SILENCE -1 3.209e+02 1.285e+03)
|        ( QUESTION0_1_R 1 -3.867e+03 3.827e+02 1.165e+03
|            ( - -1.373e+03 2 0 SILENCE -1 1.974e+02 3.907e+02)
|            ( QUESTION0 1 -2.112e+03 3.398e+02 7.746e+02
|                ( - -8.804e+02 4 0 QUESTION0_0_R 1 2.531e+02 4.459e+02)
|                ( - -8.913e+02 2 0 QUESTION0_15_R 1 1.797e+02 3.287e+02)))))
s>    ( QUESTION2_9_L -1 -4.076e+03 1.529e+03 3.058e+03
s>        ( QUESTION0 -1 2.097e+03 7.848e+02 6.078e+02
s>            ( - 2.822e+02 10 0 QUESTION0_20_R 1 2.171e+02 2.649e+02)
s>            ( QUESTION3 -1 2.600e+03 4.401e+02 3.430e+02
s>                ( QUESTION0_19_R 1 2.322e+03 4.594e+02 2.670e+02
s>                    ( - 3.166e+01 2 0 QUESTION0_20_R 1 1.697e+02 4.212e+01)
s>                    ( - 2.750e+03 4 0 QUESTION0_13_R 1 3.271e+02 2.249e+02))
s>                ( - 7.175e+02 2 0 QUESTION0_0_R 1 1.624e+02 7.600e+01)))
s>        ( QUESTION2 1 -4.643e+03 7.960e+02 2.450e+03
s>            ( - 1.942e+01 3 0 SILENCE -1 3.209e+02 1.285e+03)
s>            ( QUESTION0_1_R 1 -3.867e+03 3.827e+02 1.165e+03
s>                ( - -1.373e+03 2 0 SILENCE -1 1.974e+02 3.907e+02)
s>                ( QUESTION0 1 -2.112e+03 3.398e+02 7.746e+02
s>                    ( - -8.804e+02 4 0 QUESTION0_0_R 1 2.531e+02 4.459e+02)
s>                    ( - -8.913e+02 2 0 QUESTION0_15_R 1 1.797e+02 3.287e+02)))))INFO: dtree.c(1524): Final simple tree
|( QUESTION0_20_R 1 -6.859e+03 4.218e+02 7.748e+02
|    ( - -9.377e+02 5 0 QUESTION0 -1 1.629e+02 2.474e+02)
|    ( QUESTION0 -1 -5.500e+03 4.291e+02 5.274e+02
|        ( QUESTION0_13_R 1 -3.797e+03 2.446e+02 3.757e+02
|            ( - -7.334e+01 3 0)
|            ( QUESTION0_0_R 1 -3.479e+03 2.243e+02 3.387e+02
|                ( - -7.267e+02 8 0 QUESTION0_1_R 1 1.650e+02 1.194e+02)
|                ( - -2.528e+03 8 0 QUESTION0_18_R 1 1.717e+02 2.193e+02)))
|        ( QUESTION0_14_R 1 -1.273e+03 2.483e+02 1.517e+02
|            ( - -5.211e+02 4 0 QUESTION2 -1 1.774e+02 5.362e+01)
|            ( QUESTION0_2_R 1 -5.040e+02 2.287e+02 9.804e+01
|                ( QUESTION2 -1 -2.014e+02 2.456e+02 1.400e+01
|                    ( - -1.005e+02 1 0)
|                    ( - 1.447e+02 1 0))
|                ( - -7.398e+01 4 0 QUESTION0_0_R 1 1.698e+02 8.404e+01)))))
s>    ( QUESTION0_20_R 1 -6.859e+03 4.218e+02 7.748e+02
s>        ( - -9.377e+02 5 0 QUESTION0 -1 1.629e+02 2.474e+02)
s>        ( QUESTION0 -1 -5.500e+03 4.291e+02 5.274e+02
s>            ( QUESTION0_13_R 1 -3.797e+03 2.446e+02 3.757e+02
s>                ( - -7.334e+01 3 0)
s>                ( QUESTION0_0_R 1 -3.479e+03 2.243e+02 3.387e+02
s>                    ( - -7.267e+02 8 0 QUESTION0_1_R 1 1.650e+02 1.194e+02)
s>                    ( - -2.528e+03 8 0 QUESTION0_18_R 1 1.717e+02 2.193e+02)))
s>            ( QUESTION0_14_R 1 -1.273e+03 2.483e+02 1.517e+02
s>                ( - -5.211e+02 4 0 QUESTION2 -1 1.774e+02 5.362e+01)
s>                ( QUESTION0_2_R 1 -5.040e+02 2.287e+02 9.804e+01
s>                    ( QUESTION2 -1 -2.014e+02 2.456e+02 1.400e+01
s>                        ( - -1.005e+02 1 0)
s>                        ( - 1.447e+02 1 0))
s>                    ( - -7.398e+01 4 0 QUESTION0_0_R 1 1.698e+02 8.404e+01)))))INFO: dtree.c(1351): Comp split 3
INFO: dtree.c(1524): Final simple tree
|( QUESTION2_1_L -1 -1.999e+04 9.963e+02 2.265e+03
|    ( QUESTION0_19_R 1 -1.228e+04 5.568e+02 1.300e+03
|        ( - -2.474e+03 2 0 QUESTION0_20_R 1 2.219e+02 4.106e+02)
|        ( QUESTION0_2_R 1 -9.253e+03 2.846e+02 8.899e+02
|            ( - -1.150e+03 1 0)
|            ( - -7.818e+03 3 0 QUESTION0_0_R 1 2.317e+02 7.889e+02)))
|    ( QUESTION0 -1 -6.714e+03 4.611e+02 9.649e+02
|        ( QUESTION0_20_R 1 -3.126e+03 3.771e+02 5.043e+02
|            ( - -8.321e+02 1 0)
|            ( - -1.917e+03 4 0 QUESTION0_1_R 1 1.520e+02 3.102e+02))
|        ( QUESTION0_0_R 1 -3.127e+03 4.103e+02 4.606e+02
|            ( - 8.754e+01 2 0 QUESTION0_1_R 1 1.511e+02 9.080e+01)
|            ( QUESTION0_13_R 1 -2.804e+03 2.517e+02 3.698e+02
|                ( - 2.200e+02 1 0)
|                ( - -2.772e+03 3 0 QUESTION11 1 1.321e+02 3.688e+02)))))
s>    ( QUESTION2_1_L -1 -1.999e+04 9.963e+02 2.265e+03
s>        ( QUESTION0_19_R 1 -1.228e+04 5.568e+02 1.300e+03
s>            ( - -2.474e+03 2 0 QUESTION0_20_R 1 2.219e+02 4.106e+02)
s>            ( QUESTION0_2_R 1 -9.253e+03 2.846e+02 8.899e+02
s>                ( - -1.150e+03 1 0)
s>                ( - -7.818e+03 3 0 QUESTION0_0_R 1 2.317e+02 7.889e+02)))
s>        ( QUESTION0 -1 -6.714e+03 4.611e+02 9.649e+02
s>            ( QUESTION0_20_R 1 -3.126e+03 3.771e+02 5.043e+02
s>                ( - -8.321e+02 1 0)
s>                ( - -1.917e+03 4 0 QUESTION0_1_R 1 1.520e+02 3.102e+02))
s>            ( QUESTION0_0_R 1 -3.127e+03 4.103e+02 4.606e+02
s>                ( - 8.754e+01 2 0 QUESTION0_1_R 1 1.511e+02 9.080e+01)
s>                ( QUESTION0_13_R 1 -2.804e+03 2.517e+02 3.698e+02
s>                    ( - 2.200e+02 1 0)
s>                    ( - -2.772e+03 3 0 QUESTION11 1 1.321e+02 3.688e+02)))))INFO: dtree.c(1483): stop. leaf nodes are specific
INFO: dtree.c(1524): Final simple tree
|( QUESTION0_0_R 1 -1.166e+03 8.718e+02 9.577e+01
|    ( - 1.668e+02 1 0)
|    ( QUESTION0_19_R 1 -4.615e+02 2.683e+02 6.617e+01
|        ( - 1.588e+02 1 0)
|        ( QUESTION0_15_R 1 -3.519e+02 1.096e+02 5.079e+01
|            ( - 8.073e+01 1 0)
|            ( - -3.230e+02 1 0))))
s>    ( QUESTION0_0_R 1 -1.166e+03 8.718e+02 9.577e+01
s>        ( - 1.668e+02 1 0)
s>        ( QUESTION0_19_R 1 -4.615e+02 2.683e+02 6.617e+01
s>            ( - 1.588e+02 1 0)
s>            ( QUESTION0_15_R 1 -3.519e+02 1.096e+02 5.079e+01
s>                ( - 8.073e+01 1 0)
s>                ( - -3.230e+02 1 0))))INFO: dtree.c(1351): Comp split 4
INFO: dtree.c(1524): Final simple tree
|( QUESTION2 1 -4.844e+03 8.225e+02 2.492e+03
|    ( SILENCE -1 1.942e+01 3.209e+02 1.285e+03
|        ( QUESTION0_13_R 1 3.056e+02 2.457e+02 1.258e+03
|            ( - 2.672e+02 1 0)
|            ( - 2.840e+02 1 0))
|        ( - 3.467e+01 1 0))
|    ( QUESTION0_1_R 1 -4.041e+03 4.019e+02 1.207e+03
|        ( - -1.373e+03 2 0 SILENCE -1 1.974e+02 3.907e+02)
|        ( QUESTION0 1 -2.267e+03 3.427e+02 8.167e+02
|            ( QUESTION0_0_R 1 -9.465e+02 2.574e+02 4.479e+02
|                ( - 5.306e+02 2 0 SILENCE -1 1.937e+02 1.935e+02)
|                ( SILENCE -1 -1.220e+03 2.124e+02 2.544e+02
|                    ( - -8.111e+02 1 0)
|                    ( - -1.961e+02 2 0 QUESTION2 -1 1.470e+02 5.791e+01)))
|            ( - -9.778e+02 3 0 SILENCE -1 1.923e+02 3.688e+02))))
s>    ( QUESTION2 1 -4.844e+03 8.225e+02 2.492e+03
s>        ( SILENCE -1 1.942e+01 3.209e+02 1.285e+03
s>            ( QUESTION0_13_R 1 3.056e+02 2.457e+02 1.258e+03
s>                ( - 2.672e+02 1 0)
s>                ( - 2.840e+02 1 0))
s>            ( - 3.467e+01 1 0))
s>        ( QUESTION0_1_R 1 -4.041e+03 4.019e+02 1.207e+03
s>            ( - -1.373e+03 2 0 SILENCE -1 1.974e+02 3.907e+02)
s>            ( QUESTION0 1 -2.267e+03 3.427e+02 8.167e+02
s>                ( QUESTION0_0_R 1 -9.465e+02 2.574e+02 4.479e+02
s>                    ( - 5.306e+02 2 0 SILENCE -1 1.937e+02 1.935e+02)
s>                    ( SILENCE -1 -1.220e+03 2.124e+02 2.544e+02
s>                        ( - -8.111e+02 1 0)
s>                        ( - -1.961e+02 2 0 QUESTION2 -1 1.470e+02 5.791e+01)))
s>                ( - -9.778e+02 3 0 SILENCE -1 1.923e+02 3.688e+02))))INFO: dtree.c(1524): Final simple tree
|( QUESTION0 -1 2.308e+03 9.929e+02 5.657e+02
|    ( QUESTION0_20_R 1 2.822e+02 2.171e+02 2.649e+02
|        ( - -4.676e+00 1 0)
|        ( QUESTION0_18_R 1 5.040e+02 2.048e+02 2.579e+02
|            ( - -3.543e+01 1 0)
|            ( QUESTION0_1_R 1 7.442e+02 1.865e+02 2.271e+02
|                ( - 4.137e+02 2 0)
|                ( - 5.169e+02 6 0 QUESTION0_13_R 1 1.538e+02 1.517e+02))))
|    ( QUESTION3 -1 3.019e+03 4.484e+02 3.009e+02
|        ( QUESTION0_13_R 1 2.750e+03 3.271e+02 2.249e+02
|            ( - 1.228e+02 1 0)
|            ( QUESTION0_2_R 1 2.954e+03 1.700e+02 2.129e+02
|                ( - 1.415e+03 1 0)
|                ( - 1.709e+03 2 0 QUESTION0_0_R 1 1.630e+02 1.274e+02)))
|        ( - 7.175e+02 2 0 QUESTION0_0_R 1 1.624e+02 7.600e+01)))
s>    ( QUESTION0 -1 2.308e+03 9.929e+02 5.657e+02
s>        ( QUESTION0_20_R 1 2.822e+02 2.171e+02 2.649e+02
s>            ( - -4.676e+00 1 0)
s>            ( QUESTION0_18_R 1 5.040e+02 2.048e+02 2.579e+02
s>                ( - -3.543e+01 1 0)
s>                ( QUESTION0_1_R 1 7.442e+02 1.865e+02 2.271e+02
s>                    ( - 4.137e+02 2 0)
s>                    ( - 5.169e+02 6 0 QUESTION0_13_R 1 1.538e+02 1.517e+02))))
s>        ( QUESTION3 -1 3.019e+03 4.484e+02 3.009e+02
s>            ( QUESTION0_13_R 1 2.750e+03 3.271e+02 2.249e+02
s>                ( - 1.228e+02 1 0)
s>                ( QUESTION0_2_R 1 2.954e+03 1.700e+02 2.129e+02
s>                    ( - 1.415e+03 1 0)
s>                    ( - 1.709e+03 2 0 QUESTION0_0_R 1 1.630e+02 1.274e+02)))
s>            ( - 7.175e+02 2 0 QUESTION0_0_R 1 1.624e+02 7.600e+01)))INFO: dtree.c(1351): Comp split 5
INFO: dtree.c(1483): stop. leaf nodes are specific
INFO: dtree.c(1524): Final simple tree
|( QUESTION0_20_R 1 2.392e+02 2.193e+02 2.769e+02
|    ( - -4.676e+00 1 0)
|    ( QUESTION0_18_R 1 4.632e+02 2.064e+02 2.699e+02
|        ( - -3.543e+01 1 0)
|        ( QUESTION0_1_R 1 7.050e+02 1.911e+02 2.391e+02
|            ( - 4.137e+02 2 0)
|            ( QUESTION0_13_R 1 4.824e+02 1.661e+02 1.637e+02
|                ( QUESTION0 -1 7.855e+01 1.451e+02 6.300e+01
|                    ( - 1.008e+02 2 0)
|                    ( - 1.228e+02 1 0))
|                ( QUESTION0_0_R 1 5.699e+02 1.162e+02 1.007e+02
|                    ( - 3.661e+02 2 0)
|                    ( - 3.201e+02 2 0))))))
s>    ( QUESTION0_20_R 1 2.392e+02 2.193e+02 2.769e+02
s>        ( - -4.676e+00 1 0)
s>        ( QUESTION0_18_R 1 4.632e+02 2.064e+02 2.699e+02
s>            ( - -3.543e+01 1 0)
s>            ( QUESTION0_1_R 1 7.050e+02 1.911e+02 2.391e+02
s>                ( - 4.137e+02 2 0)
s>                ( QUESTION0_13_R 1 4.824e+02 1.661e+02 1.637e+02
s>                    ( QUESTION0 -1 7.855e+01 1.451e+02 6.300e+01
s>                        ( - 1.008e+02 2 0)
s>                        ( - 1.228e+02 1 0))
s>                    ( QUESTION0_0_R 1 5.699e+02 1.162e+02 1.007e+02
s>                        ( - 3.661e+02 2 0)
s>                        ( - 3.201e+02 2 0))))))INFO: dtree.c(1483): stop. leaf nodes are specific
INFO: dtree.c(1524): Final simple tree
|( QUESTION3 -1 3.208e+03 4.638e+02 2.889e+02
|    ( QUESTION0_2_R 1 2.954e+03 1.700e+02 2.129e+02
|        ( - 1.415e+03 1 0)
|        ( QUESTION0_0_R 1 1.709e+03 1.630e+02 1.274e+02
|            ( - 2.661e+02 1 0)
|            ( - 1.606e+03 1 0)))
|    ( QUESTION0_0_R 1 7.175e+02 1.624e+02 7.600e+01
|        ( - 5.615e+02 1 0)
|        ( - 3.184e+02 1 0)))
s>    ( QUESTION3 -1 3.208e+03 4.638e+02 2.889e+02
s>        ( QUESTION0_2_R 1 2.954e+03 1.700e+02 2.129e+02
s>            ( - 1.415e+03 1 0)
s>            ( QUESTION0_0_R 1 1.709e+03 1.630e+02 1.274e+02
s>                ( - 2.661e+02 1 0)
s>                ( - 1.606e+03 1 0)))
s>        ( QUESTION0_0_R 1 7.175e+02 1.624e+02 7.600e+01
s>            ( - 5.615e+02 1 0)
s>            ( - 3.184e+02 1 0)))INFO: dtree.c(1351): Comp split 6
INFO: dtree.c(1483): stop. leaf nodes are specific
INFO: dtree.c(1524): Final simple tree
|( QUESTION0_20_R 1 -3.126e+03 3.771e+02 5.043e+02
|    ( - -8.321e+02 1 0)
|    ( QUESTION0_1_R 1 -1.917e+03 1.520e+02 3.102e+02
|        ( - -3.862e+02 1 0)
|        ( QUESTION0_0_R 1 -1.379e+03 1.439e+02 2.600e+02
|            ( - -4.804e+00 1 0)
|            ( QUESTION0_18_R 1 -1.230e+03 1.408e+02 2.416e+02
|                ( - -1.177e+03 1 0)
|                ( - 8.814e+01 1 0)))))
s>    ( QUESTION0_20_R 1 -3.126e+03 3.771e+02 5.043e+02
s>        ( - -8.321e+02 1 0)
s>        ( QUESTION0_1_R 1 -1.917e+03 1.520e+02 3.102e+02
s>            ( - -3.862e+02 1 0)
s>            ( QUESTION0_0_R 1 -1.379e+03 1.439e+02 2.600e+02
s>                ( - -4.804e+00 1 0)
s>                ( QUESTION0_18_R 1 -1.230e+03 1.408e+02 2.416e+02
s>                    ( - -1.177e+03 1 0)
s>                    ( - 8.814e+01 1 0)))))INFO: dtree.c(1524): Final simple tree
|( QUESTION0_19_R 1 -1.578e+04 4.327e+02 1.761e+03
|    ( QUESTION0 -1 -4.433e+03 2.644e+02 6.256e+02
|        ( - -2.474e+03 2 0 QUESTION0_20_R 1 2.219e+02 4.106e+02)
|        ( - -1.694e+03 2 0 QUESTION0_20_R 1 1.263e+02 2.150e+02))
|    ( QUESTION0 -1 -1.091e+04 3.858e+02 1.135e+03
|        ( QUESTION0_2_R 1 -9.253e+03 2.846e+02 8.899e+02
|            ( - -1.150e+03 1 0)
|            ( QUESTION0_0_R 1 -7.818e+03 2.317e+02 7.889e+02
|                ( - -4.520e+03 1 0)
|                ( - -3.067e+03 2 0 QUESTION0_13_R 1 1.637e+02 2.714e+02)))
|        ( QUESTION0_0_R 1 -1.273e+03 3.604e+02 2.456e+02
|            ( - 8.754e+01 2 0 QUESTION0_1_R 1 1.511e+02 9.080e+01)
|            ( QUESTION0_13_R 1 -1.000e+03 2.560e+02 1.548e+02
|                ( - 2.200e+02 1 0)
|                ( - -9.642e+02 1 0)))))
s>    ( QUESTION0_19_R 1 -1.578e+04 4.327e+02 1.761e+03
s>        ( QUESTION0 -1 -4.433e+03 2.644e+02 6.256e+02
s>            ( - -2.474e+03 2 0 QUESTION0_20_R 1 2.219e+02 4.106e+02)
s>            ( - -1.694e+03 2 0 QUESTION0_20_R 1 1.263e+02 2.150e+02))
s>        ( QUESTION0 -1 -1.091e+04 3.858e+02 1.135e+03
s>            ( QUESTION0_2_R 1 -9.253e+03 2.846e+02 8.899e+02
s>                ( - -1.150e+03 1 0)
s>                ( QUESTION0_0_R 1 -7.818e+03 2.317e+02 7.889e+02
s>                    ( - -4.520e+03 1 0)
s>                    ( - -3.067e+03 2 0 QUESTION0_13_R 1 1.637e+02 2.714e+02)))
s>            ( QUESTION0_0_R 1 -1.273e+03 3.604e+02 2.456e+02
s>                ( - 8.754e+01 2 0 QUESTION0_1_R 1 1.511e+02 9.080e+01)
s>                ( QUESTION0_13_R 1 -1.000e+03 2.560e+02 1.548e+02
s>                    ( - 2.200e+02 1 0)
s>                    ( - -9.642e+02 1 0)))))INFO: dtree.c(1351): Comp split 7
INFO: dtree.c(1483): stop. leaf nodes are specific
INFO: dtree.c(1524): Final simple tree
|( QUESTION0_14_R 1 5.034e+02 3.675e+02 1.451e+03
|    ( - 2.840e+02 1 0)
|    ( QUESTION0_0_R 1 5.869e+02 2.109e+02 2.380e+02
|        ( SILENCE -1 5.306e+02 1.937e+02 1.935e+02
|            ( - 6.163e+02 1 0)
|            ( - 1.080e+02 1 0))
|        ( - 2.672e+02 1 0)))
s>    ( QUESTION0_14_R 1 5.034e+02 3.675e+02 1.451e+03
s>        ( - 2.840e+02 1 0)
s>        ( QUESTION0_0_R 1 5.869e+02 2.109e+02 2.380e+02
s>            ( SILENCE -1 5.306e+02 1.937e+02 1.935e+02
s>                ( - 6.163e+02 1 0)
s>                ( - 1.080e+02 1 0))
s>            ( - 2.672e+02 1 0)))INFO: dtree.c(1524): Final simple tree
|( QUESTION0_17_R 1 -4.442e+03 3.629e+02 1.041e+03
|    ( QUESTION11 1 -2.707e+03 3.120e+02 6.476e+02
|        ( SILENCE -1 -9.790e+02 1.927e+02 3.658e+02
|            ( - -8.922e+02 1 0)
|            ( - 1.058e+02 1 0))
|        ( SILENCE -1 -1.416e+03 2.802e+02 2.818e+02
|            ( - -8.111e+02 1 0)
|            ( QUESTION0_18_R 1 -3.242e+02 1.627e+02 8.535e+01
|                ( - 3.467e+01 1 0)
|                ( - -1.961e+02 2 0 QUESTION2 -1 1.470e+02 5.791e+01))))
|    ( SILENCE -1 -1.372e+03 1.969e+02 3.937e+02
|        ( QUESTION0_0_R 1 -1.346e+03 1.811e+02 3.721e+02
|            ( - -1.345e+03 1 0)
|            ( - 1.806e+02 1 0))
|        ( - 1.702e+02 1 0)))
s>    ( QUESTION0_17_R 1 -4.442e+03 3.629e+02 1.041e+03
s>        ( QUESTION11 1 -2.707e+03 3.120e+02 6.476e+02
s>            ( SILENCE -1 -9.790e+02 1.927e+02 3.658e+02
s>                ( - -8.922e+02 1 0)
s>                ( - 1.058e+02 1 0))
s>            ( SILENCE -1 -1.416e+03 2.802e+02 2.818e+02
s>                ( - -8.111e+02 1 0)
s>                ( QUESTION0_18_R 1 -3.242e+02 1.627e+02 8.535e+01
s>                    ( - 3.467e+01 1 0)
s>                    ( - -1.961e+02 2 0 QUESTION2 -1 1.470e+02 5.791e+01))))
s>        ( SILENCE -1 -1.372e+03 1.969e+02 3.937e+02
s>            ( QUESTION0_0_R 1 -1.346e+03 1.811e+02 3.721e+02
s>                ( - -1.345e+03 1 0)
s>                ( - 1.806e+02 1 0))
s>            ( - 1.702e+02 1 0)))INFO: dtree.c(1351): Comp split 8
INFO: dtree.c(1483): stop. leaf nodes are specific
INFO: dtree.c(1524): Final simple tree
|( QUESTION0_19_R 1 -4.615e+02 2.683e+02 6.617e+01
|    ( - 1.588e+02 1 0)
|    ( QUESTION0_15_R 1 -3.519e+02 1.096e+02 5.079e+01
|        ( - 8.073e+01 1 0)
|        ( - -3.230e+02 1 0)))
s>    ( QUESTION0_19_R 1 -4.615e+02 2.683e+02 6.617e+01
s>        ( - 1.588e+02 1 0)
s>        ( QUESTION0_15_R 1 -3.519e+02 1.096e+02 5.079e+01
s>            ( - 8.073e+01 1 0)
s>            ( - -3.230e+02 1 0)))INFO: dtree.c(1351): Comp split 9
INFO: dtree.c(1483): stop. leaf nodes are specific
INFO: dtree.c(1524): Final simple tree
|( QUESTION0 -1 -3.614e+03 2.793e+02 3.427e+02
|    ( QUESTION0_0_R 1 -3.479e+03 2.243e+02 3.387e+02
|        ( QUESTION0_1_R 1 -7.267e+02 1.650e+02 1.194e+02
|            ( - -4.209e+02 4 0)
|            ( - -1.408e+02 4 0))
|        ( QUESTION0_18_R 1 -2.528e+03 1.717e+02 2.193e+02
|            ( - -1.570e+03 4 0)
|            ( - -7.861e+02 4 0)))
|    ( - 1.447e+02 1 0))
s>    ( QUESTION0 -1 -3.614e+03 2.793e+02 3.427e+02
s>        ( QUESTION0_0_R 1 -3.479e+03 2.243e+02 3.387e+02
s>            ( QUESTION0_1_R 1 -7.267e+02 1.650e+02 1.194e+02
s>                ( - -4.209e+02 4 0)
s>                ( - -1.408e+02 4 0))
s>            ( QUESTION0_18_R 1 -2.528e+03 1.717e+02 2.193e+02
s>                ( - -1.570e+03 4 0)
s>                ( - -7.861e+02 4 0)))
s>        ( - 1.447e+02 1 0))INFO: dtree.c(1524): Final simple tree
|( QUESTION0_20_R 1 -2.532e+03 2.524e+02 4.321e+02
|    ( - -9.377e+02 5 0 QUESTION0 -1 1.629e+02 2.474e+02)
|    ( QUESTION0_14_R 1 -1.342e+03 2.497e+02 1.847e+02
|        ( QUESTION2 -1 -5.211e+02 1.774e+02 5.362e+01
|            ( QUESTION0_18_R 1 -1.538e+02 1.719e+02 3.115e+01
|                ( - -1.281e+02 1 0)
|                ( - 1.463e+02 1 0))
|            ( - -1.900e+02 2 0 QUESTION0_18_R 1 1.447e+02 2.247e+01))
|        ( QUESTION0_1_R 1 -5.708e+02 1.775e+02 1.311e+02
|            ( QUESTION2 -1 1.920e+01 1.763e+02 4.540e+01
|                ( - 1.029e+02 1 0)
|                ( - 9.256e+01 1 0))
|            ( QUESTION0_0_R 1 -4.124e+02 1.676e+02 8.565e+01
|                ( - -1.005e+02 1 0)
|                ( - -1.443e+02 5 0 QUESTION2 -1 1.505e+02 7.565e+01)))))
s>    ( QUESTION0_20_R 1 -2.532e+03 2.524e+02 4.321e+02
s>        ( - -9.377e+02 5 0 QUESTION0 -1 1.629e+02 2.474e+02)
s>        ( QUESTION0_14_R 1 -1.342e+03 2.497e+02 1.847e+02
s>            ( QUESTION2 -1 -5.211e+02 1.774e+02 5.362e+01
s>                ( QUESTION0_18_R 1 -1.538e+02 1.719e+02 3.115e+01
s>                    ( - -1.281e+02 1 0)
s>                    ( - 1.463e+02 1 0))
s>                ( - -1.900e+02 2 0 QUESTION0_18_R 1 1.447e+02 2.247e+01))
s>            ( QUESTION0_1_R 1 -5.708e+02 1.775e+02 1.311e+02
s>                ( QUESTION2 -1 1.920e+01 1.763e+02 4.540e+01
s>                    ( - 1.029e+02 1 0)
s>                    ( - 9.256e+01 1 0))
s>                ( QUESTION0_0_R 1 -4.124e+02 1.676e+02 8.565e+01
s>                    ( - -1.005e+02 1 0)
s>                    ( - -1.443e+02 5 0 QUESTION2 -1 1.505e+02 7.565e+01)))))INFO: dtree.c(1351): Comp split 10
INFO: dtree.c(1483): stop. leaf nodes are specific
INFO: dtree.c(1524): Final simple tree
|( QUESTION4 1 -2.169e+03 2.344e+02 4.866e+02
|    ( - 2.864e+01 1 0)
|    ( QUESTION0_0_R 1 -1.964e+03 2.466e+02 4.755e+02
|        ( - 2.133e+02 1 0)
|        ( QUESTION0_13_R 1 -1.930e+03 1.412e+02 4.545e+02
|            ( - 1.297e+02 1 0)
|            ( - -1.919e+03 1 0))))
s>    ( QUESTION4 1 -2.169e+03 2.344e+02 4.866e+02
s>        ( - 2.864e+01 1 0)
s>        ( QUESTION0_0_R 1 -1.964e+03 2.466e+02 4.755e+02
s>            ( - 2.133e+02 1 0)
s>            ( QUESTION0_13_R 1 -1.930e+03 1.412e+02 4.545e+02
s>                ( - 1.297e+02 1 0)
s>                ( - -1.919e+03 1 0))))INFO: dtree.c(1524): Final simple tree
|( QUESTION2 -1 -1.372e+03 4.002e+02 1.350e+02
|    ( QUESTION0_20_R 1 -3.061e+02 3.448e+02 9.300e+01
|        ( - -3.096e+01 1 0)
|        ( - 6.967e+01 2 0 QUESTION0_18_R 1 1.143e+02 5.271e+01))
|    ( QUESTION2_9_L -1 -6.658e+02 2.963e+02 4.203e+01
|        ( WDBNDRY_B 0 -3.370e+02 2.668e+02 3.007e+01
|            ( QUESTION0 1 -3.088e+02 1.439e+02 2.907e+01
|                ( - -7.009e+01 2 0 QUESTION0_0_R 1 1.023e+02 1.600e+01)
|                ( QUESTION0_13_R 1 -9.481e+01 1.424e+02 1.307e+01
|                    ( - 6.716e+01 1 0)
|                    ( - -1.954e+01 1 0)))
|            ( - 2.386e+02 1 0))
|        ( QUESTION0_15_R 1 -3.248e+01 1.683e+02 1.195e+01
|            ( - 7.766e+01 1 0)
|            ( - 5.819e+01 1 0))))
s>    ( QUESTION2 -1 -1.372e+03 4.002e+02 1.350e+02
s>        ( QUESTION0_20_R 1 -3.061e+02 3.448e+02 9.300e+01
s>            ( - -3.096e+01 1 0)
s>            ( - 6.967e+01 2 0 QUESTION0_18_R 1 1.143e+02 5.271e+01))
s>        ( QUESTION2_9_L -1 -6.658e+02 2.963e+02 4.203e+01
s>            ( WDBNDRY_B 0 -3.370e+02 2.668e+02 3.007e+01
s>                ( QUESTION0 1 -3.088e+02 1.439e+02 2.907e+01
s>                    ( - -7.009e+01 2 0 QUESTION0_0_R 1 1.023e+02 1.600e+01)
s>                    ( QUESTION0_13_R 1 -9.481e+01 1.424e+02 1.307e+01
s>                        ( - 6.716e+01 1 0)
s>                        ( - -1.954e+01 1 0)))
s>                ( - 2.386e+02 1 0))
s>            ( QUESTION0_15_R 1 -3.248e+01 1.683e+02 1.195e+01
s>                ( - 7.766e+01 1 0)
s>                ( - 5.819e+01 1 0))))INFO: dtree.c(1351): Comp split 11
INFO: dtree.c(1483): stop. leaf nodes are specific
INFO: dtree.c(1524): Final simple tree
|( QUESTION0_2_R 1 -9.253e+03 2.846e+02 8.899e+02
|    ( - -1.150e+03 1 0)
|    ( QUESTION0_0_R 1 -7.818e+03 2.317e+02 7.889e+02
|        ( - -4.520e+03 1 0)
|        ( QUESTION0_13_R 1 -3.067e+03 1.637e+02 2.714e+02
|            ( - -2.066e+02 1 0)
|            ( - -2.697e+03 1 0))))
s>    ( QUESTION0_2_R 1 -9.253e+03 2.846e+02 8.899e+02
s>        ( - -1.150e+03 1 0)
s>        ( QUESTION0_0_R 1 -7.818e+03 2.317e+02 7.889e+02
s>            ( - -4.520e+03 1 0)
s>            ( QUESTION0_13_R 1 -3.067e+03 1.637e+02 2.714e+02
s>                ( - -2.066e+02 1 0)
s>                ( - -2.697e+03 1 0))))INFO: dtree.c(1524): Final simple tree
|( QUESTION0_0_R 1 -5.956e+03 4.537e+02 8.712e+02
|    ( QUESTION0_1_R 1 8.754e+01 1.511e+02 9.080e+01
|        ( - 1.105e+02 1 0)
|        ( - 1.282e+02 1 0))
|    ( QUESTION0 -1 -5.590e+03 3.123e+02 7.804e+02
|        ( QUESTION0_20_R 1 -2.474e+03 2.219e+02 4.106e+02
|            ( - -1.814e+03 1 0)
|            ( - -4.382e+02 1 0))
|        ( QUESTION0_13_R 1 -2.804e+03 2.517e+02 3.698e+02
|            ( - 2.200e+02 1 0)
|            ( QUESTION11 1 -2.772e+03 1.321e+02 3.688e+02
|                ( - -7.264e+02 1 0)
|                ( QUESTION0_18_R 1 -1.914e+03 1.082e+02 2.590e+02
|                    ( - -9.642e+02 1 0)
|                    ( - -8.414e+02 1 0))))))
s>    ( QUESTION0_0_R 1 -5.956e+03 4.537e+02 8.712e+02
s>        ( QUESTION0_1_R 1 8.754e+01 1.511e+02 9.080e+01
s>            ( - 1.105e+02 1 0)
s>            ( - 1.282e+02 1 0))
s>        ( QUESTION0 -1 -5.590e+03 3.123e+02 7.804e+02
s>            ( QUESTION0_20_R 1 -2.474e+03 2.219e+02 4.106e+02
s>                ( - -1.814e+03 1 0)
s>                ( - -4.382e+02 1 0))
s>            ( QUESTION0_13_R 1 -2.804e+03 2.517e+02 3.698e+02
s>                ( - 2.200e+02 1 0)
s>                ( QUESTION11 1 -2.772e+03 1.321e+02 3.688e+02
s>                    ( - -7.264e+02 1 0)
s>                    ( QUESTION0_18_R 1 -1.914e+03 1.082e+02 2.590e+02
s>                        ( - -9.642e+02 1 0)
s>                        ( - -8.414e+02 1 0))))))INFO: dtree.c(1351): Comp split 12
INFO: dtree.c(1483): stop. leaf nodes are specific
INFO: dtree.c(1524): Final simple tree
|( QUESTION0_2_R 1 2.954e+03 1.700e+02 2.129e+02
|    ( - 1.415e+03 1 0)
|    ( QUESTION0_0_R 1 1.709e+03 1.630e+02 1.274e+02
|        ( - 2.661e+02 1 0)
|        ( - 1.606e+03 1 0)))
s>    ( QUESTION0_2_R 1 2.954e+03 1.700e+02 2.129e+02
s>        ( - 1.415e+03 1 0)
s>        ( QUESTION0_0_R 1 1.709e+03 1.630e+02 1.274e+02
s>            ( - 2.661e+02 1 0)
s>            ( - 1.606e+03 1 0)))INFO: dtree.c(1483): stop. leaf nodes are specific
INFO: dtree.c(1524): Final simple tree
|( QUESTION0_0_R 1 7.175e+02 1.624e+02 7.600e+01
|    ( - 5.615e+02 1 0)
|    ( - 3.184e+02 1 0))
s>    ( QUESTION0_0_R 1 7.175e+02 1.624e+02 7.600e+01
s>        ( - 5.615e+02 1 0)
s>        ( - 3.184e+02 1 0))INFO: dtree.c(1351): Comp split 13
INFO: dtree.c(1483): stop. leaf nodes are specific
INFO: dtree.c(1524): Final simple tree
|( QUESTION0_0_R 1 -2.856e+03 2.385e+02 7.772e+02
|    ( SILENCE -1 -1.373e+03 1.974e+02 3.907e+02
|        ( - -1.345e+03 1 0)
|        ( - 1.702e+02 1 0))
|    ( QUESTION0_15_R 1 -1.245e+03 1.801e+02 3.866e+02
|        ( - 1.806e+02 1 0)
|        ( QUESTION2 -1 -1.245e+03 1.616e+02 3.836e+02
|            ( - 9.552e+01 1 0)
|            ( SILENCE -1 -1.179e+03 1.421e+02 3.816e+02
|                ( - -8.922e+02 1 0)
|                ( - -1.447e+02 1 0)))))
s>    ( QUESTION0_0_R 1 -2.856e+03 2.385e+02 7.772e+02
s>        ( SILENCE -1 -1.373e+03 1.974e+02 3.907e+02
s>            ( - -1.345e+03 1 0)
s>            ( - 1.702e+02 1 0))
s>        ( QUESTION0_15_R 1 -1.245e+03 1.801e+02 3.866e+02
s>            ( - 1.806e+02 1 0)
s>            ( QUESTION2 -1 -1.245e+03 1.616e+02 3.836e+02
s>                ( - 9.552e+01 1 0)
s>                ( SILENCE -1 -1.179e+03 1.421e+02 3.816e+02
s>                    ( - -8.922e+02 1 0)
s>                    ( - -1.447e+02 1 0)))))INFO: dtree.c(1483): stop. leaf nodes are specific
INFO: dtree.c(1524): Final simple tree
|( QUESTION0_18_R 1 -1.132e+03 2.584e+02 2.640e+02
|    ( - 3.467e+01 1 0)
|    ( SILENCE -1 -9.081e+02 2.028e+02 2.366e+02
|        ( - -8.111e+02 1 0)
|        ( - 1.058e+02 1 0)))
s>    ( QUESTION0_18_R 1 -1.132e+03 2.584e+02 2.640e+02
s>        ( - 3.467e+01 1 0)
s>        ( SILENCE -1 -9.081e+02 2.028e+02 2.366e+02
s>            ( - -8.111e+02 1 0)
s>            ( - 1.058e+02 1 0)))INFO: dtree.c(1351): Comp split 14
INFO: dtree.c(1483): stop. leaf nodes are specific
INFO: dtree.c(1524): Final simple tree
|( QUESTION0 -1 -5.590e+03 3.123e+02 7.804e+02
|    ( QUESTION0_20_R 1 -2.474e+03 2.219e+02 4.106e+02
|        ( - -1.814e+03 1 0)
|        ( - -4.382e+02 1 0))
|    ( QUESTION0_13_R 1 -2.804e+03 2.517e+02 3.698e+02
|        ( - 2.200e+02 1 0)
|        ( QUESTION11 1 -2.772e+03 1.321e+02 3.688e+02
|            ( - -7.264e+02 1 0)
|            ( QUESTION0_18_R 1 -1.914e+03 1.082e+02 2.590e+02
|                ( - -9.642e+02 1 0)
|                ( - -8.414e+02 1 0)))))
s>    ( QUESTION0 -1 -5.590e+03 3.123e+02 7.804e+02
s>        ( QUESTION0_20_R 1 -2.474e+03 2.219e+02 4.106e+02
s>            ( - -1.814e+03 1 0)
s>            ( - -4.382e+02 1 0))
s>        ( QUESTION0_13_R 1 -2.804e+03 2.517e+02 3.698e+02
s>            ( - 2.200e+02 1 0)
s>            ( QUESTION11 1 -2.772e+03 1.321e+02 3.688e+02
s>                ( - -7.264e+02 1 0)
s>                ( QUESTION0_18_R 1 -1.914e+03 1.082e+02 2.590e+02
s>                    ( - -9.642e+02 1 0)
s>                    ( - -8.414e+02 1 0)))))INFO: dtree.c(1483): stop. leaf nodes are specific
INFO: dtree.c(1524): Final simple tree
|( QUESTION0_1_R 1 8.754e+01 1.511e+02 9.080e+01
|    ( - 1.105e+02 1 0)
|    ( - 1.282e+02 1 0))
s>    ( QUESTION0_1_R 1 8.754e+01 1.511e+02 9.080e+01
s>        ( - 1.105e+02 1 0)
s>        ( - 1.282e+02 1 0))INFO: dtree.c(1351): Comp split 15
INFO: dtree.c(1483): stop. leaf nodes are specific
INFO: dtree.c(1524): Final simple tree
|( QUESTION2_9_L -1 -6.658e+02 2.963e+02 4.203e+01
|    ( WDBNDRY_B 0 -3.370e+02 2.668e+02 3.007e+01
|        ( QUESTION0 1 -3.088e+02 1.439e+02 2.907e+01
|            ( QUESTION0_0_R 1 -7.009e+01 1.023e+02 1.600e+01
|                ( - -4.103e+01 1 0)
|                ( - 7.324e+01 1 0))
|            ( QUESTION0_13_R 1 -9.481e+01 1.424e+02 1.307e+01
|                ( - 6.716e+01 1 0)
|                ( - -1.954e+01 1 0)))
|        ( - 2.386e+02 1 0))
|    ( QUESTION0_15_R 1 -3.248e+01 1.683e+02 1.195e+01
|        ( - 7.766e+01 1 0)
|        ( - 5.819e+01 1 0)))
s>    ( QUESTION2_9_L -1 -6.658e+02 2.963e+02 4.203e+01
s>        ( WDBNDRY_B 0 -3.370e+02 2.668e+02 3.007e+01
s>            ( QUESTION0 1 -3.088e+02 1.439e+02 2.907e+01
s>                ( QUESTION0_0_R 1 -7.009e+01 1.023e+02 1.600e+01
s>                    ( - -4.103e+01 1 0)
s>                    ( - 7.324e+01 1 0))
s>                ( QUESTION0_13_R 1 -9.481e+01 1.424e+02 1.307e+01
s>                    ( - 6.716e+01 1 0)
s>                    ( - -1.954e+01 1 0)))
s>            ( - 2.386e+02 1 0))
s>        ( QUESTION0_15_R 1 -3.248e+01 1.683e+02 1.195e+01
s>            ( - 7.766e+01 1 0)
s>            ( - 5.819e+01 1 0)))INFO: dtree.c(1483): stop. leaf nodes are specific
INFO: dtree.c(1524): Final simple tree
|( QUESTION0_20_R 1 -3.061e+02 3.448e+02 9.300e+01
|    ( - -3.096e+01 1 0)
|    ( QUESTION0_18_R 1 6.967e+01 1.143e+02 5.271e+01
|        ( - 1.124e+02 1 0)
|        ( - 7.154e+01 1 0)))
s>    ( QUESTION0_20_R 1 -3.061e+02 3.448e+02 9.300e+01
s>        ( - -3.096e+01 1 0)
s>        ( QUESTION0_18_R 1 6.967e+01 1.143e+02 5.271e+01
s>            ( - 1.124e+02 1 0)
s>            ( - 7.154e+01 1 0)))INFO: dtree.c(1351): Comp split 16
INFO: dtree.c(1483): stop. leaf nodes are specific
INFO: dtree.c(1524): Final simple tree
|( QUESTION0_1_R 1 -1.917e+03 1.520e+02 3.102e+02
|    ( - -3.862e+02 1 0)
|    ( QUESTION0_0_R 1 -1.379e+03 1.439e+02 2.600e+02
|        ( - -4.804e+00 1 0)
|        ( QUESTION0_18_R 1 -1.230e+03 1.408e+02 2.416e+02
|            ( - -1.177e+03 1 0)
|            ( - 8.814e+01 1 0))))
s>    ( QUESTION0_1_R 1 -1.917e+03 1.520e+02 3.102e+02
s>        ( - -3.862e+02 1 0)
s>        ( QUESTION0_0_R 1 -1.379e+03 1.439e+02 2.600e+02
s>            ( - -4.804e+00 1 0)
s>            ( QUESTION0_18_R 1 -1.230e+03 1.408e+02 2.416e+02
s>                ( - -1.177e+03 1 0)
s>                ( - 8.814e+01 1 0))))INFO: dtree.c(1351): Comp split 17
INFO: dtree.c(1483): stop. leaf nodes are specific
INFO: dtree.c(1524): Final simple tree
|( QUESTION0_0_R 1 6.854e+02 1.981e+02 2.310e+02
|    ( - 6.163e+02 1 0)
|    ( - 2.672e+02 1 0))
s>    ( QUESTION0_0_R 1 6.854e+02 1.981e+02 2.310e+02
s>        ( - 6.163e+02 1 0)
s>        ( - 2.672e+02 1 0))INFO: dtree.c(1483): stop. leaf nodes are specific
INFO: dtree.c(1524): Final simple tree
|( SILENCE -1 1.947e+02 1.973e+02 1.220e+03
|    ( - 2.840e+02 1 0)
|    ( - 1.080e+02 1 0))
s>    ( SILENCE -1 1.947e+02 1.973e+02 1.220e+03
s>        ( - 2.840e+02 1 0)
s>        ( - 1.080e+02 1 0))INFO: dtree.c(1351): Comp split 18
INFO: dtree.c(1483): stop. leaf nodes are specific
INFO: dtree.c(1524): Final simple tree
|( QUESTION0_18_R 1 6.967e+01 1.143e+02 5.271e+01
|    ( - 1.124e+02 1 0)
|    ( - 7.154e+01 1 0))
s>    ( QUESTION0_18_R 1 6.967e+01 1.143e+02 5.271e+01
s>        ( - 1.124e+02 1 0)
s>        ( - 7.154e+01 1 0))INFO: dtree.c(1351): Comp split 19
INFO: dtree.c(1483): stop. leaf nodes are specific
INFO: dtree.c(1524): Final simple tree
|( QUESTION0 -1 -3.423e+03 2.123e+02 4.501e+02
|    ( - -4.382e+02 1 0)
|    ( QUESTION11 1 -2.772e+03 1.321e+02 3.688e+02
|        ( - -7.264e+02 1 0)
|        ( QUESTION0_18_R 1 -1.914e+03 1.082e+02 2.590e+02
|            ( - -9.642e+02 1 0)
|            ( - -8.414e+02 1 0))))
s>    ( QUESTION0 -1 -3.423e+03 2.123e+02 4.501e+02
s>        ( - -4.382e+02 1 0)
s>        ( QUESTION11 1 -2.772e+03 1.321e+02 3.688e+02
s>            ( - -7.264e+02 1 0)
s>            ( QUESTION0_18_R 1 -1.914e+03 1.082e+02 2.590e+02
s>                ( - -9.642e+02 1 0)
s>                ( - -8.414e+02 1 0))))INFO: dtree.c(1483): stop. leaf nodes are specific
INFO: dtree.c(1524): Final simple tree
|( QUESTION0_13_R 1 -1.846e+03 2.517e+02 3.303e+02
|    ( - 2.200e+02 1 0)
|    ( - -1.814e+03 1 0))
s>    ( QUESTION0_13_R 1 -1.846e+03 2.517e+02 3.303e+02
s>        ( - 2.200e+02 1 0)
s>        ( - -1.814e+03 1 0))INFO: dtree.c(1351): Comp split 20
INFO: dtree.c(1483): stop. leaf nodes are specific
INFO: dtree.c(1524): Final simple tree
|( QUESTION0_14_R 1 -7.745e+02 2.012e+02 1.388e+02
|    ( - -1.281e+02 1 0)
|    ( QUESTION0_2_R 1 -4.452e+02 1.736e+02 1.096e+02
|        ( - -1.005e+02 1 0)
|        ( QUESTION0 -1 -1.711e+02 1.395e+02 9.965e+01
|            ( - -7.334e+01 3 0)
|            ( QUESTION0_0_R 1 4.175e+01 1.378e+02 6.264e+01
|                ( - 1.029e+02 1 0)
|                ( QUESTION2 -1 7.658e+01 1.458e+02 3.864e+01
|                    ( - 8.366e+01 1 0)
|                    ( - 1.387e+02 1 0))))))
s>    ( QUESTION0_14_R 1 -7.745e+02 2.012e+02 1.388e+02
s>        ( - -1.281e+02 1 0)
s>        ( QUESTION0_2_R 1 -4.452e+02 1.736e+02 1.096e+02
s>            ( - -1.005e+02 1 0)
s>            ( QUESTION0 -1 -1.711e+02 1.395e+02 9.965e+01
s>                ( - -7.334e+01 3 0)
s>                ( QUESTION0_0_R 1 4.175e+01 1.378e+02 6.264e+01
s>                    ( - 1.029e+02 1 0)
s>                    ( QUESTION2 -1 7.658e+01 1.458e+02 3.864e+01
s>                        ( - 8.366e+01 1 0)
s>                        ( - 1.387e+02 1 0))))))INFO: dtree.c(1483): stop. leaf nodes are specific
INFO: dtree.c(1524): Final simple tree
|( QUESTION0 -1 -1.441e+03 2.416e+02 2.933e+02
|    ( - -8.196e+02 4 0)
|    ( QUESTION0_0_R 1 -3.794e+02 1.836e+02 4.888e+01
|        ( - 9.256e+01 1 0)
|        ( QUESTION11 1 -2.883e+02 1.445e+02 2.747e+01
|            ( QUESTION2 -1 -1.054e+02 1.517e+02 1.697e+01
|                ( - 1.463e+02 1 0)
|                ( - -9.995e+01 1 0))
|            ( QUESTION0_18_R 1 -3.848e+01 1.378e+02 1.050e+01
|                ( - 5.460e+01 1 0)
|                ( - 4.476e+01 1 0)))))
s>    ( QUESTION0 -1 -1.441e+03 2.416e+02 2.933e+02
s>        ( - -8.196e+02 4 0)
s>        ( QUESTION0_0_R 1 -3.794e+02 1.836e+02 4.888e+01
s>            ( - 9.256e+01 1 0)
s>            ( QUESTION11 1 -2.883e+02 1.445e+02 2.747e+01
s>                ( QUESTION2 -1 -1.054e+02 1.517e+02 1.697e+01
s>                    ( - 1.463e+02 1 0)
s>                    ( - -9.995e+01 1 0))
s>                ( QUESTION0_18_R 1 -3.848e+01 1.378e+02 1.050e+01
s>                    ( - 5.460e+01 1 0)
s>                    ( - 4.476e+01 1 0)))))INFO: dtree.c(1351): Comp split 21
INFO: dtree.c(1483): stop. leaf nodes are specific
INFO: dtree.c(1524): Final simple tree
|( WDBNDRY_B 0 -3.370e+02 2.668e+02 3.007e+01
|    ( QUESTION0 1 -3.088e+02 1.439e+02 2.907e+01
|        ( QUESTION0_0_R 1 -7.009e+01 1.023e+02 1.600e+01
|            ( - -4.103e+01 1 0)
|            ( - 7.324e+01 1 0))
|        ( QUESTION0_13_R 1 -9.481e+01 1.424e+02 1.307e+01
|            ( - 6.716e+01 1 0)
|            ( - -1.954e+01 1 0)))
|    ( - 2.386e+02 1 0))
s>    ( WDBNDRY_B 0 -3.370e+02 2.668e+02 3.007e+01
s>        ( QUESTION0 1 -3.088e+02 1.439e+02 2.907e+01
s>            ( QUESTION0_0_R 1 -7.009e+01 1.023e+02 1.600e+01
s>                ( - -4.103e+01 1 0)
s>                ( - 7.324e+01 1 0))
s>            ( QUESTION0_13_R 1 -9.481e+01 1.424e+02 1.307e+01
s>                ( - 6.716e+01 1 0)
s>                ( - -1.954e+01 1 0)))
s>        ( - 2.386e+02 1 0))INFO: dtree.c(1483): stop. leaf nodes are specific
INFO: dtree.c(1524): Final simple tree
|( QUESTION0_15_R 1 -3.248e+01 1.683e+02 1.195e+01
|    ( - 7.766e+01 1 0)
|    ( - 5.819e+01 1 0))
s>    ( QUESTION0_15_R 1 -3.248e+01 1.683e+02 1.195e+01
s>        ( - 7.766e+01 1 0)
s>        ( - 5.819e+01 1 0))INFO: dtree.c(1351): Comp split 22
INFO: dtree.c(1483): stop. leaf nodes are specific
INFO: dtree.c(1524): Final simple tree
|( QUESTION0_0_R 1 -7.818e+03 2.317e+02 7.889e+02
|    ( - -4.520e+03 1 0)
|    ( QUESTION0_13_R 1 -3.067e+03 1.637e+02 2.714e+02
|        ( - -2.066e+02 1 0)
|        ( - -2.697e+03 1 0)))
s>    ( QUESTION0_0_R 1 -7.818e+03 2.317e+02 7.889e+02
s>        ( - -4.520e+03 1 0)
s>        ( QUESTION0_13_R 1 -3.067e+03 1.637e+02 2.714e+02
s>            ( - -2.066e+02 1 0)
s>            ( - -2.697e+03 1 0)))INFO: dtree.c(1351): Comp split 23
INFO: dtree.c(1483): stop. leaf nodes are specific
INFO: dtree.c(1524): Final simple tree
|( QUESTION0_0_R 1 -3.479e+03 2.243e+02 3.387e+02
|    ( QUESTION0_1_R 1 -7.267e+02 1.650e+02 1.194e+02
|        ( - -4.209e+02 4 0)
|        ( - -1.408e+02 4 0))
|    ( QUESTION0_18_R 1 -2.528e+03 1.717e+02 2.193e+02
|        ( - -1.570e+03 4 0)
|        ( - -7.861e+02 4 0)))
s>    ( QUESTION0_0_R 1 -3.479e+03 2.243e+02 3.387e+02
s>        ( QUESTION0_1_R 1 -7.267e+02 1.650e+02 1.194e+02
s>            ( - -4.209e+02 4 0)
s>            ( - -1.408e+02 4 0))
s>        ( QUESTION0_18_R 1 -2.528e+03 1.717e+02 2.193e+02
s>            ( - -1.570e+03 4 0)
s>            ( - -7.861e+02 4 0)))INFO: dtree.c(1351): Comp split 24
INFO: dtree.c(1483): stop. leaf nodes are specific
INFO: dtree.c(1524): Final simple tree
|( QUESTION0_15_R 1 -3.519e+02 1.096e+02 5.079e+01
|    ( - 8.073e+01 1 0)
|    ( - -3.230e+02 1 0))
s>    ( QUESTION0_15_R 1 -3.519e+02 1.096e+02 5.079e+01
s>        ( - 8.073e+01 1 0)
s>        ( - -3.230e+02 1 0))INFO: dtree.c(1351): Comp split 25
INFO: dtree.c(1483): stop. leaf nodes are specific
INFO: dtree.c(1524): Final simple tree
|( QUESTION0 1 -3.088e+02 1.439e+02 2.907e+01
|    ( QUESTION0_0_R 1 -7.009e+01 1.023e+02 1.600e+01
|        ( - -4.103e+01 1 0)
|        ( - 7.324e+01 1 0))
|    ( QUESTION0_13_R 1 -9.481e+01 1.424e+02 1.307e+01
|        ( - 6.716e+01 1 0)
|        ( - -1.954e+01 1 0)))
s>    ( QUESTION0 1 -3.088e+02 1.439e+02 2.907e+01
s>        ( QUESTION0_0_R 1 -7.009e+01 1.023e+02 1.600e+01
s>            ( - -4.103e+01 1 0)
s>            ( - 7.324e+01 1 0))
s>        ( QUESTION0_13_R 1 -9.481e+01 1.424e+02 1.307e+01
s>            ( - 6.716e+01 1 0)
s>            ( - -1.954e+01 1 0)))INFO: dtree.c(1351): Comp split 26
INFO: dtree.c(1483): stop. leaf nodes are specific
INFO: dtree.c(1524): Final simple tree
|( SILENCE -1 -9.081e+02 2.028e+02 2.366e+02
|    ( - -8.111e+02 1 0)
|    ( - 1.058e+02 1 0))
s>    ( SILENCE -1 -9.081e+02 2.028e+02 2.366e+02
s>        ( - -8.111e+02 1 0)
s>        ( - 1.058e+02 1 0))INFO: dtree.c(1351): Comp split 27
INFO: dtree.c(1483): stop. leaf nodes are specific
INFO: dtree.c(1524): Final simple tree
|( SILENCE -1 -1.254e+03 1.968e+02 4.082e+02
|    ( QUESTION0_15_R 1 -8.913e+02 1.797e+02 3.287e+02
|        ( - 1.806e+02 1 0)
|        ( - -8.922e+02 1 0))
|    ( QUESTION2 -1 -1.659e+02 1.528e+02 7.950e+01
|        ( - 9.552e+01 1 0)
|        ( QUESTION0_0_R 1 -1.086e+02 1.340e+02 7.750e+01
|            ( - 1.702e+02 1 0)
|            ( - -1.447e+02 1 0))))
s>    ( SILENCE -1 -1.254e+03 1.968e+02 4.082e+02
s>        ( QUESTION0_15_R 1 -8.913e+02 1.797e+02 3.287e+02
s>            ( - 1.806e+02 1 0)
s>            ( - -8.922e+02 1 0))
s>        ( QUESTION2 -1 -1.659e+02 1.528e+02 7.950e+01
s>            ( - 9.552e+01 1 0)
s>            ( QUESTION0_0_R 1 -1.086e+02 1.340e+02 7.750e+01
s>                ( - 1.702e+02 1 0)
s>                ( - -1.447e+02 1 0))))INFO: dtree.c(1351): Comp split 28
INFO: dtree.c(1351): Comp split 29
INFO: dtree.c(1483): stop. leaf nodes are specific
INFO: dtree.c(1524): Final simple tree
|( QUESTION11 1 -2.883e+02 1.445e+02 2.747e+01
|    ( QUESTION2 -1 -1.054e+02 1.517e+02 1.697e+01
|        ( - 1.463e+02 1 0)
|        ( - -9.995e+01 1 0))
|    ( QUESTION0_18_R 1 -3.848e+01 1.378e+02 1.050e+01
|        ( - 5.460e+01 1 0)
|        ( - 4.476e+01 1 0)))
s>    ( QUESTION11 1 -2.883e+02 1.445e+02 2.747e+01
s>        ( QUESTION2 -1 -1.054e+02 1.517e+02 1.697e+01
s>            ( - 1.463e+02 1 0)
s>            ( - -9.995e+01 1 0))
s>        ( QUESTION0_18_R 1 -3.848e+01 1.378e+02 1.050e+01
s>            ( - 5.460e+01 1 0)
s>            ( - 4.476e+01 1 0)))INFO: dtree.c(1483): stop. leaf nodes are specific
INFO: dtree.c(1524): Final simple tree
|( QUESTION0_0_R 1 -9.015e+02 1.745e+02 2.658e+02
|    ( - 9.256e+01 1 0)
|    ( - -8.196e+02 4 0))
s>    ( QUESTION0_0_R 1 -9.015e+02 1.745e+02 2.658e+02
s>        ( - 9.256e+01 1 0)
s>        ( - -8.196e+02 4 0))INFO: dtree.c(1351): Comp split 30
INFO: dtree.c(1483): stop. leaf nodes are specific
INFO: dtree.c(1524): Final simple tree
|( QUESTION0_1_R 1 7.050e+02 1.911e+02 2.391e+02
|    ( - 4.137e+02 2 0)
|    ( QUESTION0_13_R 1 4.824e+02 1.661e+02 1.637e+02
|        ( QUESTION0 -1 7.855e+01 1.451e+02 6.300e+01
|            ( - 1.008e+02 2 0)
|            ( - 1.228e+02 1 0))
|        ( QUESTION0_0_R 1 5.699e+02 1.162e+02 1.007e+02
|            ( - 3.661e+02 2 0)
|            ( - 3.201e+02 2 0))))
s>    ( QUESTION0_1_R 1 7.050e+02 1.911e+02 2.391e+02
s>        ( - 4.137e+02 2 0)
s>        ( QUESTION0_13_R 1 4.824e+02 1.661e+02 1.637e+02
s>            ( QUESTION0 -1 7.855e+01 1.451e+02 6.300e+01
s>                ( - 1.008e+02 2 0)
s>                ( - 1.228e+02 1 0))
s>            ( QUESTION0_0_R 1 5.699e+02 1.162e+02 1.007e+02
s>                ( - 3.661e+02 2 0)
s>                ( - 3.201e+02 2 0))))INFO: dtree.c(1483): stop. leaf nodes are specific
INFO: dtree.c(1524): Final simple tree
|( QUESTION0_18_R 1 -2.186e+02 1.785e+02 3.776e+01
|    ( - -3.543e+01 1 0)
|    ( - -4.676e+00 1 0))
s>    ( QUESTION0_18_R 1 -2.186e+02 1.785e+02 3.776e+01
s>        ( - -3.543e+01 1 0)
s>        ( - -4.676e+00 1 0))INFO: dtree.c(1351): Comp split 31
INFO: dtree.c(1483): stop. leaf nodes are specific
INFO: dtree.c(1524): Final simple tree
|( QUESTION0_14_R 1 -2.138e+03 2.397e+02 4.657e+02
|    ( - -1.919e+03 1 0)
|    ( QUESTION0_0_R 1 2.089e+01 1.375e+02 1.317e+01
|        ( - 2.864e+01 1 0)
|        ( - 1.297e+02 1 0)))
s>    ( QUESTION0_14_R 1 -2.138e+03 2.397e+02 4.657e+02
s>        ( - -1.919e+03 1 0)
s>        ( QUESTION0_0_R 1 2.089e+01 1.375e+02 1.317e+01
s>            ( - 2.864e+01 1 0)
s>            ( - 1.297e+02 1 0)))INFO: dtree.c(1351): Comp split 32
INFO: dtree.c(1483): stop. leaf nodes are specific
INFO: dtree.c(1524): Final simple tree
|( QUESTION0_0_R 1 2.089e+01 1.375e+02 1.317e+01
|    ( - 2.864e+01 1 0)
|    ( - 1.297e+02 1 0))
s>    ( QUESTION0_0_R 1 2.089e+01 1.375e+02 1.317e+01
s>        ( - 2.864e+01 1 0)
s>        ( - 1.297e+02 1 0))INFO: dtree.c(1351): Comp split 33
INFO: dtree.c(1483): stop. leaf nodes are specific
INFO: dtree.c(1524): Final simple tree
|( QUESTION0_13_R 1 -3.067e+03 1.637e+02 2.714e+02
|    ( - -2.066e+02 1 0)
|    ( - -2.697e+03 1 0))
s>    ( QUESTION0_13_R 1 -3.067e+03 1.637e+02 2.714e+02
s>        ( - -2.066e+02 1 0)
s>        ( - -2.697e+03 1 0))INFO: dtree.c(1351): Comp split 34
INFO: dtree.c(1483): stop. leaf nodes are specific
INFO: dtree.c(1524): Final simple tree
|( QUESTION0_18_R 1 -2.528e+03 1.717e+02 2.193e+02
|    ( - -1.570e+03 4 0)
|    ( - -7.861e+02 4 0))
s>    ( QUESTION0_18_R 1 -2.528e+03 1.717e+02 2.193e+02
s>        ( - -1.570e+03 4 0)
s>        ( - -7.861e+02 4 0))INFO: dtree.c(1483): stop. leaf nodes are specific
INFO: dtree.c(1524): Final simple tree
|( QUESTION0_1_R 1 -7.267e+02 1.650e+02 1.194e+02
|    ( - -4.209e+02 4 0)
|    ( - -1.408e+02 4 0))
s>    ( QUESTION0_1_R 1 -7.267e+02 1.650e+02 1.194e+02
s>        ( - -4.209e+02 4 0)
s>        ( - -1.408e+02 4 0))INFO: dtree.c(1351): Comp split 35
INFO: dtree.c(1483): stop. leaf nodes are specific
INFO: dtree.c(1524): Final simple tree
|( QUESTION0 -1 -1.711e+02 1.395e+02 9.965e+01
|    ( - -7.334e+01 3 0)
|    ( QUESTION0_0_R 1 4.175e+01 1.378e+02 6.264e+01
|        ( - 1.029e+02 1 0)
|        ( QUESTION2 -1 7.658e+01 1.458e+02 3.864e+01
|            ( - 8.366e+01 1 0)
|            ( - 1.387e+02 1 0))))
s>    ( QUESTION0 -1 -1.711e+02 1.395e+02 9.965e+01
s>        ( - -7.334e+01 3 0)
s>        ( QUESTION0_0_R 1 4.175e+01 1.378e+02 6.264e+01
s>            ( - 1.029e+02 1 0)
s>            ( QUESTION2 -1 7.658e+01 1.458e+02 3.864e+01
s>                ( - 8.366e+01 1 0)
s>                ( - 1.387e+02 1 0))))INFO: dtree.c(1483): stop. leaf nodes are specific
INFO: dtree.c(1524): Final simple tree
|( QUESTION0_0_R 1 -3.904e+02 1.618e+02 3.915e+01
|    ( - -1.005e+02 1 0)
|    ( - -1.281e+02 1 0))
s>    ( QUESTION0_0_R 1 -3.904e+02 1.618e+02 3.915e+01
s>        ( - -1.005e+02 1 0)
s>        ( - -1.281e+02 1 0))INFO: dtree.c(1351): Comp split 36
INFO: dtree.c(1483): stop. leaf nodes are specific
INFO: dtree.c(1524): Final simple tree
|( QUESTION11 1 -2.772e+03 1.321e+02 3.688e+02
|    ( - -7.264e+02 1 0)
|    ( QUESTION0_18_R 1 -1.914e+03 1.082e+02 2.590e+02
|        ( - -9.642e+02 1 0)
|        ( - -8.414e+02 1 0)))
s>    ( QUESTION11 1 -2.772e+03 1.321e+02 3.688e+02
s>        ( - -7.264e+02 1 0)
s>        ( QUESTION0_18_R 1 -1.914e+03 1.082e+02 2.590e+02
s>            ( - -9.642e+02 1 0)
s>            ( - -8.414e+02 1 0)))INFO: dtree.c(1351): Comp split 37
INFO: dtree.c(1351): Comp split 38
INFO: dtree.c(1351): Comp split 39
INFO: dtree.c(1351): Comp split 40
INFO: dtree.c(1483): stop. leaf nodes are specific
INFO: dtree.c(1524): Final simple tree
|( QUESTION2 -1 -1.659e+02 1.528e+02 7.950e+01
|    ( - 9.552e+01 1 0)
|    ( QUESTION0_0_R 1 -1.086e+02 1.340e+02 7.750e+01
|        ( - 1.702e+02 1 0)
|        ( - -1.447e+02 1 0)))
s>    ( QUESTION2 -1 -1.659e+02 1.528e+02 7.950e+01
s>        ( - 9.552e+01 1 0)
s>        ( QUESTION0_0_R 1 -1.086e+02 1.340e+02 7.750e+01
s>            ( - 1.702e+02 1 0)
s>            ( - -1.447e+02 1 0)))INFO: dtree.c(1483): stop. leaf nodes are specific
INFO: dtree.c(1524): Final simple tree
|( QUESTION0_15_R 1 -8.913e+02 1.797e+02 3.287e+02
|    ( - 1.806e+02 1 0)
|    ( - -8.922e+02 1 0))
s>    ( QUESTION0_15_R 1 -8.913e+02 1.797e+02 3.287e+02
s>        ( - 1.806e+02 1 0)
s>        ( - -8.922e+02 1 0))INFO: dtree.c(1351): Comp split 41
INFO: dtree.c(1483): stop. leaf nodes are specific
INFO: dtree.c(1524): Final simple tree
|( QUESTION0_13_R 1 4.824e+02 1.661e+02 1.637e+02
|    ( QUESTION0 -1 7.855e+01 1.451e+02 6.300e+01
|        ( - 1.008e+02 2 0)
|        ( - 1.228e+02 1 0))
|    ( QUESTION0_0_R 1 5.699e+02 1.162e+02 1.007e+02
|        ( - 3.661e+02 2 0)
|        ( - 3.201e+02 2 0)))
s>    ( QUESTION0_13_R 1 4.824e+02 1.661e+02 1.637e+02
s>        ( QUESTION0 -1 7.855e+01 1.451e+02 6.300e+01
s>            ( - 1.008e+02 2 0)
s>            ( - 1.228e+02 1 0))
s>        ( QUESTION0_0_R 1 5.699e+02 1.162e+02 1.007e+02
s>            ( - 3.661e+02 2 0)
s>            ( - 3.201e+02 2 0)))INFO: dtree.c(1351): Comp split 42
INFO: dtree.c(1351): Comp split 43
INFO: dtree.c(1351): Comp split 44
INFO: dtree.c(1351): Comp split 45
INFO: dtree.c(1351): Comp split 46
INFO: dtree.c(1483): stop. leaf nodes are specific
INFO: dtree.c(1524): Final simple tree
|( QUESTION0_0_R 1 1.709e+03 1.630e+02 1.274e+02
|    ( - 2.661e+02 1 0)
|    ( - 1.606e+03 1 0))
s>    ( QUESTION0_0_R 1 1.709e+03 1.630e+02 1.274e+02
s>        ( - 2.661e+02 1 0)
s>        ( - 1.606e+03 1 0))INFO: dtree.c(1351): Comp split 47
INFO: dtree.c(1351): Comp split 48
INFO: dtree.c(1483): stop. leaf nodes are specific
INFO: dtree.c(1524): Final simple tree
|( QUESTION0_0_R 1 5.699e+02 1.162e+02 1.007e+02
|    ( - 3.661e+02 2 0)
|    ( - 3.201e+02 2 0))
s>    ( QUESTION0_0_R 1 5.699e+02 1.162e+02 1.007e+02
s>        ( - 3.661e+02 2 0)
s>        ( - 3.201e+02 2 0))INFO: dtree.c(1483): stop. leaf nodes are specific
INFO: dtree.c(1524): Final simple tree
|( QUESTION0 -1 7.855e+01 1.451e+02 6.300e+01
|    ( - 1.008e+02 2 0)
|    ( - 1.228e+02 1 0))
s>    ( QUESTION0 -1 7.855e+01 1.451e+02 6.300e+01
s>        ( - 1.008e+02 2 0)
s>        ( - 1.228e+02 1 0))INFO: dtree.c(1351): Comp split 49
INFO: dtree.c(1351): Comp split 50
INFO: dtree.c(1483): stop. leaf nodes are specific
INFO: dtree.c(1524): Final simple tree
|( QUESTION0 -1 -9.005e+01 1.535e+02 7.200e+01
|    ( - -7.334e+01 3 0)
|    ( QUESTION0_0_R 1 1.368e+02 1.048e+02 3.499e+01
|        ( - 1.029e+02 1 0)
|        ( - 1.387e+02 1 0)))
s>    ( QUESTION0 -1 -9.005e+01 1.535e+02 7.200e+01
s>        ( - -7.334e+01 3 0)
s>        ( QUESTION0_0_R 1 1.368e+02 1.048e+02 3.499e+01
s>            ( - 1.029e+02 1 0)
s>            ( - 1.387e+02 1 0)))INFO: dtree.c(1351): Comp split 51
INFO: dtree.c(1351): Comp split 52
INFO: dtree.c(1351): Comp split 53
INFO: dtree.c(1351): Comp split 54
INFO: dtree.c(1351): Comp split 55
INFO: dtree.c(1483): stop. leaf nodes are specific
INFO: dtree.c(1524): Final simple tree
|( QUESTION0_0_R 1 1.368e+02 1.048e+02 3.499e+01
|    ( - 1.029e+02 1 0)
|    ( - 1.387e+02 1 0))
s>    ( QUESTION0_0_R 1 1.368e+02 1.048e+02 3.499e+01
s>        ( - 1.029e+02 1 0)
s>        ( - 1.387e+02 1 0))INFO: dtree.c(1351): Comp split 56
INFO: dtree.c(1483): stop. leaf nodes are specific
INFO: dtree.c(1524): Final simple tree
|( QUESTION0_0_R 1 -6.069e+01 1.440e+02 5.011e+01
|    ( - -4.804e+00 1 0)
|    ( - 8.814e+01 1 0))
s>    ( QUESTION0_0_R 1 -6.069e+01 1.440e+02 5.011e+01
s>        ( - -4.804e+00 1 0)
s>        ( - 8.814e+01 1 0))INFO: dtree.c(1483): stop. leaf nodes are specific
INFO: dtree.c(1524): Final simple tree
|( QUESTION0_0_R 1 -1.703e+03 1.396e+02 2.601e+02
|    ( - -3.862e+02 1 0)
|    ( - -1.177e+03 1 0))
s>    ( QUESTION0_0_R 1 -1.703e+03 1.396e+02 2.601e+02
s>        ( - -3.862e+02 1 0)
s>        ( - -1.177e+03 1 0))INFO: dtree.c(1351): Comp split 57
INFO: dtree.c(1483): stop. leaf nodes are specific
INFO: dtree.c(1524): Final simple tree
|( QUESTION0_0_R 1 -1.086e+02 1.340e+02 7.750e+01
|    ( - 1.702e+02 1 0)
|    ( - -1.447e+02 1 0))
s>    ( QUESTION0_0_R 1 -1.086e+02 1.340e+02 7.750e+01
s>        ( - 1.702e+02 1 0)
s>        ( - -1.447e+02 1 0))INFO: dtree.c(1351): Comp split 58
INFO: dtree.c(1483): stop. leaf nodes are specific
INFO: dtree.c(1524): Final simple tree
|( QUESTION11 1 -2.825e+02 1.441e+02 2.547e+01
|    ( - -9.995e+01 1 0)
|    ( QUESTION0_18_R 1 -3.848e+01 1.378e+02 1.050e+01
|        ( - 5.460e+01 1 0)
|        ( - 4.476e+01 1 0)))
s>    ( QUESTION11 1 -2.825e+02 1.441e+02 2.547e+01
s>        ( - -9.995e+01 1 0)
s>        ( QUESTION0_18_R 1 -3.848e+01 1.378e+02 1.050e+01
s>            ( - 5.460e+01 1 0)
s>            ( - 4.476e+01 1 0)))INFO: dtree.c(1351): Comp split 59
INFO: dtree.c(1351): Comp split 60
INFO: dtree.c(1351): Comp split 61
INFO: dtree.c(1483): stop. leaf nodes are specific
INFO: dtree.c(1524): Final simple tree
|( QUESTION0_18_R 1 -3.848e+01 1.378e+02 1.050e+01
|    ( - 5.460e+01 1 0)
|    ( - 4.476e+01 1 0))
s>    ( QUESTION0_18_R 1 -3.848e+01 1.378e+02 1.050e+01
s>        ( - 5.460e+01 1 0)
s>        ( - 4.476e+01 1 0))INFO: dtree.c(1351): Comp split 62
INFO: dtree.c(1351): Comp split 63
INFO: dtree.c(1483): stop. leaf nodes are specific
INFO: dtree.c(1524): Final simple tree
|( QUESTION0_13_R 1 -9.481e+01 1.424e+02 1.307e+01
|    ( - 6.716e+01 1 0)
|    ( - -1.954e+01 1 0))
s>    ( QUESTION0_13_R 1 -9.481e+01 1.424e+02 1.307e+01
s>        ( - 6.716e+01 1 0)
s>        ( - -1.954e+01 1 0))INFO: dtree.c(1483): stop. leaf nodes are specific
INFO: dtree.c(1524): Final simple tree
|( QUESTION0_0_R 1 -7.009e+01 1.023e+02 1.600e+01
|    ( - -4.103e+01 1 0)
|    ( - 7.324e+01 1 0))
s>    ( QUESTION0_0_R 1 -7.009e+01 1.023e+02 1.600e+01
s>        ( - -4.103e+01 1 0)
s>        ( - 7.324e+01 1 0))INFO: dtree.c(1351): Comp split 64
INFO: dtree.c(1351): Comp split 65
INFO: dtree.c(1351): Comp split 66
INFO: dtree.c(1351): Comp split 67
INFO: dtree.c(1351): Comp split 68
INFO: dtree.c(1351): Comp split 69
INFO: dtree.c(1483): stop. leaf nodes are specific
INFO: dtree.c(1524): Final simple tree
|( QUESTION0_18_R 1 -1.914e+03 1.082e+02 2.590e+02
|    ( - -9.642e+02 1 0)
|    ( - -8.414e+02 1 0))
s>    ( QUESTION0_18_R 1 -1.914e+03 1.082e+02 2.590e+02
s>        ( - -9.642e+02 1 0)
s>        ( - -8.414e+02 1 0))INFO: dtree.c(1351): Comp split 70
INFO: dtree.c(1351): Comp split 71
INFO: dtree.c(1351): Comp split 72
INFO: dtree.c(1351): Comp split 73
INFO: dtree.c(1351): Comp split 74
INFO: dtree.c(1351): Comp split 75
INFO: dtree.c(1351): Comp split 76
INFO: dtree.c(1354): stop. leaf nodes are specific
Tue May 31 10:45:40 2011
