INFO: cmd_ln.c(691): Parsing command line:
/home/xkrajnan/Plocha/GSoC/PocketSphinx/an4/bin/bldtree \
	-treefn /home/xkrajnan/Plocha/GSoC/PocketSphinx/an4/trees/an4.unpruned/N-2.dtree \
	-moddeffn /home/xkrajnan/Plocha/GSoC/PocketSphinx/an4/model_architecture/an4.untied.mdef \
	-mixwfn /home/xkrajnan/Plocha/GSoC/PocketSphinx/an4/model_parameters/an4.cd_cont_untied/mixture_weights \
	-ts2cbfn .cont. \
	-mwfloor 1e-08 \
	-psetfn /home/xkrajnan/Plocha/GSoC/PocketSphinx/an4/model_architecture/an4.tree_questions \
	-phone N \
	-state 2 \
	-stwt 1.0,0.05,0.0 \
	-meanfn /home/xkrajnan/Plocha/GSoC/PocketSphinx/an4/model_parameters/an4.cd_cont_untied/means \
	-varfn /home/xkrajnan/Plocha/GSoC/PocketSphinx/an4/model_parameters/an4.cd_cont_untied/variances \
	-fullvar no \
	-ssplitmin 1 \
	-ssplitmax 7 \
	-ssplitthr 0 \
	-csplitmin 1 \
	-csplitmax 2000 \
	-csplitthr 0 

Current configuration:
[NAME]		[DEFLT]	[VALUE]
-allphones	no	no
-cntthresh	0.00001	1.000000e-05
-csplitmax	100	2000
-csplitmin	1	1
-csplitthr	8e-4	0.000000e+00
-example	no	no
-fullvar	no	no
-help		no	no
-meanfn			/home/xkrajnan/Plocha/GSoC/PocketSphinx/an4/model_parameters/an4.cd_cont_untied/means
-mixwfn			/home/xkrajnan/Plocha/GSoC/PocketSphinx/an4/model_parameters/an4.cd_cont_untied/mixture_weights
-moddeffn		/home/xkrajnan/Plocha/GSoC/PocketSphinx/an4/model_architecture/an4.untied.mdef
-mwfloor	1e-4	1.000000e-08
-phone			N
-psetfn			/home/xkrajnan/Plocha/GSoC/PocketSphinx/an4/model_architecture/an4.tree_questions
-ssplitmax	5	7
-ssplitmin	1	1
-ssplitthr	8e-4	0.000000e+00
-state			2
-stwt			1.0,0.05,0.0,
-treefn			/home/xkrajnan/Plocha/GSoC/PocketSphinx/an4/trees/an4.unpruned/N-2.dtree
-ts2cbfn	.semi.	.cont.
-varfloor	0.00001	1.000000e-05
-varfn			/home/xkrajnan/Plocha/GSoC/PocketSphinx/an4/model_parameters/an4.cd_cont_untied/variances

INFO: main.c(228): Reading: /home/xkrajnan/Plocha/GSoC/PocketSphinx/an4/model_architecture/an4.untied.mdef
INFO: model_def_io.c(587): Model definition info:
INFO: model_def_io.c(588): 1618 total models defined (34 base, 1584 tri)
INFO: model_def_io.c(589): 6472 total states
INFO: model_def_io.c(590): 4854 total tied states
INFO: model_def_io.c(591): 102 total tied CI states
INFO: model_def_io.c(592): 34 total tied transition matrices
INFO: model_def_io.c(593): 4 max state/model
INFO: model_def_io.c(594): 4 min state/model
INFO: main.c(247): Building trees for [N AE D i] through [N V AY b]
INFO: main.c(275): Covering states |[2973 3224]| == 252
INFO: main.c(282): Reading: /home/xkrajnan/Plocha/GSoC/PocketSphinx/an4/model_parameters/an4.cd_cont_untied/mixture_weights
INFO: s3mixw_io.c(172): Read /home/xkrajnan/Plocha/GSoC/PocketSphinx/an4/model_parameters/an4.cd_cont_untied/mixture_weights [252x1x1 array]
INFO: main.c(320): 84 of 84 models have observation count greater than 0.000010
INFO: main.c(94): nrm stwt: 0.000 0.048 0.952 
INFO: s3gau_io.c(166): Read /home/xkrajnan/Plocha/GSoC/PocketSphinx/an4/model_parameters/an4.cd_cont_untied/means [4854x1x1 array]
INFO: s3gau_io.c(166): Read /home/xkrajnan/Plocha/GSoC/PocketSphinx/an4/model_parameters/an4.cd_cont_untied/variances [4854x1x1 array]
INFO: main.c(576): Reading: /home/xkrajnan/Plocha/GSoC/PocketSphinx/an4/model_architecture/an4.tree_questions
INFO: main.c(619): 180 total simple questions (172 phone; 8 word bndry)
INFO: main.c(621): 42 Left Only questions, and 42 Right Only questions
INFO: dtree.c(1524): Final simple tree
|( WDBNDRY_I 0 -4.615e+04 3.227e+03 4.525e+03
|    ( - -7.879e+03 11 0 QUESTION0 1 5.017e+02 4.832e+02)
|    ( QUESTION0_14_R 1 -3.504e+04 2.476e+03 4.042e+03
|        ( SILENCE -1 -9.176e+03 1.080e+03 1.380e+03
|            ( - -6.397e+02 2 0)
|            ( QUESTION2_10_L -1 -7.456e+03 1.081e+03 1.295e+03
|                ( - -1.283e+03 4 0 QUESTION0 -1 2.199e+02 1.190e+02)
|                ( - -5.093e+03 20 0 WDBNDRY_B 0 6.207e+02 1.175e+03)))
|        ( SILENCE 1 -2.339e+04 1.956e+03 2.662e+03
|            ( - -1.942e+03 4 0 QUESTION12 -1 6.014e+02 7.853e+02)
|            ( QUESTION0_6_R 1 -1.949e+04 1.100e+03 1.877e+03
|                ( - -5.286e+03 8 0 QUESTION0 1 4.005e+02 5.266e+02)
|                ( QUESTION0 1 -1.311e+04 9.025e+02 1.350e+03
|                    ( - -5.625e+03 10 0 QUESTION0_0_R 1 6.270e+02 7.985e+02)
|                    ( - -6.580e+03 25 0 QUESTION4 1 5.842e+02 5.516e+02))))))
s>    ( WDBNDRY_I 0 -4.615e+04 3.227e+03 4.525e+03
s>        ( - -7.879e+03 11 0 QUESTION0 1 5.017e+02 4.832e+02)
s>        ( QUESTION0_14_R 1 -3.504e+04 2.476e+03 4.042e+03
s>            ( SILENCE -1 -9.176e+03 1.080e+03 1.380e+03
s>                ( - -6.397e+02 2 0)
s>                ( QUESTION2_10_L -1 -7.456e+03 1.081e+03 1.295e+03
s>                    ( - -1.283e+03 4 0 QUESTION0 -1 2.199e+02 1.190e+02)
s>                    ( - -5.093e+03 20 0 WDBNDRY_B 0 6.207e+02 1.175e+03)))
s>            ( SILENCE 1 -2.339e+04 1.956e+03 2.662e+03
s>                ( - -1.942e+03 4 0 QUESTION12 -1 6.014e+02 7.853e+02)
s>                ( QUESTION0_6_R 1 -1.949e+04 1.100e+03 1.877e+03
s>                    ( - -5.286e+03 8 0 QUESTION0 1 4.005e+02 5.266e+02)
s>                    ( QUESTION0 1 -1.311e+04 9.025e+02 1.350e+03
s>                        ( - -5.625e+03 10 0 QUESTION0_0_R 1 6.270e+02 7.985e+02)
s>                        ( - -6.580e+03 25 0 QUESTION4 1 5.842e+02 5.516e+02))))))INFO: dtree.c(1351): Comp split 0
INFO: dtree.c(1524): Final simple tree
|( QUESTION0_12_R 1 -1.552e+04 1.643e+03 2.759e+03
|    ( WDBNDRY_B 0 -7.238e+03 6.251e+02 1.443e+03
|        ( QUESTION8 -1 -3.315e+03 4.391e+02 8.863e+02
|            ( - 6.727e+02 1 0)
|            ( - -3.549e+03 10 0 QUESTION2_1_L -1 2.577e+02 6.278e+02))
|        ( QUESTION0_15_R 1 -3.298e+03 5.278e+02 5.564e+02
|            ( - -9.345e+02 4 0 QUESTION12 -1 1.984e+02 2.070e+02)
|            ( - -1.836e+03 11 0 QUESTION0_13_R 1 2.903e+02 3.494e+02)))
|    ( SILENCE 1 -6.637e+03 1.322e+03 1.317e+03
|        ( QUESTION12 -1 -1.942e+03 6.014e+02 7.853e+02
|            ( - 7.871e+02 1 0)
|            ( - -2.128e+03 3 0 QUESTION0 -1 2.812e+02 3.620e+02))
|        ( QUESTION12 -1 -3.373e+03 3.793e+02 5.313e+02
|            ( - -5.721e+02 1 0)
|            ( - -2.421e+03 3 0 QUESTION2_1_L -1 2.494e+02 2.904e+02))))
s>    ( QUESTION0_12_R 1 -1.552e+04 1.643e+03 2.759e+03
s>        ( WDBNDRY_B 0 -7.238e+03 6.251e+02 1.443e+03
s>            ( QUESTION8 -1 -3.315e+03 4.391e+02 8.863e+02
s>                ( - 6.727e+02 1 0)
s>                ( - -3.549e+03 10 0 QUESTION2_1_L -1 2.577e+02 6.278e+02))
s>            ( QUESTION0_15_R 1 -3.298e+03 5.278e+02 5.564e+02
s>                ( - -9.345e+02 4 0 QUESTION12 -1 1.984e+02 2.070e+02)
s>                ( - -1.836e+03 11 0 QUESTION0_13_R 1 2.903e+02 3.494e+02)))
s>        ( SILENCE 1 -6.637e+03 1.322e+03 1.317e+03
s>            ( QUESTION12 -1 -1.942e+03 6.014e+02 7.853e+02
s>                ( - 7.871e+02 1 0)
s>                ( - -2.128e+03 3 0 QUESTION0 -1 2.812e+02 3.620e+02))
s>            ( QUESTION12 -1 -3.373e+03 3.793e+02 5.313e+02
s>                ( - -5.721e+02 1 0)
s>                ( - -2.421e+03 3 0 QUESTION2_1_L -1 2.494e+02 2.904e+02))))INFO: dtree.c(1524): Final simple tree
|( WDBNDRY_E 0 -2.566e+04 1.701e+03 1.766e+03
|    ( QUESTION0 1 -1.253e+04 7.977e+02 1.078e+03
|        ( - -3.316e+03 4 0 QUESTION0 -1 1.937e+02 3.862e+02)
|        ( QUESTION4 1 -8.421e+03 5.372e+02 6.920e+02
|            ( - -1.474e+03 6 0 QUESTION2_0_L -1 2.570e+02 1.923e+02)
|            ( QUESTION0_6_R 1 -6.410e+03 3.184e+02 4.997e+02
|                ( - -1.570e+03 4 0 QUESTION2_1_L -1 2.919e+02 1.404e+02)
|                ( - -4.522e+03 19 0 QUESTION3 1 2.404e+02 3.593e+02))))
|    ( WDBNDRY_B 0 -1.143e+04 1.325e+03 6.875e+02
|        ( - -2.224e+03 6 0 SILENCE -1 3.016e+02 2.042e+02)
|        ( QUESTION0 1 -7.879e+03 5.017e+02 4.832e+02
|            ( - -2.074e+03 3 0 QUESTION15 -1 2.845e+02 1.333e+02)
|            ( QUESTION15 -1 -5.304e+03 3.499e+02 3.499e+02
|                ( - -3.220e+03 1 0)
|                ( - -1.734e+03 7 0 QUESTION0_0_R 1 2.484e+02 1.327e+02)))))
s>    ( WDBNDRY_E 0 -2.566e+04 1.701e+03 1.766e+03
s>        ( QUESTION0 1 -1.253e+04 7.977e+02 1.078e+03
s>            ( - -3.316e+03 4 0 QUESTION0 -1 1.937e+02 3.862e+02)
s>            ( QUESTION4 1 -8.421e+03 5.372e+02 6.920e+02
s>                ( - -1.474e+03 6 0 QUESTION2_0_L -1 2.570e+02 1.923e+02)
s>                ( QUESTION0_6_R 1 -6.410e+03 3.184e+02 4.997e+02
s>                    ( - -1.570e+03 4 0 QUESTION2_1_L -1 2.919e+02 1.404e+02)
s>                    ( - -4.522e+03 19 0 QUESTION3 1 2.404e+02 3.593e+02))))
s>        ( WDBNDRY_B 0 -1.143e+04 1.325e+03 6.875e+02
s>            ( - -2.224e+03 6 0 SILENCE -1 3.016e+02 2.042e+02)
s>            ( QUESTION0 1 -7.879e+03 5.017e+02 4.832e+02
s>                ( - -2.074e+03 3 0 QUESTION15 -1 2.845e+02 1.333e+02)
s>                ( QUESTION15 -1 -5.304e+03 3.499e+02 3.499e+02
s>                    ( - -3.220e+03 1 0)
s>                    ( - -1.734e+03 7 0 QUESTION0_0_R 1 2.484e+02 1.327e+02)))))INFO: dtree.c(1351): Comp split 1
INFO: dtree.c(1524): Final simple tree
|( WDBNDRY_B 0 -1.143e+04 1.325e+03 6.875e+02
|    ( SILENCE -1 -2.224e+03 3.016e+02 2.042e+02
|        ( - -6.397e+02 2 0)
|        ( QUESTION0 -1 -1.283e+03 2.199e+02 1.190e+02
|            ( - -1.353e+02 1 0)
|            ( - -9.273e+02 3 0 QUESTION17 -1 1.339e+02 8.658e+01)))
|    ( QUESTION0 1 -7.879e+03 5.017e+02 4.832e+02
|        ( QUESTION15 -1 -2.074e+03 2.845e+02 1.333e+02
|            ( - -1.182e+03 1 0)
|            ( - -6.076e+02 2 0 QUESTION2 -1 1.207e+02 6.586e+01))
|        ( QUESTION15 -1 -5.304e+03 3.499e+02 3.499e+02
|            ( - -3.220e+03 1 0)
|            ( QUESTION0_0_R 1 -1.734e+03 2.484e+02 1.327e+02
|                ( - -7.514e+02 5 0 QUESTION0_5_R 1 1.943e+02 6.351e+01)
|                ( - -7.337e+02 2 0 QUESTION0 -1 1.669e+02 6.915e+01)))))
s>    ( WDBNDRY_B 0 -1.143e+04 1.325e+03 6.875e+02
s>        ( SILENCE -1 -2.224e+03 3.016e+02 2.042e+02
s>            ( - -6.397e+02 2 0)
s>            ( QUESTION0 -1 -1.283e+03 2.199e+02 1.190e+02
s>                ( - -1.353e+02 1 0)
s>                ( - -9.273e+02 3 0 QUESTION17 -1 1.339e+02 8.658e+01)))
s>        ( QUESTION0 1 -7.879e+03 5.017e+02 4.832e+02
s>            ( QUESTION15 -1 -2.074e+03 2.845e+02 1.333e+02
s>                ( - -1.182e+03 1 0)
s>                ( - -6.076e+02 2 0 QUESTION2 -1 1.207e+02 6.586e+01))
s>            ( QUESTION15 -1 -5.304e+03 3.499e+02 3.499e+02
s>                ( - -3.220e+03 1 0)
s>                ( QUESTION0_0_R 1 -1.734e+03 2.484e+02 1.327e+02
s>                    ( - -7.514e+02 5 0 QUESTION0_5_R 1 1.943e+02 6.351e+01)
s>                    ( - -7.337e+02 2 0 QUESTION0 -1 1.669e+02 6.915e+01)))))INFO: dtree.c(1524): Final simple tree
|( QUESTION0 1 -1.253e+04 7.977e+02 1.078e+03
|    ( - -3.316e+03 4 0 QUESTION0 -1 1.937e+02 3.862e+02)
|    ( QUESTION4 1 -8.421e+03 5.372e+02 6.920e+02
|        ( QUESTION2_0_L -1 -1.474e+03 2.570e+02 1.923e+02
|            ( - -1.457e+03 5 0 QUESTION15 -1 2.399e+02 1.913e+02)
|            ( - 2.396e+02 1 0))
|        ( QUESTION0_6_R 1 -6.410e+03 3.184e+02 4.997e+02
|            ( QUESTION2_1_L -1 -1.570e+03 2.919e+02 1.404e+02
|                ( - 1.023e+02 1 0)
|                ( - -1.380e+03 3 0 QUESTION15 -1 1.908e+02 1.253e+02))
|            ( QUESTION3 1 -4.522e+03 2.404e+02 3.593e+02
|                ( - -1.160e+03 6 0 QUESTION15 -1 2.397e+02 1.315e+02)
|                ( QUESTION0_3_R 1 -3.121e+03 2.406e+02 2.279e+02
|                    ( - -2.616e+02 2 0 QUESTION12 -1 1.986e+02 4.558e+01)
|                    ( - -2.619e+03 11 0 QUESTION2_0_L -1 2.212e+02 1.823e+02))))))
s>    ( QUESTION0 1 -1.253e+04 7.977e+02 1.078e+03
s>        ( - -3.316e+03 4 0 QUESTION0 -1 1.937e+02 3.862e+02)
s>        ( QUESTION4 1 -8.421e+03 5.372e+02 6.920e+02
s>            ( QUESTION2_0_L -1 -1.474e+03 2.570e+02 1.923e+02
s>                ( - -1.457e+03 5 0 QUESTION15 -1 2.399e+02 1.913e+02)
s>                ( - 2.396e+02 1 0))
s>            ( QUESTION0_6_R 1 -6.410e+03 3.184e+02 4.997e+02
s>                ( QUESTION2_1_L -1 -1.570e+03 2.919e+02 1.404e+02
s>                    ( - 1.023e+02 1 0)
s>                    ( - -1.380e+03 3 0 QUESTION15 -1 1.908e+02 1.253e+02))
s>                ( QUESTION3 1 -4.522e+03 2.404e+02 3.593e+02
s>                    ( - -1.160e+03 6 0 QUESTION15 -1 2.397e+02 1.315e+02)
s>                    ( QUESTION0_3_R 1 -3.121e+03 2.406e+02 2.279e+02
s>                        ( - -2.616e+02 2 0 QUESTION12 -1 1.986e+02 4.558e+01)
s>                        ( - -2.619e+03 11 0 QUESTION2_0_L -1 2.212e+02 1.823e+02))))))INFO: dtree.c(1351): Comp split 2
INFO: dtree.c(1483): stop. leaf nodes are specific
INFO: dtree.c(1524): Final simple tree
|( SILENCE 1 -3.498e+03 6.220e+02 9.923e+02
|    ( QUESTION12 -1 -1.942e+03 6.014e+02 7.853e+02
|        ( - 7.871e+02 1 0)
|        ( QUESTION0 -1 -2.128e+03 2.812e+02 3.620e+02
|            ( QUESTION2_1_L -1 -4.673e+02 1.424e+02 1.779e+02
|                ( - 1.540e+02 1 0)
|                ( - -4.789e+02 1 0))
|            ( - -1.379e+03 1 0)))
|    ( QUESTION12 -1 -9.345e+02 1.984e+02 2.070e+02
|        ( - -3.159e+02 1 0)
|        ( QUESTION0 -1 -4.202e+02 1.842e+02 9.185e+01
|            ( - 1.605e+02 1 0)
|            ( - -3.965e+02 2 0))))
s>    ( SILENCE 1 -3.498e+03 6.220e+02 9.923e+02
s>        ( QUESTION12 -1 -1.942e+03 6.014e+02 7.853e+02
s>            ( - 7.871e+02 1 0)
s>            ( QUESTION0 -1 -2.128e+03 2.812e+02 3.620e+02
s>                ( QUESTION2_1_L -1 -4.673e+02 1.424e+02 1.779e+02
s>                    ( - 1.540e+02 1 0)
s>                    ( - -4.789e+02 1 0))
s>                ( - -1.379e+03 1 0)))
s>        ( QUESTION12 -1 -9.345e+02 1.984e+02 2.070e+02
s>            ( - -3.159e+02 1 0)
s>            ( QUESTION0 -1 -4.202e+02 1.842e+02 9.185e+01
s>                ( - 1.605e+02 1 0)
s>                ( - -3.965e+02 2 0))))INFO: dtree.c(1524): Final simple tree
|( QUESTION0_0_R 1 -1.037e+04 1.322e+03 1.767e+03
|    ( QUESTION12 -1 -3.373e+03 3.793e+02 5.313e+02
|        ( - -5.721e+02 1 0)
|        ( - -2.421e+03 3 0 QUESTION2_1_L -1 2.494e+02 2.904e+02))
|    ( WDBNDRY_B 0 -5.674e+03 5.237e+02 1.236e+03
|        ( QUESTION8 -1 -3.315e+03 4.391e+02 8.863e+02
|            ( - 6.727e+02 1 0)
|            ( QUESTION2_1_L -1 -3.549e+03 2.577e+02 6.278e+02
|                ( - -9.990e+02 1 0)
|                ( QUESTION4 -1 -2.292e+03 2.797e+02 3.798e+02
|                    ( - 1.101e+00 1 0)
|                    ( - -2.013e+03 8 0 QUESTION2_0_L -1 2.002e+02 3.471e+02))))
|        ( QUESTION0_13_R 1 -1.836e+03 2.903e+02 3.494e+02
|            ( - -1.625e+03 6 0 QUESTION0 -1 2.530e+02 2.672e+02)
|            ( - 7.947e+01 5 0 QUESTION2_1_L -1 2.388e+02 8.217e+01))))
s>    ( QUESTION0_0_R 1 -1.037e+04 1.322e+03 1.767e+03
s>        ( QUESTION12 -1 -3.373e+03 3.793e+02 5.313e+02
s>            ( - -5.721e+02 1 0)
s>            ( - -2.421e+03 3 0 QUESTION2_1_L -1 2.494e+02 2.904e+02))
s>        ( WDBNDRY_B 0 -5.674e+03 5.237e+02 1.236e+03
s>            ( QUESTION8 -1 -3.315e+03 4.391e+02 8.863e+02
s>                ( - 6.727e+02 1 0)
s>                ( QUESTION2_1_L -1 -3.549e+03 2.577e+02 6.278e+02
s>                    ( - -9.990e+02 1 0)
s>                    ( QUESTION4 -1 -2.292e+03 2.797e+02 3.798e+02
s>                        ( - 1.101e+00 1 0)
s>                        ( - -2.013e+03 8 0 QUESTION2_0_L -1 2.002e+02 3.471e+02))))
s>            ( QUESTION0_13_R 1 -1.836e+03 2.903e+02 3.494e+02
s>                ( - -1.625e+03 6 0 QUESTION0 -1 2.530e+02 2.672e+02)
s>                ( - 7.947e+01 5 0 QUESTION2_1_L -1 2.388e+02 8.217e+01))))INFO: dtree.c(1351): Comp split 3
INFO: dtree.c(1524): Final simple tree
|( QUESTION0 1 -7.879e+03 5.017e+02 4.832e+02
|    ( QUESTION15 -1 -2.074e+03 2.845e+02 1.333e+02
|        ( - -1.182e+03 1 0)
|        ( - -6.076e+02 2 0 QUESTION2 -1 1.207e+02 6.586e+01))
|    ( QUESTION15 -1 -5.304e+03 3.499e+02 3.499e+02
|        ( - -3.220e+03 1 0)
|        ( QUESTION0_0_R 1 -1.734e+03 2.484e+02 1.327e+02
|            ( QUESTION0_5_R 1 -7.514e+02 1.943e+02 6.351e+01
|                ( QUESTION0 -1 -3.719e+02 1.450e+02 3.956e+01
|                    ( - -3.435e+02 2 0 QUESTION2_1_L -1 1.124e+02 3.456e+01)
|                    ( - 1.166e+02 1 0))
|                ( - -1.852e+02 2 0 QUESTION2 -1 7.244e+01 2.395e+01))
|            ( QUESTION0 -1 -7.337e+02 1.669e+02 6.915e+01
|                ( - -6.201e+02 1 0)
|                ( - 5.332e+01 1 0)))))
s>    ( QUESTION0 1 -7.879e+03 5.017e+02 4.832e+02
s>        ( QUESTION15 -1 -2.074e+03 2.845e+02 1.333e+02
s>            ( - -1.182e+03 1 0)
s>            ( - -6.076e+02 2 0 QUESTION2 -1 1.207e+02 6.586e+01))
s>        ( QUESTION15 -1 -5.304e+03 3.499e+02 3.499e+02
s>            ( - -3.220e+03 1 0)
s>            ( QUESTION0_0_R 1 -1.734e+03 2.484e+02 1.327e+02
s>                ( QUESTION0_5_R 1 -7.514e+02 1.943e+02 6.351e+01
s>                    ( QUESTION0 -1 -3.719e+02 1.450e+02 3.956e+01
s>                        ( - -3.435e+02 2 0 QUESTION2_1_L -1 1.124e+02 3.456e+01)
s>                        ( - 1.166e+02 1 0))
s>                    ( - -1.852e+02 2 0 QUESTION2 -1 7.244e+01 2.395e+01))
s>                ( QUESTION0 -1 -7.337e+02 1.669e+02 6.915e+01
s>                    ( - -6.201e+02 1 0)
s>                    ( - 5.332e+01 1 0)))))INFO: dtree.c(1483): stop. leaf nodes are specific
INFO: dtree.c(1524): Final simple tree
|( SILENCE -1 -2.224e+03 3.016e+02 2.042e+02
|    ( - -6.397e+02 2 0)
|    ( QUESTION0 -1 -1.283e+03 2.199e+02 1.190e+02
|        ( - -1.353e+02 1 0)
|        ( QUESTION17 -1 -9.273e+02 1.339e+02 8.658e+01
|            ( - 1.299e+02 1 0)
|            ( QUESTION2 -1 -9.233e+02 1.237e+02 8.358e+01
|                ( - -3.819e+02 1 0)
|                ( - -4.177e+02 1 0)))))
s>    ( SILENCE -1 -2.224e+03 3.016e+02 2.042e+02
s>        ( - -6.397e+02 2 0)
s>        ( QUESTION0 -1 -1.283e+03 2.199e+02 1.190e+02
s>            ( - -1.353e+02 1 0)
s>            ( QUESTION17 -1 -9.273e+02 1.339e+02 8.658e+01
s>                ( - 1.299e+02 1 0)
s>                ( QUESTION2 -1 -9.233e+02 1.237e+02 8.358e+01
s>                    ( - -3.819e+02 1 0)
s>                    ( - -4.177e+02 1 0)))))INFO: dtree.c(1351): Comp split 4
INFO: dtree.c(1524): Final simple tree
|( WDBNDRY_B 0 -5.674e+03 5.237e+02 1.236e+03
|    ( QUESTION8 -1 -3.315e+03 4.391e+02 8.863e+02
|        ( - 6.727e+02 1 0)
|        ( QUESTION2_1_L -1 -3.549e+03 2.577e+02 6.278e+02
|            ( - -9.990e+02 1 0)
|            ( QUESTION4 -1 -2.292e+03 2.797e+02 3.798e+02
|                ( - 1.101e+00 1 0)
|                ( - -2.013e+03 8 0 QUESTION2_0_L -1 2.002e+02 3.471e+02))))
|    ( QUESTION0_13_R 1 -1.836e+03 2.903e+02 3.494e+02
|        ( QUESTION0 -1 -1.625e+03 2.530e+02 2.672e+02
|            ( - 5.558e+01 2 0 QUESTION2_1_L -1 1.729e+02 1.097e+01)
|            ( - -1.428e+03 4 0 QUESTION12 -1 2.204e+02 2.563e+02))
|        ( QUESTION2_1_L -1 7.947e+01 2.388e+02 8.217e+01
|            ( - 1.976e+02 1 0)
|            ( - 1.207e+02 4 0 QUESTION2 1 2.239e+02 8.017e+01))))
s>    ( WDBNDRY_B 0 -5.674e+03 5.237e+02 1.236e+03
s>        ( QUESTION8 -1 -3.315e+03 4.391e+02 8.863e+02
s>            ( - 6.727e+02 1 0)
s>            ( QUESTION2_1_L -1 -3.549e+03 2.577e+02 6.278e+02
s>                ( - -9.990e+02 1 0)
s>                ( QUESTION4 -1 -2.292e+03 2.797e+02 3.798e+02
s>                    ( - 1.101e+00 1 0)
s>                    ( - -2.013e+03 8 0 QUESTION2_0_L -1 2.002e+02 3.471e+02))))
s>        ( QUESTION0_13_R 1 -1.836e+03 2.903e+02 3.494e+02
s>            ( QUESTION0 -1 -1.625e+03 2.530e+02 2.672e+02
s>                ( - 5.558e+01 2 0 QUESTION2_1_L -1 1.729e+02 1.097e+01)
s>                ( - -1.428e+03 4 0 QUESTION12 -1 2.204e+02 2.563e+02))
s>            ( QUESTION2_1_L -1 7.947e+01 2.388e+02 8.217e+01
s>                ( - 1.976e+02 1 0)
s>                ( - 1.207e+02 4 0 QUESTION2 1 2.239e+02 8.017e+01))))INFO: dtree.c(1483): stop. leaf nodes are specific
INFO: dtree.c(1524): Final simple tree
|( QUESTION12 -1 -3.373e+03 3.793e+02 5.313e+02
|    ( - -5.721e+02 1 0)
|    ( QUESTION2_1_L -1 -2.421e+03 2.494e+02 2.904e+02
|        ( - -1.210e+03 1 0)
|        ( QUESTION0 -1 -9.619e+02 1.804e+02 1.423e+02
|            ( - -4.696e+02 1 0)
|            ( - -3.118e+02 1 0))))
s>    ( QUESTION12 -1 -3.373e+03 3.793e+02 5.313e+02
s>        ( - -5.721e+02 1 0)
s>        ( QUESTION2_1_L -1 -2.421e+03 2.494e+02 2.904e+02
s>            ( - -1.210e+03 1 0)
s>            ( QUESTION0 -1 -9.619e+02 1.804e+02 1.423e+02
s>                ( - -4.696e+02 1 0)
s>                ( - -3.118e+02 1 0))))INFO: dtree.c(1351): Comp split 5
INFO: dtree.c(1483): stop. leaf nodes are specific
INFO: dtree.c(1524): Final simple tree
|( QUESTION0 -1 8.231e+02 1.180e+02 4.465e+02
|    ( - 1.540e+02 1 0)
|    ( - 7.871e+02 1 0))
s>    ( QUESTION0 -1 8.231e+02 1.180e+02 4.465e+02
s>        ( - 1.540e+02 1 0)
s>        ( - 7.871e+02 1 0))INFO: dtree.c(1483): stop. leaf nodes are specific
INFO: dtree.c(1524): Final simple tree
|( SILENCE 1 -3.458e+03 3.881e+02 5.458e+02
|    ( QUESTION0 -1 -2.136e+03 2.779e+02 3.388e+02
|        ( - -4.789e+02 1 0)
|        ( - -1.379e+03 1 0))
|    ( QUESTION12 -1 -9.345e+02 1.984e+02 2.070e+02
|        ( - -3.159e+02 1 0)
|        ( QUESTION0 -1 -4.202e+02 1.842e+02 9.185e+01
|            ( - 1.605e+02 1 0)
|            ( - -3.965e+02 2 0))))
s>    ( SILENCE 1 -3.458e+03 3.881e+02 5.458e+02
s>        ( QUESTION0 -1 -2.136e+03 2.779e+02 3.388e+02
s>            ( - -4.789e+02 1 0)
s>            ( - -1.379e+03 1 0))
s>        ( QUESTION12 -1 -9.345e+02 1.984e+02 2.070e+02
s>            ( - -3.159e+02 1 0)
s>            ( QUESTION0 -1 -4.202e+02 1.842e+02 9.185e+01
s>                ( - 1.605e+02 1 0)
s>                ( - -3.965e+02 2 0))))INFO: dtree.c(1351): Comp split 6
INFO: dtree.c(1524): Final simple tree
|( QUESTION18 1 -4.650e+03 2.330e+02 3.744e+02
|    ( QUESTION0 -1 -1.099e+03 2.248e+02 7.346e+01
|        ( - 2.000e+02 1 0)
|        ( - -1.074e+03 2 0 QUESTION0_0_R 1 1.348e+02 7.146e+01))
|    ( QUESTION0_3_R 1 -3.318e+03 2.266e+02 3.009e+02
|        ( QUESTION12 -1 -2.616e+02 1.986e+02 4.558e+01
|            ( - 2.212e+02 1 0)
|            ( - -2.842e+02 1 0))
|        ( QUESTION0_5_R 1 -2.830e+03 2.159e+02 2.553e+02
|            ( - 1.023e+02 1 0)
|            ( QUESTION7 1 -2.716e+03 2.145e+02 2.403e+02
|                ( - -9.745e+02 4 0 QUESTION15 -1 1.971e+02 1.028e+02)
|                ( QUESTION12 -1 -1.528e+03 2.093e+02 1.375e+02
|                    ( - -2.583e+02 1 0)
|                    ( - -1.060e+03 9 0 QUESTION14 1 1.935e+02 1.009e+02))))))
s>    ( QUESTION18 1 -4.650e+03 2.330e+02 3.744e+02
s>        ( QUESTION0 -1 -1.099e+03 2.248e+02 7.346e+01
s>            ( - 2.000e+02 1 0)
s>            ( - -1.074e+03 2 0 QUESTION0_0_R 1 1.348e+02 7.146e+01))
s>        ( QUESTION0_3_R 1 -3.318e+03 2.266e+02 3.009e+02
s>            ( QUESTION12 -1 -2.616e+02 1.986e+02 4.558e+01
s>                ( - 2.212e+02 1 0)
s>                ( - -2.842e+02 1 0))
s>            ( QUESTION0_5_R 1 -2.830e+03 2.159e+02 2.553e+02
s>                ( - 1.023e+02 1 0)
s>                ( QUESTION7 1 -2.716e+03 2.145e+02 2.403e+02
s>                    ( - -9.745e+02 4 0 QUESTION15 -1 1.971e+02 1.028e+02)
s>                    ( QUESTION12 -1 -1.528e+03 2.093e+02 1.375e+02
s>                        ( - -2.583e+02 1 0)
s>                        ( - -1.060e+03 9 0 QUESTION14 1 1.935e+02 1.009e+02))))))INFO: dtree.c(1524): Final simple tree
|( QUESTION0 1 -7.037e+03 5.289e+02 7.039e+02
|    ( QUESTION0 -1 -3.316e+03 1.937e+02 3.862e+02
|        ( - -4.170e+02 2 0 QUESTION2_1_L -1 1.381e+02 5.938e+01)
|        ( - -2.705e+03 2 0 QUESTION12 -1 9.769e+01 3.268e+02))
|    ( QUESTION0_0_R 1 -3.192e+03 3.380e+02 3.176e+02
|        ( QUESTION15 -1 -1.449e+03 1.451e+02 1.342e+02
|            ( - -1.409e+02 2 0 QUESTION0_5_R 1 1.535e+02 2.104e+01)
|            ( - -1.163e+03 2 0 QUESTION0 -1 1.361e+02 1.131e+02))
|        ( QUESTION2_0_L -1 -1.406e+03 2.568e+02 1.835e+02
|            ( QUESTION15 -1 -1.388e+03 2.528e+02 1.825e+02
|                ( - -2.629e+02 1 0)
|                ( QUESTION0 -1 -8.726e+02 1.665e+02 1.348e+02
|                    ( - -6.004e+01 2 0 QUESTION2_1_L -1 1.262e+02 2.006e+01)
|                    ( - -6.462e+02 1 0)))
|            ( - 2.396e+02 1 0))))
s>    ( QUESTION0 1 -7.037e+03 5.289e+02 7.039e+02
s>        ( QUESTION0 -1 -3.316e+03 1.937e+02 3.862e+02
s>            ( - -4.170e+02 2 0 QUESTION2_1_L -1 1.381e+02 5.938e+01)
s>            ( - -2.705e+03 2 0 QUESTION12 -1 9.769e+01 3.268e+02))
s>        ( QUESTION0_0_R 1 -3.192e+03 3.380e+02 3.176e+02
s>            ( QUESTION15 -1 -1.449e+03 1.451e+02 1.342e+02
s>                ( - -1.409e+02 2 0 QUESTION0_5_R 1 1.535e+02 2.104e+01)
s>                ( - -1.163e+03 2 0 QUESTION0 -1 1.361e+02 1.131e+02))
s>            ( QUESTION2_0_L -1 -1.406e+03 2.568e+02 1.835e+02
s>                ( QUESTION15 -1 -1.388e+03 2.528e+02 1.825e+02
s>                    ( - -2.629e+02 1 0)
s>                    ( QUESTION0 -1 -8.726e+02 1.665e+02 1.348e+02
s>                        ( - -6.004e+01 2 0 QUESTION2_1_L -1 1.262e+02 2.006e+01)
s>                        ( - -6.462e+02 1 0)))
s>                ( - 2.396e+02 1 0))))INFO: dtree.c(1351): Comp split 7
INFO: dtree.c(1483): stop. leaf nodes are specific
INFO: dtree.c(1524): Final simple tree
|( QUESTION2_6_L -1 -2.737e+03 3.047e+02 1.829e+02
|    ( QUESTION0 1 -7.285e+02 1.506e+02 8.086e+01
|        ( QUESTION2 -1 -6.076e+02 1.207e+02 6.586e+01
|            ( - 1.043e+02 1 0)
|            ( - -5.912e+02 1 0))
|        ( QUESTION0_0_R 1 2.971e+01 1.402e+02 1.500e+01
|            ( - 1.166e+02 1 0)
|            ( - 5.332e+01 1 0)))
|    ( QUESTION0_0_R 1 -1.703e+03 1.780e+02 1.020e+02
|        ( QUESTION2_1_L -1 -3.435e+02 1.124e+02 3.456e+01
|            ( - -2.300e+02 1 0)
|            ( - -1.052e+00 1 0))
|        ( - -1.182e+03 1 0)))
s>    ( QUESTION2_6_L -1 -2.737e+03 3.047e+02 1.829e+02
s>        ( QUESTION0 1 -7.285e+02 1.506e+02 8.086e+01
s>            ( QUESTION2 -1 -6.076e+02 1.207e+02 6.586e+01
s>                ( - 1.043e+02 1 0)
s>                ( - -5.912e+02 1 0))
s>            ( QUESTION0_0_R 1 2.971e+01 1.402e+02 1.500e+01
s>                ( - 1.166e+02 1 0)
s>                ( - 5.332e+01 1 0)))
s>        ( QUESTION0_0_R 1 -1.703e+03 1.780e+02 1.020e+02
s>            ( QUESTION2_1_L -1 -3.435e+02 1.124e+02 3.456e+01
s>                ( - -2.300e+02 1 0)
s>                ( - -1.052e+00 1 0))
s>            ( - -1.182e+03 1 0)))INFO: dtree.c(1483): stop. leaf nodes are specific
INFO: dtree.c(1524): Final simple tree
|( QUESTION2 1 -4.588e+03 3.577e+02 3.004e+02
|    ( QUESTION0_0_R 1 -1.011e+03 2.053e+02 8.310e+01
|        ( QUESTION2 -1 -1.852e+02 7.244e+01 2.395e+01
|            ( - -1.482e+01 1 0)
|            ( - -9.792e+01 1 0))
|        ( - -6.201e+02 1 0))
|    ( - -3.220e+03 1 0))
s>    ( QUESTION2 1 -4.588e+03 3.577e+02 3.004e+02
s>        ( QUESTION0_0_R 1 -1.011e+03 2.053e+02 8.310e+01
s>            ( QUESTION2 -1 -1.852e+02 7.244e+01 2.395e+01
s>                ( - -1.482e+01 1 0)
s>                ( - -9.792e+01 1 0))
s>            ( - -6.201e+02 1 0))
s>        ( - -3.220e+03 1 0))INFO: dtree.c(1351): Comp split 8
INFO: dtree.c(1524): Final simple tree
|( QUESTION0_5_R 1 -3.176e+03 3.386e+02 3.166e+02
|    ( QUESTION15 -1 -1.380e+03 1.908e+02 1.253e+02
|        ( - -2.626e+01 1 0)
|        ( QUESTION0 -1 -1.163e+03 1.361e+02 1.131e+02
|            ( - -2.697e+02 1 0)
|            ( - -7.570e+02 1 0)))
|    ( QUESTION15 -1 -1.457e+03 2.399e+02 1.913e+02
|        ( QUESTION0_0_R 1 -3.446e+02 1.205e+02 5.655e+01
|            ( - 3.885e+01 1 0)
|            ( - -2.629e+02 1 0))
|        ( QUESTION0 -1 -8.726e+02 1.665e+02 1.348e+02
|            ( QUESTION2_1_L -1 -6.004e+01 1.262e+02 2.006e+01
|                ( - 1.359e+02 1 0)
|                ( - -6.972e+01 1 0))
|            ( - -6.462e+02 1 0))))
s>    ( QUESTION0_5_R 1 -3.176e+03 3.386e+02 3.166e+02
s>        ( QUESTION15 -1 -1.380e+03 1.908e+02 1.253e+02
s>            ( - -2.626e+01 1 0)
s>            ( QUESTION0 -1 -1.163e+03 1.361e+02 1.131e+02
s>                ( - -2.697e+02 1 0)
s>                ( - -7.570e+02 1 0)))
s>        ( QUESTION15 -1 -1.457e+03 2.399e+02 1.913e+02
s>            ( QUESTION0_0_R 1 -3.446e+02 1.205e+02 5.655e+01
s>                ( - 3.885e+01 1 0)
s>                ( - -2.629e+02 1 0))
s>            ( QUESTION0 -1 -8.726e+02 1.665e+02 1.348e+02
s>                ( QUESTION2_1_L -1 -6.004e+01 1.262e+02 2.006e+01
s>                    ( - 1.359e+02 1 0)
s>                    ( - -6.972e+01 1 0))
s>                ( - -6.462e+02 1 0))))INFO: dtree.c(1483): stop. leaf nodes are specific
INFO: dtree.c(1524): Final simple tree
|( QUESTION0_0_R 1 -3.331e+03 2.550e+02 3.872e+02
|    ( QUESTION0 -1 -3.316e+03 1.937e+02 3.862e+02
|        ( QUESTION2_1_L -1 -4.170e+02 1.381e+02 5.938e+01
|            ( - 1.564e+01 1 0)
|            ( - -2.946e+02 1 0))
|        ( QUESTION12 -1 -2.705e+03 9.769e+01 3.268e+02
|            ( - -2.682e+03 1 0)
|            ( - 7.490e+01 1 0)))
|    ( - 2.396e+02 1 0))
s>    ( QUESTION0_0_R 1 -3.331e+03 2.550e+02 3.872e+02
s>        ( QUESTION0 -1 -3.316e+03 1.937e+02 3.862e+02
s>            ( QUESTION2_1_L -1 -4.170e+02 1.381e+02 5.938e+01
s>                ( - 1.564e+01 1 0)
s>                ( - -2.946e+02 1 0))
s>            ( QUESTION12 -1 -2.705e+03 9.769e+01 3.268e+02
s>                ( - -2.682e+03 1 0)
s>                ( - 7.490e+01 1 0)))
s>        ( - 2.396e+02 1 0))INFO: dtree.c(1351): Comp split 9
INFO: dtree.c(1524): Final simple tree
|( QUESTION0_13_R 1 -2.090e+03 2.982e+02 3.821e+02
|    ( QUESTION0 -1 -1.625e+03 2.530e+02 2.672e+02
|        ( - 5.558e+01 2 0 QUESTION2_1_L -1 1.729e+02 1.097e+01)
|        ( QUESTION12 -1 -1.428e+03 2.204e+02 2.563e+02
|            ( - -6.581e+02 1 0)
|            ( - -5.490e+02 3 0)))
|    ( QUESTION0_18_R 1 -1.669e+02 2.568e+02 1.149e+02
|        ( QUESTION2_1_L -1 1.113e+02 2.370e+02 7.617e+01
|            ( - 1.976e+02 1 0)
|            ( QUESTION0 -1 1.507e+02 1.817e+02 7.417e+01
|                ( - 3.223e+02 1 0)
|                ( - 1.002e+01 1 0)))
|        ( QUESTION11 -1 -2.135e+01 2.294e+02 3.870e+01
|            ( - 2.477e+02 1 0)
|            ( - -3.960e+01 2 0 WDBNDRY_B 0 1.463e+02 3.670e+01))))
s>    ( QUESTION0_13_R 1 -2.090e+03 2.982e+02 3.821e+02
s>        ( QUESTION0 -1 -1.625e+03 2.530e+02 2.672e+02
s>            ( - 5.558e+01 2 0 QUESTION2_1_L -1 1.729e+02 1.097e+01)
s>            ( QUESTION12 -1 -1.428e+03 2.204e+02 2.563e+02
s>                ( - -6.581e+02 1 0)
s>                ( - -5.490e+02 3 0)))
s>        ( QUESTION0_18_R 1 -1.669e+02 2.568e+02 1.149e+02
s>            ( QUESTION2_1_L -1 1.113e+02 2.370e+02 7.617e+01
s>                ( - 1.976e+02 1 0)
s>                ( QUESTION0 -1 1.507e+02 1.817e+02 7.417e+01
s>                    ( - 3.223e+02 1 0)
s>                    ( - 1.002e+01 1 0)))
s>            ( QUESTION11 -1 -2.135e+01 2.294e+02 3.870e+01
s>                ( - 2.477e+02 1 0)
s>                ( - -3.960e+01 2 0 WDBNDRY_B 0 1.463e+02 3.670e+01))))INFO: dtree.c(1483): stop. leaf nodes are specific
INFO: dtree.c(1524): Final simple tree
|( QUESTION8 -1 -3.061e+03 4.271e+02 8.536e+02
|    ( - 6.727e+02 1 0)
|    ( QUESTION2_1_L -1 -3.306e+03 2.940e+02 5.951e+02
|        ( - -9.990e+02 1 0)
|        ( QUESTION2_0_L -1 -2.013e+03 2.002e+02 3.471e+02
|            ( - -1.190e+02 1 0)
|            ( QUESTION12 -1 -1.694e+03 1.715e+02 3.091e+02
|                ( - -1.923e+02 1 0)
|                ( QUESTION11 -1 -1.330e+03 1.656e+02 2.901e+02
|                    ( - -2.596e+02 1 0)
|                    ( QUESTION0 -1 -9.051e+02 1.531e+02 1.701e+02
|                        ( - -8.266e+02 4 0)
|                        ( - 7.461e+01 1 0)))))))
s>    ( QUESTION8 -1 -3.061e+03 4.271e+02 8.536e+02
s>        ( - 6.727e+02 1 0)
s>        ( QUESTION2_1_L -1 -3.306e+03 2.940e+02 5.951e+02
s>            ( - -9.990e+02 1 0)
s>            ( QUESTION2_0_L -1 -2.013e+03 2.002e+02 3.471e+02
s>                ( - -1.190e+02 1 0)
s>                ( QUESTION12 -1 -1.694e+03 1.715e+02 3.091e+02
s>                    ( - -1.923e+02 1 0)
s>                    ( QUESTION11 -1 -1.330e+03 1.656e+02 2.901e+02
s>                        ( - -2.596e+02 1 0)
s>                        ( QUESTION0 -1 -9.051e+02 1.531e+02 1.701e+02
s>                            ( - -8.266e+02 4 0)
s>                            ( - 7.461e+01 1 0)))))))INFO: dtree.c(1351): Comp split 10
INFO: dtree.c(1483): stop. leaf nodes are specific
INFO: dtree.c(1524): Final simple tree
|( QUESTION2_1_L -1 -3.306e+03 2.940e+02 5.951e+02
|    ( - -9.990e+02 1 0)
|    ( QUESTION2_0_L -1 -2.013e+03 2.002e+02 3.471e+02
|        ( - -1.190e+02 1 0)
|        ( QUESTION12 -1 -1.694e+03 1.715e+02 3.091e+02
|            ( - -1.923e+02 1 0)
|            ( QUESTION11 -1 -1.330e+03 1.656e+02 2.901e+02
|                ( - -2.596e+02 1 0)
|                ( QUESTION0 -1 -9.051e+02 1.531e+02 1.701e+02
|                    ( - -8.266e+02 4 0)
|                    ( - 7.461e+01 1 0))))))
s>    ( QUESTION2_1_L -1 -3.306e+03 2.940e+02 5.951e+02
s>        ( - -9.990e+02 1 0)
s>        ( QUESTION2_0_L -1 -2.013e+03 2.002e+02 3.471e+02
s>            ( - -1.190e+02 1 0)
s>            ( QUESTION12 -1 -1.694e+03 1.715e+02 3.091e+02
s>                ( - -1.923e+02 1 0)
s>                ( QUESTION11 -1 -1.330e+03 1.656e+02 2.901e+02
s>                    ( - -2.596e+02 1 0)
s>                    ( QUESTION0 -1 -9.051e+02 1.531e+02 1.701e+02
s>                        ( - -8.266e+02 4 0)
s>                        ( - 7.461e+01 1 0))))))INFO: dtree.c(1351): Comp split 11
INFO: dtree.c(1483): stop. leaf nodes are specific
INFO: dtree.c(1524): Final simple tree
|( QUESTION0 -1 -2.160e+03 2.788e+02 3.408e+02
|    ( SILENCE 1 -5.024e+02 1.840e+02 1.567e+02
|        ( - -4.789e+02 1 0)
|        ( - 1.605e+02 1 0))
|    ( - -1.379e+03 1 0))
s>    ( QUESTION0 -1 -2.160e+03 2.788e+02 3.408e+02
s>        ( SILENCE 1 -5.024e+02 1.840e+02 1.567e+02
s>            ( - -4.789e+02 1 0)
s>            ( - 1.605e+02 1 0))
s>        ( - -1.379e+03 1 0))INFO: dtree.c(1483): stop. leaf nodes are specific
INFO: dtree.c(1524): Final simple tree
|( QUESTION12 -1 -9.076e+02 1.952e+02 2.050e+02
|    ( - -3.159e+02 1 0)
|    ( - -3.965e+02 2 0))
s>    ( QUESTION12 -1 -9.076e+02 1.952e+02 2.050e+02
s>        ( - -3.159e+02 1 0)
s>        ( - -3.965e+02 2 0))INFO: dtree.c(1351): Comp split 12
INFO: dtree.c(1483): stop. leaf nodes are specific
INFO: dtree.c(1524): Final simple tree
|( QUESTION2_1_L -1 -2.421e+03 2.494e+02 2.904e+02
|    ( - -1.210e+03 1 0)
|    ( QUESTION0 -1 -9.619e+02 1.804e+02 1.423e+02
|        ( - -4.696e+02 1 0)
|        ( - -3.118e+02 1 0)))
s>    ( QUESTION2_1_L -1 -2.421e+03 2.494e+02 2.904e+02
s>        ( - -1.210e+03 1 0)
s>        ( QUESTION0 -1 -9.619e+02 1.804e+02 1.423e+02
s>            ( - -4.696e+02 1 0)
s>            ( - -3.118e+02 1 0)))INFO: dtree.c(1351): Comp split 13
INFO: dtree.c(1483): stop. leaf nodes are specific
INFO: dtree.c(1524): Final simple tree
|( QUESTION0 -1 -8.726e+02 1.665e+02 1.348e+02
|    ( QUESTION2_1_L -1 -6.004e+01 1.262e+02 2.006e+01
|        ( - 1.359e+02 1 0)
|        ( - -6.972e+01 1 0))
|    ( - -6.462e+02 1 0))
s>    ( QUESTION0 -1 -8.726e+02 1.665e+02 1.348e+02
s>        ( QUESTION2_1_L -1 -6.004e+01 1.262e+02 2.006e+01
s>            ( - 1.359e+02 1 0)
s>            ( - -6.972e+01 1 0))
s>        ( - -6.462e+02 1 0))INFO: dtree.c(1483): stop. leaf nodes are specific
INFO: dtree.c(1524): Final simple tree
|( QUESTION0_0_R 1 -1.925e+03 2.128e+02 1.819e+02
|    ( QUESTION15 -1 -1.449e+03 1.451e+02 1.342e+02
|        ( QUESTION0_5_R 1 -1.409e+02 1.535e+02 2.104e+01
|            ( - -2.626e+01 1 0)
|            ( - 3.885e+01 1 0))
|        ( QUESTION0 -1 -1.163e+03 1.361e+02 1.131e+02
|            ( - -2.697e+02 1 0)
|            ( - -7.570e+02 1 0)))
|    ( - -2.629e+02 1 0))
s>    ( QUESTION0_0_R 1 -1.925e+03 2.128e+02 1.819e+02
s>        ( QUESTION15 -1 -1.449e+03 1.451e+02 1.342e+02
s>            ( QUESTION0_5_R 1 -1.409e+02 1.535e+02 2.104e+01
s>                ( - -2.626e+01 1 0)
s>                ( - 3.885e+01 1 0))
s>            ( QUESTION0 -1 -1.163e+03 1.361e+02 1.131e+02
s>                ( - -2.697e+02 1 0)
s>                ( - -7.570e+02 1 0)))
s>        ( - -2.629e+02 1 0))INFO: dtree.c(1351): Comp split 14
INFO: dtree.c(1483): stop. leaf nodes are specific
INFO: dtree.c(1524): Final simple tree
|( QUESTION0_0_R 1 -1.011e+03 2.053e+02 8.310e+01
|    ( QUESTION2 -1 -1.852e+02 7.244e+01 2.395e+01
|        ( - -1.482e+01 1 0)
|        ( - -9.792e+01 1 0))
|    ( - -6.201e+02 1 0))
s>    ( QUESTION0_0_R 1 -1.011e+03 2.053e+02 8.310e+01
s>        ( QUESTION2 -1 -1.852e+02 7.244e+01 2.395e+01
s>            ( - -1.482e+01 1 0)
s>            ( - -9.792e+01 1 0))
s>        ( - -6.201e+02 1 0))INFO: dtree.c(1351): Comp split 15
INFO: dtree.c(1524): Final simple tree
|( QUESTION3 1 -2.800e+03 1.979e+02 2.130e+02
|    ( QUESTION0_0_R 1 -3.749e+00 1.447e+02 2.865e+01
|        ( - 2.006e+01 1 0)
|        ( - 1.209e+02 1 0))
|    ( QUESTION0_3_R 1 -2.599e+03 2.091e+02 1.843e+02
|        ( - -2.842e+02 1 0)
|        ( QUESTION14 1 -2.105e+03 1.913e+02 1.437e+02
|            ( - 5.070e+01 2 0)
|            ( QUESTION15 1 -1.965e+03 1.555e+02 1.335e+02
|                ( QUESTION0_0_R 1 -1.074e+03 1.348e+02 7.146e+01
|                    ( - -9.452e+02 1 0)
|                    ( - 5.899e+00 1 0))
|                ( QUESTION2_1_L -1 -7.352e+02 1.599e+02 6.207e+01
|                    ( - 6.469e+01 1 0)
|                    ( - -6.399e+02 4 0 QUESTION0 -1 1.265e+02 5.407e+01))))))
s>    ( QUESTION3 1 -2.800e+03 1.979e+02 2.130e+02
s>        ( QUESTION0_0_R 1 -3.749e+00 1.447e+02 2.865e+01
s>            ( - 2.006e+01 1 0)
s>            ( - 1.209e+02 1 0))
s>        ( QUESTION0_3_R 1 -2.599e+03 2.091e+02 1.843e+02
s>            ( - -2.842e+02 1 0)
s>            ( QUESTION14 1 -2.105e+03 1.913e+02 1.437e+02
s>                ( - 5.070e+01 2 0)
s>                ( QUESTION15 1 -1.965e+03 1.555e+02 1.335e+02
s>                    ( QUESTION0_0_R 1 -1.074e+03 1.348e+02 7.146e+01
s>                        ( - -9.452e+02 1 0)
s>                        ( - 5.899e+00 1 0))
s>                    ( QUESTION2_1_L -1 -7.352e+02 1.599e+02 6.207e+01
s>                        ( - 6.469e+01 1 0)
s>                        ( - -6.399e+02 4 0 QUESTION0 -1 1.265e+02 5.407e+01))))))INFO: dtree.c(1524): Final simple tree
|( QUESTION0_3_R 1 -1.532e+03 2.333e+02 1.614e+02
|    ( - 2.212e+02 1 0)
|    ( QUESTION0_0_R 1 -1.519e+03 2.138e+02 1.564e+02
|        ( QUESTION2_5_L -1 -1.506e+03 2.036e+02 1.544e+02
|            ( QUESTION0_11_R 1 -1.107e+03 1.891e+02 1.013e+02
|                ( - -2.583e+02 1 0)
|                ( QUESTION0 -1 -6.593e+02 1.372e+02 6.471e+01
|                    ( - -1.237e+02 1 0)
|                    ( - -3.984e+02 1 0)))
|            ( QUESTION0_5_R 1 -1.954e+02 1.795e+02 5.313e+01
|                ( - 1.023e+02 1 0)
|                ( QUESTION0_11_R 1 -1.181e+02 1.727e+02 3.810e+01
|                    ( - -1.153e+02 1 0)
|                    ( - 1.699e+02 1 0))))
|        ( - 2.000e+02 1 0)))
s>    ( QUESTION0_3_R 1 -1.532e+03 2.333e+02 1.614e+02
s>        ( - 2.212e+02 1 0)
s>        ( QUESTION0_0_R 1 -1.519e+03 2.138e+02 1.564e+02
s>            ( QUESTION2_5_L -1 -1.506e+03 2.036e+02 1.544e+02
s>                ( QUESTION0_11_R 1 -1.107e+03 1.891e+02 1.013e+02
s>                    ( - -2.583e+02 1 0)
s>                    ( QUESTION0 -1 -6.593e+02 1.372e+02 6.471e+01
s>                        ( - -1.237e+02 1 0)
s>                        ( - -3.984e+02 1 0)))
s>                ( QUESTION0_5_R 1 -1.954e+02 1.795e+02 5.313e+01
s>                    ( - 1.023e+02 1 0)
s>                    ( QUESTION0_11_R 1 -1.181e+02 1.727e+02 3.810e+01
s>                        ( - -1.153e+02 1 0)
s>                        ( - 1.699e+02 1 0))))
s>            ( - 2.000e+02 1 0)))INFO: dtree.c(1351): Comp split 16
INFO: dtree.c(1483): stop. leaf nodes are specific
INFO: dtree.c(1524): Final simple tree
|( QUESTION0 -1 -1.275e+03 2.163e+02 1.160e+02
|    ( - -1.353e+02 1 0)
|    ( QUESTION2 -1 -9.233e+02 1.237e+02 8.358e+01
|        ( - -3.819e+02 1 0)
|        ( - -4.177e+02 1 0)))
s>    ( QUESTION0 -1 -1.275e+03 2.163e+02 1.160e+02
s>        ( - -1.353e+02 1 0)
s>        ( QUESTION2 -1 -9.233e+02 1.237e+02 8.358e+01
s>            ( - -3.819e+02 1 0)
s>            ( - -4.177e+02 1 0)))INFO: dtree.c(1483): stop. leaf nodes are specific
INFO: dtree.c(1524): Final simple tree
|( SILENCE -1 -6.436e+02 1.338e+02 8.824e+01
|    ( - -6.397e+02 2 0)
|    ( - 1.299e+02 1 0))
s>    ( SILENCE -1 -6.436e+02 1.338e+02 8.824e+01
s>        ( - -6.397e+02 2 0)
s>        ( - 1.299e+02 1 0))INFO: dtree.c(1351): Comp split 17
INFO: dtree.c(1483): stop. leaf nodes are specific
INFO: dtree.c(1524): Final simple tree
|( QUESTION0 1 -7.285e+02 1.506e+02 8.086e+01
|    ( QUESTION2 -1 -6.076e+02 1.207e+02 6.586e+01
|        ( - 1.043e+02 1 0)
|        ( - -5.912e+02 1 0))
|    ( QUESTION0_0_R 1 2.971e+01 1.402e+02 1.500e+01
|        ( - 1.166e+02 1 0)
|        ( - 5.332e+01 1 0)))
s>    ( QUESTION0 1 -7.285e+02 1.506e+02 8.086e+01
s>        ( QUESTION2 -1 -6.076e+02 1.207e+02 6.586e+01
s>            ( - 1.043e+02 1 0)
s>            ( - -5.912e+02 1 0))
s>        ( QUESTION0_0_R 1 2.971e+01 1.402e+02 1.500e+01
s>            ( - 1.166e+02 1 0)
s>            ( - 5.332e+01 1 0)))INFO: dtree.c(1483): stop. leaf nodes are specific
INFO: dtree.c(1524): Final simple tree
|( QUESTION0_0_R 1 -1.703e+03 1.780e+02 1.020e+02
|    ( QUESTION2_1_L -1 -3.435e+02 1.124e+02 3.456e+01
|        ( - -2.300e+02 1 0)
|        ( - -1.052e+00 1 0))
|    ( - -1.182e+03 1 0))
s>    ( QUESTION0_0_R 1 -1.703e+03 1.780e+02 1.020e+02
s>        ( QUESTION2_1_L -1 -3.435e+02 1.124e+02 3.456e+01
s>            ( - -2.300e+02 1 0)
s>            ( - -1.052e+00 1 0))
s>        ( - -1.182e+03 1 0))INFO: dtree.c(1351): Comp split 18
INFO: dtree.c(1483): stop. leaf nodes are specific
INFO: dtree.c(1524): Final simple tree
|( QUESTION0_18_R 1 -1.301e+02 2.595e+02 1.129e+02
|    ( QUESTION0 -1 1.507e+02 1.817e+02 7.417e+01
|        ( - 3.223e+02 1 0)
|        ( - 1.002e+01 1 0))
|    ( QUESTION11 -1 -2.135e+01 2.294e+02 3.870e+01
|        ( - 2.477e+02 1 0)
|        ( WDBNDRY_B 0 -3.960e+01 1.463e+02 3.670e+01
|            ( - 1.101e+00 1 0)
|            ( - 1.056e+02 1 0))))
s>    ( QUESTION0_18_R 1 -1.301e+02 2.595e+02 1.129e+02
s>        ( QUESTION0 -1 1.507e+02 1.817e+02 7.417e+01
s>            ( - 3.223e+02 1 0)
s>            ( - 1.002e+01 1 0))
s>        ( QUESTION11 -1 -2.135e+01 2.294e+02 3.870e+01
s>            ( - 2.477e+02 1 0)
s>            ( WDBNDRY_B 0 -3.960e+01 1.463e+02 3.670e+01
s>                ( - 1.101e+00 1 0)
s>                ( - 1.056e+02 1 0))))INFO: dtree.c(1483): stop. leaf nodes are specific
INFO: dtree.c(1524): Final simple tree
|( QUESTION0_13_R 1 -1.657e+03 2.301e+02 2.692e+02
|    ( QUESTION0 -1 -1.625e+03 2.530e+02 2.672e+02
|        ( QUESTION2_1_L -1 5.558e+01 1.729e+02 1.097e+01
|            ( - 1.931e+02 1 0)
|            ( - 3.534e+01 1 0))
|        ( QUESTION12 -1 -1.428e+03 2.204e+02 2.563e+02
|            ( - -6.581e+02 1 0)
|            ( - -5.490e+02 3 0)))
|    ( - 1.976e+02 1 0))
s>    ( QUESTION0_13_R 1 -1.657e+03 2.301e+02 2.692e+02
s>        ( QUESTION0 -1 -1.625e+03 2.530e+02 2.672e+02
s>            ( QUESTION2_1_L -1 5.558e+01 1.729e+02 1.097e+01
s>                ( - 1.931e+02 1 0)
s>                ( - 3.534e+01 1 0))
s>            ( QUESTION12 -1 -1.428e+03 2.204e+02 2.563e+02
s>                ( - -6.581e+02 1 0)
s>                ( - -5.490e+02 3 0)))
s>        ( - 1.976e+02 1 0))INFO: dtree.c(1351): Comp split 19
INFO: dtree.c(1483): stop. leaf nodes are specific
INFO: dtree.c(1524): Final simple tree
|( QUESTION0 -1 -1.076e+03 1.516e+02 2.540e+02
|    ( - -9.990e+02 1 0)
|    ( - 7.461e+01 1 0))
s>    ( QUESTION0 -1 -1.076e+03 1.516e+02 2.540e+02
s>        ( - -9.990e+02 1 0)
s>        ( - 7.461e+01 1 0))INFO: dtree.c(1483): stop. leaf nodes are specific
INFO: dtree.c(1524): Final simple tree
|( QUESTION2_0_L -1 -1.934e+03 1.970e+02 3.411e+02
|    ( - -1.190e+02 1 0)
|    ( QUESTION12 -1 -1.618e+03 1.768e+02 3.031e+02
|        ( - -1.923e+02 1 0)
|        ( QUESTION0 -1 -1.249e+03 1.626e+02 2.841e+02
|            ( - -8.266e+02 4 0)
|            ( - -2.596e+02 1 0))))
s>    ( QUESTION2_0_L -1 -1.934e+03 1.970e+02 3.411e+02
s>        ( - -1.190e+02 1 0)
s>        ( QUESTION12 -1 -1.618e+03 1.768e+02 3.031e+02
s>            ( - -1.923e+02 1 0)
s>            ( QUESTION0 -1 -1.249e+03 1.626e+02 2.841e+02
s>                ( - -8.266e+02 4 0)
s>                ( - -2.596e+02 1 0))))INFO: dtree.c(1351): Comp split 20
INFO: dtree.c(1483): stop. leaf nodes are specific
INFO: dtree.c(1524): Final simple tree
|( SILENCE 1 -5.024e+02 1.840e+02 1.567e+02
|    ( - -4.789e+02 1 0)
|    ( - 1.605e+02 1 0))
s>    ( SILENCE 1 -5.024e+02 1.840e+02 1.567e+02
s>        ( - -4.789e+02 1 0)
s>        ( - 1.605e+02 1 0))INFO: dtree.c(1351): Comp split 21
INFO: dtree.c(1483): stop. leaf nodes are specific
INFO: dtree.c(1524): Final simple tree
|( WDBNDRY_B 0 -3.960e+01 1.463e+02 3.670e+01
|    ( - 1.101e+00 1 0)
|    ( - 1.056e+02 1 0))
s>    ( WDBNDRY_B 0 -3.960e+01 1.463e+02 3.670e+01
s>        ( - 1.101e+00 1 0)
s>        ( - 1.056e+02 1 0))INFO: dtree.c(1483): stop. leaf nodes are specific
INFO: dtree.c(1524): Final simple tree
|( QUESTION0_18_R 1 1.751e+02 2.232e+02 7.617e+01
|    ( QUESTION0 -1 1.507e+02 1.817e+02 7.417e+01
|        ( - 3.223e+02 1 0)
|        ( - 1.002e+01 1 0))
|    ( - 2.477e+02 1 0))
s>    ( QUESTION0_18_R 1 1.751e+02 2.232e+02 7.617e+01
s>        ( QUESTION0 -1 1.507e+02 1.817e+02 7.417e+01
s>            ( - 3.223e+02 1 0)
s>            ( - 1.002e+01 1 0))
s>        ( - 2.477e+02 1 0))INFO: dtree.c(1351): Comp split 22
INFO: dtree.c(1524): Final simple tree
|( QUESTION14 1 -2.105e+03 1.913e+02 1.437e+02
|    ( - 5.070e+01 2 0)
|    ( QUESTION15 1 -1.965e+03 1.555e+02 1.335e+02
|        ( QUESTION0_0_R 1 -1.074e+03 1.348e+02 7.146e+01
|            ( - -9.452e+02 1 0)
|            ( - 5.899e+00 1 0))
|        ( QUESTION2_1_L -1 -7.352e+02 1.599e+02 6.207e+01
|            ( - 6.469e+01 1 0)
|            ( QUESTION0 -1 -6.399e+02 1.265e+02 5.407e+01
|                ( QUESTION0_0_R 1 6.225e+01 2.244e+02 4.000e+00
|                    ( - 1.563e+02 1 0)
|                    ( - 1.304e+02 1 0))
|                ( QUESTION0_0_R 1 -5.757e+02 1.233e+02 5.007e+01
|                    ( - -3.119e+01 1 0)
|                    ( - -4.212e+02 1 0))))))
s>    ( QUESTION14 1 -2.105e+03 1.913e+02 1.437e+02
s>        ( - 5.070e+01 2 0)
s>        ( QUESTION15 1 -1.965e+03 1.555e+02 1.335e+02
s>            ( QUESTION0_0_R 1 -1.074e+03 1.348e+02 7.146e+01
s>                ( - -9.452e+02 1 0)
s>                ( - 5.899e+00 1 0))
s>            ( QUESTION2_1_L -1 -7.352e+02 1.599e+02 6.207e+01
s>                ( - 6.469e+01 1 0)
s>                ( QUESTION0 -1 -6.399e+02 1.265e+02 5.407e+01
s>                    ( QUESTION0_0_R 1 6.225e+01 2.244e+02 4.000e+00
s>                        ( - 1.563e+02 1 0)
s>                        ( - 1.304e+02 1 0))
s>                    ( QUESTION0_0_R 1 -5.757e+02 1.233e+02 5.007e+01
s>                        ( - -3.119e+01 1 0)
s>                        ( - -4.212e+02 1 0))))))INFO: dtree.c(1483): stop. leaf nodes are specific
INFO: dtree.c(1524): Final simple tree
|( QUESTION0_4_R 1 -4.389e+02 1.549e+02 6.923e+01
|    ( - 2.006e+01 1 0)
|    ( QUESTION0_0_R 1 -3.041e+02 1.408e+02 4.958e+01
|        ( - -2.842e+02 1 0)
|        ( - 1.209e+02 1 0)))
s>    ( QUESTION0_4_R 1 -4.389e+02 1.549e+02 6.923e+01
s>        ( - 2.006e+01 1 0)
s>        ( QUESTION0_0_R 1 -3.041e+02 1.408e+02 4.958e+01
s>            ( - -2.842e+02 1 0)
s>            ( - 1.209e+02 1 0)))INFO: dtree.c(1351): Comp split 23
INFO: dtree.c(1483): stop. leaf nodes are specific
INFO: dtree.c(1524): Final simple tree
|( QUESTION0 -1 -3.316e+03 1.937e+02 3.862e+02
|    ( QUESTION2_1_L -1 -4.170e+02 1.381e+02 5.938e+01
|        ( - 1.564e+01 1 0)
|        ( - -2.946e+02 1 0))
|    ( QUESTION12 -1 -2.705e+03 9.769e+01 3.268e+02
|        ( - -2.682e+03 1 0)
|        ( - 7.490e+01 1 0)))
s>    ( QUESTION0 -1 -3.316e+03 1.937e+02 3.862e+02
s>        ( QUESTION2_1_L -1 -4.170e+02 1.381e+02 5.938e+01
s>            ( - 1.564e+01 1 0)
s>            ( - -2.946e+02 1 0))
s>        ( QUESTION12 -1 -2.705e+03 9.769e+01 3.268e+02
s>            ( - -2.682e+03 1 0)
s>            ( - 7.490e+01 1 0)))INFO: dtree.c(1351): Comp split 24
INFO: dtree.c(1483): stop. leaf nodes are specific
INFO: dtree.c(1524): Final simple tree
|( QUESTION2_1_L -1 5.558e+01 1.729e+02 1.097e+01
|    ( - 1.931e+02 1 0)
|    ( - 3.534e+01 1 0))
s>    ( QUESTION2_1_L -1 5.558e+01 1.729e+02 1.097e+01
s>        ( - 1.931e+02 1 0)
s>        ( - 3.534e+01 1 0))INFO: dtree.c(1483): stop. leaf nodes are specific
INFO: dtree.c(1524): Final simple tree
|( QUESTION0_13_R 1 -1.461e+03 2.311e+02 2.583e+02
|    ( QUESTION12 -1 -1.428e+03 2.204e+02 2.563e+02
|        ( - -6.581e+02 1 0)
|        ( - -5.490e+02 3 0))
|    ( - 1.976e+02 1 0))
s>    ( QUESTION0_13_R 1 -1.461e+03 2.311e+02 2.583e+02
s>        ( QUESTION12 -1 -1.428e+03 2.204e+02 2.563e+02
s>            ( - -6.581e+02 1 0)
s>            ( - -5.490e+02 3 0))
s>        ( - 1.976e+02 1 0))INFO: dtree.c(1351): Comp split 25
INFO: dtree.c(1483): stop. leaf nodes are specific
INFO: dtree.c(1524): Final simple tree
|( QUESTION0 -1 -9.619e+02 1.804e+02 1.423e+02
|    ( - -4.696e+02 1 0)
|    ( - -3.118e+02 1 0))
s>    ( QUESTION0 -1 -9.619e+02 1.804e+02 1.423e+02
s>        ( - -4.696e+02 1 0)
s>        ( - -3.118e+02 1 0))INFO: dtree.c(1351): Comp split 26
INFO: dtree.c(1483): stop. leaf nodes are specific
INFO: dtree.c(1524): Final simple tree
|( QUESTION0_0_R 1 -1.519e+03 2.138e+02 1.564e+02
|    ( QUESTION2_5_L -1 -1.506e+03 2.036e+02 1.544e+02
|        ( QUESTION0_11_R 1 -1.107e+03 1.891e+02 1.013e+02
|            ( - -2.583e+02 1 0)
|            ( QUESTION0 -1 -6.593e+02 1.372e+02 6.471e+01
|                ( - -1.237e+02 1 0)
|                ( - -3.984e+02 1 0)))
|        ( QUESTION0_5_R 1 -1.954e+02 1.795e+02 5.313e+01
|            ( - 1.023e+02 1 0)
|            ( QUESTION0_11_R 1 -1.181e+02 1.727e+02 3.810e+01
|                ( - -1.153e+02 1 0)
|                ( - 1.699e+02 1 0))))
|    ( - 2.000e+02 1 0))
s>    ( QUESTION0_0_R 1 -1.519e+03 2.138e+02 1.564e+02
s>        ( QUESTION2_5_L -1 -1.506e+03 2.036e+02 1.544e+02
s>            ( QUESTION0_11_R 1 -1.107e+03 1.891e+02 1.013e+02
s>                ( - -2.583e+02 1 0)
s>                ( QUESTION0 -1 -6.593e+02 1.372e+02 6.471e+01
s>                    ( - -1.237e+02 1 0)
s>                    ( - -3.984e+02 1 0)))
s>            ( QUESTION0_5_R 1 -1.954e+02 1.795e+02 5.313e+01
s>                ( - 1.023e+02 1 0)
s>                ( QUESTION0_11_R 1 -1.181e+02 1.727e+02 3.810e+01
s>                    ( - -1.153e+02 1 0)
s>                    ( - 1.699e+02 1 0))))
s>        ( - 2.000e+02 1 0))INFO: dtree.c(1351): Comp split 27
INFO: dtree.c(1483): stop. leaf nodes are specific
INFO: dtree.c(1524): Final simple tree
|( QUESTION12 -1 -1.428e+03 2.204e+02 2.563e+02
|    ( - -6.581e+02 1 0)
|    ( - -5.490e+02 3 0))
s>    ( QUESTION12 -1 -1.428e+03 2.204e+02 2.563e+02
s>        ( - -6.581e+02 1 0)
s>        ( - -5.490e+02 3 0))INFO: dtree.c(1351): Comp split 28
INFO: dtree.c(1483): stop. leaf nodes are specific
INFO: dtree.c(1524): Final simple tree
|( QUESTION0 -1 1.507e+02 1.817e+02 7.417e+01
|    ( - 3.223e+02 1 0)
|    ( - 1.002e+01 1 0))
s>    ( QUESTION0 -1 1.507e+02 1.817e+02 7.417e+01
s>        ( - 3.223e+02 1 0)
s>        ( - 1.002e+01 1 0))INFO: dtree.c(1351): Comp split 29
INFO: dtree.c(1351): Comp split 30
INFO: dtree.c(1483): stop. leaf nodes are specific
INFO: dtree.c(1524): Final simple tree
|( QUESTION0 -1 -1.230e+03 1.385e+02 1.219e+02
|    ( - -2.697e+02 1 0)
|    ( QUESTION0_5_R 1 -8.218e+02 1.037e+02 9.461e+01
|        ( - -7.570e+02 1 0)
|        ( - 3.885e+01 1 0)))
s>    ( QUESTION0 -1 -1.230e+03 1.385e+02 1.219e+02
s>        ( - -2.697e+02 1 0)
s>        ( QUESTION0_5_R 1 -8.218e+02 1.037e+02 9.461e+01
s>            ( - -7.570e+02 1 0)
s>            ( - 3.885e+01 1 0)))INFO: dtree.c(1483): stop. leaf nodes are specific
INFO: dtree.c(1524): Final simple tree
|( QUESTION0_0_R 1 -4.755e+02 1.863e+02 5.995e+01
|    ( - -2.626e+01 1 0)
|    ( - -2.629e+02 1 0))
s>    ( QUESTION0_0_R 1 -4.755e+02 1.863e+02 5.995e+01
s>        ( - -2.626e+01 1 0)
s>        ( - -2.629e+02 1 0))INFO: dtree.c(1351): Comp split 31
INFO: dtree.c(1483): stop. leaf nodes are specific
INFO: dtree.c(1524): Final simple tree
|( QUESTION2 -1 -9.233e+02 1.237e+02 8.358e+01
|    ( - -3.819e+02 1 0)
|    ( - -4.177e+02 1 0))
s>    ( QUESTION2 -1 -9.233e+02 1.237e+02 8.358e+01
s>        ( - -3.819e+02 1 0)
s>        ( - -4.177e+02 1 0))INFO: dtree.c(1351): Comp split 32
INFO: dtree.c(1483): stop. leaf nodes are specific
INFO: dtree.c(1524): Final simple tree
|( QUESTION2_5_L -1 -1.506e+03 2.036e+02 1.544e+02
|    ( QUESTION0_11_R 1 -1.107e+03 1.891e+02 1.013e+02
|        ( - -2.583e+02 1 0)
|        ( QUESTION0 -1 -6.593e+02 1.372e+02 6.471e+01
|            ( - -1.237e+02 1 0)
|            ( - -3.984e+02 1 0)))
|    ( QUESTION0_5_R 1 -1.954e+02 1.795e+02 5.313e+01
|        ( - 1.023e+02 1 0)
|        ( QUESTION0_11_R 1 -1.181e+02 1.727e+02 3.810e+01
|            ( - -1.153e+02 1 0)
|            ( - 1.699e+02 1 0))))
s>    ( QUESTION2_5_L -1 -1.506e+03 2.036e+02 1.544e+02
s>        ( QUESTION0_11_R 1 -1.107e+03 1.891e+02 1.013e+02
s>            ( - -2.583e+02 1 0)
s>            ( QUESTION0 -1 -6.593e+02 1.372e+02 6.471e+01
s>                ( - -1.237e+02 1 0)
s>                ( - -3.984e+02 1 0)))
s>        ( QUESTION0_5_R 1 -1.954e+02 1.795e+02 5.313e+01
s>            ( - 1.023e+02 1 0)
s>            ( QUESTION0_11_R 1 -1.181e+02 1.727e+02 3.810e+01
s>                ( - -1.153e+02 1 0)
s>                ( - 1.699e+02 1 0))))INFO: dtree.c(1351): Comp split 33
INFO: dtree.c(1483): stop. leaf nodes are specific
INFO: dtree.c(1524): Final simple tree
|( QUESTION0_11_R 1 -5.299e+02 1.478e+02 5.445e+01
|    ( - -2.583e+02 1 0)
|    ( - -1.237e+02 1 0))
s>    ( QUESTION0_11_R 1 -5.299e+02 1.478e+02 5.445e+01
s>        ( - -2.583e+02 1 0)
s>        ( - -1.237e+02 1 0))INFO: dtree.c(1483): stop. leaf nodes are specific
INFO: dtree.c(1524): Final simple tree
|( QUESTION0_5_R 1 -7.658e+02 1.880e+02 9.996e+01
|    ( - 1.023e+02 1 0)
|    ( QUESTION0_11_R 1 -6.801e+02 1.686e+02 8.492e+01
|        ( - -1.153e+02 1 0)
|        ( QUESTION12 -1 -3.963e+02 1.677e+02 4.982e+01
|            ( - -3.984e+02 1 0)
|            ( - 1.699e+02 1 0))))
s>    ( QUESTION0_5_R 1 -7.658e+02 1.880e+02 9.996e+01
s>        ( - 1.023e+02 1 0)
s>        ( QUESTION0_11_R 1 -6.801e+02 1.686e+02 8.492e+01
s>            ( - -1.153e+02 1 0)
s>            ( QUESTION12 -1 -3.963e+02 1.677e+02 4.982e+01
s>                ( - -3.984e+02 1 0)
s>                ( - 1.699e+02 1 0))))INFO: dtree.c(1351): Comp split 34
INFO: dtree.c(1483): stop. leaf nodes are specific
INFO: dtree.c(1524): Final simple tree
|( QUESTION2 -1 -1.852e+02 7.244e+01 2.395e+01
|    ( - -1.482e+01 1 0)
|    ( - -9.792e+01 1 0))
s>    ( QUESTION2 -1 -1.852e+02 7.244e+01 2.395e+01
s>        ( - -1.482e+01 1 0)
s>        ( - -9.792e+01 1 0))INFO: dtree.c(1351): Comp split 35
INFO: dtree.c(1483): stop. leaf nodes are specific
INFO: dtree.c(1524): Final simple tree
|( QUESTION12 -1 -1.618e+03 1.768e+02 3.031e+02
|    ( - -1.923e+02 1 0)
|    ( QUESTION0 -1 -1.249e+03 1.626e+02 2.841e+02
|        ( - -8.266e+02 4 0)
|        ( - -2.596e+02 1 0)))
s>    ( QUESTION12 -1 -1.618e+03 1.768e+02 3.031e+02
s>        ( - -1.923e+02 1 0)
s>        ( QUESTION0 -1 -1.249e+03 1.626e+02 2.841e+02
s>            ( - -8.266e+02 4 0)
s>            ( - -2.596e+02 1 0)))INFO: dtree.c(1351): Comp split 36
INFO: dtree.c(1351): Comp split 37
INFO: dtree.c(1483): stop. leaf nodes are specific
INFO: dtree.c(1524): Final simple tree
|( QUESTION2_1_L -1 -1.165e+03 1.385e+02 8.146e+01
|    ( - 6.469e+01 1 0)
|    ( QUESTION0 -1 -1.091e+03 1.477e+02 7.346e+01
|        ( - 1.304e+02 1 0)
|        ( QUESTION0_0_R 1 -1.074e+03 1.348e+02 7.146e+01
|            ( - -9.452e+02 1 0)
|            ( - 5.899e+00 1 0))))
s>    ( QUESTION2_1_L -1 -1.165e+03 1.385e+02 8.146e+01
s>        ( - 6.469e+01 1 0)
s>        ( QUESTION0 -1 -1.091e+03 1.477e+02 7.346e+01
s>            ( - 1.304e+02 1 0)
s>            ( QUESTION0_0_R 1 -1.074e+03 1.348e+02 7.146e+01
s>                ( - -9.452e+02 1 0)
s>                ( - 5.899e+00 1 0))))INFO: dtree.c(1483): stop. leaf nodes are specific
INFO: dtree.c(1524): Final simple tree
|( QUESTION14 1 -7.456e+02 1.915e+02 6.227e+01
|    ( - 5.070e+01 2 0)
|    ( QUESTION0 -1 -6.048e+02 1.854e+02 5.207e+01
|        ( - 1.563e+02 1 0)
|        ( QUESTION0_0_R 1 -5.757e+02 1.233e+02 5.007e+01
|            ( - -3.119e+01 1 0)
|            ( - -4.212e+02 1 0))))
s>    ( QUESTION14 1 -7.456e+02 1.915e+02 6.227e+01
s>        ( - 5.070e+01 2 0)
s>        ( QUESTION0 -1 -6.048e+02 1.854e+02 5.207e+01
s>            ( - 1.563e+02 1 0)
s>            ( QUESTION0_0_R 1 -5.757e+02 1.233e+02 5.007e+01
s>                ( - -3.119e+01 1 0)
s>                ( - -4.212e+02 1 0))))INFO: dtree.c(1351): Comp split 38
INFO: dtree.c(1483): stop. leaf nodes are specific
INFO: dtree.c(1524): Final simple tree
|( QUESTION12 -1 -2.705e+03 9.769e+01 3.268e+02
|    ( - -2.682e+03 1 0)
|    ( - 7.490e+01 1 0))
s>    ( QUESTION12 -1 -2.705e+03 9.769e+01 3.268e+02
s>        ( - -2.682e+03 1 0)
s>        ( - 7.490e+01 1 0))INFO: dtree.c(1483): stop. leaf nodes are specific
INFO: dtree.c(1524): Final simple tree
|( QUESTION2_1_L -1 -4.170e+02 1.381e+02 5.938e+01
|    ( - 1.564e+01 1 0)
|    ( - -2.946e+02 1 0))
s>    ( QUESTION2_1_L -1 -4.170e+02 1.381e+02 5.938e+01
s>        ( - 1.564e+01 1 0)
s>        ( - -2.946e+02 1 0))INFO: dtree.c(1351): Comp split 39
INFO: dtree.c(1483): stop. leaf nodes are specific
INFO: dtree.c(1524): Final simple tree
|( QUESTION0 -1 -6.048e+02 1.854e+02 5.207e+01
|    ( - 1.563e+02 1 0)
|    ( QUESTION0_0_R 1 -5.757e+02 1.233e+02 5.007e+01
|        ( - -3.119e+01 1 0)
|        ( - -4.212e+02 1 0)))
s>    ( QUESTION0 -1 -6.048e+02 1.854e+02 5.207e+01
s>        ( - 1.563e+02 1 0)
s>        ( QUESTION0_0_R 1 -5.757e+02 1.233e+02 5.007e+01
s>            ( - -3.119e+01 1 0)
s>            ( - -4.212e+02 1 0)))INFO: dtree.c(1351): Comp split 40
INFO: dtree.c(1483): stop. leaf nodes are specific
INFO: dtree.c(1524): Final simple tree
|( QUESTION0_11_R 1 -6.801e+02 1.686e+02 8.492e+01
|    ( - -1.153e+02 1 0)
|    ( QUESTION12 -1 -3.963e+02 1.677e+02 4.982e+01
|        ( - -3.984e+02 1 0)
|        ( - 1.699e+02 1 0)))
s>    ( QUESTION0_11_R 1 -6.801e+02 1.686e+02 8.492e+01
s>        ( - -1.153e+02 1 0)
s>        ( QUESTION12 -1 -3.963e+02 1.677e+02 4.982e+01
s>            ( - -3.984e+02 1 0)
s>            ( - 1.699e+02 1 0)))INFO: dtree.c(1351): Comp split 41
INFO: dtree.c(1351): Comp split 42
INFO: dtree.c(1483): stop. leaf nodes are specific
INFO: dtree.c(1524): Final simple tree
|( QUESTION0_0_R 1 -5.757e+02 1.233e+02 5.007e+01
|    ( - -3.119e+01 1 0)
|    ( - -4.212e+02 1 0))
s>    ( QUESTION0_0_R 1 -5.757e+02 1.233e+02 5.007e+01
s>        ( - -3.119e+01 1 0)
s>        ( - -4.212e+02 1 0))INFO: dtree.c(1351): Comp split 43
INFO: dtree.c(1351): Comp split 44
INFO: dtree.c(1351): Comp split 45
INFO: dtree.c(1351): Comp split 46
INFO: dtree.c(1483): stop. leaf nodes are specific
INFO: dtree.c(1524): Final simple tree
|( QUESTION2_1_L -1 -3.435e+02 1.124e+02 3.456e+01
|    ( - -2.300e+02 1 0)
|    ( - -1.052e+00 1 0))
s>    ( QUESTION2_1_L -1 -3.435e+02 1.124e+02 3.456e+01
s>        ( - -2.300e+02 1 0)
s>        ( - -1.052e+00 1 0))INFO: dtree.c(1351): Comp split 47
INFO: dtree.c(1483): stop. leaf nodes are specific
INFO: dtree.c(1524): Final simple tree
|( QUESTION0 -1 -1.249e+03 1.626e+02 2.841e+02
|    ( - -8.266e+02 4 0)
|    ( - -2.596e+02 1 0))
s>    ( QUESTION0 -1 -1.249e+03 1.626e+02 2.841e+02
s>        ( - -8.266e+02 4 0)
s>        ( - -2.596e+02 1 0))INFO: dtree.c(1351): Comp split 48
INFO: dtree.c(1351): Comp split 49
INFO: dtree.c(1483): stop. leaf nodes are specific
INFO: dtree.c(1524): Final simple tree
|( QUESTION0_11_R 1 -6.797e+02 1.660e+02 8.192e+01
|    ( - -1.153e+02 1 0)
|    ( - -3.984e+02 1 0))
s>    ( QUESTION0_11_R 1 -6.797e+02 1.660e+02 8.192e+01
s>        ( - -1.153e+02 1 0)
s>        ( - -3.984e+02 1 0))INFO: dtree.c(1351): Comp split 50
INFO: dtree.c(1483): stop. leaf nodes are specific
INFO: dtree.c(1524): Final simple tree
|( QUESTION2_1_L -1 -6.004e+01 1.262e+02 2.006e+01
|    ( - 1.359e+02 1 0)
|    ( - -6.972e+01 1 0))
s>    ( QUESTION2_1_L -1 -6.004e+01 1.262e+02 2.006e+01
s>        ( - 1.359e+02 1 0)
s>        ( - -6.972e+01 1 0))INFO: dtree.c(1351): Comp split 51
INFO: dtree.c(1351): Comp split 52
INFO: dtree.c(1351): Comp split 53
INFO: dtree.c(1483): stop. leaf nodes are specific
INFO: dtree.c(1524): Final simple tree
|( QUESTION0_0_R 1 -3.041e+02 1.408e+02 4.958e+01
|    ( - -2.842e+02 1 0)
|    ( - 1.209e+02 1 0))
s>    ( QUESTION0_0_R 1 -3.041e+02 1.408e+02 4.958e+01
s>        ( - -2.842e+02 1 0)
s>        ( - 1.209e+02 1 0))INFO: dtree.c(1351): Comp split 54
INFO: dtree.c(1351): Comp split 55
INFO: dtree.c(1483): stop. leaf nodes are specific
INFO: dtree.c(1524): Final simple tree
|( QUESTION0_0_R 1 2.971e+01 1.402e+02 1.500e+01
|    ( - 1.166e+02 1 0)
|    ( - 5.332e+01 1 0))
s>    ( QUESTION0_0_R 1 2.971e+01 1.402e+02 1.500e+01
s>        ( - 1.166e+02 1 0)
s>        ( - 5.332e+01 1 0))INFO: dtree.c(1483): stop. leaf nodes are specific
INFO: dtree.c(1524): Final simple tree
|( QUESTION2 -1 -6.076e+02 1.207e+02 6.586e+01
|    ( - 1.043e+02 1 0)
|    ( - -5.912e+02 1 0))
s>    ( QUESTION2 -1 -6.076e+02 1.207e+02 6.586e+01
s>        ( - 1.043e+02 1 0)
s>        ( - -5.912e+02 1 0))INFO: dtree.c(1351): Comp split 56
INFO: dtree.c(1483): stop. leaf nodes are specific
INFO: dtree.c(1524): Final simple tree
|( QUESTION0 -1 -1.147e+03 1.377e+02 7.946e+01
|    ( - 6.469e+01 1 0)
|    ( QUESTION0_0_R 1 -1.074e+03 1.348e+02 7.146e+01
|        ( - -9.452e+02 1 0)
|        ( - 5.899e+00 1 0)))
s>    ( QUESTION0 -1 -1.147e+03 1.377e+02 7.946e+01
s>        ( - 6.469e+01 1 0)
s>        ( QUESTION0_0_R 1 -1.074e+03 1.348e+02 7.146e+01
s>            ( - -9.452e+02 1 0)
s>            ( - 5.899e+00 1 0)))INFO: dtree.c(1351): Comp split 57
INFO: dtree.c(1351): Comp split 58
INFO: dtree.c(1351): Comp split 59
INFO: dtree.c(1351): Comp split 60
INFO: dtree.c(1351): Comp split 61
INFO: dtree.c(1483): stop. leaf nodes are specific
INFO: dtree.c(1524): Final simple tree
|( QUESTION0_5_R 1 -8.218e+02 1.037e+02 9.461e+01
|    ( - -7.570e+02 1 0)
|    ( - 3.885e+01 1 0))
s>    ( QUESTION0_5_R 1 -8.218e+02 1.037e+02 9.461e+01
s>        ( - -7.570e+02 1 0)
s>        ( - 3.885e+01 1 0))INFO: dtree.c(1351): Comp split 62
INFO: dtree.c(1351): Comp split 63
INFO: dtree.c(1483): stop. leaf nodes are specific
INFO: dtree.c(1524): Final simple tree
|( QUESTION0_0_R 1 -1.074e+03 1.348e+02 7.146e+01
|    ( - -9.452e+02 1 0)
|    ( - 5.899e+00 1 0))
s>    ( QUESTION0_0_R 1 -1.074e+03 1.348e+02 7.146e+01
s>        ( - -9.452e+02 1 0)
s>        ( - 5.899e+00 1 0))INFO: dtree.c(1351): Comp split 64
INFO: dtree.c(1351): Comp split 65
INFO: dtree.c(1351): Comp split 66
INFO: dtree.c(1351): Comp split 67
INFO: dtree.c(1351): Comp split 68
INFO: dtree.c(1351): Comp split 69
INFO: dtree.c(1351): Comp split 70
INFO: dtree.c(1351): Comp split 71
INFO: dtree.c(1351): Comp split 72
INFO: dtree.c(1351): Comp split 73
INFO: dtree.c(1351): Comp split 74
INFO: dtree.c(1351): Comp split 75
INFO: dtree.c(1354): stop. leaf nodes are specific
Tue May 31 10:28:13 2011
