INFO: cmd_ln.c(691): Parsing command line:
/home/xkrajnan/Plocha/GSoC/PocketSphinx/an4/bin/bldtree \
	-treefn /home/xkrajnan/Plocha/GSoC/PocketSphinx/an4/trees/an4.unpruned/AY-2.dtree \
	-moddeffn /home/xkrajnan/Plocha/GSoC/PocketSphinx/an4/model_architecture/an4.untied.mdef \
	-mixwfn /home/xkrajnan/Plocha/GSoC/PocketSphinx/an4/model_parameters/an4.cd_cont_untied/mixture_weights \
	-ts2cbfn .cont. \
	-mwfloor 1e-08 \
	-psetfn /home/xkrajnan/Plocha/GSoC/PocketSphinx/an4/model_architecture/an4.tree_questions \
	-phone AY \
	-state 2 \
	-stwt 1.0,0.05,0.0 \
	-meanfn /home/xkrajnan/Plocha/GSoC/PocketSphinx/an4/model_parameters/an4.cd_cont_untied/means \
	-varfn /home/xkrajnan/Plocha/GSoC/PocketSphinx/an4/model_parameters/an4.cd_cont_untied/variances \
	-fullvar no \
	-ssplitmin 1 \
	-ssplitmax 7 \
	-ssplitthr 0 \
	-csplitmin 1 \
	-csplitmax 2000 \
	-csplitthr 0 

Current configuration:
[NAME]		[DEFLT]	[VALUE]
-allphones	no	no
-cntthresh	0.00001	1.000000e-05
-csplitmax	100	2000
-csplitmin	1	1
-csplitthr	8e-4	0.000000e+00
-example	no	no
-fullvar	no	no
-help		no	no
-meanfn			/home/xkrajnan/Plocha/GSoC/PocketSphinx/an4/model_parameters/an4.cd_cont_untied/means
-mixwfn			/home/xkrajnan/Plocha/GSoC/PocketSphinx/an4/model_parameters/an4.cd_cont_untied/mixture_weights
-moddeffn		/home/xkrajnan/Plocha/GSoC/PocketSphinx/an4/model_architecture/an4.untied.mdef
-mwfloor	1e-4	1.000000e-08
-phone			AY
-psetfn			/home/xkrajnan/Plocha/GSoC/PocketSphinx/an4/model_architecture/an4.tree_questions
-ssplitmax	5	7
-ssplitmin	1	1
-ssplitthr	8e-4	0.000000e+00
-state			2
-stwt			1.0,0.05,0.0,
-treefn			/home/xkrajnan/Plocha/GSoC/PocketSphinx/an4/trees/an4.unpruned/AY-2.dtree
-ts2cbfn	.semi.	.cont.
-varfloor	0.00001	1.000000e-05
-varfn			/home/xkrajnan/Plocha/GSoC/PocketSphinx/an4/model_parameters/an4.cd_cont_untied/variances

INFO: main.c(228): Reading: /home/xkrajnan/Plocha/GSoC/PocketSphinx/an4/model_architecture/an4.untied.mdef
INFO: model_def_io.c(587): Model definition info:
INFO: model_def_io.c(588): 1618 total models defined (34 base, 1584 tri)
INFO: model_def_io.c(589): 6472 total states
INFO: model_def_io.c(590): 4854 total tied states
INFO: model_def_io.c(591): 102 total tied CI states
INFO: model_def_io.c(592): 34 total tied transition matrices
INFO: model_def_io.c(593): 4 max state/model
INFO: model_def_io.c(594): 4 min state/model
INFO: main.c(247): Building trees for [AY AH EH s] through [AY W Z e]
INFO: main.c(275): Covering states |[480 734]| == 255
INFO: main.c(282): Reading: /home/xkrajnan/Plocha/GSoC/PocketSphinx/an4/model_parameters/an4.cd_cont_untied/mixture_weights
INFO: s3mixw_io.c(172): Read /home/xkrajnan/Plocha/GSoC/PocketSphinx/an4/model_parameters/an4.cd_cont_untied/mixture_weights [255x1x1 array]
INFO: main.c(320): 85 of 85 models have observation count greater than 0.000010
INFO: main.c(94): nrm stwt: 0.000 0.048 0.952 
INFO: s3gau_io.c(166): Read /home/xkrajnan/Plocha/GSoC/PocketSphinx/an4/model_parameters/an4.cd_cont_untied/means [4854x1x1 array]
INFO: s3gau_io.c(166): Read /home/xkrajnan/Plocha/GSoC/PocketSphinx/an4/model_parameters/an4.cd_cont_untied/variances [4854x1x1 array]
INFO: main.c(576): Reading: /home/xkrajnan/Plocha/GSoC/PocketSphinx/an4/model_architecture/an4.tree_questions
INFO: main.c(619): 180 total simple questions (172 phone; 8 word bndry)
INFO: main.c(621): 42 Left Only questions, and 42 Right Only questions
INFO: dtree.c(1524): Final simple tree
|( QUESTION9 1 2.576e+04 3.266e+03 3.326e+03
|    ( WDBNDRY_I 0 1.403e+04 4.168e+02 1.014e+03
|        ( - 1.384e+04 1 0)
|        ( - 6.084e+02 5 0 QUESTION0_0_R 1 3.073e+02 6.611e+01))
|    ( WDBNDRY_I 0 1.500e+04 1.651e+03 2.312e+03
|        ( - 5.176e+03 1 0)
|        ( SILENCE 1 1.147e+04 1.000e+03 1.703e+03
|            ( - 1.351e+03 5 0 QUESTION15 -1 2.510e+02 2.299e+02)
|            ( QUESTION11 1 1.112e+04 6.716e+02 1.473e+03
|                ( - 6.245e+03 29 0 QUESTION2_16_L -1 2.871e+02 5.997e+02)
|                ( QUESTION2_8_L -1 5.550e+03 4.016e+02 8.736e+02
|                    ( QUESTION13 -1 1.923e+03 3.099e+02 4.011e+02
|                        ( - 6.670e+02 5 0 QUESTION0_1_R 1 1.795e+02 7.731e+01)
|                        ( - 1.566e+03 26 0 QUESTION0_14_R 1 2.349e+02 3.238e+02))
|                    ( - 4.029e+03 13 0 QUESTION0_1_R 1 3.009e+02 4.725e+02))))))
s>    ( QUESTION9 1 2.576e+04 3.266e+03 3.326e+03
s>        ( WDBNDRY_I 0 1.403e+04 4.168e+02 1.014e+03
s>            ( - 1.384e+04 1 0)
s>            ( - 6.084e+02 5 0 QUESTION0_0_R 1 3.073e+02 6.611e+01))
s>        ( WDBNDRY_I 0 1.500e+04 1.651e+03 2.312e+03
s>            ( - 5.176e+03 1 0)
s>            ( SILENCE 1 1.147e+04 1.000e+03 1.703e+03
s>                ( - 1.351e+03 5 0 QUESTION15 -1 2.510e+02 2.299e+02)
s>                ( QUESTION11 1 1.112e+04 6.716e+02 1.473e+03
s>                    ( - 6.245e+03 29 0 QUESTION2_16_L -1 2.871e+02 5.997e+02)
s>                    ( QUESTION2_8_L -1 5.550e+03 4.016e+02 8.736e+02
s>                        ( QUESTION13 -1 1.923e+03 3.099e+02 4.011e+02
s>                            ( - 6.670e+02 5 0 QUESTION0_1_R 1 1.795e+02 7.731e+01)
s>                            ( - 1.566e+03 26 0 QUESTION0_14_R 1 2.349e+02 3.238e+02))
s>                        ( - 4.029e+03 13 0 QUESTION0_1_R 1 3.009e+02 4.725e+02))))))INFO: dtree.c(1351): Comp split 0
INFO: dtree.c(1524): Final simple tree
|( WDBNDRY_I 0 1.543e+04 1.636e+03 2.378e+03
|    ( - 5.176e+03 1 0)
|    ( SILENCE 1 1.189e+04 1.013e+03 1.769e+03
|        ( - 1.351e+03 5 0 QUESTION15 -1 2.510e+02 2.299e+02)
|        ( QUESTION11 1 1.156e+04 6.563e+02 1.539e+03
|            ( QUESTION2_16_L -1 6.245e+03 2.871e+02 5.997e+02
|                ( - 3.314e+03 12 0 QUESTION0_3_R 1 2.418e+02 2.411e+02)
|                ( QUESTION13 1 3.219e+03 3.111e+02 3.586e+02
|                    ( - 4.624e+02 1 0)
|                    ( - 3.068e+03 16 0 QUESTION15 -1 2.725e+02 3.426e+02)))
|            ( QUESTION2_8_L -1 5.966e+03 3.873e+02 9.397e+02
|                ( - 2.339e+03 34 0 QUESTION13 -1 2.776e+02 4.572e+02)
|                ( QUESTION0_1_R 1 4.014e+03 3.009e+02 4.825e+02
|                    ( - 2.432e+02 1 0)
|                    ( - 4.072e+03 14 0 QUESTION0_9_R 1 2.210e+02 4.669e+02))))))
s>    ( WDBNDRY_I 0 1.543e+04 1.636e+03 2.378e+03
s>        ( - 5.176e+03 1 0)
s>        ( SILENCE 1 1.189e+04 1.013e+03 1.769e+03
s>            ( - 1.351e+03 5 0 QUESTION15 -1 2.510e+02 2.299e+02)
s>            ( QUESTION11 1 1.156e+04 6.563e+02 1.539e+03
s>                ( QUESTION2_16_L -1 6.245e+03 2.871e+02 5.997e+02
s>                    ( - 3.314e+03 12 0 QUESTION0_3_R 1 2.418e+02 2.411e+02)
s>                    ( QUESTION13 1 3.219e+03 3.111e+02 3.586e+02
s>                        ( - 4.624e+02 1 0)
s>                        ( - 3.068e+03 16 0 QUESTION15 -1 2.725e+02 3.426e+02)))
s>                ( QUESTION2_8_L -1 5.966e+03 3.873e+02 9.397e+02
s>                    ( - 2.339e+03 34 0 QUESTION13 -1 2.776e+02 4.572e+02)
s>                    ( QUESTION0_1_R 1 4.014e+03 3.009e+02 4.825e+02
s>                        ( - 2.432e+02 1 0)
s>                        ( - 4.072e+03 14 0 QUESTION0_9_R 1 2.210e+02 4.669e+02))))))INFO: dtree.c(1351): Comp split 1
INFO: dtree.c(1524): Final simple tree
|( QUESTION11 1 1.156e+04 6.563e+02 1.539e+03
|    ( QUESTION2_16_L -1 6.245e+03 2.871e+02 5.997e+02
|        ( - 3.314e+03 12 0 QUESTION0_3_R 1 2.418e+02 2.411e+02)
|        ( QUESTION13 1 3.219e+03 3.111e+02 3.586e+02
|            ( - 4.624e+02 1 0)
|            ( - 3.068e+03 16 0 QUESTION15 -1 2.725e+02 3.426e+02)))
|    ( QUESTION2_8_L -1 5.966e+03 3.873e+02 9.397e+02
|        ( QUESTION13 -1 2.339e+03 2.776e+02 4.572e+02
|            ( QUESTION0_14_R 1 8.235e+02 2.999e+02 9.943e+01
|                ( - 4.564e+02 1 0)
|                ( - 6.670e+02 5 0 QUESTION0_1_R 1 1.795e+02 7.731e+01))
|            ( - 1.794e+03 28 0 QUESTION0_2_R 1 2.429e+02 3.578e+02))
|        ( QUESTION0_1_R 1 4.014e+03 3.009e+02 4.825e+02
|            ( - 2.432e+02 1 0)
|            ( - 4.072e+03 14 0 QUESTION0_9_R 1 2.210e+02 4.669e+02))))
s>    ( QUESTION11 1 1.156e+04 6.563e+02 1.539e+03
s>        ( QUESTION2_16_L -1 6.245e+03 2.871e+02 5.997e+02
s>            ( - 3.314e+03 12 0 QUESTION0_3_R 1 2.418e+02 2.411e+02)
s>            ( QUESTION13 1 3.219e+03 3.111e+02 3.586e+02
s>                ( - 4.624e+02 1 0)
s>                ( - 3.068e+03 16 0 QUESTION15 -1 2.725e+02 3.426e+02)))
s>        ( QUESTION2_8_L -1 5.966e+03 3.873e+02 9.397e+02
s>            ( QUESTION13 -1 2.339e+03 2.776e+02 4.572e+02
s>                ( QUESTION0_14_R 1 8.235e+02 2.999e+02 9.943e+01
s>                    ( - 4.564e+02 1 0)
s>                    ( - 6.670e+02 5 0 QUESTION0_1_R 1 1.795e+02 7.731e+01))
s>                ( - 1.794e+03 28 0 QUESTION0_2_R 1 2.429e+02 3.578e+02))
s>            ( QUESTION0_1_R 1 4.014e+03 3.009e+02 4.825e+02
s>                ( - 2.432e+02 1 0)
s>                ( - 4.072e+03 14 0 QUESTION0_9_R 1 2.210e+02 4.669e+02))))INFO: dtree.c(1483): stop. leaf nodes are specific
INFO: dtree.c(1524): Final simple tree
|( WDBNDRY_I 0 5.536e+03 9.905e+02 8.386e+02
|    ( - 5.176e+03 1 0)
|    ( QUESTION15 -1 1.351e+03 2.510e+02 2.299e+02
|        ( - 3.954e+02 1 0)
|        ( QUESTION0 -1 1.206e+03 1.709e+02 2.189e+02
|            ( - 2.266e+02 1 0)
|            ( QUESTION13 -1 1.151e+03 1.629e+02 2.099e+02
|                ( - 1.505e+02 1 0)
|                ( WDBNDRY_E 0 1.163e+03 1.568e+02 2.029e+02
|                    ( - 1.036e+03 1 0)
|                    ( - 2.840e+02 1 0))))))
s>    ( WDBNDRY_I 0 5.536e+03 9.905e+02 8.386e+02
s>        ( - 5.176e+03 1 0)
s>        ( QUESTION15 -1 1.351e+03 2.510e+02 2.299e+02
s>            ( - 3.954e+02 1 0)
s>            ( QUESTION0 -1 1.206e+03 1.709e+02 2.189e+02
s>                ( - 2.266e+02 1 0)
s>                ( QUESTION13 -1 1.151e+03 1.629e+02 2.099e+02
s>                    ( - 1.505e+02 1 0)
s>                    ( WDBNDRY_E 0 1.163e+03 1.568e+02 2.029e+02
s>                        ( - 1.036e+03 1 0)
s>                        ( - 2.840e+02 1 0))))))INFO: dtree.c(1351): Comp split 2
INFO: dtree.c(1483): stop. leaf nodes are specific
INFO: dtree.c(1524): Final simple tree
|( QUESTION15 -1 1.351e+03 2.510e+02 2.299e+02
|    ( - 3.954e+02 1 0)
|    ( QUESTION0 -1 1.206e+03 1.709e+02 2.189e+02
|        ( - 2.266e+02 1 0)
|        ( QUESTION13 -1 1.151e+03 1.629e+02 2.099e+02
|            ( - 1.505e+02 1 0)
|            ( WDBNDRY_E 0 1.163e+03 1.568e+02 2.029e+02
|                ( - 1.036e+03 1 0)
|                ( - 2.840e+02 1 0)))))
s>    ( QUESTION15 -1 1.351e+03 2.510e+02 2.299e+02
s>        ( - 3.954e+02 1 0)
s>        ( QUESTION0 -1 1.206e+03 1.709e+02 2.189e+02
s>            ( - 2.266e+02 1 0)
s>            ( QUESTION13 -1 1.151e+03 1.629e+02 2.099e+02
s>                ( - 1.505e+02 1 0)
s>                ( WDBNDRY_E 0 1.163e+03 1.568e+02 2.029e+02
s>                    ( - 1.036e+03 1 0)
s>                    ( - 2.840e+02 1 0)))))INFO: dtree.c(1351): Comp split 3
INFO: dtree.c(1524): Final simple tree
|( QUESTION2_16_L -1 6.485e+03 2.951e+02 6.219e+02
|    ( - 3.561e+03 13 0 QUESTION0_3_R 1 2.304e+02 2.632e+02)
|    ( QUESTION13 1 3.219e+03 3.111e+02 3.586e+02
|        ( - 4.624e+02 1 0)
|        ( QUESTION15 -1 3.068e+03 2.725e+02 3.426e+02
|            ( QUESTION0_0_R 1 7.837e+02 2.810e+02 3.364e+01
|                ( - 7.777e+02 2 0 QUESTION0_3_R 1 2.143e+02 2.664e+01)
|                ( - 2.869e+02 1 0))
|            ( QUESTION0_6_R 1 2.556e+03 2.752e+02 3.090e+02
|                ( - 2.731e+02 1 0)
|                ( QUESTION2 -1 2.558e+03 2.358e+02 2.930e+02
|                    ( - 2.705e+02 1 0)
|                    ( QUESTION0_0_R 1 2.524e+03 2.346e+02 2.840e+02
|                        ( - 2.279e+03 7 0 QUESTION13 -1 2.220e+02 2.560e+02)
|                        ( - 4.798e+02 4 0 QUESTION2_9_L -1 2.378e+02 2.800e+01)))))))
s>    ( QUESTION2_16_L -1 6.485e+03 2.951e+02 6.219e+02
s>        ( - 3.561e+03 13 0 QUESTION0_3_R 1 2.304e+02 2.632e+02)
s>        ( QUESTION13 1 3.219e+03 3.111e+02 3.586e+02
s>            ( - 4.624e+02 1 0)
s>            ( QUESTION15 -1 3.068e+03 2.725e+02 3.426e+02
s>                ( QUESTION0_0_R 1 7.837e+02 2.810e+02 3.364e+01
s>                    ( - 7.777e+02 2 0 QUESTION0_3_R 1 2.143e+02 2.664e+01)
s>                    ( - 2.869e+02 1 0))
s>                ( QUESTION0_6_R 1 2.556e+03 2.752e+02 3.090e+02
s>                    ( - 2.731e+02 1 0)
s>                    ( QUESTION2 -1 2.558e+03 2.358e+02 2.930e+02
s>                        ( - 2.705e+02 1 0)
s>                        ( QUESTION0_0_R 1 2.524e+03 2.346e+02 2.840e+02
s>                            ( - 2.279e+03 7 0 QUESTION13 -1 2.220e+02 2.560e+02)
s>                            ( - 4.798e+02 4 0 QUESTION2_9_L -1 2.378e+02 2.800e+01)))))))INFO: dtree.c(1524): Final simple tree
|( QUESTION2_8_L -1 5.771e+03 3.979e+02 9.176e+02
|    ( QUESTION13 -1 2.155e+03 3.055e+02 4.351e+02
|        ( - 6.670e+02 5 0 QUESTION0_1_R 1 1.795e+02 7.731e+01)
|        ( QUESTION0_2_R 1 1.794e+03 2.429e+02 3.578e+02
|            ( QUESTION2_9_L -1 1.118e+03 3.152e+02 1.394e+02
|                ( - 5.581e+02 1 0)
|                ( QUESTION8 1 8.756e+02 2.976e+02 1.224e+02
|                    ( - 4.586e+02 1 0)
|                    ( - 7.146e+02 7 0 QUESTION0_10_R 1 2.149e+02 1.024e+02)))
|            ( QUESTION8 -1 9.180e+02 2.516e+02 2.184e+02
|                ( - 4.990e+02 2 0 QUESTION0_0_R 1 1.125e+02 2.953e+01)
|                ( - 6.706e+02 17 0 QUESTION0_15_R 1 2.414e+02 1.889e+02))))
|    ( QUESTION0_1_R 1 4.014e+03 3.009e+02 4.825e+02
|        ( - 2.432e+02 1 0)
|        ( - 4.072e+03 14 0 QUESTION0_9_R 1 2.210e+02 4.669e+02)))
s>    ( QUESTION2_8_L -1 5.771e+03 3.979e+02 9.176e+02
s>        ( QUESTION13 -1 2.155e+03 3.055e+02 4.351e+02
s>            ( - 6.670e+02 5 0 QUESTION0_1_R 1 1.795e+02 7.731e+01)
s>            ( QUESTION0_2_R 1 1.794e+03 2.429e+02 3.578e+02
s>                ( QUESTION2_9_L -1 1.118e+03 3.152e+02 1.394e+02
s>                    ( - 5.581e+02 1 0)
s>                    ( QUESTION8 1 8.756e+02 2.976e+02 1.224e+02
s>                        ( - 4.586e+02 1 0)
s>                        ( - 7.146e+02 7 0 QUESTION0_10_R 1 2.149e+02 1.024e+02)))
s>                ( QUESTION8 -1 9.180e+02 2.516e+02 2.184e+02
s>                    ( - 4.990e+02 2 0 QUESTION0_0_R 1 1.125e+02 2.953e+01)
s>                    ( - 6.706e+02 17 0 QUESTION0_15_R 1 2.414e+02 1.889e+02))))
s>        ( QUESTION0_1_R 1 4.014e+03 3.009e+02 4.825e+02
s>            ( - 2.432e+02 1 0)
s>            ( - 4.072e+03 14 0 QUESTION0_9_R 1 2.210e+02 4.669e+02)))INFO: dtree.c(1351): Comp split 4
INFO: dtree.c(1524): Final simple tree
|( QUESTION2_0_L -1 9.077e+02 2.536e+02 2.340e+02
|    ( - 2.432e+02 1 0)
|    ( QUESTION8 -1 9.180e+02 2.516e+02 2.184e+02
|        ( - 4.990e+02 2 0 QUESTION0_0_R 1 1.125e+02 2.953e+01)
|        ( QUESTION0_15_R 1 6.706e+02 2.414e+02 1.889e+02
|            ( WDBNDRY_E 0 3.822e+02 2.433e+02 1.500e+01
|                ( - 3.156e+02 1 0)
|                ( - 3.099e+02 1 0))
|            ( QUESTION12 -1 5.298e+02 2.348e+02 1.739e+02
|                ( QUESTION5 1 5.417e+02 2.561e+02 1.059e+02
|                    ( - 1.565e+02 1 0)
|                    ( QUESTION0_0_R 1 6.413e+02 2.016e+02 1.009e+02
|                        ( - 2.695e+02 1 0)
|                        ( - 5.733e+02 5 0 QUESTION0 1 1.834e+02 8.993e+01)))
|                ( - 2.229e+02 8 0 WDBNDRY_E 0 1.886e+02 6.799e+01)))))
s>    ( QUESTION2_0_L -1 9.077e+02 2.536e+02 2.340e+02
s>        ( - 2.432e+02 1 0)
s>        ( QUESTION8 -1 9.180e+02 2.516e+02 2.184e+02
s>            ( - 4.990e+02 2 0 QUESTION0_0_R 1 1.125e+02 2.953e+01)
s>            ( QUESTION0_15_R 1 6.706e+02 2.414e+02 1.889e+02
s>                ( WDBNDRY_E 0 3.822e+02 2.433e+02 1.500e+01
s>                    ( - 3.156e+02 1 0)
s>                    ( - 3.099e+02 1 0))
s>                ( QUESTION12 -1 5.298e+02 2.348e+02 1.739e+02
s>                    ( QUESTION5 1 5.417e+02 2.561e+02 1.059e+02
s>                        ( - 1.565e+02 1 0)
s>                        ( QUESTION0_0_R 1 6.413e+02 2.016e+02 1.009e+02
s>                            ( - 2.695e+02 1 0)
s>                            ( - 5.733e+02 5 0 QUESTION0 1 1.834e+02 8.993e+01)))
s>                    ( - 2.229e+02 8 0 WDBNDRY_E 0 1.886e+02 6.799e+01)))))INFO: dtree.c(1524): Final simple tree
|( QUESTION2_9_L -1 5.346e+03 3.432e+02 6.836e+02
|    ( - 5.581e+02 1 0)
|    ( QUESTION13 -1 5.131e+03 3.177e+02 6.666e+02
|        ( - 7.340e+02 7 0 QUESTION0 1 1.931e+02 9.256e+01)
|        ( QUESTION0_9_R 1 4.715e+03 2.316e+02 5.740e+02
|            ( SILENCE -1 6.332e+02 2.189e+02 7.187e+01
|                ( - 2.046e+02 1 0)
|                ( QUESTION2_0_L -1 6.475e+02 2.046e+02 6.487e+01
|                    ( - 4.681e+02 1 0)
|                    ( - 3.840e+02 4 0 WDBNDRY_E 0 1.606e+02 4.100e+01)))
|            ( QUESTION2_8_L -1 4.313e+03 2.099e+02 5.021e+02
|                ( QUESTION8 1 7.155e+02 2.549e+02 8.135e+01
|                    ( - 4.586e+02 1 0)
|                    ( - 5.118e+02 3 0 WDBNDRY_E 0 1.962e+02 6.135e+01))
|                ( - 3.808e+03 10 0 QUESTION0_8_R 1 2.041e+02 4.208e+02)))))
s>    ( QUESTION2_9_L -1 5.346e+03 3.432e+02 6.836e+02
s>        ( - 5.581e+02 1 0)
s>        ( QUESTION13 -1 5.131e+03 3.177e+02 6.666e+02
s>            ( - 7.340e+02 7 0 QUESTION0 1 1.931e+02 9.256e+01)
s>            ( QUESTION0_9_R 1 4.715e+03 2.316e+02 5.740e+02
s>                ( SILENCE -1 6.332e+02 2.189e+02 7.187e+01
s>                    ( - 2.046e+02 1 0)
s>                    ( QUESTION2_0_L -1 6.475e+02 2.046e+02 6.487e+01
s>                        ( - 4.681e+02 1 0)
s>                        ( - 3.840e+02 4 0 WDBNDRY_E 0 1.606e+02 4.100e+01)))
s>                ( QUESTION2_8_L -1 4.313e+03 2.099e+02 5.021e+02
s>                    ( QUESTION8 1 7.155e+02 2.549e+02 8.135e+01
s>                        ( - 4.586e+02 1 0)
s>                        ( - 5.118e+02 3 0 WDBNDRY_E 0 1.962e+02 6.135e+01))
s>                    ( - 3.808e+03 10 0 QUESTION0_8_R 1 2.041e+02 4.208e+02)))))INFO: dtree.c(1351): Comp split 5
INFO: dtree.c(1483): stop. leaf nodes are specific
INFO: dtree.c(1524): Final simple tree
|( QUESTION0_5_R 1 7.891e+02 2.371e+02 4.087e+01
|    ( - 5.581e+02 1 0)
|    ( - 4.681e+02 1 0))
s>    ( QUESTION0_5_R 1 7.891e+02 2.371e+02 4.087e+01
s>        ( - 5.581e+02 1 0)
s>        ( - 4.681e+02 1 0))INFO: dtree.c(1524): Final simple tree
|( QUESTION13 -1 4.925e+03 3.208e+02 6.427e+02
|    ( QUESTION0 1 7.340e+02 1.931e+02 9.256e+01
|        ( - 4.294e+02 3 0 QUESTION2_18_L -1 1.608e+02 5.436e+01)
|        ( QUESTION2_0_L -1 4.976e+02 1.991e+02 3.820e+01
|            ( - 2.317e+02 1 0)
|            ( - 4.650e+02 3 0 QUESTION0_0_R 1 1.451e+02 2.795e+01)))
|    ( QUESTION8 1 4.512e+03 1.954e+02 5.501e+02
|        ( WDBNDRY_E 0 3.472e+02 2.621e+02 3.000e+01
|            ( - 4.586e+02 1 0)
|            ( SILENCE -1 1.507e+02 2.034e+02 1.000e+01
|                ( - 2.373e+02 1 0)
|                ( - 1.168e+02 1 0)))
|        ( QUESTION2_8_L -1 4.360e+03 1.912e+02 5.201e+02
|            ( - 7.146e+02 7 0 QUESTION0_10_R 1 2.149e+02 1.024e+02)
|            ( - 3.837e+03 9 0 QUESTION0_8_R 1 2.308e+02 4.178e+02))))
s>    ( QUESTION13 -1 4.925e+03 3.208e+02 6.427e+02
s>        ( QUESTION0 1 7.340e+02 1.931e+02 9.256e+01
s>            ( - 4.294e+02 3 0 QUESTION2_18_L -1 1.608e+02 5.436e+01)
s>            ( QUESTION2_0_L -1 4.976e+02 1.991e+02 3.820e+01
s>                ( - 2.317e+02 1 0)
s>                ( - 4.650e+02 3 0 QUESTION0_0_R 1 1.451e+02 2.795e+01)))
s>        ( QUESTION8 1 4.512e+03 1.954e+02 5.501e+02
s>            ( WDBNDRY_E 0 3.472e+02 2.621e+02 3.000e+01
s>                ( - 4.586e+02 1 0)
s>                ( SILENCE -1 1.507e+02 2.034e+02 1.000e+01
s>                    ( - 2.373e+02 1 0)
s>                    ( - 1.168e+02 1 0)))
s>            ( QUESTION2_8_L -1 4.360e+03 1.912e+02 5.201e+02
s>                ( - 7.146e+02 7 0 QUESTION0_10_R 1 2.149e+02 1.024e+02)
s>                ( - 3.837e+03 9 0 QUESTION0_8_R 1 2.308e+02 4.178e+02))))INFO: dtree.c(1351): Comp split 6
INFO: dtree.c(1524): Final simple tree
|( QUESTION0_14_R 1 4.431e+03 2.026e+02 5.354e+02
|    ( - 2.373e+02 1 0)
|    ( QUESTION13 -1 4.396e+03 1.957e+02 5.304e+02
|        ( - 2.317e+02 1 0)
|        ( QUESTION2_8_L -1 4.360e+03 1.912e+02 5.201e+02
|            ( QUESTION0_10_R 1 7.146e+02 2.149e+02 1.024e+02
|                ( - 5.942e+02 2 0 QUESTION0_11_R 1 1.836e+02 5.135e+01)
|                ( - 3.354e+02 5 0 QUESTION0_5_R 1 1.625e+02 5.100e+01))
|            ( QUESTION0_8_R 1 3.837e+03 2.308e+02 4.178e+02
|                ( SILENCE -1 4.369e+02 2.138e+02 3.200e+01
|                    ( QUESTION0_9_R 1 2.274e+02 1.950e+02 1.600e+01
|                        ( - 2.046e+02 1 0)
|                        ( - 2.178e+02 1 0))
|                    ( - 4.233e+02 1 0))
|                ( - 3.631e+03 6 0 QUESTION0_0_R 1 1.682e+02 3.858e+02)))))
s>    ( QUESTION0_14_R 1 4.431e+03 2.026e+02 5.354e+02
s>        ( - 2.373e+02 1 0)
s>        ( QUESTION13 -1 4.396e+03 1.957e+02 5.304e+02
s>            ( - 2.317e+02 1 0)
s>            ( QUESTION2_8_L -1 4.360e+03 1.912e+02 5.201e+02
s>                ( QUESTION0_10_R 1 7.146e+02 2.149e+02 1.024e+02
s>                    ( - 5.942e+02 2 0 QUESTION0_11_R 1 1.836e+02 5.135e+01)
s>                    ( - 3.354e+02 5 0 QUESTION0_5_R 1 1.625e+02 5.100e+01))
s>                ( QUESTION0_8_R 1 3.837e+03 2.308e+02 4.178e+02
s>                    ( SILENCE -1 4.369e+02 2.138e+02 3.200e+01
s>                        ( QUESTION0_9_R 1 2.274e+02 1.950e+02 1.600e+01
s>                            ( - 2.046e+02 1 0)
s>                            ( - 2.178e+02 1 0))
s>                        ( - 4.233e+02 1 0))
s>                    ( - 3.631e+03 6 0 QUESTION0_0_R 1 1.682e+02 3.858e+02)))))INFO: dtree.c(1524): Final simple tree
|( QUESTION0_8_R 1 8.678e+02 2.890e+02 1.073e+02
|    ( WDBNDRY_E 0 5.683e+02 1.611e+02 2.700e+01
|        ( - 4.586e+02 1 0)
|        ( - 2.708e+02 1 0))
|    ( QUESTION4 1 5.885e+02 1.709e+02 8.031e+01
|        ( - 2.931e+02 1 0)
|        ( QUESTION2_18_L -1 4.663e+02 1.568e+02 6.536e+01
|            ( QUESTION0_0_R 1 3.545e+02 1.403e+02 4.236e+01
|                ( - 2.974e+02 1 0)
|                ( - 1.974e+02 1 0))
|            ( QUESTION0_1_R 1 2.687e+02 1.460e+02 2.300e+01
|                ( - 2.384e+02 1 0)
|                ( QUESTION0_0_R 1 1.763e+02 1.365e+02 1.000e+01
|                    ( - 1.960e+02 1 0)
|                    ( - 1.168e+02 1 0))))))
s>    ( QUESTION0_8_R 1 8.678e+02 2.890e+02 1.073e+02
s>        ( WDBNDRY_E 0 5.683e+02 1.611e+02 2.700e+01
s>            ( - 4.586e+02 1 0)
s>            ( - 2.708e+02 1 0))
s>        ( QUESTION4 1 5.885e+02 1.709e+02 8.031e+01
s>            ( - 2.931e+02 1 0)
s>            ( QUESTION2_18_L -1 4.663e+02 1.568e+02 6.536e+01
s>                ( QUESTION0_0_R 1 3.545e+02 1.403e+02 4.236e+01
s>                    ( - 2.974e+02 1 0)
s>                    ( - 1.974e+02 1 0))
s>                ( QUESTION0_1_R 1 2.687e+02 1.460e+02 2.300e+01
s>                    ( - 2.384e+02 1 0)
s>                    ( QUESTION0_0_R 1 1.763e+02 1.365e+02 1.000e+01
s>                        ( - 1.960e+02 1 0)
s>                        ( - 1.168e+02 1 0))))))INFO: dtree.c(1351): Comp split 7
INFO: dtree.c(1483): stop. leaf nodes are specific
INFO: dtree.c(1524): Final simple tree
|( QUESTION16 1 1.229e+03 3.004e+02 8.659e+01
|    ( WDBNDRY_E 0 3.022e+02 1.936e+02 1.895e+01
|        ( - 2.731e+02 1 0)
|        ( - 2.227e+02 1 0))
|    ( QUESTION13 1 1.228e+03 2.718e+02 6.764e+01
|        ( - 4.624e+02 1 0)
|        ( QUESTION0_0_R 1 1.037e+03 2.122e+02 5.164e+01
|            ( - 7.693e+02 1 0)
|            ( QUESTION2_9_L -1 4.798e+02 2.378e+02 2.800e+01
|                ( - 2.550e+02 1 0)
|                ( WDBNDRY_E 0 4.626e+02 1.527e+02 2.400e+01
|                    ( - 2.577e+02 2 0)
|                    ( - 3.576e+02 1 0))))))
s>    ( QUESTION16 1 1.229e+03 3.004e+02 8.659e+01
s>        ( WDBNDRY_E 0 3.022e+02 1.936e+02 1.895e+01
s>            ( - 2.731e+02 1 0)
s>            ( - 2.227e+02 1 0))
s>        ( QUESTION13 1 1.228e+03 2.718e+02 6.764e+01
s>            ( - 4.624e+02 1 0)
s>            ( QUESTION0_0_R 1 1.037e+03 2.122e+02 5.164e+01
s>                ( - 7.693e+02 1 0)
s>                ( QUESTION2_9_L -1 4.798e+02 2.378e+02 2.800e+01
s>                    ( - 2.550e+02 1 0)
s>                    ( WDBNDRY_E 0 4.626e+02 1.527e+02 2.400e+01
s>                        ( - 2.577e+02 2 0)
s>                        ( - 3.576e+02 1 0))))))INFO: dtree.c(1524): Final simple tree
|( QUESTION2_16_L -1 5.623e+03 2.978e+02 5.353e+02
|    ( QUESTION0_3_R 1 3.561e+03 2.304e+02 2.632e+02
|        ( - 2.746e+02 2 0 QUESTION0 -1 1.748e+02 1.900e+01)
|        ( QUESTION0_14_R 1 3.517e+03 2.203e+02 2.442e+02
|            ( - 4.564e+02 1 0)
|            ( QUESTION0 -1 3.281e+03 2.490e+02 2.221e+02
|                ( - 1.672e+03 5 0 QUESTION0_0_R 1 1.916e+02 1.168e+02)
|                ( - 1.858e+03 5 0 QUESTION0_6_R 1 2.104e+02 1.053e+02))))
|    ( QUESTION15 -1 2.359e+03 2.441e+02 2.720e+02
|        ( - 2.869e+02 1 0)
|        ( QUESTION0_0_R 1 2.317e+03 2.325e+02 2.650e+02
|            ( QUESTION13 -1 2.279e+03 2.220e+02 2.560e+02
|                ( - 2.033e+02 1 0)
|                ( - 2.297e+03 6 0 QUESTION0_3_R 1 2.051e+02 2.530e+02))
|            ( - 2.705e+02 1 0))))
s>    ( QUESTION2_16_L -1 5.623e+03 2.978e+02 5.353e+02
s>        ( QUESTION0_3_R 1 3.561e+03 2.304e+02 2.632e+02
s>            ( - 2.746e+02 2 0 QUESTION0 -1 1.748e+02 1.900e+01)
s>            ( QUESTION0_14_R 1 3.517e+03 2.203e+02 2.442e+02
s>                ( - 4.564e+02 1 0)
s>                ( QUESTION0 -1 3.281e+03 2.490e+02 2.221e+02
s>                    ( - 1.672e+03 5 0 QUESTION0_0_R 1 1.916e+02 1.168e+02)
s>                    ( - 1.858e+03 5 0 QUESTION0_6_R 1 2.104e+02 1.053e+02))))
s>        ( QUESTION15 -1 2.359e+03 2.441e+02 2.720e+02
s>            ( - 2.869e+02 1 0)
s>            ( QUESTION0_0_R 1 2.317e+03 2.325e+02 2.650e+02
s>                ( QUESTION13 -1 2.279e+03 2.220e+02 2.560e+02
s>                    ( - 2.033e+02 1 0)
s>                    ( - 2.297e+03 6 0 QUESTION0_3_R 1 2.051e+02 2.530e+02))
s>                ( - 2.705e+02 1 0))))INFO: dtree.c(1351): Comp split 8
INFO: dtree.c(1524): Final simple tree
|( QUESTION0_14_R 1 2.979e+02 2.532e+02 8.799e+01
|    ( WDBNDRY_E 0 3.822e+02 2.433e+02 1.500e+01
|        ( - 3.156e+02 1 0)
|        ( - 3.099e+02 1 0))
|    ( QUESTION12 -1 1.689e+02 2.105e+02 7.299e+01
|        ( - 1.565e+02 1 0)
|        ( WDBNDRY_E 0 2.229e+02 1.886e+02 6.799e+01
|            ( - 1.787e+02 1 0)
|            ( QUESTION0_0_R 1 2.329e+02 1.759e+02 5.999e+01
|                ( - 1.629e+02 2 0 QUESTION2_9_L -1 1.676e+02 1.600e+01)
|                ( QUESTION2 -1 2.459e+02 1.728e+02 4.399e+01
|                    ( - 1.516e+02 1 0)
|                    ( QUESTION5 1 2.671e+02 1.689e+02 3.599e+01
|                        ( - 1.505e+02 1 0)
|                        ( - 2.855e+02 3 0 QUESTION2_9_L -1 1.396e+02 3.199e+01)))))))
s>    ( QUESTION0_14_R 1 2.979e+02 2.532e+02 8.799e+01
s>        ( WDBNDRY_E 0 3.822e+02 2.433e+02 1.500e+01
s>            ( - 3.156e+02 1 0)
s>            ( - 3.099e+02 1 0))
s>        ( QUESTION12 -1 1.689e+02 2.105e+02 7.299e+01
s>            ( - 1.565e+02 1 0)
s>            ( WDBNDRY_E 0 2.229e+02 1.886e+02 6.799e+01
s>                ( - 1.787e+02 1 0)
s>                ( QUESTION0_0_R 1 2.329e+02 1.759e+02 5.999e+01
s>                    ( - 1.629e+02 2 0 QUESTION2_9_L -1 1.676e+02 1.600e+01)
s>                    ( QUESTION2 -1 2.459e+02 1.728e+02 4.399e+01
s>                        ( - 1.516e+02 1 0)
s>                        ( QUESTION5 1 2.671e+02 1.689e+02 3.599e+01
s>                            ( - 1.505e+02 1 0)
s>                            ( - 2.855e+02 3 0 QUESTION2_9_L -1 1.396e+02 3.199e+01)))))))INFO: dtree.c(1483): stop. leaf nodes are specific
INFO: dtree.c(1524): Final simple tree
|( QUESTION0 -1 9.582e+02 2.239e+02 1.461e+02
|    ( - 2.432e+02 1 0)
|    ( WDBNDRY_E 0 9.389e+02 2.014e+02 1.305e+02
|        ( QUESTION0_0_R 1 6.413e+02 2.016e+02 1.009e+02
|            ( - 2.695e+02 1 0)
|            ( QUESTION0 1 5.733e+02 1.834e+02 8.993e+01
|                ( - 3.331e+02 3 0)
|                ( QUESTION0_13_R 1 4.236e+02 1.719e+02 3.482e+01
|                    ( - 3.427e+02 1 0)
|                    ( - 2.528e+02 1 0))))
|        ( QUESTION0_0_R 1 4.990e+02 1.125e+02 2.953e+01
|            ( - 3.961e+02 1 0)
|            ( - 2.153e+02 1 0))))
s>    ( QUESTION0 -1 9.582e+02 2.239e+02 1.461e+02
s>        ( - 2.432e+02 1 0)
s>        ( WDBNDRY_E 0 9.389e+02 2.014e+02 1.305e+02
s>            ( QUESTION0_0_R 1 6.413e+02 2.016e+02 1.009e+02
s>                ( - 2.695e+02 1 0)
s>                ( QUESTION0 1 5.733e+02 1.834e+02 8.993e+01
s>                    ( - 3.331e+02 3 0)
s>                    ( QUESTION0_13_R 1 4.236e+02 1.719e+02 3.482e+01
s>                        ( - 3.427e+02 1 0)
s>                        ( - 2.528e+02 1 0))))
s>            ( QUESTION0_0_R 1 4.990e+02 1.125e+02 2.953e+01
s>                ( - 3.961e+02 1 0)
s>                ( - 2.153e+02 1 0))))INFO: dtree.c(1351): Comp split 9
INFO: dtree.c(1524): Final simple tree
|( QUESTION2_16_L -1 5.326e+03 2.900e+02 4.841e+02
|    ( QUESTION0 -1 3.281e+03 2.490e+02 2.221e+02
|        ( QUESTION0_0_R 1 1.672e+03 1.916e+02 1.168e+02
|            ( - 1.677e+03 4 0 WDBNDRY_E 0 1.684e+02 1.128e+02)
|            ( - 1.869e+02 1 0))
|        ( QUESTION0_6_R 1 1.858e+03 2.104e+02 1.053e+02
|            ( - 3.203e+02 1 0)
|            ( - 1.748e+03 4 0 QUESTION0_0_R 1 1.374e+02 9.731e+01)))
|    ( QUESTION0_0_R 1 2.335e+03 2.327e+02 2.620e+02
|        ( QUESTION0_3_R 1 2.297e+03 2.051e+02 2.530e+02
|            ( - 2.180e+02 2 0 WDBNDRY_E 0 1.547e+02 1.500e+01)
|            ( QUESTION2_9_L -1 2.284e+03 2.151e+02 2.380e+02
|                ( - 3.736e+02 2 0)
|                ( - 2.126e+03 2 0 WDBNDRY_E 0 1.271e+02 2.058e+02)))
|        ( - 2.705e+02 1 0)))
s>    ( QUESTION2_16_L -1 5.326e+03 2.900e+02 4.841e+02
s>        ( QUESTION0 -1 3.281e+03 2.490e+02 2.221e+02
s>            ( QUESTION0_0_R 1 1.672e+03 1.916e+02 1.168e+02
s>                ( - 1.677e+03 4 0 WDBNDRY_E 0 1.684e+02 1.128e+02)
s>                ( - 1.869e+02 1 0))
s>            ( QUESTION0_6_R 1 1.858e+03 2.104e+02 1.053e+02
s>                ( - 3.203e+02 1 0)
s>                ( - 1.748e+03 4 0 QUESTION0_0_R 1 1.374e+02 9.731e+01)))
s>        ( QUESTION0_0_R 1 2.335e+03 2.327e+02 2.620e+02
s>            ( QUESTION0_3_R 1 2.297e+03 2.051e+02 2.530e+02
s>                ( - 2.180e+02 2 0 WDBNDRY_E 0 1.547e+02 1.500e+01)
s>                ( QUESTION2_9_L -1 2.284e+03 2.151e+02 2.380e+02
s>                    ( - 3.736e+02 2 0)
s>                    ( - 2.126e+03 2 0 WDBNDRY_E 0 1.271e+02 2.058e+02)))
s>            ( - 2.705e+02 1 0)))INFO: dtree.c(1483): stop. leaf nodes are specific
INFO: dtree.c(1524): Final simple tree
|( QUESTION0 -1 6.150e+02 2.136e+02 5.112e+01
|    ( - 3.128e+02 1 0)
|    ( QUESTION0_4_R 1 5.159e+02 2.069e+02 4.112e+01
|        ( - 2.033e+02 1 0)
|        ( QUESTION0_13_R 1 5.194e+02 1.957e+02 3.812e+01
|            ( - 2.869e+02 1 0)
|            ( QUESTION0_0_R 1 4.282e+02 1.649e+02 3.112e+01
|                ( - 1.367e+02 1 0)
|                ( - 4.564e+02 1 0)))))
s>    ( QUESTION0 -1 6.150e+02 2.136e+02 5.112e+01
s>        ( - 3.128e+02 1 0)
s>        ( QUESTION0_4_R 1 5.159e+02 2.069e+02 4.112e+01
s>            ( - 2.033e+02 1 0)
s>            ( QUESTION0_13_R 1 5.194e+02 1.957e+02 3.812e+01
s>                ( - 2.869e+02 1 0)
s>                ( QUESTION0_0_R 1 4.282e+02 1.649e+02 3.112e+01
s>                    ( - 1.367e+02 1 0)
s>                    ( - 4.564e+02 1 0)))))INFO: dtree.c(1351): Comp split 10
INFO: dtree.c(1483): stop. leaf nodes are specific
INFO: dtree.c(1524): Final simple tree
|( QUESTION2 -1 2.344e+03 2.330e+02 2.660e+02
|    ( - 2.705e+02 1 0)
|    ( QUESTION0_4_R 1 2.306e+03 2.078e+02 2.570e+02
|        ( QUESTION2_9_L -1 2.284e+03 2.151e+02 2.380e+02
|            ( - 3.736e+02 2 0)
|            ( WDBNDRY_E 0 2.126e+03 1.271e+02 2.058e+02
|                ( - 9.726e+02 1 0)
|                ( - 1.280e+03 1 0)))
|        ( QUESTION0_0_R 1 2.294e+02 1.754e+02 1.900e+01
|            ( WDBNDRY_E 0 2.180e+02 1.547e+02 1.500e+01
|                ( - 1.736e+02 1 0)
|                ( - 1.991e+02 1 0))
|            ( - 1.869e+02 1 0))))
s>    ( QUESTION2 -1 2.344e+03 2.330e+02 2.660e+02
s>        ( - 2.705e+02 1 0)
s>        ( QUESTION0_4_R 1 2.306e+03 2.078e+02 2.570e+02
s>            ( QUESTION2_9_L -1 2.284e+03 2.151e+02 2.380e+02
s>                ( - 3.736e+02 2 0)
s>                ( WDBNDRY_E 0 2.126e+03 1.271e+02 2.058e+02
s>                    ( - 9.726e+02 1 0)
s>                    ( - 1.280e+03 1 0)))
s>            ( QUESTION0_0_R 1 2.294e+02 1.754e+02 1.900e+01
s>                ( WDBNDRY_E 0 2.180e+02 1.547e+02 1.500e+01
s>                    ( - 1.736e+02 1 0)
s>                    ( - 1.991e+02 1 0))
s>                ( - 1.869e+02 1 0))))INFO: dtree.c(1483): stop. leaf nodes are specific
INFO: dtree.c(1524): Final simple tree
|( QUESTION0 -1 3.299e+03 2.353e+02 2.181e+02
|    ( WDBNDRY_E 0 1.677e+03 1.684e+02 1.128e+02
|        ( - 3.070e+02 1 0)
|        ( - 1.538e+03 3 0))
|    ( QUESTION0_6_R 1 1.858e+03 2.104e+02 1.053e+02
|        ( - 3.203e+02 1 0)
|        ( QUESTION0_0_R 1 1.748e+03 1.374e+02 9.731e+01
|            ( QUESTION2 -1 1.233e+03 1.459e+02 7.102e+01
|                ( - 5.116e+02 1 0)
|                ( - 8.669e+02 1 0))
|            ( QUESTION2 -1 6.525e+02 1.601e+02 2.629e+01
|                ( - 6.382e+02 1 0)
|                ( - 1.744e+02 1 0)))))
s>    ( QUESTION0 -1 3.299e+03 2.353e+02 2.181e+02
s>        ( WDBNDRY_E 0 1.677e+03 1.684e+02 1.128e+02
s>            ( - 3.070e+02 1 0)
s>            ( - 1.538e+03 3 0))
s>        ( QUESTION0_6_R 1 1.858e+03 2.104e+02 1.053e+02
s>            ( - 3.203e+02 1 0)
s>            ( QUESTION0_0_R 1 1.748e+03 1.374e+02 9.731e+01
s>                ( QUESTION2 -1 1.233e+03 1.459e+02 7.102e+01
s>                    ( - 5.116e+02 1 0)
s>                    ( - 8.669e+02 1 0))
s>                ( QUESTION2 -1 6.525e+02 1.601e+02 2.629e+01
s>                    ( - 6.382e+02 1 0)
s>                    ( - 1.744e+02 1 0)))))INFO: dtree.c(1351): Comp split 11
INFO: dtree.c(1483): stop. leaf nodes are specific
INFO: dtree.c(1524): Final simple tree
|( QUESTION0_0_R 1 3.068e+02 2.504e+02 2.295e+01
|    ( WDBNDRY_E 0 3.022e+02 1.936e+02 1.895e+01
|        ( - 2.731e+02 1 0)
|        ( - 2.227e+02 1 0))
|    ( - 2.550e+02 1 0))
s>    ( QUESTION0_0_R 1 3.068e+02 2.504e+02 2.295e+01
s>        ( WDBNDRY_E 0 3.022e+02 1.936e+02 1.895e+01
s>            ( - 2.731e+02 1 0)
s>            ( - 2.227e+02 1 0))
s>        ( - 2.550e+02 1 0))INFO: dtree.c(1483): stop. leaf nodes are specific
INFO: dtree.c(1524): Final simple tree
|( QUESTION13 1 1.239e+03 2.647e+02 6.364e+01
|    ( - 4.624e+02 1 0)
|    ( QUESTION0_0_R 1 1.041e+03 1.908e+02 4.764e+01
|        ( - 7.693e+02 1 0)
|        ( WDBNDRY_E 0 4.626e+02 1.527e+02 2.400e+01
|            ( - 2.577e+02 2 0)
|            ( - 3.576e+02 1 0))))
s>    ( QUESTION13 1 1.239e+03 2.647e+02 6.364e+01
s>        ( - 4.624e+02 1 0)
s>        ( QUESTION0_0_R 1 1.041e+03 1.908e+02 4.764e+01
s>            ( - 7.693e+02 1 0)
s>            ( WDBNDRY_E 0 4.626e+02 1.527e+02 2.400e+01
s>                ( - 2.577e+02 2 0)
s>                ( - 3.576e+02 1 0))))INFO: dtree.c(1351): Comp split 12
INFO: dtree.c(1483): stop. leaf nodes are specific
INFO: dtree.c(1524): Final simple tree
|( QUESTION0_13_R 1 3.882e+02 2.073e+02 4.199e+01
|    ( QUESTION2_9_L -1 2.855e+02 1.396e+02 3.199e+01
|        ( QUESTION0 -1 2.375e+02 7.344e+01 1.400e+01
|            ( - 1.365e+02 1 0)
|            ( - 1.745e+02 1 0))
|        ( - 1.876e+02 1 0))
|    ( - 3.099e+02 1 0))
s>    ( QUESTION0_13_R 1 3.882e+02 2.073e+02 4.199e+01
s>        ( QUESTION2_9_L -1 2.855e+02 1.396e+02 3.199e+01
s>            ( QUESTION0 -1 2.375e+02 7.344e+01 1.400e+01
s>                ( - 1.365e+02 1 0)
s>                ( - 1.745e+02 1 0))
s>            ( - 1.876e+02 1 0))
s>        ( - 3.099e+02 1 0))INFO: dtree.c(1483): stop. leaf nodes are specific
INFO: dtree.c(1524): Final simple tree
|( QUESTION0_14_R 1 2.051e+02 2.483e+02 4.600e+01
|    ( - 3.156e+02 1 0)
|    ( QUESTION11 -1 1.378e+02 2.019e+02 4.100e+01
|        ( - 1.565e+02 1 0)
|        ( QUESTION4 1 1.832e+02 1.596e+02 3.600e+01
|            ( WDBNDRY_E 0 1.838e+02 1.465e+02 1.600e+01
|                ( - 1.787e+02 1 0)
|                ( - 1.516e+02 1 0))
|            ( QUESTION0_0_R 1 1.590e+02 1.544e+02 2.000e+01
|                ( QUESTION2_9_L -1 1.629e+02 1.676e+02 1.600e+01
|                    ( - 1.892e+02 1 0)
|                    ( - 1.413e+02 1 0))
|                ( - 1.505e+02 1 0)))))
s>    ( QUESTION0_14_R 1 2.051e+02 2.483e+02 4.600e+01
s>        ( - 3.156e+02 1 0)
s>        ( QUESTION11 -1 1.378e+02 2.019e+02 4.100e+01
s>            ( - 1.565e+02 1 0)
s>            ( QUESTION4 1 1.832e+02 1.596e+02 3.600e+01
s>                ( WDBNDRY_E 0 1.838e+02 1.465e+02 1.600e+01
s>                    ( - 1.787e+02 1 0)
s>                    ( - 1.516e+02 1 0))
s>                ( QUESTION0_0_R 1 1.590e+02 1.544e+02 2.000e+01
s>                    ( QUESTION2_9_L -1 1.629e+02 1.676e+02 1.600e+01
s>                        ( - 1.892e+02 1 0)
s>                        ( - 1.413e+02 1 0))
s>                    ( - 1.505e+02 1 0)))))INFO: dtree.c(1351): Comp split 13
INFO: dtree.c(1483): stop. leaf nodes are specific
INFO: dtree.c(1524): Final simple tree
|( QUESTION4 1 5.885e+02 1.709e+02 8.031e+01
|    ( - 2.931e+02 1 0)
|    ( QUESTION2_18_L -1 4.663e+02 1.568e+02 6.536e+01
|        ( QUESTION0_0_R 1 3.545e+02 1.403e+02 4.236e+01
|            ( - 2.974e+02 1 0)
|            ( - 1.974e+02 1 0))
|        ( QUESTION0_1_R 1 2.687e+02 1.460e+02 2.300e+01
|            ( - 2.384e+02 1 0)
|            ( QUESTION0_0_R 1 1.763e+02 1.365e+02 1.000e+01
|                ( - 1.960e+02 1 0)
|                ( - 1.168e+02 1 0)))))
s>    ( QUESTION4 1 5.885e+02 1.709e+02 8.031e+01
s>        ( - 2.931e+02 1 0)
s>        ( QUESTION2_18_L -1 4.663e+02 1.568e+02 6.536e+01
s>            ( QUESTION0_0_R 1 3.545e+02 1.403e+02 4.236e+01
s>                ( - 2.974e+02 1 0)
s>                ( - 1.974e+02 1 0))
s>            ( QUESTION0_1_R 1 2.687e+02 1.460e+02 2.300e+01
s>                ( - 2.384e+02 1 0)
s>                ( QUESTION0_0_R 1 1.763e+02 1.365e+02 1.000e+01
s>                    ( - 1.960e+02 1 0)
s>                    ( - 1.168e+02 1 0)))))INFO: dtree.c(1483): stop. leaf nodes are specific
INFO: dtree.c(1524): Final simple tree
|( WDBNDRY_E 0 5.683e+02 1.611e+02 2.700e+01
|    ( - 4.586e+02 1 0)
|    ( - 2.708e+02 1 0))
s>    ( WDBNDRY_E 0 5.683e+02 1.611e+02 2.700e+01
s>        ( - 4.586e+02 1 0)
s>        ( - 2.708e+02 1 0))INFO: dtree.c(1351): Comp split 14
INFO: dtree.c(1483): stop. leaf nodes are specific
INFO: dtree.c(1524): Final simple tree
|( SILENCE -1 4.328e+02 1.950e+02 2.300e+01
|    ( - 2.046e+02 1 0)
|    ( - 4.233e+02 1 0))
s>    ( SILENCE -1 4.328e+02 1.950e+02 2.300e+01
s>        ( - 2.046e+02 1 0)
s>        ( - 4.233e+02 1 0))INFO: dtree.c(1524): Final simple tree
|( QUESTION0_14_R 1 4.274e+03 2.031e+02 5.124e+02
|    ( - 2.373e+02 1 0)
|    ( QUESTION13 -1 4.240e+03 1.949e+02 5.074e+02
|        ( - 2.317e+02 1 0)
|        ( QUESTION0_9_R 1 4.203e+03 1.848e+02 4.971e+02
|            ( - 3.840e+02 4 0 WDBNDRY_E 0 1.606e+02 4.100e+01)
|            ( QUESTION2_16_L -1 4.004e+03 1.920e+02 4.561e+02
|                ( - 1.138e+02 1 0)
|                ( WDBNDRY_E 0 4.082e+03 1.840e+02 4.461e+02
|                    ( QUESTION0_11_R 1 5.942e+02 1.836e+02 5.135e+01
|                        ( - 4.656e+02 1 0)
|                        ( - 3.122e+02 1 0))
|                    ( QUESTION0_8_R 1 3.672e+03 1.765e+02 3.948e+02
|                        ( - 2.178e+02 1 0)
|                        ( - 3.631e+03 6 0 QUESTION0_0_R 1 1.682e+02 3.858e+02)))))))
s>    ( QUESTION0_14_R 1 4.274e+03 2.031e+02 5.124e+02
s>        ( - 2.373e+02 1 0)
s>        ( QUESTION13 -1 4.240e+03 1.949e+02 5.074e+02
s>            ( - 2.317e+02 1 0)
s>            ( QUESTION0_9_R 1 4.203e+03 1.848e+02 4.971e+02
s>                ( - 3.840e+02 4 0 WDBNDRY_E 0 1.606e+02 4.100e+01)
s>                ( QUESTION2_16_L -1 4.004e+03 1.920e+02 4.561e+02
s>                    ( - 1.138e+02 1 0)
s>                    ( WDBNDRY_E 0 4.082e+03 1.840e+02 4.461e+02
s>                        ( QUESTION0_11_R 1 5.942e+02 1.836e+02 5.135e+01
s>                            ( - 4.656e+02 1 0)
s>                            ( - 3.122e+02 1 0))
s>                        ( QUESTION0_8_R 1 3.672e+03 1.765e+02 3.948e+02
s>                            ( - 2.178e+02 1 0)
s>                            ( - 3.631e+03 6 0 QUESTION0_0_R 1 1.682e+02 3.858e+02)))))))INFO: dtree.c(1351): Comp split 15
INFO: dtree.c(1483): stop. leaf nodes are specific
INFO: dtree.c(1524): Final simple tree
|( QUESTION0_0_R 1 1.041e+03 1.908e+02 4.764e+01
|    ( - 7.693e+02 1 0)
|    ( WDBNDRY_E 0 4.626e+02 1.527e+02 2.400e+01
|        ( - 2.577e+02 2 0)
|        ( - 3.576e+02 1 0)))
s>    ( QUESTION0_0_R 1 1.041e+03 1.908e+02 4.764e+01
s>        ( - 7.693e+02 1 0)
s>        ( WDBNDRY_E 0 4.626e+02 1.527e+02 2.400e+01
s>            ( - 2.577e+02 2 0)
s>            ( - 3.576e+02 1 0)))INFO: dtree.c(1351): Comp split 16
INFO: dtree.c(1483): stop. leaf nodes are specific
INFO: dtree.c(1524): Final simple tree
|( QUESTION0_7_R 1 2.018e+03 1.759e+02 1.143e+02
|    ( QUESTION2 -1 1.233e+03 1.459e+02 7.102e+01
|        ( - 5.116e+02 1 0)
|        ( - 8.669e+02 1 0))
|    ( QUESTION11 -1 9.610e+02 1.608e+02 4.329e+01
|        ( QUESTION0_0_R 1 3.238e+02 1.710e+02 1.400e+01
|            ( - 3.203e+02 1 0)
|            ( - 1.744e+02 1 0))
|        ( WDBNDRY_E 0 7.980e+02 1.472e+02 2.929e+01
|            ( - 3.070e+02 1 0)
|            ( - 6.382e+02 1 0))))
s>    ( QUESTION0_7_R 1 2.018e+03 1.759e+02 1.143e+02
s>        ( QUESTION2 -1 1.233e+03 1.459e+02 7.102e+01
s>            ( - 5.116e+02 1 0)
s>            ( - 8.669e+02 1 0))
s>        ( QUESTION11 -1 9.610e+02 1.608e+02 4.329e+01
s>            ( QUESTION0_0_R 1 3.238e+02 1.710e+02 1.400e+01
s>                ( - 3.203e+02 1 0)
s>                ( - 1.744e+02 1 0))
s>            ( WDBNDRY_E 0 7.980e+02 1.472e+02 2.929e+01
s>                ( - 3.070e+02 1 0)
s>                ( - 6.382e+02 1 0))))INFO: dtree.c(1351): Comp split 17
INFO: dtree.c(1483): stop. leaf nodes are specific
INFO: dtree.c(1524): Final simple tree
|( QUESTION0 -1 1.206e+03 1.709e+02 2.189e+02
|    ( - 2.266e+02 1 0)
|    ( QUESTION13 -1 1.151e+03 1.629e+02 2.099e+02
|        ( - 1.505e+02 1 0)
|        ( WDBNDRY_E 0 1.163e+03 1.568e+02 2.029e+02
|            ( - 1.036e+03 1 0)
|            ( - 2.840e+02 1 0))))
s>    ( QUESTION0 -1 1.206e+03 1.709e+02 2.189e+02
s>        ( - 2.266e+02 1 0)
s>        ( QUESTION13 -1 1.151e+03 1.629e+02 2.099e+02
s>            ( - 1.505e+02 1 0)
s>            ( WDBNDRY_E 0 1.163e+03 1.568e+02 2.029e+02
s>                ( - 1.036e+03 1 0)
s>                ( - 2.840e+02 1 0))))INFO: dtree.c(1351): Comp split 18
INFO: dtree.c(1483): stop. leaf nodes are specific
INFO: dtree.c(1524): Final simple tree
|( WDBNDRY_E 0 3.022e+02 1.936e+02 1.895e+01
|    ( - 2.731e+02 1 0)
|    ( - 2.227e+02 1 0))
s>    ( WDBNDRY_E 0 3.022e+02 1.936e+02 1.895e+01
s>        ( - 2.731e+02 1 0)
s>        ( - 2.227e+02 1 0))INFO: dtree.c(1351): Comp split 19
INFO: dtree.c(1483): stop. leaf nodes are specific
INFO: dtree.c(1524): Final simple tree
|( QUESTION11 -1 1.378e+02 2.019e+02 4.100e+01
|    ( - 1.565e+02 1 0)
|    ( QUESTION4 1 1.832e+02 1.596e+02 3.600e+01
|        ( WDBNDRY_E 0 1.838e+02 1.465e+02 1.600e+01
|            ( - 1.787e+02 1 0)
|            ( - 1.516e+02 1 0))
|        ( QUESTION0_0_R 1 1.590e+02 1.544e+02 2.000e+01
|            ( QUESTION2_9_L -1 1.629e+02 1.676e+02 1.600e+01
|                ( - 1.892e+02 1 0)
|                ( - 1.413e+02 1 0))
|            ( - 1.505e+02 1 0))))
s>    ( QUESTION11 -1 1.378e+02 2.019e+02 4.100e+01
s>        ( - 1.565e+02 1 0)
s>        ( QUESTION4 1 1.832e+02 1.596e+02 3.600e+01
s>            ( WDBNDRY_E 0 1.838e+02 1.465e+02 1.600e+01
s>                ( - 1.787e+02 1 0)
s>                ( - 1.516e+02 1 0))
s>            ( QUESTION0_0_R 1 1.590e+02 1.544e+02 2.000e+01
s>                ( QUESTION2_9_L -1 1.629e+02 1.676e+02 1.600e+01
s>                    ( - 1.892e+02 1 0)
s>                    ( - 1.413e+02 1 0))
s>                ( - 1.505e+02 1 0))))INFO: dtree.c(1351): Comp split 20
INFO: dtree.c(1483): stop. leaf nodes are specific
INFO: dtree.c(1524): Final simple tree
|( WDBNDRY_E 0 2.584e+02 1.857e+02 1.600e+01
|    ( - 1.736e+02 1 0)
|    ( - 2.705e+02 1 0))
s>    ( WDBNDRY_E 0 2.584e+02 1.857e+02 1.600e+01
s>        ( - 1.736e+02 1 0)
s>        ( - 2.705e+02 1 0))INFO: dtree.c(1483): stop. leaf nodes are specific
INFO: dtree.c(1524): Final simple tree
|( QUESTION2_9_L -1 2.328e+03 2.107e+02 2.500e+02
|    ( QUESTION0_3_R 1 4.013e+02 1.714e+02 4.021e+01
|        ( - 1.991e+02 1 0)
|        ( - 3.736e+02 2 0))
|    ( QUESTION0_0_R 1 2.137e+03 1.755e+02 2.098e+02
|        ( WDBNDRY_E 0 2.126e+03 1.271e+02 2.058e+02
|            ( - 9.726e+02 1 0)
|            ( - 1.280e+03 1 0))
|        ( - 1.869e+02 1 0)))
s>    ( QUESTION2_9_L -1 2.328e+03 2.107e+02 2.500e+02
s>        ( QUESTION0_3_R 1 4.013e+02 1.714e+02 4.021e+01
s>            ( - 1.991e+02 1 0)
s>            ( - 3.736e+02 2 0))
s>        ( QUESTION0_0_R 1 2.137e+03 1.755e+02 2.098e+02
s>            ( WDBNDRY_E 0 2.126e+03 1.271e+02 2.058e+02
s>                ( - 9.726e+02 1 0)
s>                ( - 1.280e+03 1 0))
s>            ( - 1.869e+02 1 0)))INFO: dtree.c(1351): Comp split 21
INFO: dtree.c(1351): Comp split 22
INFO: dtree.c(1483): stop. leaf nodes are specific
INFO: dtree.c(1524): Final simple tree
|( QUESTION0_13_R 1 4.918e+02 1.777e+02 7.510e+01
|    ( WDBNDRY_E 0 4.167e+02 1.317e+02 6.111e+01
|        ( - 3.331e+02 3 0)
|        ( - 2.153e+02 1 0))
|    ( - 2.528e+02 1 0))
s>    ( QUESTION0_13_R 1 4.918e+02 1.777e+02 7.510e+01
s>        ( WDBNDRY_E 0 4.167e+02 1.317e+02 6.111e+01
s>            ( - 3.331e+02 3 0)
s>            ( - 2.153e+02 1 0))
s>        ( - 2.528e+02 1 0))INFO: dtree.c(1483): stop. leaf nodes are specific
INFO: dtree.c(1524): Final simple tree
|( QUESTION0 -1 7.023e+02 2.017e+02 7.095e+01
|    ( - 2.432e+02 1 0)
|    ( WDBNDRY_E 0 6.607e+02 1.760e+02 5.535e+01
|        ( QUESTION0_0_R 1 4.406e+02 1.716e+02 3.183e+01
|            ( - 2.695e+02 1 0)
|            ( - 3.427e+02 1 0))
|        ( - 3.961e+02 1 0)))
s>    ( QUESTION0 -1 7.023e+02 2.017e+02 7.095e+01
s>        ( - 2.432e+02 1 0)
s>        ( WDBNDRY_E 0 6.607e+02 1.760e+02 5.535e+01
s>            ( QUESTION0_0_R 1 4.406e+02 1.716e+02 3.183e+01
s>                ( - 2.695e+02 1 0)
s>                ( - 3.427e+02 1 0))
s>            ( - 3.961e+02 1 0)))INFO: dtree.c(1351): Comp split 23
INFO: dtree.c(1524): Final simple tree
|( QUESTION0_14_R 1 4.077e+03 2.036e+02 4.421e+02
|    ( - 2.373e+02 1 0)
|    ( WDBNDRY_E 0 4.043e+03 1.815e+02 4.371e+02
|        ( QUESTION0_11_R 1 5.942e+02 1.836e+02 5.135e+01
|            ( - 4.656e+02 1 0)
|            ( - 3.122e+02 1 0))
|        ( QUESTION0_0_R 1 3.631e+03 1.682e+02 3.858e+02
|            ( - 2.172e+02 1 0)
|            ( QUESTION4 1 3.582e+03 1.487e+02 3.828e+02
|                ( SILENCE -1 3.246e+03 1.466e+02 3.366e+02
|                    ( - 1.404e+02 1 0)
|                    ( - 3.252e+03 1 0))
|                ( QUESTION0 1 4.847e+02 1.215e+02 4.615e+01
|                    ( - 4.182e+02 2 0)
|                    ( - 1.880e+02 1 0))))))
s>    ( QUESTION0_14_R 1 4.077e+03 2.036e+02 4.421e+02
s>        ( - 2.373e+02 1 0)
s>        ( WDBNDRY_E 0 4.043e+03 1.815e+02 4.371e+02
s>            ( QUESTION0_11_R 1 5.942e+02 1.836e+02 5.135e+01
s>                ( - 4.656e+02 1 0)
s>                ( - 3.122e+02 1 0))
s>            ( QUESTION0_0_R 1 3.631e+03 1.682e+02 3.858e+02
s>                ( - 2.172e+02 1 0)
s>                ( QUESTION4 1 3.582e+03 1.487e+02 3.828e+02
s>                    ( SILENCE -1 3.246e+03 1.466e+02 3.366e+02
s>                        ( - 1.404e+02 1 0)
s>                        ( - 3.252e+03 1 0))
s>                    ( QUESTION0 1 4.847e+02 1.215e+02 4.615e+01
s>                        ( - 4.182e+02 2 0)
s>                        ( - 1.880e+02 1 0))))))INFO: dtree.c(1483): stop. leaf nodes are specific
INFO: dtree.c(1524): Final simple tree
|( QUESTION0_0_R 1 4.217e+02 1.955e+02 7.025e+01
|    ( QUESTION0_5_R 1 3.855e+02 1.764e+02 6.000e+01
|        ( - 1.138e+02 1 0)
|        ( QUESTION0 -1 4.481e+02 1.618e+02 5.000e+01
|            ( - 3.093e+02 2 0)
|            ( QUESTION4 1 3.007e+02 1.550e+02 3.400e+01
|                ( - 2.204e+02 1 0)
|                ( WDBNDRY_E 0 2.352e+02 1.396e+02 2.400e+01
|                    ( - 1.570e+02 1 0)
|                    ( - 2.178e+02 1 0)))))
|    ( - 2.317e+02 1 0))
s>    ( QUESTION0_0_R 1 4.217e+02 1.955e+02 7.025e+01
s>        ( QUESTION0_5_R 1 3.855e+02 1.764e+02 6.000e+01
s>            ( - 1.138e+02 1 0)
s>            ( QUESTION0 -1 4.481e+02 1.618e+02 5.000e+01
s>                ( - 3.093e+02 2 0)
s>                ( QUESTION4 1 3.007e+02 1.550e+02 3.400e+01
s>                    ( - 2.204e+02 1 0)
s>                    ( WDBNDRY_E 0 2.352e+02 1.396e+02 2.400e+01
s>                        ( - 1.570e+02 1 0)
s>                        ( - 2.178e+02 1 0)))))
s>        ( - 2.317e+02 1 0))INFO: dtree.c(1351): Comp split 24
INFO: dtree.c(1483): stop. leaf nodes are specific
INFO: dtree.c(1524): Final simple tree
|( QUESTION0_0_R 1 7.841e+02 1.744e+02 2.829e+01
|    ( - 3.203e+02 1 0)
|    ( - 6.382e+02 1 0))
s>    ( QUESTION0_0_R 1 7.841e+02 1.744e+02 2.829e+01
s>        ( - 3.203e+02 1 0)
s>        ( - 6.382e+02 1 0))INFO: dtree.c(1483): stop. leaf nodes are specific
INFO: dtree.c(1524): Final simple tree
|( WDBNDRY_E 0 1.452e+03 1.490e+02 8.602e+01
|    ( - 3.070e+02 1 0)
|    ( QUESTION2 -1 1.294e+03 1.355e+02 7.702e+01
|        ( - 5.116e+02 1 0)
|        ( QUESTION0_0_R 1 9.179e+02 1.235e+02 5.526e+01
|            ( - 8.669e+02 1 0)
|            ( - 1.744e+02 1 0))))
s>    ( WDBNDRY_E 0 1.452e+03 1.490e+02 8.602e+01
s>        ( - 3.070e+02 1 0)
s>        ( QUESTION2 -1 1.294e+03 1.355e+02 7.702e+01
s>            ( - 5.116e+02 1 0)
s>            ( QUESTION0_0_R 1 9.179e+02 1.235e+02 5.526e+01
s>                ( - 8.669e+02 1 0)
s>                ( - 1.744e+02 1 0))))INFO: dtree.c(1351): Comp split 25
INFO: dtree.c(1483): stop. leaf nodes are specific
INFO: dtree.c(1524): Final simple tree
|( SILENCE -1 4.305e+02 1.676e+02 3.525e+01
|    ( - 2.178e+02 1 0)
|    ( QUESTION0_0_R 1 3.803e+02 1.607e+02 2.625e+01
|        ( - 3.093e+02 2 0)
|        ( - 2.317e+02 1 0)))
s>    ( SILENCE -1 4.305e+02 1.676e+02 3.525e+01
s>        ( - 2.178e+02 1 0)
s>        ( QUESTION0_0_R 1 3.803e+02 1.607e+02 2.625e+01
s>            ( - 3.093e+02 2 0)
s>            ( - 2.317e+02 1 0)))INFO: dtree.c(1483): stop. leaf nodes are specific
INFO: dtree.c(1524): Final simple tree
|( QUESTION5 1 2.093e+02 1.553e+02 3.500e+01
|    ( - 1.570e+02 1 0)
|    ( WDBNDRY_E 0 2.075e+02 1.268e+02 2.000e+01
|        ( - 2.204e+02 1 0)
|        ( - 1.138e+02 1 0)))
s>    ( QUESTION5 1 2.093e+02 1.553e+02 3.500e+01
s>        ( - 1.570e+02 1 0)
s>        ( WDBNDRY_E 0 2.075e+02 1.268e+02 2.000e+01
s>            ( - 2.204e+02 1 0)
s>            ( - 1.138e+02 1 0)))INFO: dtree.c(1351): Comp split 26
INFO: dtree.c(1483): stop. leaf nodes are specific
INFO: dtree.c(1524): Final simple tree
|( QUESTION0_0_R 1 2.172e+03 1.745e+02 2.178e+02
|    ( QUESTION0_3_R 1 2.159e+03 1.655e+02 2.138e+02
|        ( - 1.991e+02 1 0)
|        ( WDBNDRY_E 0 2.126e+03 1.271e+02 2.058e+02
|            ( - 9.726e+02 1 0)
|            ( - 1.280e+03 1 0)))
|    ( - 1.869e+02 1 0))
s>    ( QUESTION0_0_R 1 2.172e+03 1.745e+02 2.178e+02
s>        ( QUESTION0_3_R 1 2.159e+03 1.655e+02 2.138e+02
s>            ( - 1.991e+02 1 0)
s>            ( WDBNDRY_E 0 2.126e+03 1.271e+02 2.058e+02
s>                ( - 9.726e+02 1 0)
s>                ( - 1.280e+03 1 0)))
s>        ( - 1.869e+02 1 0))INFO: dtree.c(1351): Comp split 27
INFO: dtree.c(1483): stop. leaf nodes are specific
INFO: dtree.c(1524): Final simple tree
|( QUESTION0_4_R 1 5.159e+02 2.069e+02 4.112e+01
|    ( - 2.033e+02 1 0)
|    ( QUESTION0_13_R 1 5.194e+02 1.957e+02 3.812e+01
|        ( - 2.869e+02 1 0)
|        ( QUESTION0_0_R 1 4.282e+02 1.649e+02 3.112e+01
|            ( - 1.367e+02 1 0)
|            ( - 4.564e+02 1 0))))
s>    ( QUESTION0_4_R 1 5.159e+02 2.069e+02 4.112e+01
s>        ( - 2.033e+02 1 0)
s>        ( QUESTION0_13_R 1 5.194e+02 1.957e+02 3.812e+01
s>            ( - 2.869e+02 1 0)
s>            ( QUESTION0_0_R 1 4.282e+02 1.649e+02 3.112e+01
s>                ( - 1.367e+02 1 0)
s>                ( - 4.564e+02 1 0))))INFO: dtree.c(1351): Comp split 28
INFO: dtree.c(1483): stop. leaf nodes are specific
INFO: dtree.c(1524): Final simple tree
|( QUESTION0_5_R 1 3.935e+03 1.690e+02 4.240e+02
|    ( - 2.172e+02 1 0)
|    ( WDBNDRY_E 0 3.886e+03 1.610e+02 4.210e+02
|        ( - 4.656e+02 1 0)
|        ( QUESTION4 1 3.582e+03 1.487e+02 3.828e+02
|            ( SILENCE -1 3.246e+03 1.466e+02 3.366e+02
|                ( - 1.404e+02 1 0)
|                ( - 3.252e+03 1 0))
|            ( QUESTION0 1 4.847e+02 1.215e+02 4.615e+01
|                ( - 4.182e+02 2 0)
|                ( - 1.880e+02 1 0)))))
s>    ( QUESTION0_5_R 1 3.935e+03 1.690e+02 4.240e+02
s>        ( - 2.172e+02 1 0)
s>        ( WDBNDRY_E 0 3.886e+03 1.610e+02 4.210e+02
s>            ( - 4.656e+02 1 0)
s>            ( QUESTION4 1 3.582e+03 1.487e+02 3.828e+02
s>                ( SILENCE -1 3.246e+03 1.466e+02 3.366e+02
s>                    ( - 1.404e+02 1 0)
s>                    ( - 3.252e+03 1 0))
s>                ( QUESTION0 1 4.847e+02 1.215e+02 4.615e+01
s>                    ( - 4.182e+02 2 0)
s>                    ( - 1.880e+02 1 0)))))INFO: dtree.c(1483): stop. leaf nodes are specific
INFO: dtree.c(1524): Final simple tree
|( WDBNDRY_E 0 3.500e+02 1.995e+02 1.810e+01
|    ( - 3.122e+02 1 0)
|    ( - 2.373e+02 1 0))
s>    ( WDBNDRY_E 0 3.500e+02 1.995e+02 1.810e+01
s>        ( - 3.122e+02 1 0)
s>        ( - 2.373e+02 1 0))INFO: dtree.c(1351): Comp split 29
INFO: dtree.c(1483): stop. leaf nodes are specific
INFO: dtree.c(1524): Final simple tree
|( QUESTION2_9_L -1 2.855e+02 1.396e+02 3.199e+01
|    ( QUESTION0 -1 2.375e+02 7.344e+01 1.400e+01
|        ( - 1.365e+02 1 0)
|        ( - 1.745e+02 1 0))
|    ( - 1.876e+02 1 0))
s>    ( QUESTION2_9_L -1 2.855e+02 1.396e+02 3.199e+01
s>        ( QUESTION0 -1 2.375e+02 7.344e+01 1.400e+01
s>            ( - 1.365e+02 1 0)
s>            ( - 1.745e+02 1 0))
s>        ( - 1.876e+02 1 0))INFO: dtree.c(1351): Comp split 30
INFO: dtree.c(1483): stop. leaf nodes are specific
INFO: dtree.c(1524): Final simple tree
|( QUESTION0_13_R 1 5.194e+02 1.957e+02 3.812e+01
|    ( - 2.869e+02 1 0)
|    ( QUESTION0_0_R 1 4.282e+02 1.649e+02 3.112e+01
|        ( - 1.367e+02 1 0)
|        ( - 4.564e+02 1 0)))
s>    ( QUESTION0_13_R 1 5.194e+02 1.957e+02 3.812e+01
s>        ( - 2.869e+02 1 0)
s>        ( QUESTION0_0_R 1 4.282e+02 1.649e+02 3.112e+01
s>            ( - 1.367e+02 1 0)
s>            ( - 4.564e+02 1 0)))INFO: dtree.c(1351): Comp split 31
INFO: dtree.c(1483): stop. leaf nodes are specific
INFO: dtree.c(1524): Final simple tree
|( QUESTION4 1 1.832e+02 1.596e+02 3.600e+01
|    ( WDBNDRY_E 0 1.838e+02 1.465e+02 1.600e+01
|        ( - 1.787e+02 1 0)
|        ( - 1.516e+02 1 0))
|    ( QUESTION0_0_R 1 1.590e+02 1.544e+02 2.000e+01
|        ( QUESTION2_9_L -1 1.629e+02 1.676e+02 1.600e+01
|            ( - 1.892e+02 1 0)
|            ( - 1.413e+02 1 0))
|        ( - 1.505e+02 1 0)))
s>    ( QUESTION4 1 1.832e+02 1.596e+02 3.600e+01
s>        ( WDBNDRY_E 0 1.838e+02 1.465e+02 1.600e+01
s>            ( - 1.787e+02 1 0)
s>            ( - 1.516e+02 1 0))
s>        ( QUESTION0_0_R 1 1.590e+02 1.544e+02 2.000e+01
s>            ( QUESTION2_9_L -1 1.629e+02 1.676e+02 1.600e+01
s>                ( - 1.892e+02 1 0)
s>                ( - 1.413e+02 1 0))
s>            ( - 1.505e+02 1 0)))INFO: dtree.c(1351): Comp split 32
INFO: dtree.c(1483): stop. leaf nodes are specific
INFO: dtree.c(1524): Final simple tree
|( WDBNDRY_E 0 6.607e+02 1.760e+02 5.535e+01
|    ( QUESTION0_0_R 1 4.406e+02 1.716e+02 3.183e+01
|        ( - 2.695e+02 1 0)
|        ( - 3.427e+02 1 0))
|    ( - 3.961e+02 1 0))
s>    ( WDBNDRY_E 0 6.607e+02 1.760e+02 5.535e+01
s>        ( QUESTION0_0_R 1 4.406e+02 1.716e+02 3.183e+01
s>            ( - 2.695e+02 1 0)
s>            ( - 3.427e+02 1 0))
s>        ( - 3.961e+02 1 0))INFO: dtree.c(1351): Comp split 33
INFO: dtree.c(1351): Comp split 34
INFO: dtree.c(1483): stop. leaf nodes are specific
INFO: dtree.c(1524): Final simple tree
|( QUESTION0_0_R 1 4.282e+02 1.649e+02 3.112e+01
|    ( - 1.367e+02 1 0)
|    ( - 4.564e+02 1 0))
s>    ( QUESTION0_0_R 1 4.282e+02 1.649e+02 3.112e+01
s>        ( - 1.367e+02 1 0)
s>        ( - 4.564e+02 1 0))INFO: dtree.c(1351): Comp split 35
INFO: dtree.c(1351): Comp split 36
INFO: dtree.c(1351): Comp split 37
INFO: dtree.c(1483): stop. leaf nodes are specific
INFO: dtree.c(1524): Final simple tree
|( WDBNDRY_E 0 4.626e+02 1.527e+02 2.400e+01
|    ( - 2.577e+02 2 0)
|    ( - 3.576e+02 1 0))
s>    ( WDBNDRY_E 0 4.626e+02 1.527e+02 2.400e+01
s>        ( - 2.577e+02 2 0)
s>        ( - 3.576e+02 1 0))INFO: dtree.c(1351): Comp split 38
INFO: dtree.c(1351): Comp split 39
INFO: dtree.c(1483): stop. leaf nodes are specific
INFO: dtree.c(1524): Final simple tree
|( WDBNDRY_E 0 4.167e+02 1.317e+02 6.111e+01
|    ( - 3.331e+02 3 0)
|    ( - 2.153e+02 1 0))
s>    ( WDBNDRY_E 0 4.167e+02 1.317e+02 6.111e+01
s>        ( - 3.331e+02 3 0)
s>        ( - 2.153e+02 1 0))INFO: dtree.c(1351): Comp split 40
INFO: dtree.c(1483): stop. leaf nodes are specific
INFO: dtree.c(1524): Final simple tree
|( QUESTION0_0_R 1 4.406e+02 1.716e+02 3.183e+01
|    ( - 2.695e+02 1 0)
|    ( - 3.427e+02 1 0))
s>    ( QUESTION0_0_R 1 4.406e+02 1.716e+02 3.183e+01
s>        ( - 2.695e+02 1 0)
s>        ( - 3.427e+02 1 0))INFO: dtree.c(1351): Comp split 41
INFO: dtree.c(1483): stop. leaf nodes are specific
INFO: dtree.c(1524): Final simple tree
|( QUESTION0_3_R 1 2.159e+03 1.655e+02 2.138e+02
|    ( - 1.991e+02 1 0)
|    ( WDBNDRY_E 0 2.126e+03 1.271e+02 2.058e+02
|        ( - 9.726e+02 1 0)
|        ( - 1.280e+03 1 0)))
s>    ( QUESTION0_3_R 1 2.159e+03 1.655e+02 2.138e+02
s>        ( - 1.991e+02 1 0)
s>        ( WDBNDRY_E 0 2.126e+03 1.271e+02 2.058e+02
s>            ( - 9.726e+02 1 0)
s>            ( - 1.280e+03 1 0)))INFO: dtree.c(1351): Comp split 42
INFO: dtree.c(1351): Comp split 43
INFO: dtree.c(1483): stop. leaf nodes are specific
INFO: dtree.c(1524): Final simple tree
|( QUESTION2_0_L -1 3.368e+02 1.435e+02 2.900e+01
|    ( QUESTION0_0_R 1 1.763e+02 1.365e+02 1.000e+01
|        ( - 1.960e+02 1 0)
|        ( - 1.168e+02 1 0))
|    ( QUESTION0_0_R 1 3.040e+02 1.318e+02 1.900e+01
|        ( - 2.384e+02 1 0)
|        ( - 1.974e+02 1 0)))
s>    ( QUESTION2_0_L -1 3.368e+02 1.435e+02 2.900e+01
s>        ( QUESTION0_0_R 1 1.763e+02 1.365e+02 1.000e+01
s>            ( - 1.960e+02 1 0)
s>            ( - 1.168e+02 1 0))
s>        ( QUESTION0_0_R 1 3.040e+02 1.318e+02 1.900e+01
s>            ( - 2.384e+02 1 0)
s>            ( - 1.974e+02 1 0)))INFO: dtree.c(1483): stop. leaf nodes are specific
INFO: dtree.c(1524): Final simple tree
|( QUESTION0_0_R 1 4.253e+02 1.652e+02 5.131e+01
|    ( - 2.974e+02 1 0)
|    ( - 2.931e+02 1 0))
s>    ( QUESTION0_0_R 1 4.253e+02 1.652e+02 5.131e+01
s>        ( - 2.974e+02 1 0)
s>        ( - 2.931e+02 1 0))INFO: dtree.c(1351): Comp split 44
INFO: dtree.c(1351): Comp split 45
INFO: dtree.c(1483): stop. leaf nodes are specific
INFO: dtree.c(1524): Final simple tree
|( QUESTION13 -1 1.151e+03 1.629e+02 2.099e+02
|    ( - 1.505e+02 1 0)
|    ( WDBNDRY_E 0 1.163e+03 1.568e+02 2.029e+02
|        ( - 1.036e+03 1 0)
|        ( - 2.840e+02 1 0)))
s>    ( QUESTION13 -1 1.151e+03 1.629e+02 2.099e+02
s>        ( - 1.505e+02 1 0)
s>        ( WDBNDRY_E 0 1.163e+03 1.568e+02 2.029e+02
s>            ( - 1.036e+03 1 0)
s>            ( - 2.840e+02 1 0)))INFO: dtree.c(1351): Comp split 46
INFO: dtree.c(1483): stop. leaf nodes are specific
INFO: dtree.c(1524): Final simple tree
|( WDBNDRY_E 0 3.886e+03 1.610e+02 4.210e+02
|    ( - 4.656e+02 1 0)
|    ( QUESTION4 1 3.582e+03 1.487e+02 3.828e+02
|        ( SILENCE -1 3.246e+03 1.466e+02 3.366e+02
|            ( - 1.404e+02 1 0)
|            ( - 3.252e+03 1 0))
|        ( QUESTION0 1 4.847e+02 1.215e+02 4.615e+01
|            ( - 4.182e+02 2 0)
|            ( - 1.880e+02 1 0))))
s>    ( WDBNDRY_E 0 3.886e+03 1.610e+02 4.210e+02
s>        ( - 4.656e+02 1 0)
s>        ( QUESTION4 1 3.582e+03 1.487e+02 3.828e+02
s>            ( SILENCE -1 3.246e+03 1.466e+02 3.366e+02
s>                ( - 1.404e+02 1 0)
s>                ( - 3.252e+03 1 0))
s>            ( QUESTION0 1 4.847e+02 1.215e+02 4.615e+01
s>                ( - 4.182e+02 2 0)
s>                ( - 1.880e+02 1 0))))INFO: dtree.c(1351): Comp split 47
INFO: dtree.c(1483): stop. leaf nodes are specific
INFO: dtree.c(1524): Final simple tree
|( QUESTION0_0_R 1 3.803e+02 1.607e+02 2.625e+01
|    ( - 3.093e+02 2 0)
|    ( - 2.317e+02 1 0))
s>    ( QUESTION0_0_R 1 3.803e+02 1.607e+02 2.625e+01
s>        ( - 3.093e+02 2 0)
s>        ( - 2.317e+02 1 0))INFO: dtree.c(1351): Comp split 48
INFO: dtree.c(1483): stop. leaf nodes are specific
INFO: dtree.c(1524): Final simple tree
|( QUESTION0_0_R 1 5.878e+02 9.825e+01 2.776e+01
|    ( - 5.116e+02 1 0)
|    ( - 1.744e+02 1 0))
s>    ( QUESTION0_0_R 1 5.878e+02 9.825e+01 2.776e+01
s>        ( - 5.116e+02 1 0)
s>        ( - 1.744e+02 1 0))INFO: dtree.c(1483): stop. leaf nodes are specific
INFO: dtree.c(1524): Final simple tree
|( WDBNDRY_E 0 1.031e+03 1.425e+02 5.826e+01
|    ( - 3.070e+02 1 0)
|    ( - 8.669e+02 1 0))
s>    ( WDBNDRY_E 0 1.031e+03 1.425e+02 5.826e+01
s>        ( - 3.070e+02 1 0)
s>        ( - 8.669e+02 1 0))INFO: dtree.c(1351): Comp split 49
INFO: dtree.c(1483): stop. leaf nodes are specific
INFO: dtree.c(1524): Final simple tree
|( QUESTION4 1 1.597e+02 1.667e+02 3.200e+01
|    ( WDBNDRY_E 0 1.838e+02 1.465e+02 1.600e+01
|        ( - 1.787e+02 1 0)
|        ( - 1.516e+02 1 0))
|    ( QUESTION0_0_R 1 1.427e+02 1.492e+02 1.600e+01
|        ( - 1.413e+02 1 0)
|        ( - 1.505e+02 1 0)))
s>    ( QUESTION4 1 1.597e+02 1.667e+02 3.200e+01
s>        ( WDBNDRY_E 0 1.838e+02 1.465e+02 1.600e+01
s>            ( - 1.787e+02 1 0)
s>            ( - 1.516e+02 1 0))
s>        ( QUESTION0_0_R 1 1.427e+02 1.492e+02 1.600e+01
s>            ( - 1.413e+02 1 0)
s>            ( - 1.505e+02 1 0)))INFO: dtree.c(1351): Comp split 50
INFO: dtree.c(1483): stop. leaf nodes are specific
INFO: dtree.c(1524): Final simple tree
|( WDBNDRY_E 0 1.838e+02 1.465e+02 1.600e+01
|    ( - 1.787e+02 1 0)
|    ( - 1.516e+02 1 0))
s>    ( WDBNDRY_E 0 1.838e+02 1.465e+02 1.600e+01
s>        ( - 1.787e+02 1 0)
s>        ( - 1.516e+02 1 0))INFO: dtree.c(1483): stop. leaf nodes are specific
INFO: dtree.c(1524): Final simple tree
|( QUESTION0_0_R 1 1.427e+02 1.492e+02 1.600e+01
|    ( - 1.413e+02 1 0)
|    ( - 1.505e+02 1 0))
s>    ( QUESTION0_0_R 1 1.427e+02 1.492e+02 1.600e+01
s>        ( - 1.413e+02 1 0)
s>        ( - 1.505e+02 1 0))INFO: dtree.c(1351): Comp split 51
INFO: dtree.c(1483): stop. leaf nodes are specific
INFO: dtree.c(1524): Final simple tree
|( WDBNDRY_E 0 2.126e+03 1.271e+02 2.058e+02
|    ( - 9.726e+02 1 0)
|    ( - 1.280e+03 1 0))
s>    ( WDBNDRY_E 0 2.126e+03 1.271e+02 2.058e+02
s>        ( - 9.726e+02 1 0)
s>        ( - 1.280e+03 1 0))INFO: dtree.c(1351): Comp split 52
INFO: dtree.c(1351): Comp split 53
INFO: dtree.c(1351): Comp split 54
INFO: dtree.c(1483): stop. leaf nodes are specific
INFO: dtree.c(1524): Final simple tree
|( WDBNDRY_E 0 1.163e+03 1.568e+02 2.029e+02
|    ( - 1.036e+03 1 0)
|    ( - 2.840e+02 1 0))
s>    ( WDBNDRY_E 0 1.163e+03 1.568e+02 2.029e+02
s>        ( - 1.036e+03 1 0)
s>        ( - 2.840e+02 1 0))INFO: dtree.c(1351): Comp split 55
INFO: dtree.c(1351): Comp split 56
INFO: dtree.c(1483): stop. leaf nodes are specific
INFO: dtree.c(1524): Final simple tree
|( QUESTION4 1 3.582e+03 1.487e+02 3.828e+02
|    ( SILENCE -1 3.246e+03 1.466e+02 3.366e+02
|        ( - 1.404e+02 1 0)
|        ( - 3.252e+03 1 0))
|    ( QUESTION0 1 4.847e+02 1.215e+02 4.615e+01
|        ( - 4.182e+02 2 0)
|        ( - 1.880e+02 1 0)))
s>    ( QUESTION4 1 3.582e+03 1.487e+02 3.828e+02
s>        ( SILENCE -1 3.246e+03 1.466e+02 3.366e+02
s>            ( - 1.404e+02 1 0)
s>            ( - 3.252e+03 1 0))
s>        ( QUESTION0 1 4.847e+02 1.215e+02 4.615e+01
s>            ( - 4.182e+02 2 0)
s>            ( - 1.880e+02 1 0)))INFO: dtree.c(1351): Comp split 57
INFO: dtree.c(1351): Comp split 58
INFO: dtree.c(1351): Comp split 59
INFO: dtree.c(1483): stop. leaf nodes are specific
INFO: dtree.c(1524): Final simple tree
|( WDBNDRY_E 0 2.075e+02 1.268e+02 2.000e+01
|    ( - 2.204e+02 1 0)
|    ( - 1.138e+02 1 0))
s>    ( WDBNDRY_E 0 2.075e+02 1.268e+02 2.000e+01
s>        ( - 2.204e+02 1 0)
s>        ( - 1.138e+02 1 0))INFO: dtree.c(1351): Comp split 60
INFO: dtree.c(1351): Comp split 61
INFO: dtree.c(1351): Comp split 62
INFO: dtree.c(1483): stop. leaf nodes are specific
INFO: dtree.c(1524): Final simple tree
|( QUESTION0 1 4.847e+02 1.215e+02 4.615e+01
|    ( - 4.182e+02 2 0)
|    ( - 1.880e+02 1 0))
s>    ( QUESTION0 1 4.847e+02 1.215e+02 4.615e+01
s>        ( - 4.182e+02 2 0)
s>        ( - 1.880e+02 1 0))INFO: dtree.c(1483): stop. leaf nodes are specific
INFO: dtree.c(1524): Final simple tree
|( SILENCE -1 3.246e+03 1.466e+02 3.366e+02
|    ( - 1.404e+02 1 0)
|    ( - 3.252e+03 1 0))
s>    ( SILENCE -1 3.246e+03 1.466e+02 3.366e+02
s>        ( - 1.404e+02 1 0)
s>        ( - 3.252e+03 1 0))INFO: dtree.c(1351): Comp split 63
INFO: dtree.c(1351): Comp split 64
INFO: dtree.c(1351): Comp split 65
INFO: dtree.c(1483): stop. leaf nodes are specific
INFO: dtree.c(1524): Final simple tree
|( QUESTION0_0_R 1 3.040e+02 1.318e+02 1.900e+01
|    ( - 2.384e+02 1 0)
|    ( - 1.974e+02 1 0))
s>    ( QUESTION0_0_R 1 3.040e+02 1.318e+02 1.900e+01
s>        ( - 2.384e+02 1 0)
s>        ( - 1.974e+02 1 0))INFO: dtree.c(1483): stop. leaf nodes are specific
INFO: dtree.c(1524): Final simple tree
|( QUESTION0_0_R 1 1.763e+02 1.365e+02 1.000e+01
|    ( - 1.960e+02 1 0)
|    ( - 1.168e+02 1 0))
s>    ( QUESTION0_0_R 1 1.763e+02 1.365e+02 1.000e+01
s>        ( - 1.960e+02 1 0)
s>        ( - 1.168e+02 1 0))INFO: dtree.c(1351): Comp split 66
INFO: dtree.c(1351): Comp split 67
INFO: dtree.c(1483): stop. leaf nodes are specific
INFO: dtree.c(1524): Final simple tree
|( QUESTION0 -1 2.375e+02 7.344e+01 1.400e+01
|    ( - 1.365e+02 1 0)
|    ( - 1.745e+02 1 0))
s>    ( QUESTION0 -1 2.375e+02 7.344e+01 1.400e+01
s>        ( - 1.365e+02 1 0)
s>        ( - 1.745e+02 1 0))INFO: dtree.c(1351): Comp split 68
INFO: dtree.c(1351): Comp split 69
INFO: dtree.c(1351): Comp split 70
INFO: dtree.c(1351): Comp split 71
INFO: dtree.c(1351): Comp split 72
INFO: dtree.c(1351): Comp split 73
INFO: dtree.c(1351): Comp split 74
INFO: dtree.c(1351): Comp split 75
INFO: dtree.c(1351): Comp split 76
INFO: dtree.c(1354): stop. leaf nodes are specific
Tue May 31 10:27:55 2011
