INFO: cmd_ln.c(691): Parsing command line:
/home/xkrajnan/Plocha/GSoC/PocketSphinx/an4/bin/bldtree \
	-treefn /home/xkrajnan/Plocha/GSoC/PocketSphinx/an4/trees/an4.unpruned/D-1.dtree \
	-moddeffn /home/xkrajnan/Plocha/GSoC/PocketSphinx/an4/model_architecture/an4.untied.mdef \
	-mixwfn /home/xkrajnan/Plocha/GSoC/PocketSphinx/an4/model_parameters/an4.cd_cont_untied/mixture_weights \
	-ts2cbfn .cont. \
	-mwfloor 1e-08 \
	-psetfn /home/xkrajnan/Plocha/GSoC/PocketSphinx/an4/model_architecture/an4.tree_questions \
	-phone D \
	-state 1 \
	-stwt 1.0,0.05,0.0 \
	-meanfn /home/xkrajnan/Plocha/GSoC/PocketSphinx/an4/model_parameters/an4.cd_cont_untied/means \
	-varfn /home/xkrajnan/Plocha/GSoC/PocketSphinx/an4/model_parameters/an4.cd_cont_untied/variances \
	-fullvar no \
	-ssplitmin 1 \
	-ssplitmax 7 \
	-ssplitthr 0 \
	-csplitmin 1 \
	-csplitmax 2000 \
	-csplitthr 0 

Current configuration:
[NAME]		[DEFLT]	[VALUE]
-allphones	no	no
-cntthresh	0.00001	1.000000e-05
-csplitmax	100	2000
-csplitmin	1	1
-csplitthr	8e-4	0.000000e+00
-example	no	no
-fullvar	no	no
-help		no	no
-meanfn			/home/xkrajnan/Plocha/GSoC/PocketSphinx/an4/model_parameters/an4.cd_cont_untied/means
-mixwfn			/home/xkrajnan/Plocha/GSoC/PocketSphinx/an4/model_parameters/an4.cd_cont_untied/mixture_weights
-moddeffn		/home/xkrajnan/Plocha/GSoC/PocketSphinx/an4/model_architecture/an4.untied.mdef
-mwfloor	1e-4	1.000000e-08
-phone			D
-psetfn			/home/xkrajnan/Plocha/GSoC/PocketSphinx/an4/model_architecture/an4.tree_questions
-ssplitmax	5	7
-ssplitmin	1	1
-ssplitthr	8e-4	0.000000e+00
-state			1
-stwt			1.0,0.05,0.0,
-treefn			/home/xkrajnan/Plocha/GSoC/PocketSphinx/an4/trees/an4.unpruned/D-1.dtree
-ts2cbfn	.semi.	.cont.
-varfloor	0.00001	1.000000e-05
-varfn			/home/xkrajnan/Plocha/GSoC/PocketSphinx/an4/model_parameters/an4.cd_cont_untied/variances

INFO: main.c(228): Reading: /home/xkrajnan/Plocha/GSoC/PocketSphinx/an4/model_architecture/an4.untied.mdef
INFO: model_def_io.c(587): Model definition info:
INFO: model_def_io.c(588): 1618 total models defined (34 base, 1584 tri)
INFO: model_def_io.c(589): 6472 total states
INFO: model_def_io.c(590): 4854 total tied states
INFO: model_def_io.c(591): 102 total tied CI states
INFO: model_def_io.c(592): 34 total tied transition matrices
INFO: model_def_io.c(593): 4 max state/model
INFO: model_def_io.c(594): 4 min state/model
INFO: main.c(247): Building trees for [D AH AH b] through [D UW IY b]
INFO: main.c(275): Covering states |[861 977]| == 117
INFO: main.c(282): Reading: /home/xkrajnan/Plocha/GSoC/PocketSphinx/an4/model_parameters/an4.cd_cont_untied/mixture_weights
INFO: s3mixw_io.c(172): Read /home/xkrajnan/Plocha/GSoC/PocketSphinx/an4/model_parameters/an4.cd_cont_untied/mixture_weights [117x1x1 array]
INFO: main.c(320): 39 of 39 models have observation count greater than 0.000010
INFO: main.c(94): nrm stwt: 0.045 0.909 0.045 
INFO: s3gau_io.c(166): Read /home/xkrajnan/Plocha/GSoC/PocketSphinx/an4/model_parameters/an4.cd_cont_untied/means [4854x1x1 array]
INFO: s3gau_io.c(166): Read /home/xkrajnan/Plocha/GSoC/PocketSphinx/an4/model_parameters/an4.cd_cont_untied/variances [4854x1x1 array]
INFO: main.c(576): Reading: /home/xkrajnan/Plocha/GSoC/PocketSphinx/an4/model_architecture/an4.tree_questions
INFO: main.c(619): 180 total simple questions (172 phone; 8 word bndry)
INFO: main.c(621): 42 Left Only questions, and 42 Right Only questions
INFO: dtree.c(1524): Final simple tree
|( QUESTION18 -1 -1.015e+04 1.130e+03 7.259e+02
|    ( WDBNDRY_E 0 -1.528e+03 4.232e+02 9.111e+01
|        ( - -5.828e+02 6 0 SILENCE 1 1.576e+02 4.400e+01)
|        ( - -5.223e+02 1 0))
|    ( QUESTION2_0_L -1 -7.497e+03 7.253e+02 6.348e+02
|        ( QUESTION0 1 -3.043e+03 4.489e+02 3.363e+02
|            ( - -1.869e+03 3 0 QUESTION2_1_L -1 2.032e+02 2.718e+02)
|            ( - -7.258e+02 3 0 QUESTION0 -1 1.658e+02 6.451e+01))
|        ( QUESTION2_17_L -1 -3.728e+03 3.032e+02 2.985e+02
|            ( QUESTION0_1_R 1 -2.870e+03 2.735e+02 1.979e+02
|                ( - 2.440e+02 1 0)
|                ( - -2.840e+03 15 0 QUESTION11 1 2.068e+02 1.969e+02))
|            ( QUESTION15 -1 -5.554e+02 2.713e+02 1.006e+02
|                ( - 2.440e+02 1 0)
|                ( - -5.282e+02 9 0 QUESTION11 -1 2.112e+02 9.958e+01)))))
s>    ( QUESTION18 -1 -1.015e+04 1.130e+03 7.259e+02
s>        ( WDBNDRY_E 0 -1.528e+03 4.232e+02 9.111e+01
s>            ( - -5.828e+02 6 0 SILENCE 1 1.576e+02 4.400e+01)
s>            ( - -5.223e+02 1 0))
s>        ( QUESTION2_0_L -1 -7.497e+03 7.253e+02 6.348e+02
s>            ( QUESTION0 1 -3.043e+03 4.489e+02 3.363e+02
s>                ( - -1.869e+03 3 0 QUESTION2_1_L -1 2.032e+02 2.718e+02)
s>                ( - -7.258e+02 3 0 QUESTION0 -1 1.658e+02 6.451e+01))
s>            ( QUESTION2_17_L -1 -3.728e+03 3.032e+02 2.985e+02
s>                ( QUESTION0_1_R 1 -2.870e+03 2.735e+02 1.979e+02
s>                    ( - 2.440e+02 1 0)
s>                    ( - -2.840e+03 15 0 QUESTION11 1 2.068e+02 1.969e+02))
s>                ( QUESTION15 -1 -5.554e+02 2.713e+02 1.006e+02
s>                    ( - 2.440e+02 1 0)
s>                    ( - -5.282e+02 9 0 QUESTION11 -1 2.112e+02 9.958e+01)))))INFO: dtree.c(1351): Comp split 0
INFO: dtree.c(1524): Final simple tree
|( QUESTION2_0_L -1 -8.368e+03 7.281e+02 6.788e+02
|    ( QUESTION0 1 -3.043e+03 4.489e+02 3.363e+02
|        ( - -1.869e+03 3 0 QUESTION2_1_L -1 2.032e+02 2.718e+02)
|        ( - -7.258e+02 3 0 QUESTION0 -1 1.658e+02 6.451e+01))
|    ( WDBNDRY_B 0 -4.597e+03 3.158e+02 3.425e+02
|        ( QUESTION0 -1 -3.251e+03 2.918e+02 2.735e+02
|            ( - -2.115e+03 9 0 QUESTION0 1 1.653e+02 1.404e+02)
|            ( QUESTION15 -1 -8.439e+02 2.738e+02 1.331e+02
|                ( - 2.440e+02 1 0)
|                ( QUESTION11 -1 -8.141e+02 2.130e+02 1.321e+02
|                    ( - -1.379e+02 3 0 QUESTION0 1 1.085e+02 4.052e+01)
|                    ( - -4.632e+02 6 0 SILENCE -1 1.483e+02 9.162e+01))))
|        ( QUESTION0_1_R 1 -1.030e+03 2.721e+02 6.900e+01
|            ( - 2.440e+02 1 0)
|            ( - -1.002e+03 12 0 QUESTION2 -1 1.908e+02 6.800e+01))))
s>    ( QUESTION2_0_L -1 -8.368e+03 7.281e+02 6.788e+02
s>        ( QUESTION0 1 -3.043e+03 4.489e+02 3.363e+02
s>            ( - -1.869e+03 3 0 QUESTION2_1_L -1 2.032e+02 2.718e+02)
s>            ( - -7.258e+02 3 0 QUESTION0 -1 1.658e+02 6.451e+01))
s>        ( WDBNDRY_B 0 -4.597e+03 3.158e+02 3.425e+02
s>            ( QUESTION0 -1 -3.251e+03 2.918e+02 2.735e+02
s>                ( - -2.115e+03 9 0 QUESTION0 1 1.653e+02 1.404e+02)
s>                ( QUESTION15 -1 -8.439e+02 2.738e+02 1.331e+02
s>                    ( - 2.440e+02 1 0)
s>                    ( QUESTION11 -1 -8.141e+02 2.130e+02 1.321e+02
s>                        ( - -1.379e+02 3 0 QUESTION0 1 1.085e+02 4.052e+01)
s>                        ( - -4.632e+02 6 0 SILENCE -1 1.483e+02 9.162e+01))))
s>            ( QUESTION0_1_R 1 -1.030e+03 2.721e+02 6.900e+01
s>                ( - 2.440e+02 1 0)
s>                ( - -1.002e+03 12 0 QUESTION2 -1 1.908e+02 6.800e+01))))INFO: dtree.c(1351): Comp split 1
INFO: dtree.c(1483): stop. leaf nodes are specific
INFO: dtree.c(1524): Final simple tree
|( QUESTION0 1 -3.064e+03 4.473e+02 3.373e+02
|    ( QUESTION2_1_L -1 -1.869e+03 2.032e+02 2.718e+02
|        ( - -5.946e+02 1 0)
|        ( QUESTION0 -1 -1.071e+03 1.597e+02 1.385e+02
|            ( - -3.774e+02 1 0)
|            ( - -5.338e+02 1 0)))
|    ( QUESTION15 -1 -7.476e+02 2.659e+02 6.551e+01
|        ( - 2.440e+02 1 0)
|        ( QUESTION0 -1 -7.258e+02 1.658e+02 6.451e+01
|            ( QUESTION2_1_L -1 -5.183e+02 1.243e+02 5.651e+01
|                ( - -4.910e+02 1 0)
|                ( - 9.703e+01 1 0))
|            ( - -4.168e+01 1 0))))
s>    ( QUESTION0 1 -3.064e+03 4.473e+02 3.373e+02
s>        ( QUESTION2_1_L -1 -1.869e+03 2.032e+02 2.718e+02
s>            ( - -5.946e+02 1 0)
s>            ( QUESTION0 -1 -1.071e+03 1.597e+02 1.385e+02
s>                ( - -3.774e+02 1 0)
s>                ( - -5.338e+02 1 0)))
s>        ( QUESTION15 -1 -7.476e+02 2.659e+02 6.551e+01
s>            ( - 2.440e+02 1 0)
s>            ( QUESTION0 -1 -7.258e+02 1.658e+02 6.451e+01
s>                ( QUESTION2_1_L -1 -5.183e+02 1.243e+02 5.651e+01
s>                    ( - -4.910e+02 1 0)
s>                    ( - 9.703e+01 1 0))
s>                ( - -4.168e+01 1 0))))INFO: dtree.c(1524): Final simple tree
|( QUESTION2_14_L -1 -4.573e+03 3.190e+02 3.415e+02
|    ( QUESTION12 -1 -4.063e+03 2.772e+02 2.805e+02
|        ( - -1.379e+02 3 0 QUESTION0 1 1.085e+02 4.052e+01)
|        ( QUESTION0_1_R 1 -3.648e+03 2.729e+02 2.399e+02
|            ( - 2.440e+02 1 0)
|            ( QUESTION0 1 -3.619e+03 2.297e+02 2.389e+02
|                ( QUESTION2 -1 -2.316e+03 1.698e+02 1.678e+02
|                    ( QUESTION0_0_R 1 -3.601e+02 2.627e+02 4.579e+01
|                        ( - 2.440e+02 1 0)
|                        ( - -3.414e+02 2 0 WDBNDRY_B 0 9.956e+01 4.479e+01))
|                    ( - -1.786e+03 7 0 QUESTION0 -1 1.326e+02 1.220e+02))
|                ( QUESTION11 -1 -1.073e+03 1.998e+02 7.112e+01
|                    ( - -1.924e+02 4 0 QUESTION0_13_R 1 1.596e+02 2.500e+01)
|                    ( - -6.813e+02 6 0 WDBNDRY_I 0 1.441e+02 4.612e+01)))))
|    ( - -1.908e+02 7 0 QUESTION0 1 1.654e+02 6.106e+01))
s>    ( QUESTION2_14_L -1 -4.573e+03 3.190e+02 3.415e+02
s>        ( QUESTION12 -1 -4.063e+03 2.772e+02 2.805e+02
s>            ( - -1.379e+02 3 0 QUESTION0 1 1.085e+02 4.052e+01)
s>            ( QUESTION0_1_R 1 -3.648e+03 2.729e+02 2.399e+02
s>                ( - 2.440e+02 1 0)
s>                ( QUESTION0 1 -3.619e+03 2.297e+02 2.389e+02
s>                    ( QUESTION2 -1 -2.316e+03 1.698e+02 1.678e+02
s>                        ( QUESTION0_0_R 1 -3.601e+02 2.627e+02 4.579e+01
s>                            ( - 2.440e+02 1 0)
s>                            ( - -3.414e+02 2 0 WDBNDRY_B 0 9.956e+01 4.479e+01))
s>                        ( - -1.786e+03 7 0 QUESTION0 -1 1.326e+02 1.220e+02))
s>                    ( QUESTION11 -1 -1.073e+03 1.998e+02 7.112e+01
s>                        ( - -1.924e+02 4 0 QUESTION0_13_R 1 1.596e+02 2.500e+01)
s>                        ( - -6.813e+02 6 0 WDBNDRY_I 0 1.441e+02 4.612e+01)))))
s>        ( - -1.908e+02 7 0 QUESTION0 1 1.654e+02 6.106e+01))INFO: dtree.c(1351): Comp split 2
INFO: dtree.c(1483): stop. leaf nodes are specific
INFO: dtree.c(1524): Final simple tree
|( QUESTION2_1_L -1 -5.183e+02 1.243e+02 5.651e+01
|    ( - -4.910e+02 1 0)
|    ( - 9.703e+01 1 0))
s>    ( QUESTION2_1_L -1 -5.183e+02 1.243e+02 5.651e+01
s>        ( - -4.910e+02 1 0)
s>        ( - 9.703e+01 1 0))INFO: dtree.c(1483): stop. leaf nodes are specific
INFO: dtree.c(1524): Final simple tree
|( QUESTION15 -1 -2.085e+03 2.655e+02 2.808e+02
|    ( - 2.440e+02 1 0)
|    ( QUESTION2_1_L -1 -2.064e+03 2.120e+02 2.798e+02
|        ( - -5.946e+02 1 0)
|        ( QUESTION0 -1 -1.257e+03 1.549e+02 1.465e+02
|            ( - -3.774e+02 1 0)
|            ( QUESTION0 1 -7.248e+02 1.493e+02 9.478e+01
|                ( - -5.338e+02 1 0)
|                ( - -4.168e+01 1 0)))))
s>    ( QUESTION15 -1 -2.085e+03 2.655e+02 2.808e+02
s>        ( - 2.440e+02 1 0)
s>        ( QUESTION2_1_L -1 -2.064e+03 2.120e+02 2.798e+02
s>            ( - -5.946e+02 1 0)
s>            ( QUESTION0 -1 -1.257e+03 1.549e+02 1.465e+02
s>                ( - -3.774e+02 1 0)
s>                ( QUESTION0 1 -7.248e+02 1.493e+02 9.478e+01
s>                    ( - -5.338e+02 1 0)
s>                    ( - -4.168e+01 1 0)))))INFO: dtree.c(1351): Comp split 3
INFO: dtree.c(1524): Final simple tree
|( QUESTION11 -1 -1.052e+03 2.306e+02 1.464e+02
|    ( - -1.379e+02 3 0 QUESTION0 1 1.085e+02 4.052e+01)
|    ( SILENCE -1 -6.831e+02 1.600e+02 1.059e+02
|        ( QUESTION0 1 -3.543e+01 1.256e+02 4.483e+01
|            ( - 7.346e+01 1 0)
|            ( QUESTION12 1 1.671e+01 1.103e+02 1.816e+01
|                ( - 1.706e+01 1 0)
|                ( - 1.099e+02 1 0)))
|        ( QUESTION8 -1 -4.877e+02 1.233e+02 6.103e+01
|            ( - -3.414e+02 2 0 WDBNDRY_B 0 9.956e+01 4.479e+01)
|            ( QUESTION0 1 -2.294e+01 1.424e+02 1.624e+01
|                ( QUESTION0 -1 1.521e+02 1.955e+02 4.000e+00
|                    ( - 1.401e+02 1 0)
|                    ( - 2.075e+02 1 0))
|                ( - -3.263e+01 2 0 QUESTION0 -1 6.610e+01 1.224e+01)))))
s>    ( QUESTION11 -1 -1.052e+03 2.306e+02 1.464e+02
s>        ( - -1.379e+02 3 0 QUESTION0 1 1.085e+02 4.052e+01)
s>        ( SILENCE -1 -6.831e+02 1.600e+02 1.059e+02
s>            ( QUESTION0 1 -3.543e+01 1.256e+02 4.483e+01
s>                ( - 7.346e+01 1 0)
s>                ( QUESTION12 1 1.671e+01 1.103e+02 1.816e+01
s>                    ( - 1.706e+01 1 0)
s>                    ( - 1.099e+02 1 0)))
s>            ( QUESTION8 -1 -4.877e+02 1.233e+02 6.103e+01
s>                ( - -3.414e+02 2 0 WDBNDRY_B 0 9.956e+01 4.479e+01)
s>                ( QUESTION0 1 -2.294e+01 1.424e+02 1.624e+01
s>                    ( QUESTION0 -1 1.521e+02 1.955e+02 4.000e+00
s>                        ( - 1.401e+02 1 0)
s>                        ( - 2.075e+02 1 0))
s>                    ( - -3.263e+01 2 0 QUESTION0 -1 6.610e+01 1.224e+01)))))INFO: dtree.c(1524): Final simple tree
|( QUESTION0_1_R 1 -3.119e+03 2.728e+02 1.951e+02
|    ( - 2.440e+02 1 0)
|    ( QUESTION0 1 -3.090e+03 2.072e+02 1.941e+02
|        ( QUESTION2 -1 -1.810e+03 2.679e+02 1.230e+02
|            ( - 2.440e+02 1 0)
|            ( - -1.786e+03 7 0 QUESTION0 -1 1.326e+02 1.220e+02))
|        ( QUESTION11 -1 -1.073e+03 1.998e+02 7.112e+01
|            ( QUESTION0_13_R 1 -1.924e+02 1.596e+02 2.500e+01
|                ( - 1.305e+02 1 0)
|                ( QUESTION0_19_R 1 -1.632e+02 1.432e+02 2.300e+01
|                    ( - 1.363e+01 1 0)
|                    ( - -3.361e+01 2 0 SILENCE 1 1.222e+02 1.200e+01)))
|            ( WDBNDRY_I 0 -6.813e+02 1.441e+02 4.612e+01
|                ( - -1.212e+00 1 0)
|                ( - -5.359e+02 5 0 QUESTION2 1 1.166e+02 3.412e+01)))))
s>    ( QUESTION0_1_R 1 -3.119e+03 2.728e+02 1.951e+02
s>        ( - 2.440e+02 1 0)
s>        ( QUESTION0 1 -3.090e+03 2.072e+02 1.941e+02
s>            ( QUESTION2 -1 -1.810e+03 2.679e+02 1.230e+02
s>                ( - 2.440e+02 1 0)
s>                ( - -1.786e+03 7 0 QUESTION0 -1 1.326e+02 1.220e+02))
s>            ( QUESTION11 -1 -1.073e+03 1.998e+02 7.112e+01
s>                ( QUESTION0_13_R 1 -1.924e+02 1.596e+02 2.500e+01
s>                    ( - 1.305e+02 1 0)
s>                    ( QUESTION0_19_R 1 -1.632e+02 1.432e+02 2.300e+01
s>                        ( - 1.363e+01 1 0)
s>                        ( - -3.361e+01 2 0 SILENCE 1 1.222e+02 1.200e+01)))
s>                ( WDBNDRY_I 0 -6.813e+02 1.441e+02 4.612e+01
s>                    ( - -1.212e+00 1 0)
s>                    ( - -5.359e+02 5 0 QUESTION2 1 1.166e+02 3.412e+01)))))INFO: dtree.c(1351): Comp split 4
INFO: dtree.c(1524): Final simple tree
|( QUESTION0 1 -3.090e+03 2.072e+02 1.941e+02
|    ( QUESTION2 -1 -1.810e+03 2.679e+02 1.230e+02
|        ( - 2.440e+02 1 0)
|        ( QUESTION0 -1 -1.786e+03 1.326e+02 1.220e+02
|            ( - -1.417e+03 5 0 WDBNDRY_B 0 1.226e+02 1.030e+02)
|            ( - -2.364e+02 2 0 QUESTION0_0_R 1 1.241e+02 1.900e+01)))
|    ( QUESTION11 -1 -1.073e+03 1.998e+02 7.112e+01
|        ( QUESTION0_13_R 1 -1.924e+02 1.596e+02 2.500e+01
|            ( - 1.305e+02 1 0)
|            ( QUESTION0_19_R 1 -1.632e+02 1.432e+02 2.300e+01
|                ( - 1.363e+01 1 0)
|                ( - -3.361e+01 2 0 SILENCE 1 1.222e+02 1.200e+01)))
|        ( WDBNDRY_I 0 -6.813e+02 1.441e+02 4.612e+01
|            ( - -1.212e+00 1 0)
|            ( - -5.359e+02 5 0 QUESTION2 1 1.166e+02 3.412e+01))))
s>    ( QUESTION0 1 -3.090e+03 2.072e+02 1.941e+02
s>        ( QUESTION2 -1 -1.810e+03 2.679e+02 1.230e+02
s>            ( - 2.440e+02 1 0)
s>            ( QUESTION0 -1 -1.786e+03 1.326e+02 1.220e+02
s>                ( - -1.417e+03 5 0 WDBNDRY_B 0 1.226e+02 1.030e+02)
s>                ( - -2.364e+02 2 0 QUESTION0_0_R 1 1.241e+02 1.900e+01)))
s>        ( QUESTION11 -1 -1.073e+03 1.998e+02 7.112e+01
s>            ( QUESTION0_13_R 1 -1.924e+02 1.596e+02 2.500e+01
s>                ( - 1.305e+02 1 0)
s>                ( QUESTION0_19_R 1 -1.632e+02 1.432e+02 2.300e+01
s>                    ( - 1.363e+01 1 0)
s>                    ( - -3.361e+01 2 0 SILENCE 1 1.222e+02 1.200e+01)))
s>            ( WDBNDRY_I 0 -6.813e+02 1.441e+02 4.612e+01
s>                ( - -1.212e+00 1 0)
s>                ( - -5.359e+02 5 0 QUESTION2 1 1.166e+02 3.412e+01))))INFO: dtree.c(1351): Comp split 5
INFO: dtree.c(1483): stop. leaf nodes are specific
INFO: dtree.c(1524): Final simple tree
|( QUESTION2_1_L -1 -2.064e+03 2.120e+02 2.798e+02
|    ( - -5.946e+02 1 0)
|    ( QUESTION0 -1 -1.257e+03 1.549e+02 1.465e+02
|        ( - -3.774e+02 1 0)
|        ( QUESTION0 1 -7.248e+02 1.493e+02 9.478e+01
|            ( - -5.338e+02 1 0)
|            ( - -4.168e+01 1 0))))
s>    ( QUESTION2_1_L -1 -2.064e+03 2.120e+02 2.798e+02
s>        ( - -5.946e+02 1 0)
s>        ( QUESTION0 -1 -1.257e+03 1.549e+02 1.465e+02
s>            ( - -3.774e+02 1 0)
s>            ( QUESTION0 1 -7.248e+02 1.493e+02 9.478e+01
s>                ( - -5.338e+02 1 0)
s>                ( - -4.168e+01 1 0))))INFO: dtree.c(1351): Comp split 6
INFO: dtree.c(1524): Final simple tree
|( QUESTION0 1 -3.069e+03 2.101e+02 1.931e+02
|    ( QUESTION0 -1 -1.786e+03 1.326e+02 1.220e+02
|        ( - -1.417e+03 5 0 WDBNDRY_B 0 1.226e+02 1.030e+02)
|        ( QUESTION0_0_R 1 -2.364e+02 1.241e+02 1.900e+01
|            ( - 7.706e+01 1 0)
|            ( - -1.894e+02 1 0)))
|    ( QUESTION11 -1 -1.073e+03 1.998e+02 7.112e+01
|        ( QUESTION0_13_R 1 -1.924e+02 1.596e+02 2.500e+01
|            ( - 1.305e+02 1 0)
|            ( QUESTION0_19_R 1 -1.632e+02 1.432e+02 2.300e+01
|                ( - 1.363e+01 1 0)
|                ( - -3.361e+01 2 0 SILENCE 1 1.222e+02 1.200e+01)))
|        ( WDBNDRY_I 0 -6.813e+02 1.441e+02 4.612e+01
|            ( - -1.212e+00 1 0)
|            ( - -5.359e+02 5 0 QUESTION2 1 1.166e+02 3.412e+01))))
s>    ( QUESTION0 1 -3.069e+03 2.101e+02 1.931e+02
s>        ( QUESTION0 -1 -1.786e+03 1.326e+02 1.220e+02
s>            ( - -1.417e+03 5 0 WDBNDRY_B 0 1.226e+02 1.030e+02)
s>            ( QUESTION0_0_R 1 -2.364e+02 1.241e+02 1.900e+01
s>                ( - 7.706e+01 1 0)
s>                ( - -1.894e+02 1 0)))
s>        ( QUESTION11 -1 -1.073e+03 1.998e+02 7.112e+01
s>            ( QUESTION0_13_R 1 -1.924e+02 1.596e+02 2.500e+01
s>                ( - 1.305e+02 1 0)
s>                ( QUESTION0_19_R 1 -1.632e+02 1.432e+02 2.300e+01
s>                    ( - 1.363e+01 1 0)
s>                    ( - -3.361e+01 2 0 SILENCE 1 1.222e+02 1.200e+01)))
s>            ( WDBNDRY_I 0 -6.813e+02 1.441e+02 4.612e+01
s>                ( - -1.212e+00 1 0)
s>                ( - -5.359e+02 5 0 QUESTION2 1 1.166e+02 3.412e+01))))INFO: dtree.c(1351): Comp split 7
INFO: dtree.c(1524): Final simple tree
|( QUESTION0_13_R 1 -1.370e+03 1.867e+02 8.712e+01
|    ( WDBNDRY_I 0 -1.020e+03 1.640e+02 6.412e+01
|        ( - -1.212e+00 1 0)
|        ( QUESTION11 -1 -8.550e+02 1.057e+02 5.212e+01
|            ( QUESTION0 1 -2.133e+02 1.544e+02 1.800e+01
|                ( - -1.894e+02 1 0)
|                ( - 1.305e+02 1 0))
|            ( QUESTION2 1 -5.359e+02 1.166e+02 3.412e+01
|                ( - 5.351e+01 1 0)
|                ( - -4.729e+02 4 0 WDBNDRY_B 0 1.193e+02 3.112e+01))))
|    ( QUESTION0_19_R 1 -1.632e+02 1.432e+02 2.300e+01
|        ( - 1.363e+01 1 0)
|        ( SILENCE 1 -3.361e+01 1.222e+02 1.200e+01
|            ( - 2.064e+01 1 0)
|            ( - 6.793e+01 1 0))))
s>    ( QUESTION0_13_R 1 -1.370e+03 1.867e+02 8.712e+01
s>        ( WDBNDRY_I 0 -1.020e+03 1.640e+02 6.412e+01
s>            ( - -1.212e+00 1 0)
s>            ( QUESTION11 -1 -8.550e+02 1.057e+02 5.212e+01
s>                ( QUESTION0 1 -2.133e+02 1.544e+02 1.800e+01
s>                    ( - -1.894e+02 1 0)
s>                    ( - 1.305e+02 1 0))
s>                ( QUESTION2 1 -5.359e+02 1.166e+02 3.412e+01
s>                    ( - 5.351e+01 1 0)
s>                    ( - -4.729e+02 4 0 WDBNDRY_B 0 1.193e+02 3.112e+01))))
s>        ( QUESTION0_19_R 1 -1.632e+02 1.432e+02 2.300e+01
s>            ( - 1.363e+01 1 0)
s>            ( SILENCE 1 -3.361e+01 1.222e+02 1.200e+01
s>                ( - 2.064e+01 1 0)
s>                ( - 6.793e+01 1 0))))INFO: dtree.c(1483): stop. leaf nodes are specific
INFO: dtree.c(1524): Final simple tree
|( QUESTION0 -1 -1.455e+03 1.148e+02 1.060e+02
|    ( WDBNDRY_B 0 -1.417e+03 1.226e+02 1.030e+02
|        ( - -1.354e+03 4 0)
|        ( - 5.918e+01 1 0))
|    ( - 7.706e+01 1 0))
s>    ( QUESTION0 -1 -1.455e+03 1.148e+02 1.060e+02
s>        ( WDBNDRY_B 0 -1.417e+03 1.226e+02 1.030e+02
s>            ( - -1.354e+03 4 0)
s>            ( - 5.918e+01 1 0))
s>        ( - 7.706e+01 1 0))INFO: dtree.c(1351): Comp split 8
INFO: dtree.c(1483): stop. leaf nodes are specific
INFO: dtree.c(1524): Final simple tree
|( QUESTION0 1 -1.403e+02 1.183e+02 4.352e+01
|    ( QUESTION2_17_L -1 -3.950e+01 1.030e+02 3.552e+01
|        ( - 8.899e+01 1 0)
|        ( - -2.546e+01 1 0))
|    ( SILENCE -1 1.755e+01 1.025e+02 8.000e+00
|        ( - 1.099e+02 1 0)
|        ( - 1.007e+01 1 0)))
s>    ( QUESTION0 1 -1.403e+02 1.183e+02 4.352e+01
s>        ( QUESTION2_17_L -1 -3.950e+01 1.030e+02 3.552e+01
s>            ( - 8.899e+01 1 0)
s>            ( - -2.546e+01 1 0))
s>        ( SILENCE -1 1.755e+01 1.025e+02 8.000e+00
s>            ( - 1.099e+02 1 0)
s>            ( - 1.007e+01 1 0)))INFO: dtree.c(1524): Final simple tree
|( SILENCE -1 -6.708e+02 1.580e+02 1.029e+02
|    ( QUESTION0 1 -2.505e+01 1.156e+02 4.183e+01
|        ( - 7.346e+01 1 0)
|        ( - 1.706e+01 1 0))
|    ( QUESTION8 -1 -4.877e+02 1.233e+02 6.103e+01
|        ( WDBNDRY_B 0 -3.414e+02 9.956e+01 4.479e+01
|            ( - -2.819e+02 1 0)
|            ( - 4.007e+01 1 0))
|        ( QUESTION0 1 -2.294e+01 1.424e+02 1.624e+01
|            ( QUESTION0 -1 1.521e+02 1.955e+02 4.000e+00
|                ( - 1.401e+02 1 0)
|                ( - 2.075e+02 1 0))
|            ( QUESTION0 -1 -3.263e+01 6.610e+01 1.224e+01
|                ( - -2.501e+01 1 0)
|                ( - 5.848e+01 1 0)))))
s>    ( SILENCE -1 -6.708e+02 1.580e+02 1.029e+02
s>        ( QUESTION0 1 -2.505e+01 1.156e+02 4.183e+01
s>            ( - 7.346e+01 1 0)
s>            ( - 1.706e+01 1 0))
s>        ( QUESTION8 -1 -4.877e+02 1.233e+02 6.103e+01
s>            ( WDBNDRY_B 0 -3.414e+02 9.956e+01 4.479e+01
s>                ( - -2.819e+02 1 0)
s>                ( - 4.007e+01 1 0))
s>            ( QUESTION0 1 -2.294e+01 1.424e+02 1.624e+01
s>                ( QUESTION0 -1 1.521e+02 1.955e+02 4.000e+00
s>                    ( - 1.401e+02 1 0)
s>                    ( - 2.075e+02 1 0))
s>                ( QUESTION0 -1 -3.263e+01 6.610e+01 1.224e+01
s>                    ( - -2.501e+01 1 0)
s>                    ( - 5.848e+01 1 0)))))INFO: dtree.c(1351): Comp split 9
INFO: dtree.c(1483): stop. leaf nodes are specific
INFO: dtree.c(1524): Final simple tree
|( QUESTION0 -1 -1.257e+03 1.549e+02 1.465e+02
|    ( - -3.774e+02 1 0)
|    ( QUESTION0 1 -7.248e+02 1.493e+02 9.478e+01
|        ( - -5.338e+02 1 0)
|        ( - -4.168e+01 1 0)))
s>    ( QUESTION0 -1 -1.257e+03 1.549e+02 1.465e+02
s>        ( - -3.774e+02 1 0)
s>        ( QUESTION0 1 -7.248e+02 1.493e+02 9.478e+01
s>            ( - -5.338e+02 1 0)
s>            ( - -4.168e+01 1 0)))INFO: dtree.c(1351): Comp split 10
INFO: dtree.c(1483): stop. leaf nodes are specific
INFO: dtree.c(1524): Final simple tree
|( QUESTION1 -1 9.732e+01 1.872e+02 3.067e+01
|    ( - 2.075e+02 1 0)
|    ( SILENCE -1 7.704e+01 1.365e+02 2.867e+01
|        ( - 7.346e+01 1 0)
|        ( - 1.401e+02 1 0)))
s>    ( QUESTION1 -1 9.732e+01 1.872e+02 3.067e+01
s>        ( - 2.075e+02 1 0)
s>        ( SILENCE -1 7.704e+01 1.365e+02 2.867e+01
s>            ( - 7.346e+01 1 0)
s>            ( - 1.401e+02 1 0)))INFO: dtree.c(1483): stop. leaf nodes are specific
INFO: dtree.c(1524): Final simple tree
|( QUESTION0 1 -5.651e+02 1.130e+02 7.219e+01
|    ( WDBNDRY_B 0 -3.414e+02 9.956e+01 4.479e+01
|        ( - -2.819e+02 1 0)
|        ( - 4.007e+01 1 0))
|    ( SILENCE -1 -1.107e+02 9.508e+01 2.740e+01
|        ( - 1.706e+01 1 0)
|        ( QUESTION0 -1 -3.263e+01 6.610e+01 1.224e+01
|            ( - -2.501e+01 1 0)
|            ( - 5.848e+01 1 0))))
s>    ( QUESTION0 1 -5.651e+02 1.130e+02 7.219e+01
s>        ( WDBNDRY_B 0 -3.414e+02 9.956e+01 4.479e+01
s>            ( - -2.819e+02 1 0)
s>            ( - 4.007e+01 1 0))
s>        ( SILENCE -1 -1.107e+02 9.508e+01 2.740e+01
s>            ( - 1.706e+01 1 0)
s>            ( QUESTION0 -1 -3.263e+01 6.610e+01 1.224e+01
s>                ( - -2.501e+01 1 0)
s>                ( - 5.848e+01 1 0))))INFO: dtree.c(1351): Comp split 11
INFO: dtree.c(1483): stop. leaf nodes are specific
INFO: dtree.c(1524): Final simple tree
|( QUESTION0_13_R 1 -1.924e+02 1.596e+02 2.500e+01
|    ( - 1.305e+02 1 0)
|    ( QUESTION0_19_R 1 -1.632e+02 1.432e+02 2.300e+01
|        ( - 1.363e+01 1 0)
|        ( SILENCE 1 -3.361e+01 1.222e+02 1.200e+01
|            ( - 2.064e+01 1 0)
|            ( - 6.793e+01 1 0))))
s>    ( QUESTION0_13_R 1 -1.924e+02 1.596e+02 2.500e+01
s>        ( - 1.305e+02 1 0)
s>        ( QUESTION0_19_R 1 -1.632e+02 1.432e+02 2.300e+01
s>            ( - 1.363e+01 1 0)
s>            ( SILENCE 1 -3.361e+01 1.222e+02 1.200e+01
s>                ( - 2.064e+01 1 0)
s>                ( - 6.793e+01 1 0))))INFO: dtree.c(1483): stop. leaf nodes are specific
INFO: dtree.c(1524): Final simple tree
|( WDBNDRY_I 0 -9.806e+02 1.605e+02 6.212e+01
|    ( - -1.212e+00 1 0)
|    ( QUESTION2 1 -8.189e+02 1.181e+02 5.012e+01
|        ( - 5.351e+01 1 0)
|        ( QUESTION2 -1 -7.543e+02 1.185e+02 4.712e+01
|            ( - 1.007e+02 1 0)
|            ( WDBNDRY_B 0 -7.366e+02 9.285e+01 4.512e+01
|                ( - -4.543e+02 3 0)
|                ( - -1.894e+02 1 0)))))
s>    ( WDBNDRY_I 0 -9.806e+02 1.605e+02 6.212e+01
s>        ( - -1.212e+00 1 0)
s>        ( QUESTION2 1 -8.189e+02 1.181e+02 5.012e+01
s>            ( - 5.351e+01 1 0)
s>            ( QUESTION2 -1 -7.543e+02 1.185e+02 4.712e+01
s>                ( - 1.007e+02 1 0)
s>                ( WDBNDRY_B 0 -7.366e+02 9.285e+01 4.512e+01
s>                    ( - -4.543e+02 3 0)
s>                    ( - -1.894e+02 1 0)))))INFO: dtree.c(1351): Comp split 12
INFO: dtree.c(1483): stop. leaf nodes are specific
INFO: dtree.c(1524): Final simple tree
|( SILENCE -1 7.704e+01 1.365e+02 2.867e+01
|    ( - 7.346e+01 1 0)
|    ( - 1.401e+02 1 0))
s>    ( SILENCE -1 7.704e+01 1.365e+02 2.867e+01
s>        ( - 7.346e+01 1 0)
s>        ( - 1.401e+02 1 0))INFO: dtree.c(1351): Comp split 13
INFO: dtree.c(1483): stop. leaf nodes are specific
INFO: dtree.c(1524): Final simple tree
|( QUESTION0 -1 -5.528e+02 1.337e+02 5.974e+01
|    ( - -3.774e+02 1 0)
|    ( - -4.168e+01 1 0))
s>    ( QUESTION0 -1 -5.528e+02 1.337e+02 5.974e+01
s>        ( - -3.774e+02 1 0)
s>        ( - -4.168e+01 1 0))INFO: dtree.c(1351): Comp split 14
INFO: dtree.c(1483): stop. leaf nodes are specific
INFO: dtree.c(1524): Final simple tree
|( QUESTION2 -1 -8.002e+02 1.171e+02 4.812e+01
|    ( - 5.351e+01 1 0)
|    ( WDBNDRY_B 0 -7.366e+02 9.285e+01 4.512e+01
|        ( - -4.543e+02 3 0)
|        ( - -1.894e+02 1 0)))
s>    ( QUESTION2 -1 -8.002e+02 1.171e+02 4.812e+01
s>        ( - 5.351e+01 1 0)
s>        ( WDBNDRY_B 0 -7.366e+02 9.285e+01 4.512e+01
s>            ( - -4.543e+02 3 0)
s>            ( - -1.894e+02 1 0)))INFO: dtree.c(1483): stop. leaf nodes are specific
INFO: dtree.c(1524): Final simple tree
|( WDBNDRY_E 0 -1.274e+01 1.123e+02 1.400e+01
|    ( - 1.007e+02 1 0)
|    ( - -1.212e+00 1 0))
s>    ( WDBNDRY_E 0 -1.274e+01 1.123e+02 1.400e+01
s>        ( - 1.007e+02 1 0)
s>        ( - -1.212e+00 1 0))INFO: dtree.c(1351): Comp split 15
INFO: dtree.c(1483): stop. leaf nodes are specific
INFO: dtree.c(1524): Final simple tree
|( QUESTION0_19_R 1 -1.632e+02 1.432e+02 2.300e+01
|    ( - 1.363e+01 1 0)
|    ( SILENCE 1 -3.361e+01 1.222e+02 1.200e+01
|        ( - 2.064e+01 1 0)
|        ( - 6.793e+01 1 0)))
s>    ( QUESTION0_19_R 1 -1.632e+02 1.432e+02 2.300e+01
s>        ( - 1.363e+01 1 0)
s>        ( SILENCE 1 -3.361e+01 1.222e+02 1.200e+01
s>            ( - 2.064e+01 1 0)
s>            ( - 6.793e+01 1 0)))INFO: dtree.c(1351): Comp split 16
INFO: dtree.c(1483): stop. leaf nodes are specific
INFO: dtree.c(1524): Final simple tree
|( SILENCE 1 -3.361e+01 1.222e+02 1.200e+01
|    ( - 2.064e+01 1 0)
|    ( - 6.793e+01 1 0))
s>    ( SILENCE 1 -3.361e+01 1.222e+02 1.200e+01
s>        ( - 2.064e+01 1 0)
s>        ( - 6.793e+01 1 0))INFO: dtree.c(1351): Comp split 17
INFO: dtree.c(1351): Comp split 18
INFO: dtree.c(1351): Comp split 19
INFO: dtree.c(1483): stop. leaf nodes are specific
INFO: dtree.c(1524): Final simple tree
|( QUESTION12 1 1.458e+01 9.412e+01 1.000e+01
|    ( - 1.007e+01 1 0)
|    ( SILENCE -1 9.863e+01 1.003e+02 5.000e+00
|        ( - 1.099e+02 1 0)
|        ( - 8.899e+01 1 0)))
s>    ( QUESTION12 1 1.458e+01 9.412e+01 1.000e+01
s>        ( - 1.007e+01 1 0)
s>        ( SILENCE -1 9.863e+01 1.003e+02 5.000e+00
s>            ( - 1.099e+02 1 0)
s>            ( - 8.899e+01 1 0)))INFO: dtree.c(1351): Comp split 20
INFO: dtree.c(1351): Comp split 21
INFO: dtree.c(1483): stop. leaf nodes are specific
INFO: dtree.c(1524): Final simple tree
|( WDBNDRY_B 0 -1.390e+03 1.140e+02 1.030e+02
|    ( - -1.354e+03 4 0)
|    ( - 7.706e+01 1 0))
s>    ( WDBNDRY_B 0 -1.390e+03 1.140e+02 1.030e+02
s>        ( - -1.354e+03 4 0)
s>        ( - 7.706e+01 1 0))INFO: dtree.c(1351): Comp split 22
INFO: dtree.c(1351): Comp split 23
INFO: dtree.c(1483): stop. leaf nodes are specific
INFO: dtree.c(1524): Final simple tree
|( WDBNDRY_B 0 -7.366e+02 9.285e+01 4.512e+01
|    ( - -4.543e+02 3 0)
|    ( - -1.894e+02 1 0))
s>    ( WDBNDRY_B 0 -7.366e+02 9.285e+01 4.512e+01
s>        ( - -4.543e+02 3 0)
s>        ( - -1.894e+02 1 0))INFO: dtree.c(1351): Comp split 24
INFO: dtree.c(1351): Comp split 25
INFO: dtree.c(1483): stop. leaf nodes are specific
INFO: dtree.c(1524): Final simple tree
|( SILENCE -1 -1.107e+02 9.508e+01 2.740e+01
|    ( - 1.706e+01 1 0)
|    ( QUESTION0 -1 -3.263e+01 6.610e+01 1.224e+01
|        ( - -2.501e+01 1 0)
|        ( - 5.848e+01 1 0)))
s>    ( SILENCE -1 -1.107e+02 9.508e+01 2.740e+01
s>        ( - 1.706e+01 1 0)
s>        ( QUESTION0 -1 -3.263e+01 6.610e+01 1.224e+01
s>            ( - -2.501e+01 1 0)
s>            ( - 5.848e+01 1 0)))INFO: dtree.c(1483): stop. leaf nodes are specific
INFO: dtree.c(1524): Final simple tree
|( WDBNDRY_B 0 -3.414e+02 9.956e+01 4.479e+01
|    ( - -2.819e+02 1 0)
|    ( - 4.007e+01 1 0))
s>    ( WDBNDRY_B 0 -3.414e+02 9.956e+01 4.479e+01
s>        ( - -2.819e+02 1 0)
s>        ( - 4.007e+01 1 0))INFO: dtree.c(1351): Comp split 26
INFO: dtree.c(1351): Comp split 27
INFO: dtree.c(1351): Comp split 28
INFO: dtree.c(1483): stop. leaf nodes are specific
INFO: dtree.c(1524): Final simple tree
|( QUESTION0 -1 -3.263e+01 6.610e+01 1.224e+01
|    ( - -2.501e+01 1 0)
|    ( - 5.848e+01 1 0))
s>    ( QUESTION0 -1 -3.263e+01 6.610e+01 1.224e+01
s>        ( - -2.501e+01 1 0)
s>        ( - 5.848e+01 1 0))INFO: dtree.c(1351): Comp split 29
INFO: dtree.c(1483): stop. leaf nodes are specific
INFO: dtree.c(1524): Final simple tree
|( SILENCE -1 9.863e+01 1.003e+02 5.000e+00
|    ( - 1.099e+02 1 0)
|    ( - 8.899e+01 1 0))
s>    ( SILENCE -1 9.863e+01 1.003e+02 5.000e+00
s>        ( - 1.099e+02 1 0)
s>        ( - 8.899e+01 1 0))INFO: dtree.c(1351): Comp split 30
INFO: dtree.c(1351): Comp split 31
INFO: dtree.c(1351): Comp split 32
INFO: dtree.c(1351): Comp split 33
INFO: dtree.c(1354): stop. leaf nodes are specific
Tue May 31 10:27:56 2011
