INFO: cmd_ln.c(691): Parsing command line:
/home/xkrajnan/Plocha/GSoC/PocketSphinx/an4/bin/bldtree \
	-treefn /home/xkrajnan/Plocha/GSoC/PocketSphinx/an4/trees/an4.unpruned/W-1.dtree \
	-moddeffn /home/xkrajnan/Plocha/GSoC/PocketSphinx/an4/model_architecture/an4.untied.mdef \
	-mixwfn /home/xkrajnan/Plocha/GSoC/PocketSphinx/an4/model_parameters/an4.cd_cont_untied/mixture_weights \
	-ts2cbfn .cont. \
	-mwfloor 1e-08 \
	-psetfn /home/xkrajnan/Plocha/GSoC/PocketSphinx/an4/model_architecture/an4.tree_questions \
	-phone W \
	-state 1 \
	-stwt 1.0,0.05,0.0 \
	-meanfn /home/xkrajnan/Plocha/GSoC/PocketSphinx/an4/model_parameters/an4.cd_cont_untied/means \
	-varfn /home/xkrajnan/Plocha/GSoC/PocketSphinx/an4/model_parameters/an4.cd_cont_untied/variances \
	-fullvar no \
	-ssplitmin 1 \
	-ssplitmax 7 \
	-ssplitthr 0 \
	-csplitmin 1 \
	-csplitmax 2000 \
	-csplitthr 0 

Current configuration:
[NAME]		[DEFLT]	[VALUE]
-allphones	no	no
-cntthresh	0.00001	1.000000e-05
-csplitmax	100	2000
-csplitmin	1	1
-csplitthr	8e-4	0.000000e+00
-example	no	no
-fullvar	no	no
-help		no	no
-meanfn			/home/xkrajnan/Plocha/GSoC/PocketSphinx/an4/model_parameters/an4.cd_cont_untied/means
-mixwfn			/home/xkrajnan/Plocha/GSoC/PocketSphinx/an4/model_parameters/an4.cd_cont_untied/mixture_weights
-moddeffn		/home/xkrajnan/Plocha/GSoC/PocketSphinx/an4/model_architecture/an4.untied.mdef
-mwfloor	1e-4	1.000000e-08
-phone			W
-psetfn			/home/xkrajnan/Plocha/GSoC/PocketSphinx/an4/model_architecture/an4.tree_questions
-ssplitmax	5	7
-ssplitmin	1	1
-ssplitthr	8e-4	0.000000e+00
-state			1
-stwt			1.0,0.05,0.0,
-treefn			/home/xkrajnan/Plocha/GSoC/PocketSphinx/an4/trees/an4.unpruned/W-1.dtree
-ts2cbfn	.semi.	.cont.
-varfloor	0.00001	1.000000e-05
-varfn			/home/xkrajnan/Plocha/GSoC/PocketSphinx/an4/model_parameters/an4.cd_cont_untied/variances

INFO: main.c(228): Reading: /home/xkrajnan/Plocha/GSoC/PocketSphinx/an4/model_architecture/an4.untied.mdef
INFO: model_def_io.c(587): Model definition info:
INFO: model_def_io.c(588): 1618 total models defined (34 base, 1584 tri)
INFO: model_def_io.c(589): 6472 total states
INFO: model_def_io.c(590): 4854 total tied states
INFO: model_def_io.c(591): 102 total tied CI states
INFO: model_def_io.c(592): 34 total tied transition matrices
INFO: model_def_io.c(593): 4 max state/model
INFO: model_def_io.c(594): 4 min state/model
INFO: main.c(247): Building trees for [W AH AY b] through [W UW AY b]
INFO: main.c(275): Covering states |[4671 4724]| == 54
INFO: main.c(282): Reading: /home/xkrajnan/Plocha/GSoC/PocketSphinx/an4/model_parameters/an4.cd_cont_untied/mixture_weights
INFO: s3mixw_io.c(172): Read /home/xkrajnan/Plocha/GSoC/PocketSphinx/an4/model_parameters/an4.cd_cont_untied/mixture_weights [54x1x1 array]
INFO: main.c(320): 18 of 18 models have observation count greater than 0.000010
INFO: main.c(94): nrm stwt: 0.045 0.909 0.045 
INFO: s3gau_io.c(166): Read /home/xkrajnan/Plocha/GSoC/PocketSphinx/an4/model_parameters/an4.cd_cont_untied/means [4854x1x1 array]
INFO: s3gau_io.c(166): Read /home/xkrajnan/Plocha/GSoC/PocketSphinx/an4/model_parameters/an4.cd_cont_untied/variances [4854x1x1 array]
INFO: main.c(576): Reading: /home/xkrajnan/Plocha/GSoC/PocketSphinx/an4/model_architecture/an4.tree_questions
INFO: main.c(619): 180 total simple questions (172 phone; 8 word bndry)
INFO: main.c(621): 42 Left Only questions, and 42 Right Only questions
INFO: dtree.c(1524): Final simple tree
|( QUESTION0_0_R 1 -4.448e+03 1.747e+03 1.170e+03
|    ( - -1.132e+03 2 0 QUESTION2 -1 1.733e+02 1.031e+02)
|    ( WDBNDRY_B 0 -1.568e+03 1.291e+03 1.067e+03
|        ( QUESTION2_0_L -1 7.339e+02 3.260e+02 2.662e+02
|            ( QUESTION2_1_L -1 1.929e+02 1.847e+02 1.116e+02
|                ( - 2.198e+02 1 0)
|                ( QUESTION0 -1 1.579e+02 2.079e+02 3.180e+01
|                    ( - 2.338e+02 1 0)
|                    ( - 1.320e+02 1 0)))
|            ( QUESTION11 -1 8.670e+02 2.062e+02 1.546e+02
|                ( QUESTION2_17_L -1 7.230e+02 2.242e+02 5.272e+01
|                    ( - 3.688e+02 1 0)
|                    ( - 5.784e+02 2 0 QUESTION12 -1 1.328e+02 4.167e+01))
|                ( - 3.503e+02 9 0 QUESTION3 -1 1.784e+02 1.019e+02)))
|        ( - -1.012e+03 1 0)))
s>    ( QUESTION0_0_R 1 -4.448e+03 1.747e+03 1.170e+03
s>        ( - -1.132e+03 2 0 QUESTION2 -1 1.733e+02 1.031e+02)
s>        ( WDBNDRY_B 0 -1.568e+03 1.291e+03 1.067e+03
s>            ( QUESTION2_0_L -1 7.339e+02 3.260e+02 2.662e+02
s>                ( QUESTION2_1_L -1 1.929e+02 1.847e+02 1.116e+02
s>                    ( - 2.198e+02 1 0)
s>                    ( QUESTION0 -1 1.579e+02 2.079e+02 3.180e+01
s>                        ( - 2.338e+02 1 0)
s>                        ( - 1.320e+02 1 0)))
s>                ( QUESTION11 -1 8.670e+02 2.062e+02 1.546e+02
s>                    ( QUESTION2_17_L -1 7.230e+02 2.242e+02 5.272e+01
s>                        ( - 3.688e+02 1 0)
s>                        ( - 5.784e+02 2 0 QUESTION12 -1 1.328e+02 4.167e+01))
s>                    ( - 3.503e+02 9 0 QUESTION3 -1 1.784e+02 1.019e+02)))
s>            ( - -1.012e+03 1 0)))INFO: dtree.c(1351): Comp split 0
INFO: dtree.c(1524): Final simple tree
|( WDBNDRY_B 0 -1.568e+03 1.291e+03 1.067e+03
|    ( QUESTION2_0_L -1 7.339e+02 3.260e+02 2.662e+02
|        ( QUESTION2_1_L -1 1.929e+02 1.847e+02 1.116e+02
|            ( - 2.198e+02 1 0)
|            ( QUESTION0 -1 1.579e+02 2.079e+02 3.180e+01
|                ( - 2.338e+02 1 0)
|                ( - 1.320e+02 1 0)))
|        ( QUESTION11 -1 8.670e+02 2.062e+02 1.546e+02
|            ( QUESTION2_17_L -1 7.230e+02 2.242e+02 5.272e+01
|                ( - 3.688e+02 1 0)
|                ( - 5.784e+02 2 0 QUESTION12 -1 1.328e+02 4.167e+01))
|            ( QUESTION3 -1 3.503e+02 1.784e+02 1.019e+02
|                ( - 1.325e+02 1 0)
|                ( - 3.962e+02 8 0 QUESTION2_14_L -1 1.801e+02 9.887e+01))))
|    ( - -1.012e+03 1 0))
s>    ( WDBNDRY_B 0 -1.568e+03 1.291e+03 1.067e+03
s>        ( QUESTION2_0_L -1 7.339e+02 3.260e+02 2.662e+02
s>            ( QUESTION2_1_L -1 1.929e+02 1.847e+02 1.116e+02
s>                ( - 2.198e+02 1 0)
s>                ( QUESTION0 -1 1.579e+02 2.079e+02 3.180e+01
s>                    ( - 2.338e+02 1 0)
s>                    ( - 1.320e+02 1 0)))
s>            ( QUESTION11 -1 8.670e+02 2.062e+02 1.546e+02
s>                ( QUESTION2_17_L -1 7.230e+02 2.242e+02 5.272e+01
s>                    ( - 3.688e+02 1 0)
s>                    ( - 5.784e+02 2 0 QUESTION12 -1 1.328e+02 4.167e+01))
s>                ( QUESTION3 -1 3.503e+02 1.784e+02 1.019e+02
s>                    ( - 1.325e+02 1 0)
s>                    ( - 3.962e+02 8 0 QUESTION2_14_L -1 1.801e+02 9.887e+01))))
s>        ( - -1.012e+03 1 0))INFO: dtree.c(1483): stop. leaf nodes are specific
INFO: dtree.c(1524): Final simple tree
|( QUESTION2 -1 -1.132e+03 1.733e+02 1.031e+02
|    ( - -1.086e+03 1 0)
|    ( - 1.273e+02 1 0))
s>    ( QUESTION2 -1 -1.132e+03 1.733e+02 1.031e+02
s>        ( - -1.086e+03 1 0)
s>        ( - 1.273e+02 1 0))INFO: dtree.c(1351): Comp split 1
INFO: dtree.c(1524): Final simple tree
|( QUESTION2_0_L -1 7.339e+02 3.260e+02 2.662e+02
|    ( QUESTION2_1_L -1 1.929e+02 1.847e+02 1.116e+02
|        ( - 2.198e+02 1 0)
|        ( QUESTION0 -1 1.579e+02 2.079e+02 3.180e+01
|            ( - 2.338e+02 1 0)
|            ( - 1.320e+02 1 0)))
|    ( QUESTION11 -1 8.670e+02 2.062e+02 1.546e+02
|        ( QUESTION2_17_L -1 7.230e+02 2.242e+02 5.272e+01
|            ( - 3.688e+02 1 0)
|            ( - 5.784e+02 2 0 QUESTION12 -1 1.328e+02 4.167e+01))
|        ( QUESTION3 -1 3.503e+02 1.784e+02 1.019e+02
|            ( - 1.325e+02 1 0)
|            ( QUESTION2_14_L -1 3.962e+02 1.801e+02 9.887e+01
|                ( - 4.477e+02 5 0 QUESTION0 -1 1.360e+02 6.357e+01)
|                ( - 1.286e+02 3 0 SILENCE -1 1.513e+02 3.531e+01)))))
s>    ( QUESTION2_0_L -1 7.339e+02 3.260e+02 2.662e+02
s>        ( QUESTION2_1_L -1 1.929e+02 1.847e+02 1.116e+02
s>            ( - 2.198e+02 1 0)
s>            ( QUESTION0 -1 1.579e+02 2.079e+02 3.180e+01
s>                ( - 2.338e+02 1 0)
s>                ( - 1.320e+02 1 0)))
s>        ( QUESTION11 -1 8.670e+02 2.062e+02 1.546e+02
s>            ( QUESTION2_17_L -1 7.230e+02 2.242e+02 5.272e+01
s>                ( - 3.688e+02 1 0)
s>                ( - 5.784e+02 2 0 QUESTION12 -1 1.328e+02 4.167e+01))
s>            ( QUESTION3 -1 3.503e+02 1.784e+02 1.019e+02
s>                ( - 1.325e+02 1 0)
s>                ( QUESTION2_14_L -1 3.962e+02 1.801e+02 9.887e+01
s>                    ( - 4.477e+02 5 0 QUESTION0 -1 1.360e+02 6.357e+01)
s>                    ( - 1.286e+02 3 0 SILENCE -1 1.513e+02 3.531e+01)))))INFO: dtree.c(1351): Comp split 2
INFO: dtree.c(1483): stop. leaf nodes are specific
INFO: dtree.c(1524): Final simple tree
|( QUESTION11 -1 7.319e+02 1.968e+02 1.435e+02
|    ( QUESTION12 -1 5.784e+02 1.328e+02 4.167e+01
|        ( - 5.177e+02 1 0)
|        ( - 1.936e+02 1 0))
|    ( QUESTION3 -1 3.503e+02 1.784e+02 1.019e+02
|        ( - 1.325e+02 1 0)
|        ( QUESTION2_14_L -1 3.962e+02 1.801e+02 9.887e+01
|            ( QUESTION0 -1 4.477e+02 1.360e+02 6.357e+01
|                ( - 3.986e+02 4 0)
|                ( - 1.851e+02 1 0))
|            ( SILENCE -1 1.286e+02 1.513e+02 3.531e+01
|                ( - 1.614e+02 1 0)
|                ( - 1.184e+02 2 0)))))
s>    ( QUESTION11 -1 7.319e+02 1.968e+02 1.435e+02
s>        ( QUESTION12 -1 5.784e+02 1.328e+02 4.167e+01
s>            ( - 5.177e+02 1 0)
s>            ( - 1.936e+02 1 0))
s>        ( QUESTION3 -1 3.503e+02 1.784e+02 1.019e+02
s>            ( - 1.325e+02 1 0)
s>            ( QUESTION2_14_L -1 3.962e+02 1.801e+02 9.887e+01
s>                ( QUESTION0 -1 4.477e+02 1.360e+02 6.357e+01
s>                    ( - 3.986e+02 4 0)
s>                    ( - 1.851e+02 1 0))
s>                ( SILENCE -1 1.286e+02 1.513e+02 3.531e+01
s>                    ( - 1.614e+02 1 0)
s>                    ( - 1.184e+02 2 0)))))INFO: dtree.c(1483): stop. leaf nodes are specific
INFO: dtree.c(1524): Final simple tree
|( QUESTION2_0_L -1 3.364e+02 2.253e+02 1.226e+02
|    ( QUESTION2_1_L -1 1.929e+02 1.847e+02 1.116e+02
|        ( - 2.198e+02 1 0)
|        ( QUESTION0 -1 1.579e+02 2.079e+02 3.180e+01
|            ( - 2.338e+02 1 0)
|            ( - 1.320e+02 1 0)))
|    ( - 3.688e+02 1 0))
s>    ( QUESTION2_0_L -1 3.364e+02 2.253e+02 1.226e+02
s>        ( QUESTION2_1_L -1 1.929e+02 1.847e+02 1.116e+02
s>            ( - 2.198e+02 1 0)
s>            ( QUESTION0 -1 1.579e+02 2.079e+02 3.180e+01
s>                ( - 2.338e+02 1 0)
s>                ( - 1.320e+02 1 0)))
s>        ( - 3.688e+02 1 0))INFO: dtree.c(1351): Comp split 3
INFO: dtree.c(1483): stop. leaf nodes are specific
INFO: dtree.c(1524): Final simple tree
|( QUESTION2_1_L -1 1.929e+02 1.847e+02 1.116e+02
|    ( - 2.198e+02 1 0)
|    ( QUESTION0 -1 1.579e+02 2.079e+02 3.180e+01
|        ( - 2.338e+02 1 0)
|        ( - 1.320e+02 1 0)))
s>    ( QUESTION2_1_L -1 1.929e+02 1.847e+02 1.116e+02
s>        ( - 2.198e+02 1 0)
s>        ( QUESTION0 -1 1.579e+02 2.079e+02 3.180e+01
s>            ( - 2.338e+02 1 0)
s>            ( - 1.320e+02 1 0)))INFO: dtree.c(1351): Comp split 4
INFO: dtree.c(1483): stop. leaf nodes are specific
INFO: dtree.c(1524): Final simple tree
|( QUESTION0 -1 3.492e+02 1.819e+02 5.756e+01
|    ( - 3.986e+02 4 0)
|    ( - 1.325e+02 1 0))
s>    ( QUESTION0 -1 3.492e+02 1.819e+02 5.756e+01
s>        ( - 3.986e+02 4 0)
s>        ( - 1.325e+02 1 0))INFO: dtree.c(1483): stop. leaf nodes are specific
INFO: dtree.c(1524): Final simple tree
|( SILENCE -1 6.061e+02 1.605e+02 8.599e+01
|    ( - 1.614e+02 1 0)
|    ( QUESTION11 -1 6.052e+02 1.483e+02 7.268e+01
|        ( QUESTION12 -1 5.784e+02 1.328e+02 4.167e+01
|            ( - 5.177e+02 1 0)
|            ( - 1.936e+02 1 0))
|        ( QUESTION0 -1 1.751e+02 1.285e+02 3.101e+01
|            ( - 1.184e+02 2 0)
|            ( - 1.851e+02 1 0))))
s>    ( SILENCE -1 6.061e+02 1.605e+02 8.599e+01
s>        ( - 1.614e+02 1 0)
s>        ( QUESTION11 -1 6.052e+02 1.483e+02 7.268e+01
s>            ( QUESTION12 -1 5.784e+02 1.328e+02 4.167e+01
s>                ( - 5.177e+02 1 0)
s>                ( - 1.936e+02 1 0))
s>            ( QUESTION0 -1 1.751e+02 1.285e+02 3.101e+01
s>                ( - 1.184e+02 2 0)
s>                ( - 1.851e+02 1 0))))INFO: dtree.c(1351): Comp split 5
INFO: dtree.c(1483): stop. leaf nodes are specific
INFO: dtree.c(1524): Final simple tree
|( QUESTION0 -1 1.771e+02 1.747e+02 1.026e+02
|    ( - 2.198e+02 1 0)
|    ( - 1.320e+02 1 0))
s>    ( QUESTION0 -1 1.771e+02 1.747e+02 1.026e+02
s>        ( - 2.198e+02 1 0)
s>        ( - 1.320e+02 1 0))INFO: dtree.c(1351): Comp split 6
INFO: dtree.c(1351): Comp split 7
INFO: dtree.c(1351): Comp split 8
INFO: dtree.c(1351): Comp split 9
INFO: dtree.c(1483): stop. leaf nodes are specific
INFO: dtree.c(1524): Final simple tree
|( QUESTION11 -1 6.052e+02 1.483e+02 7.268e+01
|    ( QUESTION12 -1 5.784e+02 1.328e+02 4.167e+01
|        ( - 5.177e+02 1 0)
|        ( - 1.936e+02 1 0))
|    ( QUESTION0 -1 1.751e+02 1.285e+02 3.101e+01
|        ( - 1.184e+02 2 0)
|        ( - 1.851e+02 1 0)))
s>    ( QUESTION11 -1 6.052e+02 1.483e+02 7.268e+01
s>        ( QUESTION12 -1 5.784e+02 1.328e+02 4.167e+01
s>            ( - 5.177e+02 1 0)
s>            ( - 1.936e+02 1 0))
s>        ( QUESTION0 -1 1.751e+02 1.285e+02 3.101e+01
s>            ( - 1.184e+02 2 0)
s>            ( - 1.851e+02 1 0)))INFO: dtree.c(1351): Comp split 10
INFO: dtree.c(1483): stop. leaf nodes are specific
INFO: dtree.c(1524): Final simple tree
|( QUESTION0 -1 1.751e+02 1.285e+02 3.101e+01
|    ( - 1.184e+02 2 0)
|    ( - 1.851e+02 1 0))
s>    ( QUESTION0 -1 1.751e+02 1.285e+02 3.101e+01
s>        ( - 1.184e+02 2 0)
s>        ( - 1.851e+02 1 0))INFO: dtree.c(1483): stop. leaf nodes are specific
INFO: dtree.c(1524): Final simple tree
|( QUESTION12 -1 5.784e+02 1.328e+02 4.167e+01
|    ( - 5.177e+02 1 0)
|    ( - 1.936e+02 1 0))
s>    ( QUESTION12 -1 5.784e+02 1.328e+02 4.167e+01
s>        ( - 5.177e+02 1 0)
s>        ( - 1.936e+02 1 0))INFO: dtree.c(1351): Comp split 11
INFO: dtree.c(1351): Comp split 12
INFO: dtree.c(1351): Comp split 13
INFO: dtree.c(1354): stop. leaf nodes are specific
Tue May 31 10:28:23 2011
