INFO: cmd_ln.c(691): Parsing command line:
/home/xkrajnan/Plocha/GSoC/PocketSphinx/an4/bin/bldtree \
	-treefn /home/xkrajnan/Plocha/GSoC/PocketSphinx/an4/trees/an4.unpruned/S-1.dtree \
	-moddeffn /home/xkrajnan/Plocha/GSoC/PocketSphinx/an4/model_architecture/an4.untied.mdef \
	-mixwfn /home/xkrajnan/Plocha/GSoC/PocketSphinx/an4/model_parameters/an4.cd_cont_untied/mixture_weights \
	-ts2cbfn .cont. \
	-mwfloor 1e-08 \
	-psetfn /home/xkrajnan/Plocha/GSoC/PocketSphinx/an4/model_architecture/an4.tree_questions \
	-phone S \
	-state 1 \
	-stwt 1.0,0.05,0.0 \
	-meanfn /home/xkrajnan/Plocha/GSoC/PocketSphinx/an4/model_parameters/an4.cd_cont_untied/means \
	-varfn /home/xkrajnan/Plocha/GSoC/PocketSphinx/an4/model_parameters/an4.cd_cont_untied/variances \
	-fullvar no \
	-ssplitmin 1 \
	-ssplitmax 7 \
	-ssplitthr 0 \
	-csplitmin 1 \
	-csplitmax 2000 \
	-csplitthr 0 

Current configuration:
[NAME]		[DEFLT]	[VALUE]
-allphones	no	no
-cntthresh	0.00001	1.000000e-05
-csplitmax	100	2000
-csplitmin	1	1
-csplitthr	8e-4	0.000000e+00
-example	no	no
-fullvar	no	no
-help		no	no
-meanfn			/home/xkrajnan/Plocha/GSoC/PocketSphinx/an4/model_parameters/an4.cd_cont_untied/means
-mixwfn			/home/xkrajnan/Plocha/GSoC/PocketSphinx/an4/model_parameters/an4.cd_cont_untied/mixture_weights
-moddeffn		/home/xkrajnan/Plocha/GSoC/PocketSphinx/an4/model_architecture/an4.untied.mdef
-mwfloor	1e-4	1.000000e-08
-phone			S
-psetfn			/home/xkrajnan/Plocha/GSoC/PocketSphinx/an4/model_architecture/an4.tree_questions
-ssplitmax	5	7
-ssplitmin	1	1
-ssplitthr	8e-4	0.000000e+00
-state			1
-stwt			1.0,0.05,0.0,
-treefn			/home/xkrajnan/Plocha/GSoC/PocketSphinx/an4/trees/an4.unpruned/S-1.dtree
-ts2cbfn	.semi.	.cont.
-varfloor	0.00001	1.000000e-05
-varfn			/home/xkrajnan/Plocha/GSoC/PocketSphinx/an4/model_parameters/an4.cd_cont_untied/variances

INFO: main.c(228): Reading: /home/xkrajnan/Plocha/GSoC/PocketSphinx/an4/model_architecture/an4.untied.mdef
INFO: model_def_io.c(587): Model definition info:
INFO: model_def_io.c(588): 1618 total models defined (34 base, 1584 tri)
INFO: model_def_io.c(589): 6472 total states
INFO: model_def_io.c(590): 4854 total tied states
INFO: model_def_io.c(591): 102 total tied CI states
INFO: model_def_io.c(592): 34 total tied transition matrices
INFO: model_def_io.c(593): 4 max state/model
INFO: model_def_io.c(594): 4 min state/model
INFO: main.c(247): Building trees for [S AA T i] through [S V IH b]
INFO: main.c(275): Covering states |[3759 4079]| == 321
INFO: main.c(282): Reading: /home/xkrajnan/Plocha/GSoC/PocketSphinx/an4/model_parameters/an4.cd_cont_untied/mixture_weights
INFO: s3mixw_io.c(172): Read /home/xkrajnan/Plocha/GSoC/PocketSphinx/an4/model_parameters/an4.cd_cont_untied/mixture_weights [321x1x1 array]
INFO: main.c(320): 107 of 107 models have observation count greater than 0.000010
INFO: main.c(94): nrm stwt: 0.045 0.909 0.045 
INFO: s3gau_io.c(166): Read /home/xkrajnan/Plocha/GSoC/PocketSphinx/an4/model_parameters/an4.cd_cont_untied/means [4854x1x1 array]
INFO: s3gau_io.c(166): Read /home/xkrajnan/Plocha/GSoC/PocketSphinx/an4/model_parameters/an4.cd_cont_untied/variances [4854x1x1 array]
INFO: main.c(576): Reading: /home/xkrajnan/Plocha/GSoC/PocketSphinx/an4/model_architecture/an4.tree_questions
INFO: main.c(619): 180 total simple questions (172 phone; 8 word bndry)
INFO: main.c(621): 42 Left Only questions, and 42 Right Only questions
INFO: dtree.c(1524): Final simple tree
|( QUESTION4 1 5.510e+04 3.629e+03 7.546e+03
|    ( WDBNDRY_I 0 2.127e+03 1.232e+03 6.592e+02
|        ( - 3.894e+02 4 0 QUESTION2 -1 2.510e+02 2.011e+02)
|        ( WDBNDRY_B 0 2.969e+03 8.264e+02 4.581e+02
|            ( - 1.845e+03 1 0)
|            ( - 1.950e+03 5 0 QUESTION0_0_R 1 2.987e+02 2.555e+02)))
|    ( SILENCE 1 5.660e+04 2.578e+03 6.887e+03
|        ( - 1.449e+04 2 0 QUESTION2 -1 4.784e+02 1.115e+03)
|        ( WDBNDRY_B 0 4.469e+04 1.557e+03 5.772e+03
|            ( QUESTION0 1 2.887e+04 1.187e+03 3.741e+03
|                ( - 8.128e+03 13 0 SILENCE -1 5.093e+02 8.368e+02)
|                ( - 2.192e+04 32 0 QUESTION2_18_L -1 7.845e+02 2.905e+03))
|            ( QUESTION2 -1 1.738e+04 1.038e+03 2.030e+03
|                ( - 5.180e+03 19 0 QUESTION0_1_R 1 2.684e+02 6.054e+02)
|                ( - 1.324e+04 31 0 QUESTION6 1 6.851e+02 1.425e+03)))))
s>    ( QUESTION4 1 5.510e+04 3.629e+03 7.546e+03
s>        ( WDBNDRY_I 0 2.127e+03 1.232e+03 6.592e+02
s>            ( - 3.894e+02 4 0 QUESTION2 -1 2.510e+02 2.011e+02)
s>            ( WDBNDRY_B 0 2.969e+03 8.264e+02 4.581e+02
s>                ( - 1.845e+03 1 0)
s>                ( - 1.950e+03 5 0 QUESTION0_0_R 1 2.987e+02 2.555e+02)))
s>        ( SILENCE 1 5.660e+04 2.578e+03 6.887e+03
s>            ( - 1.449e+04 2 0 QUESTION2 -1 4.784e+02 1.115e+03)
s>            ( WDBNDRY_B 0 4.469e+04 1.557e+03 5.772e+03
s>                ( QUESTION0 1 2.887e+04 1.187e+03 3.741e+03
s>                    ( - 8.128e+03 13 0 SILENCE -1 5.093e+02 8.368e+02)
s>                    ( - 2.192e+04 32 0 QUESTION2_18_L -1 7.845e+02 2.905e+03))
s>                ( QUESTION2 -1 1.738e+04 1.038e+03 2.030e+03
s>                    ( - 5.180e+03 19 0 QUESTION0_1_R 1 2.684e+02 6.054e+02)
s>                    ( - 1.324e+04 31 0 QUESTION6 1 6.851e+02 1.425e+03)))))INFO: dtree.c(1351): Comp split 0
INFO: dtree.c(1524): Final simple tree
|( SILENCE 1 5.813e+04 2.556e+03 7.142e+03
|    ( - 1.449e+04 2 0 QUESTION2 -1 4.784e+02 1.115e+03)
|    ( WDBNDRY_E 0 4.620e+04 1.714e+03 6.027e+03
|        ( QUESTION2 -1 1.893e+04 1.092e+03 2.272e+03
|            ( - 5.584e+03 20 0 QUESTION16 1 2.832e+02 6.575e+02)
|            ( QUESTION3 1 1.444e+04 6.361e+02 1.614e+03
|                ( - 7.930e+03 10 0 QUESTION0_0_R 1 2.996e+02 8.486e+02)
|                ( - 7.148e+03 23 0 QUESTION0 -1 4.078e+02 7.658e+02)))
|        ( QUESTION18 1 2.898e+04 1.190e+03 3.755e+03
|            ( QUESTION2_19_L -1 2.197e+04 7.866e+02 2.913e+03
|                ( - 3.196e+03 4 0 QUESTION0_0_R 1 2.841e+02 3.944e+02)
|                ( QUESTION2_1_L -1 1.956e+04 6.116e+02 2.518e+03
|                    ( - 4.812e+03 2 0 QUESTION0_0_R 1 2.657e+02 6.395e+02)
|                    ( - 1.536e+04 27 0 QUESTION1 -1 5.779e+02 1.879e+03)))
|            ( - 8.195e+03 14 0 SILENCE -1 5.155e+02 8.428e+02))))
s>    ( SILENCE 1 5.813e+04 2.556e+03 7.142e+03
s>        ( - 1.449e+04 2 0 QUESTION2 -1 4.784e+02 1.115e+03)
s>        ( WDBNDRY_E 0 4.620e+04 1.714e+03 6.027e+03
s>            ( QUESTION2 -1 1.893e+04 1.092e+03 2.272e+03
s>                ( - 5.584e+03 20 0 QUESTION16 1 2.832e+02 6.575e+02)
s>                ( QUESTION3 1 1.444e+04 6.361e+02 1.614e+03
s>                    ( - 7.930e+03 10 0 QUESTION0_0_R 1 2.996e+02 8.486e+02)
s>                    ( - 7.148e+03 23 0 QUESTION0 -1 4.078e+02 7.658e+02)))
s>            ( QUESTION18 1 2.898e+04 1.190e+03 3.755e+03
s>                ( QUESTION2_19_L -1 2.197e+04 7.866e+02 2.913e+03
s>                    ( - 3.196e+03 4 0 QUESTION0_0_R 1 2.841e+02 3.944e+02)
s>                    ( QUESTION2_1_L -1 1.956e+04 6.116e+02 2.518e+03
s>                        ( - 4.812e+03 2 0 QUESTION0_0_R 1 2.657e+02 6.395e+02)
s>                        ( - 1.536e+04 27 0 QUESTION1 -1 5.779e+02 1.879e+03)))
s>                ( - 8.195e+03 14 0 SILENCE -1 5.155e+02 8.428e+02))))INFO: dtree.c(1483): stop. leaf nodes are specific
INFO: dtree.c(1524): Final simple tree
|( WDBNDRY_B 0 1.093e+03 1.142e+03 4.037e+02
|    ( - 1.845e+03 1 0)
|    ( QUESTION2 -1 3.894e+02 2.510e+02 2.011e+02
|        ( - 4.222e+02 1 0)
|        ( QUESTION14 -1 2.182e+02 1.494e+02 2.462e+01
|            ( - 1.857e+02 1 0)
|            ( QUESTION12 -1 1.819e+02 1.113e+02 1.962e+01
|                ( - 1.184e+02 1 0)
|                ( - 1.748e+02 1 0)))))
s>    ( WDBNDRY_B 0 1.093e+03 1.142e+03 4.037e+02
s>        ( - 1.845e+03 1 0)
s>        ( QUESTION2 -1 3.894e+02 2.510e+02 2.011e+02
s>            ( - 4.222e+02 1 0)
s>            ( QUESTION14 -1 2.182e+02 1.494e+02 2.462e+01
s>                ( - 1.857e+02 1 0)
s>                ( QUESTION12 -1 1.819e+02 1.113e+02 1.962e+01
s>                    ( - 1.184e+02 1 0)
s>                    ( - 1.748e+02 1 0)))))INFO: dtree.c(1351): Comp split 1
INFO: dtree.c(1524): Final simple tree
|( QUESTION18 1 3.525e+04 1.439e+03 4.521e+03
|    ( QUESTION2_19_L -1 2.385e+04 7.931e+02 3.088e+03
|        ( - 3.196e+03 4 0 QUESTION0_0_R 1 2.841e+02 3.944e+02)
|        ( QUESTION2_1_L -1 2.145e+04 6.210e+02 2.694e+03
|            ( - 4.812e+03 2 0 QUESTION0_0_R 1 2.657e+02 6.395e+02)
|            ( QUESTION2 -1 1.726e+04 5.876e+02 2.054e+03
|                ( - 6.175e+03 7 0 QUESTION9 -1 3.382e+02 7.717e+02)
|                ( WDBNDRY_B 0 1.167e+04 3.864e+02 1.283e+03
|                    ( - 9.709e+03 19 0 QUESTION2_14_L -1 4.025e+02 1.099e+03)
|                    ( - 2.346e+03 3 0 QUESTION20 -1 2.838e+02 1.836e+02)))))
|    ( SILENCE -1 1.284e+04 5.910e+02 1.433e+03
|        ( - 2.121e+03 1 0)
|        ( QUESTION15 -1 1.131e+04 4.292e+02 1.237e+03
|            ( - 2.590e+03 11 0 QUESTION0_8_R 1 2.357e+02 3.539e+02)
|            ( - 9.149e+03 23 0 QUESTION2_10_L -1 3.334e+02 8.829e+02))))
s>    ( QUESTION18 1 3.525e+04 1.439e+03 4.521e+03
s>        ( QUESTION2_19_L -1 2.385e+04 7.931e+02 3.088e+03
s>            ( - 3.196e+03 4 0 QUESTION0_0_R 1 2.841e+02 3.944e+02)
s>            ( QUESTION2_1_L -1 2.145e+04 6.210e+02 2.694e+03
s>                ( - 4.812e+03 2 0 QUESTION0_0_R 1 2.657e+02 6.395e+02)
s>                ( QUESTION2 -1 1.726e+04 5.876e+02 2.054e+03
s>                    ( - 6.175e+03 7 0 QUESTION9 -1 3.382e+02 7.717e+02)
s>                    ( WDBNDRY_B 0 1.167e+04 3.864e+02 1.283e+03
s>                        ( - 9.709e+03 19 0 QUESTION2_14_L -1 4.025e+02 1.099e+03)
s>                        ( - 2.346e+03 3 0 QUESTION20 -1 2.838e+02 1.836e+02)))))
s>        ( SILENCE -1 1.284e+04 5.910e+02 1.433e+03
s>            ( - 2.121e+03 1 0)
s>            ( QUESTION15 -1 1.131e+04 4.292e+02 1.237e+03
s>                ( - 2.590e+03 11 0 QUESTION0_8_R 1 2.357e+02 3.539e+02)
s>                ( - 9.149e+03 23 0 QUESTION2_10_L -1 3.334e+02 8.829e+02))))INFO: dtree.c(1524): Final simple tree
|( SILENCE 1 2.546e+04 1.601e+03 2.621e+03
|    ( QUESTION2 -1 1.449e+04 4.784e+02 1.115e+03
|        ( - 8.134e+03 1 0)
|        ( - 6.837e+03 1 0))
|    ( QUESTION2 -1 1.256e+04 9.502e+02 1.506e+03
|        ( - 5.584e+03 20 0 QUESTION16 1 2.832e+02 6.575e+02)
|        ( QUESTION0_0_R 1 7.930e+03 2.996e+02 8.486e+02
|            ( QUESTION4 1 5.095e+03 3.719e+02 5.612e+02
|                ( - 1.079e+02 1 0)
|                ( - 5.359e+03 5 0 QUESTION0_9_R 1 1.984e+02 5.372e+02))
|            ( QUESTION4 1 3.134e+03 2.994e+02 2.873e+02
|                ( QUESTION0 -1 1.798e+03 2.851e+02 1.734e+02
|                    ( - 2.973e+02 1 0)
|                    ( - 1.786e+03 1 0))
|                ( - 1.635e+03 2 0 QUESTION0 -1 2.368e+02 1.139e+02)))))
s>    ( SILENCE 1 2.546e+04 1.601e+03 2.621e+03
s>        ( QUESTION2 -1 1.449e+04 4.784e+02 1.115e+03
s>            ( - 8.134e+03 1 0)
s>            ( - 6.837e+03 1 0))
s>        ( QUESTION2 -1 1.256e+04 9.502e+02 1.506e+03
s>            ( - 5.584e+03 20 0 QUESTION16 1 2.832e+02 6.575e+02)
s>            ( QUESTION0_0_R 1 7.930e+03 2.996e+02 8.486e+02
s>                ( QUESTION4 1 5.095e+03 3.719e+02 5.612e+02
s>                    ( - 1.079e+02 1 0)
s>                    ( - 5.359e+03 5 0 QUESTION0_9_R 1 1.984e+02 5.372e+02))
s>                ( QUESTION4 1 3.134e+03 2.994e+02 2.873e+02
s>                    ( QUESTION0 -1 1.798e+03 2.851e+02 1.734e+02
s>                        ( - 2.973e+02 1 0)
s>                        ( - 1.786e+03 1 0))
s>                    ( - 1.635e+03 2 0 QUESTION0 -1 2.368e+02 1.139e+02)))))INFO: dtree.c(1351): Comp split 2
INFO: dtree.c(1524): Final simple tree
|( QUESTION20 -1 1.338e+04 5.394e+02 1.420e+03
|    ( QUESTION0_5_R 1 3.433e+03 2.932e+02 4.435e+02
|        ( - 1.260e+03 2 0 QUESTION0_6_R 1 1.752e+02 1.036e+02)
|        ( QUESTION0_2_R 1 2.466e+03 2.642e+02 3.400e+02
|            ( - 4.618e+02 2 0 QUESTION0_3_R 1 1.081e+02 3.392e+01)
|            ( - 2.269e+03 8 0 QUESTION0_0_R 1 2.061e+02 3.060e+02)))
|    ( QUESTION2_10_L -1 1.048e+04 3.267e+02 9.769e+02
|        ( - 1.250e+03 1 0)
|        ( QUESTION12 1 9.559e+03 3.111e+02 9.156e+02
|            ( - 8.954e+02 3 0 QUESTION13 1 1.697e+02 4.200e+01)
|            ( QUESTION2_0_L -1 8.975e+03 2.899e+02 8.736e+02
|                ( - 3.472e+03 3 0 QUESTION2_1_L -1 2.047e+02 3.632e+02)
|                ( QUESTION0 -1 5.792e+03 3.149e+02 5.104e+02
|                    ( - 4.241e+03 12 0 QUESTION0_4_R 1 2.222e+02 3.663e+02)
|                    ( - 1.866e+03 6 0 QUESTION4 -1 2.108e+02 1.441e+02))))))
s>    ( QUESTION20 -1 1.338e+04 5.394e+02 1.420e+03
s>        ( QUESTION0_5_R 1 3.433e+03 2.932e+02 4.435e+02
s>            ( - 1.260e+03 2 0 QUESTION0_6_R 1 1.752e+02 1.036e+02)
s>            ( QUESTION0_2_R 1 2.466e+03 2.642e+02 3.400e+02
s>                ( - 4.618e+02 2 0 QUESTION0_3_R 1 1.081e+02 3.392e+01)
s>                ( - 2.269e+03 8 0 QUESTION0_0_R 1 2.061e+02 3.060e+02)))
s>        ( QUESTION2_10_L -1 1.048e+04 3.267e+02 9.769e+02
s>            ( - 1.250e+03 1 0)
s>            ( QUESTION12 1 9.559e+03 3.111e+02 9.156e+02
s>                ( - 8.954e+02 3 0 QUESTION13 1 1.697e+02 4.200e+01)
s>                ( QUESTION2_0_L -1 8.975e+03 2.899e+02 8.736e+02
s>                    ( - 3.472e+03 3 0 QUESTION2_1_L -1 2.047e+02 3.632e+02)
s>                    ( QUESTION0 -1 5.792e+03 3.149e+02 5.104e+02
s>                        ( - 4.241e+03 12 0 QUESTION0_4_R 1 2.222e+02 3.663e+02)
s>                        ( - 1.866e+03 6 0 QUESTION4 -1 2.108e+02 1.441e+02))))))INFO: dtree.c(1524): Final simple tree
|( QUESTION2_18_L -1 2.362e+04 7.828e+02 3.101e+03
|    ( - 3.196e+03 4 0 QUESTION0_0_R 1 2.841e+02 3.944e+02)
|    ( QUESTION2_1_L -1 2.121e+04 6.760e+02 2.707e+03
|        ( - 4.812e+03 2 0 QUESTION0_0_R 1 2.657e+02 6.395e+02)
|        ( QUESTION1 -1 1.707e+04 6.113e+02 2.067e+03
|            ( QUESTION9 -1 6.823e+03 3.359e+02 8.517e+02
|                ( - 1.077e+03 2 0 QUESTION0_0_R 1 1.417e+02 1.022e+02)
|                ( QUESTION2 -1 6.082e+03 3.125e+02 7.495e+02
|                    ( QUESTION0_0_R 1 5.437e+03 3.256e+02 6.695e+02
|                        ( - 2.110e+03 2 0 QUESTION3 -1 9.202e+01 2.587e+02)
|                        ( - 3.653e+03 3 0 QUESTION5 -1 1.285e+02 4.108e+02))
|                    ( - 9.577e+02 5 0 QUESTION2_14_L -1 2.128e+02 8.002e+01)))
|            ( QUESTION2_14_L -1 1.086e+04 4.595e+02 1.215e+03
|                ( - 4.591e+03 7 0 QUESTION0_0_R 1 2.698e+02 5.639e+02)
|                ( - 6.731e+03 8 0 QUESTION0 1 2.618e+02 6.514e+02)))))
s>    ( QUESTION2_18_L -1 2.362e+04 7.828e+02 3.101e+03
s>        ( - 3.196e+03 4 0 QUESTION0_0_R 1 2.841e+02 3.944e+02)
s>        ( QUESTION2_1_L -1 2.121e+04 6.760e+02 2.707e+03
s>            ( - 4.812e+03 2 0 QUESTION0_0_R 1 2.657e+02 6.395e+02)
s>            ( QUESTION1 -1 1.707e+04 6.113e+02 2.067e+03
s>                ( QUESTION9 -1 6.823e+03 3.359e+02 8.517e+02
s>                    ( - 1.077e+03 2 0 QUESTION0_0_R 1 1.417e+02 1.022e+02)
s>                    ( QUESTION2 -1 6.082e+03 3.125e+02 7.495e+02
s>                        ( QUESTION0_0_R 1 5.437e+03 3.256e+02 6.695e+02
s>                            ( - 2.110e+03 2 0 QUESTION3 -1 9.202e+01 2.587e+02)
s>                            ( - 3.653e+03 3 0 QUESTION5 -1 1.285e+02 4.108e+02))
s>                        ( - 9.577e+02 5 0 QUESTION2_14_L -1 2.128e+02 8.002e+01)))
s>                ( QUESTION2_14_L -1 1.086e+04 4.595e+02 1.215e+03
s>                    ( - 4.591e+03 7 0 QUESTION0_0_R 1 2.698e+02 5.639e+02)
s>                    ( - 6.731e+03 8 0 QUESTION0 1 2.618e+02 6.514e+02)))))INFO: dtree.c(1351): Comp split 3
INFO: dtree.c(1524): Final simple tree
|( QUESTION2 -1 1.256e+04 9.502e+02 1.506e+03
|    ( QUESTION16 1 5.584e+03 2.832e+02 6.575e+02
|        ( - 8.641e+02 2 0 QUESTION0_3_R 1 2.190e+02 7.887e+01)
|        ( QUESTION0_1_R 1 5.003e+03 2.567e+02 5.786e+02
|            ( - 1.616e+03 1 0)
|            ( - 3.644e+03 17 0 QUESTION6 1 2.167e+02 4.708e+02)))
|    ( QUESTION0_0_R 1 7.930e+03 2.996e+02 8.486e+02
|        ( QUESTION4 1 5.095e+03 3.719e+02 5.612e+02
|            ( - 1.079e+02 1 0)
|            ( - 5.359e+03 5 0 QUESTION0_9_R 1 1.984e+02 5.372e+02))
|        ( QUESTION4 1 3.134e+03 2.994e+02 2.873e+02
|            ( QUESTION0 -1 1.798e+03 2.851e+02 1.734e+02
|                ( - 2.973e+02 1 0)
|                ( - 1.786e+03 1 0))
|            ( - 1.635e+03 2 0 QUESTION0 -1 2.368e+02 1.139e+02))))
s>    ( QUESTION2 -1 1.256e+04 9.502e+02 1.506e+03
s>        ( QUESTION16 1 5.584e+03 2.832e+02 6.575e+02
s>            ( - 8.641e+02 2 0 QUESTION0_3_R 1 2.190e+02 7.887e+01)
s>            ( QUESTION0_1_R 1 5.003e+03 2.567e+02 5.786e+02
s>                ( - 1.616e+03 1 0)
s>                ( - 3.644e+03 17 0 QUESTION6 1 2.167e+02 4.708e+02)))
s>        ( QUESTION0_0_R 1 7.930e+03 2.996e+02 8.486e+02
s>            ( QUESTION4 1 5.095e+03 3.719e+02 5.612e+02
s>                ( - 1.079e+02 1 0)
s>                ( - 5.359e+03 5 0 QUESTION0_9_R 1 1.984e+02 5.372e+02))
s>            ( QUESTION4 1 3.134e+03 2.994e+02 2.873e+02
s>                ( QUESTION0 -1 1.798e+03 2.851e+02 1.734e+02
s>                    ( - 2.973e+02 1 0)
s>                    ( - 1.786e+03 1 0))
s>                ( - 1.635e+03 2 0 QUESTION0 -1 2.368e+02 1.139e+02))))INFO: dtree.c(1483): stop. leaf nodes are specific
INFO: dtree.c(1524): Final simple tree
|( QUESTION2 -1 1.449e+04 4.784e+02 1.115e+03
|    ( - 8.134e+03 1 0)
|    ( - 6.837e+03 1 0))
s>    ( QUESTION2 -1 1.449e+04 4.784e+02 1.115e+03
s>        ( - 8.134e+03 1 0)
s>        ( - 6.837e+03 1 0))INFO: dtree.c(1351): Comp split 4
INFO: dtree.c(1483): stop. leaf nodes are specific
INFO: dtree.c(1524): Final simple tree
|( QUESTION2 -1 3.894e+02 2.510e+02 2.011e+02
|    ( - 4.222e+02 1 0)
|    ( QUESTION14 -1 2.182e+02 1.494e+02 2.462e+01
|        ( - 1.857e+02 1 0)
|        ( QUESTION12 -1 1.819e+02 1.113e+02 1.962e+01
|            ( - 1.184e+02 1 0)
|            ( - 1.748e+02 1 0))))
s>    ( QUESTION2 -1 3.894e+02 2.510e+02 2.011e+02
s>        ( - 4.222e+02 1 0)
s>        ( QUESTION14 -1 2.182e+02 1.494e+02 2.462e+01
s>            ( - 1.857e+02 1 0)
s>            ( QUESTION12 -1 1.819e+02 1.113e+02 1.962e+01
s>                ( - 1.184e+02 1 0)
s>                ( - 1.748e+02 1 0))))INFO: dtree.c(1351): Comp split 5
INFO: dtree.c(1524): Final simple tree
|( QUESTION2 -1 1.026e+04 6.336e+02 1.389e+03
|    ( QUESTION0_0_R 1 5.437e+03 3.256e+02 6.695e+02
|        ( - 2.110e+03 2 0 QUESTION3 -1 9.202e+01 2.587e+02)
|        ( - 3.653e+03 3 0 QUESTION5 -1 1.285e+02 4.108e+02))
|    ( QUESTION0 -1 5.461e+03 3.091e+02 7.195e+02
|        ( QUESTION0_0_R 1 4.812e+03 2.657e+02 6.395e+02
|            ( - 2.493e+03 1 0)
|            ( - 2.585e+03 1 0))
|        ( QUESTION2_14_L -1 9.577e+02 2.128e+02 8.002e+01
|            ( - 4.160e+02 1 0)
|            ( QUESTION17 -1 7.545e+02 1.827e+02 6.602e+01
|                ( - 4.672e+02 2 0 QUESTION0_0_R 1 1.474e+02 3.000e+01)
|                ( QUESTION12 -1 4.700e+02 1.613e+02 3.602e+01
|                    ( - 3.130e+02 1 0)
|                    ( - 3.184e+02 1 0))))))
s>    ( QUESTION2 -1 1.026e+04 6.336e+02 1.389e+03
s>        ( QUESTION0_0_R 1 5.437e+03 3.256e+02 6.695e+02
s>            ( - 2.110e+03 2 0 QUESTION3 -1 9.202e+01 2.587e+02)
s>            ( - 3.653e+03 3 0 QUESTION5 -1 1.285e+02 4.108e+02))
s>        ( QUESTION0 -1 5.461e+03 3.091e+02 7.195e+02
s>            ( QUESTION0_0_R 1 4.812e+03 2.657e+02 6.395e+02
s>                ( - 2.493e+03 1 0)
s>                ( - 2.585e+03 1 0))
s>            ( QUESTION2_14_L -1 9.577e+02 2.128e+02 8.002e+01
s>                ( - 4.160e+02 1 0)
s>                ( QUESTION17 -1 7.545e+02 1.827e+02 6.602e+01
s>                    ( - 4.672e+02 2 0 QUESTION0_0_R 1 1.474e+02 3.000e+01)
s>                    ( QUESTION12 -1 4.700e+02 1.613e+02 3.602e+01
s>                        ( - 3.130e+02 1 0)
s>                        ( - 3.184e+02 1 0))))))INFO: dtree.c(1524): Final simple tree
|( SILENCE -1 1.436e+04 5.904e+02 1.712e+03
|    ( QUESTION0 1 5.361e+03 2.377e+02 5.124e+02
|        ( - 2.121e+03 1 0)
|        ( - 3.477e+03 2 0 QUESTION0_0_R 1 1.900e+02 3.161e+02))
|    ( QUESTION11 -1 9.590e+03 4.347e+02 1.200e+03
|        ( QUESTION0_0_R 1 3.196e+03 2.841e+02 3.944e+02
|            ( - 9.711e+02 2 0 QUESTION12 -1 1.948e+02 1.727e+02)
|            ( - 2.509e+03 2 0 QUESTION12 -1 1.829e+02 2.217e+02))
|        ( QUESTION0_0_R 1 6.829e+03 2.434e+02 8.052e+02
|            ( QUESTION2_0_L -1 2.006e+03 2.883e+02 3.000e+02
|                ( - 2.363e+02 1 0)
|                ( QUESTION2_9_L -1 2.058e+03 2.438e+02 2.990e+02
|                    ( - 1.250e+03 2 0 QUESTION0 -1 1.231e+02 1.072e+02)
|                    ( - 1.052e+03 4 0)))
|            ( - 5.066e+03 7 0 QUESTION0 -1 1.969e+02 5.051e+02))))
s>    ( SILENCE -1 1.436e+04 5.904e+02 1.712e+03
s>        ( QUESTION0 1 5.361e+03 2.377e+02 5.124e+02
s>            ( - 2.121e+03 1 0)
s>            ( - 3.477e+03 2 0 QUESTION0_0_R 1 1.900e+02 3.161e+02))
s>        ( QUESTION11 -1 9.590e+03 4.347e+02 1.200e+03
s>            ( QUESTION0_0_R 1 3.196e+03 2.841e+02 3.944e+02
s>                ( - 9.711e+02 2 0 QUESTION12 -1 1.948e+02 1.727e+02)
s>                ( - 2.509e+03 2 0 QUESTION12 -1 1.829e+02 2.217e+02))
s>            ( QUESTION0_0_R 1 6.829e+03 2.434e+02 8.052e+02
s>                ( QUESTION2_0_L -1 2.006e+03 2.883e+02 3.000e+02
s>                    ( - 2.363e+02 1 0)
s>                    ( QUESTION2_9_L -1 2.058e+03 2.438e+02 2.990e+02
s>                        ( - 1.250e+03 2 0 QUESTION0 -1 1.231e+02 1.072e+02)
s>                        ( - 1.052e+03 4 0)))
s>                ( - 5.066e+03 7 0 QUESTION0 -1 1.969e+02 5.051e+02))))INFO: dtree.c(1351): Comp split 6
INFO: dtree.c(1524): Final simple tree
|( QUESTION2 -1 5.363e+03 4.610e+02 6.925e+02
|    ( QUESTION16 1 5.584e+03 2.832e+02 6.575e+02
|        ( QUESTION0_3_R 1 8.641e+02 2.190e+02 7.887e+01
|            ( - 2.380e+02 1 0)
|            ( - 8.451e+02 1 0))
|        ( QUESTION0_1_R 1 5.003e+03 2.567e+02 5.786e+02
|            ( - 1.616e+03 1 0)
|            ( QUESTION6 1 3.644e+03 2.167e+02 4.708e+02
|                ( - 3.918e+02 2 0 QUESTION0_0_R 1 1.804e+02 1.500e+01)
|                ( QUESTION11 1 3.469e+03 2.001e+02 4.558e+02
|                    ( - 5.954e+02 3 0 QUESTION0_0_R 1 1.480e+02 4.497e+01)
|                    ( QUESTION0_0_R 1 3.074e+03 1.882e+02 4.108e+02
|                        ( - 1.568e+03 5 0 QUESTION8 1 1.919e+02 1.702e+02)
|                        ( - 1.693e+03 7 0 QUESTION0 1 1.961e+02 2.407e+02))))))
|    ( - 2.393e+02 2 0 QUESTION0_0_R 1 1.658e+02 3.500e+01))
s>    ( QUESTION2 -1 5.363e+03 4.610e+02 6.925e+02
s>        ( QUESTION16 1 5.584e+03 2.832e+02 6.575e+02
s>            ( QUESTION0_3_R 1 8.641e+02 2.190e+02 7.887e+01
s>                ( - 2.380e+02 1 0)
s>                ( - 8.451e+02 1 0))
s>            ( QUESTION0_1_R 1 5.003e+03 2.567e+02 5.786e+02
s>                ( - 1.616e+03 1 0)
s>                ( QUESTION6 1 3.644e+03 2.167e+02 4.708e+02
s>                    ( - 3.918e+02 2 0 QUESTION0_0_R 1 1.804e+02 1.500e+01)
s>                    ( QUESTION11 1 3.469e+03 2.001e+02 4.558e+02
s>                        ( - 5.954e+02 3 0 QUESTION0_0_R 1 1.480e+02 4.497e+01)
s>                        ( QUESTION0_0_R 1 3.074e+03 1.882e+02 4.108e+02
s>                            ( - 1.568e+03 5 0 QUESTION8 1 1.919e+02 1.702e+02)
s>                            ( - 1.693e+03 7 0 QUESTION0 1 1.961e+02 2.407e+02))))))
s>        ( - 2.393e+02 2 0 QUESTION0_0_R 1 1.658e+02 3.500e+01))INFO: dtree.c(1524): Final simple tree
|( QUESTION0_0_R 1 8.195e+03 3.092e+02 8.136e+02
|    ( QUESTION0_9_R 1 5.359e+03 1.984e+02 5.372e+02
|        ( QUESTION0 -1 4.475e+03 1.945e+02 4.542e+02
|            ( - 4.030e+02 1 0)
|            ( - 4.267e+03 1 0))
|        ( QUESTION0_11_R 1 1.083e+03 2.345e+02 8.304e+01
|            ( QUESTION0 -1 9.013e+02 2.342e+02 5.900e+01
|                ( - 5.033e+02 1 0)
|                ( - 6.321e+02 1 0))
|            ( - 4.158e+02 1 0)))
|    ( QUESTION4 1 3.146e+03 2.759e+02 2.763e+02
|        ( - 1.786e+03 1 0)
|        ( QUESTION0 -1 1.635e+03 2.368e+02 1.139e+02
|            ( - 7.966e+02 1 0)
|            ( - 1.076e+03 1 0))))
s>    ( QUESTION0_0_R 1 8.195e+03 3.092e+02 8.136e+02
s>        ( QUESTION0_9_R 1 5.359e+03 1.984e+02 5.372e+02
s>            ( QUESTION0 -1 4.475e+03 1.945e+02 4.542e+02
s>                ( - 4.030e+02 1 0)
s>                ( - 4.267e+03 1 0))
s>            ( QUESTION0_11_R 1 1.083e+03 2.345e+02 8.304e+01
s>                ( QUESTION0 -1 9.013e+02 2.342e+02 5.900e+01
s>                    ( - 5.033e+02 1 0)
s>                    ( - 6.321e+02 1 0))
s>                ( - 4.158e+02 1 0)))
s>        ( QUESTION4 1 3.146e+03 2.759e+02 2.763e+02
s>            ( - 1.786e+03 1 0)
s>            ( QUESTION0 -1 1.635e+03 2.368e+02 1.139e+02
s>                ( - 7.966e+02 1 0)
s>                ( - 1.076e+03 1 0))))INFO: dtree.c(1351): Comp split 7
INFO: dtree.c(1483): stop. leaf nodes are specific
INFO: dtree.c(1524): Final simple tree
|( QUESTION0_0_R 1 5.714e+03 3.358e+02 7.055e+02
|    ( QUESTION3 -1 2.110e+03 9.202e+01 2.587e+02
|        ( - 4.695e+02 1 0)
|        ( - 1.732e+03 1 0))
|    ( QUESTION2 -1 3.940e+03 1.825e+02 4.469e+02
|        ( QUESTION5 -1 3.653e+03 1.285e+02 4.108e+02
|            ( - 1.927e+02 1 0)
|            ( QUESTION3 -1 3.588e+03 9.345e+01 4.068e+02
|                ( - 7.390e+02 1 0)
|                ( - 2.943e+03 1 0)))
|        ( QUESTION12 -1 4.700e+02 1.613e+02 3.602e+01
|            ( - 3.130e+02 1 0)
|            ( - 3.184e+02 1 0))))
s>    ( QUESTION0_0_R 1 5.714e+03 3.358e+02 7.055e+02
s>        ( QUESTION3 -1 2.110e+03 9.202e+01 2.587e+02
s>            ( - 4.695e+02 1 0)
s>            ( - 1.732e+03 1 0))
s>        ( QUESTION2 -1 3.940e+03 1.825e+02 4.469e+02
s>            ( QUESTION5 -1 3.653e+03 1.285e+02 4.108e+02
s>                ( - 1.927e+02 1 0)
s>                ( QUESTION3 -1 3.588e+03 9.345e+01 4.068e+02
s>                    ( - 7.390e+02 1 0)
s>                    ( - 2.943e+03 1 0)))
s>            ( QUESTION12 -1 4.700e+02 1.613e+02 3.602e+01
s>                ( - 3.130e+02 1 0)
s>                ( - 3.184e+02 1 0))))INFO: dtree.c(1483): stop. leaf nodes are specific
INFO: dtree.c(1524): Final simple tree
|( QUESTION0 -1 5.224e+03 3.031e+02 6.835e+02
|    ( QUESTION0_0_R 1 4.812e+03 2.657e+02 6.395e+02
|        ( - 2.493e+03 1 0)
|        ( - 2.585e+03 1 0))
|    ( QUESTION12 -1 7.152e+02 1.680e+02 4.400e+01
|        ( - 4.160e+02 1 0)
|        ( QUESTION0_0_R 1 4.672e+02 1.474e+02 3.000e+01
|            ( - 3.338e+02 1 0)
|            ( - 2.808e+02 1 0))))
s>    ( QUESTION0 -1 5.224e+03 3.031e+02 6.835e+02
s>        ( QUESTION0_0_R 1 4.812e+03 2.657e+02 6.395e+02
s>            ( - 2.493e+03 1 0)
s>            ( - 2.585e+03 1 0))
s>        ( QUESTION12 -1 7.152e+02 1.680e+02 4.400e+01
s>            ( - 4.160e+02 1 0)
s>            ( QUESTION0_0_R 1 4.672e+02 1.474e+02 3.000e+01
s>                ( - 3.338e+02 1 0)
s>                ( - 2.808e+02 1 0))))INFO: dtree.c(1351): Comp split 8
INFO: dtree.c(1524): Final simple tree
|( QUESTION0_0_R 1 8.603e+03 4.230e+02 1.091e+03
|    ( QUESTION0 -1 1.799e+03 2.247e+02 3.645e+02
|        ( - 1.052e+03 4 0)
|        ( QUESTION12 -1 9.711e+02 1.948e+02 1.727e+02
|            ( - 1.917e+02 1 0)
|            ( - 9.742e+02 1 0)))
|    ( QUESTION11 -1 7.227e+03 3.472e+02 7.268e+02
|        ( QUESTION12 -1 2.509e+03 1.829e+02 2.217e+02
|            ( - 1.133e+03 1 0)
|            ( - 1.558e+03 1 0))
|        ( QUESTION0 -1 5.066e+03 1.969e+02 5.051e+02
|            ( QUESTION2_9_L -1 4.506e+03 1.743e+02 4.413e+02
|                ( - 8.164e+02 2 0)
|                ( - 3.864e+03 4 0 QUESTION2_0_L -1 1.424e+02 3.791e+02))
|            ( - 7.570e+02 1 0))))
s>    ( QUESTION0_0_R 1 8.603e+03 4.230e+02 1.091e+03
s>        ( QUESTION0 -1 1.799e+03 2.247e+02 3.645e+02
s>            ( - 1.052e+03 4 0)
s>            ( QUESTION12 -1 9.711e+02 1.948e+02 1.727e+02
s>                ( - 1.917e+02 1 0)
s>                ( - 9.742e+02 1 0)))
s>        ( QUESTION11 -1 7.227e+03 3.472e+02 7.268e+02
s>            ( QUESTION12 -1 2.509e+03 1.829e+02 2.217e+02
s>                ( - 1.133e+03 1 0)
s>                ( - 1.558e+03 1 0))
s>            ( QUESTION0 -1 5.066e+03 1.969e+02 5.051e+02
s>                ( QUESTION2_9_L -1 4.506e+03 1.743e+02 4.413e+02
s>                    ( - 8.164e+02 2 0)
s>                    ( - 3.864e+03 4 0 QUESTION2_0_L -1 1.424e+02 3.791e+02))
s>                ( - 7.570e+02 1 0))))INFO: dtree.c(1483): stop. leaf nodes are specific
INFO: dtree.c(1524): Final simple tree
|( QUESTION2_0_L -1 6.360e+03 2.953e+02 6.206e+02
|    ( - 2.363e+02 1 0)
|    ( QUESTION0 1 6.419e+03 2.634e+02 6.196e+02
|        ( - 2.121e+03 1 0)
|        ( QUESTION0_0_R 1 4.562e+03 1.889e+02 4.233e+02
|            ( SILENCE -1 2.209e+03 1.667e+02 2.220e+02
|                ( - 1.126e+03 1 0)
|                ( QUESTION0 -1 1.250e+03 1.231e+02 1.072e+02
|                    ( - 9.113e+02 1 0)
|                    ( - 4.614e+02 1 0)))
|            ( - 2.541e+03 1 0))))
s>    ( QUESTION2_0_L -1 6.360e+03 2.953e+02 6.206e+02
s>        ( - 2.363e+02 1 0)
s>        ( QUESTION0 1 6.419e+03 2.634e+02 6.196e+02
s>            ( - 2.121e+03 1 0)
s>            ( QUESTION0_0_R 1 4.562e+03 1.889e+02 4.233e+02
s>                ( SILENCE -1 2.209e+03 1.667e+02 2.220e+02
s>                    ( - 1.126e+03 1 0)
s>                    ( QUESTION0 -1 1.250e+03 1.231e+02 1.072e+02
s>                        ( - 9.113e+02 1 0)
s>                        ( - 4.614e+02 1 0)))
s>                ( - 2.541e+03 1 0))))INFO: dtree.c(1351): Comp split 9
INFO: dtree.c(1524): Final simple tree
|( QUESTION2_10_L -1 1.069e+04 3.309e+02 1.011e+03
|    ( - 1.250e+03 1 0)
|    ( QUESTION12 1 9.774e+03 3.084e+02 9.495e+02
|        ( - 8.954e+02 3 0 QUESTION13 1 1.697e+02 4.200e+01)
|        ( QUESTION2_0_L -1 9.187e+03 2.922e+02 9.075e+02
|            ( WDBNDRY_B 0 3.686e+03 2.479e+02 3.971e+02
|                ( - 3.472e+03 3 0 QUESTION2_1_L -1 2.047e+02 3.632e+02)
|                ( - 4.618e+02 2 0 QUESTION0_3_R 1 1.081e+02 3.392e+01))
|            ( QUESTION0 -1 5.792e+03 3.149e+02 5.104e+02
|                ( QUESTION0_4_R 1 4.241e+03 2.222e+02 3.663e+02
|                    ( - 1.614e+03 2 0 QUESTION0_5_R 1 1.962e+02 9.899e+01)
|                    ( QUESTION0_14_R 1 2.849e+03 2.626e+02 2.673e+02
|                        ( - 1.090e+03 3 0 QUESTION0_15_R 1 1.353e+02 9.375e+01)
|                        ( - 2.022e+03 7 0 QUESTION0_1_R 1 1.943e+02 1.736e+02)))
|                ( - 1.866e+03 6 0 QUESTION4 -1 2.108e+02 1.441e+02)))))
s>    ( QUESTION2_10_L -1 1.069e+04 3.309e+02 1.011e+03
s>        ( - 1.250e+03 1 0)
s>        ( QUESTION12 1 9.774e+03 3.084e+02 9.495e+02
s>            ( - 8.954e+02 3 0 QUESTION13 1 1.697e+02 4.200e+01)
s>            ( QUESTION2_0_L -1 9.187e+03 2.922e+02 9.075e+02
s>                ( WDBNDRY_B 0 3.686e+03 2.479e+02 3.971e+02
s>                    ( - 3.472e+03 3 0 QUESTION2_1_L -1 2.047e+02 3.632e+02)
s>                    ( - 4.618e+02 2 0 QUESTION0_3_R 1 1.081e+02 3.392e+01))
s>                ( QUESTION0 -1 5.792e+03 3.149e+02 5.104e+02
s>                    ( QUESTION0_4_R 1 4.241e+03 2.222e+02 3.663e+02
s>                        ( - 1.614e+03 2 0 QUESTION0_5_R 1 1.962e+02 9.899e+01)
s>                        ( QUESTION0_14_R 1 2.849e+03 2.626e+02 2.673e+02
s>                            ( - 1.090e+03 3 0 QUESTION0_15_R 1 1.353e+02 9.375e+01)
s>                            ( - 2.022e+03 7 0 QUESTION0_1_R 1 1.943e+02 1.736e+02)))
s>                    ( - 1.866e+03 6 0 QUESTION4 -1 2.108e+02 1.441e+02)))))INFO: dtree.c(1483): stop. leaf nodes are specific
INFO: dtree.c(1524): Final simple tree
|( QUESTION0_0_R 1 3.275e+03 2.689e+02 4.096e+02
|    ( QUESTION0_1_R 1 1.441e+03 1.903e+02 1.196e+02
|        ( - 3.715e+02 1 0)
|        ( QUESTION0_6_R 1 1.260e+03 1.752e+02 1.036e+02
|            ( - 3.393e+02 1 0)
|            ( - 1.096e+03 1 0)))
|    ( QUESTION0_17_R 1 2.103e+03 1.698e+02 2.900e+02
|        ( - 4.214e+02 1 0)
|        ( QUESTION0_13_R 1 1.852e+03 1.615e+02 2.656e+02
|            ( QUESTION0 1 1.418e+03 1.561e+02 1.626e+02
|                ( - 1.398e+03 3 0)
|                ( - 1.756e+02 1 0))
|            ( - 5.956e+02 2 0))))
s>    ( QUESTION0_0_R 1 3.275e+03 2.689e+02 4.096e+02
s>        ( QUESTION0_1_R 1 1.441e+03 1.903e+02 1.196e+02
s>            ( - 3.715e+02 1 0)
s>            ( QUESTION0_6_R 1 1.260e+03 1.752e+02 1.036e+02
s>                ( - 3.393e+02 1 0)
s>                ( - 1.096e+03 1 0)))
s>        ( QUESTION0_17_R 1 2.103e+03 1.698e+02 2.900e+02
s>            ( - 4.214e+02 1 0)
s>            ( QUESTION0_13_R 1 1.852e+03 1.615e+02 2.656e+02
s>                ( QUESTION0 1 1.418e+03 1.561e+02 1.626e+02
s>                    ( - 1.398e+03 3 0)
s>                    ( - 1.756e+02 1 0))
s>                ( - 5.956e+02 2 0))))INFO: dtree.c(1351): Comp split 10
INFO: dtree.c(1483): stop. leaf nodes are specific
INFO: dtree.c(1524): Final simple tree
|( QUESTION2_9_L -1 2.965e+03 3.073e+02 2.349e+02
|    ( - 1.250e+03 1 0)
|    ( QUESTION0_1_R 1 2.022e+03 1.943e+02 1.736e+02
|        ( - 4.184e+02 1 0)
|        ( WDBNDRY_B 0 1.797e+03 1.440e+02 1.541e+02
|            ( - 9.411e+02 4 0)
|            ( QUESTION0_0_R 1 1.000e+03 1.776e+02 6.811e+01
|                ( - 7.436e+02 1 0)
|                ( - 4.343e+02 1 0)))))
s>    ( QUESTION2_9_L -1 2.965e+03 3.073e+02 2.349e+02
s>        ( - 1.250e+03 1 0)
s>        ( QUESTION0_1_R 1 2.022e+03 1.943e+02 1.736e+02
s>            ( - 4.184e+02 1 0)
s>            ( WDBNDRY_B 0 1.797e+03 1.440e+02 1.541e+02
s>                ( - 9.411e+02 4 0)
s>                ( QUESTION0_0_R 1 1.000e+03 1.776e+02 6.811e+01
s>                    ( - 7.436e+02 1 0)
s>                    ( - 4.343e+02 1 0)))))INFO: dtree.c(1524): Final simple tree
|( QUESTION2_14_L -1 8.240e+03 3.161e+02 7.759e+02
|    ( WDBNDRY_B 0 4.339e+03 2.646e+02 3.337e+02
|        ( - 1.313e+03 3 0 QUESTION2_17_L -1 1.480e+02 9.092e+01)
|        ( QUESTION0_13_R 1 3.291e+03 2.431e+02 2.427e+02
|            ( - 8.954e+02 3 0 QUESTION13 1 1.697e+02 4.200e+01)
|            ( QUESTION0_8_R 1 2.638e+03 1.865e+02 2.007e+02
|                ( - 3.423e+02 1 0)
|                ( - 2.482e+03 5 0 QUESTION0_17_R 1 1.554e+02 1.877e+02))))
|    ( WDBNDRY_B 0 4.217e+03 2.673e+02 4.423e+02
|        ( QUESTION2_1_L -1 3.933e+03 2.117e+02 4.023e+02
|            ( - 9.134e+02 1 0)
|            ( QUESTION0 -1 3.231e+03 1.980e+02 3.082e+02
|                ( - 1.867e+03 1 0)
|                ( - 1.562e+03 2 0 QUESTION2 -1 1.578e+02 1.527e+02)))
|        ( - 5.511e+02 3 0 WDBNDRY_E 0 1.408e+02 3.992e+01)))
s>    ( QUESTION2_14_L -1 8.240e+03 3.161e+02 7.759e+02
s>        ( WDBNDRY_B 0 4.339e+03 2.646e+02 3.337e+02
s>            ( - 1.313e+03 3 0 QUESTION2_17_L -1 1.480e+02 9.092e+01)
s>            ( QUESTION0_13_R 1 3.291e+03 2.431e+02 2.427e+02
s>                ( - 8.954e+02 3 0 QUESTION13 1 1.697e+02 4.200e+01)
s>                ( QUESTION0_8_R 1 2.638e+03 1.865e+02 2.007e+02
s>                    ( - 3.423e+02 1 0)
s>                    ( - 2.482e+03 5 0 QUESTION0_17_R 1 1.554e+02 1.877e+02))))
s>        ( WDBNDRY_B 0 4.217e+03 2.673e+02 4.423e+02
s>            ( QUESTION2_1_L -1 3.933e+03 2.117e+02 4.023e+02
s>                ( - 9.134e+02 1 0)
s>                ( QUESTION0 -1 3.231e+03 1.980e+02 3.082e+02
s>                    ( - 1.867e+03 1 0)
s>                    ( - 1.562e+03 2 0 QUESTION2 -1 1.578e+02 1.527e+02)))
s>            ( - 5.511e+02 3 0 WDBNDRY_E 0 1.408e+02 3.992e+01)))INFO: dtree.c(1351): Comp split 11
INFO: dtree.c(1351): Comp split 12
INFO: dtree.c(1524): Final simple tree
|( QUESTION16 1 5.584e+03 2.832e+02 6.575e+02
|    ( QUESTION0_3_R 1 8.641e+02 2.190e+02 7.887e+01
|        ( - 2.380e+02 1 0)
|        ( - 8.451e+02 1 0))
|    ( QUESTION0_1_R 1 5.003e+03 2.567e+02 5.786e+02
|        ( - 1.616e+03 1 0)
|        ( QUESTION6 1 3.644e+03 2.167e+02 4.708e+02
|            ( - 3.918e+02 2 0 QUESTION0_0_R 1 1.804e+02 1.500e+01)
|            ( QUESTION11 1 3.469e+03 2.001e+02 4.558e+02
|                ( - 5.954e+02 3 0 QUESTION0_0_R 1 1.480e+02 4.497e+01)
|                ( QUESTION0_0_R 1 3.074e+03 1.882e+02 4.108e+02
|                    ( - 1.568e+03 5 0 QUESTION8 1 1.919e+02 1.702e+02)
|                    ( QUESTION0 1 1.693e+03 1.961e+02 2.407e+02
|                        ( - 1.147e+03 4 0 QUESTION0_13_R 1 1.221e+02 1.516e+02)
|                        ( - 7.424e+02 3 0 QUESTION9 1 1.593e+02 8.904e+01)))))))
s>    ( QUESTION16 1 5.584e+03 2.832e+02 6.575e+02
s>        ( QUESTION0_3_R 1 8.641e+02 2.190e+02 7.887e+01
s>            ( - 2.380e+02 1 0)
s>            ( - 8.451e+02 1 0))
s>        ( QUESTION0_1_R 1 5.003e+03 2.567e+02 5.786e+02
s>            ( - 1.616e+03 1 0)
s>            ( QUESTION6 1 3.644e+03 2.167e+02 4.708e+02
s>                ( - 3.918e+02 2 0 QUESTION0_0_R 1 1.804e+02 1.500e+01)
s>                ( QUESTION11 1 3.469e+03 2.001e+02 4.558e+02
s>                    ( - 5.954e+02 3 0 QUESTION0_0_R 1 1.480e+02 4.497e+01)
s>                    ( QUESTION0_0_R 1 3.074e+03 1.882e+02 4.108e+02
s>                        ( - 1.568e+03 5 0 QUESTION8 1 1.919e+02 1.702e+02)
s>                        ( QUESTION0 1 1.693e+03 1.961e+02 2.407e+02
s>                            ( - 1.147e+03 4 0 QUESTION0_13_R 1 1.221e+02 1.516e+02)
s>                            ( - 7.424e+02 3 0 QUESTION9 1 1.593e+02 8.904e+01)))))))INFO: dtree.c(1483): stop. leaf nodes are specific
INFO: dtree.c(1524): Final simple tree
|( QUESTION0_0_R 1 2.393e+02 1.658e+02 3.500e+01
|    ( - 1.079e+02 1 0)
|    ( - 2.973e+02 1 0))
s>    ( QUESTION0_0_R 1 2.393e+02 1.658e+02 3.500e+01
s>        ( - 1.079e+02 1 0)
s>        ( - 2.973e+02 1 0))INFO: dtree.c(1351): Comp split 13
INFO: dtree.c(1524): Final simple tree
|( WDBNDRY_B 0 6.156e+03 2.593e+02 5.901e+02
|    ( QUESTION2_1_L -1 3.933e+03 2.117e+02 4.023e+02
|        ( - 9.134e+02 1 0)
|        ( QUESTION0 -1 3.231e+03 1.980e+02 3.082e+02
|            ( - 1.867e+03 1 0)
|            ( QUESTION2 -1 1.562e+03 1.578e+02 1.527e+02
|                ( - 6.289e+02 1 0)
|                ( - 1.091e+03 1 0))))
|    ( QUESTION0_17_R 1 2.482e+03 1.554e+02 1.877e+02
|        ( - 2.844e+02 1 0)
|        ( WDBNDRY_E 0 2.354e+03 1.442e+02 1.627e+02
|            ( QUESTION0_0_R 1 2.289e+03 1.203e+02 1.547e+02
|                ( - 1.468e+03 1 0)
|                ( - 9.414e+02 2 0))
|            ( - 2.089e+02 1 0))))
s>    ( WDBNDRY_B 0 6.156e+03 2.593e+02 5.901e+02
s>        ( QUESTION2_1_L -1 3.933e+03 2.117e+02 4.023e+02
s>            ( - 9.134e+02 1 0)
s>            ( QUESTION0 -1 3.231e+03 1.980e+02 3.082e+02
s>                ( - 1.867e+03 1 0)
s>                ( QUESTION2 -1 1.562e+03 1.578e+02 1.527e+02
s>                    ( - 6.289e+02 1 0)
s>                    ( - 1.091e+03 1 0))))
s>        ( QUESTION0_17_R 1 2.482e+03 1.554e+02 1.877e+02
s>            ( - 2.844e+02 1 0)
s>            ( WDBNDRY_E 0 2.354e+03 1.442e+02 1.627e+02
s>                ( QUESTION0_0_R 1 2.289e+03 1.203e+02 1.547e+02
s>                    ( - 1.468e+03 1 0)
s>                    ( - 9.414e+02 2 0))
s>                ( - 2.089e+02 1 0))))INFO: dtree.c(1524): Final simple tree
|( QUESTION12 1 2.517e+03 2.984e+02 1.858e+02
|    ( QUESTION13 1 8.954e+02 1.697e+02 4.200e+01
|        ( - 4.104e+02 1 0)
|        ( - 6.547e+02 2 0))
|    ( QUESTION11 -1 1.920e+03 1.518e+02 1.438e+02
|        ( QUESTION2_18_L -1 8.251e+02 1.462e+02 6.192e+01
|            ( - 4.340e+02 1 0)
|            ( WDBNDRY_B 0 5.373e+02 1.236e+02 3.992e+01
|                ( - 1.990e+02 1 0)
|                ( - 4.618e+02 2 0 QUESTION0_3_R 1 1.081e+02 3.392e+01)))
|        ( WDBNDRY_E 0 1.247e+03 1.393e+02 8.192e+01
|            ( - 3.423e+02 1 0)
|            ( WDBNDRY_B 0 1.044e+03 1.330e+02 6.892e+01
|                ( - 9.465e+02 1 0)
|                ( - 2.301e+02 1 0)))))
s>    ( QUESTION12 1 2.517e+03 2.984e+02 1.858e+02
s>        ( QUESTION13 1 8.954e+02 1.697e+02 4.200e+01
s>            ( - 4.104e+02 1 0)
s>            ( - 6.547e+02 2 0))
s>        ( QUESTION11 -1 1.920e+03 1.518e+02 1.438e+02
s>            ( QUESTION2_18_L -1 8.251e+02 1.462e+02 6.192e+01
s>                ( - 4.340e+02 1 0)
s>                ( WDBNDRY_B 0 5.373e+02 1.236e+02 3.992e+01
s>                    ( - 1.990e+02 1 0)
s>                    ( - 4.618e+02 2 0 QUESTION0_3_R 1 1.081e+02 3.392e+01)))
s>            ( WDBNDRY_E 0 1.247e+03 1.393e+02 8.192e+01
s>                ( - 3.423e+02 1 0)
s>                ( WDBNDRY_B 0 1.044e+03 1.330e+02 6.892e+01
s>                    ( - 9.465e+02 1 0)
s>                    ( - 2.301e+02 1 0)))))INFO: dtree.c(1351): Comp split 14
INFO: dtree.c(1483): stop. leaf nodes are specific
INFO: dtree.c(1524): Final simple tree
|( QUESTION11 -1 7.227e+03 3.472e+02 7.268e+02
|    ( QUESTION12 -1 2.509e+03 1.829e+02 2.217e+02
|        ( - 1.133e+03 1 0)
|        ( - 1.558e+03 1 0))
|    ( QUESTION0 -1 5.066e+03 1.969e+02 5.051e+02
|        ( QUESTION2_9_L -1 4.506e+03 1.743e+02 4.413e+02
|            ( - 8.164e+02 2 0)
|            ( QUESTION2_0_L -1 3.864e+03 1.424e+02 3.791e+02
|                ( - 1.981e+02 1 0)
|                ( - 3.808e+03 3 0)))
|        ( - 7.570e+02 1 0)))
s>    ( QUESTION11 -1 7.227e+03 3.472e+02 7.268e+02
s>        ( QUESTION12 -1 2.509e+03 1.829e+02 2.217e+02
s>            ( - 1.133e+03 1 0)
s>            ( - 1.558e+03 1 0))
s>        ( QUESTION0 -1 5.066e+03 1.969e+02 5.051e+02
s>            ( QUESTION2_9_L -1 4.506e+03 1.743e+02 4.413e+02
s>                ( - 8.164e+02 2 0)
s>                ( QUESTION2_0_L -1 3.864e+03 1.424e+02 3.791e+02
s>                    ( - 1.981e+02 1 0)
s>                    ( - 3.808e+03 3 0)))
s>            ( - 7.570e+02 1 0)))INFO: dtree.c(1483): stop. leaf nodes are specific
INFO: dtree.c(1524): Final simple tree
|( QUESTION0 -1 1.799e+03 2.247e+02 3.645e+02
|    ( - 1.052e+03 4 0)
|    ( QUESTION12 -1 9.711e+02 1.948e+02 1.727e+02
|        ( - 1.917e+02 1 0)
|        ( - 9.742e+02 1 0)))
s>    ( QUESTION0 -1 1.799e+03 2.247e+02 3.645e+02
s>        ( - 1.052e+03 4 0)
s>        ( QUESTION12 -1 9.711e+02 1.948e+02 1.727e+02
s>            ( - 1.917e+02 1 0)
s>            ( - 9.742e+02 1 0)))INFO: dtree.c(1351): Comp split 15
INFO: dtree.c(1483): stop. leaf nodes are specific
INFO: dtree.c(1524): Final simple tree
|( QUESTION0_9_R 1 4.866e+03 2.411e+02 4.882e+02
|    ( QUESTION0 -1 4.475e+03 1.945e+02 4.542e+02
|        ( - 4.030e+02 1 0)
|        ( - 4.267e+03 1 0))
|    ( - 6.321e+02 1 0))
s>    ( QUESTION0_9_R 1 4.866e+03 2.411e+02 4.882e+02
s>        ( QUESTION0 -1 4.475e+03 1.945e+02 4.542e+02
s>            ( - 4.030e+02 1 0)
s>            ( - 4.267e+03 1 0))
s>        ( - 6.321e+02 1 0))INFO: dtree.c(1483): stop. leaf nodes are specific
INFO: dtree.c(1524): Final simple tree
|( QUESTION6 1 3.700e+03 2.713e+02 3.254e+02
|    ( QUESTION0 -1 1.635e+03 2.368e+02 1.139e+02
|        ( - 7.966e+02 1 0)
|        ( - 1.076e+03 1 0))
|    ( QUESTION0_0_R 1 2.336e+03 1.861e+02 2.115e+02
|        ( QUESTION0_11_R 1 7.357e+02 1.834e+02 4.905e+01
|            ( - 5.033e+02 1 0)
|            ( - 4.158e+02 1 0))
|        ( - 1.786e+03 1 0)))
s>    ( QUESTION6 1 3.700e+03 2.713e+02 3.254e+02
s>        ( QUESTION0 -1 1.635e+03 2.368e+02 1.139e+02
s>            ( - 7.966e+02 1 0)
s>            ( - 1.076e+03 1 0))
s>        ( QUESTION0_0_R 1 2.336e+03 1.861e+02 2.115e+02
s>            ( QUESTION0_11_R 1 7.357e+02 1.834e+02 4.905e+01
s>                ( - 5.033e+02 1 0)
s>                ( - 4.158e+02 1 0))
s>            ( - 1.786e+03 1 0)))INFO: dtree.c(1351): Comp split 16
INFO: dtree.c(1483): stop. leaf nodes are specific
INFO: dtree.c(1524): Final simple tree
|( WDBNDRY_B 0 1.797e+03 1.440e+02 1.541e+02
|    ( - 9.411e+02 4 0)
|    ( QUESTION0_0_R 1 1.000e+03 1.776e+02 6.811e+01
|        ( - 7.436e+02 1 0)
|        ( - 4.343e+02 1 0)))
s>    ( WDBNDRY_B 0 1.797e+03 1.440e+02 1.541e+02
s>        ( - 9.411e+02 4 0)
s>        ( QUESTION0_0_R 1 1.000e+03 1.776e+02 6.811e+01
s>            ( - 7.436e+02 1 0)
s>            ( - 4.343e+02 1 0)))INFO: dtree.c(1483): stop. leaf nodes are specific
INFO: dtree.c(1524): Final simple tree
|( WDBNDRY_B 0 1.515e+03 1.539e+02 8.076e+01
|    ( - 1.250e+03 1 0)
|    ( - 4.184e+02 1 0))
s>    ( WDBNDRY_B 0 1.515e+03 1.539e+02 8.076e+01
s>        ( - 1.250e+03 1 0)
s>        ( - 4.184e+02 1 0))INFO: dtree.c(1351): Comp split 17
INFO: dtree.c(1483): stop. leaf nodes are specific
INFO: dtree.c(1524): Final simple tree
|( QUESTION0 -1 5.066e+03 1.969e+02 5.051e+02
|    ( QUESTION2_9_L -1 4.506e+03 1.743e+02 4.413e+02
|        ( - 8.164e+02 2 0)
|        ( QUESTION2_0_L -1 3.864e+03 1.424e+02 3.791e+02
|            ( - 1.981e+02 1 0)
|            ( - 3.808e+03 3 0)))
|    ( - 7.570e+02 1 0))
s>    ( QUESTION0 -1 5.066e+03 1.969e+02 5.051e+02
s>        ( QUESTION2_9_L -1 4.506e+03 1.743e+02 4.413e+02
s>            ( - 8.164e+02 2 0)
s>            ( QUESTION2_0_L -1 3.864e+03 1.424e+02 3.791e+02
s>                ( - 1.981e+02 1 0)
s>                ( - 3.808e+03 3 0)))
s>        ( - 7.570e+02 1 0))INFO: dtree.c(1483): stop. leaf nodes are specific
INFO: dtree.c(1524): Final simple tree
|( QUESTION12 -1 2.509e+03 1.829e+02 2.217e+02
|    ( - 1.133e+03 1 0)
|    ( - 1.558e+03 1 0))
s>    ( QUESTION12 -1 2.509e+03 1.829e+02 2.217e+02
s>        ( - 1.133e+03 1 0)
s>        ( - 1.558e+03 1 0))INFO: dtree.c(1351): Comp split 18
INFO: dtree.c(1483): stop. leaf nodes are specific
INFO: dtree.c(1524): Final simple tree
|( QUESTION2 -1 3.876e+03 1.821e+02 4.429e+02
|    ( QUESTION3 -1 3.588e+03 9.345e+01 4.068e+02
|        ( - 7.390e+02 1 0)
|        ( - 2.943e+03 1 0))
|    ( QUESTION12 -1 4.700e+02 1.613e+02 3.602e+01
|        ( - 3.130e+02 1 0)
|        ( - 3.184e+02 1 0)))
s>    ( QUESTION2 -1 3.876e+03 1.821e+02 4.429e+02
s>        ( QUESTION3 -1 3.588e+03 9.345e+01 4.068e+02
s>            ( - 7.390e+02 1 0)
s>            ( - 2.943e+03 1 0))
s>        ( QUESTION12 -1 4.700e+02 1.613e+02 3.602e+01
s>            ( - 3.130e+02 1 0)
s>            ( - 3.184e+02 1 0)))INFO: dtree.c(1483): stop. leaf nodes are specific
INFO: dtree.c(1524): Final simple tree
|( QUESTION0_0_R 1 2.177e+03 1.257e+02 2.627e+02
|    ( QUESTION3 -1 2.110e+03 9.202e+01 2.587e+02
|        ( - 4.695e+02 1 0)
|        ( - 1.732e+03 1 0))
|    ( - 1.927e+02 1 0))
s>    ( QUESTION0_0_R 1 2.177e+03 1.257e+02 2.627e+02
s>        ( QUESTION3 -1 2.110e+03 9.202e+01 2.587e+02
s>            ( - 4.695e+02 1 0)
s>            ( - 1.732e+03 1 0))
s>        ( - 1.927e+02 1 0))INFO: dtree.c(1351): Comp split 19
INFO: dtree.c(1524): Final simple tree
|( QUESTION11 1 3.620e+03 2.988e+02 4.807e+02
|    ( - 8.451e+02 1 0)
|    ( QUESTION0_0_R 1 3.074e+03 1.882e+02 4.108e+02
|        ( QUESTION8 1 1.568e+03 1.919e+02 1.702e+02
|            ( - 5.840e+02 1 0)
|            ( QUESTION0_11_R 1 1.176e+03 2.436e+02 1.343e+02
|                ( - 2.373e+02 1 0)
|                ( QUESTION0_9_R 1 1.183e+03 1.798e+02 1.333e+02
|                    ( - 2.914e+02 1 0)
|                    ( - 1.071e+03 2 0 QUESTION0_5_R 1 1.337e+02 1.243e+02))))
|        ( QUESTION0 1 1.693e+03 1.961e+02 2.407e+02
|            ( - 1.147e+03 4 0 QUESTION0_13_R 1 1.221e+02 1.516e+02)
|            ( QUESTION9 1 7.424e+02 1.593e+02 8.904e+01
|                ( - 1.793e+02 1 0)
|                ( - 7.224e+02 2 0 QUESTION0_13_R 1 1.211e+02 8.404e+01)))))
s>    ( QUESTION11 1 3.620e+03 2.988e+02 4.807e+02
s>        ( - 8.451e+02 1 0)
s>        ( QUESTION0_0_R 1 3.074e+03 1.882e+02 4.108e+02
s>            ( QUESTION8 1 1.568e+03 1.919e+02 1.702e+02
s>                ( - 5.840e+02 1 0)
s>                ( QUESTION0_11_R 1 1.176e+03 2.436e+02 1.343e+02
s>                    ( - 2.373e+02 1 0)
s>                    ( QUESTION0_9_R 1 1.183e+03 1.798e+02 1.333e+02
s>                        ( - 2.914e+02 1 0)
s>                        ( - 1.071e+03 2 0 QUESTION0_5_R 1 1.337e+02 1.243e+02))))
s>            ( QUESTION0 1 1.693e+03 1.961e+02 2.407e+02
s>                ( - 1.147e+03 4 0 QUESTION0_13_R 1 1.221e+02 1.516e+02)
s>                ( QUESTION9 1 7.424e+02 1.593e+02 8.904e+01
s>                    ( - 1.793e+02 1 0)
s>                    ( - 7.224e+02 2 0 QUESTION0_13_R 1 1.211e+02 8.404e+01)))))INFO: dtree.c(1483): stop. leaf nodes are specific
INFO: dtree.c(1524): Final simple tree
|( QUESTION2 1 2.299e+03 2.068e+02 1.768e+02
|    ( QUESTION0_0_R 1 3.918e+02 1.804e+02 1.500e+01
|        ( - 1.883e+02 1 0)
|        ( - 3.840e+02 1 0))
|    ( QUESTION0_3_R 1 2.113e+03 1.922e+02 1.618e+02
|        ( - 2.380e+02 1 0)
|        ( QUESTION0_2_R 1 2.068e+03 1.507e+02 1.528e+02
|            ( - 4.533e+02 1 0)
|            ( QUESTION0_0_R 1 1.765e+03 1.410e+02 1.268e+02
|                ( - 1.616e+03 1 0)
|                ( - 2.900e+02 2 0)))))
s>    ( QUESTION2 1 2.299e+03 2.068e+02 1.768e+02
s>        ( QUESTION0_0_R 1 3.918e+02 1.804e+02 1.500e+01
s>            ( - 1.883e+02 1 0)
s>            ( - 3.840e+02 1 0))
s>        ( QUESTION0_3_R 1 2.113e+03 1.922e+02 1.618e+02
s>            ( - 2.380e+02 1 0)
s>            ( QUESTION0_2_R 1 2.068e+03 1.507e+02 1.528e+02
s>                ( - 4.533e+02 1 0)
s>                ( QUESTION0_0_R 1 1.765e+03 1.410e+02 1.268e+02
s>                    ( - 1.616e+03 1 0)
s>                    ( - 2.900e+02 2 0)))))INFO: dtree.c(1351): Comp split 20
INFO: dtree.c(1524): Final simple tree
|( QUESTION0_11_R 1 2.679e+03 2.400e+02 3.750e+02
|    ( - 2.373e+02 1 0)
|    ( QUESTION0_13_R 1 2.682e+03 1.950e+02 3.740e+02
|        ( QUESTION0 1 1.401e+03 1.377e+02 1.837e+02
|            ( - 1.089e+03 2 0)
|            ( - 4.498e+02 1 0))
|        ( QUESTION0_9_R 1 1.476e+03 1.737e+02 1.903e+02
|            ( - 2.914e+02 1 0)
|            ( QUESTION0_17_R 1 1.358e+03 1.675e+02 1.813e+02
|                ( QUESTION9 1 4.243e+02 1.487e+02 4.001e+01
|                    ( - 1.793e+02 1 0)
|                    ( - 3.936e+02 1 0))
|                ( QUESTION0_0_R 1 1.102e+03 1.500e+02 1.413e+02
|                    ( - 1.071e+03 2 0 QUESTION0_5_R 1 1.337e+02 1.243e+02)
|                    ( - 1.806e+02 2 0))))))
s>    ( QUESTION0_11_R 1 2.679e+03 2.400e+02 3.750e+02
s>        ( - 2.373e+02 1 0)
s>        ( QUESTION0_13_R 1 2.682e+03 1.950e+02 3.740e+02
s>            ( QUESTION0 1 1.401e+03 1.377e+02 1.837e+02
s>                ( - 1.089e+03 2 0)
s>                ( - 4.498e+02 1 0))
s>            ( QUESTION0_9_R 1 1.476e+03 1.737e+02 1.903e+02
s>                ( - 2.914e+02 1 0)
s>                ( QUESTION0_17_R 1 1.358e+03 1.675e+02 1.813e+02
s>                    ( QUESTION9 1 4.243e+02 1.487e+02 4.001e+01
s>                        ( - 1.793e+02 1 0)
s>                        ( - 3.936e+02 1 0))
s>                    ( QUESTION0_0_R 1 1.102e+03 1.500e+02 1.413e+02
s>                        ( - 1.071e+03 2 0 QUESTION0_5_R 1 1.337e+02 1.243e+02)
s>                        ( - 1.806e+02 2 0))))))INFO: dtree.c(1483): stop. leaf nodes are specific
INFO: dtree.c(1524): Final simple tree
|( QUESTION0_5_R 1 1.282e+03 1.466e+02 1.057e+02
|    ( - 8.451e+02 1 0)
|    ( - 5.840e+02 1 0))
s>    ( QUESTION0_5_R 1 1.282e+03 1.466e+02 1.057e+02
s>        ( - 8.451e+02 1 0)
s>        ( - 5.840e+02 1 0))INFO: dtree.c(1351): Comp split 21
INFO: dtree.c(1483): stop. leaf nodes are specific
INFO: dtree.c(1524): Final simple tree
|( QUESTION12 -1 7.152e+02 1.680e+02 4.400e+01
|    ( - 4.160e+02 1 0)
|    ( QUESTION0_0_R 1 4.672e+02 1.474e+02 3.000e+01
|        ( - 3.338e+02 1 0)
|        ( - 2.808e+02 1 0)))
s>    ( QUESTION12 -1 7.152e+02 1.680e+02 4.400e+01
s>        ( - 4.160e+02 1 0)
s>        ( QUESTION0_0_R 1 4.672e+02 1.474e+02 3.000e+01
s>            ( - 3.338e+02 1 0)
s>            ( - 2.808e+02 1 0)))INFO: dtree.c(1483): stop. leaf nodes are specific
INFO: dtree.c(1524): Final simple tree
|( QUESTION0_0_R 1 4.812e+03 2.657e+02 6.395e+02
|    ( - 2.493e+03 1 0)
|    ( - 2.585e+03 1 0))
s>    ( QUESTION0_0_R 1 4.812e+03 2.657e+02 6.395e+02
s>        ( - 2.493e+03 1 0)
s>        ( - 2.585e+03 1 0))INFO: dtree.c(1351): Comp split 22
INFO: dtree.c(1483): stop. leaf nodes are specific
INFO: dtree.c(1524): Final simple tree
|( QUESTION11 -1 1.920e+03 1.518e+02 1.438e+02
|    ( QUESTION2_18_L -1 8.251e+02 1.462e+02 6.192e+01
|        ( - 4.340e+02 1 0)
|        ( WDBNDRY_B 0 5.373e+02 1.236e+02 3.992e+01
|            ( - 1.990e+02 1 0)
|            ( QUESTION0_3_R 1 4.618e+02 1.081e+02 3.392e+01
|                ( - 1.800e+02 1 0)
|                ( - 3.899e+02 1 0))))
|    ( WDBNDRY_E 0 1.247e+03 1.393e+02 8.192e+01
|        ( - 3.423e+02 1 0)
|        ( WDBNDRY_B 0 1.044e+03 1.330e+02 6.892e+01
|            ( - 9.465e+02 1 0)
|            ( - 2.301e+02 1 0))))
s>    ( QUESTION11 -1 1.920e+03 1.518e+02 1.438e+02
s>        ( QUESTION2_18_L -1 8.251e+02 1.462e+02 6.192e+01
s>            ( - 4.340e+02 1 0)
s>            ( WDBNDRY_B 0 5.373e+02 1.236e+02 3.992e+01
s>                ( - 1.990e+02 1 0)
s>                ( QUESTION0_3_R 1 4.618e+02 1.081e+02 3.392e+01
s>                    ( - 1.800e+02 1 0)
s>                    ( - 3.899e+02 1 0))))
s>        ( WDBNDRY_E 0 1.247e+03 1.393e+02 8.192e+01
s>            ( - 3.423e+02 1 0)
s>            ( WDBNDRY_B 0 1.044e+03 1.330e+02 6.892e+01
s>                ( - 9.465e+02 1 0)
s>                ( - 2.301e+02 1 0))))INFO: dtree.c(1483): stop. leaf nodes are specific
INFO: dtree.c(1524): Final simple tree
|( QUESTION13 1 8.954e+02 1.697e+02 4.200e+01
|    ( - 4.104e+02 1 0)
|    ( - 6.547e+02 2 0))
s>    ( QUESTION13 1 8.954e+02 1.697e+02 4.200e+01
s>        ( - 4.104e+02 1 0)
s>        ( - 6.547e+02 2 0))INFO: dtree.c(1351): Comp split 23
INFO: dtree.c(1483): stop. leaf nodes are specific
INFO: dtree.c(1524): Final simple tree
|( QUESTION0 1 6.419e+03 2.634e+02 6.196e+02
|    ( - 2.121e+03 1 0)
|    ( QUESTION0_0_R 1 4.562e+03 1.889e+02 4.233e+02
|        ( SILENCE -1 2.209e+03 1.667e+02 2.220e+02
|            ( - 1.126e+03 1 0)
|            ( QUESTION0 -1 1.250e+03 1.231e+02 1.072e+02
|                ( - 9.113e+02 1 0)
|                ( - 4.614e+02 1 0)))
|        ( - 2.541e+03 1 0)))
s>    ( QUESTION0 1 6.419e+03 2.634e+02 6.196e+02
s>        ( - 2.121e+03 1 0)
s>        ( QUESTION0_0_R 1 4.562e+03 1.889e+02 4.233e+02
s>            ( SILENCE -1 2.209e+03 1.667e+02 2.220e+02
s>                ( - 1.126e+03 1 0)
s>                ( QUESTION0 -1 1.250e+03 1.231e+02 1.072e+02
s>                    ( - 9.113e+02 1 0)
s>                    ( - 4.614e+02 1 0)))
s>            ( - 2.541e+03 1 0)))INFO: dtree.c(1351): Comp split 24
INFO: dtree.c(1483): stop. leaf nodes are specific
INFO: dtree.c(1524): Final simple tree
|( QUESTION0 -1 1.903e+03 1.630e+02 2.157e+02
|    ( - 9.134e+02 1 0)
|    ( WDBNDRY_B 0 1.152e+03 1.479e+02 1.215e+02
|        ( - 1.091e+03 1 0)
|        ( - 2.089e+02 1 0)))
s>    ( QUESTION0 -1 1.903e+03 1.630e+02 2.157e+02
s>        ( - 9.134e+02 1 0)
s>        ( WDBNDRY_B 0 1.152e+03 1.479e+02 1.215e+02
s>            ( - 1.091e+03 1 0)
s>            ( - 2.089e+02 1 0)))INFO: dtree.c(1483): stop. leaf nodes are specific
INFO: dtree.c(1524): Final simple tree
|( WDBNDRY_B 0 4.539e+03 1.983e+02 3.744e+02
|    ( QUESTION0 -1 2.326e+03 1.698e+02 1.947e+02
|        ( - 1.867e+03 1 0)
|        ( - 6.289e+02 1 0))
|    ( QUESTION0_17_R 1 2.411e+03 1.619e+02 1.797e+02
|        ( - 2.844e+02 1 0)
|        ( QUESTION0_0_R 1 2.289e+03 1.203e+02 1.547e+02
|            ( - 1.468e+03 1 0)
|            ( - 9.414e+02 2 0))))
s>    ( WDBNDRY_B 0 4.539e+03 1.983e+02 3.744e+02
s>        ( QUESTION0 -1 2.326e+03 1.698e+02 1.947e+02
s>            ( - 1.867e+03 1 0)
s>            ( - 6.289e+02 1 0))
s>        ( QUESTION0_17_R 1 2.411e+03 1.619e+02 1.797e+02
s>            ( - 2.844e+02 1 0)
s>            ( QUESTION0_0_R 1 2.289e+03 1.203e+02 1.547e+02
s>                ( - 1.468e+03 1 0)
s>                ( - 9.414e+02 2 0))))INFO: dtree.c(1351): Comp split 25
INFO: dtree.c(1483): stop. leaf nodes are specific
INFO: dtree.c(1524): Final simple tree
|( QUESTION0 -1 1.821e+03 2.406e+02 1.379e+02
|    ( - 7.966e+02 1 0)
|    ( QUESTION0_0_R 1 1.265e+03 2.261e+02 1.009e+02
|        ( - 4.158e+02 1 0)
|        ( - 1.076e+03 1 0)))
s>    ( QUESTION0 -1 1.821e+03 2.406e+02 1.379e+02
s>        ( - 7.966e+02 1 0)
s>        ( QUESTION0_0_R 1 1.265e+03 2.261e+02 1.009e+02
s>            ( - 4.158e+02 1 0)
s>            ( - 1.076e+03 1 0)))INFO: dtree.c(1483): stop. leaf nodes are specific
INFO: dtree.c(1524): Final simple tree
|( QUESTION0_0_R 1 2.151e+03 1.381e+02 1.874e+02
|    ( - 5.033e+02 1 0)
|    ( - 1.786e+03 1 0))
s>    ( QUESTION0_0_R 1 2.151e+03 1.381e+02 1.874e+02
s>        ( - 5.033e+02 1 0)
s>        ( - 1.786e+03 1 0))INFO: dtree.c(1351): Comp split 26
INFO: dtree.c(1483): stop. leaf nodes are specific
INFO: dtree.c(1524): Final simple tree
|( QUESTION0_17_R 1 2.103e+03 1.698e+02 2.900e+02
|    ( - 4.214e+02 1 0)
|    ( QUESTION0_13_R 1 1.852e+03 1.615e+02 2.656e+02
|        ( QUESTION0 1 1.418e+03 1.561e+02 1.626e+02
|            ( - 1.398e+03 3 0)
|            ( - 1.756e+02 1 0))
|        ( - 5.956e+02 2 0)))
s>    ( QUESTION0_17_R 1 2.103e+03 1.698e+02 2.900e+02
s>        ( - 4.214e+02 1 0)
s>        ( QUESTION0_13_R 1 1.852e+03 1.615e+02 2.656e+02
s>            ( QUESTION0 1 1.418e+03 1.561e+02 1.626e+02
s>                ( - 1.398e+03 3 0)
s>                ( - 1.756e+02 1 0))
s>            ( - 5.956e+02 2 0)))INFO: dtree.c(1483): stop. leaf nodes are specific
INFO: dtree.c(1524): Final simple tree
|( QUESTION0_1_R 1 1.441e+03 1.903e+02 1.196e+02
|    ( - 3.715e+02 1 0)
|    ( QUESTION0_6_R 1 1.260e+03 1.752e+02 1.036e+02
|        ( - 3.393e+02 1 0)
|        ( - 1.096e+03 1 0)))
s>    ( QUESTION0_1_R 1 1.441e+03 1.903e+02 1.196e+02
s>        ( - 3.715e+02 1 0)
s>        ( QUESTION0_6_R 1 1.260e+03 1.752e+02 1.036e+02
s>            ( - 3.393e+02 1 0)
s>            ( - 1.096e+03 1 0)))INFO: dtree.c(1351): Comp split 27
INFO: dtree.c(1351): Comp split 28
INFO: dtree.c(1483): stop. leaf nodes are specific
INFO: dtree.c(1524): Final simple tree
|( QUESTION0_9_R 1 8.646e+02 1.705e+02 4.900e+01
|    ( - 4.030e+02 1 0)
|    ( - 6.321e+02 1 0))
s>    ( QUESTION0_9_R 1 8.646e+02 1.705e+02 4.900e+01
s>        ( - 4.030e+02 1 0)
s>        ( - 6.321e+02 1 0))INFO: dtree.c(1351): Comp split 29
INFO: dtree.c(1483): stop. leaf nodes are specific
INFO: dtree.c(1524): Final simple tree
|( QUESTION0_0_R 1 4.562e+03 1.889e+02 4.233e+02
|    ( SILENCE -1 2.209e+03 1.667e+02 2.220e+02
|        ( - 1.126e+03 1 0)
|        ( QUESTION0 -1 1.250e+03 1.231e+02 1.072e+02
|            ( - 9.113e+02 1 0)
|            ( - 4.614e+02 1 0)))
|    ( - 2.541e+03 1 0))
s>    ( QUESTION0_0_R 1 4.562e+03 1.889e+02 4.233e+02
s>        ( SILENCE -1 2.209e+03 1.667e+02 2.220e+02
s>            ( - 1.126e+03 1 0)
s>            ( QUESTION0 -1 1.250e+03 1.231e+02 1.072e+02
s>                ( - 9.113e+02 1 0)
s>                ( - 4.614e+02 1 0)))
s>        ( - 2.541e+03 1 0))INFO: dtree.c(1351): Comp split 30
INFO: dtree.c(1483): stop. leaf nodes are specific
INFO: dtree.c(1524): Final simple tree
|( QUESTION14 -1 2.182e+02 1.494e+02 2.462e+01
|    ( - 1.857e+02 1 0)
|    ( QUESTION12 -1 1.819e+02 1.113e+02 1.962e+01
|        ( - 1.184e+02 1 0)
|        ( - 1.748e+02 1 0)))
s>    ( QUESTION14 -1 2.182e+02 1.494e+02 2.462e+01
s>        ( - 1.857e+02 1 0)
s>        ( QUESTION12 -1 1.819e+02 1.113e+02 1.962e+01
s>            ( - 1.184e+02 1 0)
s>            ( - 1.748e+02 1 0)))INFO: dtree.c(1351): Comp split 31
INFO: dtree.c(1483): stop. leaf nodes are specific
INFO: dtree.c(1524): Final simple tree
|( QUESTION0_8_R 1 2.087e+03 1.693e+02 1.548e+02
|    ( - 1.883e+02 1 0)
|    ( QUESTION0_2_R 1 2.068e+03 1.507e+02 1.528e+02
|        ( - 4.533e+02 1 0)
|        ( QUESTION0_0_R 1 1.765e+03 1.410e+02 1.268e+02
|            ( - 1.616e+03 1 0)
|            ( - 2.900e+02 2 0))))
s>    ( QUESTION0_8_R 1 2.087e+03 1.693e+02 1.548e+02
s>        ( - 1.883e+02 1 0)
s>        ( QUESTION0_2_R 1 2.068e+03 1.507e+02 1.528e+02
s>            ( - 4.533e+02 1 0)
s>            ( QUESTION0_0_R 1 1.765e+03 1.410e+02 1.268e+02
s>                ( - 1.616e+03 1 0)
s>                ( - 2.900e+02 2 0))))INFO: dtree.c(1483): stop. leaf nodes are specific
INFO: dtree.c(1524): Final simple tree
|( QUESTION0_0_R 1 4.608e+02 1.611e+02 2.200e+01
|    ( - 2.380e+02 1 0)
|    ( - 3.840e+02 1 0))
s>    ( QUESTION0_0_R 1 4.608e+02 1.611e+02 2.200e+01
s>        ( - 2.380e+02 1 0)
s>        ( - 3.840e+02 1 0))INFO: dtree.c(1351): Comp split 32
INFO: dtree.c(1483): stop. leaf nodes are specific
INFO: dtree.c(1524): Final simple tree
|( QUESTION0_0_R 1 1.265e+03 2.261e+02 1.009e+02
|    ( - 4.158e+02 1 0)
|    ( - 1.076e+03 1 0))
s>    ( QUESTION0_0_R 1 1.265e+03 2.261e+02 1.009e+02
s>        ( - 4.158e+02 1 0)
s>        ( - 1.076e+03 1 0))INFO: dtree.c(1351): Comp split 33
INFO: dtree.c(1524): Final simple tree
|( QUESTION0_13_R 1 2.682e+03 1.950e+02 3.740e+02
|    ( QUESTION0 1 1.401e+03 1.377e+02 1.837e+02
|        ( - 1.089e+03 2 0)
|        ( - 4.498e+02 1 0))
|    ( QUESTION0_9_R 1 1.476e+03 1.737e+02 1.903e+02
|        ( - 2.914e+02 1 0)
|        ( QUESTION0_17_R 1 1.358e+03 1.675e+02 1.813e+02
|            ( QUESTION9 1 4.243e+02 1.487e+02 4.001e+01
|                ( - 1.793e+02 1 0)
|                ( - 3.936e+02 1 0))
|            ( QUESTION0_0_R 1 1.102e+03 1.500e+02 1.413e+02
|                ( QUESTION0_5_R 1 1.071e+03 1.337e+02 1.243e+02
|                    ( - 7.808e+02 1 0)
|                    ( - 4.240e+02 1 0))
|                ( - 1.806e+02 2 0)))))
s>    ( QUESTION0_13_R 1 2.682e+03 1.950e+02 3.740e+02
s>        ( QUESTION0 1 1.401e+03 1.377e+02 1.837e+02
s>            ( - 1.089e+03 2 0)
s>            ( - 4.498e+02 1 0))
s>        ( QUESTION0_9_R 1 1.476e+03 1.737e+02 1.903e+02
s>            ( - 2.914e+02 1 0)
s>            ( QUESTION0_17_R 1 1.358e+03 1.675e+02 1.813e+02
s>                ( QUESTION9 1 4.243e+02 1.487e+02 4.001e+01
s>                    ( - 1.793e+02 1 0)
s>                    ( - 3.936e+02 1 0))
s>                ( QUESTION0_0_R 1 1.102e+03 1.500e+02 1.413e+02
s>                    ( QUESTION0_5_R 1 1.071e+03 1.337e+02 1.243e+02
s>                        ( - 7.808e+02 1 0)
s>                        ( - 4.240e+02 1 0))
s>                    ( - 1.806e+02 2 0)))))INFO: dtree.c(1351): Comp split 34
INFO: dtree.c(1483): stop. leaf nodes are specific
INFO: dtree.c(1524): Final simple tree
|( QUESTION0_13_R 1 1.147e+03 1.221e+02 1.516e+02
|    ( - 1.089e+03 2 0)
|    ( - 1.806e+02 2 0))
s>    ( QUESTION0_13_R 1 1.147e+03 1.221e+02 1.516e+02
s>        ( - 1.089e+03 2 0)
s>        ( - 1.806e+02 2 0))INFO: dtree.c(1483): stop. leaf nodes are specific
INFO: dtree.c(1524): Final simple tree
|( QUESTION0_9_R 1 1.763e+03 1.766e+02 2.224e+02
|    ( - 2.914e+02 1 0)
|    ( QUESTION0_0_R 1 1.648e+03 1.655e+02 2.134e+02
|        ( QUESTION0_5_R 1 1.071e+03 1.337e+02 1.243e+02
|            ( - 7.808e+02 1 0)
|            ( - 4.240e+02 1 0))
|        ( QUESTION9 1 7.424e+02 1.593e+02 8.904e+01
|            ( - 1.793e+02 1 0)
|            ( QUESTION0_13_R 1 7.224e+02 1.211e+02 8.404e+01
|                ( - 4.498e+02 1 0)
|                ( - 3.936e+02 1 0)))))
s>    ( QUESTION0_9_R 1 1.763e+03 1.766e+02 2.224e+02
s>        ( - 2.914e+02 1 0)
s>        ( QUESTION0_0_R 1 1.648e+03 1.655e+02 2.134e+02
s>            ( QUESTION0_5_R 1 1.071e+03 1.337e+02 1.243e+02
s>                ( - 7.808e+02 1 0)
s>                ( - 4.240e+02 1 0))
s>            ( QUESTION9 1 7.424e+02 1.593e+02 8.904e+01
s>                ( - 1.793e+02 1 0)
s>                ( QUESTION0_13_R 1 7.224e+02 1.211e+02 8.404e+01
s>                    ( - 4.498e+02 1 0)
s>                    ( - 3.936e+02 1 0)))))INFO: dtree.c(1351): Comp split 35
INFO: dtree.c(1351): Comp split 36
INFO: dtree.c(1483): stop. leaf nodes are specific
INFO: dtree.c(1524): Final simple tree
|( QUESTION12 -1 9.711e+02 1.948e+02 1.727e+02
|    ( - 1.917e+02 1 0)
|    ( - 9.742e+02 1 0))
s>    ( QUESTION12 -1 9.711e+02 1.948e+02 1.727e+02
s>        ( - 1.917e+02 1 0)
s>        ( - 9.742e+02 1 0))INFO: dtree.c(1351): Comp split 37
INFO: dtree.c(1483): stop. leaf nodes are specific
INFO: dtree.c(1524): Final simple tree
|( QUESTION0 -1 8.259e+02 1.292e+02 7.083e+01
|    ( - 1.981e+02 1 0)
|    ( - 7.570e+02 1 0))
s>    ( QUESTION0 -1 8.259e+02 1.292e+02 7.083e+01
s>        ( - 1.981e+02 1 0)
s>        ( - 7.570e+02 1 0))INFO: dtree.c(1483): stop. leaf nodes are specific
INFO: dtree.c(1524): Final simple tree
|( QUESTION2_9_L -1 4.451e+03 1.732e+02 4.343e+02
|    ( - 8.164e+02 2 0)
|    ( - 3.808e+03 3 0))
s>    ( QUESTION2_9_L -1 4.451e+03 1.732e+02 4.343e+02
s>        ( - 8.164e+02 2 0)
s>        ( - 3.808e+03 3 0))INFO: dtree.c(1351): Comp split 38
INFO: dtree.c(1483): stop. leaf nodes are specific
INFO: dtree.c(1524): Final simple tree
|( WDBNDRY_B 0 1.992e+03 1.595e+02 1.805e+02
|    ( - 1.867e+03 1 0)
|    ( - 2.844e+02 1 0))
s>    ( WDBNDRY_B 0 1.992e+03 1.595e+02 1.805e+02
s>        ( - 1.867e+03 1 0)
s>        ( - 2.844e+02 1 0))INFO: dtree.c(1483): stop. leaf nodes are specific
INFO: dtree.c(1524): Final simple tree
|( WDBNDRY_B 0 2.752e+03 1.662e+02 1.939e+02
|    ( - 6.289e+02 1 0)
|    ( QUESTION0_0_R 1 2.289e+03 1.203e+02 1.547e+02
|        ( - 1.468e+03 1 0)
|        ( - 9.414e+02 2 0)))
s>    ( WDBNDRY_B 0 2.752e+03 1.662e+02 1.939e+02
s>        ( - 6.289e+02 1 0)
s>        ( QUESTION0_0_R 1 2.289e+03 1.203e+02 1.547e+02
s>            ( - 1.468e+03 1 0)
s>            ( - 9.414e+02 2 0)))INFO: dtree.c(1351): Comp split 39
INFO: dtree.c(1483): stop. leaf nodes are specific
INFO: dtree.c(1524): Final simple tree
|( SILENCE -1 3.312e+03 1.408e+02 2.702e+02
|    ( - 2.541e+03 1 0)
|    ( - 9.113e+02 1 0))
s>    ( SILENCE -1 3.312e+03 1.408e+02 2.702e+02
s>        ( - 2.541e+03 1 0)
s>        ( - 9.113e+02 1 0))INFO: dtree.c(1483): stop. leaf nodes are specific
INFO: dtree.c(1524): Final simple tree
|( SILENCE -1 1.451e+03 1.372e+02 1.532e+02
|    ( - 1.126e+03 1 0)
|    ( - 4.614e+02 1 0))
s>    ( SILENCE -1 1.451e+03 1.372e+02 1.532e+02
s>        ( - 1.126e+03 1 0)
s>        ( - 4.614e+02 1 0))INFO: dtree.c(1351): Comp split 40
INFO: dtree.c(1351): Comp split 41
INFO: dtree.c(1483): stop. leaf nodes are specific
INFO: dtree.c(1524): Final simple tree
|( QUESTION0_6_R 1 1.260e+03 1.752e+02 1.036e+02
|    ( - 3.393e+02 1 0)
|    ( - 1.096e+03 1 0))
s>    ( QUESTION0_6_R 1 1.260e+03 1.752e+02 1.036e+02
s>        ( - 3.393e+02 1 0)
s>        ( - 1.096e+03 1 0))INFO: dtree.c(1351): Comp split 42
INFO: dtree.c(1483): stop. leaf nodes are specific
INFO: dtree.c(1524): Final simple tree
|( QUESTION0_0_R 1 5.708e+02 1.260e+02 2.700e+01
|    ( - 4.160e+02 1 0)
|    ( - 2.808e+02 1 0))
s>    ( QUESTION0_0_R 1 5.708e+02 1.260e+02 2.700e+01
s>        ( - 4.160e+02 1 0)
s>        ( - 2.808e+02 1 0))INFO: dtree.c(1351): Comp split 43
INFO: dtree.c(1483): stop. leaf nodes are specific
INFO: dtree.c(1524): Final simple tree
|( WDBNDRY_B 0 1.548e+03 1.368e+02 1.369e+02
|    ( - 9.411e+02 4 0)
|    ( - 7.436e+02 1 0))
s>    ( WDBNDRY_B 0 1.548e+03 1.368e+02 1.369e+02
s>        ( - 9.411e+02 4 0)
s>        ( - 7.436e+02 1 0))INFO: dtree.c(1351): Comp split 44
INFO: dtree.c(1351): Comp split 45
INFO: dtree.c(1483): stop. leaf nodes are specific
INFO: dtree.c(1524): Final simple tree
|( QUESTION12 -1 4.700e+02 1.613e+02 3.602e+01
|    ( - 3.130e+02 1 0)
|    ( - 3.184e+02 1 0))
s>    ( QUESTION12 -1 4.700e+02 1.613e+02 3.602e+01
s>        ( - 3.130e+02 1 0)
s>        ( - 3.184e+02 1 0))INFO: dtree.c(1483): stop. leaf nodes are specific
INFO: dtree.c(1524): Final simple tree
|( QUESTION3 -1 3.588e+03 9.345e+01 4.068e+02
|    ( - 7.390e+02 1 0)
|    ( - 2.943e+03 1 0))
s>    ( QUESTION3 -1 3.588e+03 9.345e+01 4.068e+02
s>        ( - 7.390e+02 1 0)
s>        ( - 2.943e+03 1 0))INFO: dtree.c(1351): Comp split 46
INFO: dtree.c(1483): stop. leaf nodes are specific
INFO: dtree.c(1524): Final simple tree
|( QUESTION0_0_R 1 1.648e+03 1.655e+02 2.134e+02
|    ( QUESTION0_5_R 1 1.071e+03 1.337e+02 1.243e+02
|        ( - 7.808e+02 1 0)
|        ( - 4.240e+02 1 0))
|    ( QUESTION9 1 7.424e+02 1.593e+02 8.904e+01
|        ( - 1.793e+02 1 0)
|        ( QUESTION0_13_R 1 7.224e+02 1.211e+02 8.404e+01
|            ( - 4.498e+02 1 0)
|            ( - 3.936e+02 1 0))))
s>    ( QUESTION0_0_R 1 1.648e+03 1.655e+02 2.134e+02
s>        ( QUESTION0_5_R 1 1.071e+03 1.337e+02 1.243e+02
s>            ( - 7.808e+02 1 0)
s>            ( - 4.240e+02 1 0))
s>        ( QUESTION9 1 7.424e+02 1.593e+02 8.904e+01
s>            ( - 1.793e+02 1 0)
s>            ( QUESTION0_13_R 1 7.224e+02 1.211e+02 8.404e+01
s>                ( - 4.498e+02 1 0)
s>                ( - 3.936e+02 1 0))))INFO: dtree.c(1351): Comp split 47
INFO: dtree.c(1351): Comp split 48
INFO: dtree.c(1483): stop. leaf nodes are specific
INFO: dtree.c(1524): Final simple tree
|( QUESTION0_13_R 1 6.184e+02 1.527e+02 1.180e+02
|    ( - 1.756e+02 1 0)
|    ( - 5.956e+02 2 0))
s>    ( QUESTION0_13_R 1 6.184e+02 1.527e+02 1.180e+02
s>        ( - 1.756e+02 1 0)
s>        ( - 5.956e+02 2 0))INFO: dtree.c(1483): stop. leaf nodes are specific
INFO: dtree.c(1524): Final simple tree
|( QUESTION0_13_R 1 1.658e+03 1.611e+02 1.720e+02
|    ( - 1.398e+03 3 0)
|    ( - 4.214e+02 1 0))
s>    ( QUESTION0_13_R 1 1.658e+03 1.611e+02 1.720e+02
s>        ( - 1.398e+03 3 0)
s>        ( - 4.214e+02 1 0))INFO: dtree.c(1351): Comp split 49
INFO: dtree.c(1351): Comp split 50
INFO: dtree.c(1351): Comp split 51
INFO: dtree.c(1351): Comp split 52
INFO: dtree.c(1483): stop. leaf nodes are specific
INFO: dtree.c(1524): Final simple tree
|( QUESTION0_2_R 1 2.068e+03 1.507e+02 1.528e+02
|    ( - 4.533e+02 1 0)
|    ( QUESTION0_0_R 1 1.765e+03 1.410e+02 1.268e+02
|        ( - 1.616e+03 1 0)
|        ( - 2.900e+02 2 0)))
s>    ( QUESTION0_2_R 1 2.068e+03 1.507e+02 1.528e+02
s>        ( - 4.533e+02 1 0)
s>        ( QUESTION0_0_R 1 1.765e+03 1.410e+02 1.268e+02
s>            ( - 1.616e+03 1 0)
s>            ( - 2.900e+02 2 0)))INFO: dtree.c(1351): Comp split 53
INFO: dtree.c(1483): stop. leaf nodes are specific
INFO: dtree.c(1524): Final simple tree
|( QUESTION0_0_R 1 2.289e+03 1.203e+02 1.547e+02
|    ( - 1.468e+03 1 0)
|    ( - 9.414e+02 2 0))
s>    ( QUESTION0_0_R 1 2.289e+03 1.203e+02 1.547e+02
s>        ( - 1.468e+03 1 0)
s>        ( - 9.414e+02 2 0))INFO: dtree.c(1351): Comp split 54
INFO: dtree.c(1351): Comp split 55
INFO: dtree.c(1483): stop. leaf nodes are specific
INFO: dtree.c(1524): Final simple tree
|( QUESTION9 1 7.424e+02 1.593e+02 8.904e+01
|    ( - 1.793e+02 1 0)
|    ( QUESTION0_13_R 1 7.224e+02 1.211e+02 8.404e+01
|        ( - 4.498e+02 1 0)
|        ( - 3.936e+02 1 0)))
s>    ( QUESTION9 1 7.424e+02 1.593e+02 8.904e+01
s>        ( - 1.793e+02 1 0)
s>        ( QUESTION0_13_R 1 7.224e+02 1.211e+02 8.404e+01
s>            ( - 4.498e+02 1 0)
s>            ( - 3.936e+02 1 0)))INFO: dtree.c(1483): stop. leaf nodes are specific
INFO: dtree.c(1524): Final simple tree
|( QUESTION0_5_R 1 1.071e+03 1.337e+02 1.243e+02
|    ( - 7.808e+02 1 0)
|    ( - 4.240e+02 1 0))
s>    ( QUESTION0_5_R 1 1.071e+03 1.337e+02 1.243e+02
s>        ( - 7.808e+02 1 0)
s>        ( - 4.240e+02 1 0))INFO: dtree.c(1351): Comp split 56
INFO: dtree.c(1483): stop. leaf nodes are specific
INFO: dtree.c(1524): Final simple tree
|( WDBNDRY_B 0 6.831e+02 1.408e+02 4.992e+01
|    ( - 4.340e+02 1 0)
|    ( - 3.899e+02 1 0))
s>    ( WDBNDRY_B 0 6.831e+02 1.408e+02 4.992e+01
s>        ( - 4.340e+02 1 0)
s>        ( - 3.899e+02 1 0))INFO: dtree.c(1483): stop. leaf nodes are specific
INFO: dtree.c(1524): Final simple tree
|( WDBNDRY_E 0 1.400e+03 1.485e+02 9.392e+01
|    ( QUESTION0_3_R 1 4.235e+02 9.876e+01 1.900e+01
|        ( - 1.800e+02 1 0)
|        ( - 3.423e+02 1 0))
|    ( WDBNDRY_B 0 1.125e+03 1.320e+02 7.492e+01
|        ( QUESTION2 -1 1.027e+03 1.184e+02 6.892e+01
|            ( - 9.465e+02 1 0)
|            ( - 1.990e+02 1 0))
|        ( - 2.301e+02 1 0)))
s>    ( WDBNDRY_E 0 1.400e+03 1.485e+02 9.392e+01
s>        ( QUESTION0_3_R 1 4.235e+02 9.876e+01 1.900e+01
s>            ( - 1.800e+02 1 0)
s>            ( - 3.423e+02 1 0))
s>        ( WDBNDRY_B 0 1.125e+03 1.320e+02 7.492e+01
s>            ( QUESTION2 -1 1.027e+03 1.184e+02 6.892e+01
s>                ( - 9.465e+02 1 0)
s>                ( - 1.990e+02 1 0))
s>            ( - 2.301e+02 1 0)))INFO: dtree.c(1351): Comp split 57
INFO: dtree.c(1483): stop. leaf nodes are specific
INFO: dtree.c(1524): Final simple tree
|( WDBNDRY_B 0 1.152e+03 1.479e+02 1.215e+02
|    ( - 1.091e+03 1 0)
|    ( - 2.089e+02 1 0))
s>    ( WDBNDRY_B 0 1.152e+03 1.479e+02 1.215e+02
s>        ( - 1.091e+03 1 0)
s>        ( - 2.089e+02 1 0))INFO: dtree.c(1351): Comp split 58
INFO: dtree.c(1351): Comp split 59
INFO: dtree.c(1351): Comp split 60
INFO: dtree.c(1351): Comp split 61
INFO: dtree.c(1351): Comp split 62
INFO: dtree.c(1483): stop. leaf nodes are specific
INFO: dtree.c(1524): Final simple tree
|( QUESTION0_13_R 1 7.224e+02 1.211e+02 8.404e+01
|    ( - 4.498e+02 1 0)
|    ( - 3.936e+02 1 0))
s>    ( QUESTION0_13_R 1 7.224e+02 1.211e+02 8.404e+01
s>        ( - 4.498e+02 1 0)
s>        ( - 3.936e+02 1 0))INFO: dtree.c(1351): Comp split 63
INFO: dtree.c(1351): Comp split 64
INFO: dtree.c(1351): Comp split 65
INFO: dtree.c(1483): stop. leaf nodes are specific
INFO: dtree.c(1524): Final simple tree
|( QUESTION0_0_R 1 1.765e+03 1.410e+02 1.268e+02
|    ( - 1.616e+03 1 0)
|    ( - 2.900e+02 2 0))
s>    ( QUESTION0_0_R 1 1.765e+03 1.410e+02 1.268e+02
s>        ( - 1.616e+03 1 0)
s>        ( - 2.900e+02 2 0))INFO: dtree.c(1351): Comp split 66
INFO: dtree.c(1483): stop. leaf nodes are specific
INFO: dtree.c(1524): Final simple tree
|( QUESTION12 -1 1.819e+02 1.113e+02 1.962e+01
|    ( - 1.184e+02 1 0)
|    ( - 1.748e+02 1 0))
s>    ( QUESTION12 -1 1.819e+02 1.113e+02 1.962e+01
s>        ( - 1.184e+02 1 0)
s>        ( - 1.748e+02 1 0))INFO: dtree.c(1351): Comp split 67
INFO: dtree.c(1483): stop. leaf nodes are specific
INFO: dtree.c(1524): Final simple tree
|( WDBNDRY_B 0 1.125e+03 1.320e+02 7.492e+01
|    ( QUESTION2 -1 1.027e+03 1.184e+02 6.892e+01
|        ( - 9.465e+02 1 0)
|        ( - 1.990e+02 1 0))
|    ( - 2.301e+02 1 0))
s>    ( WDBNDRY_B 0 1.125e+03 1.320e+02 7.492e+01
s>        ( QUESTION2 -1 1.027e+03 1.184e+02 6.892e+01
s>            ( - 9.465e+02 1 0)
s>            ( - 1.990e+02 1 0))
s>        ( - 2.301e+02 1 0))INFO: dtree.c(1483): stop. leaf nodes are specific
INFO: dtree.c(1524): Final simple tree
|( QUESTION0_3_R 1 4.235e+02 9.876e+01 1.900e+01
|    ( - 1.800e+02 1 0)
|    ( - 3.423e+02 1 0))
s>    ( QUESTION0_3_R 1 4.235e+02 9.876e+01 1.900e+01
s>        ( - 1.800e+02 1 0)
s>        ( - 3.423e+02 1 0))INFO: dtree.c(1351): Comp split 68
INFO: dtree.c(1351): Comp split 69
INFO: dtree.c(1351): Comp split 70
INFO: dtree.c(1351): Comp split 71
INFO: dtree.c(1351): Comp split 72
INFO: dtree.c(1351): Comp split 73
INFO: dtree.c(1351): Comp split 74
INFO: dtree.c(1351): Comp split 75
INFO: dtree.c(1351): Comp split 76
INFO: dtree.c(1351): Comp split 77
INFO: dtree.c(1483): stop. leaf nodes are specific
INFO: dtree.c(1524): Final simple tree
|( QUESTION2 -1 1.027e+03 1.184e+02 6.892e+01
|    ( - 9.465e+02 1 0)
|    ( - 1.990e+02 1 0))
s>    ( QUESTION2 -1 1.027e+03 1.184e+02 6.892e+01
s>        ( - 9.465e+02 1 0)
s>        ( - 1.990e+02 1 0))INFO: dtree.c(1351): Comp split 78
INFO: dtree.c(1351): Comp split 79
INFO: dtree.c(1351): Comp split 80
INFO: dtree.c(1483): stop. leaf nodes are specific
INFO: dtree.c(1524): Final simple tree
|( QUESTION3 -1 2.110e+03 9.202e+01 2.587e+02
|    ( - 4.695e+02 1 0)
|    ( - 1.732e+03 1 0))
s>    ( QUESTION3 -1 2.110e+03 9.202e+01 2.587e+02
s>        ( - 4.695e+02 1 0)
s>        ( - 1.732e+03 1 0))INFO: dtree.c(1351): Comp split 81
INFO: dtree.c(1351): Comp split 82
INFO: dtree.c(1351): Comp split 83
INFO: dtree.c(1351): Comp split 84
INFO: dtree.c(1351): Comp split 85
INFO: dtree.c(1351): Comp split 86
INFO: dtree.c(1351): Comp split 87
INFO: dtree.c(1351): Comp split 88
INFO: dtree.c(1351): Comp split 89
INFO: dtree.c(1354): stop. leaf nodes are specific
Tue May 31 10:28:18 2011
