INFO: cmd_ln.c(691): Parsing command line:
/home/xkrajnan/Plocha/GSoC/PocketSphinx/an4/bin/bldtree \
	-treefn /home/xkrajnan/Plocha/GSoC/PocketSphinx/an4/trees/an4.unpruned/P-1.dtree \
	-moddeffn /home/xkrajnan/Plocha/GSoC/PocketSphinx/an4/model_architecture/an4.untied.mdef \
	-mixwfn /home/xkrajnan/Plocha/GSoC/PocketSphinx/an4/model_parameters/an4.cd_cont_untied/mixture_weights \
	-ts2cbfn .cont. \
	-mwfloor 1e-08 \
	-psetfn /home/xkrajnan/Plocha/GSoC/PocketSphinx/an4/model_architecture/an4.tree_questions \
	-phone P \
	-state 1 \
	-stwt 1.0,0.05,0.0 \
	-meanfn /home/xkrajnan/Plocha/GSoC/PocketSphinx/an4/model_parameters/an4.cd_cont_untied/means \
	-varfn /home/xkrajnan/Plocha/GSoC/PocketSphinx/an4/model_parameters/an4.cd_cont_untied/variances \
	-fullvar no \
	-ssplitmin 1 \
	-ssplitmax 7 \
	-ssplitthr 0 \
	-csplitmin 1 \
	-csplitmax 2000 \
	-csplitthr 0 

Current configuration:
[NAME]		[DEFLT]	[VALUE]
-allphones	no	no
-cntthresh	0.00001	1.000000e-05
-csplitmax	100	2000
-csplitmin	1	1
-csplitthr	8e-4	0.000000e+00
-example	no	no
-fullvar	no	no
-help		no	no
-meanfn			/home/xkrajnan/Plocha/GSoC/PocketSphinx/an4/model_parameters/an4.cd_cont_untied/means
-mixwfn			/home/xkrajnan/Plocha/GSoC/PocketSphinx/an4/model_parameters/an4.cd_cont_untied/mixture_weights
-moddeffn		/home/xkrajnan/Plocha/GSoC/PocketSphinx/an4/model_architecture/an4.untied.mdef
-mwfloor	1e-4	1.000000e-08
-phone			P
-psetfn			/home/xkrajnan/Plocha/GSoC/PocketSphinx/an4/model_architecture/an4.tree_questions
-ssplitmax	5	7
-ssplitmin	1	1
-ssplitthr	8e-4	0.000000e+00
-state			1
-stwt			1.0,0.05,0.0,
-treefn			/home/xkrajnan/Plocha/GSoC/PocketSphinx/an4/trees/an4.unpruned/P-1.dtree
-ts2cbfn	.semi.	.cont.
-varfloor	0.00001	1.000000e-05
-varfn			/home/xkrajnan/Plocha/GSoC/PocketSphinx/an4/model_parameters/an4.cd_cont_untied/variances

INFO: main.c(228): Reading: /home/xkrajnan/Plocha/GSoC/PocketSphinx/an4/model_architecture/an4.untied.mdef
INFO: model_def_io.c(587): Model definition info:
INFO: model_def_io.c(588): 1618 total models defined (34 base, 1584 tri)
INFO: model_def_io.c(589): 6472 total states
INFO: model_def_io.c(590): 4854 total tied states
INFO: model_def_io.c(591): 102 total tied CI states
INFO: model_def_io.c(592): 34 total tied transition matrices
INFO: model_def_io.c(593): 4 max state/model
INFO: model_def_io.c(594): 4 min state/model
INFO: main.c(247): Building trees for [P AA SIL e] through [P UW IY b]
INFO: main.c(275): Covering states |[3579 3629]| == 51
INFO: main.c(282): Reading: /home/xkrajnan/Plocha/GSoC/PocketSphinx/an4/model_parameters/an4.cd_cont_untied/mixture_weights
INFO: s3mixw_io.c(172): Read /home/xkrajnan/Plocha/GSoC/PocketSphinx/an4/model_parameters/an4.cd_cont_untied/mixture_weights [51x1x1 array]
INFO: main.c(320): 17 of 17 models have observation count greater than 0.000010
INFO: main.c(94): nrm stwt: 0.045 0.909 0.045 
INFO: s3gau_io.c(166): Read /home/xkrajnan/Plocha/GSoC/PocketSphinx/an4/model_parameters/an4.cd_cont_untied/means [4854x1x1 array]
INFO: s3gau_io.c(166): Read /home/xkrajnan/Plocha/GSoC/PocketSphinx/an4/model_parameters/an4.cd_cont_untied/variances [4854x1x1 array]
INFO: main.c(576): Reading: /home/xkrajnan/Plocha/GSoC/PocketSphinx/an4/model_architecture/an4.tree_questions
INFO: main.c(619): 180 total simple questions (172 phone; 8 word bndry)
INFO: main.c(621): 42 Left Only questions, and 42 Right Only questions
INFO: dtree.c(1524): Final simple tree
|( QUESTION14 -1 -2.665e+03 1.639e+03 6.059e+02
|    ( - 1.046e+03 1 0)
|    ( QUESTION0 1 -2.073e+03 4.098e+02 4.900e+02
|        ( WDBNDRY_B 0 -1.631e+03 2.060e+02 4.394e+02
|            ( SILENCE -1 -1.532e+03 1.840e+02 3.866e+02
|                ( - -5.906e+02 1 0)
|                ( QUESTION0 -1 -7.571e+02 1.237e+02 1.457e+02
|                    ( - -5.243e+02 5 0 QUESTION2_2_L -1 1.096e+02 9.565e+01)
|                    ( - -1.092e+02 5 0 QUESTION2_0_L -1 9.925e+01 5.001e+01)))
|            ( - 1.066e+02 1 0))
|        ( QUESTION12 -1 -3.160e+01 2.686e+02 5.062e+01
|            ( - 2.406e+02 1 0)
|            ( QUESTION0_13_R 1 -3.535e+00 1.620e+02 4.962e+01
|                ( - 6.911e+01 1 0)
|                ( - 8.938e+01 2 0 WDBNDRY_E 0 9.836e+01 4.127e+01)))))
s>    ( QUESTION14 -1 -2.665e+03 1.639e+03 6.059e+02
s>        ( - 1.046e+03 1 0)
s>        ( QUESTION0 1 -2.073e+03 4.098e+02 4.900e+02
s>            ( WDBNDRY_B 0 -1.631e+03 2.060e+02 4.394e+02
s>                ( SILENCE -1 -1.532e+03 1.840e+02 3.866e+02
s>                    ( - -5.906e+02 1 0)
s>                    ( QUESTION0 -1 -7.571e+02 1.237e+02 1.457e+02
s>                        ( - -5.243e+02 5 0 QUESTION2_2_L -1 1.096e+02 9.565e+01)
s>                        ( - -1.092e+02 5 0 QUESTION2_0_L -1 9.925e+01 5.001e+01)))
s>                ( - 1.066e+02 1 0))
s>            ( QUESTION12 -1 -3.160e+01 2.686e+02 5.062e+01
s>                ( - 2.406e+02 1 0)
s>                ( QUESTION0_13_R 1 -3.535e+00 1.620e+02 4.962e+01
s>                    ( - 6.911e+01 1 0)
s>                    ( - 8.938e+01 2 0 WDBNDRY_E 0 9.836e+01 4.127e+01)))))INFO: dtree.c(1351): Comp split 0
INFO: dtree.c(1483): stop. leaf nodes are specific
INFO: dtree.c(1524): Final simple tree
|( WDBNDRY_E 0 9.679e+02 1.472e+02 1.243e+02
|    ( - 1.046e+03 1 0)
|    ( - 6.911e+01 1 0))
s>    ( WDBNDRY_E 0 9.679e+02 1.472e+02 1.243e+02
s>        ( - 1.046e+03 1 0)
s>        ( - 6.911e+01 1 0))INFO: dtree.c(1524): Final simple tree
|( QUESTION0_13_R 1 -1.949e+03 3.842e+02 4.816e+02
|    ( QUESTION0 1 -1.655e+03 2.639e+02 4.404e+02
|        ( WDBNDRY_B 0 -1.631e+03 2.060e+02 4.394e+02
|            ( SILENCE -1 -1.532e+03 1.840e+02 3.866e+02
|                ( - -5.906e+02 1 0)
|                ( QUESTION0 -1 -7.571e+02 1.237e+02 1.457e+02
|                    ( QUESTION2_2_L -1 -5.243e+02 1.096e+02 9.565e+01
|                        ( - 5.677e+01 1 0)
|                        ( QUESTION2_14_L -1 -4.714e+02 1.056e+02 8.065e+01
|                            ( - -3.164e+01 2 0)
|                            ( - -3.341e+02 2 0 QUESTION2_0_L -1 7.476e+01 6.365e+01)))
|                    ( - -1.092e+02 5 0 QUESTION2_0_L -1 9.925e+01 5.001e+01)))
|            ( - 1.066e+02 1 0))
|        ( - 2.406e+02 1 0))
|    ( - 8.938e+01 2 0 WDBNDRY_E 0 9.836e+01 4.127e+01))
s>    ( QUESTION0_13_R 1 -1.949e+03 3.842e+02 4.816e+02
s>        ( QUESTION0 1 -1.655e+03 2.639e+02 4.404e+02
s>            ( WDBNDRY_B 0 -1.631e+03 2.060e+02 4.394e+02
s>                ( SILENCE -1 -1.532e+03 1.840e+02 3.866e+02
s>                    ( - -5.906e+02 1 0)
s>                    ( QUESTION0 -1 -7.571e+02 1.237e+02 1.457e+02
s>                        ( QUESTION2_2_L -1 -5.243e+02 1.096e+02 9.565e+01
s>                            ( - 5.677e+01 1 0)
s>                            ( QUESTION2_14_L -1 -4.714e+02 1.056e+02 8.065e+01
s>                                ( - -3.164e+01 2 0)
s>                                ( - -3.341e+02 2 0 QUESTION2_0_L -1 7.476e+01 6.365e+01)))
s>                        ( - -1.092e+02 5 0 QUESTION2_0_L -1 9.925e+01 5.001e+01)))
s>                ( - 1.066e+02 1 0))
s>            ( - 2.406e+02 1 0))
s>        ( - 8.938e+01 2 0 WDBNDRY_E 0 9.836e+01 4.127e+01))INFO: dtree.c(1351): Comp split 1
INFO: dtree.c(1524): Final simple tree
|( QUESTION0 1 -1.655e+03 2.639e+02 4.404e+02
|    ( WDBNDRY_B 0 -1.631e+03 2.060e+02 4.394e+02
|        ( SILENCE -1 -1.532e+03 1.840e+02 3.866e+02
|            ( - -5.906e+02 1 0)
|            ( QUESTION0 -1 -7.571e+02 1.237e+02 1.457e+02
|                ( QUESTION2_2_L -1 -5.243e+02 1.096e+02 9.565e+01
|                    ( - 5.677e+01 1 0)
|                    ( QUESTION2_14_L -1 -4.714e+02 1.056e+02 8.065e+01
|                        ( - -3.164e+01 2 0)
|                        ( - -3.341e+02 2 0 QUESTION2_0_L -1 7.476e+01 6.365e+01)))
|                ( QUESTION2_0_L -1 -1.092e+02 9.925e+01 5.001e+01
|                    ( - 1.037e+02 1 0)
|                    ( - -1.136e+02 4 0 QUESTION2 -1 9.624e+01 3.901e+01))))
|        ( - 1.066e+02 1 0))
|    ( - 2.406e+02 1 0))
s>    ( QUESTION0 1 -1.655e+03 2.639e+02 4.404e+02
s>        ( WDBNDRY_B 0 -1.631e+03 2.060e+02 4.394e+02
s>            ( SILENCE -1 -1.532e+03 1.840e+02 3.866e+02
s>                ( - -5.906e+02 1 0)
s>                ( QUESTION0 -1 -7.571e+02 1.237e+02 1.457e+02
s>                    ( QUESTION2_2_L -1 -5.243e+02 1.096e+02 9.565e+01
s>                        ( - 5.677e+01 1 0)
s>                        ( QUESTION2_14_L -1 -4.714e+02 1.056e+02 8.065e+01
s>                            ( - -3.164e+01 2 0)
s>                            ( - -3.341e+02 2 0 QUESTION2_0_L -1 7.476e+01 6.365e+01)))
s>                    ( QUESTION2_0_L -1 -1.092e+02 9.925e+01 5.001e+01
s>                        ( - 1.037e+02 1 0)
s>                        ( - -1.136e+02 4 0 QUESTION2 -1 9.624e+01 3.901e+01))))
s>            ( - 1.066e+02 1 0))
s>        ( - 2.406e+02 1 0))INFO: dtree.c(1483): stop. leaf nodes are specific
INFO: dtree.c(1524): Final simple tree
|( WDBNDRY_E 0 8.938e+01 9.836e+01 4.127e+01
|    ( - 9.125e+01 1 0)
|    ( - 9.649e+01 1 0))
s>    ( WDBNDRY_E 0 8.938e+01 9.836e+01 4.127e+01
s>        ( - 9.125e+01 1 0)
s>        ( - 9.649e+01 1 0))INFO: dtree.c(1351): Comp split 2
INFO: dtree.c(1524): Final simple tree
|( WDBNDRY_B 0 -1.631e+03 2.060e+02 4.394e+02
|    ( SILENCE -1 -1.532e+03 1.840e+02 3.866e+02
|        ( - -5.906e+02 1 0)
|        ( QUESTION0 -1 -7.571e+02 1.237e+02 1.457e+02
|            ( QUESTION2_2_L -1 -5.243e+02 1.096e+02 9.565e+01
|                ( - 5.677e+01 1 0)
|                ( QUESTION2_14_L -1 -4.714e+02 1.056e+02 8.065e+01
|                    ( - -3.164e+01 2 0)
|                    ( - -3.341e+02 2 0 QUESTION2_0_L -1 7.476e+01 6.365e+01)))
|            ( QUESTION2_0_L -1 -1.092e+02 9.925e+01 5.001e+01
|                ( - 1.037e+02 1 0)
|                ( QUESTION2 -1 -1.136e+02 9.624e+01 3.901e+01
|                    ( - -1.609e+01 2 0 QUESTION3 -1 7.159e+01 2.000e+01)
|                    ( - -1.263e+00 2 0 QUESTION12 -1 8.244e+01 1.901e+01)))))
|    ( - 1.066e+02 1 0))
s>    ( WDBNDRY_B 0 -1.631e+03 2.060e+02 4.394e+02
s>        ( SILENCE -1 -1.532e+03 1.840e+02 3.866e+02
s>            ( - -5.906e+02 1 0)
s>            ( QUESTION0 -1 -7.571e+02 1.237e+02 1.457e+02
s>                ( QUESTION2_2_L -1 -5.243e+02 1.096e+02 9.565e+01
s>                    ( - 5.677e+01 1 0)
s>                    ( QUESTION2_14_L -1 -4.714e+02 1.056e+02 8.065e+01
s>                        ( - -3.164e+01 2 0)
s>                        ( - -3.341e+02 2 0 QUESTION2_0_L -1 7.476e+01 6.365e+01)))
s>                ( QUESTION2_0_L -1 -1.092e+02 9.925e+01 5.001e+01
s>                    ( - 1.037e+02 1 0)
s>                    ( QUESTION2 -1 -1.136e+02 9.624e+01 3.901e+01
s>                        ( - -1.609e+01 2 0 QUESTION3 -1 7.159e+01 2.000e+01)
s>                        ( - -1.263e+00 2 0 QUESTION12 -1 8.244e+01 1.901e+01)))))
s>        ( - 1.066e+02 1 0))INFO: dtree.c(1351): Comp split 3
INFO: dtree.c(1524): Final simple tree
|( SILENCE -1 -1.532e+03 1.840e+02 3.866e+02
|    ( - -5.906e+02 1 0)
|    ( QUESTION0 -1 -7.571e+02 1.237e+02 1.457e+02
|        ( QUESTION2_2_L -1 -5.243e+02 1.096e+02 9.565e+01
|            ( - 5.677e+01 1 0)
|            ( QUESTION2_14_L -1 -4.714e+02 1.056e+02 8.065e+01
|                ( - -3.164e+01 2 0)
|                ( - -3.341e+02 2 0 QUESTION2_0_L -1 7.476e+01 6.365e+01)))
|        ( QUESTION2_0_L -1 -1.092e+02 9.925e+01 5.001e+01
|            ( - 1.037e+02 1 0)
|            ( QUESTION2 -1 -1.136e+02 9.624e+01 3.901e+01
|                ( - -1.609e+01 2 0 QUESTION3 -1 7.159e+01 2.000e+01)
|                ( QUESTION12 -1 -1.263e+00 8.244e+01 1.901e+01
|                    ( - -1.543e+01 1 0)
|                    ( - 9.660e+01 1 0))))))
s>    ( SILENCE -1 -1.532e+03 1.840e+02 3.866e+02
s>        ( - -5.906e+02 1 0)
s>        ( QUESTION0 -1 -7.571e+02 1.237e+02 1.457e+02
s>            ( QUESTION2_2_L -1 -5.243e+02 1.096e+02 9.565e+01
s>                ( - 5.677e+01 1 0)
s>                ( QUESTION2_14_L -1 -4.714e+02 1.056e+02 8.065e+01
s>                    ( - -3.164e+01 2 0)
s>                    ( - -3.341e+02 2 0 QUESTION2_0_L -1 7.476e+01 6.365e+01)))
s>            ( QUESTION2_0_L -1 -1.092e+02 9.925e+01 5.001e+01
s>                ( - 1.037e+02 1 0)
s>                ( QUESTION2 -1 -1.136e+02 9.624e+01 3.901e+01
s>                    ( - -1.609e+01 2 0 QUESTION3 -1 7.159e+01 2.000e+01)
s>                    ( QUESTION12 -1 -1.263e+00 8.244e+01 1.901e+01
s>                        ( - -1.543e+01 1 0)
s>                        ( - 9.660e+01 1 0))))))INFO: dtree.c(1351): Comp split 4
INFO: dtree.c(1483): stop. leaf nodes are specific
INFO: dtree.c(1524): Final simple tree
|( SILENCE -1 -7.022e+02 9.625e+01 2.560e+02
|    ( - -5.906e+02 1 0)
|    ( - -1.543e+01 1 0))
s>    ( SILENCE -1 -7.022e+02 9.625e+01 2.560e+02
s>        ( - -5.906e+02 1 0)
s>        ( - -1.543e+01 1 0))INFO: dtree.c(1524): Final simple tree
|( QUESTION0 -1 -6.372e+02 1.110e+02 1.306e+02
|    ( QUESTION2_2_L -1 -5.243e+02 1.096e+02 9.565e+01
|        ( - 5.677e+01 1 0)
|        ( QUESTION2_14_L -1 -4.714e+02 1.056e+02 8.065e+01
|            ( - -3.164e+01 2 0)
|            ( QUESTION2_0_L -1 -3.341e+02 7.476e+01 6.365e+01
|                ( - -1.686e+02 1 0)
|                ( - -9.075e+01 1 0))))
|    ( QUESTION2 -1 -1.988e+00 9.988e+01 3.500e+01
|        ( QUESTION3 -1 -1.609e+01 7.159e+01 2.000e+01
|            ( - 4.323e+01 1 0)
|            ( - 1.226e+01 1 0))
|        ( QUESTION12 -1 1.140e+02 8.627e+01 1.500e+01
|            ( - 1.037e+02 1 0)
|            ( - 9.660e+01 1 0))))
s>    ( QUESTION0 -1 -6.372e+02 1.110e+02 1.306e+02
s>        ( QUESTION2_2_L -1 -5.243e+02 1.096e+02 9.565e+01
s>            ( - 5.677e+01 1 0)
s>            ( QUESTION2_14_L -1 -4.714e+02 1.056e+02 8.065e+01
s>                ( - -3.164e+01 2 0)
s>                ( QUESTION2_0_L -1 -3.341e+02 7.476e+01 6.365e+01
s>                    ( - -1.686e+02 1 0)
s>                    ( - -9.075e+01 1 0))))
s>        ( QUESTION2 -1 -1.988e+00 9.988e+01 3.500e+01
s>            ( QUESTION3 -1 -1.609e+01 7.159e+01 2.000e+01
s>                ( - 4.323e+01 1 0)
s>                ( - 1.226e+01 1 0))
s>            ( QUESTION12 -1 1.140e+02 8.627e+01 1.500e+01
s>                ( - 1.037e+02 1 0)
s>                ( - 9.660e+01 1 0))))INFO: dtree.c(1351): Comp split 5
INFO: dtree.c(1351): Comp split 6
INFO: dtree.c(1483): stop. leaf nodes are specific
INFO: dtree.c(1524): Final simple tree
|( QUESTION2 -1 -4.863e+02 1.053e+02 1.136e+02
|    ( QUESTION3 -1 -1.609e+01 7.159e+01 2.000e+01
|        ( - 4.323e+01 1 0)
|        ( - 1.226e+01 1 0))
|    ( QUESTION15 -1 -3.649e+02 9.720e+01 9.365e+01
|        ( - 9.660e+01 1 0)
|        ( QUESTION0 -1 -3.643e+02 8.391e+01 8.965e+01
|            ( QUESTION2_2_L -1 -3.841e+02 1.067e+02 7.865e+01
|                ( - 5.677e+01 1 0)
|                ( QUESTION2_0_L -1 -3.341e+02 7.476e+01 6.365e+01
|                    ( - -1.686e+02 1 0)
|                    ( - -9.075e+01 1 0)))
|            ( - 1.037e+02 1 0))))
s>    ( QUESTION2 -1 -4.863e+02 1.053e+02 1.136e+02
s>        ( QUESTION3 -1 -1.609e+01 7.159e+01 2.000e+01
s>            ( - 4.323e+01 1 0)
s>            ( - 1.226e+01 1 0))
s>        ( QUESTION15 -1 -3.649e+02 9.720e+01 9.365e+01
s>            ( - 9.660e+01 1 0)
s>            ( QUESTION0 -1 -3.643e+02 8.391e+01 8.965e+01
s>                ( QUESTION2_2_L -1 -3.841e+02 1.067e+02 7.865e+01
s>                    ( - 5.677e+01 1 0)
s>                    ( QUESTION2_0_L -1 -3.341e+02 7.476e+01 6.365e+01
s>                        ( - -1.686e+02 1 0)
s>                        ( - -9.075e+01 1 0)))
s>                ( - 1.037e+02 1 0))))INFO: dtree.c(1351): Comp split 7
INFO: dtree.c(1483): stop. leaf nodes are specific
INFO: dtree.c(1524): Final simple tree
|( QUESTION2 -1 -4.319e+02 1.030e+02 9.865e+01
|    ( QUESTION3 -1 -1.609e+01 7.159e+01 2.000e+01
|        ( - 4.323e+01 1 0)
|        ( - 1.226e+01 1 0))
|    ( QUESTION15 -1 -3.127e+02 9.583e+01 7.865e+01
|        ( - 9.660e+01 1 0)
|        ( QUESTION0 -1 -3.135e+02 8.303e+01 7.465e+01
|            ( QUESTION2_0_L -1 -3.341e+02 7.476e+01 6.365e+01
|                ( - -1.686e+02 1 0)
|                ( - -9.075e+01 1 0))
|            ( - 1.037e+02 1 0))))
s>    ( QUESTION2 -1 -4.319e+02 1.030e+02 9.865e+01
s>        ( QUESTION3 -1 -1.609e+01 7.159e+01 2.000e+01
s>            ( - 4.323e+01 1 0)
s>            ( - 1.226e+01 1 0))
s>        ( QUESTION15 -1 -3.127e+02 9.583e+01 7.865e+01
s>            ( - 9.660e+01 1 0)
s>            ( QUESTION0 -1 -3.135e+02 8.303e+01 7.465e+01
s>                ( QUESTION2_0_L -1 -3.341e+02 7.476e+01 6.365e+01
s>                    ( - -1.686e+02 1 0)
s>                    ( - -9.075e+01 1 0))
s>                ( - 1.037e+02 1 0))))INFO: dtree.c(1351): Comp split 8
INFO: dtree.c(1483): stop. leaf nodes are specific
INFO: dtree.c(1524): Final simple tree
|( QUESTION15 -1 -3.127e+02 9.583e+01 7.865e+01
|    ( - 9.660e+01 1 0)
|    ( QUESTION0 -1 -3.135e+02 8.303e+01 7.465e+01
|        ( QUESTION2_0_L -1 -3.341e+02 7.476e+01 6.365e+01
|            ( - -1.686e+02 1 0)
|            ( - -9.075e+01 1 0))
|        ( - 1.037e+02 1 0)))
s>    ( QUESTION15 -1 -3.127e+02 9.583e+01 7.865e+01
s>        ( - 9.660e+01 1 0)
s>        ( QUESTION0 -1 -3.135e+02 8.303e+01 7.465e+01
s>            ( QUESTION2_0_L -1 -3.341e+02 7.476e+01 6.365e+01
s>                ( - -1.686e+02 1 0)
s>                ( - -9.075e+01 1 0))
s>            ( - 1.037e+02 1 0)))INFO: dtree.c(1483): stop. leaf nodes are specific
INFO: dtree.c(1524): Final simple tree
|( QUESTION3 -1 -1.609e+01 7.159e+01 2.000e+01
|    ( - 4.323e+01 1 0)
|    ( - 1.226e+01 1 0))
s>    ( QUESTION3 -1 -1.609e+01 7.159e+01 2.000e+01
s>        ( - 4.323e+01 1 0)
s>        ( - 1.226e+01 1 0))INFO: dtree.c(1351): Comp split 9
INFO: dtree.c(1351): Comp split 10
INFO: dtree.c(1351): Comp split 11
INFO: dtree.c(1483): stop. leaf nodes are specific
INFO: dtree.c(1524): Final simple tree
|( QUESTION0 -1 -3.135e+02 8.303e+01 7.465e+01
|    ( QUESTION2_0_L -1 -3.341e+02 7.476e+01 6.365e+01
|        ( - -1.686e+02 1 0)
|        ( - -9.075e+01 1 0))
|    ( - 1.037e+02 1 0))
s>    ( QUESTION0 -1 -3.135e+02 8.303e+01 7.465e+01
s>        ( QUESTION2_0_L -1 -3.341e+02 7.476e+01 6.365e+01
s>            ( - -1.686e+02 1 0)
s>            ( - -9.075e+01 1 0))
s>        ( - 1.037e+02 1 0))INFO: dtree.c(1351): Comp split 12
INFO: dtree.c(1483): stop. leaf nodes are specific
INFO: dtree.c(1524): Final simple tree
|( QUESTION2_0_L -1 -3.341e+02 7.476e+01 6.365e+01
|    ( - -1.686e+02 1 0)
|    ( - -9.075e+01 1 0))
s>    ( QUESTION2_0_L -1 -3.341e+02 7.476e+01 6.365e+01
s>        ( - -1.686e+02 1 0)
s>        ( - -9.075e+01 1 0))INFO: dtree.c(1351): Comp split 13
INFO: dtree.c(1351): Comp split 14
INFO: dtree.c(1351): Comp split 15
INFO: dtree.c(1354): stop. leaf nodes are specific
Tue May 31 10:28:16 2011
