INFO: cmd_ln.c(691): Parsing command line:
/home/xkrajnan/Plocha/GSoC/PocketSphinx/an4/bin/bldtree \
	-treefn /home/xkrajnan/Plocha/GSoC/PocketSphinx/an4/trees/an4.unpruned/F-1.dtree \
	-moddeffn /home/xkrajnan/Plocha/GSoC/PocketSphinx/an4/model_architecture/an4.untied.mdef \
	-mixwfn /home/xkrajnan/Plocha/GSoC/PocketSphinx/an4/model_parameters/an4.cd_cont_untied/mixture_weights \
	-ts2cbfn .cont. \
	-mwfloor 1e-08 \
	-psetfn /home/xkrajnan/Plocha/GSoC/PocketSphinx/an4/model_architecture/an4.tree_questions \
	-phone F \
	-state 1 \
	-stwt 1.0,0.05,0.0 \
	-meanfn /home/xkrajnan/Plocha/GSoC/PocketSphinx/an4/model_parameters/an4.cd_cont_untied/means \
	-varfn /home/xkrajnan/Plocha/GSoC/PocketSphinx/an4/model_parameters/an4.cd_cont_untied/variances \
	-fullvar no \
	-ssplitmin 1 \
	-ssplitmax 7 \
	-ssplitthr 0 \
	-csplitmin 1 \
	-csplitmax 2000 \
	-csplitthr 0 

Current configuration:
[NAME]		[DEFLT]	[VALUE]
-allphones	no	no
-cntthresh	0.00001	1.000000e-05
-csplitmax	100	2000
-csplitmin	1	1
-csplitthr	8e-4	0.000000e+00
-example	no	no
-fullvar	no	no
-help		no	no
-meanfn			/home/xkrajnan/Plocha/GSoC/PocketSphinx/an4/model_parameters/an4.cd_cont_untied/means
-mixwfn			/home/xkrajnan/Plocha/GSoC/PocketSphinx/an4/model_parameters/an4.cd_cont_untied/mixture_weights
-moddeffn		/home/xkrajnan/Plocha/GSoC/PocketSphinx/an4/model_architecture/an4.untied.mdef
-mwfloor	1e-4	1.000000e-08
-phone			F
-psetfn			/home/xkrajnan/Plocha/GSoC/PocketSphinx/an4/model_architecture/an4.tree_questions
-ssplitmax	5	7
-ssplitmin	1	1
-ssplitthr	8e-4	0.000000e+00
-state			1
-stwt			1.0,0.05,0.0,
-treefn			/home/xkrajnan/Plocha/GSoC/PocketSphinx/an4/trees/an4.unpruned/F-1.dtree
-ts2cbfn	.semi.	.cont.
-varfloor	0.00001	1.000000e-05
-varfn			/home/xkrajnan/Plocha/GSoC/PocketSphinx/an4/model_parameters/an4.cd_cont_untied/variances

INFO: main.c(228): Reading: /home/xkrajnan/Plocha/GSoC/PocketSphinx/an4/model_architecture/an4.untied.mdef
INFO: model_def_io.c(587): Model definition info:
INFO: model_def_io.c(588): 1618 total models defined (34 base, 1584 tri)
INFO: model_def_io.c(589): 6472 total states
INFO: model_def_io.c(590): 4854 total tied states
INFO: model_def_io.c(591): 102 total tied CI states
INFO: model_def_io.c(592): 34 total tied transition matrices
INFO: model_def_io.c(593): 4 max state/model
INFO: model_def_io.c(594): 4 min state/model
INFO: main.c(247): Building trees for [F AE SIL e] through [F V IH b]
INFO: main.c(275): Covering states |[1536 1739]| == 204
INFO: main.c(282): Reading: /home/xkrajnan/Plocha/GSoC/PocketSphinx/an4/model_parameters/an4.cd_cont_untied/mixture_weights
INFO: s3mixw_io.c(172): Read /home/xkrajnan/Plocha/GSoC/PocketSphinx/an4/model_parameters/an4.cd_cont_untied/mixture_weights [204x1x1 array]
INFO: main.c(320): 67 of 68 models have observation count greater than 0.000010
INFO: main.c(94): nrm stwt: 0.045 0.909 0.045 
INFO: s3gau_io.c(166): Read /home/xkrajnan/Plocha/GSoC/PocketSphinx/an4/model_parameters/an4.cd_cont_untied/means [4854x1x1 array]
INFO: s3gau_io.c(166): Read /home/xkrajnan/Plocha/GSoC/PocketSphinx/an4/model_parameters/an4.cd_cont_untied/variances [4854x1x1 array]
INFO: main.c(576): Reading: /home/xkrajnan/Plocha/GSoC/PocketSphinx/an4/model_architecture/an4.tree_questions
INFO: main.c(619): 180 total simple questions (172 phone; 8 word bndry)
INFO: main.c(621): 42 Left Only questions, and 42 Right Only questions
INFO: dtree.c(1524): Final simple tree
|( QUESTION12 1 3.052e+04 1.159e+03 3.718e+03
|    ( SILENCE -1 1.607e+04 6.313e+02 1.605e+03
|        ( - 3.515e+03 1 0)
|        ( QUESTION2_1_L -1 1.318e+04 4.237e+02 1.299e+03
|            ( - 2.265e+03 1 0)
|            ( - 1.134e+04 16 0 QUESTION13 1 2.746e+02 1.030e+03)))
|    ( QUESTION2_20_L -1 1.561e+04 8.592e+02 2.114e+03
|        ( - 2.113e+02 2 0 QUESTION0_0_R 1 1.795e+02 1.271e+02)
|        ( QUESTION0_14_R 1 1.626e+04 5.693e+02 1.987e+03
|            ( QUESTION19 -1 1.089e+04 4.932e+02 1.341e+03
|                ( - 1.098e+03 1 0)
|                ( QUESTION1 -1 1.028e+04 4.762e+02 1.267e+03
|                    ( - 5.575e+03 7 0 QUESTION8 -1 2.292e+02 7.083e+02)
|                    ( - 5.183e+03 8 0 QUESTION2_1_L -1 3.487e+02 5.587e+02)))
|            ( - 5.943e+03 31 0 QUESTION18 -1 4.236e+02 6.452e+02))))
s>    ( QUESTION12 1 3.052e+04 1.159e+03 3.718e+03
s>        ( SILENCE -1 1.607e+04 6.313e+02 1.605e+03
s>            ( - 3.515e+03 1 0)
s>            ( QUESTION2_1_L -1 1.318e+04 4.237e+02 1.299e+03
s>                ( - 2.265e+03 1 0)
s>                ( - 1.134e+04 16 0 QUESTION13 1 2.746e+02 1.030e+03)))
s>        ( QUESTION2_20_L -1 1.561e+04 8.592e+02 2.114e+03
s>            ( - 2.113e+02 2 0 QUESTION0_0_R 1 1.795e+02 1.271e+02)
s>            ( QUESTION0_14_R 1 1.626e+04 5.693e+02 1.987e+03
s>                ( QUESTION19 -1 1.089e+04 4.932e+02 1.341e+03
s>                    ( - 1.098e+03 1 0)
s>                    ( QUESTION1 -1 1.028e+04 4.762e+02 1.267e+03
s>                        ( - 5.575e+03 7 0 QUESTION8 -1 2.292e+02 7.083e+02)
s>                        ( - 5.183e+03 8 0 QUESTION2_1_L -1 3.487e+02 5.587e+02)))
s>                ( - 5.943e+03 31 0 QUESTION18 -1 4.236e+02 6.452e+02))))INFO: dtree.c(1351): Comp split 0
INFO: dtree.c(1524): Final simple tree
|( SILENCE -1 1.671e+04 5.889e+02 1.679e+03
|    ( - 3.515e+03 1 0)
|    ( QUESTION14 1 1.378e+04 5.890e+02 1.373e+03
|        ( QUESTION2_1_L -1 1.310e+04 4.221e+02 1.278e+03
|            ( - 2.265e+03 1 0)
|            ( QUESTION19 -1 1.126e+04 2.628e+02 1.009e+03
|                ( - 1.490e+03 1 0)
|                ( QUESTION2_9_L -1 1.003e+04 2.583e+02 9.152e+02
|                    ( QUESTION0 -1 2.697e+03 2.412e+02 2.553e+02
|                        ( - 3.304e+02 1 0)
|                        ( - 2.608e+03 4 0 QUESTION4 -1 1.473e+02 2.210e+02))
|                    ( QUESTION2 -1 7.594e+03 1.902e+02 6.599e+02
|                        ( - 2.240e+03 1 0)
|                        ( - 5.544e+03 8 0 QUESTION2_18_L -1 2.082e+02 4.711e+02)))))
|        ( - 1.269e+03 2 0 WDBNDRY_B 0 1.852e+02 9.537e+01)))
s>    ( SILENCE -1 1.671e+04 5.889e+02 1.679e+03
s>        ( - 3.515e+03 1 0)
s>        ( QUESTION14 1 1.378e+04 5.890e+02 1.373e+03
s>            ( QUESTION2_1_L -1 1.310e+04 4.221e+02 1.278e+03
s>                ( - 2.265e+03 1 0)
s>                ( QUESTION19 -1 1.126e+04 2.628e+02 1.009e+03
s>                    ( - 1.490e+03 1 0)
s>                    ( QUESTION2_9_L -1 1.003e+04 2.583e+02 9.152e+02
s>                        ( QUESTION0 -1 2.697e+03 2.412e+02 2.553e+02
s>                            ( - 3.304e+02 1 0)
s>                            ( - 2.608e+03 4 0 QUESTION4 -1 1.473e+02 2.210e+02))
s>                        ( QUESTION2 -1 7.594e+03 1.902e+02 6.599e+02
s>                            ( - 2.240e+03 1 0)
s>                            ( - 5.544e+03 8 0 QUESTION2_18_L -1 2.082e+02 4.711e+02)))))
s>            ( - 1.269e+03 2 0 WDBNDRY_B 0 1.852e+02 9.537e+01)))INFO: dtree.c(1524): Final simple tree
|( QUESTION2_20_L -1 1.501e+04 8.386e+02 2.039e+03
|    ( - 2.113e+02 2 0 QUESTION0_0_R 1 1.795e+02 1.271e+02)
|    ( QUESTION0_14_R 1 1.563e+04 5.916e+02 1.912e+03
|        ( QUESTION1 -1 1.028e+04 4.762e+02 1.267e+03
|            ( - 5.575e+03 7 0 QUESTION8 -1 2.292e+02 7.083e+02)
|            ( QUESTION2_1_L -1 5.183e+03 3.487e+02 5.587e+02
|                ( - 2.134e+03 1 0)
|                ( - 3.398e+03 7 0 QUESTION2_14_L -1 2.330e+02 3.475e+02)))
|        ( QUESTION18 -1 5.943e+03 4.236e+02 6.452e+02
|            ( QUESTION8 1 4.080e+03 2.745e+02 3.918e+02
|                ( - 2.379e+02 1 0)
|                ( - 4.117e+03 13 0 QUESTION0_1_R 1 2.015e+02 3.908e+02))
|            ( QUESTION0_7_R 1 2.287e+03 4.950e+02 2.533e+02
|                ( - 7.862e+02 2 0 SILENCE -1 2.180e+02 3.500e+01)
|                ( - 1.996e+03 15 0 QUESTION0 1 2.505e+02 2.183e+02)))))
s>    ( QUESTION2_20_L -1 1.501e+04 8.386e+02 2.039e+03
s>        ( - 2.113e+02 2 0 QUESTION0_0_R 1 1.795e+02 1.271e+02)
s>        ( QUESTION0_14_R 1 1.563e+04 5.916e+02 1.912e+03
s>            ( QUESTION1 -1 1.028e+04 4.762e+02 1.267e+03
s>                ( - 5.575e+03 7 0 QUESTION8 -1 2.292e+02 7.083e+02)
s>                ( QUESTION2_1_L -1 5.183e+03 3.487e+02 5.587e+02
s>                    ( - 2.134e+03 1 0)
s>                    ( - 3.398e+03 7 0 QUESTION2_14_L -1 2.330e+02 3.475e+02)))
s>            ( QUESTION18 -1 5.943e+03 4.236e+02 6.452e+02
s>                ( QUESTION8 1 4.080e+03 2.745e+02 3.918e+02
s>                    ( - 2.379e+02 1 0)
s>                    ( - 4.117e+03 13 0 QUESTION0_1_R 1 2.015e+02 3.908e+02))
s>                ( QUESTION0_7_R 1 2.287e+03 4.950e+02 2.533e+02
s>                    ( - 7.862e+02 2 0 SILENCE -1 2.180e+02 3.500e+01)
s>                    ( - 1.996e+03 15 0 QUESTION0 1 2.505e+02 2.183e+02)))))INFO: dtree.c(1351): Comp split 1
INFO: dtree.c(1483): stop. leaf nodes are specific
INFO: dtree.c(1524): Final simple tree
|( QUESTION1 -1 4.560e+03 3.405e+02 4.353e+02
|    ( WDBNDRY_B 0 1.269e+03 1.852e+02 9.537e+01
|        ( - 1.098e+03 1 0)
|        ( - 3.561e+02 1 0))
|    ( SILENCE -1 3.632e+03 2.135e+02 3.399e+02
|        ( - 3.515e+03 1 0)
|        ( - 3.304e+02 1 0)))
s>    ( QUESTION1 -1 4.560e+03 3.405e+02 4.353e+02
s>        ( WDBNDRY_B 0 1.269e+03 1.852e+02 9.537e+01
s>            ( - 1.098e+03 1 0)
s>            ( - 3.561e+02 1 0))
s>        ( SILENCE -1 3.632e+03 2.135e+02 3.399e+02
s>            ( - 3.515e+03 1 0)
s>            ( - 3.304e+02 1 0)))INFO: dtree.c(1524): Final simple tree
|( QUESTION2_1_L -1 1.310e+04 4.230e+02 1.244e+03
|    ( - 2.265e+03 1 0)
|    ( QUESTION19 -1 1.126e+04 2.569e+02 9.747e+02
|        ( - 1.490e+03 1 0)
|        ( QUESTION2 -1 1.003e+04 1.985e+02 8.809e+02
|            ( QUESTION10 -1 4.661e+03 1.698e+02 4.048e+02
|                ( - 2.240e+03 1 0)
|                ( - 2.591e+03 3 0 QUESTION4 -1 1.519e+02 2.160e+02))
|            ( QUESTION2_18_L -1 5.562e+03 2.076e+02 4.761e+02
|                ( - 1.894e+03 1 0)
|                ( WDBNDRY_B 0 3.876e+03 1.827e+02 3.360e+02
|                    ( QUESTION2_0_L -1 3.158e+03 1.807e+02 2.732e+02
|                        ( - 1.778e+02 1 0)
|                        ( - 3.161e+03 5 0 QUESTION12 -1 1.677e+02 2.712e+02))
|                    ( - 9.005e+02 2 0))))))
s>    ( QUESTION2_1_L -1 1.310e+04 4.230e+02 1.244e+03
s>        ( - 2.265e+03 1 0)
s>        ( QUESTION19 -1 1.126e+04 2.569e+02 9.747e+02
s>            ( - 1.490e+03 1 0)
s>            ( QUESTION2 -1 1.003e+04 1.985e+02 8.809e+02
s>                ( QUESTION10 -1 4.661e+03 1.698e+02 4.048e+02
s>                    ( - 2.240e+03 1 0)
s>                    ( - 2.591e+03 3 0 QUESTION4 -1 1.519e+02 2.160e+02))
s>                ( QUESTION2_18_L -1 5.562e+03 2.076e+02 4.761e+02
s>                    ( - 1.894e+03 1 0)
s>                    ( WDBNDRY_B 0 3.876e+03 1.827e+02 3.360e+02
s>                        ( QUESTION2_0_L -1 3.158e+03 1.807e+02 2.732e+02
s>                            ( - 1.778e+02 1 0)
s>                            ( - 3.161e+03 5 0 QUESTION12 -1 1.677e+02 2.712e+02))
s>                        ( - 9.005e+02 2 0))))))INFO: dtree.c(1351): Comp split 2
INFO: dtree.c(1483): stop. leaf nodes are specific
INFO: dtree.c(1524): Final simple tree
|( WDBNDRY_E 0 1.852e+02 2.640e+02 1.281e+02
|    ( - 2.379e+02 1 0)
|    ( QUESTION0_0_R 1 2.113e+02 1.795e+02 1.271e+02
|        ( - 2.730e+02 1 0)
|        ( - 1.177e+02 1 0)))
s>    ( WDBNDRY_E 0 1.852e+02 2.640e+02 1.281e+02
s>        ( - 2.379e+02 1 0)
s>        ( QUESTION0_0_R 1 2.113e+02 1.795e+02 1.271e+02
s>            ( - 2.730e+02 1 0)
s>            ( - 1.177e+02 1 0)))INFO: dtree.c(1524): Final simple tree
|( QUESTION0_14_R 1 1.567e+04 5.951e+02 1.911e+03
|    ( QUESTION1 -1 1.028e+04 4.762e+02 1.267e+03
|        ( - 5.575e+03 7 0 QUESTION8 -1 2.292e+02 7.083e+02)
|        ( QUESTION2_1_L -1 5.183e+03 3.487e+02 5.587e+02
|            ( - 2.134e+03 1 0)
|            ( - 3.398e+03 7 0 QUESTION2_14_L -1 2.330e+02 3.475e+02)))
|    ( QUESTION18 -1 5.980e+03 4.236e+02 6.442e+02
|        ( - 4.117e+03 13 0 QUESTION0_1_R 1 2.015e+02 3.908e+02)
|        ( QUESTION0_7_R 1 2.287e+03 4.950e+02 2.533e+02
|            ( - 7.862e+02 2 0 SILENCE -1 2.180e+02 3.500e+01)
|            ( QUESTION0 1 1.996e+03 2.505e+02 2.183e+02
|                ( - 2.440e+02 1 0)
|                ( QUESTION2_14_L -1 2.002e+03 2.349e+02 2.173e+02
|                    ( - 9.758e+02 6 0 QUESTION2_17_L -1 1.635e+02 1.001e+02)
|                    ( - 1.261e+03 8 0 WDBNDRY_B 0 2.094e+02 1.173e+02))))))
s>    ( QUESTION0_14_R 1 1.567e+04 5.951e+02 1.911e+03
s>        ( QUESTION1 -1 1.028e+04 4.762e+02 1.267e+03
s>            ( - 5.575e+03 7 0 QUESTION8 -1 2.292e+02 7.083e+02)
s>            ( QUESTION2_1_L -1 5.183e+03 3.487e+02 5.587e+02
s>                ( - 2.134e+03 1 0)
s>                ( - 3.398e+03 7 0 QUESTION2_14_L -1 2.330e+02 3.475e+02)))
s>        ( QUESTION18 -1 5.980e+03 4.236e+02 6.442e+02
s>            ( - 4.117e+03 13 0 QUESTION0_1_R 1 2.015e+02 3.908e+02)
s>            ( QUESTION0_7_R 1 2.287e+03 4.950e+02 2.533e+02
s>                ( - 7.862e+02 2 0 SILENCE -1 2.180e+02 3.500e+01)
s>                ( QUESTION0 1 1.996e+03 2.505e+02 2.183e+02
s>                    ( - 2.440e+02 1 0)
s>                    ( QUESTION2_14_L -1 2.002e+03 2.349e+02 2.173e+02
s>                        ( - 9.758e+02 6 0 QUESTION2_17_L -1 1.635e+02 1.001e+02)
s>                        ( - 1.261e+03 8 0 WDBNDRY_B 0 2.094e+02 1.173e+02))))))INFO: dtree.c(1351): Comp split 3
INFO: dtree.c(1524): Final simple tree
|( QUESTION18 -1 5.340e+03 3.967e+02 5.431e+02
|    ( QUESTION0_1_R 1 4.117e+03 2.015e+02 3.908e+02
|        ( - 3.004e+02 1 0)
|        ( QUESTION0_7_R 1 4.018e+03 1.894e+02 3.788e+02
|            ( - 7.402e+02 1 0)
|            ( - 3.467e+03 11 0 WDBNDRY_B 0 1.649e+02 3.154e+02)))
|    ( QUESTION0_0_R 1 1.620e+03 4.275e+02 1.523e+02
|        ( SILENCE -1 7.862e+02 2.180e+02 3.500e+01
|            ( - 8.740e+02 1 0)
|            ( - 1.301e+02 1 0))
|        ( WDBNDRY_B 0 1.261e+03 2.094e+02 1.173e+02
|            ( SILENCE -1 1.073e+03 1.795e+02 1.033e+02
|                ( - 4.816e+02 1 0)
|                ( - 7.707e+02 6 0 QUESTION2_2_L -1 1.506e+02 6.796e+01))
|            ( - 3.977e+02 1 0))))
s>    ( QUESTION18 -1 5.340e+03 3.967e+02 5.431e+02
s>        ( QUESTION0_1_R 1 4.117e+03 2.015e+02 3.908e+02
s>            ( - 3.004e+02 1 0)
s>            ( QUESTION0_7_R 1 4.018e+03 1.894e+02 3.788e+02
s>                ( - 7.402e+02 1 0)
s>                ( - 3.467e+03 11 0 WDBNDRY_B 0 1.649e+02 3.154e+02)))
s>        ( QUESTION0_0_R 1 1.620e+03 4.275e+02 1.523e+02
s>            ( SILENCE -1 7.862e+02 2.180e+02 3.500e+01
s>                ( - 8.740e+02 1 0)
s>                ( - 1.301e+02 1 0))
s>            ( WDBNDRY_B 0 1.261e+03 2.094e+02 1.173e+02
s>                ( SILENCE -1 1.073e+03 1.795e+02 1.033e+02
s>                    ( - 4.816e+02 1 0)
s>                    ( - 7.707e+02 6 0 QUESTION2_2_L -1 1.506e+02 6.796e+01))
s>                ( - 3.977e+02 1 0))))INFO: dtree.c(1524): Final simple tree
|( QUESTION1 -1 1.097e+04 4.540e+02 1.368e+03
|    ( QUESTION11 1 6.128e+03 2.676e+02 7.754e+02
|        ( - 8.254e+02 3 0 QUESTION2_17_L -1 1.787e+02 6.607e+01)
|        ( WDBNDRY_I 0 5.571e+03 2.482e+02 7.093e+02
|            ( - 2.440e+02 1 0)
|            ( QUESTION8 -1 5.575e+03 2.292e+02 7.083e+02
|                ( - 3.753e+03 2 0 QUESTION9 -1 1.094e+02 4.929e+02)
|                ( - 2.051e+03 5 0 WDBNDRY_B 0 1.798e+02 2.154e+02))))
|    ( QUESTION2_1_L -1 5.294e+03 3.414e+02 5.927e+02
|        ( - 2.134e+03 1 0)
|        ( QUESTION2_14_L -1 3.501e+03 2.559e+02 3.815e+02
|            ( - 1.872e+03 6 0 QUESTION0_13_R 1 1.843e+02 2.049e+02)
|            ( SILENCE -1 1.886e+03 2.036e+02 1.766e+02
|                ( - 1.443e+03 1 0)
|                ( - 6.463e+02 3 0 QUESTION2_0_L -1 1.255e+02 6.117e+01)))))
s>    ( QUESTION1 -1 1.097e+04 4.540e+02 1.368e+03
s>        ( QUESTION11 1 6.128e+03 2.676e+02 7.754e+02
s>            ( - 8.254e+02 3 0 QUESTION2_17_L -1 1.787e+02 6.607e+01)
s>            ( WDBNDRY_I 0 5.571e+03 2.482e+02 7.093e+02
s>                ( - 2.440e+02 1 0)
s>                ( QUESTION8 -1 5.575e+03 2.292e+02 7.083e+02
s>                    ( - 3.753e+03 2 0 QUESTION9 -1 1.094e+02 4.929e+02)
s>                    ( - 2.051e+03 5 0 WDBNDRY_B 0 1.798e+02 2.154e+02))))
s>        ( QUESTION2_1_L -1 5.294e+03 3.414e+02 5.927e+02
s>            ( - 2.134e+03 1 0)
s>            ( QUESTION2_14_L -1 3.501e+03 2.559e+02 3.815e+02
s>                ( - 1.872e+03 6 0 QUESTION0_13_R 1 1.843e+02 2.049e+02)
s>                ( SILENCE -1 1.886e+03 2.036e+02 1.766e+02
s>                    ( - 1.443e+03 1 0)
s>                    ( - 6.463e+02 3 0 QUESTION2_0_L -1 1.255e+02 6.117e+01)))))INFO: dtree.c(1351): Comp split 4
INFO: dtree.c(1524): Final simple tree
|( QUESTION18 -1 5.049e+03 3.270e+02 5.111e+02
|    ( QUESTION0_1_R 1 4.117e+03 2.015e+02 3.908e+02
|        ( - 3.004e+02 1 0)
|        ( QUESTION0_7_R 1 4.018e+03 1.894e+02 3.788e+02
|            ( - 7.402e+02 1 0)
|            ( WDBNDRY_B 0 3.467e+03 1.649e+02 3.154e+02
|                ( - 8.487e+02 2 0)
|                ( QUESTION0 1 2.783e+03 1.655e+02 2.607e+02
|                    ( - 1.130e+03 3 0 QUESTION0_0_R 1 1.376e+02 1.089e+02)
|                    ( - 1.819e+03 6 0 QUESTION0_9_R 1 1.752e+02 1.518e+02)))))
|    ( WDBNDRY_B 0 1.259e+03 2.093e+02 1.203e+02
|        ( SILENCE -1 1.070e+03 1.794e+02 1.063e+02
|            ( - 4.816e+02 1 0)
|            ( - 7.682e+02 7 0 QUESTION2_2_L -1 1.507e+02 7.096e+01))
|        ( - 3.977e+02 1 0)))
s>    ( QUESTION18 -1 5.049e+03 3.270e+02 5.111e+02
s>        ( QUESTION0_1_R 1 4.117e+03 2.015e+02 3.908e+02
s>            ( - 3.004e+02 1 0)
s>            ( QUESTION0_7_R 1 4.018e+03 1.894e+02 3.788e+02
s>                ( - 7.402e+02 1 0)
s>                ( WDBNDRY_B 0 3.467e+03 1.649e+02 3.154e+02
s>                    ( - 8.487e+02 2 0)
s>                    ( QUESTION0 1 2.783e+03 1.655e+02 2.607e+02
s>                        ( - 1.130e+03 3 0 QUESTION0_0_R 1 1.376e+02 1.089e+02)
s>                        ( - 1.819e+03 6 0 QUESTION0_9_R 1 1.752e+02 1.518e+02)))))
s>        ( WDBNDRY_B 0 1.259e+03 2.093e+02 1.203e+02
s>            ( SILENCE -1 1.070e+03 1.794e+02 1.063e+02
s>                ( - 4.816e+02 1 0)
s>                ( - 7.682e+02 7 0 QUESTION2_2_L -1 1.507e+02 7.096e+01))
s>            ( - 3.977e+02 1 0)))INFO: dtree.c(1351): Comp split 5
INFO: dtree.c(1483): stop. leaf nodes are specific
INFO: dtree.c(1524): Final simple tree
|( WDBNDRY_I 0 5.571e+03 2.482e+02 7.093e+02
|    ( - 2.440e+02 1 0)
|    ( QUESTION8 -1 5.575e+03 2.292e+02 7.083e+02
|        ( QUESTION9 -1 3.753e+03 1.094e+02 4.929e+02
|            ( - 4.394e+02 1 0)
|            ( - 3.423e+03 1 0))
|        ( WDBNDRY_B 0 2.051e+03 1.798e+02 2.154e+02
|            ( QUESTION2 -1 1.261e+03 1.180e+02 1.082e+02
|                ( - 6.978e+02 1 0)
|                ( - 6.808e+02 1 0))
|            ( QUESTION0_15_R 1 9.701e+02 1.228e+02 1.072e+02
|                ( - 8.621e+02 2 0)
|                ( - 2.308e+02 1 0)))))
s>    ( WDBNDRY_I 0 5.571e+03 2.482e+02 7.093e+02
s>        ( - 2.440e+02 1 0)
s>        ( QUESTION8 -1 5.575e+03 2.292e+02 7.083e+02
s>            ( QUESTION9 -1 3.753e+03 1.094e+02 4.929e+02
s>                ( - 4.394e+02 1 0)
s>                ( - 3.423e+03 1 0))
s>            ( WDBNDRY_B 0 2.051e+03 1.798e+02 2.154e+02
s>                ( QUESTION2 -1 1.261e+03 1.180e+02 1.082e+02
s>                    ( - 6.978e+02 1 0)
s>                    ( - 6.808e+02 1 0))
s>                ( QUESTION0_15_R 1 9.701e+02 1.228e+02 1.072e+02
s>                    ( - 8.621e+02 2 0)
s>                    ( - 2.308e+02 1 0)))))INFO: dtree.c(1524): Final simple tree
|( QUESTION2_1_L -1 5.859e+03 3.513e+02 6.588e+02
|    ( - 2.134e+03 1 0)
|    ( QUESTION0_14_R 1 4.076e+03 2.978e+02 4.476e+02
|        ( QUESTION2_14_L -1 3.398e+03 2.330e+02 3.475e+02
|            ( - 1.746e+03 3 0)
|            ( SILENCE -1 1.886e+03 2.036e+02 1.766e+02
|                ( - 1.443e+03 1 0)
|                ( QUESTION2_0_L -1 6.463e+02 1.255e+02 6.117e+01
|                    ( - 2.769e+02 1 0)
|                    ( - 4.949e+02 2 0))))
|        ( QUESTION2_17_L -1 9.758e+02 1.635e+02 1.001e+02
|            ( QUESTION0 -1 9.383e+02 1.706e+02 9.207e+01
|                ( - 3.059e+02 3 0 WDBNDRY_B 0 1.081e+02 3.400e+01)
|                ( - 8.030e+02 2 0 QUESTION2 -1 1.153e+02 5.807e+01))
|            ( - 2.010e+02 1 0))))
s>    ( QUESTION2_1_L -1 5.859e+03 3.513e+02 6.588e+02
s>        ( - 2.134e+03 1 0)
s>        ( QUESTION0_14_R 1 4.076e+03 2.978e+02 4.476e+02
s>            ( QUESTION2_14_L -1 3.398e+03 2.330e+02 3.475e+02
s>                ( - 1.746e+03 3 0)
s>                ( SILENCE -1 1.886e+03 2.036e+02 1.766e+02
s>                    ( - 1.443e+03 1 0)
s>                    ( QUESTION2_0_L -1 6.463e+02 1.255e+02 6.117e+01
s>                        ( - 2.769e+02 1 0)
s>                        ( - 4.949e+02 2 0))))
s>            ( QUESTION2_17_L -1 9.758e+02 1.635e+02 1.001e+02
s>                ( QUESTION0 -1 9.383e+02 1.706e+02 9.207e+01
s>                    ( - 3.059e+02 3 0 WDBNDRY_B 0 1.081e+02 3.400e+01)
s>                    ( - 8.030e+02 2 0 QUESTION2 -1 1.153e+02 5.807e+01))
s>                ( - 2.010e+02 1 0))))INFO: dtree.c(1351): Comp split 6
INFO: dtree.c(1483): stop. leaf nodes are specific
INFO: dtree.c(1524): Final simple tree
|( QUESTION2_1_L -1 2.260e+03 1.831e+02 2.710e+02
|    ( - 2.265e+03 1 0)
|    ( - 1.778e+02 1 0))
s>    ( QUESTION2_1_L -1 2.260e+03 1.831e+02 2.710e+02
s>        ( - 2.265e+03 1 0)
s>        ( - 1.778e+02 1 0))INFO: dtree.c(1524): Final simple tree
|( QUESTION19 -1 1.126e+04 2.551e+02 9.727e+02
|    ( - 1.490e+03 1 0)
|    ( QUESTION2 -1 1.003e+04 1.989e+02 8.789e+02
|        ( QUESTION10 -1 4.661e+03 1.698e+02 4.048e+02
|            ( - 2.240e+03 1 0)
|            ( QUESTION4 -1 2.591e+03 1.519e+02 2.160e+02
|                ( - 1.581e+03 1 0)
|                ( - 1.161e+03 2 0 QUESTION3 -1 1.232e+02 7.315e+01)))
|        ( QUESTION2_17_L -1 5.567e+03 2.085e+02 4.741e+02
|            ( QUESTION0 -1 3.143e+03 1.673e+02 2.662e+02
|                ( - 2.954e+03 3 0)
|                ( - 3.571e+02 1 0))
|            ( WDBNDRY_B 0 2.632e+03 1.799e+02 2.079e+02
|                ( - 1.912e+03 2 0 QUESTION12 -1 1.336e+02 1.451e+02)
|                ( - 9.005e+02 2 0)))))
s>    ( QUESTION19 -1 1.126e+04 2.551e+02 9.727e+02
s>        ( - 1.490e+03 1 0)
s>        ( QUESTION2 -1 1.003e+04 1.989e+02 8.789e+02
s>            ( QUESTION10 -1 4.661e+03 1.698e+02 4.048e+02
s>                ( - 2.240e+03 1 0)
s>                ( QUESTION4 -1 2.591e+03 1.519e+02 2.160e+02
s>                    ( - 1.581e+03 1 0)
s>                    ( - 1.161e+03 2 0 QUESTION3 -1 1.232e+02 7.315e+01)))
s>            ( QUESTION2_17_L -1 5.567e+03 2.085e+02 4.741e+02
s>                ( QUESTION0 -1 3.143e+03 1.673e+02 2.662e+02
s>                    ( - 2.954e+03 3 0)
s>                    ( - 3.571e+02 1 0))
s>                ( WDBNDRY_B 0 2.632e+03 1.799e+02 2.079e+02
s>                    ( - 1.912e+03 2 0 QUESTION12 -1 1.336e+02 1.451e+02)
s>                    ( - 9.005e+02 2 0)))))INFO: dtree.c(1351): Comp split 7
INFO: dtree.c(1483): stop. leaf nodes are specific
INFO: dtree.c(1524): Final simple tree
|( QUESTION0_13_R 1 2.296e+03 2.479e+02 2.199e+02
|    ( QUESTION2 -1 8.030e+02 1.153e+02 5.807e+01
|        ( - 7.442e+02 1 0)
|        ( - 1.742e+02 1 0))
|    ( SILENCE -1 1.741e+03 1.972e+02 1.618e+02
|        ( - 1.443e+03 1 0)
|        ( - 4.949e+02 2 0)))
s>    ( QUESTION0_13_R 1 2.296e+03 2.479e+02 2.199e+02
s>        ( QUESTION2 -1 8.030e+02 1.153e+02 5.807e+01
s>            ( - 7.442e+02 1 0)
s>            ( - 1.742e+02 1 0))
s>        ( SILENCE -1 1.741e+03 1.972e+02 1.618e+02
s>            ( - 1.443e+03 1 0)
s>            ( - 4.949e+02 2 0)))INFO: dtree.c(1483): stop. leaf nodes are specific
INFO: dtree.c(1524): Final simple tree
|( QUESTION2_0_L -1 3.961e+03 2.378e+02 4.389e+02
|    ( QUESTION2_1_L -1 2.276e+03 1.343e+02 2.260e+02
|        ( - 2.134e+03 1 0)
|        ( - 2.769e+02 1 0))
|    ( QUESTION0_14_R 1 1.922e+03 1.743e+02 2.129e+02
|        ( - 1.746e+03 3 0)
|        ( QUESTION0 -1 3.511e+02 1.558e+02 4.200e+01
|            ( WDBNDRY_B 0 3.059e+02 1.081e+02 3.400e+01
|                ( - 2.295e+02 2 0)
|                ( - 1.845e+02 1 0))
|            ( - 2.010e+02 1 0))))
s>    ( QUESTION2_0_L -1 3.961e+03 2.378e+02 4.389e+02
s>        ( QUESTION2_1_L -1 2.276e+03 1.343e+02 2.260e+02
s>            ( - 2.134e+03 1 0)
s>            ( - 2.769e+02 1 0))
s>        ( QUESTION0_14_R 1 1.922e+03 1.743e+02 2.129e+02
s>            ( - 1.746e+03 3 0)
s>            ( QUESTION0 -1 3.511e+02 1.558e+02 4.200e+01
s>                ( WDBNDRY_B 0 3.059e+02 1.081e+02 3.400e+01
s>                    ( - 2.295e+02 2 0)
s>                    ( - 1.845e+02 1 0))
s>                ( - 2.010e+02 1 0))))INFO: dtree.c(1351): Comp split 8
INFO: dtree.c(1524): Final simple tree
|( QUESTION0_7_R 1 4.018e+03 1.894e+02 3.788e+02
|    ( - 7.402e+02 1 0)
|    ( WDBNDRY_B 0 3.467e+03 1.649e+02 3.154e+02
|        ( - 8.487e+02 2 0)
|        ( QUESTION0 1 2.783e+03 1.655e+02 2.607e+02
|            ( QUESTION0_0_R 1 1.130e+03 1.376e+02 1.089e+02
|                ( - 4.475e+02 1 0)
|                ( - 8.204e+02 2 0))
|            ( QUESTION0_9_R 1 1.819e+03 1.752e+02 1.518e+02
|                ( - 3.780e+02 1 0)
|                ( QUESTION0_8_R 1 1.616e+03 1.526e+02 1.298e+02
|                    ( - 2.163e+02 1 0)
|                    ( QUESTION0_0_R 1 1.552e+03 1.466e+02 1.238e+02
|                        ( - 4.803e+02 2 0 QUESTION0_3_R 1 1.187e+02 2.800e+01)
|                        ( - 1.218e+03 2 0 QUESTION4 1 9.844e+01 9.578e+01)))))))
s>    ( QUESTION0_7_R 1 4.018e+03 1.894e+02 3.788e+02
s>        ( - 7.402e+02 1 0)
s>        ( WDBNDRY_B 0 3.467e+03 1.649e+02 3.154e+02
s>            ( - 8.487e+02 2 0)
s>            ( QUESTION0 1 2.783e+03 1.655e+02 2.607e+02
s>                ( QUESTION0_0_R 1 1.130e+03 1.376e+02 1.089e+02
s>                    ( - 4.475e+02 1 0)
s>                    ( - 8.204e+02 2 0))
s>                ( QUESTION0_9_R 1 1.819e+03 1.752e+02 1.518e+02
s>                    ( - 3.780e+02 1 0)
s>                    ( QUESTION0_8_R 1 1.616e+03 1.526e+02 1.298e+02
s>                        ( - 2.163e+02 1 0)
s>                        ( QUESTION0_0_R 1 1.552e+03 1.466e+02 1.238e+02
s>                            ( - 4.803e+02 2 0 QUESTION0_3_R 1 1.187e+02 2.800e+01)
s>                            ( - 1.218e+03 2 0 QUESTION4 1 9.844e+01 9.578e+01)))))))INFO: dtree.c(1524): Final simple tree
|( WDBNDRY_B 0 1.372e+03 2.104e+02 1.323e+02
|    ( SILENCE -1 1.070e+03 1.794e+02 1.063e+02
|        ( - 4.816e+02 1 0)
|        ( QUESTION2_2_L -1 7.682e+02 1.507e+02 7.096e+01
|            ( - 1.588e+02 1 0)
|            ( QUESTION9 -1 7.601e+02 1.500e+02 6.296e+01
|                ( - 2.359e+02 1 0)
|                ( QUESTION11 -1 6.742e+02 1.446e+02 5.396e+01
|                    ( - 1.832e+02 1 0)
|                    ( QUESTION0 -1 6.356e+02 1.383e+02 4.896e+01
|                        ( - 6.309e+02 2 0)
|                        ( - 1.430e+02 2 0 QUESTION0_0_R 1 1.237e+02 7.000e+00))))))
|    ( SILENCE 1 5.117e+02 1.863e+02 2.600e+01
|        ( - 3.977e+02 1 0)
|        ( - 3.004e+02 1 0)))
s>    ( WDBNDRY_B 0 1.372e+03 2.104e+02 1.323e+02
s>        ( SILENCE -1 1.070e+03 1.794e+02 1.063e+02
s>            ( - 4.816e+02 1 0)
s>            ( QUESTION2_2_L -1 7.682e+02 1.507e+02 7.096e+01
s>                ( - 1.588e+02 1 0)
s>                ( QUESTION9 -1 7.601e+02 1.500e+02 6.296e+01
s>                    ( - 2.359e+02 1 0)
s>                    ( QUESTION11 -1 6.742e+02 1.446e+02 5.396e+01
s>                        ( - 1.832e+02 1 0)
s>                        ( QUESTION0 -1 6.356e+02 1.383e+02 4.896e+01
s>                            ( - 6.309e+02 2 0)
s>                            ( - 1.430e+02 2 0 QUESTION0_0_R 1 1.237e+02 7.000e+00))))))
s>        ( SILENCE 1 5.117e+02 1.863e+02 2.600e+01
s>            ( - 3.977e+02 1 0)
s>            ( - 3.004e+02 1 0)))INFO: dtree.c(1351): Comp split 9
INFO: dtree.c(1483): stop. leaf nodes are specific
INFO: dtree.c(1524): Final simple tree
|( SILENCE -1 3.632e+03 2.135e+02 3.399e+02
|    ( - 3.515e+03 1 0)
|    ( - 3.304e+02 1 0))
s>    ( SILENCE -1 3.632e+03 2.135e+02 3.399e+02
s>        ( - 3.515e+03 1 0)
s>        ( - 3.304e+02 1 0))INFO: dtree.c(1483): stop. leaf nodes are specific
INFO: dtree.c(1524): Final simple tree
|( WDBNDRY_B 0 1.269e+03 1.852e+02 9.537e+01
|    ( - 1.098e+03 1 0)
|    ( - 3.561e+02 1 0))
s>    ( WDBNDRY_B 0 1.269e+03 1.852e+02 9.537e+01
s>        ( - 1.098e+03 1 0)
s>        ( - 3.561e+02 1 0))INFO: dtree.c(1351): Comp split 10
INFO: dtree.c(1483): stop. leaf nodes are specific
INFO: dtree.c(1524): Final simple tree
|( QUESTION0_0_R 1 2.113e+02 1.795e+02 1.271e+02
|    ( - 2.730e+02 1 0)
|    ( - 1.177e+02 1 0))
s>    ( QUESTION0_0_R 1 2.113e+02 1.795e+02 1.271e+02
s>        ( - 2.730e+02 1 0)
s>        ( - 1.177e+02 1 0))INFO: dtree.c(1351): Comp split 11
INFO: dtree.c(1483): stop. leaf nodes are specific
INFO: dtree.c(1524): Final simple tree
|( QUESTION2 -1 2.486e+03 1.659e+02 1.670e+02
|    ( QUESTION3 -1 1.161e+03 1.232e+02 7.315e+01
|        ( - 4.317e+02 1 0)
|        ( - 8.530e+02 1 0))
|    ( - 1.490e+03 1 0))
s>    ( QUESTION2 -1 2.486e+03 1.659e+02 1.670e+02
s>        ( QUESTION3 -1 1.161e+03 1.232e+02 7.315e+01
s>            ( - 4.317e+02 1 0)
s>            ( - 8.530e+02 1 0))
s>        ( - 1.490e+03 1 0))INFO: dtree.c(1483): stop. leaf nodes are specific
INFO: dtree.c(1524): Final simple tree
|( WDBNDRY_B 0 9.036e+03 1.933e+02 8.058e+02
|    ( QUESTION2_18_L -1 8.329e+03 1.897e+02 7.430e+02
|        ( - 1.894e+03 1 0)
|        ( QUESTION2 -1 6.625e+03 1.980e+02 6.029e+02
|            ( QUESTION3 -1 3.661e+03 1.603e+02 3.317e+02
|                ( - 1.581e+03 1 0)
|                ( - 2.240e+03 1 0))
|            ( QUESTION12 -1 3.161e+03 1.677e+02 2.712e+02
|                ( - 3.571e+02 1 0)
|                ( QUESTION0 -1 2.972e+03 1.329e+02 2.482e+02
|                    ( - 2.954e+03 3 0)
|                    ( - 1.513e+02 1 0)))))
|    ( - 9.005e+02 2 0))
s>    ( WDBNDRY_B 0 9.036e+03 1.933e+02 8.058e+02
s>        ( QUESTION2_18_L -1 8.329e+03 1.897e+02 7.430e+02
s>            ( - 1.894e+03 1 0)
s>            ( QUESTION2 -1 6.625e+03 1.980e+02 6.029e+02
s>                ( QUESTION3 -1 3.661e+03 1.603e+02 3.317e+02
s>                    ( - 1.581e+03 1 0)
s>                    ( - 2.240e+03 1 0))
s>                ( QUESTION12 -1 3.161e+03 1.677e+02 2.712e+02
s>                    ( - 3.571e+02 1 0)
s>                    ( QUESTION0 -1 2.972e+03 1.329e+02 2.482e+02
s>                        ( - 2.954e+03 3 0)
s>                        ( - 1.513e+02 1 0)))))
s>        ( - 9.005e+02 2 0))INFO: dtree.c(1351): Comp split 12
INFO: dtree.c(1483): stop. leaf nodes are specific
INFO: dtree.c(1524): Final simple tree
|( QUESTION8 -1 5.575e+03 2.292e+02 7.083e+02
|    ( QUESTION9 -1 3.753e+03 1.094e+02 4.929e+02
|        ( - 4.394e+02 1 0)
|        ( - 3.423e+03 1 0))
|    ( WDBNDRY_B 0 2.051e+03 1.798e+02 2.154e+02
|        ( QUESTION2 -1 1.261e+03 1.180e+02 1.082e+02
|            ( - 6.978e+02 1 0)
|            ( - 6.808e+02 1 0))
|        ( QUESTION0_15_R 1 9.701e+02 1.228e+02 1.072e+02
|            ( - 8.621e+02 2 0)
|            ( - 2.308e+02 1 0))))
s>    ( QUESTION8 -1 5.575e+03 2.292e+02 7.083e+02
s>        ( QUESTION9 -1 3.753e+03 1.094e+02 4.929e+02
s>            ( - 4.394e+02 1 0)
s>            ( - 3.423e+03 1 0))
s>        ( WDBNDRY_B 0 2.051e+03 1.798e+02 2.154e+02
s>            ( QUESTION2 -1 1.261e+03 1.180e+02 1.082e+02
s>                ( - 6.978e+02 1 0)
s>                ( - 6.808e+02 1 0))
s>            ( QUESTION0_15_R 1 9.701e+02 1.228e+02 1.072e+02
s>                ( - 8.621e+02 2 0)
s>                ( - 2.308e+02 1 0))))INFO: dtree.c(1351): Comp split 13
INFO: dtree.c(1483): stop. leaf nodes are specific
INFO: dtree.c(1524): Final simple tree
|( SILENCE -1 1.741e+03 1.972e+02 1.618e+02
|    ( - 1.443e+03 1 0)
|    ( - 4.949e+02 2 0))
s>    ( SILENCE -1 1.741e+03 1.972e+02 1.618e+02
s>        ( - 1.443e+03 1 0)
s>        ( - 4.949e+02 2 0))INFO: dtree.c(1483): stop. leaf nodes are specific
INFO: dtree.c(1524): Final simple tree
|( QUESTION2 -1 8.030e+02 1.153e+02 5.807e+01
|    ( - 7.442e+02 1 0)
|    ( - 1.742e+02 1 0))
s>    ( QUESTION2 -1 8.030e+02 1.153e+02 5.807e+01
s>        ( - 7.442e+02 1 0)
s>        ( - 1.742e+02 1 0))INFO: dtree.c(1351): Comp split 14
INFO: dtree.c(1483): stop. leaf nodes are specific
INFO: dtree.c(1524): Final simple tree
|( QUESTION11 1 1.925e+03 1.547e+02 1.527e+02
|    ( QUESTION0_3_R 1 4.803e+02 1.187e+02 2.800e+01
|        ( - 3.478e+02 1 0)
|        ( - 2.513e+02 1 0))
|    ( QUESTION0_8_R 1 1.600e+03 1.491e+02 1.247e+02
|        ( - 2.163e+02 1 0)
|        ( QUESTION0_0_R 1 1.532e+03 1.334e+02 1.187e+02
|            ( - 4.475e+02 1 0)
|            ( QUESTION4 1 1.218e+03 9.844e+01 9.578e+01
|                ( - 9.727e+02 1 0)
|                ( - 3.441e+02 1 0)))))
s>    ( QUESTION11 1 1.925e+03 1.547e+02 1.527e+02
s>        ( QUESTION0_3_R 1 4.803e+02 1.187e+02 2.800e+01
s>            ( - 3.478e+02 1 0)
s>            ( - 2.513e+02 1 0))
s>        ( QUESTION0_8_R 1 1.600e+03 1.491e+02 1.247e+02
s>            ( - 2.163e+02 1 0)
s>            ( QUESTION0_0_R 1 1.532e+03 1.334e+02 1.187e+02
s>                ( - 4.475e+02 1 0)
s>                ( QUESTION4 1 1.218e+03 9.844e+01 9.578e+01
s>                    ( - 9.727e+02 1 0)
s>                    ( - 3.441e+02 1 0)))))INFO: dtree.c(1483): stop. leaf nodes are specific
INFO: dtree.c(1524): Final simple tree
|( QUESTION0_0_R 1 2.331e+03 1.894e+02 2.261e+02
|    ( QUESTION0_5_R 1 9.986e+02 1.196e+02 8.546e+01
|        ( - 7.402e+02 1 0)
|        ( - 3.780e+02 1 0))
|    ( WDBNDRY_B 0 1.522e+03 1.475e+02 1.406e+02
|        ( - 8.487e+02 2 0)
|        ( - 8.204e+02 2 0)))
s>    ( QUESTION0_0_R 1 2.331e+03 1.894e+02 2.261e+02
s>        ( QUESTION0_5_R 1 9.986e+02 1.196e+02 8.546e+01
s>            ( - 7.402e+02 1 0)
s>            ( - 3.780e+02 1 0))
s>        ( WDBNDRY_B 0 1.522e+03 1.475e+02 1.406e+02
s>            ( - 8.487e+02 2 0)
s>            ( - 8.204e+02 2 0)))INFO: dtree.c(1351): Comp split 15
INFO: dtree.c(1483): stop. leaf nodes are specific
INFO: dtree.c(1524): Final simple tree
|( QUESTION0_14_R 1 1.922e+03 1.743e+02 2.129e+02
|    ( - 1.746e+03 3 0)
|    ( QUESTION0 -1 3.511e+02 1.558e+02 4.200e+01
|        ( WDBNDRY_B 0 3.059e+02 1.081e+02 3.400e+01
|            ( - 2.295e+02 2 0)
|            ( - 1.845e+02 1 0))
|        ( - 2.010e+02 1 0)))
s>    ( QUESTION0_14_R 1 1.922e+03 1.743e+02 2.129e+02
s>        ( - 1.746e+03 3 0)
s>        ( QUESTION0 -1 3.511e+02 1.558e+02 4.200e+01
s>            ( WDBNDRY_B 0 3.059e+02 1.081e+02 3.400e+01
s>                ( - 2.295e+02 2 0)
s>                ( - 1.845e+02 1 0))
s>            ( - 2.010e+02 1 0)))INFO: dtree.c(1483): stop. leaf nodes are specific
INFO: dtree.c(1524): Final simple tree
|( QUESTION2_1_L -1 2.276e+03 1.343e+02 2.260e+02
|    ( - 2.134e+03 1 0)
|    ( - 2.769e+02 1 0))
s>    ( QUESTION2_1_L -1 2.276e+03 1.343e+02 2.260e+02
s>        ( - 2.134e+03 1 0)
s>        ( - 2.769e+02 1 0))INFO: dtree.c(1351): Comp split 16
INFO: dtree.c(1483): stop. leaf nodes are specific
INFO: dtree.c(1524): Final simple tree
|( WDBNDRY_B 0 1.956e+03 1.670e+02 2.034e+02
|    ( QUESTION2 -1 1.261e+03 1.180e+02 1.082e+02
|        ( - 6.978e+02 1 0)
|        ( - 6.808e+02 1 0))
|    ( - 8.621e+02 2 0))
s>    ( WDBNDRY_B 0 1.956e+03 1.670e+02 2.034e+02
s>        ( QUESTION2 -1 1.261e+03 1.180e+02 1.082e+02
s>            ( - 6.978e+02 1 0)
s>            ( - 6.808e+02 1 0))
s>        ( - 8.621e+02 2 0))INFO: dtree.c(1483): stop. leaf nodes are specific
INFO: dtree.c(1524): Final simple tree
|( WDBNDRY_B 0 3.849e+03 1.349e+02 5.049e+02
|    ( QUESTION9 -1 3.753e+03 1.094e+02 4.929e+02
|        ( - 4.394e+02 1 0)
|        ( - 3.423e+03 1 0))
|    ( - 2.308e+02 1 0))
s>    ( WDBNDRY_B 0 3.849e+03 1.349e+02 5.049e+02
s>        ( QUESTION9 -1 3.753e+03 1.094e+02 4.929e+02
s>            ( - 4.394e+02 1 0)
s>            ( - 3.423e+03 1 0))
s>        ( - 2.308e+02 1 0))INFO: dtree.c(1351): Comp split 17
INFO: dtree.c(1483): stop. leaf nodes are specific
INFO: dtree.c(1524): Final simple tree
|( QUESTION12 -1 5.397e+03 1.774e+02 4.768e+02
|    ( - 1.894e+03 1 0)
|    ( QUESTION8 -1 3.680e+03 1.598e+02 3.367e+02
|        ( - 2.240e+03 1 0)
|        ( QUESTION2 -1 1.600e+03 1.328e+02 1.478e+02
|            ( - 1.581e+03 1 0)
|            ( - 1.513e+02 1 0))))
s>    ( QUESTION12 -1 5.397e+03 1.774e+02 4.768e+02
s>        ( - 1.894e+03 1 0)
s>        ( QUESTION8 -1 3.680e+03 1.598e+02 3.367e+02
s>            ( - 2.240e+03 1 0)
s>            ( QUESTION2 -1 1.600e+03 1.328e+02 1.478e+02
s>                ( - 1.581e+03 1 0)
s>                ( - 1.513e+02 1 0))))INFO: dtree.c(1483): stop. leaf nodes are specific
INFO: dtree.c(1524): Final simple tree
|( WDBNDRY_B 0 3.863e+03 1.809e+02 3.290e+02
|    ( QUESTION0 -1 3.143e+03 1.673e+02 2.662e+02
|        ( - 2.954e+03 3 0)
|        ( - 3.571e+02 1 0))
|    ( - 9.005e+02 2 0))
s>    ( WDBNDRY_B 0 3.863e+03 1.809e+02 3.290e+02
s>        ( QUESTION0 -1 3.143e+03 1.673e+02 2.662e+02
s>            ( - 2.954e+03 3 0)
s>            ( - 3.571e+02 1 0))
s>        ( - 9.005e+02 2 0))INFO: dtree.c(1351): Comp split 18
INFO: dtree.c(1483): stop. leaf nodes are specific
INFO: dtree.c(1524): Final simple tree
|( SILENCE 1 9.616e+02 1.953e+02 8.296e+01
|    ( - 3.977e+02 1 0)
|    ( QUESTION2_2_L -1 7.592e+02 1.754e+02 6.896e+01
|        ( WDBNDRY_B 0 2.991e+02 1.601e+02 2.000e+01
|            ( - 1.588e+02 1 0)
|            ( - 3.004e+02 1 0))
|        ( QUESTION0 -1 6.356e+02 1.383e+02 4.896e+01
|            ( - 6.309e+02 2 0)
|            ( QUESTION0_0_R 1 1.430e+02 1.237e+02 7.000e+00
|                ( - 1.301e+02 1 0)
|                ( - 1.366e+02 1 0)))))
s>    ( SILENCE 1 9.616e+02 1.953e+02 8.296e+01
s>        ( - 3.977e+02 1 0)
s>        ( QUESTION2_2_L -1 7.592e+02 1.754e+02 6.896e+01
s>            ( WDBNDRY_B 0 2.991e+02 1.601e+02 2.000e+01
s>                ( - 1.588e+02 1 0)
s>                ( - 3.004e+02 1 0))
s>            ( QUESTION0 -1 6.356e+02 1.383e+02 4.896e+01
s>                ( - 6.309e+02 2 0)
s>                ( QUESTION0_0_R 1 1.430e+02 1.237e+02 7.000e+00
s>                    ( - 1.301e+02 1 0)
s>                    ( - 1.366e+02 1 0)))))INFO: dtree.c(1483): stop. leaf nodes are specific
INFO: dtree.c(1524): Final simple tree
|( QUESTION11 -1 6.238e+02 1.424e+02 4.930e+01
|    ( - 1.832e+02 1 0)
|    ( SILENCE -1 5.830e+02 1.345e+02 4.430e+01
|        ( - 4.816e+02 1 0)
|        ( - 2.359e+02 1 0)))
s>    ( QUESTION11 -1 6.238e+02 1.424e+02 4.930e+01
s>        ( - 1.832e+02 1 0)
s>        ( SILENCE -1 5.830e+02 1.345e+02 4.430e+01
s>            ( - 4.816e+02 1 0)
s>            ( - 2.359e+02 1 0)))INFO: dtree.c(1351): Comp split 19
INFO: dtree.c(1351): Comp split 20
INFO: dtree.c(1351): Comp split 21
INFO: dtree.c(1483): stop. leaf nodes are specific
INFO: dtree.c(1524): Final simple tree
|( QUESTION2_2_L -1 7.592e+02 1.754e+02 6.896e+01
|    ( WDBNDRY_B 0 2.991e+02 1.601e+02 2.000e+01
|        ( - 1.588e+02 1 0)
|        ( - 3.004e+02 1 0))
|    ( QUESTION0 -1 6.356e+02 1.383e+02 4.896e+01
|        ( - 6.309e+02 2 0)
|        ( QUESTION0_0_R 1 1.430e+02 1.237e+02 7.000e+00
|            ( - 1.301e+02 1 0)
|            ( - 1.366e+02 1 0))))
s>    ( QUESTION2_2_L -1 7.592e+02 1.754e+02 6.896e+01
s>        ( WDBNDRY_B 0 2.991e+02 1.601e+02 2.000e+01
s>            ( - 1.588e+02 1 0)
s>            ( - 3.004e+02 1 0))
s>        ( QUESTION0 -1 6.356e+02 1.383e+02 4.896e+01
s>            ( - 6.309e+02 2 0)
s>            ( QUESTION0_0_R 1 1.430e+02 1.237e+02 7.000e+00
s>                ( - 1.301e+02 1 0)
s>                ( - 1.366e+02 1 0))))INFO: dtree.c(1351): Comp split 22
INFO: dtree.c(1483): stop. leaf nodes are specific
INFO: dtree.c(1524): Final simple tree
|( WDBNDRY_B 0 1.522e+03 1.475e+02 1.406e+02
|    ( - 8.487e+02 2 0)
|    ( - 8.204e+02 2 0))
s>    ( WDBNDRY_B 0 1.522e+03 1.475e+02 1.406e+02
s>        ( - 8.487e+02 2 0)
s>        ( - 8.204e+02 2 0))INFO: dtree.c(1483): stop. leaf nodes are specific
INFO: dtree.c(1524): Final simple tree
|( QUESTION0_5_R 1 9.986e+02 1.196e+02 8.546e+01
|    ( - 7.402e+02 1 0)
|    ( - 3.780e+02 1 0))
s>    ( QUESTION0_5_R 1 9.986e+02 1.196e+02 8.546e+01
s>        ( - 7.402e+02 1 0)
s>        ( - 3.780e+02 1 0))INFO: dtree.c(1351): Comp split 23
INFO: dtree.c(1351): Comp split 24
INFO: dtree.c(1483): stop. leaf nodes are specific
INFO: dtree.c(1524): Final simple tree
|( QUESTION0_13_R 1 1.876e+03 1.512e+02 1.879e+02
|    ( - 2.010e+02 1 0)
|    ( WDBNDRY_B 0 1.827e+03 1.037e+02 1.799e+02
|        ( - 1.746e+03 3 0)
|        ( - 1.845e+02 1 0)))
s>    ( QUESTION0_13_R 1 1.876e+03 1.512e+02 1.879e+02
s>        ( - 2.010e+02 1 0)
s>        ( WDBNDRY_B 0 1.827e+03 1.037e+02 1.799e+02
s>            ( - 1.746e+03 3 0)
s>            ( - 1.845e+02 1 0)))INFO: dtree.c(1351): Comp split 25
INFO: dtree.c(1351): Comp split 26
INFO: dtree.c(1483): stop. leaf nodes are specific
INFO: dtree.c(1524): Final simple tree
|( QUESTION0 -1 3.143e+03 1.673e+02 2.662e+02
|    ( - 2.954e+03 3 0)
|    ( - 3.571e+02 1 0))
s>    ( QUESTION0 -1 3.143e+03 1.673e+02 2.662e+02
s>        ( - 2.954e+03 3 0)
s>        ( - 3.571e+02 1 0))INFO: dtree.c(1351): Comp split 27
INFO: dtree.c(1351): Comp split 28
INFO: dtree.c(1483): stop. leaf nodes are specific
INFO: dtree.c(1524): Final simple tree
|( QUESTION8 -1 3.680e+03 1.598e+02 3.367e+02
|    ( - 2.240e+03 1 0)
|    ( QUESTION2 -1 1.600e+03 1.328e+02 1.478e+02
|        ( - 1.581e+03 1 0)
|        ( - 1.513e+02 1 0)))
s>    ( QUESTION8 -1 3.680e+03 1.598e+02 3.367e+02
s>        ( - 2.240e+03 1 0)
s>        ( QUESTION2 -1 1.600e+03 1.328e+02 1.478e+02
s>            ( - 1.581e+03 1 0)
s>            ( - 1.513e+02 1 0)))INFO: dtree.c(1351): Comp split 29
INFO: dtree.c(1483): stop. leaf nodes are specific
INFO: dtree.c(1524): Final simple tree
|( WDBNDRY_B 0 2.991e+02 1.601e+02 2.000e+01
|    ( - 1.588e+02 1 0)
|    ( - 3.004e+02 1 0))
s>    ( WDBNDRY_B 0 2.991e+02 1.601e+02 2.000e+01
s>        ( - 1.588e+02 1 0)
s>        ( - 3.004e+02 1 0))INFO: dtree.c(1483): stop. leaf nodes are specific
INFO: dtree.c(1524): Final simple tree
|( QUESTION0 -1 6.356e+02 1.383e+02 4.896e+01
|    ( - 6.309e+02 2 0)
|    ( QUESTION0_0_R 1 1.430e+02 1.237e+02 7.000e+00
|        ( - 1.301e+02 1 0)
|        ( - 1.366e+02 1 0)))
s>    ( QUESTION0 -1 6.356e+02 1.383e+02 4.896e+01
s>        ( - 6.309e+02 2 0)
s>        ( QUESTION0_0_R 1 1.430e+02 1.237e+02 7.000e+00
s>            ( - 1.301e+02 1 0)
s>            ( - 1.366e+02 1 0)))INFO: dtree.c(1351): Comp split 30
INFO: dtree.c(1351): Comp split 31
INFO: dtree.c(1483): stop. leaf nodes are specific
INFO: dtree.c(1524): Final simple tree
|( QUESTION2 -1 1.261e+03 1.180e+02 1.082e+02
|    ( - 6.978e+02 1 0)
|    ( - 6.808e+02 1 0))
s>    ( QUESTION2 -1 1.261e+03 1.180e+02 1.082e+02
s>        ( - 6.978e+02 1 0)
s>        ( - 6.808e+02 1 0))INFO: dtree.c(1351): Comp split 32
INFO: dtree.c(1483): stop. leaf nodes are specific
INFO: dtree.c(1524): Final simple tree
|( QUESTION3 -1 1.161e+03 1.232e+02 7.315e+01
|    ( - 4.317e+02 1 0)
|    ( - 8.530e+02 1 0))
s>    ( QUESTION3 -1 1.161e+03 1.232e+02 7.315e+01
s>        ( - 4.317e+02 1 0)
s>        ( - 8.530e+02 1 0))INFO: dtree.c(1351): Comp split 33
INFO: dtree.c(1351): Comp split 34
INFO: dtree.c(1483): stop. leaf nodes are specific
INFO: dtree.c(1524): Final simple tree
|( QUESTION2 -1 1.600e+03 1.328e+02 1.478e+02
|    ( - 1.581e+03 1 0)
|    ( - 1.513e+02 1 0))
s>    ( QUESTION2 -1 1.600e+03 1.328e+02 1.478e+02
s>        ( - 1.581e+03 1 0)
s>        ( - 1.513e+02 1 0))INFO: dtree.c(1351): Comp split 35
INFO: dtree.c(1483): stop. leaf nodes are specific
INFO: dtree.c(1524): Final simple tree
|( QUESTION0_3_R 1 4.803e+02 1.187e+02 2.800e+01
|    ( - 3.478e+02 1 0)
|    ( - 2.513e+02 1 0))
s>    ( QUESTION0_3_R 1 4.803e+02 1.187e+02 2.800e+01
s>        ( - 3.478e+02 1 0)
s>        ( - 2.513e+02 1 0))INFO: dtree.c(1483): stop. leaf nodes are specific
INFO: dtree.c(1524): Final simple tree
|( QUESTION0_8_R 1 1.600e+03 1.491e+02 1.247e+02
|    ( - 2.163e+02 1 0)
|    ( QUESTION0_0_R 1 1.532e+03 1.334e+02 1.187e+02
|        ( - 4.475e+02 1 0)
|        ( QUESTION4 1 1.218e+03 9.844e+01 9.578e+01
|            ( - 9.727e+02 1 0)
|            ( - 3.441e+02 1 0))))
s>    ( QUESTION0_8_R 1 1.600e+03 1.491e+02 1.247e+02
s>        ( - 2.163e+02 1 0)
s>        ( QUESTION0_0_R 1 1.532e+03 1.334e+02 1.187e+02
s>            ( - 4.475e+02 1 0)
s>            ( QUESTION4 1 1.218e+03 9.844e+01 9.578e+01
s>                ( - 9.727e+02 1 0)
s>                ( - 3.441e+02 1 0))))INFO: dtree.c(1351): Comp split 36
INFO: dtree.c(1483): stop. leaf nodes are specific
INFO: dtree.c(1524): Final simple tree
|( WDBNDRY_B 0 1.827e+03 1.037e+02 1.799e+02
|    ( - 1.746e+03 3 0)
|    ( - 1.845e+02 1 0))
s>    ( WDBNDRY_B 0 1.827e+03 1.037e+02 1.799e+02
s>        ( - 1.746e+03 3 0)
s>        ( - 1.845e+02 1 0))INFO: dtree.c(1351): Comp split 37
INFO: dtree.c(1483): stop. leaf nodes are specific
INFO: dtree.c(1524): Final simple tree
|( QUESTION0_0_R 1 1.532e+03 1.334e+02 1.187e+02
|    ( - 4.475e+02 1 0)
|    ( QUESTION4 1 1.218e+03 9.844e+01 9.578e+01
|        ( - 9.727e+02 1 0)
|        ( - 3.441e+02 1 0)))
s>    ( QUESTION0_0_R 1 1.532e+03 1.334e+02 1.187e+02
s>        ( - 4.475e+02 1 0)
s>        ( QUESTION4 1 1.218e+03 9.844e+01 9.578e+01
s>            ( - 9.727e+02 1 0)
s>            ( - 3.441e+02 1 0)))INFO: dtree.c(1351): Comp split 38
INFO: dtree.c(1351): Comp split 39
INFO: dtree.c(1483): stop. leaf nodes are specific
INFO: dtree.c(1524): Final simple tree
|( SILENCE -1 5.830e+02 1.345e+02 4.430e+01
|    ( - 4.816e+02 1 0)
|    ( - 2.359e+02 1 0))
s>    ( SILENCE -1 5.830e+02 1.345e+02 4.430e+01
s>        ( - 4.816e+02 1 0)
s>        ( - 2.359e+02 1 0))INFO: dtree.c(1351): Comp split 40
INFO: dtree.c(1483): stop. leaf nodes are specific
INFO: dtree.c(1524): Final simple tree
|( QUESTION0_0_R 1 1.430e+02 1.237e+02 7.000e+00
|    ( - 1.301e+02 1 0)
|    ( - 1.366e+02 1 0))
s>    ( QUESTION0_0_R 1 1.430e+02 1.237e+02 7.000e+00
s>        ( - 1.301e+02 1 0)
s>        ( - 1.366e+02 1 0))INFO: dtree.c(1351): Comp split 41
INFO: dtree.c(1483): stop. leaf nodes are specific
INFO: dtree.c(1524): Final simple tree
|( QUESTION9 -1 3.753e+03 1.094e+02 4.929e+02
|    ( - 4.394e+02 1 0)
|    ( - 3.423e+03 1 0))
s>    ( QUESTION9 -1 3.753e+03 1.094e+02 4.929e+02
s>        ( - 4.394e+02 1 0)
s>        ( - 3.423e+03 1 0))INFO: dtree.c(1351): Comp split 42
INFO: dtree.c(1351): Comp split 43
INFO: dtree.c(1351): Comp split 44
INFO: dtree.c(1483): stop. leaf nodes are specific
INFO: dtree.c(1524): Final simple tree
|( QUESTION4 1 1.218e+03 9.844e+01 9.578e+01
|    ( - 9.727e+02 1 0)
|    ( - 3.441e+02 1 0))
s>    ( QUESTION4 1 1.218e+03 9.844e+01 9.578e+01
s>        ( - 9.727e+02 1 0)
s>        ( - 3.441e+02 1 0))INFO: dtree.c(1351): Comp split 45
INFO: dtree.c(1351): Comp split 46
INFO: dtree.c(1351): Comp split 47
INFO: dtree.c(1351): Comp split 48
INFO: dtree.c(1351): Comp split 49
INFO: dtree.c(1351): Comp split 50
INFO: dtree.c(1351): Comp split 51
INFO: dtree.c(1351): Comp split 52
INFO: dtree.c(1351): Comp split 53
INFO: dtree.c(1351): Comp split 54
INFO: dtree.c(1351): Comp split 55
INFO: dtree.c(1354): stop. leaf nodes are specific
Tue May 31 10:28:01 2011
