INFO: cmd_ln.c(691): Parsing command line:
/home/xkrajnan/Plocha/GSoC/PocketSphinx/an4/bin/bldtree \
	-treefn /home/xkrajnan/Plocha/GSoC/PocketSphinx/an4/trees/an4.unpruned/Z-0.dtree \
	-moddeffn /home/xkrajnan/Plocha/GSoC/PocketSphinx/an4/model_architecture/an4.untied.mdef \
	-mixwfn /home/xkrajnan/Plocha/GSoC/PocketSphinx/an4/model_parameters/an4.cd_cont_untied/mixture_weights \
	-ts2cbfn .cont. \
	-mwfloor 1e-08 \
	-psetfn /home/xkrajnan/Plocha/GSoC/PocketSphinx/an4/model_architecture/an4.tree_questions \
	-phone Z \
	-state 0 \
	-stwt 1.0,0.05,0.0 \
	-meanfn /home/xkrajnan/Plocha/GSoC/PocketSphinx/an4/model_parameters/an4.cd_cont_untied/means \
	-varfn /home/xkrajnan/Plocha/GSoC/PocketSphinx/an4/model_parameters/an4.cd_cont_untied/variances \
	-fullvar no \
	-ssplitmin 1 \
	-ssplitmax 7 \
	-ssplitthr 0 \
	-csplitmin 1 \
	-csplitmax 2000 \
	-csplitthr 0 

Current configuration:
[NAME]		[DEFLT]	[VALUE]
-allphones	no	no
-cntthresh	0.00001	1.000000e-05
-csplitmax	100	2000
-csplitmin	1	1
-csplitthr	8e-4	0.000000e+00
-example	no	no
-fullvar	no	no
-help		no	no
-meanfn			/home/xkrajnan/Plocha/GSoC/PocketSphinx/an4/model_parameters/an4.cd_cont_untied/means
-mixwfn			/home/xkrajnan/Plocha/GSoC/PocketSphinx/an4/model_parameters/an4.cd_cont_untied/mixture_weights
-moddeffn		/home/xkrajnan/Plocha/GSoC/PocketSphinx/an4/model_architecture/an4.untied.mdef
-mwfloor	1e-4	1.000000e-08
-phone			Z
-psetfn			/home/xkrajnan/Plocha/GSoC/PocketSphinx/an4/model_architecture/an4.tree_questions
-ssplitmax	5	7
-ssplitmin	1	1
-ssplitthr	8e-4	0.000000e+00
-state			0
-stwt			1.0,0.05,0.0,
-treefn			/home/xkrajnan/Plocha/GSoC/PocketSphinx/an4/trees/an4.unpruned/Z-0.dtree
-ts2cbfn	.semi.	.cont.
-varfloor	0.00001	1.000000e-05
-varfn			/home/xkrajnan/Plocha/GSoC/PocketSphinx/an4/model_parameters/an4.cd_cont_untied/variances

INFO: main.c(228): Reading: /home/xkrajnan/Plocha/GSoC/PocketSphinx/an4/model_architecture/an4.untied.mdef
INFO: model_def_io.c(587): Model definition info:
INFO: model_def_io.c(588): 1618 total models defined (34 base, 1584 tri)
INFO: model_def_io.c(589): 6472 total states
INFO: model_def_io.c(590): 4854 total tied states
INFO: model_def_io.c(591): 102 total tied CI states
INFO: model_def_io.c(592): 34 total tied transition matrices
INFO: model_def_io.c(593): 4 max state/model
INFO: model_def_io.c(594): 4 min state/model
INFO: main.c(247): Building trees for [Z AH IY b] through [Z V IH b]
INFO: main.c(275): Covering states |[4779 4853]| == 75
INFO: main.c(282): Reading: /home/xkrajnan/Plocha/GSoC/PocketSphinx/an4/model_parameters/an4.cd_cont_untied/mixture_weights
INFO: s3mixw_io.c(172): Read /home/xkrajnan/Plocha/GSoC/PocketSphinx/an4/model_parameters/an4.cd_cont_untied/mixture_weights [75x1x1 array]
INFO: main.c(320): 25 of 25 models have observation count greater than 0.000010
INFO: main.c(94): nrm stwt: 0.952 0.048 0.000 
INFO: s3gau_io.c(166): Read /home/xkrajnan/Plocha/GSoC/PocketSphinx/an4/model_parameters/an4.cd_cont_untied/means [4854x1x1 array]
INFO: s3gau_io.c(166): Read /home/xkrajnan/Plocha/GSoC/PocketSphinx/an4/model_parameters/an4.cd_cont_untied/variances [4854x1x1 array]
INFO: main.c(576): Reading: /home/xkrajnan/Plocha/GSoC/PocketSphinx/an4/model_architecture/an4.tree_questions
INFO: main.c(619): 180 total simple questions (172 phone; 8 word bndry)
INFO: main.c(621): 42 Left Only questions, and 42 Right Only questions
INFO: dtree.c(1524): Final simple tree
|( QUESTION2_1_L -1 -2.269e+03 7.726e+02 6.239e+02
|    ( - -1.910e+02 2 0 QUESTION0 1 1.231e+02 6.379e+01)
|    ( WDBNDRY_B 0 -1.306e+03 7.718e+02 5.601e+02
|        ( QUESTION2_18_L -1 -6.249e+02 3.548e+02 5.446e+02
|            ( QUESTION12 -1 -1.514e+01 2.606e+02 6.000e+00
|                ( - 1.157e+01 2 0 QUESTION0 1 1.637e+02 5.000e+00)
|                ( - 2.338e+02 1 0))
|            ( QUESTION2 -1 -2.550e+02 3.303e+02 5.386e+02
|                ( QUESTION10 -1 6.161e+02 2.370e+02 2.428e+02
|                    ( - 6.276e+02 2 0 QUESTION0 1 2.030e+02 1.208e+02)
|                    ( - 2.255e+02 3 0 QUESTION0 1 2.324e+02 1.221e+02))
|                ( QUESTION2_14_L -1 -5.408e+02 2.408e+02 2.958e+02
|                    ( - -1.104e+01 7 0 QUESTION0 1 1.656e+02 1.722e+02)
|                    ( - -2.889e+02 7 0 QUESTION12 -1 2.361e+02 1.236e+02))))
|        ( - 9.099e+01 1 0)))
s>    ( QUESTION2_1_L -1 -2.269e+03 7.726e+02 6.239e+02
s>        ( - -1.910e+02 2 0 QUESTION0 1 1.231e+02 6.379e+01)
s>        ( WDBNDRY_B 0 -1.306e+03 7.718e+02 5.601e+02
s>            ( QUESTION2_18_L -1 -6.249e+02 3.548e+02 5.446e+02
s>                ( QUESTION12 -1 -1.514e+01 2.606e+02 6.000e+00
s>                    ( - 1.157e+01 2 0 QUESTION0 1 1.637e+02 5.000e+00)
s>                    ( - 2.338e+02 1 0))
s>                ( QUESTION2 -1 -2.550e+02 3.303e+02 5.386e+02
s>                    ( QUESTION10 -1 6.161e+02 2.370e+02 2.428e+02
s>                        ( - 6.276e+02 2 0 QUESTION0 1 2.030e+02 1.208e+02)
s>                        ( - 2.255e+02 3 0 QUESTION0 1 2.324e+02 1.221e+02))
s>                    ( QUESTION2_14_L -1 -5.408e+02 2.408e+02 2.958e+02
s>                        ( - -1.104e+01 7 0 QUESTION0 1 1.656e+02 1.722e+02)
s>                        ( - -2.889e+02 7 0 QUESTION12 -1 2.361e+02 1.236e+02))))
s>            ( - 9.099e+01 1 0)))INFO: dtree.c(1351): Comp split 0
INFO: dtree.c(1524): Final simple tree
|( QUESTION2 -1 -2.550e+02 3.303e+02 5.386e+02
|    ( QUESTION10 -1 6.161e+02 2.370e+02 2.428e+02
|        ( QUESTION0 1 6.276e+02 2.030e+02 1.208e+02
|            ( - 1.788e+02 1 0)
|            ( - 6.518e+02 1 0))
|        ( QUESTION0 1 2.255e+02 2.324e+02 1.221e+02
|            ( - 4.364e+02 1 0)
|            ( - 2.149e+01 2 0 QUESTION3 -1 7.284e+01 2.102e+01)))
|    ( QUESTION2_14_L -1 -5.408e+02 2.408e+02 2.958e+02
|        ( - -1.104e+01 7 0 QUESTION0 1 1.656e+02 1.722e+02)
|        ( QUESTION12 -1 -2.889e+02 2.361e+02 1.236e+02
|            ( - 1.845e+02 1 0)
|            ( QUESTION2_0_L -1 -2.372e+02 2.026e+02 1.216e+02
|                ( - 7.813e+01 1 0)
|                ( - -1.128e+02 5 0 QUESTION0 1 1.956e+02 1.046e+02)))))
s>    ( QUESTION2 -1 -2.550e+02 3.303e+02 5.386e+02
s>        ( QUESTION10 -1 6.161e+02 2.370e+02 2.428e+02
s>            ( QUESTION0 1 6.276e+02 2.030e+02 1.208e+02
s>                ( - 1.788e+02 1 0)
s>                ( - 6.518e+02 1 0))
s>            ( QUESTION0 1 2.255e+02 2.324e+02 1.221e+02
s>                ( - 4.364e+02 1 0)
s>                ( - 2.149e+01 2 0 QUESTION3 -1 7.284e+01 2.102e+01)))
s>        ( QUESTION2_14_L -1 -5.408e+02 2.408e+02 2.958e+02
s>            ( - -1.104e+01 7 0 QUESTION0 1 1.656e+02 1.722e+02)
s>            ( QUESTION12 -1 -2.889e+02 2.361e+02 1.236e+02
s>                ( - 1.845e+02 1 0)
s>                ( QUESTION2_0_L -1 -2.372e+02 2.026e+02 1.216e+02
s>                    ( - 7.813e+01 1 0)
s>                    ( - -1.128e+02 5 0 QUESTION0 1 1.956e+02 1.046e+02)))))INFO: dtree.c(1483): stop. leaf nodes are specific
INFO: dtree.c(1524): Final simple tree
|( QUESTION2_0_L -1 -7.756e+02 4.627e+02 8.528e+01
|    ( QUESTION0 1 -1.910e+02 1.231e+02 6.379e+01
|        ( - -1.064e+02 1 0)
|        ( - 3.850e+01 1 0))
|    ( QUESTION15 -1 -1.218e+02 2.732e+02 2.149e+01
|        ( - 2.338e+02 1 0)
|        ( QUESTION15 1 -8.250e+01 1.990e+02 2.049e+01
|            ( - 1.261e+02 1 0)
|            ( WDBNDRY_B 0 -9.570e+00 1.497e+02 1.849e+01
|                ( - 4.913e+01 1 0)
|                ( - 9.099e+01 1 0)))))
s>    ( QUESTION2_0_L -1 -7.756e+02 4.627e+02 8.528e+01
s>        ( QUESTION0 1 -1.910e+02 1.231e+02 6.379e+01
s>            ( - -1.064e+02 1 0)
s>            ( - 3.850e+01 1 0))
s>        ( QUESTION15 -1 -1.218e+02 2.732e+02 2.149e+01
s>            ( - 2.338e+02 1 0)
s>            ( QUESTION15 1 -8.250e+01 1.990e+02 2.049e+01
s>                ( - 1.261e+02 1 0)
s>                ( WDBNDRY_B 0 -9.570e+00 1.497e+02 1.849e+01
s>                    ( - 4.913e+01 1 0)
s>                    ( - 9.099e+01 1 0)))))INFO: dtree.c(1351): Comp split 1
INFO: dtree.c(1483): stop. leaf nodes are specific
INFO: dtree.c(1524): Final simple tree
|( QUESTION15 -1 -1.975e+02 2.729e+02 2.549e+01
|    ( - 2.338e+02 1 0)
|    ( WDBNDRY_B 0 -1.584e+02 2.092e+02 2.449e+01
|        ( QUESTION0 1 -4.018e+01 1.020e+02 9.000e+00
|            ( - 4.913e+01 1 0)
|            ( QUESTION0 -1 1.273e+01 1.519e+02 6.000e+00
|                ( - 3.850e+01 1 0)
|                ( - 1.261e+02 1 0)))
|        ( - 9.099e+01 1 0)))
s>    ( QUESTION15 -1 -1.975e+02 2.729e+02 2.549e+01
s>        ( - 2.338e+02 1 0)
s>        ( WDBNDRY_B 0 -1.584e+02 2.092e+02 2.449e+01
s>            ( QUESTION0 1 -4.018e+01 1.020e+02 9.000e+00
s>                ( - 4.913e+01 1 0)
s>                ( QUESTION0 -1 1.273e+01 1.519e+02 6.000e+00
s>                    ( - 3.850e+01 1 0)
s>                    ( - 1.261e+02 1 0)))
s>            ( - 9.099e+01 1 0)))INFO: dtree.c(1351): Comp split 2
INFO: dtree.c(1483): stop. leaf nodes are specific
INFO: dtree.c(1524): Final simple tree
|( QUESTION0 1 8.808e+02 2.074e+02 2.031e+02
|    ( - 4.364e+02 1 0)
|    ( - 6.518e+02 1 0))
s>    ( QUESTION0 1 8.808e+02 2.074e+02 2.031e+02
s>        ( - 4.364e+02 1 0)
s>        ( - 6.518e+02 1 0))INFO: dtree.c(1524): Final simple tree
|( QUESTION2_14_L -1 -7.243e+02 2.485e+02 3.356e+02
|    ( QUESTION0 -1 -5.115e+01 2.189e+02 1.910e+02
|        ( QUESTION0 1 -1.104e+01 1.656e+02 1.722e+02
|            ( - -2.319e+01 4 0)
|            ( - 1.778e+02 3 0))
|        ( - 1.788e+02 1 0))
|    ( QUESTION12 -1 -4.246e+02 2.332e+02 1.446e+02
|        ( - 1.845e+02 1 0)
|        ( QUESTION0 1 -3.759e+02 1.945e+02 1.426e+02
|            ( QUESTION2_0_L -1 -7.646e+01 2.027e+02 1.036e+02
|                ( - 7.813e+01 1 0)
|                ( QUESTION0 -1 4.814e+01 2.096e+02 8.658e+01
|                    ( - 2.898e+02 2 0)
|                    ( - -3.202e+01 2 0 SILENCE -1 1.290e+02 4.032e+01)))
|            ( - -1.050e+02 3 0 QUESTION0 -1 1.612e+02 3.902e+01))))
s>    ( QUESTION2_14_L -1 -7.243e+02 2.485e+02 3.356e+02
s>        ( QUESTION0 -1 -5.115e+01 2.189e+02 1.910e+02
s>            ( QUESTION0 1 -1.104e+01 1.656e+02 1.722e+02
s>                ( - -2.319e+01 4 0)
s>                ( - 1.778e+02 3 0))
s>            ( - 1.788e+02 1 0))
s>        ( QUESTION12 -1 -4.246e+02 2.332e+02 1.446e+02
s>            ( - 1.845e+02 1 0)
s>            ( QUESTION0 1 -3.759e+02 1.945e+02 1.426e+02
s>                ( QUESTION2_0_L -1 -7.646e+01 2.027e+02 1.036e+02
s>                    ( - 7.813e+01 1 0)
s>                    ( QUESTION0 -1 4.814e+01 2.096e+02 8.658e+01
s>                        ( - 2.898e+02 2 0)
s>                        ( - -3.202e+01 2 0 SILENCE -1 1.290e+02 4.032e+01)))
s>                ( - -1.050e+02 3 0 QUESTION0 -1 1.612e+02 3.902e+01))))INFO: dtree.c(1351): Comp split 3
INFO: dtree.c(1483): stop. leaf nodes are specific
INFO: dtree.c(1524): Final simple tree
|( QUESTION2_9_L -1 5.460e+01 2.241e+02 2.185e+02
|    ( - 2.898e+02 2 0)
|    ( QUESTION0 1 -1.104e+01 1.656e+02 1.722e+02
|        ( - -2.319e+01 4 0)
|        ( - 1.778e+02 3 0)))
s>    ( QUESTION2_9_L -1 5.460e+01 2.241e+02 2.185e+02
s>        ( - 2.898e+02 2 0)
s>        ( QUESTION0 1 -1.104e+01 1.656e+02 1.722e+02
s>            ( - -2.319e+01 4 0)
s>            ( - 1.778e+02 3 0)))INFO: dtree.c(1524): Final simple tree
|( QUESTION12 -1 -4.508e+02 2.244e+02 1.171e+02
|    ( - 1.845e+02 1 0)
|    ( QUESTION10 -1 -4.108e+02 1.831e+02 1.151e+02
|        ( - 1.788e+02 1 0)
|        ( QUESTION2_0_L -1 -4.066e+02 1.770e+02 9.634e+01
|            ( - 7.813e+01 1 0)
|            ( QUESTION0 -1 -3.077e+02 1.714e+02 7.934e+01
|                ( - 3.470e+01 1 0)
|                ( QUESTION0 1 -1.710e+02 1.605e+02 6.134e+01
|                    ( SILENCE -1 -3.202e+01 1.290e+02 4.032e+01
|                        ( - -2.247e+01 1 0)
|                        ( - 1.195e+02 1 0))
|                    ( QUESTION3 -1 2.149e+01 7.284e+01 2.102e+01
|                        ( - 7.394e+01 1 0)
|                        ( - 2.038e+01 1 0)))))))
s>    ( QUESTION12 -1 -4.508e+02 2.244e+02 1.171e+02
s>        ( - 1.845e+02 1 0)
s>        ( QUESTION10 -1 -4.108e+02 1.831e+02 1.151e+02
s>            ( - 1.788e+02 1 0)
s>            ( QUESTION2_0_L -1 -4.066e+02 1.770e+02 9.634e+01
s>                ( - 7.813e+01 1 0)
s>                ( QUESTION0 -1 -3.077e+02 1.714e+02 7.934e+01
s>                    ( - 3.470e+01 1 0)
s>                    ( QUESTION0 1 -1.710e+02 1.605e+02 6.134e+01
s>                        ( SILENCE -1 -3.202e+01 1.290e+02 4.032e+01
s>                            ( - -2.247e+01 1 0)
s>                            ( - 1.195e+02 1 0))
s>                        ( QUESTION3 -1 2.149e+01 7.284e+01 2.102e+01
s>                            ( - 7.394e+01 1 0)
s>                            ( - 2.038e+01 1 0)))))))INFO: dtree.c(1351): Comp split 4
INFO: dtree.c(1483): stop. leaf nodes are specific
INFO: dtree.c(1524): Final simple tree
|( WDBNDRY_B 0 -1.584e+02 2.092e+02 2.449e+01
|    ( QUESTION0 1 -4.018e+01 1.020e+02 9.000e+00
|        ( - 4.913e+01 1 0)
|        ( QUESTION0 -1 1.273e+01 1.519e+02 6.000e+00
|            ( - 3.850e+01 1 0)
|            ( - 1.261e+02 1 0)))
|    ( - 9.099e+01 1 0))
s>    ( WDBNDRY_B 0 -1.584e+02 2.092e+02 2.449e+01
s>        ( QUESTION0 1 -4.018e+01 1.020e+02 9.000e+00
s>            ( - 4.913e+01 1 0)
s>            ( QUESTION0 -1 1.273e+01 1.519e+02 6.000e+00
s>                ( - 3.850e+01 1 0)
s>                ( - 1.261e+02 1 0)))
s>        ( - 9.099e+01 1 0))INFO: dtree.c(1351): Comp split 5
INFO: dtree.c(1483): stop. leaf nodes are specific
INFO: dtree.c(1524): Final simple tree
|( QUESTION0 -1 7.657e+01 1.370e+02 3.676e+01
|    ( - 3.470e+01 1 0)
|    ( - 1.788e+02 1 0))
s>    ( QUESTION0 -1 7.657e+01 1.370e+02 3.676e+01
s>        ( - 3.470e+01 1 0)
s>        ( - 1.788e+02 1 0))INFO: dtree.c(1483): stop. leaf nodes are specific
INFO: dtree.c(1524): Final simple tree
|( QUESTION12 -1 -3.018e+02 2.297e+02 8.034e+01
|    ( - 1.845e+02 1 0)
|    ( QUESTION0 -1 -2.566e+02 1.638e+02 7.834e+01
|        ( - 7.813e+01 1 0)
|        ( QUESTION0 1 -1.710e+02 1.605e+02 6.134e+01
|            ( SILENCE -1 -3.202e+01 1.290e+02 4.032e+01
|                ( - -2.247e+01 1 0)
|                ( - 1.195e+02 1 0))
|            ( QUESTION3 -1 2.149e+01 7.284e+01 2.102e+01
|                ( - 7.394e+01 1 0)
|                ( - 2.038e+01 1 0)))))
s>    ( QUESTION12 -1 -3.018e+02 2.297e+02 8.034e+01
s>        ( - 1.845e+02 1 0)
s>        ( QUESTION0 -1 -2.566e+02 1.638e+02 7.834e+01
s>            ( - 7.813e+01 1 0)
s>            ( QUESTION0 1 -1.710e+02 1.605e+02 6.134e+01
s>                ( SILENCE -1 -3.202e+01 1.290e+02 4.032e+01
s>                    ( - -2.247e+01 1 0)
s>                    ( - 1.195e+02 1 0))
s>                ( QUESTION3 -1 2.149e+01 7.284e+01 2.102e+01
s>                    ( - 7.394e+01 1 0)
s>                    ( - 2.038e+01 1 0)))))INFO: dtree.c(1351): Comp split 6
INFO: dtree.c(1483): stop. leaf nodes are specific
INFO: dtree.c(1524): Final simple tree
|( QUESTION0 -1 -2.566e+02 1.638e+02 7.834e+01
|    ( - 7.813e+01 1 0)
|    ( QUESTION0 1 -1.710e+02 1.605e+02 6.134e+01
|        ( SILENCE -1 -3.202e+01 1.290e+02 4.032e+01
|            ( - -2.247e+01 1 0)
|            ( - 1.195e+02 1 0))
|        ( QUESTION3 -1 2.149e+01 7.284e+01 2.102e+01
|            ( - 7.394e+01 1 0)
|            ( - 2.038e+01 1 0))))
s>    ( QUESTION0 -1 -2.566e+02 1.638e+02 7.834e+01
s>        ( - 7.813e+01 1 0)
s>        ( QUESTION0 1 -1.710e+02 1.605e+02 6.134e+01
s>            ( SILENCE -1 -3.202e+01 1.290e+02 4.032e+01
s>                ( - -2.247e+01 1 0)
s>                ( - 1.195e+02 1 0))
s>            ( QUESTION3 -1 2.149e+01 7.284e+01 2.102e+01
s>                ( - 7.394e+01 1 0)
s>                ( - 2.038e+01 1 0))))INFO: dtree.c(1351): Comp split 7
INFO: dtree.c(1483): stop. leaf nodes are specific
INFO: dtree.c(1524): Final simple tree
|( QUESTION0 1 -1.104e+01 1.656e+02 1.722e+02
|    ( - -2.319e+01 4 0)
|    ( - 1.778e+02 3 0))
s>    ( QUESTION0 1 -1.104e+01 1.656e+02 1.722e+02
s>        ( - -2.319e+01 4 0)
s>        ( - 1.778e+02 3 0))INFO: dtree.c(1351): Comp split 8
INFO: dtree.c(1483): stop. leaf nodes are specific
INFO: dtree.c(1524): Final simple tree
|( QUESTION0 1 -4.018e+01 1.020e+02 9.000e+00
|    ( - 4.913e+01 1 0)
|    ( QUESTION0 -1 1.273e+01 1.519e+02 6.000e+00
|        ( - 3.850e+01 1 0)
|        ( - 1.261e+02 1 0)))
s>    ( QUESTION0 1 -4.018e+01 1.020e+02 9.000e+00
s>        ( - 4.913e+01 1 0)
s>        ( QUESTION0 -1 1.273e+01 1.519e+02 6.000e+00
s>            ( - 3.850e+01 1 0)
s>            ( - 1.261e+02 1 0)))INFO: dtree.c(1351): Comp split 9
INFO: dtree.c(1351): Comp split 10
INFO: dtree.c(1483): stop. leaf nodes are specific
INFO: dtree.c(1524): Final simple tree
|( SILENCE -1 -3.202e+01 1.290e+02 4.032e+01
|    ( - -2.247e+01 1 0)
|    ( - 1.195e+02 1 0))
s>    ( SILENCE -1 -3.202e+01 1.290e+02 4.032e+01
s>        ( - -2.247e+01 1 0)
s>        ( - 1.195e+02 1 0))INFO: dtree.c(1483): stop. leaf nodes are specific
INFO: dtree.c(1524): Final simple tree
|( QUESTION0 -1 -3.781e+01 1.374e+02 3.802e+01
|    ( - 7.813e+01 1 0)
|    ( QUESTION3 -1 2.149e+01 7.284e+01 2.102e+01
|        ( - 7.394e+01 1 0)
|        ( - 2.038e+01 1 0)))
s>    ( QUESTION0 -1 -3.781e+01 1.374e+02 3.802e+01
s>        ( - 7.813e+01 1 0)
s>        ( QUESTION3 -1 2.149e+01 7.284e+01 2.102e+01
s>            ( - 7.394e+01 1 0)
s>            ( - 2.038e+01 1 0)))INFO: dtree.c(1351): Comp split 11
INFO: dtree.c(1351): Comp split 12
INFO: dtree.c(1483): stop. leaf nodes are specific
INFO: dtree.c(1524): Final simple tree
|( QUESTION0 -1 -1.747e+01 1.051e+02 7.000e+00
|    ( - 3.850e+01 1 0)
|    ( - 4.913e+01 1 0))
s>    ( QUESTION0 -1 -1.747e+01 1.051e+02 7.000e+00
s>        ( - 3.850e+01 1 0)
s>        ( - 4.913e+01 1 0))INFO: dtree.c(1351): Comp split 13
INFO: dtree.c(1483): stop. leaf nodes are specific
INFO: dtree.c(1524): Final simple tree
|( QUESTION3 -1 2.149e+01 7.284e+01 2.102e+01
|    ( - 7.394e+01 1 0)
|    ( - 2.038e+01 1 0))
s>    ( QUESTION3 -1 2.149e+01 7.284e+01 2.102e+01
s>        ( - 7.394e+01 1 0)
s>        ( - 2.038e+01 1 0))INFO: dtree.c(1351): Comp split 14
INFO: dtree.c(1351): Comp split 15
INFO: dtree.c(1351): Comp split 16
INFO: dtree.c(1351): Comp split 17
INFO: dtree.c(1351): Comp split 18
INFO: dtree.c(1354): stop. leaf nodes are specific
Tue May 31 10:28:24 2011
