INFO: cmd_ln.c(691): Parsing command line:
/home/xkrajnan/Plocha/GSoC/PocketSphinx/an4/bin/bldtree \
	-treefn /home/xkrajnan/Plocha/GSoC/PocketSphinx/an4/trees/an4.unpruned/K-1.dtree \
	-moddeffn /home/xkrajnan/Plocha/GSoC/PocketSphinx/an4/model_architecture/an4.untied.mdef \
	-mixwfn /home/xkrajnan/Plocha/GSoC/PocketSphinx/an4/model_parameters/an4.cd_cont_untied/mixture_weights \
	-ts2cbfn .cont. \
	-mwfloor 1e-08 \
	-psetfn /home/xkrajnan/Plocha/GSoC/PocketSphinx/an4/model_architecture/an4.tree_questions \
	-phone K \
	-state 1 \
	-stwt 1.0,0.05,0.0 \
	-meanfn /home/xkrajnan/Plocha/GSoC/PocketSphinx/an4/model_parameters/an4.cd_cont_untied/means \
	-varfn /home/xkrajnan/Plocha/GSoC/PocketSphinx/an4/model_parameters/an4.cd_cont_untied/variances \
	-fullvar no \
	-ssplitmin 1 \
	-ssplitmax 7 \
	-ssplitthr 0 \
	-csplitmin 1 \
	-csplitmax 2000 \
	-csplitthr 0 

Current configuration:
[NAME]		[DEFLT]	[VALUE]
-allphones	no	no
-cntthresh	0.00001	1.000000e-05
-csplitmax	100	2000
-csplitmin	1	1
-csplitthr	8e-4	0.000000e+00
-example	no	no
-fullvar	no	no
-help		no	no
-meanfn			/home/xkrajnan/Plocha/GSoC/PocketSphinx/an4/model_parameters/an4.cd_cont_untied/means
-mixwfn			/home/xkrajnan/Plocha/GSoC/PocketSphinx/an4/model_parameters/an4.cd_cont_untied/mixture_weights
-moddeffn		/home/xkrajnan/Plocha/GSoC/PocketSphinx/an4/model_architecture/an4.untied.mdef
-mwfloor	1e-4	1.000000e-08
-phone			K
-psetfn			/home/xkrajnan/Plocha/GSoC/PocketSphinx/an4/model_architecture/an4.tree_questions
-ssplitmax	5	7
-ssplitmin	1	1
-ssplitthr	8e-4	0.000000e+00
-state			1
-stwt			1.0,0.05,0.0,
-treefn			/home/xkrajnan/Plocha/GSoC/PocketSphinx/an4/trees/an4.unpruned/K-1.dtree
-ts2cbfn	.semi.	.cont.
-varfloor	0.00001	1.000000e-05
-varfn			/home/xkrajnan/Plocha/GSoC/PocketSphinx/an4/model_parameters/an4.cd_cont_untied/variances

INFO: main.c(228): Reading: /home/xkrajnan/Plocha/GSoC/PocketSphinx/an4/model_architecture/an4.untied.mdef
INFO: model_def_io.c(587): Model definition info:
INFO: model_def_io.c(588): 1618 total models defined (34 base, 1584 tri)
INFO: model_def_io.c(589): 6472 total states
INFO: model_def_io.c(590): 4854 total tied states
INFO: model_def_io.c(591): 102 total tied CI states
INFO: model_def_io.c(592): 34 total tied transition matrices
INFO: model_def_io.c(593): 4 max state/model
INFO: model_def_io.c(594): 4 min state/model
INFO: main.c(247): Building trees for [K AA T i] through [K UW Y b]
INFO: main.c(275): Covering states |[2733 2825]| == 93
INFO: main.c(282): Reading: /home/xkrajnan/Plocha/GSoC/PocketSphinx/an4/model_parameters/an4.cd_cont_untied/mixture_weights
INFO: s3mixw_io.c(172): Read /home/xkrajnan/Plocha/GSoC/PocketSphinx/an4/model_parameters/an4.cd_cont_untied/mixture_weights [93x1x1 array]
INFO: main.c(320): 31 of 31 models have observation count greater than 0.000010
INFO: main.c(94): nrm stwt: 0.045 0.909 0.045 
INFO: s3gau_io.c(166): Read /home/xkrajnan/Plocha/GSoC/PocketSphinx/an4/model_parameters/an4.cd_cont_untied/means [4854x1x1 array]
INFO: s3gau_io.c(166): Read /home/xkrajnan/Plocha/GSoC/PocketSphinx/an4/model_parameters/an4.cd_cont_untied/variances [4854x1x1 array]
INFO: main.c(576): Reading: /home/xkrajnan/Plocha/GSoC/PocketSphinx/an4/model_architecture/an4.tree_questions
INFO: main.c(619): 180 total simple questions (172 phone; 8 word bndry)
INFO: main.c(621): 42 Left Only questions, and 42 Right Only questions
INFO: dtree.c(1524): Final simple tree
|( WDBNDRY_B 0 -1.344e+04 2.252e+03 1.776e+03
|    ( QUESTION2_10_L -1 -3.003e+03 5.278e+02 7.324e+02
|        ( QUESTION0 -1 6.023e+02 1.758e+02 1.880e+02
|            ( - 6.512e+02 4 0)
|            ( - 1.269e+02 2 0))
|        ( QUESTION2_1_L -1 -3.078e+03 3.758e+02 5.444e+02
|            ( - -4.364e+02 2 0)
|            ( SILENCE -1 -2.265e+03 3.590e+02 3.316e+02
|                ( - -1.763e+02 2 0)
|                ( QUESTION2_18_L -1 -1.730e+03 1.730e+02 2.346e+02
|                    ( - -1.915e+02 2 0)
|                    ( - -1.366e+03 15 0 QUESTION3 -1 1.710e+02 1.760e+02)))))
|    ( QUESTION20 -1 -8.182e+03 2.737e+02 1.043e+03
|        ( - -6.745e+02 2 0 QUESTION0_0_R 1 1.138e+02 1.434e+02)
|        ( - -7.234e+03 2 0 QUESTION0_0_R 1 9.511e+01 8.998e+02)))
s>    ( WDBNDRY_B 0 -1.344e+04 2.252e+03 1.776e+03
s>        ( QUESTION2_10_L -1 -3.003e+03 5.278e+02 7.324e+02
s>            ( QUESTION0 -1 6.023e+02 1.758e+02 1.880e+02
s>                ( - 6.512e+02 4 0)
s>                ( - 1.269e+02 2 0))
s>            ( QUESTION2_1_L -1 -3.078e+03 3.758e+02 5.444e+02
s>                ( - -4.364e+02 2 0)
s>                ( SILENCE -1 -2.265e+03 3.590e+02 3.316e+02
s>                    ( - -1.763e+02 2 0)
s>                    ( QUESTION2_18_L -1 -1.730e+03 1.730e+02 2.346e+02
s>                        ( - -1.915e+02 2 0)
s>                        ( - -1.366e+03 15 0 QUESTION3 -1 1.710e+02 1.760e+02)))))
s>        ( QUESTION20 -1 -8.182e+03 2.737e+02 1.043e+03
s>            ( - -6.745e+02 2 0 QUESTION0_0_R 1 1.138e+02 1.434e+02)
s>            ( - -7.234e+03 2 0 QUESTION0_0_R 1 9.511e+01 8.998e+02)))INFO: dtree.c(1351): Comp split 0
INFO: dtree.c(1524): Final simple tree
|( QUESTION2_10_L -1 -3.003e+03 5.278e+02 7.324e+02
|    ( QUESTION0 -1 6.023e+02 1.758e+02 1.880e+02
|        ( - 6.512e+02 4 0)
|        ( - 1.269e+02 2 0))
|    ( QUESTION2_1_L -1 -3.078e+03 3.758e+02 5.444e+02
|        ( - -4.364e+02 2 0)
|        ( SILENCE -1 -2.265e+03 3.590e+02 3.316e+02
|            ( - -1.763e+02 2 0)
|            ( QUESTION2_18_L -1 -1.730e+03 1.730e+02 2.346e+02
|                ( - -1.915e+02 2 0)
|                ( QUESTION3 -1 -1.366e+03 1.710e+02 1.760e+02
|                    ( - 5.487e+01 1 0)
|                    ( QUESTION0_13_R 1 -1.249e+03 1.630e+02 1.630e+02
|                        ( - -1.193e+03 13 0 QUESTION2_0_L -1 1.490e+02 1.610e+02)
|                        ( - 1.068e+02 1 0)))))))
s>    ( QUESTION2_10_L -1 -3.003e+03 5.278e+02 7.324e+02
s>        ( QUESTION0 -1 6.023e+02 1.758e+02 1.880e+02
s>            ( - 6.512e+02 4 0)
s>            ( - 1.269e+02 2 0))
s>        ( QUESTION2_1_L -1 -3.078e+03 3.758e+02 5.444e+02
s>            ( - -4.364e+02 2 0)
s>            ( SILENCE -1 -2.265e+03 3.590e+02 3.316e+02
s>                ( - -1.763e+02 2 0)
s>                ( QUESTION2_18_L -1 -1.730e+03 1.730e+02 2.346e+02
s>                    ( - -1.915e+02 2 0)
s>                    ( QUESTION3 -1 -1.366e+03 1.710e+02 1.760e+02
s>                        ( - 5.487e+01 1 0)
s>                        ( QUESTION0_13_R 1 -1.249e+03 1.630e+02 1.630e+02
s>                            ( - -1.193e+03 13 0 QUESTION2_0_L -1 1.490e+02 1.610e+02)
s>                            ( - 1.068e+02 1 0)))))))INFO: dtree.c(1483): stop. leaf nodes are specific
INFO: dtree.c(1524): Final simple tree
|( QUESTION20 -1 -8.182e+03 2.737e+02 1.043e+03
|    ( QUESTION0_0_R 1 -6.745e+02 1.138e+02 1.434e+02
|        ( - -6.106e+02 1 0)
|        ( - 5.000e+01 1 0))
|    ( QUESTION0_0_R 1 -7.234e+03 9.511e+01 8.998e+02
|        ( - -7.136e+03 1 0)
|        ( - -3.077e+00 1 0)))
s>    ( QUESTION20 -1 -8.182e+03 2.737e+02 1.043e+03
s>        ( QUESTION0_0_R 1 -6.745e+02 1.138e+02 1.434e+02
s>            ( - -6.106e+02 1 0)
s>            ( - 5.000e+01 1 0))
s>        ( QUESTION0_0_R 1 -7.234e+03 9.511e+01 8.998e+02
s>            ( - -7.136e+03 1 0)
s>            ( - -3.077e+00 1 0)))INFO: dtree.c(1351): Comp split 1
INFO: dtree.c(1524): Final simple tree
|( QUESTION2_1_L -1 -3.086e+03 3.658e+02 5.574e+02
|    ( - -4.364e+02 2 0)
|    ( SILENCE -1 -2.284e+03 3.438e+02 3.446e+02
|        ( - -1.763e+02 2 0)
|        ( QUESTION2_18_L -1 -1.764e+03 1.730e+02 2.476e+02
|            ( - -1.915e+02 2 0)
|            ( QUESTION3 -1 -1.399e+03 1.721e+02 1.890e+02
|                ( - 5.487e+01 1 0)
|                ( QUESTION0_13_R 1 -1.282e+03 1.636e+02 1.760e+02
|                    ( QUESTION15 -1 -1.225e+03 1.588e+02 1.740e+02
|                        ( - 1.269e+02 2 0)
|                        ( QUESTION2_0_L -1 -1.193e+03 1.490e+02 1.610e+02
|                            ( - -2.798e+02 3 0 QUESTION0 -1 1.007e+02 4.898e+01)
|                            ( - -7.645e+02 10 0 QUESTION0 -1 1.600e+02 1.120e+02)))
|                    ( - 1.068e+02 1 0))))))
s>    ( QUESTION2_1_L -1 -3.086e+03 3.658e+02 5.574e+02
s>        ( - -4.364e+02 2 0)
s>        ( SILENCE -1 -2.284e+03 3.438e+02 3.446e+02
s>            ( - -1.763e+02 2 0)
s>            ( QUESTION2_18_L -1 -1.764e+03 1.730e+02 2.476e+02
s>                ( - -1.915e+02 2 0)
s>                ( QUESTION3 -1 -1.399e+03 1.721e+02 1.890e+02
s>                    ( - 5.487e+01 1 0)
s>                    ( QUESTION0_13_R 1 -1.282e+03 1.636e+02 1.760e+02
s>                        ( QUESTION15 -1 -1.225e+03 1.588e+02 1.740e+02
s>                            ( - 1.269e+02 2 0)
s>                            ( QUESTION2_0_L -1 -1.193e+03 1.490e+02 1.610e+02
s>                                ( - -2.798e+02 3 0 QUESTION0 -1 1.007e+02 4.898e+01)
s>                                ( - -7.645e+02 10 0 QUESTION0 -1 1.600e+02 1.120e+02)))
s>                        ( - 1.068e+02 1 0))))))INFO: dtree.c(1351): Comp split 2
INFO: dtree.c(1483): stop. leaf nodes are specific
INFO: dtree.c(1524): Final simple tree
|( SILENCE -1 -9.715e+02 3.560e+02 3.228e+02
|    ( - -1.763e+02 2 0)
|    ( QUESTION0 -1 -4.392e+02 1.296e+02 2.258e+02
|        ( - -4.364e+02 2 0)
|        ( - 1.269e+02 2 0)))
s>    ( SILENCE -1 -9.715e+02 3.560e+02 3.228e+02
s>        ( - -1.763e+02 2 0)
s>        ( QUESTION0 -1 -4.392e+02 1.296e+02 2.258e+02
s>            ( - -4.364e+02 2 0)
s>            ( - 1.269e+02 2 0)))INFO: dtree.c(1524): Final simple tree
|( QUESTION2_18_L -1 -1.730e+03 1.730e+02 2.346e+02
|    ( - -1.915e+02 2 0)
|    ( QUESTION3 -1 -1.366e+03 1.710e+02 1.760e+02
|        ( - 5.487e+01 1 0)
|        ( QUESTION0_13_R 1 -1.249e+03 1.630e+02 1.630e+02
|            ( QUESTION2_0_L -1 -1.193e+03 1.490e+02 1.610e+02
|                ( QUESTION0 -1 -2.798e+02 1.007e+02 4.898e+01
|                    ( - -1.115e+02 2 0)
|                    ( - -6.749e+01 1 0))
|                ( QUESTION0 -1 -7.645e+02 1.600e+02 1.120e+02
|                    ( - -7.231e+02 7 0)
|                    ( QUESTION2 -1 1.186e+02 1.071e+02 1.900e+01
|                        ( - 9.448e+01 1 0)
|                        ( - 1.311e+02 2 0))))
|            ( - 1.068e+02 1 0))))
s>    ( QUESTION2_18_L -1 -1.730e+03 1.730e+02 2.346e+02
s>        ( - -1.915e+02 2 0)
s>        ( QUESTION3 -1 -1.366e+03 1.710e+02 1.760e+02
s>            ( - 5.487e+01 1 0)
s>            ( QUESTION0_13_R 1 -1.249e+03 1.630e+02 1.630e+02
s>                ( QUESTION2_0_L -1 -1.193e+03 1.490e+02 1.610e+02
s>                    ( QUESTION0 -1 -2.798e+02 1.007e+02 4.898e+01
s>                        ( - -1.115e+02 2 0)
s>                        ( - -6.749e+01 1 0))
s>                    ( QUESTION0 -1 -7.645e+02 1.600e+02 1.120e+02
s>                        ( - -7.231e+02 7 0)
s>                        ( QUESTION2 -1 1.186e+02 1.071e+02 1.900e+01
s>                            ( - 9.448e+01 1 0)
s>                            ( - 1.311e+02 2 0))))
s>                ( - 1.068e+02 1 0))))INFO: dtree.c(1351): Comp split 3
INFO: dtree.c(1483): stop. leaf nodes are specific
INFO: dtree.c(1524): Final simple tree
|( QUESTION0 -1 -4.392e+02 1.296e+02 2.258e+02
|    ( - -4.364e+02 2 0)
|    ( - 1.269e+02 2 0))
s>    ( QUESTION0 -1 -4.392e+02 1.296e+02 2.258e+02
s>        ( - -4.364e+02 2 0)
s>        ( - 1.269e+02 2 0))INFO: dtree.c(1351): Comp split 4
INFO: dtree.c(1483): stop. leaf nodes are specific
INFO: dtree.c(1524): Final simple tree
|( QUESTION0_0_R 1 -7.234e+03 9.511e+01 8.998e+02
|    ( - -7.136e+03 1 0)
|    ( - -3.077e+00 1 0))
s>    ( QUESTION0_0_R 1 -7.234e+03 9.511e+01 8.998e+02
s>        ( - -7.136e+03 1 0)
s>        ( - -3.077e+00 1 0))INFO: dtree.c(1483): stop. leaf nodes are specific
INFO: dtree.c(1524): Final simple tree
|( QUESTION0_0_R 1 -6.745e+02 1.138e+02 1.434e+02
|    ( - -6.106e+02 1 0)
|    ( - 5.000e+01 1 0))
s>    ( QUESTION0_0_R 1 -6.745e+02 1.138e+02 1.434e+02
s>        ( - -6.106e+02 1 0)
s>        ( - 5.000e+01 1 0))INFO: dtree.c(1351): Comp split 5
INFO: dtree.c(1483): stop. leaf nodes are specific
INFO: dtree.c(1524): Final simple tree
|( QUESTION2_17_L -1 -2.223e+02 1.493e+02 7.760e+01
|    ( QUESTION2 -1 1.186e+02 1.071e+02 1.900e+01
|        ( - 9.448e+01 1 0)
|        ( - 1.311e+02 2 0))
|    ( - -1.915e+02 2 0))
s>    ( QUESTION2_17_L -1 -2.223e+02 1.493e+02 7.760e+01
s>        ( QUESTION2 -1 1.186e+02 1.071e+02 1.900e+01
s>            ( - 9.448e+01 1 0)
s>            ( - 1.311e+02 2 0))
s>        ( - -1.915e+02 2 0))INFO: dtree.c(1483): stop. leaf nodes are specific
INFO: dtree.c(1524): Final simple tree
|( QUESTION2 -1 -1.318e+03 1.690e+02 1.570e+02
|    ( - 5.487e+01 1 0)
|    ( QUESTION0_13_R 1 -1.203e+03 1.602e+02 1.440e+02
|        ( QUESTION2_0_L -1 -1.150e+03 1.471e+02 1.420e+02
|            ( QUESTION0 -1 -2.798e+02 1.007e+02 4.898e+01
|                ( - -1.115e+02 2 0)
|                ( - -6.749e+01 1 0))
|            ( - -7.231e+02 7 0))
|        ( - 1.068e+02 1 0)))
s>    ( QUESTION2 -1 -1.318e+03 1.690e+02 1.570e+02
s>        ( - 5.487e+01 1 0)
s>        ( QUESTION0_13_R 1 -1.203e+03 1.602e+02 1.440e+02
s>            ( QUESTION2_0_L -1 -1.150e+03 1.471e+02 1.420e+02
s>                ( QUESTION0 -1 -2.798e+02 1.007e+02 4.898e+01
s>                    ( - -1.115e+02 2 0)
s>                    ( - -6.749e+01 1 0))
s>                ( - -7.231e+02 7 0))
s>            ( - 1.068e+02 1 0)))INFO: dtree.c(1351): Comp split 6
INFO: dtree.c(1483): stop. leaf nodes are specific
INFO: dtree.c(1524): Final simple tree
|( QUESTION2 -1 -3.719e+02 1.470e+02 6.198e+01
|    ( - 5.487e+01 1 0)
|    ( QUESTION0 -1 -2.798e+02 1.007e+02 4.898e+01
|        ( - -1.115e+02 2 0)
|        ( - -6.749e+01 1 0)))
s>    ( QUESTION2 -1 -3.719e+02 1.470e+02 6.198e+01
s>        ( - 5.487e+01 1 0)
s>        ( QUESTION0 -1 -2.798e+02 1.007e+02 4.898e+01
s>            ( - -1.115e+02 2 0)
s>            ( - -6.749e+01 1 0)))INFO: dtree.c(1483): stop. leaf nodes are specific
INFO: dtree.c(1524): Final simple tree
|( QUESTION0_13_R 1 -7.754e+02 1.591e+02 9.501e+01
|    ( - -7.231e+02 7 0)
|    ( - 1.068e+02 1 0))
s>    ( QUESTION0_13_R 1 -7.754e+02 1.591e+02 9.501e+01
s>        ( - -7.231e+02 7 0)
s>        ( - 1.068e+02 1 0))INFO: dtree.c(1351): Comp split 7
INFO: dtree.c(1351): Comp split 8
INFO: dtree.c(1483): stop. leaf nodes are specific
INFO: dtree.c(1524): Final simple tree
|( QUESTION2 -1 1.186e+02 1.071e+02 1.900e+01
|    ( - 9.448e+01 1 0)
|    ( - 1.311e+02 2 0))
s>    ( QUESTION2 -1 1.186e+02 1.071e+02 1.900e+01
s>        ( - 9.448e+01 1 0)
s>        ( - 1.311e+02 2 0))INFO: dtree.c(1351): Comp split 9
INFO: dtree.c(1483): stop. leaf nodes are specific
INFO: dtree.c(1524): Final simple tree
|( QUESTION0 -1 -2.798e+02 1.007e+02 4.898e+01
|    ( - -1.115e+02 2 0)
|    ( - -6.749e+01 1 0))
s>    ( QUESTION0 -1 -2.798e+02 1.007e+02 4.898e+01
s>        ( - -1.115e+02 2 0)
s>        ( - -6.749e+01 1 0))INFO: dtree.c(1351): Comp split 10
INFO: dtree.c(1351): Comp split 11
INFO: dtree.c(1351): Comp split 12
INFO: dtree.c(1351): Comp split 13
INFO: dtree.c(1351): Comp split 14
INFO: dtree.c(1351): Comp split 15
INFO: dtree.c(1354): stop. leaf nodes are specific
Tue May 31 10:28:10 2011
