INFO: cmd_ln.c(691): Parsing command line:
/home/xkrajnan/Plocha/GSoC/PocketSphinx/an4/bin/bldtree \
	-treefn /home/xkrajnan/Plocha/GSoC/PocketSphinx/an4/trees/an4.unpruned/UW-0.dtree \
	-moddeffn /home/xkrajnan/Plocha/GSoC/PocketSphinx/an4/model_architecture/an4.untied.mdef \
	-mixwfn /home/xkrajnan/Plocha/GSoC/PocketSphinx/an4/model_parameters/an4.cd_cont_untied/mixture_weights \
	-ts2cbfn .cont. \
	-mwfloor 1e-08 \
	-psetfn /home/xkrajnan/Plocha/GSoC/PocketSphinx/an4/model_architecture/an4.tree_questions \
	-phone UW \
	-state 0 \
	-stwt 1.0,0.05,0.0 \
	-meanfn /home/xkrajnan/Plocha/GSoC/PocketSphinx/an4/model_parameters/an4.cd_cont_untied/means \
	-varfn /home/xkrajnan/Plocha/GSoC/PocketSphinx/an4/model_parameters/an4.cd_cont_untied/variances \
	-fullvar no \
	-ssplitmin 1 \
	-ssplitmax 7 \
	-ssplitthr 0 \
	-csplitmin 1 \
	-csplitmax 2000 \
	-csplitthr 0 

Current configuration:
[NAME]		[DEFLT]	[VALUE]
-allphones	no	no
-cntthresh	0.00001	1.000000e-05
-csplitmax	100	2000
-csplitmin	1	1
-csplitthr	8e-4	0.000000e+00
-example	no	no
-fullvar	no	no
-help		no	no
-meanfn			/home/xkrajnan/Plocha/GSoC/PocketSphinx/an4/model_parameters/an4.cd_cont_untied/means
-mixwfn			/home/xkrajnan/Plocha/GSoC/PocketSphinx/an4/model_parameters/an4.cd_cont_untied/mixture_weights
-moddeffn		/home/xkrajnan/Plocha/GSoC/PocketSphinx/an4/model_architecture/an4.untied.mdef
-mwfloor	1e-4	1.000000e-08
-phone			UW
-psetfn			/home/xkrajnan/Plocha/GSoC/PocketSphinx/an4/model_architecture/an4.tree_questions
-ssplitmax	5	7
-ssplitmin	1	1
-ssplitthr	8e-4	0.000000e+00
-state			0
-stwt			1.0,0.05,0.0,
-treefn			/home/xkrajnan/Plocha/GSoC/PocketSphinx/an4/trees/an4.unpruned/UW-0.dtree
-ts2cbfn	.semi.	.cont.
-varfloor	0.00001	1.000000e-05
-varfn			/home/xkrajnan/Plocha/GSoC/PocketSphinx/an4/model_parameters/an4.cd_cont_untied/variances

INFO: main.c(228): Reading: /home/xkrajnan/Plocha/GSoC/PocketSphinx/an4/model_architecture/an4.untied.mdef
INFO: model_def_io.c(587): Model definition info:
INFO: model_def_io.c(588): 1618 total models defined (34 base, 1584 tri)
INFO: model_def_io.c(589): 6472 total states
INFO: model_def_io.c(590): 4854 total tied states
INFO: model_def_io.c(591): 102 total tied CI states
INFO: model_def_io.c(592): 34 total tied transition matrices
INFO: model_def_io.c(593): 4 max state/model
INFO: model_def_io.c(594): 4 min state/model
INFO: main.c(247): Building trees for [UW JH N i] through [UW Y Z e]
INFO: main.c(275): Covering states |[4488 4586]| == 99
INFO: main.c(282): Reading: /home/xkrajnan/Plocha/GSoC/PocketSphinx/an4/model_parameters/an4.cd_cont_untied/mixture_weights
INFO: s3mixw_io.c(172): Read /home/xkrajnan/Plocha/GSoC/PocketSphinx/an4/model_parameters/an4.cd_cont_untied/mixture_weights [99x1x1 array]
INFO: main.c(320): 33 of 33 models have observation count greater than 0.000010
INFO: main.c(94): nrm stwt: 0.952 0.048 0.000 
INFO: s3gau_io.c(166): Read /home/xkrajnan/Plocha/GSoC/PocketSphinx/an4/model_parameters/an4.cd_cont_untied/means [4854x1x1 array]
INFO: s3gau_io.c(166): Read /home/xkrajnan/Plocha/GSoC/PocketSphinx/an4/model_parameters/an4.cd_cont_untied/variances [4854x1x1 array]
INFO: main.c(576): Reading: /home/xkrajnan/Plocha/GSoC/PocketSphinx/an4/model_architecture/an4.tree_questions
INFO: main.c(619): 180 total simple questions (172 phone; 8 word bndry)
INFO: main.c(621): 42 Left Only questions, and 42 Right Only questions
INFO: dtree.c(1524): Final simple tree
|( QUESTION0 -1 -6.405e+03 6.670e+03 1.560e+03
|    ( QUESTION11 1 5.150e+03 6.330e+02 5.204e+02
|        ( - 3.805e+03 7 0 QUESTION0_6_R 1 2.930e+02 2.801e+02)
|        ( QUESTION0_12_R 1 1.978e+03 4.821e+02 2.403e+02
|            ( QUESTION4 1 2.099e+03 3.944e+02 1.382e+02
|                ( - 1.194e+03 1 0)
|                ( - 1.299e+03 6 0 QUESTION0 1 2.601e+02 9.932e+01))
|            ( QUESTION0_5_R 1 3.615e+02 4.343e+02 1.021e+02
|                ( - 7.594e+02 1 0)
|                ( - 3.636e+01 7 0 QUESTION8 1 2.607e+02 7.588e+01))))
|    ( SILENCE 1 -4.886e+03 7.129e+02 1.039e+03
|        ( - 7.953e+02 1 0)
|        ( QUESTION5 1 -4.968e+03 3.235e+02 8.128e+02
|            ( - -1.530e+03 1 0)
|            ( - -3.115e+03 9 0 QUESTION0_15_R 1 2.314e+02 6.309e+02))))
s>    ( QUESTION0 -1 -6.405e+03 6.670e+03 1.560e+03
s>        ( QUESTION11 1 5.150e+03 6.330e+02 5.204e+02
s>            ( - 3.805e+03 7 0 QUESTION0_6_R 1 2.930e+02 2.801e+02)
s>            ( QUESTION0_12_R 1 1.978e+03 4.821e+02 2.403e+02
s>                ( QUESTION4 1 2.099e+03 3.944e+02 1.382e+02
s>                    ( - 1.194e+03 1 0)
s>                    ( - 1.299e+03 6 0 QUESTION0 1 2.601e+02 9.932e+01))
s>                ( QUESTION0_5_R 1 3.615e+02 4.343e+02 1.021e+02
s>                    ( - 7.594e+02 1 0)
s>                    ( - 3.636e+01 7 0 QUESTION8 1 2.607e+02 7.588e+01))))
s>        ( SILENCE 1 -4.886e+03 7.129e+02 1.039e+03
s>            ( - 7.953e+02 1 0)
s>            ( QUESTION5 1 -4.968e+03 3.235e+02 8.128e+02
s>                ( - -1.530e+03 1 0)
s>                ( - -3.115e+03 9 0 QUESTION0_15_R 1 2.314e+02 6.309e+02))))INFO: dtree.c(1351): Comp split 0
INFO: dtree.c(1524): Final simple tree
|( SILENCE 1 -5.498e+03 6.782e+02 1.115e+03
|    ( QUESTION0 -1 4.888e+02 4.997e+02 2.532e+02
|        ( - 1.932e+02 1 0)
|        ( - 7.953e+02 1 0))
|    ( QUESTION0 -1 -5.308e+03 3.951e+02 8.618e+02
|        ( QUESTION8 1 5.477e+01 2.511e+02 4.896e+01
|            ( - 3.376e+02 1 0)
|            ( - -3.175e+01 5 0 QUESTION6 1 1.828e+02 3.803e+01))
|        ( QUESTION5 1 -4.968e+03 3.235e+02 8.128e+02
|            ( - -1.530e+03 1 0)
|            ( QUESTION0_15_R 1 -3.115e+03 2.314e+02 6.309e+02
|                ( - -2.548e+02 1 0)
|                ( QUESTION0_8_R 1 -2.629e+03 1.994e+02 5.872e+02
|                    ( - 2.509e+02 1 0)
|                    ( - -2.680e+03 7 0 WDBNDRY_E 0 1.643e+02 5.641e+02))))))
s>    ( SILENCE 1 -5.498e+03 6.782e+02 1.115e+03
s>        ( QUESTION0 -1 4.888e+02 4.997e+02 2.532e+02
s>            ( - 1.932e+02 1 0)
s>            ( - 7.953e+02 1 0))
s>        ( QUESTION0 -1 -5.308e+03 3.951e+02 8.618e+02
s>            ( QUESTION8 1 5.477e+01 2.511e+02 4.896e+01
s>                ( - 3.376e+02 1 0)
s>                ( - -3.175e+01 5 0 QUESTION6 1 1.828e+02 3.803e+01))
s>            ( QUESTION5 1 -4.968e+03 3.235e+02 8.128e+02
s>                ( - -1.530e+03 1 0)
s>                ( QUESTION0_15_R 1 -3.115e+03 2.314e+02 6.309e+02
s>                    ( - -2.548e+02 1 0)
s>                    ( QUESTION0_8_R 1 -2.629e+03 1.994e+02 5.872e+02
s>                        ( - 2.509e+02 1 0)
s>                        ( - -2.680e+03 7 0 WDBNDRY_E 0 1.643e+02 5.641e+02))))))INFO: dtree.c(1524): Final simple tree
|( QUESTION2 1 6.151e+03 4.437e+02 4.446e+02
|    ( QUESTION4 1 1.303e+03 3.012e+02 5.819e+01
|        ( - 1.194e+03 1 0)
|        ( - 4.099e+02 1 0))
|    ( QUESTION0_6_R 1 5.292e+03 2.715e+02 3.864e+02
|        ( QUESTION0 1 7.143e+02 2.892e+02 2.723e+01
|            ( - 7.594e+02 1 0)
|            ( - 2.440e+02 1 0))
|        ( QUESTION0_3_R 1 4.849e+03 2.280e+02 3.591e+02
|            ( - 4.898e+02 1 0)
|            ( QUESTION14 1 4.587e+03 2.160e+02 3.418e+02
|                ( - 2.504e+03 2 0)
|                ( WDBNDRY_E 0 2.299e+03 1.645e+02 1.805e+02
|                    ( - 2.362e+03 7 0 QUESTION12 1 1.177e+02 1.765e+02)
|                    ( - 1.019e+02 1 0))))))
s>    ( QUESTION2 1 6.151e+03 4.437e+02 4.446e+02
s>        ( QUESTION4 1 1.303e+03 3.012e+02 5.819e+01
s>            ( - 1.194e+03 1 0)
s>            ( - 4.099e+02 1 0))
s>        ( QUESTION0_6_R 1 5.292e+03 2.715e+02 3.864e+02
s>            ( QUESTION0 1 7.143e+02 2.892e+02 2.723e+01
s>                ( - 7.594e+02 1 0)
s>                ( - 2.440e+02 1 0))
s>            ( QUESTION0_3_R 1 4.849e+03 2.280e+02 3.591e+02
s>                ( - 4.898e+02 1 0)
s>                ( QUESTION14 1 4.587e+03 2.160e+02 3.418e+02
s>                    ( - 2.504e+03 2 0)
s>                    ( WDBNDRY_E 0 2.299e+03 1.645e+02 1.805e+02
s>                        ( - 2.362e+03 7 0 QUESTION12 1 1.177e+02 1.765e+02)
s>                        ( - 1.019e+02 1 0))))))INFO: dtree.c(1351): Comp split 1
INFO: dtree.c(1524): Final simple tree
|( QUESTION0 -1 -5.567e+03 6.354e+02 8.887e+02
|    ( QUESTION8 1 3.636e+01 2.607e+02 7.588e+01
|        ( - 3.376e+02 1 0)
|        ( SILENCE 1 -4.053e+01 2.019e+02 6.495e+01
|            ( - 1.932e+02 1 0)
|            ( QUESTION6 1 -3.175e+01 1.828e+02 3.803e+01
|                ( - 2.153e+02 1 0)
|                ( - -6.422e+01 4 0 QUESTION0_1_R 1 1.693e+02 3.103e+01))))
|    ( QUESTION5 1 -4.968e+03 3.235e+02 8.128e+02
|        ( - -1.530e+03 1 0)
|        ( QUESTION0_15_R 1 -3.115e+03 2.314e+02 6.309e+02
|            ( - -2.548e+02 1 0)
|            ( QUESTION0_8_R 1 -2.629e+03 1.994e+02 5.872e+02
|                ( - 2.509e+02 1 0)
|                ( - -2.680e+03 7 0 WDBNDRY_E 0 1.643e+02 5.641e+02)))))
s>    ( QUESTION0 -1 -5.567e+03 6.354e+02 8.887e+02
s>        ( QUESTION8 1 3.636e+01 2.607e+02 7.588e+01
s>            ( - 3.376e+02 1 0)
s>            ( SILENCE 1 -4.053e+01 2.019e+02 6.495e+01
s>                ( - 1.932e+02 1 0)
s>                ( QUESTION6 1 -3.175e+01 1.828e+02 3.803e+01
s>                    ( - 2.153e+02 1 0)
s>                    ( - -6.422e+01 4 0 QUESTION0_1_R 1 1.693e+02 3.103e+01))))
s>        ( QUESTION5 1 -4.968e+03 3.235e+02 8.128e+02
s>            ( - -1.530e+03 1 0)
s>            ( QUESTION0_15_R 1 -3.115e+03 2.314e+02 6.309e+02
s>                ( - -2.548e+02 1 0)
s>                ( QUESTION0_8_R 1 -2.629e+03 1.994e+02 5.872e+02
s>                    ( - 2.509e+02 1 0)
s>                    ( - -2.680e+03 7 0 WDBNDRY_E 0 1.643e+02 5.641e+02)))))INFO: dtree.c(1351): Comp split 2
INFO: dtree.c(1483): stop. leaf nodes are specific
INFO: dtree.c(1524): Final simple tree
|( QUESTION2 1 4.683e+03 3.135e+02 3.611e+02
|    ( - 4.099e+02 1 0)
|    ( QUESTION14 1 4.587e+03 2.160e+02 3.418e+02
|        ( - 2.504e+03 2 0)
|        ( WDBNDRY_E 0 2.299e+03 1.645e+02 1.805e+02
|            ( QUESTION12 1 2.362e+03 1.177e+02 1.765e+02
|                ( - 4.736e+02 1 0)
|                ( QUESTION0_13_R 1 2.006e+03 1.177e+02 1.529e+02
|                    ( - 5.603e+02 3 0)
|                    ( QUESTION0_0_R 1 1.563e+03 1.020e+02 1.172e+02
|                        ( - 9.619e+02 1 0)
|                        ( - 7.033e+02 2 0))))
|            ( - 1.019e+02 1 0))))
s>    ( QUESTION2 1 4.683e+03 3.135e+02 3.611e+02
s>        ( - 4.099e+02 1 0)
s>        ( QUESTION14 1 4.587e+03 2.160e+02 3.418e+02
s>            ( - 2.504e+03 2 0)
s>            ( WDBNDRY_E 0 2.299e+03 1.645e+02 1.805e+02
s>                ( QUESTION12 1 2.362e+03 1.177e+02 1.765e+02
s>                    ( - 4.736e+02 1 0)
s>                    ( QUESTION0_13_R 1 2.006e+03 1.177e+02 1.529e+02
s>                        ( - 5.603e+02 3 0)
s>                        ( QUESTION0_0_R 1 1.563e+03 1.020e+02 1.172e+02
s>                            ( - 9.619e+02 1 0)
s>                            ( - 7.033e+02 2 0))))
s>                ( - 1.019e+02 1 0))))INFO: dtree.c(1483): stop. leaf nodes are specific
INFO: dtree.c(1524): Final simple tree
|( QUESTION0_0_R 1 2.108e+03 1.626e+02 8.344e+01
|    ( QUESTION0_3_R 1 1.076e+03 1.279e+02 4.453e+01
|        ( - 4.898e+02 1 0)
|        ( QUESTION0 1 7.143e+02 2.892e+02 2.723e+01
|            ( - 7.594e+02 1 0)
|            ( - 2.440e+02 1 0)))
|    ( - 1.194e+03 1 0))
s>    ( QUESTION0_0_R 1 2.108e+03 1.626e+02 8.344e+01
s>        ( QUESTION0_3_R 1 1.076e+03 1.279e+02 4.453e+01
s>            ( - 4.898e+02 1 0)
s>            ( QUESTION0 1 7.143e+02 2.892e+02 2.723e+01
s>                ( - 7.594e+02 1 0)
s>                ( - 2.440e+02 1 0)))
s>        ( - 1.194e+03 1 0))INFO: dtree.c(1351): Comp split 3
INFO: dtree.c(1524): Final simple tree
|( QUESTION5 1 -4.968e+03 3.235e+02 8.128e+02
|    ( - -1.530e+03 1 0)
|    ( QUESTION0_15_R 1 -3.115e+03 2.314e+02 6.309e+02
|        ( - -2.548e+02 1 0)
|        ( QUESTION0_8_R 1 -2.629e+03 1.994e+02 5.872e+02
|            ( - 2.509e+02 1 0)
|            ( WDBNDRY_E 0 -2.680e+03 1.643e+02 5.641e+02
|                ( QUESTION0 1 -2.649e+03 1.332e+02 5.571e+02
|                    ( QUESTION0_1_R 1 -1.769e+03 1.532e+02 3.354e+02
|                        ( - -4.013e+02 1 0)
|                        ( - -1.215e+03 2 0 QUESTION0_0_R 1 1.064e+02 1.967e+02))
|                    ( QUESTION0_13_R 1 -7.470e+02 1.411e+02 2.217e+02
|                        ( - -2.530e+02 1 0)
|                        ( - -3.529e+02 2 0 QUESTION0_0_R 1 7.981e+01 9.461e+01)))
|                ( - 1.335e+02 1 0)))))
s>    ( QUESTION5 1 -4.968e+03 3.235e+02 8.128e+02
s>        ( - -1.530e+03 1 0)
s>        ( QUESTION0_15_R 1 -3.115e+03 2.314e+02 6.309e+02
s>            ( - -2.548e+02 1 0)
s>            ( QUESTION0_8_R 1 -2.629e+03 1.994e+02 5.872e+02
s>                ( - 2.509e+02 1 0)
s>                ( WDBNDRY_E 0 -2.680e+03 1.643e+02 5.641e+02
s>                    ( QUESTION0 1 -2.649e+03 1.332e+02 5.571e+02
s>                        ( QUESTION0_1_R 1 -1.769e+03 1.532e+02 3.354e+02
s>                            ( - -4.013e+02 1 0)
s>                            ( - -1.215e+03 2 0 QUESTION0_0_R 1 1.064e+02 1.967e+02))
s>                        ( QUESTION0_13_R 1 -7.470e+02 1.411e+02 2.217e+02
s>                            ( - -2.530e+02 1 0)
s>                            ( - -3.529e+02 2 0 QUESTION0_0_R 1 7.981e+01 9.461e+01)))
s>                    ( - 1.335e+02 1 0)))))INFO: dtree.c(1483): stop. leaf nodes are specific
INFO: dtree.c(1524): Final simple tree
|( QUESTION8 1 3.636e+01 2.607e+02 7.588e+01
|    ( - 3.376e+02 1 0)
|    ( SILENCE 1 -4.053e+01 2.019e+02 6.495e+01
|        ( - 1.932e+02 1 0)
|        ( QUESTION6 1 -3.175e+01 1.828e+02 3.803e+01
|            ( - 2.153e+02 1 0)
|            ( QUESTION0_1_R 1 -6.422e+01 1.693e+02 3.103e+01
|                ( - 1.456e+02 1 0)
|                ( QUESTION0_9_R 1 -4.057e+01 1.495e+02 1.994e+01
|                    ( - 1.403e+02 1 0)
|                    ( QUESTION0_11_R 1 -3.136e+01 1.644e+02 1.594e+01
|                        ( - -2.215e+01 1 0)
|                        ( - 1.552e+02 1 0)))))))
s>    ( QUESTION8 1 3.636e+01 2.607e+02 7.588e+01
s>        ( - 3.376e+02 1 0)
s>        ( SILENCE 1 -4.053e+01 2.019e+02 6.495e+01
s>            ( - 1.932e+02 1 0)
s>            ( QUESTION6 1 -3.175e+01 1.828e+02 3.803e+01
s>                ( - 2.153e+02 1 0)
s>                ( QUESTION0_1_R 1 -6.422e+01 1.693e+02 3.103e+01
s>                    ( - 1.456e+02 1 0)
s>                    ( QUESTION0_9_R 1 -4.057e+01 1.495e+02 1.994e+01
s>                        ( - 1.403e+02 1 0)
s>                        ( QUESTION0_11_R 1 -3.136e+01 1.644e+02 1.594e+01
s>                            ( - -2.215e+01 1 0)
s>                            ( - 1.552e+02 1 0)))))))INFO: dtree.c(1351): Comp split 4
INFO: dtree.c(1524): Final simple tree
|( QUESTION0_8_R 1 -2.629e+03 1.994e+02 5.872e+02
|    ( - 2.509e+02 1 0)
|    ( WDBNDRY_E 0 -2.680e+03 1.643e+02 5.641e+02
|        ( QUESTION0 1 -2.649e+03 1.332e+02 5.571e+02
|            ( QUESTION0_1_R 1 -1.769e+03 1.532e+02 3.354e+02
|                ( - -4.013e+02 1 0)
|                ( QUESTION0_0_R 1 -1.215e+03 1.064e+02 1.967e+02
|                    ( - -8.028e+02 1 0)
|                    ( - -3.054e+02 1 0)))
|            ( QUESTION0_13_R 1 -7.470e+02 1.411e+02 2.217e+02
|                ( - -2.530e+02 1 0)
|                ( QUESTION0_0_R 1 -3.529e+02 7.981e+01 9.461e+01
|                    ( - -2.493e+02 1 0)
|                    ( - -2.388e+01 1 0))))
|        ( - 1.335e+02 1 0)))
s>    ( QUESTION0_8_R 1 -2.629e+03 1.994e+02 5.872e+02
s>        ( - 2.509e+02 1 0)
s>        ( WDBNDRY_E 0 -2.680e+03 1.643e+02 5.641e+02
s>            ( QUESTION0 1 -2.649e+03 1.332e+02 5.571e+02
s>                ( QUESTION0_1_R 1 -1.769e+03 1.532e+02 3.354e+02
s>                    ( - -4.013e+02 1 0)
s>                    ( QUESTION0_0_R 1 -1.215e+03 1.064e+02 1.967e+02
s>                        ( - -8.028e+02 1 0)
s>                        ( - -3.054e+02 1 0)))
s>                ( QUESTION0_13_R 1 -7.470e+02 1.411e+02 2.217e+02
s>                    ( - -2.530e+02 1 0)
s>                    ( QUESTION0_0_R 1 -3.529e+02 7.981e+01 9.461e+01
s>                        ( - -2.493e+02 1 0)
s>                        ( - -2.388e+01 1 0))))
s>            ( - 1.335e+02 1 0)))INFO: dtree.c(1483): stop. leaf nodes are specific
INFO: dtree.c(1524): Final simple tree
|( QUESTION0_0_R 1 -1.911e+03 1.269e+02 2.256e+02
|    ( - -1.530e+03 1 0)
|    ( - -2.548e+02 1 0))
s>    ( QUESTION0_0_R 1 -1.911e+03 1.269e+02 2.256e+02
s>        ( - -1.530e+03 1 0)
s>        ( - -2.548e+02 1 0))INFO: dtree.c(1351): Comp split 5
INFO: dtree.c(1483): stop. leaf nodes are specific
INFO: dtree.c(1524): Final simple tree
|( QUESTION14 1 4.587e+03 2.160e+02 3.418e+02
|    ( - 2.504e+03 2 0)
|    ( WDBNDRY_E 0 2.299e+03 1.645e+02 1.805e+02
|        ( QUESTION12 1 2.362e+03 1.177e+02 1.765e+02
|            ( - 4.736e+02 1 0)
|            ( QUESTION0_13_R 1 2.006e+03 1.177e+02 1.529e+02
|                ( - 5.603e+02 3 0)
|                ( QUESTION0_0_R 1 1.563e+03 1.020e+02 1.172e+02
|                    ( - 9.619e+02 1 0)
|                    ( - 7.033e+02 2 0))))
|        ( - 1.019e+02 1 0)))
s>    ( QUESTION14 1 4.587e+03 2.160e+02 3.418e+02
s>        ( - 2.504e+03 2 0)
s>        ( WDBNDRY_E 0 2.299e+03 1.645e+02 1.805e+02
s>            ( QUESTION12 1 2.362e+03 1.177e+02 1.765e+02
s>                ( - 4.736e+02 1 0)
s>                ( QUESTION0_13_R 1 2.006e+03 1.177e+02 1.529e+02
s>                    ( - 5.603e+02 3 0)
s>                    ( QUESTION0_0_R 1 1.563e+03 1.020e+02 1.172e+02
s>                        ( - 9.619e+02 1 0)
s>                        ( - 7.033e+02 2 0))))
s>            ( - 1.019e+02 1 0)))INFO: dtree.c(1351): Comp split 6
INFO: dtree.c(1483): stop. leaf nodes are specific
INFO: dtree.c(1524): Final simple tree
|( QUESTION0_0_R 1 2.152e+03 1.626e+02 8.244e+01
|    ( QUESTION0_3_R 1 1.121e+03 1.285e+02 4.353e+01
|        ( - 4.898e+02 1 0)
|        ( - 7.594e+02 1 0))
|    ( - 1.194e+03 1 0))
s>    ( QUESTION0_0_R 1 2.152e+03 1.626e+02 8.244e+01
s>        ( QUESTION0_3_R 1 1.121e+03 1.285e+02 4.353e+01
s>            ( - 4.898e+02 1 0)
s>            ( - 7.594e+02 1 0))
s>        ( - 1.194e+03 1 0))INFO: dtree.c(1351): Comp split 7
INFO: dtree.c(1483): stop. leaf nodes are specific
INFO: dtree.c(1524): Final simple tree
|( SILENCE 1 -4.053e+01 2.019e+02 6.495e+01
|    ( - 1.932e+02 1 0)
|    ( QUESTION6 1 -3.175e+01 1.828e+02 3.803e+01
|        ( - 2.153e+02 1 0)
|        ( QUESTION0_1_R 1 -6.422e+01 1.693e+02 3.103e+01
|            ( - 1.456e+02 1 0)
|            ( QUESTION0_9_R 1 -4.057e+01 1.495e+02 1.994e+01
|                ( - 1.403e+02 1 0)
|                ( QUESTION0_11_R 1 -3.136e+01 1.644e+02 1.594e+01
|                    ( - -2.215e+01 1 0)
|                    ( - 1.552e+02 1 0))))))
s>    ( SILENCE 1 -4.053e+01 2.019e+02 6.495e+01
s>        ( - 1.932e+02 1 0)
s>        ( QUESTION6 1 -3.175e+01 1.828e+02 3.803e+01
s>            ( - 2.153e+02 1 0)
s>            ( QUESTION0_1_R 1 -6.422e+01 1.693e+02 3.103e+01
s>                ( - 1.456e+02 1 0)
s>                ( QUESTION0_9_R 1 -4.057e+01 1.495e+02 1.994e+01
s>                    ( - 1.403e+02 1 0)
s>                    ( QUESTION0_11_R 1 -3.136e+01 1.644e+02 1.594e+01
s>                        ( - -2.215e+01 1 0)
s>                        ( - 1.552e+02 1 0))))))INFO: dtree.c(1351): Comp split 8
INFO: dtree.c(1483): stop. leaf nodes are specific
INFO: dtree.c(1524): Final simple tree
|( QUESTION0_9_R 1 2.600e+02 1.104e+02 1.000e+01
|    ( - 2.153e+02 1 0)
|    ( - 1.552e+02 1 0))
s>    ( QUESTION0_9_R 1 2.600e+02 1.104e+02 1.000e+01
s>        ( - 2.153e+02 1 0)
s>        ( - 1.552e+02 1 0))INFO: dtree.c(1483): stop. leaf nodes are specific
INFO: dtree.c(1524): Final simple tree
|( QUESTION0_2_R 1 -6.645e+01 2.086e+02 5.495e+01
|    ( QUESTION0_9_R 1 -3.085e+01 1.490e+02 1.694e+01
|        ( - 1.403e+02 1 0)
|        ( - -2.215e+01 1 0))
|    ( SILENCE 1 1.730e+02 1.658e+02 3.801e+01
|        ( - 1.932e+02 1 0)
|        ( - 1.456e+02 1 0)))
s>    ( QUESTION0_2_R 1 -6.645e+01 2.086e+02 5.495e+01
s>        ( QUESTION0_9_R 1 -3.085e+01 1.490e+02 1.694e+01
s>            ( - 1.403e+02 1 0)
s>            ( - -2.215e+01 1 0))
s>        ( SILENCE 1 1.730e+02 1.658e+02 3.801e+01
s>            ( - 1.932e+02 1 0)
s>            ( - 1.456e+02 1 0)))INFO: dtree.c(1351): Comp split 9
INFO: dtree.c(1483): stop. leaf nodes are specific
INFO: dtree.c(1524): Final simple tree
|( WDBNDRY_E 0 2.299e+03 1.645e+02 1.805e+02
|    ( QUESTION12 1 2.362e+03 1.177e+02 1.765e+02
|        ( - 4.736e+02 1 0)
|        ( QUESTION0_13_R 1 2.006e+03 1.177e+02 1.529e+02
|            ( - 5.603e+02 3 0)
|            ( QUESTION0_0_R 1 1.563e+03 1.020e+02 1.172e+02
|                ( - 9.619e+02 1 0)
|                ( - 7.033e+02 2 0))))
|    ( - 1.019e+02 1 0))
s>    ( WDBNDRY_E 0 2.299e+03 1.645e+02 1.805e+02
s>        ( QUESTION12 1 2.362e+03 1.177e+02 1.765e+02
s>            ( - 4.736e+02 1 0)
s>            ( QUESTION0_13_R 1 2.006e+03 1.177e+02 1.529e+02
s>                ( - 5.603e+02 3 0)
s>                ( QUESTION0_0_R 1 1.563e+03 1.020e+02 1.172e+02
s>                    ( - 9.619e+02 1 0)
s>                    ( - 7.033e+02 2 0))))
s>        ( - 1.019e+02 1 0))INFO: dtree.c(1351): Comp split 10
INFO: dtree.c(1483): stop. leaf nodes are specific
INFO: dtree.c(1524): Final simple tree
|( SILENCE 1 1.730e+02 1.658e+02 3.801e+01
|    ( - 1.932e+02 1 0)
|    ( - 1.456e+02 1 0))
s>    ( SILENCE 1 1.730e+02 1.658e+02 3.801e+01
s>        ( - 1.932e+02 1 0)
s>        ( - 1.456e+02 1 0))INFO: dtree.c(1483): stop. leaf nodes are specific
INFO: dtree.c(1524): Final simple tree
|( QUESTION0_9_R 1 -3.085e+01 1.490e+02 1.694e+01
|    ( - 1.403e+02 1 0)
|    ( - -2.215e+01 1 0))
s>    ( QUESTION0_9_R 1 -3.085e+01 1.490e+02 1.694e+01
s>        ( - 1.403e+02 1 0)
s>        ( - -2.215e+01 1 0))INFO: dtree.c(1351): Comp split 11
INFO: dtree.c(1483): stop. leaf nodes are specific
INFO: dtree.c(1524): Final simple tree
|( QUESTION0 1 -2.649e+03 1.332e+02 5.571e+02
|    ( QUESTION0_1_R 1 -1.769e+03 1.532e+02 3.354e+02
|        ( - -4.013e+02 1 0)
|        ( QUESTION0_0_R 1 -1.215e+03 1.064e+02 1.967e+02
|            ( - -8.028e+02 1 0)
|            ( - -3.054e+02 1 0)))
|    ( QUESTION0_13_R 1 -7.470e+02 1.411e+02 2.217e+02
|        ( - -2.530e+02 1 0)
|        ( QUESTION0_0_R 1 -3.529e+02 7.981e+01 9.461e+01
|            ( - -2.493e+02 1 0)
|            ( - -2.388e+01 1 0))))
s>    ( QUESTION0 1 -2.649e+03 1.332e+02 5.571e+02
s>        ( QUESTION0_1_R 1 -1.769e+03 1.532e+02 3.354e+02
s>            ( - -4.013e+02 1 0)
s>            ( QUESTION0_0_R 1 -1.215e+03 1.064e+02 1.967e+02
s>                ( - -8.028e+02 1 0)
s>                ( - -3.054e+02 1 0)))
s>        ( QUESTION0_13_R 1 -7.470e+02 1.411e+02 2.217e+02
s>            ( - -2.530e+02 1 0)
s>            ( QUESTION0_0_R 1 -3.529e+02 7.981e+01 9.461e+01
s>                ( - -2.493e+02 1 0)
s>                ( - -2.388e+01 1 0))))INFO: dtree.c(1483): stop. leaf nodes are specific
INFO: dtree.c(1524): Final simple tree
|( WDBNDRY_E 0 2.282e+02 1.562e+02 3.008e+01
|    ( - 2.509e+02 1 0)
|    ( - 1.335e+02 1 0))
s>    ( WDBNDRY_E 0 2.282e+02 1.562e+02 3.008e+01
s>        ( - 2.509e+02 1 0)
s>        ( - 1.335e+02 1 0))INFO: dtree.c(1351): Comp split 12
INFO: dtree.c(1483): stop. leaf nodes are specific
INFO: dtree.c(1524): Final simple tree
|( QUESTION0_0_R 1 -1.215e+03 1.064e+02 1.967e+02
|    ( - -8.028e+02 1 0)
|    ( - -3.054e+02 1 0))
s>    ( QUESTION0_0_R 1 -1.215e+03 1.064e+02 1.967e+02
s>        ( - -8.028e+02 1 0)
s>        ( - -3.054e+02 1 0))INFO: dtree.c(1483): stop. leaf nodes are specific
INFO: dtree.c(1524): Final simple tree
|( QUESTION0_0_R 1 -1.257e+03 1.158e+02 3.604e+02
|    ( QUESTION0_1_R 1 -7.607e+02 1.101e+02 2.027e+02
|        ( - -4.013e+02 1 0)
|        ( - -2.493e+02 1 0))
|    ( QUESTION0_13_R 1 -3.801e+02 1.033e+02 1.577e+02
|        ( - -2.530e+02 1 0)
|        ( - -2.388e+01 1 0)))
s>    ( QUESTION0_0_R 1 -1.257e+03 1.158e+02 3.604e+02
s>        ( QUESTION0_1_R 1 -7.607e+02 1.101e+02 2.027e+02
s>            ( - -4.013e+02 1 0)
s>            ( - -2.493e+02 1 0))
s>        ( QUESTION0_13_R 1 -3.801e+02 1.033e+02 1.577e+02
s>            ( - -2.530e+02 1 0)
s>            ( - -2.388e+01 1 0)))INFO: dtree.c(1351): Comp split 13
INFO: dtree.c(1351): Comp split 14
INFO: dtree.c(1483): stop. leaf nodes are specific
INFO: dtree.c(1524): Final simple tree
|( QUESTION12 1 2.362e+03 1.177e+02 1.765e+02
|    ( - 4.736e+02 1 0)
|    ( QUESTION0_13_R 1 2.006e+03 1.177e+02 1.529e+02
|        ( - 5.603e+02 3 0)
|        ( QUESTION0_0_R 1 1.563e+03 1.020e+02 1.172e+02
|            ( - 9.619e+02 1 0)
|            ( - 7.033e+02 2 0))))
s>    ( QUESTION12 1 2.362e+03 1.177e+02 1.765e+02
s>        ( - 4.736e+02 1 0)
s>        ( QUESTION0_13_R 1 2.006e+03 1.177e+02 1.529e+02
s>            ( - 5.603e+02 3 0)
s>            ( QUESTION0_0_R 1 1.563e+03 1.020e+02 1.172e+02
s>                ( - 9.619e+02 1 0)
s>                ( - 7.033e+02 2 0))))INFO: dtree.c(1351): Comp split 15
INFO: dtree.c(1483): stop. leaf nodes are specific
INFO: dtree.c(1524): Final simple tree
|( QUESTION0_3_R 1 1.121e+03 1.285e+02 4.353e+01
|    ( - 4.898e+02 1 0)
|    ( - 7.594e+02 1 0))
s>    ( QUESTION0_3_R 1 1.121e+03 1.285e+02 4.353e+01
s>        ( - 4.898e+02 1 0)
s>        ( - 7.594e+02 1 0))INFO: dtree.c(1351): Comp split 16
INFO: dtree.c(1351): Comp split 17
INFO: dtree.c(1483): stop. leaf nodes are specific
INFO: dtree.c(1524): Final simple tree
|( QUESTION0_0_R 1 -3.529e+02 7.981e+01 9.461e+01
|    ( - -2.493e+02 1 0)
|    ( - -2.388e+01 1 0))
s>    ( QUESTION0_0_R 1 -3.529e+02 7.981e+01 9.461e+01
s>        ( - -2.493e+02 1 0)
s>        ( - -2.388e+01 1 0))INFO: dtree.c(1483): stop. leaf nodes are specific
INFO: dtree.c(1524): Final simple tree
|( QUESTION0_0_R 1 -7.541e+02 9.976e+01 2.658e+02
|    ( - -4.013e+02 1 0)
|    ( - -2.530e+02 1 0))
s>    ( QUESTION0_0_R 1 -7.541e+02 9.976e+01 2.658e+02
s>        ( - -4.013e+02 1 0)
s>        ( - -2.530e+02 1 0))INFO: dtree.c(1351): Comp split 18
INFO: dtree.c(1351): Comp split 19
INFO: dtree.c(1351): Comp split 20
INFO: dtree.c(1351): Comp split 21
INFO: dtree.c(1483): stop. leaf nodes are specific
INFO: dtree.c(1524): Final simple tree
|( QUESTION0_13_R 1 2.006e+03 1.177e+02 1.529e+02
|    ( - 5.603e+02 3 0)
|    ( QUESTION0_0_R 1 1.563e+03 1.020e+02 1.172e+02
|        ( - 9.619e+02 1 0)
|        ( - 7.033e+02 2 0)))
s>    ( QUESTION0_13_R 1 2.006e+03 1.177e+02 1.529e+02
s>        ( - 5.603e+02 3 0)
s>        ( QUESTION0_0_R 1 1.563e+03 1.020e+02 1.172e+02
s>            ( - 9.619e+02 1 0)
s>            ( - 7.033e+02 2 0)))INFO: dtree.c(1351): Comp split 22
INFO: dtree.c(1483): stop. leaf nodes are specific
INFO: dtree.c(1524): Final simple tree
|( QUESTION0_0_R 1 1.563e+03 1.020e+02 1.172e+02
|    ( - 9.619e+02 1 0)
|    ( - 7.033e+02 2 0))
s>    ( QUESTION0_0_R 1 1.563e+03 1.020e+02 1.172e+02
s>        ( - 9.619e+02 1 0)
s>        ( - 7.033e+02 2 0))INFO: dtree.c(1351): Comp split 23
INFO: dtree.c(1351): Comp split 24
INFO: dtree.c(1351): Comp split 25
INFO: dtree.c(1351): Comp split 26
INFO: dtree.c(1351): Comp split 27
INFO: dtree.c(1351): Comp split 28
INFO: dtree.c(1354): stop. leaf nodes are specific
Tue May 31 10:28:22 2011
