INFO: cmd_ln.c(691): Parsing command line:
/home/xkrajnan/Plocha/GSoC/PocketSphinx/an4/bin/bldtree \
	-treefn /home/xkrajnan/Plocha/GSoC/PocketSphinx/an4/trees/an4.unpruned/HH-2.dtree \
	-moddeffn /home/xkrajnan/Plocha/GSoC/PocketSphinx/an4/model_architecture/an4.untied.mdef \
	-mixwfn /home/xkrajnan/Plocha/GSoC/PocketSphinx/an4/model_parameters/an4.cd_cont_untied/mixture_weights \
	-ts2cbfn .cont. \
	-mwfloor 1e-08 \
	-psetfn /home/xkrajnan/Plocha/GSoC/PocketSphinx/an4/model_architecture/an4.tree_questions \
	-phone HH \
	-state 2 \
	-stwt 1.0,0.05,0.0 \
	-meanfn /home/xkrajnan/Plocha/GSoC/PocketSphinx/an4/model_parameters/an4.cd_cont_untied/means \
	-varfn /home/xkrajnan/Plocha/GSoC/PocketSphinx/an4/model_parameters/an4.cd_cont_untied/variances \
	-fullvar no \
	-ssplitmin 1 \
	-ssplitmax 7 \
	-ssplitthr 0 \
	-csplitmin 1 \
	-csplitmax 2000 \
	-csplitthr 0 

Current configuration:
[NAME]		[DEFLT]	[VALUE]
-allphones	no	no
-cntthresh	0.00001	1.000000e-05
-csplitmax	100	2000
-csplitmin	1	1
-csplitthr	8e-4	0.000000e+00
-example	no	no
-fullvar	no	no
-help		no	no
-meanfn			/home/xkrajnan/Plocha/GSoC/PocketSphinx/an4/model_parameters/an4.cd_cont_untied/means
-mixwfn			/home/xkrajnan/Plocha/GSoC/PocketSphinx/an4/model_parameters/an4.cd_cont_untied/mixture_weights
-moddeffn		/home/xkrajnan/Plocha/GSoC/PocketSphinx/an4/model_architecture/an4.untied.mdef
-mwfloor	1e-4	1.000000e-08
-phone			HH
-psetfn			/home/xkrajnan/Plocha/GSoC/PocketSphinx/an4/model_architecture/an4.tree_questions
-ssplitmax	5	7
-ssplitmin	1	1
-ssplitthr	8e-4	0.000000e+00
-state			2
-stwt			1.0,0.05,0.0,
-treefn			/home/xkrajnan/Plocha/GSoC/PocketSphinx/an4/trees/an4.unpruned/HH-2.dtree
-ts2cbfn	.semi.	.cont.
-varfloor	0.00001	1.000000e-05
-varfn			/home/xkrajnan/Plocha/GSoC/PocketSphinx/an4/model_parameters/an4.cd_cont_untied/variances

INFO: main.c(228): Reading: /home/xkrajnan/Plocha/GSoC/PocketSphinx/an4/model_architecture/an4.untied.mdef
INFO: model_def_io.c(587): Model definition info:
INFO: model_def_io.c(588): 1618 total models defined (34 base, 1584 tri)
INFO: model_def_io.c(589): 6472 total states
INFO: model_def_io.c(590): 4854 total tied states
INFO: model_def_io.c(591): 102 total tied CI states
INFO: model_def_io.c(592): 34 total tied transition matrices
INFO: model_def_io.c(593): 4 max state/model
INFO: model_def_io.c(594): 4 min state/model
INFO: main.c(247): Building trees for [HH AH AE b] through [HH V W b]
INFO: main.c(275): Covering states |[1746 1808]| == 63
INFO: main.c(282): Reading: /home/xkrajnan/Plocha/GSoC/PocketSphinx/an4/model_parameters/an4.cd_cont_untied/mixture_weights
INFO: s3mixw_io.c(172): Read /home/xkrajnan/Plocha/GSoC/PocketSphinx/an4/model_parameters/an4.cd_cont_untied/mixture_weights [63x1x1 array]
INFO: main.c(320): 21 of 21 models have observation count greater than 0.000010
INFO: main.c(94): nrm stwt: 0.000 0.048 0.952 
INFO: s3gau_io.c(166): Read /home/xkrajnan/Plocha/GSoC/PocketSphinx/an4/model_parameters/an4.cd_cont_untied/means [4854x1x1 array]
INFO: s3gau_io.c(166): Read /home/xkrajnan/Plocha/GSoC/PocketSphinx/an4/model_parameters/an4.cd_cont_untied/variances [4854x1x1 array]
INFO: main.c(576): Reading: /home/xkrajnan/Plocha/GSoC/PocketSphinx/an4/model_architecture/an4.tree_questions
INFO: main.c(619): 180 total simple questions (172 phone; 8 word bndry)
INFO: main.c(621): 42 Left Only questions, and 42 Right Only questions
INFO: dtree.c(1524): Final simple tree
|( SILENCE -1 -4.322e+03 1.685e+03 6.987e+02
|    ( QUESTION0_0_R 1 -4.171e+02 3.353e+02 2.053e+02
|        ( - 5.276e+01 1 0)
|        ( - -1.346e+02 1 0))
|    ( QUESTION2_1_L -1 -2.219e+03 8.104e+02 4.934e+02
|        ( - 8.057e+01 2 0 QUESTION13 1 2.381e+02 1.214e+02)
|        ( QUESTION2_14_L -1 -1.489e+03 6.476e+02 3.720e+02
|            ( QUESTION0 -1 -2.392e+02 5.209e+02 2.817e+02
|                ( QUESTION13 1 2.662e+02 2.697e+02 1.795e+02
|                    ( - 2.440e+02 1 0)
|                    ( - 2.919e+02 3 0))
|                ( QUESTION15 -1 1.550e+01 2.459e+02 1.023e+02
|                    ( - 3.734e+02 1 0)
|                    ( - -1.120e+02 3 0 QUESTION13 1 2.246e+02 8.015e+01)))
|            ( - -6.028e+02 9 0 QUESTION14 1 1.834e+02 9.026e+01))))
s>    ( SILENCE -1 -4.322e+03 1.685e+03 6.987e+02
s>        ( QUESTION0_0_R 1 -4.171e+02 3.353e+02 2.053e+02
s>            ( - 5.276e+01 1 0)
s>            ( - -1.346e+02 1 0))
s>        ( QUESTION2_1_L -1 -2.219e+03 8.104e+02 4.934e+02
s>            ( - 8.057e+01 2 0 QUESTION13 1 2.381e+02 1.214e+02)
s>            ( QUESTION2_14_L -1 -1.489e+03 6.476e+02 3.720e+02
s>                ( QUESTION0 -1 -2.392e+02 5.209e+02 2.817e+02
s>                    ( QUESTION13 1 2.662e+02 2.697e+02 1.795e+02
s>                        ( - 2.440e+02 1 0)
s>                        ( - 2.919e+02 3 0))
s>                    ( QUESTION15 -1 1.550e+01 2.459e+02 1.023e+02
s>                        ( - 3.734e+02 1 0)
s>                        ( - -1.120e+02 3 0 QUESTION13 1 2.246e+02 8.015e+01)))
s>                ( - -6.028e+02 9 0 QUESTION14 1 1.834e+02 9.026e+01))))INFO: dtree.c(1351): Comp split 0
INFO: dtree.c(1483): stop. leaf nodes are specific
INFO: dtree.c(1524): Final simple tree
|( QUESTION2_0_L -1 -9.507e+02 7.080e+02 3.801e+02
|    ( QUESTION13 1 8.057e+01 2.381e+02 1.214e+02
|        ( - 1.857e+02 1 0)
|        ( - 1.330e+02 1 0))
|    ( QUESTION0 -1 -3.233e+02 5.032e+02 2.586e+02
|        ( - 2.919e+02 3 0)
|        ( QUESTION13 1 -1.120e+02 2.246e+02 8.015e+01
|            ( - 1.489e+02 1 0)
|            ( QUESTION2 -1 -3.634e+01 1.965e+02 7.315e+01
|                ( - 1.237e+02 1 0)
|                ( - 3.648e+01 1 0)))))
s>    ( QUESTION2_0_L -1 -9.507e+02 7.080e+02 3.801e+02
s>        ( QUESTION13 1 8.057e+01 2.381e+02 1.214e+02
s>            ( - 1.857e+02 1 0)
s>            ( - 1.330e+02 1 0))
s>        ( QUESTION0 -1 -3.233e+02 5.032e+02 2.586e+02
s>            ( - 2.919e+02 3 0)
s>            ( QUESTION13 1 -1.120e+02 2.246e+02 8.015e+01
s>                ( - 1.489e+02 1 0)
s>                ( QUESTION2 -1 -3.634e+01 1.965e+02 7.315e+01
s>                    ( - 1.237e+02 1 0)
s>                    ( - 3.648e+01 1 0)))))INFO: dtree.c(1524): Final simple tree
|( SILENCE -1 -1.356e+03 3.942e+02 3.187e+02
|    ( QUESTION0_0_R 1 -4.171e+02 3.353e+02 2.053e+02
|        ( - 5.276e+01 1 0)
|        ( - -1.346e+02 1 0))
|    ( QUESTION18 -1 -5.444e+02 3.116e+02 1.134e+02
|        ( - 3.734e+02 1 0)
|        ( QUESTION2_14_L -1 -6.062e+02 2.475e+02 9.126e+01
|            ( - 2.440e+02 1 0)
|            ( QUESTION14 1 -6.028e+02 1.834e+02 9.026e+01
|                ( QUESTION8 -1 -4.082e+02 1.562e+02 8.125e+01
|                    ( - 4.588e+01 1 0)
|                    ( - -2.979e+02 4 0 QUESTION11 -1 1.412e+02 5.024e+01))
|                ( QUESTION0 -1 -1.116e+01 2.522e+02 9.004e+00
|                    ( - 2.440e+02 1 0)
|                    ( - -2.997e+00 3 0 QUESTION0_13_R 1 1.036e+02 8.004e+00))))))
s>    ( SILENCE -1 -1.356e+03 3.942e+02 3.187e+02
s>        ( QUESTION0_0_R 1 -4.171e+02 3.353e+02 2.053e+02
s>            ( - 5.276e+01 1 0)
s>            ( - -1.346e+02 1 0))
s>        ( QUESTION18 -1 -5.444e+02 3.116e+02 1.134e+02
s>            ( - 3.734e+02 1 0)
s>            ( QUESTION2_14_L -1 -6.062e+02 2.475e+02 9.126e+01
s>                ( - 2.440e+02 1 0)
s>                ( QUESTION14 1 -6.028e+02 1.834e+02 9.026e+01
s>                    ( QUESTION8 -1 -4.082e+02 1.562e+02 8.125e+01
s>                        ( - 4.588e+01 1 0)
s>                        ( - -2.979e+02 4 0 QUESTION11 -1 1.412e+02 5.024e+01))
s>                    ( QUESTION0 -1 -1.116e+01 2.522e+02 9.004e+00
s>                        ( - 2.440e+02 1 0)
s>                        ( - -2.997e+00 3 0 QUESTION0_13_R 1 1.036e+02 8.004e+00))))))INFO: dtree.c(1351): Comp split 1
INFO: dtree.c(1483): stop. leaf nodes are specific
INFO: dtree.c(1524): Final simple tree
|( QUESTION0 -1 -3.547e+02 4.865e+02 2.606e+02
|    ( QUESTION13 1 2.438e+02 2.338e+02 1.805e+02
|        ( - 1.857e+02 1 0)
|        ( - 2.919e+02 3 0))
|    ( QUESTION13 1 -1.120e+02 2.246e+02 8.015e+01
|        ( - 1.489e+02 1 0)
|        ( QUESTION2 -1 -3.634e+01 1.965e+02 7.315e+01
|            ( - 1.237e+02 1 0)
|            ( - 3.648e+01 1 0))))
s>    ( QUESTION0 -1 -3.547e+02 4.865e+02 2.606e+02
s>        ( QUESTION13 1 2.438e+02 2.338e+02 1.805e+02
s>            ( - 1.857e+02 1 0)
s>            ( - 2.919e+02 3 0))
s>        ( QUESTION13 1 -1.120e+02 2.246e+02 8.015e+01
s>            ( - 1.489e+02 1 0)
s>            ( QUESTION2 -1 -3.634e+01 1.965e+02 7.315e+01
s>                ( - 1.237e+02 1 0)
s>                ( - 3.648e+01 1 0))))INFO: dtree.c(1351): Comp split 2
INFO: dtree.c(1483): stop. leaf nodes are specific
INFO: dtree.c(1524): Final simple tree
|( QUESTION13 1 -1.303e+02 2.150e+02 8.215e+01
|    ( QUESTION0 -1 1.211e+02 2.135e+02 9.001e+00
|        ( - 1.857e+02 1 0)
|        ( - 1.489e+02 1 0))
|    ( QUESTION2 -1 -3.634e+01 1.965e+02 7.315e+01
|        ( - 1.237e+02 1 0)
|        ( - 3.648e+01 1 0)))
s>    ( QUESTION13 1 -1.303e+02 2.150e+02 8.215e+01
s>        ( QUESTION0 -1 1.211e+02 2.135e+02 9.001e+00
s>            ( - 1.857e+02 1 0)
s>            ( - 1.489e+02 1 0))
s>        ( QUESTION2 -1 -3.634e+01 1.965e+02 7.315e+01
s>            ( - 1.237e+02 1 0)
s>            ( - 3.648e+01 1 0)))INFO: dtree.c(1351): Comp split 3
INFO: dtree.c(1524): Final simple tree
|( QUESTION18 -1 -7.394e+02 3.195e+02 1.292e+02
|    ( - 3.734e+02 1 0)
|    ( QUESTION14 1 -7.932e+02 2.841e+02 1.071e+02
|        ( QUESTION8 -1 -4.082e+02 1.562e+02 8.125e+01
|            ( - 4.588e+01 1 0)
|            ( QUESTION11 -1 -2.979e+02 1.412e+02 5.024e+01
|                ( - 1.117e+02 1 0)
|                ( - -2.684e+02 3 0 QUESTION2_0_L -1 1.268e+02 4.624e+01)))
|        ( QUESTION2_14_L -1 -1.010e+02 2.382e+02 2.587e+01
|            ( - 2.440e+02 1 0)
|            ( QUESTION0 -1 -1.068e+02 2.558e+02 2.487e+01
|                ( - 2.440e+02 1 0)
|                ( SILENCE -1 -9.501e+01 1.448e+02 2.387e+01
|                    ( - 5.276e+01 1 0)
|                    ( - -2.997e+00 3 0 QUESTION0_13_R 1 1.036e+02 8.004e+00))))))
s>    ( QUESTION18 -1 -7.394e+02 3.195e+02 1.292e+02
s>        ( - 3.734e+02 1 0)
s>        ( QUESTION14 1 -7.932e+02 2.841e+02 1.071e+02
s>            ( QUESTION8 -1 -4.082e+02 1.562e+02 8.125e+01
s>                ( - 4.588e+01 1 0)
s>                ( QUESTION11 -1 -2.979e+02 1.412e+02 5.024e+01
s>                    ( - 1.117e+02 1 0)
s>                    ( - -2.684e+02 3 0 QUESTION2_0_L -1 1.268e+02 4.624e+01)))
s>            ( QUESTION2_14_L -1 -1.010e+02 2.382e+02 2.587e+01
s>                ( - 2.440e+02 1 0)
s>                ( QUESTION0 -1 -1.068e+02 2.558e+02 2.487e+01
s>                    ( - 2.440e+02 1 0)
s>                    ( SILENCE -1 -9.501e+01 1.448e+02 2.387e+01
s>                        ( - 5.276e+01 1 0)
s>                        ( - -2.997e+00 3 0 QUESTION0_13_R 1 1.036e+02 8.004e+00))))))INFO: dtree.c(1351): Comp split 4
INFO: dtree.c(1524): Final simple tree
|( QUESTION14 1 -7.932e+02 2.841e+02 1.071e+02
|    ( QUESTION8 -1 -4.082e+02 1.562e+02 8.125e+01
|        ( - 4.588e+01 1 0)
|        ( QUESTION11 -1 -2.979e+02 1.412e+02 5.024e+01
|            ( - 1.117e+02 1 0)
|            ( QUESTION2_0_L -1 -2.684e+02 1.268e+02 4.624e+01
|                ( - 7.795e+01 1 0)
|                ( - -2.195e+02 2 0 QUESTION0 -1 1.023e+02 4.324e+01))))
|    ( QUESTION2_14_L -1 -1.010e+02 2.382e+02 2.587e+01
|        ( - 2.440e+02 1 0)
|        ( QUESTION0 -1 -1.068e+02 2.558e+02 2.487e+01
|            ( - 2.440e+02 1 0)
|            ( SILENCE -1 -9.501e+01 1.448e+02 2.387e+01
|                ( - 5.276e+01 1 0)
|                ( - -2.997e+00 3 0 QUESTION0_13_R 1 1.036e+02 8.004e+00)))))
s>    ( QUESTION14 1 -7.932e+02 2.841e+02 1.071e+02
s>        ( QUESTION8 -1 -4.082e+02 1.562e+02 8.125e+01
s>            ( - 4.588e+01 1 0)
s>            ( QUESTION11 -1 -2.979e+02 1.412e+02 5.024e+01
s>                ( - 1.117e+02 1 0)
s>                ( QUESTION2_0_L -1 -2.684e+02 1.268e+02 4.624e+01
s>                    ( - 7.795e+01 1 0)
s>                    ( - -2.195e+02 2 0 QUESTION0 -1 1.023e+02 4.324e+01))))
s>        ( QUESTION2_14_L -1 -1.010e+02 2.382e+02 2.587e+01
s>            ( - 2.440e+02 1 0)
s>            ( QUESTION0 -1 -1.068e+02 2.558e+02 2.487e+01
s>                ( - 2.440e+02 1 0)
s>                ( SILENCE -1 -9.501e+01 1.448e+02 2.387e+01
s>                    ( - 5.276e+01 1 0)
s>                    ( - -2.997e+00 3 0 QUESTION0_13_R 1 1.036e+02 8.004e+00)))))INFO: dtree.c(1351): Comp split 5
INFO: dtree.c(1483): stop. leaf nodes are specific
INFO: dtree.c(1524): Final simple tree
|( QUESTION2_14_L -1 -1.406e+02 2.375e+02 2.887e+01
|    ( - 2.440e+02 1 0)
|    ( SILENCE -1 -1.471e+02 1.478e+02 2.787e+01
|        ( - 5.276e+01 1 0)
|        ( QUESTION14 1 -5.212e+01 1.189e+02 1.200e+01
|            ( - 7.795e+01 1 0)
|            ( QUESTION0 -1 -1.116e+01 2.522e+02 9.004e+00
|                ( - 2.440e+02 1 0)
|                ( QUESTION0_13_R 1 -2.997e+00 1.036e+02 8.004e+00
|                    ( QUESTION3 -1 2.684e-01 1.170e+02 6.004e+00
|                        ( - 2.693e+01 1 0)
|                        ( - 9.031e+01 1 0))
|                    ( - 1.003e+02 1 0))))))
s>    ( QUESTION2_14_L -1 -1.406e+02 2.375e+02 2.887e+01
s>        ( - 2.440e+02 1 0)
s>        ( SILENCE -1 -1.471e+02 1.478e+02 2.787e+01
s>            ( - 5.276e+01 1 0)
s>            ( QUESTION14 1 -5.212e+01 1.189e+02 1.200e+01
s>                ( - 7.795e+01 1 0)
s>                ( QUESTION0 -1 -1.116e+01 2.522e+02 9.004e+00
s>                    ( - 2.440e+02 1 0)
s>                    ( QUESTION0_13_R 1 -2.997e+00 1.036e+02 8.004e+00
s>                        ( QUESTION3 -1 2.684e-01 1.170e+02 6.004e+00
s>                            ( - 2.693e+01 1 0)
s>                            ( - 9.031e+01 1 0))
s>                        ( - 1.003e+02 1 0))))))INFO: dtree.c(1483): stop. leaf nodes are specific
INFO: dtree.c(1524): Final simple tree
|( QUESTION8 -1 -3.617e+02 1.565e+02 7.825e+01
|    ( - 4.588e+01 1 0)
|    ( QUESTION11 -1 -2.511e+02 1.432e+02 4.724e+01
|        ( - 1.117e+02 1 0)
|        ( QUESTION0 -1 -2.195e+02 1.023e+02 4.324e+01
|            ( - -1.043e+02 1 0)
|            ( - -1.291e+01 1 0))))
s>    ( QUESTION8 -1 -3.617e+02 1.565e+02 7.825e+01
s>        ( - 4.588e+01 1 0)
s>        ( QUESTION11 -1 -2.511e+02 1.432e+02 4.724e+01
s>            ( - 1.117e+02 1 0)
s>            ( QUESTION0 -1 -2.195e+02 1.023e+02 4.324e+01
s>                ( - -1.043e+02 1 0)
s>                ( - -1.291e+01 1 0))))INFO: dtree.c(1351): Comp split 6
INFO: dtree.c(1483): stop. leaf nodes are specific
INFO: dtree.c(1524): Final simple tree
|( QUESTION2_14_L -1 -1.290e+02 2.374e+02 2.787e+01
|    ( - 2.440e+02 1 0)
|    ( SILENCE -1 -1.356e+02 1.438e+02 2.687e+01
|        ( - 5.276e+01 1 0)
|        ( QUESTION0 -1 -4.463e+01 1.196e+02 1.100e+01
|            ( - 7.795e+01 1 0)
|            ( QUESTION0_13_R 1 -2.997e+00 1.036e+02 8.004e+00
|                ( QUESTION3 -1 2.684e-01 1.170e+02 6.004e+00
|                    ( - 2.693e+01 1 0)
|                    ( - 9.031e+01 1 0))
|                ( - 1.003e+02 1 0)))))
s>    ( QUESTION2_14_L -1 -1.290e+02 2.374e+02 2.787e+01
s>        ( - 2.440e+02 1 0)
s>        ( SILENCE -1 -1.356e+02 1.438e+02 2.687e+01
s>            ( - 5.276e+01 1 0)
s>            ( QUESTION0 -1 -4.463e+01 1.196e+02 1.100e+01
s>                ( - 7.795e+01 1 0)
s>                ( QUESTION0_13_R 1 -2.997e+00 1.036e+02 8.004e+00
s>                    ( QUESTION3 -1 2.684e-01 1.170e+02 6.004e+00
s>                        ( - 2.693e+01 1 0)
s>                        ( - 9.031e+01 1 0))
s>                    ( - 1.003e+02 1 0)))))INFO: dtree.c(1351): Comp split 7
INFO: dtree.c(1483): stop. leaf nodes are specific
INFO: dtree.c(1524): Final simple tree
|( SILENCE -1 -1.356e+02 1.438e+02 2.687e+01
|    ( - 5.276e+01 1 0)
|    ( QUESTION0 -1 -4.463e+01 1.196e+02 1.100e+01
|        ( - 7.795e+01 1 0)
|        ( QUESTION0_13_R 1 -2.997e+00 1.036e+02 8.004e+00
|            ( QUESTION3 -1 2.684e-01 1.170e+02 6.004e+00
|                ( - 2.693e+01 1 0)
|                ( - 9.031e+01 1 0))
|            ( - 1.003e+02 1 0))))
s>    ( SILENCE -1 -1.356e+02 1.438e+02 2.687e+01
s>        ( - 5.276e+01 1 0)
s>        ( QUESTION0 -1 -4.463e+01 1.196e+02 1.100e+01
s>            ( - 7.795e+01 1 0)
s>            ( QUESTION0_13_R 1 -2.997e+00 1.036e+02 8.004e+00
s>                ( QUESTION3 -1 2.684e-01 1.170e+02 6.004e+00
s>                    ( - 2.693e+01 1 0)
s>                    ( - 9.031e+01 1 0))
s>                ( - 1.003e+02 1 0))))INFO: dtree.c(1351): Comp split 8
INFO: dtree.c(1483): stop. leaf nodes are specific
INFO: dtree.c(1524): Final simple tree
|( QUESTION0 -1 -5.804e+01 2.074e+02 7.515e+01
|    ( - 1.857e+02 1 0)
|    ( QUESTION2 -1 -3.634e+01 1.965e+02 7.315e+01
|        ( - 1.237e+02 1 0)
|        ( - 3.648e+01 1 0)))
s>    ( QUESTION0 -1 -5.804e+01 2.074e+02 7.515e+01
s>        ( - 1.857e+02 1 0)
s>        ( QUESTION2 -1 -3.634e+01 1.965e+02 7.315e+01
s>            ( - 1.237e+02 1 0)
s>            ( - 3.648e+01 1 0)))INFO: dtree.c(1351): Comp split 9
INFO: dtree.c(1483): stop. leaf nodes are specific
INFO: dtree.c(1524): Final simple tree
|( QUESTION2 -1 -3.634e+01 1.965e+02 7.315e+01
|    ( - 1.237e+02 1 0)
|    ( - 3.648e+01 1 0))
s>    ( QUESTION2 -1 -3.634e+01 1.965e+02 7.315e+01
s>        ( - 1.237e+02 1 0)
s>        ( - 3.648e+01 1 0))INFO: dtree.c(1351): Comp split 10
INFO: dtree.c(1351): Comp split 11
INFO: dtree.c(1483): stop. leaf nodes are specific
INFO: dtree.c(1524): Final simple tree
|( QUESTION11 -1 -2.511e+02 1.432e+02 4.724e+01
|    ( - 1.117e+02 1 0)
|    ( QUESTION0 -1 -2.195e+02 1.023e+02 4.324e+01
|        ( - -1.043e+02 1 0)
|        ( - -1.291e+01 1 0)))
s>    ( QUESTION11 -1 -2.511e+02 1.432e+02 4.724e+01
s>        ( - 1.117e+02 1 0)
s>        ( QUESTION0 -1 -2.195e+02 1.023e+02 4.324e+01
s>            ( - -1.043e+02 1 0)
s>            ( - -1.291e+01 1 0)))INFO: dtree.c(1351): Comp split 12
INFO: dtree.c(1483): stop. leaf nodes are specific
INFO: dtree.c(1524): Final simple tree
|( QUESTION0 -1 -4.463e+01 1.196e+02 1.100e+01
|    ( - 7.795e+01 1 0)
|    ( QUESTION0_13_R 1 -2.997e+00 1.036e+02 8.004e+00
|        ( QUESTION3 -1 2.684e-01 1.170e+02 6.004e+00
|            ( - 2.693e+01 1 0)
|            ( - 9.031e+01 1 0))
|        ( - 1.003e+02 1 0)))
s>    ( QUESTION0 -1 -4.463e+01 1.196e+02 1.100e+01
s>        ( - 7.795e+01 1 0)
s>        ( QUESTION0_13_R 1 -2.997e+00 1.036e+02 8.004e+00
s>            ( QUESTION3 -1 2.684e-01 1.170e+02 6.004e+00
s>                ( - 2.693e+01 1 0)
s>                ( - 9.031e+01 1 0))
s>            ( - 1.003e+02 1 0)))INFO: dtree.c(1351): Comp split 13
INFO: dtree.c(1483): stop. leaf nodes are specific
INFO: dtree.c(1524): Final simple tree
|( QUESTION0 -1 -2.195e+02 1.023e+02 4.324e+01
|    ( - -1.043e+02 1 0)
|    ( - -1.291e+01 1 0))
s>    ( QUESTION0 -1 -2.195e+02 1.023e+02 4.324e+01
s>        ( - -1.043e+02 1 0)
s>        ( - -1.291e+01 1 0))INFO: dtree.c(1351): Comp split 14
INFO: dtree.c(1483): stop. leaf nodes are specific
INFO: dtree.c(1524): Final simple tree
|( QUESTION0_13_R 1 -2.997e+00 1.036e+02 8.004e+00
|    ( QUESTION3 -1 2.684e-01 1.170e+02 6.004e+00
|        ( - 2.693e+01 1 0)
|        ( - 9.031e+01 1 0))
|    ( - 1.003e+02 1 0))
s>    ( QUESTION0_13_R 1 -2.997e+00 1.036e+02 8.004e+00
s>        ( QUESTION3 -1 2.684e-01 1.170e+02 6.004e+00
s>            ( - 2.693e+01 1 0)
s>            ( - 9.031e+01 1 0))
s>        ( - 1.003e+02 1 0))INFO: dtree.c(1351): Comp split 15
INFO: dtree.c(1483): stop. leaf nodes are specific
INFO: dtree.c(1524): Final simple tree
|( QUESTION3 -1 2.684e-01 1.170e+02 6.004e+00
|    ( - 2.693e+01 1 0)
|    ( - 9.031e+01 1 0))
s>    ( QUESTION3 -1 2.684e-01 1.170e+02 6.004e+00
s>        ( - 2.693e+01 1 0)
s>        ( - 9.031e+01 1 0))INFO: dtree.c(1351): Comp split 16
INFO: dtree.c(1351): Comp split 17
INFO: dtree.c(1351): Comp split 18
INFO: dtree.c(1354): stop. leaf nodes are specific
Tue May 31 10:28:02 2011
