INFO: cmd_ln.c(691): Parsing command line:
/home/xkrajnan/Plocha/GSoC/PocketSphinx/an4/bin/bldtree \
	-treefn /home/xkrajnan/Plocha/GSoC/PocketSphinx/an4/trees/an4.unpruned/IH-1.dtree \
	-moddeffn /home/xkrajnan/Plocha/GSoC/PocketSphinx/an4/model_architecture/an4.untied.mdef \
	-mixwfn /home/xkrajnan/Plocha/GSoC/PocketSphinx/an4/model_parameters/an4.cd_cont_untied/mixture_weights \
	-ts2cbfn .cont. \
	-mwfloor 1e-08 \
	-psetfn /home/xkrajnan/Plocha/GSoC/PocketSphinx/an4/model_architecture/an4.tree_questions \
	-phone IH \
	-state 1 \
	-stwt 1.0,0.05,0.0 \
	-meanfn /home/xkrajnan/Plocha/GSoC/PocketSphinx/an4/model_parameters/an4.cd_cont_untied/means \
	-varfn /home/xkrajnan/Plocha/GSoC/PocketSphinx/an4/model_parameters/an4.cd_cont_untied/variances \
	-fullvar no \
	-ssplitmin 1 \
	-ssplitmax 7 \
	-ssplitthr 0 \
	-csplitmin 1 \
	-csplitmax 2000 \
	-csplitthr 0 

Current configuration:
[NAME]		[DEFLT]	[VALUE]
-allphones	no	no
-cntthresh	0.00001	1.000000e-05
-csplitmax	100	2000
-csplitmin	1	1
-csplitthr	8e-4	0.000000e+00
-example	no	no
-fullvar	no	no
-help		no	no
-meanfn			/home/xkrajnan/Plocha/GSoC/PocketSphinx/an4/model_parameters/an4.cd_cont_untied/means
-mixwfn			/home/xkrajnan/Plocha/GSoC/PocketSphinx/an4/model_parameters/an4.cd_cont_untied/mixture_weights
-moddeffn		/home/xkrajnan/Plocha/GSoC/PocketSphinx/an4/model_architecture/an4.untied.mdef
-mwfloor	1e-4	1.000000e-08
-phone			IH
-psetfn			/home/xkrajnan/Plocha/GSoC/PocketSphinx/an4/model_architecture/an4.tree_questions
-ssplitmax	5	7
-ssplitmin	1	1
-ssplitthr	8e-4	0.000000e+00
-state			1
-stwt			1.0,0.05,0.0,
-treefn			/home/xkrajnan/Plocha/GSoC/PocketSphinx/an4/trees/an4.unpruned/IH-1.dtree
-ts2cbfn	.semi.	.cont.
-varfloor	0.00001	1.000000e-05
-varfn			/home/xkrajnan/Plocha/GSoC/PocketSphinx/an4/model_parameters/an4.cd_cont_untied/variances

INFO: main.c(228): Reading: /home/xkrajnan/Plocha/GSoC/PocketSphinx/an4/model_architecture/an4.untied.mdef
INFO: model_def_io.c(587): Model definition info:
INFO: model_def_io.c(588): 1618 total models defined (34 base, 1584 tri)
INFO: model_def_io.c(589): 6472 total states
INFO: model_def_io.c(590): 4854 total tied states
INFO: model_def_io.c(591): 102 total tied CI states
INFO: model_def_io.c(592): 34 total tied transition matrices
INFO: model_def_io.c(593): 4 max state/model
INFO: model_def_io.c(594): 4 min state/model
INFO: main.c(247): Building trees for [IH D S i] through [IH Z R i]
INFO: main.c(275): Covering states |[1809 1835]| == 27
INFO: main.c(282): Reading: /home/xkrajnan/Plocha/GSoC/PocketSphinx/an4/model_parameters/an4.cd_cont_untied/mixture_weights
INFO: s3mixw_io.c(172): Read /home/xkrajnan/Plocha/GSoC/PocketSphinx/an4/model_parameters/an4.cd_cont_untied/mixture_weights [27x1x1 array]
INFO: main.c(320): 9 of 9 models have observation count greater than 0.000010
INFO: main.c(94): nrm stwt: 0.045 0.909 0.045 
INFO: s3gau_io.c(166): Read /home/xkrajnan/Plocha/GSoC/PocketSphinx/an4/model_parameters/an4.cd_cont_untied/means [4854x1x1 array]
INFO: s3gau_io.c(166): Read /home/xkrajnan/Plocha/GSoC/PocketSphinx/an4/model_parameters/an4.cd_cont_untied/variances [4854x1x1 array]
INFO: main.c(576): Reading: /home/xkrajnan/Plocha/GSoC/PocketSphinx/an4/model_architecture/an4.tree_questions
INFO: main.c(619): 180 total simple questions (172 phone; 8 word bndry)
INFO: main.c(621): 42 Left Only questions, and 42 Right Only questions
INFO: dtree.c(1524): Final simple tree
|( QUESTION0 -1 -9.235e+03 2.621e+03 8.464e+02
|    ( QUESTION0_13_R 1 -3.178e+03 4.817e+02 5.649e+02
|        ( - -2.747e+03 1 0)
|        ( WDBNDRY_B 0 5.100e+01 2.748e+02 9.182e+01
|            ( - 2.281e+02 1 0)
|            ( - 9.766e+01 1 0)))
|    ( QUESTION9 -1 -3.436e+03 8.911e+02 2.815e+02
|        ( - -3.195e+02 1 0)
|        ( QUESTION0_15_R 1 -2.226e+03 3.204e+02 1.754e+02
|            ( - -1.363e+03 1 0)
|            ( QUESTION0_1_R 1 -5.422e+02 2.571e+02 3.021e+01
|                ( - 2.440e+02 1 0)
|                ( SILENCE -1 -5.292e+02 1.371e+02 2.921e+01
|                    ( - 4.979e+01 1 0)
|                    ( - -4.419e+02 2 0 WDBNDRY_B 0 1.295e+02 2.721e+01))))))
s>    ( QUESTION0 -1 -9.235e+03 2.621e+03 8.464e+02
s>        ( QUESTION0_13_R 1 -3.178e+03 4.817e+02 5.649e+02
s>            ( - -2.747e+03 1 0)
s>            ( WDBNDRY_B 0 5.100e+01 2.748e+02 9.182e+01
s>                ( - 2.281e+02 1 0)
s>                ( - 9.766e+01 1 0)))
s>        ( QUESTION9 -1 -3.436e+03 8.911e+02 2.815e+02
s>            ( - -3.195e+02 1 0)
s>            ( QUESTION0_15_R 1 -2.226e+03 3.204e+02 1.754e+02
s>                ( - -1.363e+03 1 0)
s>                ( QUESTION0_1_R 1 -5.422e+02 2.571e+02 3.021e+01
s>                    ( - 2.440e+02 1 0)
s>                    ( SILENCE -1 -5.292e+02 1.371e+02 2.921e+01
s>                        ( - 4.979e+01 1 0)
s>                        ( - -4.419e+02 2 0 WDBNDRY_B 0 1.295e+02 2.721e+01))))))INFO: dtree.c(1351): Comp split 0
INFO: dtree.c(1483): stop. leaf nodes are specific
INFO: dtree.c(1524): Final simple tree
|( QUESTION9 -1 -3.467e+03 8.934e+02 2.825e+02
|    ( - -3.195e+02 1 0)
|    ( QUESTION0_15_R 1 -2.254e+03 3.180e+02 1.764e+02
|        ( - -1.363e+03 1 0)
|        ( QUESTION0 -1 -5.732e+02 2.591e+02 3.121e+01
|            ( - 2.281e+02 1 0)
|            ( QUESTION0_1_R 1 -5.422e+02 2.571e+02 3.021e+01
|                ( - 2.440e+02 1 0)
|                ( SILENCE -1 -5.292e+02 1.371e+02 2.921e+01
|                    ( - 4.979e+01 1 0)
|                    ( WDBNDRY_B 0 -4.419e+02 1.295e+02 2.721e+01
|                        ( - 4.971e+01 1 0)
|                        ( - -3.621e+02 1 0)))))))
s>    ( QUESTION9 -1 -3.467e+03 8.934e+02 2.825e+02
s>        ( - -3.195e+02 1 0)
s>        ( QUESTION0_15_R 1 -2.254e+03 3.180e+02 1.764e+02
s>            ( - -1.363e+03 1 0)
s>            ( QUESTION0 -1 -5.732e+02 2.591e+02 3.121e+01
s>                ( - 2.281e+02 1 0)
s>                ( QUESTION0_1_R 1 -5.422e+02 2.571e+02 3.021e+01
s>                    ( - 2.440e+02 1 0)
s>                    ( SILENCE -1 -5.292e+02 1.371e+02 2.921e+01
s>                        ( - 4.979e+01 1 0)
s>                        ( WDBNDRY_B 0 -4.419e+02 1.295e+02 2.721e+01
s>                            ( - 4.971e+01 1 0)
s>                            ( - -3.621e+02 1 0)))))))INFO: dtree.c(1483): stop. leaf nodes are specific
INFO: dtree.c(1524): Final simple tree
|( QUESTION0_0_R 1 -3.123e+03 4.740e+02 5.639e+02
|    ( - 9.766e+01 1 0)
|    ( - -2.747e+03 1 0))
s>    ( QUESTION0_0_R 1 -3.123e+03 4.740e+02 5.639e+02
s>        ( - 9.766e+01 1 0)
s>        ( - -2.747e+03 1 0))INFO: dtree.c(1351): Comp split 1
INFO: dtree.c(1483): stop. leaf nodes are specific
INFO: dtree.c(1524): Final simple tree
|( QUESTION0_15_R 1 -2.254e+03 3.180e+02 1.764e+02
|    ( - -1.363e+03 1 0)
|    ( QUESTION0 -1 -5.732e+02 2.591e+02 3.121e+01
|        ( - 2.281e+02 1 0)
|        ( QUESTION0_1_R 1 -5.422e+02 2.571e+02 3.021e+01
|            ( - 2.440e+02 1 0)
|            ( SILENCE -1 -5.292e+02 1.371e+02 2.921e+01
|                ( - 4.979e+01 1 0)
|                ( WDBNDRY_B 0 -4.419e+02 1.295e+02 2.721e+01
|                    ( - 4.971e+01 1 0)
|                    ( - -3.621e+02 1 0))))))
s>    ( QUESTION0_15_R 1 -2.254e+03 3.180e+02 1.764e+02
s>        ( - -1.363e+03 1 0)
s>        ( QUESTION0 -1 -5.732e+02 2.591e+02 3.121e+01
s>            ( - 2.281e+02 1 0)
s>            ( QUESTION0_1_R 1 -5.422e+02 2.571e+02 3.021e+01
s>                ( - 2.440e+02 1 0)
s>                ( SILENCE -1 -5.292e+02 1.371e+02 2.921e+01
s>                    ( - 4.979e+01 1 0)
s>                    ( WDBNDRY_B 0 -4.419e+02 1.295e+02 2.721e+01
s>                        ( - 4.971e+01 1 0)
s>                        ( - -3.621e+02 1 0))))))INFO: dtree.c(1351): Comp split 2
INFO: dtree.c(1351): Comp split 3
INFO: dtree.c(1483): stop. leaf nodes are specific
INFO: dtree.c(1524): Final simple tree
|( QUESTION0 -1 -4.860e+02 2.589e+02 2.721e+01
|    ( - 2.281e+02 1 0)
|    ( WDBNDRY_B 0 -4.552e+02 1.429e+02 2.621e+01
|        ( - 4.979e+01 1 0)
|        ( - -3.621e+02 1 0)))
s>    ( QUESTION0 -1 -4.860e+02 2.589e+02 2.721e+01
s>        ( - 2.281e+02 1 0)
s>        ( WDBNDRY_B 0 -4.552e+02 1.429e+02 2.621e+01
s>            ( - 4.979e+01 1 0)
s>            ( - -3.621e+02 1 0)))INFO: dtree.c(1483): stop. leaf nodes are specific
INFO: dtree.c(1524): Final simple tree
|( WDBNDRY_B 0 -1.443e+03 2.577e+02 1.492e+02
|    ( SILENCE -1 -1.430e+03 1.162e+02 1.482e+02
|        ( - -1.363e+03 1 0)
|        ( - 4.971e+01 1 0))
|    ( - 2.440e+02 1 0))
s>    ( WDBNDRY_B 0 -1.443e+03 2.577e+02 1.492e+02
s>        ( SILENCE -1 -1.430e+03 1.162e+02 1.482e+02
s>            ( - -1.363e+03 1 0)
s>            ( - 4.971e+01 1 0))
s>        ( - 2.440e+02 1 0))INFO: dtree.c(1351): Comp split 4
INFO: dtree.c(1483): stop. leaf nodes are specific
INFO: dtree.c(1524): Final simple tree
|( WDBNDRY_B 0 -4.552e+02 1.429e+02 2.621e+01
|    ( - 4.979e+01 1 0)
|    ( - -3.621e+02 1 0))
s>    ( WDBNDRY_B 0 -4.552e+02 1.429e+02 2.621e+01
s>        ( - 4.979e+01 1 0)
s>        ( - -3.621e+02 1 0))INFO: dtree.c(1351): Comp split 5
INFO: dtree.c(1483): stop. leaf nodes are specific
INFO: dtree.c(1524): Final simple tree
|( SILENCE -1 -1.430e+03 1.162e+02 1.482e+02
|    ( - -1.363e+03 1 0)
|    ( - 4.971e+01 1 0))
s>    ( SILENCE -1 -1.430e+03 1.162e+02 1.482e+02
s>        ( - -1.363e+03 1 0)
s>        ( - 4.971e+01 1 0))INFO: dtree.c(1351): Comp split 6
INFO: dtree.c(1351): Comp split 7
INFO: dtree.c(1351): Comp split 8
INFO: dtree.c(1354): stop. leaf nodes are specific
Tue May 31 10:28:02 2011
