INFO: cmd_ln.c(691): Parsing command line:
/home/xkrajnan/Plocha/GSoC/PocketSphinx/an4/bin/bldtree \
	-treefn /home/xkrajnan/Plocha/GSoC/PocketSphinx/an4/trees/an4.unpruned/M-1.dtree \
	-moddeffn /home/xkrajnan/Plocha/GSoC/PocketSphinx/an4/model_architecture/an4.untied.mdef \
	-mixwfn /home/xkrajnan/Plocha/GSoC/PocketSphinx/an4/model_parameters/an4.cd_cont_untied/mixture_weights \
	-ts2cbfn .cont. \
	-mwfloor 1e-08 \
	-psetfn /home/xkrajnan/Plocha/GSoC/PocketSphinx/an4/model_architecture/an4.tree_questions \
	-phone M \
	-state 1 \
	-stwt 1.0,0.05,0.0 \
	-meanfn /home/xkrajnan/Plocha/GSoC/PocketSphinx/an4/model_parameters/an4.cd_cont_untied/means \
	-varfn /home/xkrajnan/Plocha/GSoC/PocketSphinx/an4/model_parameters/an4.cd_cont_untied/variances \
	-fullvar no \
	-ssplitmin 1 \
	-ssplitmax 7 \
	-ssplitthr 0 \
	-csplitmin 1 \
	-csplitmax 2000 \
	-csplitthr 0 

Current configuration:
[NAME]		[DEFLT]	[VALUE]
-allphones	no	no
-cntthresh	0.00001	1.000000e-05
-csplitmax	100	2000
-csplitmin	1	1
-csplitthr	8e-4	0.000000e+00
-example	no	no
-fullvar	no	no
-help		no	no
-meanfn			/home/xkrajnan/Plocha/GSoC/PocketSphinx/an4/model_parameters/an4.cd_cont_untied/means
-mixwfn			/home/xkrajnan/Plocha/GSoC/PocketSphinx/an4/model_parameters/an4.cd_cont_untied/mixture_weights
-moddeffn		/home/xkrajnan/Plocha/GSoC/PocketSphinx/an4/model_architecture/an4.untied.mdef
-mwfloor	1e-4	1.000000e-08
-phone			M
-psetfn			/home/xkrajnan/Plocha/GSoC/PocketSphinx/an4/model_architecture/an4.tree_questions
-ssplitmax	5	7
-ssplitmin	1	1
-ssplitthr	8e-4	0.000000e+00
-state			1
-stwt			1.0,0.05,0.0,
-treefn			/home/xkrajnan/Plocha/GSoC/PocketSphinx/an4/trees/an4.unpruned/M-1.dtree
-ts2cbfn	.semi.	.cont.
-varfloor	0.00001	1.000000e-05
-varfn			/home/xkrajnan/Plocha/GSoC/PocketSphinx/an4/model_parameters/an4.cd_cont_untied/variances

INFO: main.c(228): Reading: /home/xkrajnan/Plocha/GSoC/PocketSphinx/an4/model_architecture/an4.untied.mdef
INFO: model_def_io.c(587): Model definition info:
INFO: model_def_io.c(588): 1618 total models defined (34 base, 1584 tri)
INFO: model_def_io.c(589): 6472 total states
INFO: model_def_io.c(590): 4854 total tied states
INFO: model_def_io.c(591): 102 total tied CI states
INFO: model_def_io.c(592): 34 total tied transition matrices
INFO: model_def_io.c(593): 4 max state/model
INFO: model_def_io.c(594): 4 min state/model
INFO: main.c(247): Building trees for [M EH AH e] through [M SIL EY b]
INFO: main.c(275): Covering states |[2904 2972]| == 69
INFO: main.c(282): Reading: /home/xkrajnan/Plocha/GSoC/PocketSphinx/an4/model_parameters/an4.cd_cont_untied/mixture_weights
INFO: s3mixw_io.c(172): Read /home/xkrajnan/Plocha/GSoC/PocketSphinx/an4/model_parameters/an4.cd_cont_untied/mixture_weights [69x1x1 array]
INFO: main.c(320): 23 of 23 models have observation count greater than 0.000010
INFO: main.c(94): nrm stwt: 0.045 0.909 0.045 
INFO: s3gau_io.c(166): Read /home/xkrajnan/Plocha/GSoC/PocketSphinx/an4/model_parameters/an4.cd_cont_untied/means [4854x1x1 array]
INFO: s3gau_io.c(166): Read /home/xkrajnan/Plocha/GSoC/PocketSphinx/an4/model_parameters/an4.cd_cont_untied/variances [4854x1x1 array]
INFO: main.c(576): Reading: /home/xkrajnan/Plocha/GSoC/PocketSphinx/an4/model_architecture/an4.tree_questions
INFO: main.c(619): 180 total simple questions (172 phone; 8 word bndry)
INFO: main.c(621): 42 Left Only questions, and 42 Right Only questions
INFO: dtree.c(1524): Final simple tree
|( WDBNDRY_B 0 -1.637e+03 3.449e+02 3.668e+02
|    ( SILENCE -1 1.557e+02 2.576e+02 7.000e+00
|        ( - 1.571e+02 2 0 QUESTION0 1 1.159e+02 6.000e+00)
|        ( - 2.562e+02 1 0))
|    ( QUESTION0_13_R 1 -1.448e+03 3.018e+02 3.598e+02
|        ( QUESTION4 1 -3.122e+02 1.868e+02 1.497e+02
|            ( - 1.370e+02 1 0)
|            ( - -2.624e+02 6 0 QUESTION14 1 1.524e+02 1.407e+02))
|        ( WDBNDRY_E 0 -8.339e+02 2.464e+02 2.101e+02
|            ( QUESTION6 1 -7.250e+02 2.276e+02 1.941e+02
|                ( - 1.770e+02 1 0)
|                ( SILENCE 1 -6.745e+02 1.913e+02 1.811e+02
|                    ( - 1.062e+02 1 0)
|                    ( - -5.894e+02 10 0 QUESTION0_1_R 1 1.841e+02 1.681e+02)))
|            ( - 1.376e+02 1 0))))
s>    ( WDBNDRY_B 0 -1.637e+03 3.449e+02 3.668e+02
s>        ( SILENCE -1 1.557e+02 2.576e+02 7.000e+00
s>            ( - 1.571e+02 2 0 QUESTION0 1 1.159e+02 6.000e+00)
s>            ( - 2.562e+02 1 0))
s>        ( QUESTION0_13_R 1 -1.448e+03 3.018e+02 3.598e+02
s>            ( QUESTION4 1 -3.122e+02 1.868e+02 1.497e+02
s>                ( - 1.370e+02 1 0)
s>                ( - -2.624e+02 6 0 QUESTION14 1 1.524e+02 1.407e+02))
s>            ( WDBNDRY_E 0 -8.339e+02 2.464e+02 2.101e+02
s>                ( QUESTION6 1 -7.250e+02 2.276e+02 1.941e+02
s>                    ( - 1.770e+02 1 0)
s>                    ( SILENCE 1 -6.745e+02 1.913e+02 1.811e+02
s>                        ( - 1.062e+02 1 0)
s>                        ( - -5.894e+02 10 0 QUESTION0_1_R 1 1.841e+02 1.681e+02)))
s>                ( - 1.376e+02 1 0))))INFO: dtree.c(1351): Comp split 0
INFO: dtree.c(1524): Final simple tree
|( WDBNDRY_E 0 -8.345e+02 2.476e+02 2.191e+02
|    ( QUESTION6 1 -7.245e+02 2.259e+02 2.031e+02
|        ( - 1.770e+02 1 0)
|        ( QUESTION0_1_R 1 -6.756e+02 1.901e+02 1.901e+02
|            ( - 1.818e+02 1 0)
|            ( SILENCE 1 -6.673e+02 1.838e+02 1.811e+02
|                ( - 1.062e+02 1 0)
|                ( QUESTION3 1 -5.897e+02 1.610e+02 1.681e+02
|                    ( QUESTION0_9_R 1 -3.649e+01 1.607e+02 3.000e+01
|                        ( - -3.436e+01 1 0)
|                        ( - 1.586e+02 2 0 QUESTION0_0_R 1 9.188e+01 1.300e+01))
|                    ( QUESTION0_6_R 1 -3.923e+02 1.586e+02 1.381e+02
|                        ( - 1.191e+02 2 0 QUESTION0 1 1.708e+02 1.900e+01)
|                        ( - -3.529e+02 5 0 QUESTION0_17_R 1 1.625e+02 1.191e+02))))))
|    ( - 1.376e+02 1 0))
s>    ( WDBNDRY_E 0 -8.345e+02 2.476e+02 2.191e+02
s>        ( QUESTION6 1 -7.245e+02 2.259e+02 2.031e+02
s>            ( - 1.770e+02 1 0)
s>            ( QUESTION0_1_R 1 -6.756e+02 1.901e+02 1.901e+02
s>                ( - 1.818e+02 1 0)
s>                ( SILENCE 1 -6.673e+02 1.838e+02 1.811e+02
s>                    ( - 1.062e+02 1 0)
s>                    ( QUESTION3 1 -5.897e+02 1.610e+02 1.681e+02
s>                        ( QUESTION0_9_R 1 -3.649e+01 1.607e+02 3.000e+01
s>                            ( - -3.436e+01 1 0)
s>                            ( - 1.586e+02 2 0 QUESTION0_0_R 1 9.188e+01 1.300e+01))
s>                        ( QUESTION0_6_R 1 -3.923e+02 1.586e+02 1.381e+02
s>                            ( - 1.191e+02 2 0 QUESTION0 1 1.708e+02 1.900e+01)
s>                            ( - -3.529e+02 5 0 QUESTION0_17_R 1 1.625e+02 1.191e+02))))))
s>        ( - 1.376e+02 1 0))INFO: dtree.c(1483): stop. leaf nodes are specific
INFO: dtree.c(1524): Final simple tree
|( WDBNDRY_B 0 -4.137e+02 3.069e+02 1.477e+02
|    ( SILENCE -1 1.557e+02 2.576e+02 7.000e+00
|        ( QUESTION0 1 1.571e+02 1.159e+02 6.000e+00
|            ( - 1.241e+02 1 0)
|            ( - 1.489e+02 1 0))
|        ( - 2.562e+02 1 0))
|    ( QUESTION14 1 -2.624e+02 1.524e+02 1.407e+02
|        ( - 1.673e+02 1 0)
|        ( QUESTION2 1 -2.773e+02 1.148e+02 1.327e+02
|            ( - 1.297e+02 1 0)
|            ( QUESTION0 1 -2.921e+02 9.876e+01 1.267e+02
|                ( - -3.345e+01 3 0)
|                ( - -1.599e+02 1 0)))))
s>    ( WDBNDRY_B 0 -4.137e+02 3.069e+02 1.477e+02
s>        ( SILENCE -1 1.557e+02 2.576e+02 7.000e+00
s>            ( QUESTION0 1 1.571e+02 1.159e+02 6.000e+00
s>                ( - 1.241e+02 1 0)
s>                ( - 1.489e+02 1 0))
s>            ( - 2.562e+02 1 0))
s>        ( QUESTION14 1 -2.624e+02 1.524e+02 1.407e+02
s>            ( - 1.673e+02 1 0)
s>            ( QUESTION2 1 -2.773e+02 1.148e+02 1.327e+02
s>                ( - 1.297e+02 1 0)
s>                ( QUESTION0 1 -2.921e+02 9.876e+01 1.267e+02
s>                    ( - -3.345e+01 3 0)
s>                    ( - -1.599e+02 1 0)))))INFO: dtree.c(1351): Comp split 1
INFO: dtree.c(1483): stop. leaf nodes are specific
INFO: dtree.c(1524): Final simple tree
|( QUESTION14 1 -2.624e+02 1.524e+02 1.407e+02
|    ( - 1.673e+02 1 0)
|    ( QUESTION2 1 -2.773e+02 1.148e+02 1.327e+02
|        ( - 1.297e+02 1 0)
|        ( QUESTION0 1 -2.921e+02 9.876e+01 1.267e+02
|            ( - -3.345e+01 3 0)
|            ( - -1.599e+02 1 0))))
s>    ( QUESTION14 1 -2.624e+02 1.524e+02 1.407e+02
s>        ( - 1.673e+02 1 0)
s>        ( QUESTION2 1 -2.773e+02 1.148e+02 1.327e+02
s>            ( - 1.297e+02 1 0)
s>            ( QUESTION0 1 -2.921e+02 9.876e+01 1.267e+02
s>                ( - -3.345e+01 3 0)
s>                ( - -1.599e+02 1 0))))INFO: dtree.c(1483): stop. leaf nodes are specific
INFO: dtree.c(1524): Final simple tree
|( SILENCE -1 1.557e+02 2.576e+02 7.000e+00
|    ( QUESTION0 1 1.571e+02 1.159e+02 6.000e+00
|        ( - 1.241e+02 1 0)
|        ( - 1.489e+02 1 0))
|    ( - 2.562e+02 1 0))
s>    ( SILENCE -1 1.557e+02 2.576e+02 7.000e+00
s>        ( QUESTION0 1 1.571e+02 1.159e+02 6.000e+00
s>            ( - 1.241e+02 1 0)
s>            ( - 1.489e+02 1 0))
s>        ( - 2.562e+02 1 0))INFO: dtree.c(1351): Comp split 2
INFO: dtree.c(1483): stop. leaf nodes are specific
INFO: dtree.c(1524): Final simple tree
|( QUESTION0_1_R 1 -5.168e+02 1.811e+02 1.451e+02
|    ( - 1.818e+02 1 0)
|    ( QUESTION0_17_R 1 -5.175e+02 1.634e+02 1.361e+02
|        ( - 1.917e+02 1 0)
|        ( QUESTION0_8_R 1 -5.458e+02 1.294e+02 1.281e+02
|            ( - -3.436e+01 1 0)
|            ( QUESTION0_3_R 1 -3.820e+02 1.162e+02 1.111e+02
|                ( - 7.430e+01 1 0)
|                ( QUESTION0_0_R 1 -3.402e+02 1.101e+02 1.001e+02
|                    ( - -2.679e+01 1 0)
|                    ( - -2.033e+02 2 0))))))
s>    ( QUESTION0_1_R 1 -5.168e+02 1.811e+02 1.451e+02
s>        ( - 1.818e+02 1 0)
s>        ( QUESTION0_17_R 1 -5.175e+02 1.634e+02 1.361e+02
s>            ( - 1.917e+02 1 0)
s>            ( QUESTION0_8_R 1 -5.458e+02 1.294e+02 1.281e+02
s>                ( - -3.436e+01 1 0)
s>                ( QUESTION0_3_R 1 -3.820e+02 1.162e+02 1.111e+02
s>                    ( - 7.430e+01 1 0)
s>                    ( QUESTION0_0_R 1 -3.402e+02 1.101e+02 1.001e+02
s>                        ( - -2.679e+01 1 0)
s>                        ( - -2.033e+02 2 0))))))INFO: dtree.c(1483): stop. leaf nodes are specific
INFO: dtree.c(1524): Final simple tree
|( WDBNDRY_E 0 -5.318e+01 2.376e+02 7.402e+01
|    ( QUESTION0_9_R 1 4.683e+01 1.936e+02 5.803e+01
|        ( - 1.770e+02 1 0)
|        ( QUESTION2 1 6.342e+01 1.736e+02 4.503e+01
|            ( QUESTION0_0_R 1 1.586e+02 9.188e+01 1.300e+01
|                ( - 1.134e+02 1 0)
|                ( - 1.370e+02 1 0))
|            ( QUESTION1 1 7.843e+01 1.565e+02 3.203e+01
|                ( - 1.053e+02 1 0)
|                ( SILENCE 1 1.296e+02 1.612e+02 2.603e+01
|                    ( - 1.062e+02 1 0)
|                    ( - 1.846e+02 1 0)))))
|    ( - 1.376e+02 1 0))
s>    ( WDBNDRY_E 0 -5.318e+01 2.376e+02 7.402e+01
s>        ( QUESTION0_9_R 1 4.683e+01 1.936e+02 5.803e+01
s>            ( - 1.770e+02 1 0)
s>            ( QUESTION2 1 6.342e+01 1.736e+02 4.503e+01
s>                ( QUESTION0_0_R 1 1.586e+02 9.188e+01 1.300e+01
s>                    ( - 1.134e+02 1 0)
s>                    ( - 1.370e+02 1 0))
s>                ( QUESTION1 1 7.843e+01 1.565e+02 3.203e+01
s>                    ( - 1.053e+02 1 0)
s>                    ( SILENCE 1 1.296e+02 1.612e+02 2.603e+01
s>                        ( - 1.062e+02 1 0)
s>                        ( - 1.846e+02 1 0)))))
s>        ( - 1.376e+02 1 0))INFO: dtree.c(1351): Comp split 3
INFO: dtree.c(1483): stop. leaf nodes are specific
INFO: dtree.c(1524): Final simple tree
|( QUESTION0 1 1.571e+02 1.159e+02 6.000e+00
|    ( - 1.241e+02 1 0)
|    ( - 1.489e+02 1 0))
s>    ( QUESTION0 1 1.571e+02 1.159e+02 6.000e+00
s>        ( - 1.241e+02 1 0)
s>        ( - 1.489e+02 1 0))INFO: dtree.c(1351): Comp split 4
INFO: dtree.c(1483): stop. leaf nodes are specific
INFO: dtree.c(1524): Final simple tree
|( QUESTION0_9_R 1 4.683e+01 1.936e+02 5.803e+01
|    ( - 1.770e+02 1 0)
|    ( QUESTION2 1 6.342e+01 1.736e+02 4.503e+01
|        ( QUESTION0_0_R 1 1.586e+02 9.188e+01 1.300e+01
|            ( - 1.134e+02 1 0)
|            ( - 1.370e+02 1 0))
|        ( QUESTION1 1 7.843e+01 1.565e+02 3.203e+01
|            ( - 1.053e+02 1 0)
|            ( SILENCE 1 1.296e+02 1.612e+02 2.603e+01
|                ( - 1.062e+02 1 0)
|                ( - 1.846e+02 1 0)))))
s>    ( QUESTION0_9_R 1 4.683e+01 1.936e+02 5.803e+01
s>        ( - 1.770e+02 1 0)
s>        ( QUESTION2 1 6.342e+01 1.736e+02 4.503e+01
s>            ( QUESTION0_0_R 1 1.586e+02 9.188e+01 1.300e+01
s>                ( - 1.134e+02 1 0)
s>                ( - 1.370e+02 1 0))
s>            ( QUESTION1 1 7.843e+01 1.565e+02 3.203e+01
s>                ( - 1.053e+02 1 0)
s>                ( SILENCE 1 1.296e+02 1.612e+02 2.603e+01
s>                    ( - 1.062e+02 1 0)
s>                    ( - 1.846e+02 1 0)))))INFO: dtree.c(1351): Comp split 5
INFO: dtree.c(1483): stop. leaf nodes are specific
INFO: dtree.c(1524): Final simple tree
|( SILENCE 1 1.126e+02 1.782e+02 3.903e+01
|    ( - 1.062e+02 1 0)
|    ( QUESTION0_5_R 1 1.846e+02 1.587e+02 2.600e+01
|        ( - 1.846e+02 1 0)
|        ( QUESTION0_0_R 1 1.586e+02 9.188e+01 1.300e+01
|            ( - 1.134e+02 1 0)
|            ( - 1.370e+02 1 0))))
s>    ( SILENCE 1 1.126e+02 1.782e+02 3.903e+01
s>        ( - 1.062e+02 1 0)
s>        ( QUESTION0_5_R 1 1.846e+02 1.587e+02 2.600e+01
s>            ( - 1.846e+02 1 0)
s>            ( QUESTION0_0_R 1 1.586e+02 9.188e+01 1.300e+01
s>                ( - 1.134e+02 1 0)
s>                ( - 1.370e+02 1 0))))INFO: dtree.c(1483): stop. leaf nodes are specific
INFO: dtree.c(1524): Final simple tree
|( QUESTION0_5_R 1 1.359e+02 1.463e+02 1.900e+01
|    ( - 1.053e+02 1 0)
|    ( - 1.770e+02 1 0))
s>    ( QUESTION0_5_R 1 1.359e+02 1.463e+02 1.900e+01
s>        ( - 1.053e+02 1 0)
s>        ( - 1.770e+02 1 0))INFO: dtree.c(1351): Comp split 6
INFO: dtree.c(1483): stop. leaf nodes are specific
INFO: dtree.c(1524): Final simple tree
|( QUESTION0 1 -2.921e+02 9.876e+01 1.267e+02
|    ( - -3.345e+01 3 0)
|    ( - -1.599e+02 1 0))
s>    ( QUESTION0 1 -2.921e+02 9.876e+01 1.267e+02
s>        ( - -3.345e+01 3 0)
s>        ( - -1.599e+02 1 0))INFO: dtree.c(1483): stop. leaf nodes are specific
INFO: dtree.c(1524): Final simple tree
|( QUESTION2 1 2.155e+02 8.148e+01 1.399e+01
|    ( - 1.297e+02 1 0)
|    ( - 1.673e+02 1 0))
s>    ( QUESTION2 1 2.155e+02 8.148e+01 1.399e+01
s>        ( - 1.297e+02 1 0)
s>        ( - 1.673e+02 1 0))INFO: dtree.c(1351): Comp split 7
INFO: dtree.c(1483): stop. leaf nodes are specific
INFO: dtree.c(1524): Final simple tree
|( QUESTION0_17_R 1 -5.175e+02 1.634e+02 1.361e+02
|    ( - 1.917e+02 1 0)
|    ( QUESTION0_8_R 1 -5.458e+02 1.294e+02 1.281e+02
|        ( - -3.436e+01 1 0)
|        ( QUESTION0_3_R 1 -3.820e+02 1.162e+02 1.111e+02
|            ( - 7.430e+01 1 0)
|            ( QUESTION0_0_R 1 -3.402e+02 1.101e+02 1.001e+02
|                ( - -2.679e+01 1 0)
|                ( - -2.033e+02 2 0)))))
s>    ( QUESTION0_17_R 1 -5.175e+02 1.634e+02 1.361e+02
s>        ( - 1.917e+02 1 0)
s>        ( QUESTION0_8_R 1 -5.458e+02 1.294e+02 1.281e+02
s>            ( - -3.436e+01 1 0)
s>            ( QUESTION0_3_R 1 -3.820e+02 1.162e+02 1.111e+02
s>                ( - 7.430e+01 1 0)
s>                ( QUESTION0_0_R 1 -3.402e+02 1.101e+02 1.001e+02
s>                    ( - -2.679e+01 1 0)
s>                    ( - -2.033e+02 2 0)))))INFO: dtree.c(1351): Comp split 8
INFO: dtree.c(1483): stop. leaf nodes are specific
INFO: dtree.c(1524): Final simple tree
|( QUESTION0_5_R 1 1.846e+02 1.587e+02 2.600e+01
|    ( - 1.846e+02 1 0)
|    ( QUESTION0_0_R 1 1.586e+02 9.188e+01 1.300e+01
|        ( - 1.134e+02 1 0)
|        ( - 1.370e+02 1 0)))
s>    ( QUESTION0_5_R 1 1.846e+02 1.587e+02 2.600e+01
s>        ( - 1.846e+02 1 0)
s>        ( QUESTION0_0_R 1 1.586e+02 9.188e+01 1.300e+01
s>            ( - 1.134e+02 1 0)
s>            ( - 1.370e+02 1 0)))INFO: dtree.c(1351): Comp split 9
INFO: dtree.c(1483): stop. leaf nodes are specific
INFO: dtree.c(1524): Final simple tree
|( QUESTION0_8_R 1 -5.458e+02 1.294e+02 1.281e+02
|    ( - -3.436e+01 1 0)
|    ( QUESTION0_3_R 1 -3.820e+02 1.162e+02 1.111e+02
|        ( - 7.430e+01 1 0)
|        ( QUESTION0_0_R 1 -3.402e+02 1.101e+02 1.001e+02
|            ( - -2.679e+01 1 0)
|            ( - -2.033e+02 2 0))))
s>    ( QUESTION0_8_R 1 -5.458e+02 1.294e+02 1.281e+02
s>        ( - -3.436e+01 1 0)
s>        ( QUESTION0_3_R 1 -3.820e+02 1.162e+02 1.111e+02
s>            ( - 7.430e+01 1 0)
s>            ( QUESTION0_0_R 1 -3.402e+02 1.101e+02 1.001e+02
s>                ( - -2.679e+01 1 0)
s>                ( - -2.033e+02 2 0))))INFO: dtree.c(1351): Comp split 10
INFO: dtree.c(1483): stop. leaf nodes are specific
INFO: dtree.c(1524): Final simple tree
|( QUESTION0_0_R 1 1.586e+02 9.188e+01 1.300e+01
|    ( - 1.134e+02 1 0)
|    ( - 1.370e+02 1 0))
s>    ( QUESTION0_0_R 1 1.586e+02 9.188e+01 1.300e+01
s>        ( - 1.134e+02 1 0)
s>        ( - 1.370e+02 1 0))INFO: dtree.c(1351): Comp split 11
INFO: dtree.c(1351): Comp split 12
INFO: dtree.c(1483): stop. leaf nodes are specific
INFO: dtree.c(1524): Final simple tree
|( QUESTION0_0_R 1 -3.402e+02 1.101e+02 1.001e+02
|    ( - -2.679e+01 1 0)
|    ( - -2.033e+02 2 0))
s>    ( QUESTION0_0_R 1 -3.402e+02 1.101e+02 1.001e+02
s>        ( - -2.679e+01 1 0)
s>        ( - -2.033e+02 2 0))INFO: dtree.c(1483): stop. leaf nodes are specific
INFO: dtree.c(1524): Final simple tree
|( QUESTION0_3_R 1 -7.590e+01 1.158e+02 2.800e+01
|    ( - 7.430e+01 1 0)
|    ( - -3.436e+01 1 0))
s>    ( QUESTION0_3_R 1 -7.590e+01 1.158e+02 2.800e+01
s>        ( - 7.430e+01 1 0)
s>        ( - -3.436e+01 1 0))INFO: dtree.c(1351): Comp split 13
INFO: dtree.c(1351): Comp split 14
INFO: dtree.c(1351): Comp split 15
INFO: dtree.c(1351): Comp split 16
INFO: dtree.c(1351): Comp split 17
INFO: dtree.c(1351): Comp split 18
INFO: dtree.c(1351): Comp split 19
INFO: dtree.c(1354): stop. leaf nodes are specific
Tue May 31 10:28:11 2011
