INFO: cmd_ln.c(691): Parsing command line:
/home/xkrajnan/Plocha/GSoC/PocketSphinx/an4/bin/bldtree \
	-treefn /home/xkrajnan/Plocha/GSoC/PocketSphinx/an4/trees/an4.unpruned/B-1.dtree \
	-moddeffn /home/xkrajnan/Plocha/GSoC/PocketSphinx/an4/model_architecture/an4.untied.mdef \
	-mixwfn /home/xkrajnan/Plocha/GSoC/PocketSphinx/an4/model_parameters/an4.cd_cont_untied/mixture_weights \
	-ts2cbfn .cont. \
	-mwfloor 1e-08 \
	-psetfn /home/xkrajnan/Plocha/GSoC/PocketSphinx/an4/model_architecture/an4.tree_questions \
	-phone B \
	-state 1 \
	-stwt 1.0,0.05,0.0 \
	-meanfn /home/xkrajnan/Plocha/GSoC/PocketSphinx/an4/model_parameters/an4.cd_cont_untied/means \
	-varfn /home/xkrajnan/Plocha/GSoC/PocketSphinx/an4/model_parameters/an4.cd_cont_untied/variances \
	-fullvar no \
	-ssplitmin 1 \
	-ssplitmax 7 \
	-ssplitthr 0 \
	-csplitmin 1 \
	-csplitmax 2000 \
	-csplitthr 0 

Current configuration:
[NAME]		[DEFLT]	[VALUE]
-allphones	no	no
-cntthresh	0.00001	1.000000e-05
-csplitmax	100	2000
-csplitmin	1	1
-csplitthr	8e-4	0.000000e+00
-example	no	no
-fullvar	no	no
-help		no	no
-meanfn			/home/xkrajnan/Plocha/GSoC/PocketSphinx/an4/model_parameters/an4.cd_cont_untied/means
-mixwfn			/home/xkrajnan/Plocha/GSoC/PocketSphinx/an4/model_parameters/an4.cd_cont_untied/mixture_weights
-moddeffn		/home/xkrajnan/Plocha/GSoC/PocketSphinx/an4/model_architecture/an4.untied.mdef
-mwfloor	1e-4	1.000000e-08
-phone			B
-psetfn			/home/xkrajnan/Plocha/GSoC/PocketSphinx/an4/model_architecture/an4.tree_questions
-ssplitmax	5	7
-ssplitmin	1	1
-ssplitthr	8e-4	0.000000e+00
-state			1
-stwt			1.0,0.05,0.0,
-treefn			/home/xkrajnan/Plocha/GSoC/PocketSphinx/an4/trees/an4.unpruned/B-1.dtree
-ts2cbfn	.semi.	.cont.
-varfloor	0.00001	1.000000e-05
-varfn			/home/xkrajnan/Plocha/GSoC/PocketSphinx/an4/model_parameters/an4.cd_cont_untied/variances

INFO: main.c(228): Reading: /home/xkrajnan/Plocha/GSoC/PocketSphinx/an4/model_architecture/an4.untied.mdef
INFO: model_def_io.c(587): Model definition info:
INFO: model_def_io.c(588): 1618 total models defined (34 base, 1584 tri)
INFO: model_def_io.c(589): 6472 total states
INFO: model_def_io.c(590): 4854 total tied states
INFO: model_def_io.c(591): 102 total tied CI states
INFO: model_def_io.c(592): 34 total tied transition matrices
INFO: model_def_io.c(593): 4 max state/model
INFO: model_def_io.c(594): 4 min state/model
INFO: main.c(247): Building trees for [B AH AH i] through [B UW IY b]
INFO: main.c(275): Covering states |[735 788]| == 54
INFO: main.c(282): Reading: /home/xkrajnan/Plocha/GSoC/PocketSphinx/an4/model_parameters/an4.cd_cont_untied/mixture_weights
INFO: s3mixw_io.c(172): Read /home/xkrajnan/Plocha/GSoC/PocketSphinx/an4/model_parameters/an4.cd_cont_untied/mixture_weights [54x1x1 array]
INFO: main.c(320): 18 of 18 models have observation count greater than 0.000010
INFO: main.c(94): nrm stwt: 0.045 0.909 0.045 
INFO: s3gau_io.c(166): Read /home/xkrajnan/Plocha/GSoC/PocketSphinx/an4/model_parameters/an4.cd_cont_untied/means [4854x1x1 array]
INFO: s3gau_io.c(166): Read /home/xkrajnan/Plocha/GSoC/PocketSphinx/an4/model_parameters/an4.cd_cont_untied/variances [4854x1x1 array]
INFO: main.c(576): Reading: /home/xkrajnan/Plocha/GSoC/PocketSphinx/an4/model_architecture/an4.tree_questions
INFO: main.c(619): 180 total simple questions (172 phone; 8 word bndry)
INFO: main.c(621): 42 Left Only questions, and 42 Right Only questions
INFO: dtree.c(1524): Final simple tree
|( QUESTION0_13_R 1 -5.332e+03 1.558e+03 6.045e+02
|    ( WDBNDRY_B 0 -3.049e+03 6.654e+02 4.872e+02
|        ( QUESTION2_0_L -1 -7.652e+02 4.324e+02 3.086e+02
|            ( - -3.308e+02 3 0 QUESTION2_1_L -1 1.242e+02 7.030e+01)
|            ( QUESTION2_17_L -1 -1.948e+00 2.173e+02 2.383e+02
|                ( - -9.555e+01 5 0 QUESTION11 -1 1.373e+02 4.524e+01)
|                ( SILENCE -1 3.110e+02 1.771e+02 1.931e+02
|                    ( - 4.006e+01 1 0)
|                    ( - 4.480e+02 4 0 QUESTION12 -1 1.058e+02 1.339e+02))))
|        ( QUESTION12 1 -1.618e+03 3.072e+02 1.786e+02
|            ( QUESTION12 -1 -1.256e+03 1.408e+02 1.676e+02
|                ( - -1.189e+03 1 0)
|                ( - 7.405e+01 1 0))
|            ( - -5.495e+01 2 0 QUESTION0 -1 1.024e+02 1.100e+01)))
|    ( - -7.248e+02 1 0))
s>    ( QUESTION0_13_R 1 -5.332e+03 1.558e+03 6.045e+02
s>        ( WDBNDRY_B 0 -3.049e+03 6.654e+02 4.872e+02
s>            ( QUESTION2_0_L -1 -7.652e+02 4.324e+02 3.086e+02
s>                ( - -3.308e+02 3 0 QUESTION2_1_L -1 1.242e+02 7.030e+01)
s>                ( QUESTION2_17_L -1 -1.948e+00 2.173e+02 2.383e+02
s>                    ( - -9.555e+01 5 0 QUESTION11 -1 1.373e+02 4.524e+01)
s>                    ( SILENCE -1 3.110e+02 1.771e+02 1.931e+02
s>                        ( - 4.006e+01 1 0)
s>                        ( - 4.480e+02 4 0 QUESTION12 -1 1.058e+02 1.339e+02))))
s>            ( QUESTION12 1 -1.618e+03 3.072e+02 1.786e+02
s>                ( QUESTION12 -1 -1.256e+03 1.408e+02 1.676e+02
s>                    ( - -1.189e+03 1 0)
s>                    ( - 7.405e+01 1 0))
s>                ( - -5.495e+01 2 0 QUESTION0 -1 1.024e+02 1.100e+01)))
s>        ( - -7.248e+02 1 0))INFO: dtree.c(1351): Comp split 0
INFO: dtree.c(1524): Final simple tree
|( QUESTION2_0_L -1 -2.590e+03 6.825e+02 4.692e+02
|    ( WDBNDRY_B 0 -1.905e+03 3.854e+02 2.309e+02
|        ( QUESTION2_1_L -1 -3.308e+02 1.242e+02 7.030e+01
|            ( - -1.973e+02 1 0)
|            ( QUESTION0 -1 -9.272e+00 1.370e+02 2.464e+01
|                ( - 8.341e+01 1 0)
|                ( - 4.435e+01 1 0)))
|        ( - -1.189e+03 1 0))
|    ( QUESTION2_17_L -1 -1.948e+00 2.173e+02 2.383e+02
|        ( QUESTION11 -1 -9.555e+01 1.373e+02 4.524e+01
|            ( - 9.173e+01 1 0)
|            ( - -4.999e+01 4 0 QUESTION0 -1 9.141e+01 4.024e+01))
|        ( SILENCE -1 3.110e+02 1.771e+02 1.931e+02
|            ( - 4.006e+01 1 0)
|            ( - 4.480e+02 4 0 QUESTION12 -1 1.058e+02 1.339e+02))))
s>    ( QUESTION2_0_L -1 -2.590e+03 6.825e+02 4.692e+02
s>        ( WDBNDRY_B 0 -1.905e+03 3.854e+02 2.309e+02
s>            ( QUESTION2_1_L -1 -3.308e+02 1.242e+02 7.030e+01
s>                ( - -1.973e+02 1 0)
s>                ( QUESTION0 -1 -9.272e+00 1.370e+02 2.464e+01
s>                    ( - 8.341e+01 1 0)
s>                    ( - 4.435e+01 1 0)))
s>            ( - -1.189e+03 1 0))
s>        ( QUESTION2_17_L -1 -1.948e+00 2.173e+02 2.383e+02
s>            ( QUESTION11 -1 -9.555e+01 1.373e+02 4.524e+01
s>                ( - 9.173e+01 1 0)
s>                ( - -4.999e+01 4 0 QUESTION0 -1 9.141e+01 4.024e+01))
s>            ( SILENCE -1 3.110e+02 1.771e+02 1.931e+02
s>                ( - 4.006e+01 1 0)
s>                ( - 4.480e+02 4 0 QUESTION12 -1 1.058e+02 1.339e+02))))INFO: dtree.c(1483): stop. leaf nodes are specific
INFO: dtree.c(1524): Final simple tree
|( QUESTION0_13_R 1 -1.073e+03 2.251e+02 1.353e+02
|    ( QUESTION12 1 -1.235e+02 1.426e+02 1.800e+01
|        ( - 7.405e+01 1 0)
|        ( QUESTION0 -1 -5.495e+01 1.024e+02 1.100e+01
|            ( - 6.646e+00 1 0)
|            ( - 4.080e+01 1 0)))
|    ( - -7.248e+02 1 0))
s>    ( QUESTION0_13_R 1 -1.073e+03 2.251e+02 1.353e+02
s>        ( QUESTION12 1 -1.235e+02 1.426e+02 1.800e+01
s>            ( - 7.405e+01 1 0)
s>            ( QUESTION0 -1 -5.495e+01 1.024e+02 1.100e+01
s>                ( - 6.646e+00 1 0)
s>                ( - 4.080e+01 1 0)))
s>        ( - -7.248e+02 1 0))INFO: dtree.c(1351): Comp split 1
INFO: dtree.c(1483): stop. leaf nodes are specific
INFO: dtree.c(1524): Final simple tree
|( SILENCE -1 3.110e+02 1.771e+02 1.931e+02
|    ( - 4.006e+01 1 0)
|    ( QUESTION12 -1 4.480e+02 1.058e+02 1.339e+02
|        ( - 1.279e+02 1 0)
|        ( QUESTION0 -1 4.258e+02 7.488e+01 1.259e+02
|            ( - 4.384e+02 2 0)
|            ( - 6.233e+01 1 0))))
s>    ( SILENCE -1 3.110e+02 1.771e+02 1.931e+02
s>        ( - 4.006e+01 1 0)
s>        ( QUESTION12 -1 4.480e+02 1.058e+02 1.339e+02
s>            ( - 1.279e+02 1 0)
s>            ( QUESTION0 -1 4.258e+02 7.488e+01 1.259e+02
s>                ( - 4.384e+02 2 0)
s>                ( - 6.233e+01 1 0))))INFO: dtree.c(1483): stop. leaf nodes are specific
INFO: dtree.c(1524): Final simple tree
|( WDBNDRY_B 0 -2.177e+03 3.892e+02 2.762e+02
|    ( QUESTION2_0_L -1 -5.989e+02 1.725e+02 1.155e+02
|        ( QUESTION2_1_L -1 -3.308e+02 1.242e+02 7.030e+01
|            ( - -1.973e+02 1 0)
|            ( QUESTION0 -1 -9.272e+00 1.370e+02 2.464e+01
|                ( - 8.341e+01 1 0)
|                ( - 4.435e+01 1 0)))
|        ( QUESTION11 -1 -9.555e+01 1.373e+02 4.524e+01
|            ( - 9.173e+01 1 0)
|            ( QUESTION0 -1 -4.999e+01 9.141e+01 4.024e+01
|                ( - -3.440e+01 3 0)
|                ( - 7.581e+01 1 0))))
|    ( - -1.189e+03 1 0))
s>    ( WDBNDRY_B 0 -2.177e+03 3.892e+02 2.762e+02
s>        ( QUESTION2_0_L -1 -5.989e+02 1.725e+02 1.155e+02
s>            ( QUESTION2_1_L -1 -3.308e+02 1.242e+02 7.030e+01
s>                ( - -1.973e+02 1 0)
s>                ( QUESTION0 -1 -9.272e+00 1.370e+02 2.464e+01
s>                    ( - 8.341e+01 1 0)
s>                    ( - 4.435e+01 1 0)))
s>            ( QUESTION11 -1 -9.555e+01 1.373e+02 4.524e+01
s>                ( - 9.173e+01 1 0)
s>                ( QUESTION0 -1 -4.999e+01 9.141e+01 4.024e+01
s>                    ( - -3.440e+01 3 0)
s>                    ( - 7.581e+01 1 0))))
s>        ( - -1.189e+03 1 0))INFO: dtree.c(1351): Comp split 2
INFO: dtree.c(1483): stop. leaf nodes are specific
INFO: dtree.c(1524): Final simple tree
|( QUESTION2_0_L -1 -5.989e+02 1.725e+02 1.155e+02
|    ( QUESTION2_1_L -1 -3.308e+02 1.242e+02 7.030e+01
|        ( - -1.973e+02 1 0)
|        ( QUESTION0 -1 -9.272e+00 1.370e+02 2.464e+01
|            ( - 8.341e+01 1 0)
|            ( - 4.435e+01 1 0)))
|    ( QUESTION11 -1 -9.555e+01 1.373e+02 4.524e+01
|        ( - 9.173e+01 1 0)
|        ( QUESTION0 -1 -4.999e+01 9.141e+01 4.024e+01
|            ( - -3.440e+01 3 0)
|            ( - 7.581e+01 1 0))))
s>    ( QUESTION2_0_L -1 -5.989e+02 1.725e+02 1.155e+02
s>        ( QUESTION2_1_L -1 -3.308e+02 1.242e+02 7.030e+01
s>            ( - -1.973e+02 1 0)
s>            ( QUESTION0 -1 -9.272e+00 1.370e+02 2.464e+01
s>                ( - 8.341e+01 1 0)
s>                ( - 4.435e+01 1 0)))
s>        ( QUESTION11 -1 -9.555e+01 1.373e+02 4.524e+01
s>            ( - 9.173e+01 1 0)
s>            ( QUESTION0 -1 -4.999e+01 9.141e+01 4.024e+01
s>                ( - -3.440e+01 3 0)
s>                ( - 7.581e+01 1 0))))INFO: dtree.c(1351): Comp split 3
INFO: dtree.c(1483): stop. leaf nodes are specific
INFO: dtree.c(1524): Final simple tree
|( QUESTION12 1 -1.235e+02 1.426e+02 1.800e+01
|    ( - 7.405e+01 1 0)
|    ( QUESTION0 -1 -5.495e+01 1.024e+02 1.100e+01
|        ( - 6.646e+00 1 0)
|        ( - 4.080e+01 1 0)))
s>    ( QUESTION12 1 -1.235e+02 1.426e+02 1.800e+01
s>        ( - 7.405e+01 1 0)
s>        ( QUESTION0 -1 -5.495e+01 1.024e+02 1.100e+01
s>            ( - 6.646e+00 1 0)
s>            ( - 4.080e+01 1 0)))INFO: dtree.c(1351): Comp split 4
INFO: dtree.c(1483): stop. leaf nodes are specific
INFO: dtree.c(1524): Final simple tree
|( QUESTION11 -1 -1.364e+02 1.460e+02 6.241e+01
|    ( - 9.173e+01 1 0)
|    ( QUESTION2_0_L -1 -8.213e+01 1.156e+02 5.741e+01
|        ( - 8.341e+01 1 0)
|        ( QUESTION0 -1 -4.999e+01 9.141e+01 4.024e+01
|            ( - -3.440e+01 3 0)
|            ( - 7.581e+01 1 0))))
s>    ( QUESTION11 -1 -1.364e+02 1.460e+02 6.241e+01
s>        ( - 9.173e+01 1 0)
s>        ( QUESTION2_0_L -1 -8.213e+01 1.156e+02 5.741e+01
s>            ( - 8.341e+01 1 0)
s>            ( QUESTION0 -1 -4.999e+01 9.141e+01 4.024e+01
s>                ( - -3.440e+01 3 0)
s>                ( - 7.581e+01 1 0))))INFO: dtree.c(1483): stop. leaf nodes are specific
INFO: dtree.c(1524): Final simple tree
|( QUESTION0 -1 -2.563e+02 1.033e+02 5.314e+01
|    ( - -1.973e+02 1 0)
|    ( - 4.435e+01 1 0))
s>    ( QUESTION0 -1 -2.563e+02 1.033e+02 5.314e+01
s>        ( - -1.973e+02 1 0)
s>        ( - 4.435e+01 1 0))INFO: dtree.c(1351): Comp split 5
INFO: dtree.c(1483): stop. leaf nodes are specific
INFO: dtree.c(1524): Final simple tree
|( QUESTION12 -1 4.480e+02 1.058e+02 1.339e+02
|    ( - 1.279e+02 1 0)
|    ( QUESTION0 -1 4.258e+02 7.488e+01 1.259e+02
|        ( - 4.384e+02 2 0)
|        ( - 6.233e+01 1 0)))
s>    ( QUESTION12 -1 4.480e+02 1.058e+02 1.339e+02
s>        ( - 1.279e+02 1 0)
s>        ( QUESTION0 -1 4.258e+02 7.488e+01 1.259e+02
s>            ( - 4.384e+02 2 0)
s>            ( - 6.233e+01 1 0)))INFO: dtree.c(1351): Comp split 6
INFO: dtree.c(1483): stop. leaf nodes are specific
INFO: dtree.c(1524): Final simple tree
|( QUESTION2_0_L -1 -8.213e+01 1.156e+02 5.741e+01
|    ( - 8.341e+01 1 0)
|    ( QUESTION0 -1 -4.999e+01 9.141e+01 4.024e+01
|        ( - -3.440e+01 3 0)
|        ( - 7.581e+01 1 0)))
s>    ( QUESTION2_0_L -1 -8.213e+01 1.156e+02 5.741e+01
s>        ( - 8.341e+01 1 0)
s>        ( QUESTION0 -1 -4.999e+01 9.141e+01 4.024e+01
s>            ( - -3.440e+01 3 0)
s>            ( - 7.581e+01 1 0)))INFO: dtree.c(1351): Comp split 7
INFO: dtree.c(1483): stop. leaf nodes are specific
INFO: dtree.c(1524): Final simple tree
|( QUESTION0 -1 -5.495e+01 1.024e+02 1.100e+01
|    ( - 6.646e+00 1 0)
|    ( - 4.080e+01 1 0))
s>    ( QUESTION0 -1 -5.495e+01 1.024e+02 1.100e+01
s>        ( - 6.646e+00 1 0)
s>        ( - 4.080e+01 1 0))INFO: dtree.c(1351): Comp split 8
INFO: dtree.c(1483): stop. leaf nodes are specific
INFO: dtree.c(1524): Final simple tree
|( QUESTION0 -1 6.944e+01 8.979e+01 2.917e+01
|    ( - 8.341e+01 1 0)
|    ( - 7.581e+01 1 0))
s>    ( QUESTION0 -1 6.944e+01 8.979e+01 2.917e+01
s>        ( - 8.341e+01 1 0)
s>        ( - 7.581e+01 1 0))INFO: dtree.c(1351): Comp split 9
INFO: dtree.c(1483): stop. leaf nodes are specific
INFO: dtree.c(1524): Final simple tree
|( QUESTION0 -1 4.258e+02 7.488e+01 1.259e+02
|    ( - 4.384e+02 2 0)
|    ( - 6.233e+01 1 0))
s>    ( QUESTION0 -1 4.258e+02 7.488e+01 1.259e+02
s>        ( - 4.384e+02 2 0)
s>        ( - 6.233e+01 1 0))INFO: dtree.c(1351): Comp split 10
INFO: dtree.c(1351): Comp split 11
INFO: dtree.c(1351): Comp split 12
INFO: dtree.c(1351): Comp split 13
INFO: dtree.c(1351): Comp split 14
INFO: dtree.c(1354): stop. leaf nodes are specific
Tue May 31 10:27:55 2011
