INFO: cmd_ln.c(691): Parsing command line:
/home/xkrajnan/Plocha/GSoC/PocketSphinx/an4/bin/bldtree \
	-treefn /home/xkrajnan/Plocha/GSoC/PocketSphinx/an4/trees/an4.unpruned/K-2.dtree \
	-moddeffn /home/xkrajnan/Plocha/GSoC/PocketSphinx/an4/model_architecture/an4.untied.mdef \
	-mixwfn /home/xkrajnan/Plocha/GSoC/PocketSphinx/an4/model_parameters/an4.cd_cont_untied/mixture_weights \
	-ts2cbfn .cont. \
	-mwfloor 1e-08 \
	-psetfn /home/xkrajnan/Plocha/GSoC/PocketSphinx/an4/model_architecture/an4.tree_questions \
	-phone K \
	-state 2 \
	-stwt 1.0,0.05,0.0 \
	-meanfn /home/xkrajnan/Plocha/GSoC/PocketSphinx/an4/model_parameters/an4.cd_cont_untied/means \
	-varfn /home/xkrajnan/Plocha/GSoC/PocketSphinx/an4/model_parameters/an4.cd_cont_untied/variances \
	-fullvar no \
	-ssplitmin 1 \
	-ssplitmax 7 \
	-ssplitthr 0 \
	-csplitmin 1 \
	-csplitmax 2000 \
	-csplitthr 0 

Current configuration:
[NAME]		[DEFLT]	[VALUE]
-allphones	no	no
-cntthresh	0.00001	1.000000e-05
-csplitmax	100	2000
-csplitmin	1	1
-csplitthr	8e-4	0.000000e+00
-example	no	no
-fullvar	no	no
-help		no	no
-meanfn			/home/xkrajnan/Plocha/GSoC/PocketSphinx/an4/model_parameters/an4.cd_cont_untied/means
-mixwfn			/home/xkrajnan/Plocha/GSoC/PocketSphinx/an4/model_parameters/an4.cd_cont_untied/mixture_weights
-moddeffn		/home/xkrajnan/Plocha/GSoC/PocketSphinx/an4/model_architecture/an4.untied.mdef
-mwfloor	1e-4	1.000000e-08
-phone			K
-psetfn			/home/xkrajnan/Plocha/GSoC/PocketSphinx/an4/model_architecture/an4.tree_questions
-ssplitmax	5	7
-ssplitmin	1	1
-ssplitthr	8e-4	0.000000e+00
-state			2
-stwt			1.0,0.05,0.0,
-treefn			/home/xkrajnan/Plocha/GSoC/PocketSphinx/an4/trees/an4.unpruned/K-2.dtree
-ts2cbfn	.semi.	.cont.
-varfloor	0.00001	1.000000e-05
-varfn			/home/xkrajnan/Plocha/GSoC/PocketSphinx/an4/model_parameters/an4.cd_cont_untied/variances

INFO: main.c(228): Reading: /home/xkrajnan/Plocha/GSoC/PocketSphinx/an4/model_architecture/an4.untied.mdef
INFO: model_def_io.c(587): Model definition info:
INFO: model_def_io.c(588): 1618 total models defined (34 base, 1584 tri)
INFO: model_def_io.c(589): 6472 total states
INFO: model_def_io.c(590): 4854 total tied states
INFO: model_def_io.c(591): 102 total tied CI states
INFO: model_def_io.c(592): 34 total tied transition matrices
INFO: model_def_io.c(593): 4 max state/model
INFO: model_def_io.c(594): 4 min state/model
INFO: main.c(247): Building trees for [K AA T i] through [K UW Y b]
INFO: main.c(275): Covering states |[2733 2825]| == 93
INFO: main.c(282): Reading: /home/xkrajnan/Plocha/GSoC/PocketSphinx/an4/model_parameters/an4.cd_cont_untied/mixture_weights
INFO: s3mixw_io.c(172): Read /home/xkrajnan/Plocha/GSoC/PocketSphinx/an4/model_parameters/an4.cd_cont_untied/mixture_weights [93x1x1 array]
INFO: main.c(320): 31 of 31 models have observation count greater than 0.000010
INFO: main.c(94): nrm stwt: 0.000 0.048 0.952 
INFO: s3gau_io.c(166): Read /home/xkrajnan/Plocha/GSoC/PocketSphinx/an4/model_parameters/an4.cd_cont_untied/means [4854x1x1 array]
INFO: s3gau_io.c(166): Read /home/xkrajnan/Plocha/GSoC/PocketSphinx/an4/model_parameters/an4.cd_cont_untied/variances [4854x1x1 array]
INFO: main.c(576): Reading: /home/xkrajnan/Plocha/GSoC/PocketSphinx/an4/model_architecture/an4.tree_questions
INFO: main.c(619): 180 total simple questions (172 phone; 8 word bndry)
INFO: main.c(621): 42 Left Only questions, and 42 Right Only questions
INFO: dtree.c(1524): Final simple tree
|( WDBNDRY_B 0 -1.213e+04 3.471e+03 1.126e+03
|    ( QUESTION2_17_L -1 -2.318e+03 1.970e+02 3.896e+02
|        ( - -6.586e+02 10 0 QUESTION0 -1 1.306e+02 8.964e+01)
|        ( QUESTION2_1_L -1 -1.463e+03 1.578e+02 2.999e+02
|            ( - -4.488e+02 2 0)
|            ( QUESTION0 -1 -8.560e+02 1.731e+02 1.892e+02
|                ( - -1.024e+02 6 0 QUESTION2_0_L -1 9.551e+01 8.791e+01)
|                ( QUESTION2 -1 -5.805e+02 1.472e+02 1.013e+02
|                    ( - 9.403e+01 1 0)
|                    ( - -5.274e+02 8 0 QUESTION0_13_R 1 1.248e+02 9.534e+01)))))
|    ( QUESTION11 1 -6.338e+03 1.607e+02 7.365e+02
|        ( - 1.073e+02 1 0)
|        ( QUESTION0_0_R 1 -6.285e+03 1.608e+02 7.345e+02
|            ( - -6.100e+03 2 0 QUESTION19 -1 1.204e+02 7.285e+02)
|            ( - -2.353e+01 1 0))))
s>    ( WDBNDRY_B 0 -1.213e+04 3.471e+03 1.126e+03
s>        ( QUESTION2_17_L -1 -2.318e+03 1.970e+02 3.896e+02
s>            ( - -6.586e+02 10 0 QUESTION0 -1 1.306e+02 8.964e+01)
s>            ( QUESTION2_1_L -1 -1.463e+03 1.578e+02 2.999e+02
s>                ( - -4.488e+02 2 0)
s>                ( QUESTION0 -1 -8.560e+02 1.731e+02 1.892e+02
s>                    ( - -1.024e+02 6 0 QUESTION2_0_L -1 9.551e+01 8.791e+01)
s>                    ( QUESTION2 -1 -5.805e+02 1.472e+02 1.013e+02
s>                        ( - 9.403e+01 1 0)
s>                        ( - -5.274e+02 8 0 QUESTION0_13_R 1 1.248e+02 9.534e+01)))))
s>        ( QUESTION11 1 -6.338e+03 1.607e+02 7.365e+02
s>            ( - 1.073e+02 1 0)
s>            ( QUESTION0_0_R 1 -6.285e+03 1.608e+02 7.345e+02
s>                ( - -6.100e+03 2 0 QUESTION19 -1 1.204e+02 7.285e+02)
s>                ( - -2.353e+01 1 0))))INFO: dtree.c(1351): Comp split 0
INFO: dtree.c(1483): stop. leaf nodes are specific
INFO: dtree.c(1524): Final simple tree
|( QUESTION0_0_R 1 -6.285e+03 1.608e+02 7.345e+02
|    ( QUESTION19 -1 -6.100e+03 1.204e+02 7.285e+02
|        ( - -5.374e+03 1 0)
|        ( - -6.058e+02 1 0))
|    ( - -2.353e+01 1 0))
s>    ( QUESTION0_0_R 1 -6.285e+03 1.608e+02 7.345e+02
s>        ( QUESTION19 -1 -6.100e+03 1.204e+02 7.285e+02
s>            ( - -5.374e+03 1 0)
s>            ( - -6.058e+02 1 0))
s>        ( - -2.353e+01 1 0))INFO: dtree.c(1524): Final simple tree
|( QUESTION2_17_L -1 -2.371e+03 1.913e+02 3.916e+02
|    ( QUESTION0 -1 -6.586e+02 1.306e+02 8.964e+01
|        ( - -5.998e+02 7 0)
|        ( - 7.184e+01 3 0 QUESTION2 -1 9.396e+01 1.000e+01))
|    ( WDBNDRY_B 0 -1.521e+03 1.654e+02 3.019e+02
|        ( QUESTION2_1_L -1 -1.463e+03 1.578e+02 2.999e+02
|            ( - -4.488e+02 2 0)
|            ( QUESTION0 -1 -8.560e+02 1.731e+02 1.892e+02
|                ( - -1.024e+02 6 0 QUESTION2_0_L -1 9.551e+01 8.791e+01)
|                ( QUESTION2 -1 -5.805e+02 1.472e+02 1.013e+02
|                    ( - 9.403e+01 1 0)
|                    ( QUESTION0_13_R 1 -5.274e+02 1.248e+02 9.534e+01
|                        ( - -4.702e+02 7 0 QUESTION2_0_L -1 1.103e+02 9.234e+01)
|                        ( - 6.760e+01 1 0)))))
|        ( - 1.073e+02 1 0)))
s>    ( QUESTION2_17_L -1 -2.371e+03 1.913e+02 3.916e+02
s>        ( QUESTION0 -1 -6.586e+02 1.306e+02 8.964e+01
s>            ( - -5.998e+02 7 0)
s>            ( - 7.184e+01 3 0 QUESTION2 -1 9.396e+01 1.000e+01))
s>        ( WDBNDRY_B 0 -1.521e+03 1.654e+02 3.019e+02
s>            ( QUESTION2_1_L -1 -1.463e+03 1.578e+02 2.999e+02
s>                ( - -4.488e+02 2 0)
s>                ( QUESTION0 -1 -8.560e+02 1.731e+02 1.892e+02
s>                    ( - -1.024e+02 6 0 QUESTION2_0_L -1 9.551e+01 8.791e+01)
s>                    ( QUESTION2 -1 -5.805e+02 1.472e+02 1.013e+02
s>                        ( - 9.403e+01 1 0)
s>                        ( QUESTION0_13_R 1 -5.274e+02 1.248e+02 9.534e+01
s>                            ( - -4.702e+02 7 0 QUESTION2_0_L -1 1.103e+02 9.234e+01)
s>                            ( - 6.760e+01 1 0)))))
s>            ( - 1.073e+02 1 0)))INFO: dtree.c(1351): Comp split 1
INFO: dtree.c(1483): stop. leaf nodes are specific
INFO: dtree.c(1524): Final simple tree
|( WDBNDRY_B 0 -7.375e+02 1.463e+02 9.464e+01
|    ( QUESTION0 -1 -6.985e+02 1.216e+02 9.264e+01
|        ( - -5.998e+02 7 0)
|        ( QUESTION0_13_R 1 2.296e+01 1.165e+02 1.300e+01
|            ( QUESTION2 -1 7.184e+01 9.396e+01 1.000e+01
|                ( - 8.023e+01 1 0)
|                ( - 8.556e+01 2 0))
|            ( - 6.760e+01 1 0)))
|    ( - 1.073e+02 1 0))
s>    ( WDBNDRY_B 0 -7.375e+02 1.463e+02 9.464e+01
s>        ( QUESTION0 -1 -6.985e+02 1.216e+02 9.264e+01
s>            ( - -5.998e+02 7 0)
s>            ( QUESTION0_13_R 1 2.296e+01 1.165e+02 1.300e+01
s>                ( QUESTION2 -1 7.184e+01 9.396e+01 1.000e+01
s>                    ( - 8.023e+01 1 0)
s>                    ( - 8.556e+01 2 0))
s>                ( - 6.760e+01 1 0)))
s>        ( - 1.073e+02 1 0))INFO: dtree.c(1524): Final simple tree
|( QUESTION2_1_L -1 -1.400e+03 1.586e+02 2.969e+02
|    ( - -4.488e+02 2 0)
|    ( QUESTION0 -1 -7.925e+02 1.678e+02 1.862e+02
|        ( QUESTION2_0_L -1 -1.024e+02 9.551e+01 8.791e+01
|            ( - 1.555e+01 2 0)
|            ( - -2.241e+01 4 0))
|        ( QUESTION2 -1 -5.224e+02 1.462e+02 9.834e+01
|            ( - 9.403e+01 1 0)
|            ( QUESTION2_0_L -1 -4.702e+02 1.103e+02 9.234e+01
|                ( - -2.509e+01 1 0)
|                ( SILENCE -1 -3.348e+02 1.045e+02 8.234e+01
|                    ( - -8.340e+01 2 0)
|                    ( QUESTION12 -1 -1.468e+02 7.742e+01 4.775e+01
|                        ( - -8.775e+01 2 0)
|                        ( - 1.834e+01 2 0)))))))
s>    ( QUESTION2_1_L -1 -1.400e+03 1.586e+02 2.969e+02
s>        ( - -4.488e+02 2 0)
s>        ( QUESTION0 -1 -7.925e+02 1.678e+02 1.862e+02
s>            ( QUESTION2_0_L -1 -1.024e+02 9.551e+01 8.791e+01
s>                ( - 1.555e+01 2 0)
s>                ( - -2.241e+01 4 0))
s>            ( QUESTION2 -1 -5.224e+02 1.462e+02 9.834e+01
s>                ( - 9.403e+01 1 0)
s>                ( QUESTION2_0_L -1 -4.702e+02 1.103e+02 9.234e+01
s>                    ( - -2.509e+01 1 0)
s>                    ( SILENCE -1 -3.348e+02 1.045e+02 8.234e+01
s>                        ( - -8.340e+01 2 0)
s>                        ( QUESTION12 -1 -1.468e+02 7.742e+01 4.775e+01
s>                            ( - -8.775e+01 2 0)
s>                            ( - 1.834e+01 2 0)))))))INFO: dtree.c(1351): Comp split 2
INFO: dtree.c(1483): stop. leaf nodes are specific
INFO: dtree.c(1524): Final simple tree
|( QUESTION1 -1 -1.057e+03 1.388e+02 2.030e+02
|    ( QUESTION2_0_L -1 -2.795e+02 1.076e+02 5.775e+01
|        ( - -2.509e+01 1 0)
|        ( QUESTION12 -1 -1.468e+02 7.742e+01 4.775e+01
|            ( - -8.775e+01 2 0)
|            ( - 1.834e+01 2 0)))
|    ( SILENCE -1 -6.390e+02 1.068e+02 1.453e+02
|        ( - -8.340e+01 2 0)
|        ( - -4.488e+02 2 0)))
s>    ( QUESTION1 -1 -1.057e+03 1.388e+02 2.030e+02
s>        ( QUESTION2_0_L -1 -2.795e+02 1.076e+02 5.775e+01
s>            ( - -2.509e+01 1 0)
s>            ( QUESTION12 -1 -1.468e+02 7.742e+01 4.775e+01
s>                ( - -8.775e+01 2 0)
s>                ( - 1.834e+01 2 0)))
s>        ( SILENCE -1 -6.390e+02 1.068e+02 1.453e+02
s>            ( - -8.340e+01 2 0)
s>            ( - -4.488e+02 2 0)))INFO: dtree.c(1483): stop. leaf nodes are specific
INFO: dtree.c(1524): Final simple tree
|( QUESTION0 -1 -1.480e+02 1.397e+02 9.391e+01
|    ( QUESTION2_0_L -1 -1.024e+02 9.551e+01 8.791e+01
|        ( - 1.555e+01 2 0)
|        ( - -2.241e+01 4 0))
|    ( - 9.403e+01 1 0))
s>    ( QUESTION0 -1 -1.480e+02 1.397e+02 9.391e+01
s>        ( QUESTION2_0_L -1 -1.024e+02 9.551e+01 8.791e+01
s>            ( - 1.555e+01 2 0)
s>            ( - -2.241e+01 4 0))
s>        ( - 9.403e+01 1 0))INFO: dtree.c(1351): Comp split 3
INFO: dtree.c(1483): stop. leaf nodes are specific
INFO: dtree.c(1524): Final simple tree
|( QUESTION19 -1 -6.100e+03 1.204e+02 7.285e+02
|    ( - -5.374e+03 1 0)
|    ( - -6.058e+02 1 0))
s>    ( QUESTION19 -1 -6.100e+03 1.204e+02 7.285e+02
s>        ( - -5.374e+03 1 0)
s>        ( - -6.058e+02 1 0))INFO: dtree.c(1351): Comp split 4
INFO: dtree.c(1483): stop. leaf nodes are specific
INFO: dtree.c(1524): Final simple tree
|( QUESTION0 -1 -6.985e+02 1.216e+02 9.264e+01
|    ( - -5.998e+02 7 0)
|    ( QUESTION0_13_R 1 2.296e+01 1.165e+02 1.300e+01
|        ( QUESTION2 -1 7.184e+01 9.396e+01 1.000e+01
|            ( - 8.023e+01 1 0)
|            ( - 8.556e+01 2 0))
|        ( - 6.760e+01 1 0)))
s>    ( QUESTION0 -1 -6.985e+02 1.216e+02 9.264e+01
s>        ( - -5.998e+02 7 0)
s>        ( QUESTION0_13_R 1 2.296e+01 1.165e+02 1.300e+01
s>            ( QUESTION2 -1 7.184e+01 9.396e+01 1.000e+01
s>                ( - 8.023e+01 1 0)
s>                ( - 8.556e+01 2 0))
s>            ( - 6.760e+01 1 0)))INFO: dtree.c(1351): Comp split 5
INFO: dtree.c(1483): stop. leaf nodes are specific
INFO: dtree.c(1524): Final simple tree
|( QUESTION2_0_L -1 -1.024e+02 9.551e+01 8.791e+01
|    ( - 1.555e+01 2 0)
|    ( - -2.241e+01 4 0))
s>    ( QUESTION2_0_L -1 -1.024e+02 9.551e+01 8.791e+01
s>        ( - 1.555e+01 2 0)
s>        ( - -2.241e+01 4 0))INFO: dtree.c(1351): Comp split 6
INFO: dtree.c(1483): stop. leaf nodes are specific
INFO: dtree.c(1524): Final simple tree
|( SILENCE -1 -6.390e+02 1.068e+02 1.453e+02
|    ( - -8.340e+01 2 0)
|    ( - -4.488e+02 2 0))
s>    ( SILENCE -1 -6.390e+02 1.068e+02 1.453e+02
s>        ( - -8.340e+01 2 0)
s>        ( - -4.488e+02 2 0))INFO: dtree.c(1483): stop. leaf nodes are specific
INFO: dtree.c(1524): Final simple tree
|( QUESTION2_0_L -1 -2.795e+02 1.076e+02 5.775e+01
|    ( - -2.509e+01 1 0)
|    ( QUESTION12 -1 -1.468e+02 7.742e+01 4.775e+01
|        ( - -8.775e+01 2 0)
|        ( - 1.834e+01 2 0)))
s>    ( QUESTION2_0_L -1 -2.795e+02 1.076e+02 5.775e+01
s>        ( - -2.509e+01 1 0)
s>        ( QUESTION12 -1 -1.468e+02 7.742e+01 4.775e+01
s>            ( - -8.775e+01 2 0)
s>            ( - 1.834e+01 2 0)))INFO: dtree.c(1351): Comp split 7
INFO: dtree.c(1483): stop. leaf nodes are specific
INFO: dtree.c(1524): Final simple tree
|( QUESTION2 -1 7.184e+01 9.396e+01 1.000e+01
|    ( - 8.023e+01 1 0)
|    ( - 8.556e+01 2 0))
s>    ( QUESTION2 -1 7.184e+01 9.396e+01 1.000e+01
s>        ( - 8.023e+01 1 0)
s>        ( - 8.556e+01 2 0))INFO: dtree.c(1483): stop. leaf nodes are specific
INFO: dtree.c(1524): Final simple tree
|( QUESTION0_13_R 1 -6.400e+02 1.078e+02 8.264e+01
|    ( - -5.998e+02 7 0)
|    ( - 6.760e+01 1 0))
s>    ( QUESTION0_13_R 1 -6.400e+02 1.078e+02 8.264e+01
s>        ( - -5.998e+02 7 0)
s>        ( - 6.760e+01 1 0))INFO: dtree.c(1351): Comp split 8
INFO: dtree.c(1351): Comp split 9
INFO: dtree.c(1351): Comp split 10
INFO: dtree.c(1483): stop. leaf nodes are specific
INFO: dtree.c(1524): Final simple tree
|( QUESTION12 -1 -1.468e+02 7.742e+01 4.775e+01
|    ( - -8.775e+01 2 0)
|    ( - 1.834e+01 2 0))
s>    ( QUESTION12 -1 -1.468e+02 7.742e+01 4.775e+01
s>        ( - -8.775e+01 2 0)
s>        ( - 1.834e+01 2 0))INFO: dtree.c(1351): Comp split 11
INFO: dtree.c(1351): Comp split 12
INFO: dtree.c(1351): Comp split 13
INFO: dtree.c(1351): Comp split 14
INFO: dtree.c(1351): Comp split 15
INFO: dtree.c(1354): stop. leaf nodes are specific
Tue May 31 10:28:10 2011
