INFO: cmd_ln.c(691): Parsing command line:
/home/xkrajnan/Plocha/GSoC/PocketSphinx/an4/bin/bldtree \
	-treefn /home/xkrajnan/Plocha/GSoC/PocketSphinx/an4/trees/an4.unpruned/EY-0.dtree \
	-moddeffn /home/xkrajnan/Plocha/GSoC/PocketSphinx/an4/model_architecture/an4.untied.mdef \
	-mixwfn /home/xkrajnan/Plocha/GSoC/PocketSphinx/an4/model_parameters/an4.cd_cont_untied/mixture_weights \
	-ts2cbfn .cont. \
	-mwfloor 1e-08 \
	-psetfn /home/xkrajnan/Plocha/GSoC/PocketSphinx/an4/model_architecture/an4.tree_questions \
	-phone EY \
	-state 0 \
	-stwt 1.0,0.05,0.0 \
	-meanfn /home/xkrajnan/Plocha/GSoC/PocketSphinx/an4/model_parameters/an4.cd_cont_untied/means \
	-varfn /home/xkrajnan/Plocha/GSoC/PocketSphinx/an4/model_parameters/an4.cd_cont_untied/variances \
	-fullvar no \
	-ssplitmin 1 \
	-ssplitmax 7 \
	-ssplitthr 0 \
	-csplitmin 1 \
	-csplitmax 2000 \
	-csplitthr 0 

Current configuration:
[NAME]		[DEFLT]	[VALUE]
-allphones	no	no
-cntthresh	0.00001	1.000000e-05
-csplitmax	100	2000
-csplitmin	1	1
-csplitthr	8e-4	0.000000e+00
-example	no	no
-fullvar	no	no
-help		no	no
-meanfn			/home/xkrajnan/Plocha/GSoC/PocketSphinx/an4/model_parameters/an4.cd_cont_untied/means
-mixwfn			/home/xkrajnan/Plocha/GSoC/PocketSphinx/an4/model_parameters/an4.cd_cont_untied/mixture_weights
-moddeffn		/home/xkrajnan/Plocha/GSoC/PocketSphinx/an4/model_architecture/an4.untied.mdef
-mwfloor	1e-4	1.000000e-08
-phone			EY
-psetfn			/home/xkrajnan/Plocha/GSoC/PocketSphinx/an4/model_architecture/an4.tree_questions
-ssplitmax	5	7
-ssplitmin	1	1
-ssplitthr	8e-4	0.000000e+00
-state			0
-stwt			1.0,0.05,0.0,
-treefn			/home/xkrajnan/Plocha/GSoC/PocketSphinx/an4/trees/an4.unpruned/EY-0.dtree
-ts2cbfn	.semi.	.cont.
-varfloor	0.00001	1.000000e-05
-varfn			/home/xkrajnan/Plocha/GSoC/PocketSphinx/an4/model_parameters/an4.cd_cont_untied/variances

INFO: main.c(228): Reading: /home/xkrajnan/Plocha/GSoC/PocketSphinx/an4/model_architecture/an4.untied.mdef
INFO: model_def_io.c(587): Model definition info:
INFO: model_def_io.c(588): 1618 total models defined (34 base, 1584 tri)
INFO: model_def_io.c(589): 6472 total states
INFO: model_def_io.c(590): 4854 total tied states
INFO: model_def_io.c(591): 102 total tied CI states
INFO: model_def_io.c(592): 34 total tied transition matrices
INFO: model_def_io.c(593): 4 max state/model
INFO: model_def_io.c(594): 4 min state/model
INFO: main.c(247): Building trees for [EY AH CH b] through [EY V T b]
INFO: main.c(275): Covering states |[1326 1535]| == 210
INFO: main.c(282): Reading: /home/xkrajnan/Plocha/GSoC/PocketSphinx/an4/model_parameters/an4.cd_cont_untied/mixture_weights
INFO: s3mixw_io.c(172): Read /home/xkrajnan/Plocha/GSoC/PocketSphinx/an4/model_parameters/an4.cd_cont_untied/mixture_weights [210x1x1 array]
INFO: main.c(320): 70 of 70 models have observation count greater than 0.000010
INFO: main.c(94): nrm stwt: 0.952 0.048 0.000 
INFO: s3gau_io.c(166): Read /home/xkrajnan/Plocha/GSoC/PocketSphinx/an4/model_parameters/an4.cd_cont_untied/means [4854x1x1 array]
INFO: s3gau_io.c(166): Read /home/xkrajnan/Plocha/GSoC/PocketSphinx/an4/model_parameters/an4.cd_cont_untied/variances [4854x1x1 array]
INFO: main.c(576): Reading: /home/xkrajnan/Plocha/GSoC/PocketSphinx/an4/model_architecture/an4.tree_questions
INFO: main.c(619): 180 total simple questions (172 phone; 8 word bndry)
INFO: main.c(621): 42 Left Only questions, and 42 Right Only questions
INFO: dtree.c(1524): Final simple tree
|( WDBNDRY_B 0 -3.968e+04 3.811e+03 3.677e+03
|    ( QUESTION2_0_L -1 -3.201e+04 1.727e+03 2.746e+03
|        ( - -1.254e+04 5 0 QUESTION0_0_R 1 3.192e+02 1.365e+03)
|        ( QUESTION2_14_L -1 -1.774e+04 6.940e+02 1.381e+03
|            ( QUESTION2 -1 -7.551e+03 5.061e+02 6.598e+02
|                ( - -1.519e+03 2 0 QUESTION0_0_R 1 2.464e+02 1.527e+02)
|                ( - -5.527e+03 13 0 QUESTION2_17_L -1 3.215e+02 5.071e+02))
|            ( - -9.493e+03 12 0 QUESTION2_10_L -1 3.683e+02 7.209e+02)))
|    ( WDBNDRY_E 0 -3.856e+03 2.765e+03 9.314e+02
|        ( QUESTION2 -1 -3.198e+03 1.853e+03 8.062e+02
|            ( - -1.517e+03 19 0 QUESTION0_7_R 1 1.828e+02 6.119e+02)
|            ( QUESTION12 -1 1.714e+02 4.424e+02 1.943e+02
|                ( - -8.238e+01 2 0 QUESTION0_13_R 1 1.337e+02 1.700e+01)
|                ( - 6.962e+02 16 0 QUESTION0_15_R 1 1.848e+02 1.773e+02)))
|        ( - 2.107e+03 1 0)))
s>    ( WDBNDRY_B 0 -3.968e+04 3.811e+03 3.677e+03
s>        ( QUESTION2_0_L -1 -3.201e+04 1.727e+03 2.746e+03
s>            ( - -1.254e+04 5 0 QUESTION0_0_R 1 3.192e+02 1.365e+03)
s>            ( QUESTION2_14_L -1 -1.774e+04 6.940e+02 1.381e+03
s>                ( QUESTION2 -1 -7.551e+03 5.061e+02 6.598e+02
s>                    ( - -1.519e+03 2 0 QUESTION0_0_R 1 2.464e+02 1.527e+02)
s>                    ( - -5.527e+03 13 0 QUESTION2_17_L -1 3.215e+02 5.071e+02))
s>                ( - -9.493e+03 12 0 QUESTION2_10_L -1 3.683e+02 7.209e+02)))
s>        ( WDBNDRY_E 0 -3.856e+03 2.765e+03 9.314e+02
s>            ( QUESTION2 -1 -3.198e+03 1.853e+03 8.062e+02
s>                ( - -1.517e+03 19 0 QUESTION0_7_R 1 1.828e+02 6.119e+02)
s>                ( QUESTION12 -1 1.714e+02 4.424e+02 1.943e+02
s>                    ( - -8.238e+01 2 0 QUESTION0_13_R 1 1.337e+02 1.700e+01)
s>                    ( - 6.962e+02 16 0 QUESTION0_15_R 1 1.848e+02 1.773e+02)))
s>            ( - 2.107e+03 1 0)))INFO: dtree.c(1351): Comp split 0
INFO: dtree.c(1524): Final simple tree
|( QUESTION2_0_L -1 -3.243e+04 1.741e+03 2.763e+03
|    ( QUESTION0_0_R 1 -1.254e+04 3.192e+02 1.365e+03
|        ( - -1.026e+04 3 0 QUESTION2_1_L -1 2.626e+02 1.013e+03)
|        ( - -1.968e+03 2 0 QUESTION2_1_L -1 1.740e+02 3.525e+02))
|    ( QUESTION2_14_L -1 -1.814e+04 6.927e+02 1.398e+03
|        ( QUESTION2 -1 -7.955e+03 4.714e+02 6.768e+02
|            ( - -1.519e+03 2 0 QUESTION0_0_R 1 2.464e+02 1.527e+02)
|            ( WDBNDRY_B 0 -5.965e+03 3.561e+02 5.241e+02
|                ( QUESTION2_17_L -1 -5.527e+03 3.215e+02 5.071e+02
|                    ( - -3.784e+03 10 0 QUESTION0_0_R 1 1.787e+02 3.460e+02)
|                    ( - -1.422e+03 3 0 QUESTION0_0_R 1 2.465e+02 1.611e+02))
|                ( - -8.238e+01 2 0 QUESTION0_13_R 1 1.337e+02 1.700e+01)))
|        ( QUESTION2_10_L -1 -9.493e+03 3.683e+02 7.209e+02
|            ( - -4.592e+03 6 0 QUESTION0 -1 2.138e+02 3.626e+02)
|            ( - -4.532e+03 6 0 SILENCE -1 2.328e+02 3.583e+02))))
s>    ( QUESTION2_0_L -1 -3.243e+04 1.741e+03 2.763e+03
s>        ( QUESTION0_0_R 1 -1.254e+04 3.192e+02 1.365e+03
s>            ( - -1.026e+04 3 0 QUESTION2_1_L -1 2.626e+02 1.013e+03)
s>            ( - -1.968e+03 2 0 QUESTION2_1_L -1 1.740e+02 3.525e+02))
s>        ( QUESTION2_14_L -1 -1.814e+04 6.927e+02 1.398e+03
s>            ( QUESTION2 -1 -7.955e+03 4.714e+02 6.768e+02
s>                ( - -1.519e+03 2 0 QUESTION0_0_R 1 2.464e+02 1.527e+02)
s>                ( WDBNDRY_B 0 -5.965e+03 3.561e+02 5.241e+02
s>                    ( QUESTION2_17_L -1 -5.527e+03 3.215e+02 5.071e+02
s>                        ( - -3.784e+03 10 0 QUESTION0_0_R 1 1.787e+02 3.460e+02)
s>                        ( - -1.422e+03 3 0 QUESTION0_0_R 1 2.465e+02 1.611e+02))
s>                    ( - -8.238e+01 2 0 QUESTION0_13_R 1 1.337e+02 1.700e+01)))
s>            ( QUESTION2_10_L -1 -9.493e+03 3.683e+02 7.209e+02
s>                ( - -4.592e+03 6 0 QUESTION0 -1 2.138e+02 3.626e+02)
s>                ( - -4.532e+03 6 0 SILENCE -1 2.328e+02 3.583e+02))))INFO: dtree.c(1524): Final simple tree
|( WDBNDRY_E 0 -3.382e+03 2.780e+03 9.144e+02
|    ( QUESTION2 -1 -2.709e+03 1.888e+03 7.892e+02
|        ( QUESTION0_7_R 1 -1.517e+03 1.828e+02 6.119e+02
|            ( - -3.460e+01 1 0)
|            ( - -1.299e+03 18 0 QUESTION0_14_R 1 1.555e+02 5.191e+02))
|        ( QUESTION0_15_R 1 6.962e+02 1.848e+02 1.773e+02
|            ( - 1.186e+02 1 0)
|            ( QUESTION0_3_R 1 7.624e+02 1.696e+02 1.545e+02
|                ( - 1.612e+02 1 0)
|                ( QUESTION4 1 7.709e+02 1.681e+02 1.445e+02
|                    ( - 2.170e+02 1 0)
|                    ( QUESTION0 1 7.219e+02 1.679e+02 1.395e+02
|                        ( - 2.456e+02 5 0 QUESTION0_0_R 1 1.805e+02 5.999e+01)
|                        ( - 6.443e+02 8 0 QUESTION0_13_R 1 1.545e+02 7.949e+01))))))
|    ( - 2.107e+03 1 0))
s>    ( WDBNDRY_E 0 -3.382e+03 2.780e+03 9.144e+02
s>        ( QUESTION2 -1 -2.709e+03 1.888e+03 7.892e+02
s>            ( QUESTION0_7_R 1 -1.517e+03 1.828e+02 6.119e+02
s>                ( - -3.460e+01 1 0)
s>                ( - -1.299e+03 18 0 QUESTION0_14_R 1 1.555e+02 5.191e+02))
s>            ( QUESTION0_15_R 1 6.962e+02 1.848e+02 1.773e+02
s>                ( - 1.186e+02 1 0)
s>                ( QUESTION0_3_R 1 7.624e+02 1.696e+02 1.545e+02
s>                    ( - 1.612e+02 1 0)
s>                    ( QUESTION4 1 7.709e+02 1.681e+02 1.445e+02
s>                        ( - 2.170e+02 1 0)
s>                        ( QUESTION0 1 7.219e+02 1.679e+02 1.395e+02
s>                            ( - 2.456e+02 5 0 QUESTION0_0_R 1 1.805e+02 5.999e+01)
s>                            ( - 6.443e+02 8 0 QUESTION0_13_R 1 1.545e+02 7.949e+01))))))
s>        ( - 2.107e+03 1 0))INFO: dtree.c(1351): Comp split 1
INFO: dtree.c(1524): Final simple tree
|( QUESTION2 -1 -2.709e+03 1.888e+03 7.892e+02
|    ( QUESTION0_7_R 1 -1.517e+03 1.828e+02 6.119e+02
|        ( - -3.460e+01 1 0)
|        ( - -1.299e+03 18 0 QUESTION0_14_R 1 1.555e+02 5.191e+02))
|    ( QUESTION0_15_R 1 6.962e+02 1.848e+02 1.773e+02
|        ( - 1.186e+02 1 0)
|        ( QUESTION0_3_R 1 7.624e+02 1.696e+02 1.545e+02
|            ( - 1.612e+02 1 0)
|            ( QUESTION4 1 7.709e+02 1.681e+02 1.445e+02
|                ( - 2.170e+02 1 0)
|                ( QUESTION0 1 7.219e+02 1.679e+02 1.395e+02
|                    ( QUESTION0_0_R 1 2.456e+02 1.805e+02 5.999e+01
|                        ( - 2.344e+02 2 0 QUESTION0_1_R 1 1.447e+02 2.699e+01)
|                        ( - 1.916e+02 3 0))
|                    ( - 6.443e+02 8 0 QUESTION0_13_R 1 1.545e+02 7.949e+01))))))
s>    ( QUESTION2 -1 -2.709e+03 1.888e+03 7.892e+02
s>        ( QUESTION0_7_R 1 -1.517e+03 1.828e+02 6.119e+02
s>            ( - -3.460e+01 1 0)
s>            ( - -1.299e+03 18 0 QUESTION0_14_R 1 1.555e+02 5.191e+02))
s>        ( QUESTION0_15_R 1 6.962e+02 1.848e+02 1.773e+02
s>            ( - 1.186e+02 1 0)
s>            ( QUESTION0_3_R 1 7.624e+02 1.696e+02 1.545e+02
s>                ( - 1.612e+02 1 0)
s>                ( QUESTION4 1 7.709e+02 1.681e+02 1.445e+02
s>                    ( - 2.170e+02 1 0)
s>                    ( QUESTION0 1 7.219e+02 1.679e+02 1.395e+02
s>                        ( QUESTION0_0_R 1 2.456e+02 1.805e+02 5.999e+01
s>                            ( - 2.344e+02 2 0 QUESTION0_1_R 1 1.447e+02 2.699e+01)
s>                            ( - 1.916e+02 3 0))
s>                        ( - 6.443e+02 8 0 QUESTION0_13_R 1 1.545e+02 7.949e+01))))))INFO: dtree.c(1351): Comp split 2
INFO: dtree.c(1524): Final simple tree
|( QUESTION0_15_R 1 6.962e+02 1.848e+02 1.773e+02
|    ( - 1.186e+02 1 0)
|    ( QUESTION0_3_R 1 7.624e+02 1.696e+02 1.545e+02
|        ( - 1.612e+02 1 0)
|        ( QUESTION4 1 7.709e+02 1.681e+02 1.445e+02
|            ( - 2.170e+02 1 0)
|            ( QUESTION0 1 7.219e+02 1.679e+02 1.395e+02
|                ( QUESTION0_0_R 1 2.456e+02 1.805e+02 5.999e+01
|                    ( - 2.344e+02 2 0 QUESTION0_1_R 1 1.447e+02 2.699e+01)
|                    ( - 1.916e+02 3 0))
|                ( QUESTION0_13_R 1 6.443e+02 1.545e+02 7.949e+01
|                    ( - 2.909e+02 2 0 QUESTION2 1 1.257e+02 2.615e+01)
|                    ( QUESTION8 1 5.079e+02 1.520e+02 5.335e+01
|                        ( - 2.417e+02 2 0 QUESTION0_0_R 1 1.853e+02 1.600e+01)
|                        ( - 4.183e+02 4 0 QUESTION0_9_R 1 1.463e+02 3.734e+01)))))))
s>    ( QUESTION0_15_R 1 6.962e+02 1.848e+02 1.773e+02
s>        ( - 1.186e+02 1 0)
s>        ( QUESTION0_3_R 1 7.624e+02 1.696e+02 1.545e+02
s>            ( - 1.612e+02 1 0)
s>            ( QUESTION4 1 7.709e+02 1.681e+02 1.445e+02
s>                ( - 2.170e+02 1 0)
s>                ( QUESTION0 1 7.219e+02 1.679e+02 1.395e+02
s>                    ( QUESTION0_0_R 1 2.456e+02 1.805e+02 5.999e+01
s>                        ( - 2.344e+02 2 0 QUESTION0_1_R 1 1.447e+02 2.699e+01)
s>                        ( - 1.916e+02 3 0))
s>                    ( QUESTION0_13_R 1 6.443e+02 1.545e+02 7.949e+01
s>                        ( - 2.909e+02 2 0 QUESTION2 1 1.257e+02 2.615e+01)
s>                        ( QUESTION8 1 5.079e+02 1.520e+02 5.335e+01
s>                            ( - 2.417e+02 2 0 QUESTION0_0_R 1 1.853e+02 1.600e+01)
s>                            ( - 4.183e+02 4 0 QUESTION0_9_R 1 1.463e+02 3.734e+01)))))))INFO: dtree.c(1524): Final simple tree
|( QUESTION0_7_R 1 -1.517e+03 1.828e+02 6.119e+02
|    ( - -3.460e+01 1 0)
|    ( QUESTION0_14_R 1 -1.299e+03 1.555e+02 5.191e+02
|        ( - -7.220e+01 4 0 QUESTION10 1 1.320e+02 7.319e+01)
|        ( QUESTION6 1 -1.072e+03 1.511e+02 4.459e+02
|            ( - 1.788e+02 1 0)
|            ( QUESTION4 1 -1.099e+03 1.388e+02 4.399e+02
|                ( - 1.838e+02 1 0)
|                ( QUESTION0_5_R 1 -1.144e+03 1.394e+02 3.927e+02
|                    ( - 1.563e+02 1 0)
|                    ( QUESTION0 1 -1.161e+03 1.374e+02 3.837e+02
|                        ( - -2.862e+02 4 0 QUESTION0_0_R 1 1.323e+02 1.446e+02)
|                        ( QUESTION0_3_R 1 -7.377e+02 1.367e+02 2.391e+02
|                            ( - 4.899e+01 1 0)
|                            ( - -6.499e+02 6 0 QUESTION8 1 1.148e+02 2.196e+02))))))))
s>    ( QUESTION0_7_R 1 -1.517e+03 1.828e+02 6.119e+02
s>        ( - -3.460e+01 1 0)
s>        ( QUESTION0_14_R 1 -1.299e+03 1.555e+02 5.191e+02
s>            ( - -7.220e+01 4 0 QUESTION10 1 1.320e+02 7.319e+01)
s>            ( QUESTION6 1 -1.072e+03 1.511e+02 4.459e+02
s>                ( - 1.788e+02 1 0)
s>                ( QUESTION4 1 -1.099e+03 1.388e+02 4.399e+02
s>                    ( - 1.838e+02 1 0)
s>                    ( QUESTION0_5_R 1 -1.144e+03 1.394e+02 3.927e+02
s>                        ( - 1.563e+02 1 0)
s>                        ( QUESTION0 1 -1.161e+03 1.374e+02 3.837e+02
s>                            ( - -2.862e+02 4 0 QUESTION0_0_R 1 1.323e+02 1.446e+02)
s>                            ( QUESTION0_3_R 1 -7.377e+02 1.367e+02 2.391e+02
s>                                ( - 4.899e+01 1 0)
s>                                ( - -6.499e+02 6 0 QUESTION8 1 1.148e+02 2.196e+02))))))))INFO: dtree.c(1351): Comp split 3
INFO: dtree.c(1524): Final simple tree
|( QUESTION2_14_L -1 -1.814e+04 6.927e+02 1.398e+03
|    ( QUESTION2 -1 -7.955e+03 4.714e+02 6.768e+02
|        ( QUESTION0_0_R 1 -1.519e+03 2.464e+02 1.527e+02
|            ( - -5.702e+01 1 0)
|            ( - -1.215e+03 1 0))
|        ( WDBNDRY_B 0 -5.965e+03 3.561e+02 5.241e+02
|            ( QUESTION2_17_L -1 -5.527e+03 3.215e+02 5.071e+02
|                ( - -3.784e+03 10 0 QUESTION0_0_R 1 1.787e+02 3.460e+02)
|                ( QUESTION0_0_R 1 -1.422e+03 2.465e+02 1.611e+02
|                    ( - 2.451e+02 1 0)
|                    ( - -1.420e+03 2 0 QUESTION12 -1 1.832e+02 1.601e+02)))
|            ( - -8.238e+01 2 0 QUESTION0_13_R 1 1.337e+02 1.700e+01)))
|    ( QUESTION2_10_L -1 -9.493e+03 3.683e+02 7.209e+02
|        ( - -4.592e+03 6 0 QUESTION0 -1 2.138e+02 3.626e+02)
|        ( - -4.532e+03 6 0 SILENCE -1 2.328e+02 3.583e+02)))
s>    ( QUESTION2_14_L -1 -1.814e+04 6.927e+02 1.398e+03
s>        ( QUESTION2 -1 -7.955e+03 4.714e+02 6.768e+02
s>            ( QUESTION0_0_R 1 -1.519e+03 2.464e+02 1.527e+02
s>                ( - -5.702e+01 1 0)
s>                ( - -1.215e+03 1 0))
s>            ( WDBNDRY_B 0 -5.965e+03 3.561e+02 5.241e+02
s>                ( QUESTION2_17_L -1 -5.527e+03 3.215e+02 5.071e+02
s>                    ( - -3.784e+03 10 0 QUESTION0_0_R 1 1.787e+02 3.460e+02)
s>                    ( QUESTION0_0_R 1 -1.422e+03 2.465e+02 1.611e+02
s>                        ( - 2.451e+02 1 0)
s>                        ( - -1.420e+03 2 0 QUESTION12 -1 1.832e+02 1.601e+02)))
s>                ( - -8.238e+01 2 0 QUESTION0_13_R 1 1.337e+02 1.700e+01)))
s>        ( QUESTION2_10_L -1 -9.493e+03 3.683e+02 7.209e+02
s>            ( - -4.592e+03 6 0 QUESTION0 -1 2.138e+02 3.626e+02)
s>            ( - -4.532e+03 6 0 SILENCE -1 2.328e+02 3.583e+02)))INFO: dtree.c(1483): stop. leaf nodes are specific
INFO: dtree.c(1524): Final simple tree
|( QUESTION0_0_R 1 -1.254e+04 3.192e+02 1.365e+03
|    ( QUESTION2_1_L -1 -1.026e+04 2.626e+02 1.013e+03
|        ( - -9.286e+03 1 0)
|        ( QUESTION0 -1 -7.094e+02 3.527e+02 1.000e+02
|            ( - 9.265e+01 1 0)
|            ( - -4.493e+02 1 0)))
|    ( QUESTION2_1_L -1 -1.968e+03 1.740e+02 3.525e+02
|        ( - -1.653e+03 1 0)
|        ( - -1.403e+02 1 0)))
s>    ( QUESTION0_0_R 1 -1.254e+04 3.192e+02 1.365e+03
s>        ( QUESTION2_1_L -1 -1.026e+04 2.626e+02 1.013e+03
s>            ( - -9.286e+03 1 0)
s>            ( QUESTION0 -1 -7.094e+02 3.527e+02 1.000e+02
s>                ( - 9.265e+01 1 0)
s>                ( - -4.493e+02 1 0)))
s>        ( QUESTION2_1_L -1 -1.968e+03 1.740e+02 3.525e+02
s>            ( - -1.653e+03 1 0)
s>            ( - -1.403e+02 1 0)))INFO: dtree.c(1351): Comp split 4
INFO: dtree.c(1483): stop. leaf nodes are specific
INFO: dtree.c(1524): Final simple tree
|( QUESTION2_17_L -1 -5.527e+03 3.215e+02 5.071e+02
|    ( QUESTION0_0_R 1 -3.784e+03 1.787e+02 3.460e+02
|        ( QUESTION0 -1 -1.188e+03 1.427e+02 8.802e+01
|            ( - -9.174e+02 4 0)
|            ( - -1.276e+02 1 0))
|        ( QUESTION0 -1 -2.417e+03 1.359e+02 2.580e+02
|            ( - -2.104e+03 4 0)
|            ( - -1.773e+02 1 0)))
|    ( QUESTION0_0_R 1 -1.422e+03 2.465e+02 1.611e+02
|        ( - 2.451e+02 1 0)
|        ( QUESTION12 -1 -1.420e+03 1.832e+02 1.601e+02
|            ( - -3.094e+02 1 0)
|            ( - -9.274e+02 1 0))))
s>    ( QUESTION2_17_L -1 -5.527e+03 3.215e+02 5.071e+02
s>        ( QUESTION0_0_R 1 -3.784e+03 1.787e+02 3.460e+02
s>            ( QUESTION0 -1 -1.188e+03 1.427e+02 8.802e+01
s>                ( - -9.174e+02 4 0)
s>                ( - -1.276e+02 1 0))
s>            ( QUESTION0 -1 -2.417e+03 1.359e+02 2.580e+02
s>                ( - -2.104e+03 4 0)
s>                ( - -1.773e+02 1 0)))
s>        ( QUESTION0_0_R 1 -1.422e+03 2.465e+02 1.611e+02
s>            ( - 2.451e+02 1 0)
s>            ( QUESTION12 -1 -1.420e+03 1.832e+02 1.601e+02
s>                ( - -3.094e+02 1 0)
s>                ( - -9.274e+02 1 0))))INFO: dtree.c(1524): Final simple tree
|( QUESTION1 -1 -1.179e+04 4.805e+02 8.906e+02
|    ( WDBNDRY_B 0 -3.468e+03 2.835e+02 3.050e+02
|        ( QUESTION2_10_L -1 -3.102e+03 2.580e+02 2.880e+02
|            ( - -2.803e+02 2 0 QUESTION0_0_R 1 1.441e+02 4.143e+01)
|            ( QUESTION5 -1 -2.563e+03 1.975e+02 2.466e+02
|                ( - 3.118e+01 1 0)
|                ( QUESTION3 -1 -2.397e+03 1.619e+02 2.326e+02
|                    ( - -7.168e+02 2 0 QUESTION0_0_R 1 2.388e+02 7.992e+01)
|                    ( - -1.519e+03 2 0 QUESTION0_0_R 1 2.464e+02 1.527e+02))))
|        ( - -8.238e+01 2 0 QUESTION0_13_R 1 1.337e+02 1.700e+01))
|    ( SILENCE -1 -7.842e+03 3.414e+02 5.856e+02
|        ( - -3.402e+03 3 0 QUESTION0_0_R 1 1.467e+02 2.644e+02)
|        ( QUESTION0_0_R 1 -4.098e+03 1.913e+02 3.212e+02
|            ( - -1.163e+03 2 0)
|            ( - -2.744e+03 2 0))))
s>    ( QUESTION1 -1 -1.179e+04 4.805e+02 8.906e+02
s>        ( WDBNDRY_B 0 -3.468e+03 2.835e+02 3.050e+02
s>            ( QUESTION2_10_L -1 -3.102e+03 2.580e+02 2.880e+02
s>                ( - -2.803e+02 2 0 QUESTION0_0_R 1 1.441e+02 4.143e+01)
s>                ( QUESTION5 -1 -2.563e+03 1.975e+02 2.466e+02
s>                    ( - 3.118e+01 1 0)
s>                    ( QUESTION3 -1 -2.397e+03 1.619e+02 2.326e+02
s>                        ( - -7.168e+02 2 0 QUESTION0_0_R 1 2.388e+02 7.992e+01)
s>                        ( - -1.519e+03 2 0 QUESTION0_0_R 1 2.464e+02 1.527e+02))))
s>            ( - -8.238e+01 2 0 QUESTION0_13_R 1 1.337e+02 1.700e+01))
s>        ( SILENCE -1 -7.842e+03 3.414e+02 5.856e+02
s>            ( - -3.402e+03 3 0 QUESTION0_0_R 1 1.467e+02 2.644e+02)
s>            ( QUESTION0_0_R 1 -4.098e+03 1.913e+02 3.212e+02
s>                ( - -1.163e+03 2 0)
s>                ( - -2.744e+03 2 0))))INFO: dtree.c(1351): Comp split 5
INFO: dtree.c(1483): stop. leaf nodes are specific
INFO: dtree.c(1524): Final simple tree
|( QUESTION0_0_R 1 -2.131e+03 2.562e+02 4.216e+02
|    ( - 9.265e+01 1 0)
|    ( QUESTION2_1_L -1 -1.968e+03 1.740e+02 3.525e+02
|        ( - -1.653e+03 1 0)
|        ( - -1.403e+02 1 0)))
s>    ( QUESTION0_0_R 1 -2.131e+03 2.562e+02 4.216e+02
s>        ( - 9.265e+01 1 0)
s>        ( QUESTION2_1_L -1 -1.968e+03 1.740e+02 3.525e+02
s>            ( - -1.653e+03 1 0)
s>            ( - -1.403e+02 1 0)))INFO: dtree.c(1483): stop. leaf nodes are specific
INFO: dtree.c(1524): Final simple tree
|( QUESTION0 -1 -9.920e+03 1.852e+02 9.434e+02
|    ( - -9.286e+03 1 0)
|    ( - -4.493e+02 1 0))
s>    ( QUESTION0 -1 -9.920e+03 1.852e+02 9.434e+02
s>        ( - -9.286e+03 1 0)
s>        ( - -4.493e+02 1 0))INFO: dtree.c(1351): Comp split 6
INFO: dtree.c(1524): Final simple tree
|( WDBNDRY_B 0 -3.468e+03 2.835e+02 3.050e+02
|    ( QUESTION2_10_L -1 -3.102e+03 2.580e+02 2.880e+02
|        ( QUESTION0_0_R 1 -2.803e+02 1.441e+02 4.143e+01
|            ( - 4.916e+01 1 0)
|            ( - -1.853e+02 1 0))
|        ( QUESTION5 -1 -2.563e+03 1.975e+02 2.466e+02
|            ( - 3.118e+01 1 0)
|            ( QUESTION3 -1 -2.397e+03 1.619e+02 2.326e+02
|                ( QUESTION0_0_R 1 -7.168e+02 2.388e+02 7.992e+01
|                    ( - 5.935e+01 1 0)
|                    ( - -5.373e+02 1 0))
|                ( QUESTION0_0_R 1 -1.519e+03 2.464e+02 1.527e+02
|                    ( - -5.702e+01 1 0)
|                    ( - -1.215e+03 1 0)))))
|    ( - -8.238e+01 2 0 QUESTION0_13_R 1 1.337e+02 1.700e+01))
s>    ( WDBNDRY_B 0 -3.468e+03 2.835e+02 3.050e+02
s>        ( QUESTION2_10_L -1 -3.102e+03 2.580e+02 2.880e+02
s>            ( QUESTION0_0_R 1 -2.803e+02 1.441e+02 4.143e+01
s>                ( - 4.916e+01 1 0)
s>                ( - -1.853e+02 1 0))
s>            ( QUESTION5 -1 -2.563e+03 1.975e+02 2.466e+02
s>                ( - 3.118e+01 1 0)
s>                ( QUESTION3 -1 -2.397e+03 1.619e+02 2.326e+02
s>                    ( QUESTION0_0_R 1 -7.168e+02 2.388e+02 7.992e+01
s>                        ( - 5.935e+01 1 0)
s>                        ( - -5.373e+02 1 0))
s>                    ( QUESTION0_0_R 1 -1.519e+03 2.464e+02 1.527e+02
s>                        ( - -5.702e+01 1 0)
s>                        ( - -1.215e+03 1 0)))))
s>        ( - -8.238e+01 2 0 QUESTION0_13_R 1 1.337e+02 1.700e+01))INFO: dtree.c(1483): stop. leaf nodes are specific
INFO: dtree.c(1524): Final simple tree
|( SILENCE -1 -7.842e+03 3.414e+02 5.856e+02
|    ( QUESTION0_0_R 1 -3.402e+03 1.467e+02 2.644e+02
|        ( QUESTION0_3_R 1 -2.114e+03 1.328e+02 1.543e+02
|            ( - -2.075e+03 1 0)
|            ( - 9.397e+01 1 0))
|        ( - -1.142e+03 1 0))
|    ( QUESTION0_0_R 1 -4.098e+03 1.913e+02 3.212e+02
|        ( - -1.163e+03 2 0)
|        ( - -2.744e+03 2 0)))
s>    ( SILENCE -1 -7.842e+03 3.414e+02 5.856e+02
s>        ( QUESTION0_0_R 1 -3.402e+03 1.467e+02 2.644e+02
s>            ( QUESTION0_3_R 1 -2.114e+03 1.328e+02 1.543e+02
s>                ( - -2.075e+03 1 0)
s>                ( - 9.397e+01 1 0))
s>            ( - -1.142e+03 1 0))
s>        ( QUESTION0_0_R 1 -4.098e+03 1.913e+02 3.212e+02
s>            ( - -1.163e+03 2 0)
s>            ( - -2.744e+03 2 0)))INFO: dtree.c(1351): Comp split 7
INFO: dtree.c(1483): stop. leaf nodes are specific
INFO: dtree.c(1524): Final simple tree
|( QUESTION0_0_R 1 -7.183e+02 1.239e+02 1.019e+02
|    ( - -5.702e+01 1 0)
|    ( - -5.373e+02 1 0))
s>    ( QUESTION0_0_R 1 -7.183e+02 1.239e+02 1.019e+02
s>        ( - -5.702e+01 1 0)
s>        ( - -5.373e+02 1 0))INFO: dtree.c(1483): stop. leaf nodes are specific
INFO: dtree.c(1524): Final simple tree
|( QUESTION2_9_L -1 -2.366e+03 2.695e+02 2.031e+02
|    ( QUESTION3 -1 -5.574e+02 2.096e+02 6.737e+01
|        ( QUESTION0_0_R 1 -6.752e+01 1.581e+02 2.594e+01
|            ( - 5.935e+01 1 0)
|            ( - 3.118e+01 1 0))
|        ( QUESTION0_0_R 1 -2.803e+02 1.441e+02 4.143e+01
|            ( - 4.916e+01 1 0)
|            ( - -1.853e+02 1 0)))
|    ( WDBNDRY_B 0 -1.540e+03 2.419e+02 1.357e+02
|        ( - -1.215e+03 1 0)
|        ( QUESTION0_13_R 1 -8.238e+01 1.337e+02 1.700e+01
|            ( - -4.234e+01 1 0)
|            ( - 9.371e+01 1 0))))
s>    ( QUESTION2_9_L -1 -2.366e+03 2.695e+02 2.031e+02
s>        ( QUESTION3 -1 -5.574e+02 2.096e+02 6.737e+01
s>            ( QUESTION0_0_R 1 -6.752e+01 1.581e+02 2.594e+01
s>                ( - 5.935e+01 1 0)
s>                ( - 3.118e+01 1 0))
s>            ( QUESTION0_0_R 1 -2.803e+02 1.441e+02 4.143e+01
s>                ( - 4.916e+01 1 0)
s>                ( - -1.853e+02 1 0)))
s>        ( WDBNDRY_B 0 -1.540e+03 2.419e+02 1.357e+02
s>            ( - -1.215e+03 1 0)
s>            ( QUESTION0_13_R 1 -8.238e+01 1.337e+02 1.700e+01
s>                ( - -4.234e+01 1 0)
s>                ( - 9.371e+01 1 0))))INFO: dtree.c(1351): Comp split 8
INFO: dtree.c(1483): stop. leaf nodes are specific
INFO: dtree.c(1524): Final simple tree
|( QUESTION0_0_R 1 -4.729e+03 1.762e+02 3.454e+02
|    ( QUESTION0_3_R 1 -3.410e+03 1.392e+02 2.352e+02
|        ( SILENCE -1 -3.365e+03 1.275e+02 2.292e+02
|            ( - -2.075e+03 1 0)
|            ( - -1.163e+03 2 0))
|        ( - 9.397e+01 1 0))
|    ( - -1.142e+03 1 0))
s>    ( QUESTION0_0_R 1 -4.729e+03 1.762e+02 3.454e+02
s>        ( QUESTION0_3_R 1 -3.410e+03 1.392e+02 2.352e+02
s>            ( SILENCE -1 -3.365e+03 1.275e+02 2.292e+02
s>                ( - -2.075e+03 1 0)
s>                ( - -1.163e+03 2 0))
s>            ( - 9.397e+01 1 0))
s>        ( - -1.142e+03 1 0))INFO: dtree.c(1351): Comp split 9
INFO: dtree.c(1483): stop. leaf nodes are specific
INFO: dtree.c(1524): Final simple tree
|( QUESTION12 -1 -1.420e+03 1.832e+02 1.601e+02
|    ( - -3.094e+02 1 0)
|    ( - -9.274e+02 1 0))
s>    ( QUESTION12 -1 -1.420e+03 1.832e+02 1.601e+02
s>        ( - -3.094e+02 1 0)
s>        ( - -9.274e+02 1 0))INFO: dtree.c(1483): stop. leaf nodes are specific
INFO: dtree.c(1524): Final simple tree
|( QUESTION2_17_L -1 -3.784e+03 2.449e+02 3.470e+02
|    ( QUESTION0_0_R 1 -3.784e+03 1.787e+02 3.460e+02
|        ( QUESTION0 -1 -1.188e+03 1.427e+02 8.802e+01
|            ( - -9.174e+02 4 0)
|            ( - -1.276e+02 1 0))
|        ( QUESTION0 -1 -2.417e+03 1.359e+02 2.580e+02
|            ( - -2.104e+03 4 0)
|            ( - -1.773e+02 1 0)))
|    ( - 2.451e+02 1 0))
s>    ( QUESTION2_17_L -1 -3.784e+03 2.449e+02 3.470e+02
s>        ( QUESTION0_0_R 1 -3.784e+03 1.787e+02 3.460e+02
s>            ( QUESTION0 -1 -1.188e+03 1.427e+02 8.802e+01
s>                ( - -9.174e+02 4 0)
s>                ( - -1.276e+02 1 0))
s>            ( QUESTION0 -1 -2.417e+03 1.359e+02 2.580e+02
s>                ( - -2.104e+03 4 0)
s>                ( - -1.773e+02 1 0)))
s>        ( - 2.451e+02 1 0))INFO: dtree.c(1351): Comp split 10
INFO: dtree.c(1483): stop. leaf nodes are specific
INFO: dtree.c(1524): Final simple tree
|( WDBNDRY_B 0 -5.753e+02 2.126e+02 5.843e+01
|    ( QUESTION0_0_R 1 -2.803e+02 1.441e+02 4.143e+01
|        ( - 4.916e+01 1 0)
|        ( - -1.853e+02 1 0))
|    ( QUESTION0_13_R 1 -8.238e+01 1.337e+02 1.700e+01
|        ( - -4.234e+01 1 0)
|        ( - 9.371e+01 1 0)))
s>    ( WDBNDRY_B 0 -5.753e+02 2.126e+02 5.843e+01
s>        ( QUESTION0_0_R 1 -2.803e+02 1.441e+02 4.143e+01
s>            ( - 4.916e+01 1 0)
s>            ( - -1.853e+02 1 0))
s>        ( QUESTION0_13_R 1 -8.238e+01 1.337e+02 1.700e+01
s>            ( - -4.234e+01 1 0)
s>            ( - 9.371e+01 1 0)))INFO: dtree.c(1483): stop. leaf nodes are specific
INFO: dtree.c(1524): Final simple tree
|( QUESTION3 -1 -1.511e+03 2.279e+02 1.447e+02
|    ( QUESTION0_0_R 1 -6.752e+01 1.581e+02 2.594e+01
|        ( - 5.935e+01 1 0)
|        ( - 3.118e+01 1 0))
|    ( - -1.215e+03 1 0))
s>    ( QUESTION3 -1 -1.511e+03 2.279e+02 1.447e+02
s>        ( QUESTION0_0_R 1 -6.752e+01 1.581e+02 2.594e+01
s>            ( - 5.935e+01 1 0)
s>            ( - 3.118e+01 1 0))
s>        ( - -1.215e+03 1 0))INFO: dtree.c(1351): Comp split 11
INFO: dtree.c(1483): stop. leaf nodes are specific
INFO: dtree.c(1524): Final simple tree
|( QUESTION0_8_R 1 4.739e+02 1.671e+02 9.196e+01
|    ( - 2.877e+02 1 0)
|    ( QUESTION0_2_R 1 3.534e+02 1.623e+02 8.395e+01
|        ( - 1.990e+02 1 0)
|        ( QUESTION0_15_R 1 3.167e+02 1.510e+02 7.495e+01
|            ( - 1.186e+02 1 0)
|            ( QUESTION0_14_R 1 3.491e+02 1.422e+02 5.213e+01
|                ( - 1.392e+02 1 0)
|                ( QUESTION2 1 3.522e+02 1.344e+02 4.413e+01
|                    ( - 2.154e+02 1 0)
|                    ( QUESTION0_0_R 1 2.711e+02 1.102e+02 3.113e+01
|                        ( - 1.802e+02 1 0)
|                        ( - 2.012e+02 1 0)))))))
s>    ( QUESTION0_8_R 1 4.739e+02 1.671e+02 9.196e+01
s>        ( - 2.877e+02 1 0)
s>        ( QUESTION0_2_R 1 3.534e+02 1.623e+02 8.395e+01
s>            ( - 1.990e+02 1 0)
s>            ( QUESTION0_15_R 1 3.167e+02 1.510e+02 7.495e+01
s>                ( - 1.186e+02 1 0)
s>                ( QUESTION0_14_R 1 3.491e+02 1.422e+02 5.213e+01
s>                    ( - 1.392e+02 1 0)
s>                    ( QUESTION2 1 3.522e+02 1.344e+02 4.413e+01
s>                        ( - 2.154e+02 1 0)
s>                        ( QUESTION0_0_R 1 2.711e+02 1.102e+02 3.113e+01
s>                            ( - 1.802e+02 1 0)
s>                            ( - 2.012e+02 1 0)))))))INFO: dtree.c(1483): stop. leaf nodes are specific
INFO: dtree.c(1524): Final simple tree
|( QUESTION0_3_R 1 4.876e+02 1.783e+02 8.536e+01
|    ( - 1.612e+02 1 0)
|    ( QUESTION4 1 5.048e+02 1.692e+02 7.535e+01
|        ( - 2.170e+02 1 0)
|        ( QUESTION0_0_R 1 4.569e+02 1.530e+02 7.035e+01
|            ( QUESTION0_9_R 1 4.183e+02 1.463e+02 3.734e+01
|                ( - 1.265e+02 1 0)
|                ( QUESTION0_11_R 1 4.380e+02 1.009e+02 3.434e+01
|                    ( - 1.726e+02 1 0)
|                    ( QUESTION0_5_R 1 3.663e+02 9.306e+01 2.734e+01
|                        ( - 3.049e+02 1 0)
|                        ( - 1.544e+02 1 0))))
|            ( - 1.916e+02 3 0))))
s>    ( QUESTION0_3_R 1 4.876e+02 1.783e+02 8.536e+01
s>        ( - 1.612e+02 1 0)
s>        ( QUESTION4 1 5.048e+02 1.692e+02 7.535e+01
s>            ( - 2.170e+02 1 0)
s>            ( QUESTION0_0_R 1 4.569e+02 1.530e+02 7.035e+01
s>                ( QUESTION0_9_R 1 4.183e+02 1.463e+02 3.734e+01
s>                    ( - 1.265e+02 1 0)
s>                    ( QUESTION0_11_R 1 4.380e+02 1.009e+02 3.434e+01
s>                        ( - 1.726e+02 1 0)
s>                        ( QUESTION0_5_R 1 3.663e+02 9.306e+01 2.734e+01
s>                            ( - 3.049e+02 1 0)
s>                            ( - 1.544e+02 1 0))))
s>                ( - 1.916e+02 3 0))))INFO: dtree.c(1351): Comp split 12
INFO: dtree.c(1483): stop. leaf nodes are specific
INFO: dtree.c(1524): Final simple tree
|( QUESTION2_1_L -1 -1.968e+03 1.740e+02 3.525e+02
|    ( - -1.653e+03 1 0)
|    ( - -1.403e+02 1 0))
s>    ( QUESTION2_1_L -1 -1.968e+03 1.740e+02 3.525e+02
s>        ( - -1.653e+03 1 0)
s>        ( - -1.403e+02 1 0))INFO: dtree.c(1351): Comp split 13
INFO: dtree.c(1483): stop. leaf nodes are specific
INFO: dtree.c(1524): Final simple tree
|( QUESTION0_0_R 1 -3.784e+03 1.787e+02 3.460e+02
|    ( QUESTION0 -1 -1.188e+03 1.427e+02 8.802e+01
|        ( - -9.174e+02 4 0)
|        ( - -1.276e+02 1 0))
|    ( QUESTION0 -1 -2.417e+03 1.359e+02 2.580e+02
|        ( - -2.104e+03 4 0)
|        ( - -1.773e+02 1 0)))
s>    ( QUESTION0_0_R 1 -3.784e+03 1.787e+02 3.460e+02
s>        ( QUESTION0 -1 -1.188e+03 1.427e+02 8.802e+01
s>            ( - -9.174e+02 4 0)
s>            ( - -1.276e+02 1 0))
s>        ( QUESTION0 -1 -2.417e+03 1.359e+02 2.580e+02
s>            ( - -2.104e+03 4 0)
s>            ( - -1.773e+02 1 0)))INFO: dtree.c(1351): Comp split 14
INFO: dtree.c(1483): stop. leaf nodes are specific
INFO: dtree.c(1524): Final simple tree
|( QUESTION0 -1 -1.448e+03 1.313e+02 1.021e+02
|    ( - -9.174e+02 4 0)
|    ( QUESTION0_0_R 1 -3.998e+02 9.478e+01 3.613e+01
|        ( - -1.276e+02 1 0)
|        ( - -1.773e+02 1 0)))
s>    ( QUESTION0 -1 -1.448e+03 1.313e+02 1.021e+02
s>        ( - -9.174e+02 4 0)
s>        ( QUESTION0_0_R 1 -3.998e+02 9.478e+01 3.613e+01
s>            ( - -1.276e+02 1 0)
s>            ( - -1.773e+02 1 0)))INFO: dtree.c(1351): Comp split 15
INFO: dtree.c(1483): stop. leaf nodes are specific
INFO: dtree.c(1524): Final simple tree
|( QUESTION0_0_R 1 -6.752e+01 1.581e+02 2.594e+01
|    ( - 5.935e+01 1 0)
|    ( - 3.118e+01 1 0))
s>    ( QUESTION0_0_R 1 -6.752e+01 1.581e+02 2.594e+01
s>        ( - 5.935e+01 1 0)
s>        ( - 3.118e+01 1 0))INFO: dtree.c(1351): Comp split 16
INFO: dtree.c(1524): Final simple tree
|( QUESTION15 1 -1.350e+03 1.704e+02 4.765e+02
|    ( QUESTION0_3_R 1 -9.346e+01 1.079e+02 1.123e+02
|        ( - 4.899e+01 1 0)
|        ( - -3.460e+01 1 0))
|    ( QUESTION0 1 -1.086e+03 1.498e+02 3.642e+02
|        ( QUESTION0_0_R 1 -2.862e+02 1.323e+02 1.446e+02
|            ( - 1.392e+02 1 0)
|            ( - -2.931e+02 3 0))
|        ( QUESTION8 1 -6.499e+02 1.148e+02 2.196e+02
|            ( - 1.092e+02 1 0)
|            ( QUESTION13 1 -6.444e+02 1.087e+02 2.006e+02
|                ( - -1.520e+01 1 0)
|                ( QUESTION0_12_R 1 -5.205e+02 9.419e+01 1.608e+02
|                    ( - 6.214e+01 2 0)
|                    ( - -4.884e+02 2 0 SILENCE 1 8.621e+01 1.280e+02))))))
s>    ( QUESTION15 1 -1.350e+03 1.704e+02 4.765e+02
s>        ( QUESTION0_3_R 1 -9.346e+01 1.079e+02 1.123e+02
s>            ( - 4.899e+01 1 0)
s>            ( - -3.460e+01 1 0))
s>        ( QUESTION0 1 -1.086e+03 1.498e+02 3.642e+02
s>            ( QUESTION0_0_R 1 -2.862e+02 1.323e+02 1.446e+02
s>                ( - 1.392e+02 1 0)
s>                ( - -2.931e+02 3 0))
s>            ( QUESTION8 1 -6.499e+02 1.148e+02 2.196e+02
s>                ( - 1.092e+02 1 0)
s>                ( QUESTION13 1 -6.444e+02 1.087e+02 2.006e+02
s>                    ( - -1.520e+01 1 0)
s>                    ( QUESTION0_12_R 1 -5.205e+02 9.419e+01 1.608e+02
s>                        ( - 6.214e+01 2 0)
s>                        ( - -4.884e+02 2 0 SILENCE 1 8.621e+01 1.280e+02))))))INFO: dtree.c(1483): stop. leaf nodes are specific
INFO: dtree.c(1524): Final simple tree
|( QUESTION0_14_R 1 5.819e+01 1.572e+02 1.354e+02
|    ( QUESTION10 1 -7.220e+01 1.320e+02 7.319e+01
|        ( - 7.197e+01 1 0)
|        ( QUESTION0_15_R 1 -1.213e+01 1.250e+02 5.299e+01
|            ( - -6.261e+01 2 0)
|            ( - 1.754e+02 1 0)))
|    ( QUESTION4 1 2.876e+02 1.473e+02 6.216e+01
|        ( - 1.838e+02 1 0)
|        ( QUESTION0_0_R 1 2.510e+02 8.415e+01 1.502e+01
|            ( - 1.563e+02 1 0)
|            ( - 1.788e+02 1 0))))
s>    ( QUESTION0_14_R 1 5.819e+01 1.572e+02 1.354e+02
s>        ( QUESTION10 1 -7.220e+01 1.320e+02 7.319e+01
s>            ( - 7.197e+01 1 0)
s>            ( QUESTION0_15_R 1 -1.213e+01 1.250e+02 5.299e+01
s>                ( - -6.261e+01 2 0)
s>                ( - 1.754e+02 1 0)))
s>        ( QUESTION4 1 2.876e+02 1.473e+02 6.216e+01
s>            ( - 1.838e+02 1 0)
s>            ( QUESTION0_0_R 1 2.510e+02 8.415e+01 1.502e+01
s>                ( - 1.563e+02 1 0)
s>                ( - 1.788e+02 1 0))))INFO: dtree.c(1351): Comp split 17
INFO: dtree.c(1483): stop. leaf nodes are specific
INFO: dtree.c(1524): Final simple tree
|( QUESTION0_3_R 1 -8.062e+01 1.160e+02 1.730e+02
|    ( - 4.899e+01 1 0)
|    ( QUESTION0_1_R 1 -1.362e+01 1.015e+02 1.535e+02
|        ( - 1.392e+02 1 0)
|        ( QUESTION0_0_R 1 -5.130e+01 7.884e+01 1.256e+02
|            ( - -3.460e+01 1 0)
|            ( - 6.214e+01 2 0))))
s>    ( QUESTION0_3_R 1 -8.062e+01 1.160e+02 1.730e+02
s>        ( - 4.899e+01 1 0)
s>        ( QUESTION0_1_R 1 -1.362e+01 1.015e+02 1.535e+02
s>            ( - 1.392e+02 1 0)
s>            ( QUESTION0_0_R 1 -5.130e+01 7.884e+01 1.256e+02
s>                ( - -3.460e+01 1 0)
s>                ( - 6.214e+01 2 0))))INFO: dtree.c(1483): stop. leaf nodes are specific
INFO: dtree.c(1524): Final simple tree
|( QUESTION0 1 -1.053e+03 1.442e+02 3.035e+02
|    ( - -2.931e+02 3 0)
|    ( QUESTION8 1 -6.157e+02 1.135e+02 1.868e+02
|        ( - 1.092e+02 1 0)
|        ( QUESTION0_12_R 1 -6.114e+02 1.078e+02 1.678e+02
|            ( - -1.520e+01 1 0)
|            ( SILENCE 1 -4.884e+02 8.621e+01 1.280e+02
|                ( - -3.160e+02 1 0)
|                ( - -8.623e+01 1 0)))))
s>    ( QUESTION0 1 -1.053e+03 1.442e+02 3.035e+02
s>        ( - -2.931e+02 3 0)
s>        ( QUESTION8 1 -6.157e+02 1.135e+02 1.868e+02
s>            ( - 1.092e+02 1 0)
s>            ( QUESTION0_12_R 1 -6.114e+02 1.078e+02 1.678e+02
s>                ( - -1.520e+01 1 0)
s>                ( SILENCE 1 -4.884e+02 8.621e+01 1.280e+02
s>                    ( - -3.160e+02 1 0)
s>                    ( - -8.623e+01 1 0)))))INFO: dtree.c(1351): Comp split 18
INFO: dtree.c(1483): stop. leaf nodes are specific
INFO: dtree.c(1524): Final simple tree
|( QUESTION0_13_R 1 -8.238e+01 1.337e+02 1.700e+01
|    ( - -4.234e+01 1 0)
|    ( - 9.371e+01 1 0))
s>    ( QUESTION0_13_R 1 -8.238e+01 1.337e+02 1.700e+01
s>        ( - -4.234e+01 1 0)
s>        ( - 9.371e+01 1 0))INFO: dtree.c(1483): stop. leaf nodes are specific
INFO: dtree.c(1524): Final simple tree
|( QUESTION0_0_R 1 -2.803e+02 1.441e+02 4.143e+01
|    ( - 4.916e+01 1 0)
|    ( - -1.853e+02 1 0))
s>    ( QUESTION0_0_R 1 -2.803e+02 1.441e+02 4.143e+01
s>        ( - 4.916e+01 1 0)
s>        ( - -1.853e+02 1 0))INFO: dtree.c(1351): Comp split 19
INFO: dtree.c(1483): stop. leaf nodes are specific
INFO: dtree.c(1524): Final simple tree
|( QUESTION0_0_R 1 4.569e+02 1.530e+02 7.035e+01
|    ( QUESTION0_9_R 1 4.183e+02 1.463e+02 3.734e+01
|        ( - 1.265e+02 1 0)
|        ( QUESTION0_11_R 1 4.380e+02 1.009e+02 3.434e+01
|            ( - 1.726e+02 1 0)
|            ( QUESTION0_5_R 1 3.663e+02 9.306e+01 2.734e+01
|                ( - 3.049e+02 1 0)
|                ( - 1.544e+02 1 0))))
|    ( - 1.916e+02 3 0))
s>    ( QUESTION0_0_R 1 4.569e+02 1.530e+02 7.035e+01
s>        ( QUESTION0_9_R 1 4.183e+02 1.463e+02 3.734e+01
s>            ( - 1.265e+02 1 0)
s>            ( QUESTION0_11_R 1 4.380e+02 1.009e+02 3.434e+01
s>                ( - 1.726e+02 1 0)
s>                ( QUESTION0_5_R 1 3.663e+02 9.306e+01 2.734e+01
s>                    ( - 3.049e+02 1 0)
s>                    ( - 1.544e+02 1 0))))
s>        ( - 1.916e+02 3 0))INFO: dtree.c(1483): stop. leaf nodes are specific
INFO: dtree.c(1524): Final simple tree
|( QUESTION0_0_R 1 2.238e+02 1.545e+02 1.501e+01
|    ( - 1.612e+02 1 0)
|    ( - 2.170e+02 1 0))
s>    ( QUESTION0_0_R 1 2.238e+02 1.545e+02 1.501e+01
s>        ( - 1.612e+02 1 0)
s>        ( - 2.170e+02 1 0))INFO: dtree.c(1351): Comp split 20
INFO: dtree.c(1351): Comp split 21
INFO: dtree.c(1483): stop. leaf nodes are specific
INFO: dtree.c(1524): Final simple tree
|( QUESTION0_2_R 1 3.200e+02 1.474e+02 4.813e+01
|    ( - 1.990e+02 1 0)
|    ( QUESTION0_14_R 1 2.684e+02 1.419e+02 3.913e+01
|        ( - 1.392e+02 1 0)
|        ( QUESTION0_0_R 1 2.711e+02 1.102e+02 3.113e+01
|            ( - 1.802e+02 1 0)
|            ( - 2.012e+02 1 0))))
s>    ( QUESTION0_2_R 1 3.200e+02 1.474e+02 4.813e+01
s>        ( - 1.990e+02 1 0)
s>        ( QUESTION0_14_R 1 2.684e+02 1.419e+02 3.913e+01
s>            ( - 1.392e+02 1 0)
s>            ( QUESTION0_0_R 1 2.711e+02 1.102e+02 3.113e+01
s>                ( - 1.802e+02 1 0)
s>                ( - 2.012e+02 1 0))))INFO: dtree.c(1483): stop. leaf nodes are specific
INFO: dtree.c(1524): Final simple tree
|( QUESTION0_0_R 1 3.383e+02 1.556e+02 4.382e+01
|    ( - 2.877e+02 1 0)
|    ( QUESTION0_13_R 1 2.062e+02 1.278e+02 3.582e+01
|        ( - 2.154e+02 1 0)
|        ( - 1.186e+02 1 0)))
s>    ( QUESTION0_0_R 1 3.383e+02 1.556e+02 4.382e+01
s>        ( - 2.877e+02 1 0)
s>        ( QUESTION0_13_R 1 2.062e+02 1.278e+02 3.582e+01
s>            ( - 2.154e+02 1 0)
s>            ( - 1.186e+02 1 0)))INFO: dtree.c(1351): Comp split 22
INFO: dtree.c(1351): Comp split 23
INFO: dtree.c(1483): stop. leaf nodes are specific
INFO: dtree.c(1524): Final simple tree
|( QUESTION0_0_R 1 2.510e+02 8.415e+01 1.502e+01
|    ( - 1.563e+02 1 0)
|    ( - 1.788e+02 1 0))
s>    ( QUESTION0_0_R 1 2.510e+02 8.415e+01 1.502e+01
s>        ( - 1.563e+02 1 0)
s>        ( - 1.788e+02 1 0))INFO: dtree.c(1483): stop. leaf nodes are specific
INFO: dtree.c(1524): Final simple tree
|( QUESTION9 1 -9.853e+00 1.315e+02 1.203e+02
|    ( - 1.754e+02 1 0)
|    ( QUESTION0_15_R 1 -5.377e+01 1.265e+02 1.123e+02
|        ( - -6.261e+01 2 0)
|        ( QUESTION0_13_R 1 1.354e+02 1.205e+02 6.735e+01
|            ( - 1.838e+02 1 0)
|            ( - 7.197e+01 1 0))))
s>    ( QUESTION9 1 -9.853e+00 1.315e+02 1.203e+02
s>        ( - 1.754e+02 1 0)
s>        ( QUESTION0_15_R 1 -5.377e+01 1.265e+02 1.123e+02
s>            ( - -6.261e+01 2 0)
s>            ( QUESTION0_13_R 1 1.354e+02 1.205e+02 6.735e+01
s>                ( - 1.838e+02 1 0)
s>                ( - 7.197e+01 1 0))))INFO: dtree.c(1351): Comp split 24
INFO: dtree.c(1483): stop. leaf nodes are specific
INFO: dtree.c(1524): Final simple tree
|( QUESTION0_3_R 1 -3.410e+03 1.392e+02 2.352e+02
|    ( SILENCE -1 -3.365e+03 1.275e+02 2.292e+02
|        ( - -2.075e+03 1 0)
|        ( - -1.163e+03 2 0))
|    ( - 9.397e+01 1 0))
s>    ( QUESTION0_3_R 1 -3.410e+03 1.392e+02 2.352e+02
s>        ( SILENCE -1 -3.365e+03 1.275e+02 2.292e+02
s>            ( - -2.075e+03 1 0)
s>            ( - -1.163e+03 2 0))
s>        ( - 9.397e+01 1 0))INFO: dtree.c(1351): Comp split 25
INFO: dtree.c(1351): Comp split 26
INFO: dtree.c(1483): stop. leaf nodes are specific
INFO: dtree.c(1524): Final simple tree
|( QUESTION0_12_R 1 -6.114e+02 1.078e+02 1.678e+02
|    ( - -1.520e+01 1 0)
|    ( SILENCE 1 -4.884e+02 8.621e+01 1.280e+02
|        ( - -3.160e+02 1 0)
|        ( - -8.623e+01 1 0)))
s>    ( QUESTION0_12_R 1 -6.114e+02 1.078e+02 1.678e+02
s>        ( - -1.520e+01 1 0)
s>        ( SILENCE 1 -4.884e+02 8.621e+01 1.280e+02
s>            ( - -3.160e+02 1 0)
s>            ( - -8.623e+01 1 0)))INFO: dtree.c(1483): stop. leaf nodes are specific
INFO: dtree.c(1524): Final simple tree
|( QUESTION0_0_R 1 -2.783e+02 9.433e+01 1.357e+02
|    ( - 1.092e+02 1 0)
|    ( - -2.931e+02 3 0))
s>    ( QUESTION0_0_R 1 -2.783e+02 9.433e+01 1.357e+02
s>        ( - 1.092e+02 1 0)
s>        ( - -2.931e+02 3 0))INFO: dtree.c(1351): Comp split 27
INFO: dtree.c(1351): Comp split 28
INFO: dtree.c(1483): stop. leaf nodes are specific
INFO: dtree.c(1524): Final simple tree
|( QUESTION0_13_R 1 2.062e+02 1.278e+02 3.582e+01
|    ( - 2.154e+02 1 0)
|    ( - 1.186e+02 1 0))
s>    ( QUESTION0_13_R 1 2.062e+02 1.278e+02 3.582e+01
s>        ( - 2.154e+02 1 0)
s>        ( - 1.186e+02 1 0))INFO: dtree.c(1351): Comp split 29
INFO: dtree.c(1351): Comp split 30
INFO: dtree.c(1483): stop. leaf nodes are specific
INFO: dtree.c(1524): Final simple tree
|( QUESTION0_9_R 1 4.183e+02 1.463e+02 3.734e+01
|    ( - 1.265e+02 1 0)
|    ( QUESTION0_11_R 1 4.380e+02 1.009e+02 3.434e+01
|        ( - 1.726e+02 1 0)
|        ( QUESTION0_5_R 1 3.663e+02 9.306e+01 2.734e+01
|            ( - 3.049e+02 1 0)
|            ( - 1.544e+02 1 0))))
s>    ( QUESTION0_9_R 1 4.183e+02 1.463e+02 3.734e+01
s>        ( - 1.265e+02 1 0)
s>        ( QUESTION0_11_R 1 4.380e+02 1.009e+02 3.434e+01
s>            ( - 1.726e+02 1 0)
s>            ( QUESTION0_5_R 1 3.663e+02 9.306e+01 2.734e+01
s>                ( - 3.049e+02 1 0)
s>                ( - 1.544e+02 1 0))))INFO: dtree.c(1351): Comp split 31
INFO: dtree.c(1483): stop. leaf nodes are specific
INFO: dtree.c(1524): Final simple tree
|( QUESTION0_14_R 1 2.684e+02 1.419e+02 3.913e+01
|    ( - 1.392e+02 1 0)
|    ( QUESTION0_0_R 1 2.711e+02 1.102e+02 3.113e+01
|        ( - 1.802e+02 1 0)
|        ( - 2.012e+02 1 0)))
s>    ( QUESTION0_14_R 1 2.684e+02 1.419e+02 3.913e+01
s>        ( - 1.392e+02 1 0)
s>        ( QUESTION0_0_R 1 2.711e+02 1.102e+02 3.113e+01
s>            ( - 1.802e+02 1 0)
s>            ( - 2.012e+02 1 0)))INFO: dtree.c(1351): Comp split 32
INFO: dtree.c(1483): stop. leaf nodes are specific
INFO: dtree.c(1524): Final simple tree
|( QUESTION0_11_R 1 4.380e+02 1.009e+02 3.434e+01
|    ( - 1.726e+02 1 0)
|    ( QUESTION0_5_R 1 3.663e+02 9.306e+01 2.734e+01
|        ( - 3.049e+02 1 0)
|        ( - 1.544e+02 1 0)))
s>    ( QUESTION0_11_R 1 4.380e+02 1.009e+02 3.434e+01
s>        ( - 1.726e+02 1 0)
s>        ( QUESTION0_5_R 1 3.663e+02 9.306e+01 2.734e+01
s>            ( - 3.049e+02 1 0)
s>            ( - 1.544e+02 1 0)))INFO: dtree.c(1351): Comp split 33
INFO: dtree.c(1351): Comp split 34
INFO: dtree.c(1483): stop. leaf nodes are specific
INFO: dtree.c(1524): Final simple tree
|( QUESTION0_0_R 1 2.711e+02 1.102e+02 3.113e+01
|    ( - 1.802e+02 1 0)
|    ( - 2.012e+02 1 0))
s>    ( QUESTION0_0_R 1 2.711e+02 1.102e+02 3.113e+01
s>        ( - 1.802e+02 1 0)
s>        ( - 2.012e+02 1 0))INFO: dtree.c(1351): Comp split 35
INFO: dtree.c(1483): stop. leaf nodes are specific
INFO: dtree.c(1524): Final simple tree
|( SILENCE -1 -3.365e+03 1.275e+02 2.292e+02
|    ( - -2.075e+03 1 0)
|    ( - -1.163e+03 2 0))
s>    ( SILENCE -1 -3.365e+03 1.275e+02 2.292e+02
s>        ( - -2.075e+03 1 0)
s>        ( - -1.163e+03 2 0))INFO: dtree.c(1351): Comp split 36
INFO: dtree.c(1483): stop. leaf nodes are specific
INFO: dtree.c(1524): Final simple tree
|( QUESTION0_0_R 1 -1.185e+03 9.026e+01 8.015e+01
|    ( - -9.174e+02 4 0)
|    ( - -1.773e+02 1 0))
s>    ( QUESTION0_0_R 1 -1.185e+03 9.026e+01 8.015e+01
s>        ( - -9.174e+02 4 0)
s>        ( - -1.773e+02 1 0))INFO: dtree.c(1351): Comp split 37
INFO: dtree.c(1351): Comp split 38
INFO: dtree.c(1483): stop. leaf nodes are specific
INFO: dtree.c(1524): Final simple tree
|( QUESTION0_13_R 1 1.354e+02 1.205e+02 6.735e+01
|    ( - 1.838e+02 1 0)
|    ( - 7.197e+01 1 0))
s>    ( QUESTION0_13_R 1 1.354e+02 1.205e+02 6.735e+01
s>        ( - 1.838e+02 1 0)
s>        ( - 7.197e+01 1 0))INFO: dtree.c(1483): stop. leaf nodes are specific
INFO: dtree.c(1524): Final simple tree
|( QUESTION0_15_R 1 -1.213e+01 1.250e+02 5.299e+01
|    ( - -6.261e+01 2 0)
|    ( - 1.754e+02 1 0))
s>    ( QUESTION0_15_R 1 -1.213e+01 1.250e+02 5.299e+01
s>        ( - -6.261e+01 2 0)
s>        ( - 1.754e+02 1 0))INFO: dtree.c(1351): Comp split 39
INFO: dtree.c(1351): Comp split 40
INFO: dtree.c(1351): Comp split 41
INFO: dtree.c(1351): Comp split 42
INFO: dtree.c(1351): Comp split 43
INFO: dtree.c(1351): Comp split 44
INFO: dtree.c(1483): stop. leaf nodes are specific
INFO: dtree.c(1524): Final simple tree
|( QUESTION0_0_R 1 -5.130e+01 7.884e+01 1.256e+02
|    ( - -3.460e+01 1 0)
|    ( - 6.214e+01 2 0))
s>    ( QUESTION0_0_R 1 -5.130e+01 7.884e+01 1.256e+02
s>        ( - -3.460e+01 1 0)
s>        ( - 6.214e+01 2 0))INFO: dtree.c(1483): stop. leaf nodes are specific
INFO: dtree.c(1524): Final simple tree
|( QUESTION0_1_R 1 8.699e+01 1.012e+02 4.744e+01
|    ( - 1.392e+02 1 0)
|    ( - 4.899e+01 1 0))
s>    ( QUESTION0_1_R 1 8.699e+01 1.012e+02 4.744e+01
s>        ( - 1.392e+02 1 0)
s>        ( - 4.899e+01 1 0))INFO: dtree.c(1351): Comp split 45
INFO: dtree.c(1351): Comp split 46
INFO: dtree.c(1483): stop. leaf nodes are specific
INFO: dtree.c(1524): Final simple tree
|( SILENCE 1 -4.884e+02 8.621e+01 1.280e+02
|    ( - -3.160e+02 1 0)
|    ( - -8.623e+01 1 0))
s>    ( SILENCE 1 -4.884e+02 8.621e+01 1.280e+02
s>        ( - -3.160e+02 1 0)
s>        ( - -8.623e+01 1 0))INFO: dtree.c(1351): Comp split 47
INFO: dtree.c(1351): Comp split 48
INFO: dtree.c(1483): stop. leaf nodes are specific
INFO: dtree.c(1524): Final simple tree
|( QUESTION0_5_R 1 3.663e+02 9.306e+01 2.734e+01
|    ( - 3.049e+02 1 0)
|    ( - 1.544e+02 1 0))
s>    ( QUESTION0_5_R 1 3.663e+02 9.306e+01 2.734e+01
s>        ( - 3.049e+02 1 0)
s>        ( - 1.544e+02 1 0))INFO: dtree.c(1351): Comp split 49
INFO: dtree.c(1351): Comp split 50
INFO: dtree.c(1351): Comp split 51
INFO: dtree.c(1351): Comp split 52
INFO: dtree.c(1351): Comp split 53
INFO: dtree.c(1351): Comp split 54
INFO: dtree.c(1351): Comp split 55
INFO: dtree.c(1354): stop. leaf nodes are specific
Tue May 31 10:27:59 2011
