INFO: cmd_ln.c(691): Parsing command line:
/home/xkrajnan/Plocha/GSoC/PocketSphinx/rita/bin/init_gau \
	-meanfn /home/xkrajnan/Plocha/GSoC/PocketSphinx/rita/model_parameters/rita.ci_cont_flatinitial/globalmean \
	-ctlfn /home/xkrajnan/Plocha/GSoC/PocketSphinx/rita/etc/rita_train.fileids \
	-part 1 \
	-npart 1 \
	-cepdir /home/xkrajnan/Plocha/GSoC/PocketSphinx/rita/feat \
	-cepext mfc \
	-accumdir /home/xkrajnan/Plocha/GSoC/PocketSphinx/rita/bwaccumdir/rita_buff_1 \
	-agc none \
	-cmn current \
	-varnorm no \
	-feat 1s_c_d_dd \
	-ceplen 13 \
	-fullvar no 

Current configuration:
[NAME]		[DEFLT]		[VALUE]
-accumdir			/home/xkrajnan/Plocha/GSoC/PocketSphinx/rita/bwaccumdir/rita_buff_1
-agc		none		none
-agcthresh	2.0		2.000000e+00
-cepdir				/home/xkrajnan/Plocha/GSoC/PocketSphinx/rita/feat
-cepext		.mfc		mfc
-ceplen		13		13
-cmn		current		current
-cmninit	8.0		8.0
-ctlfn				/home/xkrajnan/Plocha/GSoC/PocketSphinx/rita/etc/rita_train.fileids
-dictfn				
-example	no		no
-fdictfn			
-feat		1s_c_d_dd	1s_c_d_dd
-fullvar	no		no
-help		no		no
-lda				
-ldadim		0		0
-lsnfn				
-meanfn				/home/xkrajnan/Plocha/GSoC/PocketSphinx/rita/model_parameters/rita.ci_cont_flatinitial/globalmean
-moddeffn			
-npart				1
-nskip				0
-part				1
-runlen				0
-scaleseg	no		no
-segdir				
-segext		v8_seg		v8_seg
-svspec				
-ts2cbfn			
-varnorm	no		no

INFO: feat.c(697): Initializing feature stream to type: '1s_c_d_dd', ceplen=13, CMN='current', VARNORM='no', AGC='none'
INFO: cmn.c(142): mean[0]= 12.00, mean[1..12]= 0.0
INFO: corpus.c(1284): Will process all remaining utts starting at 0
INFO: init_gau.c(146): Computing 1x1x1 variance estimates
INFO: s3gau_io.c(166): Read /home/xkrajnan/Plocha/GSoC/PocketSphinx/rita/model_parameters/rita.ci_cont_flatinitial/globalmean [1x1x1 array]
INFO: cmn.c(175): CMN: 10.46 -0.32 -0.18  0.10 -0.27 -0.31 -0.25 -0.16 -0.10 -0.15 -0.04 -0.18 -0.04 
INFO: cmn.c(175): CMN: 10.37 -0.33 -0.17  0.10 -0.27 -0.30 -0.25 -0.15 -0.10 -0.15 -0.04 -0.18 -0.03 
INFO: cmn.c(175): CMN: 11.00 -0.35 -0.18  0.08 -0.30 -0.23 -0.23 -0.24 -0.12 -0.11 -0.13 -0.14 -0.00 
INFO: cmn.c(175): CMN: 10.62 -0.35 -0.19  0.09 -0.28 -0.21 -0.23 -0.22 -0.12 -0.09 -0.12 -0.13  0.01 
INFO: cmn.c(175): CMN: 10.72 -0.39 -0.18  0.09 -0.31 -0.21 -0.21 -0.21 -0.14 -0.10 -0.13 -0.14 -0.01 
INFO: cmn.c(175): CMN: 10.00 -0.29 -0.06  0.08 -0.28 -0.35 -0.22 -0.13 -0.16 -0.05 -0.11 -0.14 -0.04 
INFO: cmn.c(175): CMN: 10.36 -0.32 -0.10  0.06 -0.30 -0.37 -0.23 -0.13 -0.14 -0.05 -0.11 -0.13 -0.02 
INFO: cmn.c(175): CMN: 10.21 -0.37 -0.09 -0.00 -0.41 -0.30 -0.11 -0.19 -0.12 -0.03 -0.12 -0.13 -0.06 
INFO: cmn.c(175): CMN: 10.63 -0.37 -0.18  0.10 -0.27 -0.22 -0.26 -0.22 -0.14 -0.08 -0.11 -0.13 -0.01 
INFO: cmn.c(175): CMN: 10.62 -0.35 -0.19  0.11 -0.30 -0.21 -0.25 -0.18 -0.12 -0.07 -0.11 -0.16  0.00 
INFO: cmn.c(175): CMN: 10.55 -0.36 -0.21  0.10 -0.30 -0.18 -0.25 -0.17 -0.12 -0.05 -0.10 -0.14  0.00 
INFO: cmn.c(175): CMN: 10.62 -0.33 -0.20  0.07 -0.29 -0.19 -0.27 -0.17 -0.10 -0.05 -0.11 -0.12  0.02 
INFO: cmn.c(175): CMN: 11.18 -0.35 -0.19  0.09 -0.21 -0.38 -0.23 -0.12 -0.09 -0.10 -0.10 -0.21 -0.02 
INFO: cmn.c(175): CMN: 11.09 -0.40 -0.16  0.11 -0.19 -0.36 -0.23 -0.13 -0.09 -0.11 -0.11 -0.20  0.00 
INFO: cmn.c(175): CMN: 11.05 -0.37 -0.22  0.10 -0.24 -0.27 -0.24 -0.21 -0.05 -0.09 -0.12 -0.07 -0.01 
INFO: cmn.c(175): CMN: 10.74 -0.39 -0.21  0.11 -0.23 -0.24 -0.25 -0.18 -0.06 -0.10 -0.10 -0.10  0.01 
INFO: cmn.c(175): CMN: 10.28 -0.44 -0.13  0.12 -0.28 -0.18 -0.27 -0.23 -0.12 -0.06 -0.13 -0.11  0.05 
INFO: cmn.c(175): CMN: 10.39 -0.44 -0.15  0.13 -0.27 -0.18 -0.27 -0.22 -0.11 -0.05 -0.12 -0.11  0.04 
INFO: cmn.c(175): CMN: 10.82 -0.47 -0.14  0.11 -0.28 -0.20 -0.24 -0.26 -0.11 -0.09 -0.12 -0.12 -0.00 
INFO: cmn.c(175): CMN: 10.80 -0.43 -0.16  0.10 -0.30 -0.18 -0.30 -0.23 -0.11 -0.11 -0.13 -0.13 -0.00 
INFO: cmn.c(175): CMN: 10.49 -0.42 -0.17  0.19 -0.26 -0.23 -0.25 -0.26 -0.09 -0.06 -0.14 -0.06  0.02 
INFO: cmn.c(175): CMN: 10.51 -0.38 -0.19  0.17 -0.27 -0.19 -0.30 -0.25 -0.07 -0.08 -0.13 -0.06  0.02 
INFO: cmn.c(175): CMN: 10.53 -0.35 -0.19  0.18 -0.28 -0.18 -0.33 -0.24 -0.09 -0.08 -0.13 -0.06  0.02 
INFO: cmn.c(175): CMN: 10.13 -0.40 -0.17  0.18 -0.28 -0.22 -0.28 -0.25 -0.04 -0.09 -0.12 -0.04 -0.02 
INFO: cmn.c(175): CMN: 10.09 -0.37 -0.17  0.19 -0.26 -0.21 -0.29 -0.25 -0.07 -0.08 -0.12 -0.04 -0.01 
INFO: cmn.c(175): CMN:  9.72 -0.42 -0.14  0.27 -0.21 -0.20 -0.35 -0.25 -0.05 -0.05 -0.09 -0.02 -0.02 
INFO: cmn.c(175): CMN: 10.03 -0.38 -0.20  0.22 -0.26 -0.17 -0.30 -0.27 -0.07 -0.07 -0.12 -0.06  0.00 
INFO: cmn.c(175): CMN: 10.29 -0.35 -0.21  0.17 -0.27 -0.17 -0.29 -0.26 -0.03 -0.09 -0.13 -0.05 -0.00 
INFO: cmn.c(175): CMN: 10.71 -0.34 -0.28  0.18 -0.30 -0.16 -0.21 -0.18 -0.18 -0.08 -0.13 -0.14  0.01 
INFO: cmn.c(175): CMN: 10.66 -0.34 -0.26  0.18 -0.28 -0.16 -0.25 -0.19 -0.15 -0.06 -0.13 -0.13  0.04 
INFO: cmn.c(175): CMN: 10.00 -0.53 -0.30  0.13 -0.35 -0.20 -0.25 -0.21 -0.17 -0.05 -0.11 -0.14  0.04 
INFO: cmn.c(175): CMN:  9.89 -0.42 -0.16  0.23 -0.25 -0.17 -0.27 -0.20 -0.12 -0.03 -0.12 -0.10  0.05 
INFO: cmn.c(175): CMN: 10.00 -0.38 -0.18  0.22 -0.28 -0.14 -0.25 -0.20 -0.13 -0.04 -0.13 -0.10  0.05 
INFO: cmn.c(175): CMN: 10.21 -0.44 -0.16  0.23 -0.28 -0.15 -0.25 -0.21 -0.13 -0.04 -0.14 -0.10  0.04 
INFO: cmn.c(175): CMN: 11.28 -0.37 -0.19  0.14 -0.26 -0.33 -0.24 -0.14 -0.09 -0.13 -0.08 -0.16 -0.04 
INFO: cmn.c(175): CMN: 11.05 -0.40 -0.17  0.14 -0.23 -0.31 -0.27 -0.13 -0.05 -0.13 -0.08 -0.13 -0.02 
INFO: cmn.c(175): CMN: 11.32 -0.43 -0.25  0.12 -0.34 -0.23 -0.20 -0.12 -0.18 -0.04 -0.14 -0.16  0.04 
INFO: cmn.c(175): CMN: 11.14 -0.48 -0.19  0.14 -0.28 -0.21 -0.19 -0.13 -0.18 -0.04 -0.13 -0.16  0.05 
INFO: cmn.c(175): CMN: 11.33 -0.45 -0.23  0.13 -0.33 -0.23 -0.19 -0.12 -0.19 -0.05 -0.14 -0.16  0.04 
INFO: cmn.c(175): CMN: 10.81 -0.47 -0.21  0.13 -0.28 -0.21 -0.19 -0.15 -0.13 -0.04 -0.14 -0.11  0.02 
INFO: cmn.c(175): CMN: 10.66 -0.40 -0.21  0.16 -0.27 -0.20 -0.24 -0.19 -0.12 -0.06 -0.13 -0.12  0.02 
INFO: cmn.c(175): CMN: 10.57 -0.37 -0.23  0.13 -0.24 -0.19 -0.24 -0.19 -0.10 -0.06 -0.11 -0.11  0.04 
INFO: cmn.c(175): CMN: 10.54 -0.37 -0.21  0.16 -0.30 -0.15 -0.27 -0.18 -0.10 -0.04 -0.13 -0.09  0.01 
INFO: cmn.c(175): CMN: 10.77 -0.33 -0.19  0.15 -0.26 -0.24 -0.29 -0.28 -0.11 -0.08 -0.15 -0.07  0.03 
INFO: cmn.c(175): CMN: 10.59 -0.36 -0.21  0.16 -0.28 -0.20 -0.30 -0.25 -0.13 -0.07 -0.14 -0.08  0.05 
INFO: cmn.c(175): CMN: 10.44 -0.41 -0.18  0.18 -0.23 -0.20 -0.28 -0.25 -0.09 -0.06 -0.14 -0.06  0.04 
INFO: cmn.c(175): CMN: 10.56 -0.40 -0.21  0.19 -0.28 -0.16 -0.28 -0.19 -0.09 -0.03 -0.14 -0.10  0.02 
INFO: cmn.c(175): CMN: 10.32 -0.33 -0.18  0.17 -0.28 -0.19 -0.32 -0.19 -0.09 -0.04 -0.13 -0.09  0.00 
INFO: cmn.c(175): CMN: 10.37 -0.35 -0.22  0.14 -0.30 -0.17 -0.26 -0.18 -0.11 -0.02 -0.15 -0.09 -0.03 
INFO: cmn.c(175): CMN: 10.67 -0.38 -0.20  0.17 -0.26 -0.32 -0.33 -0.15 -0.03 -0.12 -0.06 -0.15  0.00 
INFO: cmn.c(175): CMN: 10.78 -0.36 -0.20  0.16 -0.29 -0.21 -0.26 -0.26 -0.13 -0.06 -0.12 -0.11  0.01 
INFO: cmn.c(175): CMN: 10.36 -0.36 -0.18  0.21 -0.27 -0.22 -0.26 -0.23 -0.11 -0.06 -0.11 -0.10  0.02 
INFO: cmn.c(175): CMN: 10.91 -0.34 -0.27  0.20 -0.32 -0.18 -0.25 -0.18 -0.20 -0.07 -0.13 -0.13  0.01 
INFO: cmn.c(175): CMN: 10.69 -0.30 -0.23  0.20 -0.27 -0.17 -0.26 -0.21 -0.18 -0.06 -0.11 -0.12  0.02 
INFO: cmn.c(175): CMN: 10.79 -0.39 -0.24  0.18 -0.31 -0.20 -0.21 -0.20 -0.18 -0.08 -0.12 -0.14  0.02 
INFO: s3gau_io.c(478): Wrote /home/xkrajnan/Plocha/GSoC/PocketSphinx/rita/bwaccumdir/rita_buff_1/gauden_counts with vars (2pass) [1x1x1 vector arrays]
Tue May 31 10:27:10 2011
