INFO: cmd_ln.c(691): Parsing command line:
/home/xkrajnan/Plocha/GSoC/PocketSphinx/rita/bin/norm \
	-accumdir /home/xkrajnan/Plocha/GSoC/PocketSphinx/rita/bwaccumdir/rita_buff_1 \
	-meanfn /home/xkrajnan/Plocha/GSoC/PocketSphinx/rita/model_parameters/rita.ci_cont_flatinitial/globalmean 

Current configuration:
[NAME]		[DEFLT]	[VALUE]
-accumdir		/home/xkrajnan/Plocha/GSoC/PocketSphinx/rita/bwaccumdir/rita_buff_1,
-constE		3.0	3.000000e+00
-dcountfn		
-example	no	no
-fullvar	no	no
-help		no	no
-inmeanfn		
-inmixwfn		
-invarfn		
-meanfn			/home/xkrajnan/Plocha/GSoC/PocketSphinx/rita/model_parameters/rita.ci_cont_flatinitial/globalmean
-mixwfn			
-mmie		no	no
-oaccumdir		
-regmatfn		
-tiedvar	no	no
-tmatfn			
-varfn			

INFO: main.c(161): No -mixwfn specified, will skip if any
INFO: main.c(164): No -tmatfn specified, will skip if any
INFO: main.c(170): No -varfn specified, will skip if any
INFO: main.c(223): Reading and accumulating counts from /home/xkrajnan/Plocha/GSoC/PocketSphinx/rita/bwaccumdir/rita_buff_1
INFO: s3gau_io.c(379): Read /home/xkrajnan/Plocha/GSoC/PocketSphinx/rita/bwaccumdir/rita_buff_1/gauden_counts with means [1x1x1 vector arrays]
INFO: main.c(337): -2passvar yes
INFO: main.c(433): Normalizing mean for n_mgau= 1, n_stream= 1, n_density= 1
INFO: s3gau_io.c(226): Wrote /home/xkrajnan/Plocha/GSoC/PocketSphinx/rita/model_parameters/rita.ci_cont_flatinitial/globalmean [1x1x1 array]
Tue May 31 10:45:22 2011
