INFO: cmd_ln.c(691): Parsing command line:
/home/xkrajnan/Plocha/GSoC/PocketSphinx/rita/bin/mk_mdef_gen \
	-phnlstfn /home/xkrajnan/Plocha/GSoC/PocketSphinx/rita/model_architecture/rita.phonelist \
	-ocimdef /home/xkrajnan/Plocha/GSoC/PocketSphinx/rita/model_architecture/rita.ci.mdef \
	-n_state_pm 3 

Current configuration:
[NAME]		[DEFLT]	[VALUE]
-dictfn			
-example	no	no
-fdictfn		
-help		no	no
-ignorewpos	no	no
-inCDmdef		
-inCImdef		
-lsnfn			
-maxtriphones	100000	100000
-minocc		1	1
-n_state_pm	3	3
-oalltphnmdef		
-ocimdef		/home/xkrajnan/Plocha/GSoC/PocketSphinx/rita/model_architecture/rita.ci.mdef
-ocountfn		
-ountiedmdef		
-phnlstfn		/home/xkrajnan/Plocha/GSoC/PocketSphinx/rita/model_architecture/rita.phonelist
-triphnlstfn		

INFO: main.c(91): Will write CI mdef file /home/xkrajnan/Plocha/GSoC/PocketSphinx/rita/model_architecture/rita.ci.mdef
INFO: mk_mdef_gen.c(186): 0 single word triphones in input phone list
INFO: mk_mdef_gen.c(187): 0 word beginning triphones in input phone list
INFO: mk_mdef_gen.c(188): 0 word internal triphones in input phone list
INFO: mk_mdef_gen.c(189): 0 word ending triphones in input phone list
INFO: mk_mdef_gen.c(878): 51 n_base, 0 n_tri
INFO: mk_mdef_gen.c(950): Wrote mdef file /home/xkrajnan/Plocha/GSoC/PocketSphinx/rita/model_architecture/rita.ci.mdef
Tue May 31 10:45:20 2011
