INFO: cmd_ln.c(691): Parsing command line:
/home/xkrajnan/Plocha/GSoC/PocketSphinx/an4/bin/bldtree \
	-treefn /home/xkrajnan/Plocha/GSoC/PocketSphinx/an4/trees/an4.unpruned/S-2.dtree \
	-moddeffn /home/xkrajnan/Plocha/GSoC/PocketSphinx/an4/model_architecture/an4.untied.mdef \
	-mixwfn /home/xkrajnan/Plocha/GSoC/PocketSphinx/an4/model_parameters/an4.cd_cont_untied/mixture_weights \
	-ts2cbfn .cont. \
	-mwfloor 1e-08 \
	-psetfn /home/xkrajnan/Plocha/GSoC/PocketSphinx/an4/model_architecture/an4.tree_questions \
	-phone S \
	-state 2 \
	-stwt 1.0,0.05,0.0 \
	-meanfn /home/xkrajnan/Plocha/GSoC/PocketSphinx/an4/model_parameters/an4.cd_cont_untied/means \
	-varfn /home/xkrajnan/Plocha/GSoC/PocketSphinx/an4/model_parameters/an4.cd_cont_untied/variances \
	-fullvar no \
	-ssplitmin 1 \
	-ssplitmax 7 \
	-ssplitthr 0 \
	-csplitmin 1 \
	-csplitmax 2000 \
	-csplitthr 0 

Current configuration:
[NAME]		[DEFLT]	[VALUE]
-allphones	no	no
-cntthresh	0.00001	1.000000e-05
-csplitmax	100	2000
-csplitmin	1	1
-csplitthr	8e-4	0.000000e+00
-example	no	no
-fullvar	no	no
-help		no	no
-meanfn			/home/xkrajnan/Plocha/GSoC/PocketSphinx/an4/model_parameters/an4.cd_cont_untied/means
-mixwfn			/home/xkrajnan/Plocha/GSoC/PocketSphinx/an4/model_parameters/an4.cd_cont_untied/mixture_weights
-moddeffn		/home/xkrajnan/Plocha/GSoC/PocketSphinx/an4/model_architecture/an4.untied.mdef
-mwfloor	1e-4	1.000000e-08
-phone			S
-psetfn			/home/xkrajnan/Plocha/GSoC/PocketSphinx/an4/model_architecture/an4.tree_questions
-ssplitmax	5	7
-ssplitmin	1	1
-ssplitthr	8e-4	0.000000e+00
-state			2
-stwt			1.0,0.05,0.0,
-treefn			/home/xkrajnan/Plocha/GSoC/PocketSphinx/an4/trees/an4.unpruned/S-2.dtree
-ts2cbfn	.semi.	.cont.
-varfloor	0.00001	1.000000e-05
-varfn			/home/xkrajnan/Plocha/GSoC/PocketSphinx/an4/model_parameters/an4.cd_cont_untied/variances

INFO: main.c(228): Reading: /home/xkrajnan/Plocha/GSoC/PocketSphinx/an4/model_architecture/an4.untied.mdef
INFO: model_def_io.c(587): Model definition info:
INFO: model_def_io.c(588): 1618 total models defined (34 base, 1584 tri)
INFO: model_def_io.c(589): 6472 total states
INFO: model_def_io.c(590): 4854 total tied states
INFO: model_def_io.c(591): 102 total tied CI states
INFO: model_def_io.c(592): 34 total tied transition matrices
INFO: model_def_io.c(593): 4 max state/model
INFO: model_def_io.c(594): 4 min state/model
INFO: main.c(247): Building trees for [S AA T i] through [S V IH b]
INFO: main.c(275): Covering states |[3759 4079]| == 321
INFO: main.c(282): Reading: /home/xkrajnan/Plocha/GSoC/PocketSphinx/an4/model_parameters/an4.cd_cont_untied/mixture_weights
INFO: s3mixw_io.c(172): Read /home/xkrajnan/Plocha/GSoC/PocketSphinx/an4/model_parameters/an4.cd_cont_untied/mixture_weights [321x1x1 array]
INFO: main.c(320): 107 of 107 models have observation count greater than 0.000010
INFO: main.c(94): nrm stwt: 0.000 0.048 0.952 
INFO: s3gau_io.c(166): Read /home/xkrajnan/Plocha/GSoC/PocketSphinx/an4/model_parameters/an4.cd_cont_untied/means [4854x1x1 array]
INFO: s3gau_io.c(166): Read /home/xkrajnan/Plocha/GSoC/PocketSphinx/an4/model_parameters/an4.cd_cont_untied/variances [4854x1x1 array]
INFO: main.c(576): Reading: /home/xkrajnan/Plocha/GSoC/PocketSphinx/an4/model_architecture/an4.tree_questions
INFO: main.c(619): 180 total simple questions (172 phone; 8 word bndry)
INFO: main.c(621): 42 Left Only questions, and 42 Right Only questions
INFO: dtree.c(1524): Final simple tree
|( WDBNDRY_B 0 -1.939e+04 5.539e+03 2.968e+03
|    ( QUESTION2 1 -2.470e+03 1.244e+03 1.176e+03
|        ( - 4.289e+02 1 0)
|        ( QUESTION0_0_R 1 -1.655e+03 1.077e+03 1.103e+03
|            ( - -1.017e+03 15 0 QUESTION2_2_L -1 3.654e+02 4.226e+02)
|            ( QUESTION0 1 4.384e+02 8.054e+02 6.800e+02
|                ( - -5.267e+02 13 0 QUESTION8 -1 1.706e+02 2.083e+02)
|                ( - 1.771e+03 17 0 QUESTION5 -1 2.236e+02 4.717e+02))))
|    ( SILENCE 1 -1.138e+04 2.049e+03 1.792e+03
|        ( - 1.813e+03 2 0 QUESTION2 -1 1.858e+02 4.844e+02)
|        ( QUESTION4 1 -1.114e+04 1.099e+03 1.308e+03
|            ( - -5.202e+02 9 0 WDBNDRY_E 0 4.302e+02 2.448e+02)
|            ( QUESTION6 1 -9.522e+03 7.604e+02 1.063e+03
|                ( - -2.565e+03 6 0 QUESTION0_0_R 1 2.648e+02 3.344e+02)
|                ( - -6.197e+03 44 0 QUESTION0_0_R 1 4.924e+02 7.286e+02)))))
s>    ( WDBNDRY_B 0 -1.939e+04 5.539e+03 2.968e+03
s>        ( QUESTION2 1 -2.470e+03 1.244e+03 1.176e+03
s>            ( - 4.289e+02 1 0)
s>            ( QUESTION0_0_R 1 -1.655e+03 1.077e+03 1.103e+03
s>                ( - -1.017e+03 15 0 QUESTION2_2_L -1 3.654e+02 4.226e+02)
s>                ( QUESTION0 1 4.384e+02 8.054e+02 6.800e+02
s>                    ( - -5.267e+02 13 0 QUESTION8 -1 1.706e+02 2.083e+02)
s>                    ( - 1.771e+03 17 0 QUESTION5 -1 2.236e+02 4.717e+02))))
s>        ( SILENCE 1 -1.138e+04 2.049e+03 1.792e+03
s>            ( - 1.813e+03 2 0 QUESTION2 -1 1.858e+02 4.844e+02)
s>            ( QUESTION4 1 -1.114e+04 1.099e+03 1.308e+03
s>                ( - -5.202e+02 9 0 WDBNDRY_E 0 4.302e+02 2.448e+02)
s>                ( QUESTION6 1 -9.522e+03 7.604e+02 1.063e+03
s>                    ( - -2.565e+03 6 0 QUESTION0_0_R 1 2.648e+02 3.344e+02)
s>                    ( - -6.197e+03 44 0 QUESTION0_0_R 1 4.924e+02 7.286e+02)))))INFO: dtree.c(1351): Comp split 0
INFO: dtree.c(1524): Final simple tree
|( QUESTION0_0_R 1 -1.655e+03 1.077e+03 1.103e+03
|    ( QUESTION2_2_L -1 -1.017e+03 3.654e+02 4.226e+02
|        ( - 1.865e+02 1 0)
|        ( QUESTION10 -1 -8.380e+02 1.612e+02 4.186e+02
|            ( - 6.190e+01 1 0)
|            ( - -7.387e+02 13 0 QUESTION2_14_L -1 1.381e+02 3.343e+02)))
|    ( QUESTION0 1 4.384e+02 8.054e+02 6.800e+02
|        ( QUESTION8 -1 -5.267e+02 1.706e+02 2.083e+02
|            ( - 6.954e+01 1 0)
|            ( - -4.257e+02 12 0 QUESTION2_10_L -1 1.347e+02 1.919e+02))
|        ( QUESTION5 -1 1.771e+03 2.236e+02 4.717e+02
|            ( - 2.417e+02 1 0)
|            ( QUESTION2 -1 1.752e+03 1.570e+02 4.707e+02
|                ( - 7.178e+02 3 0 QUESTION10 -1 1.138e+02 1.559e+02)
|                ( - 1.192e+03 13 0 QUESTION17 -1 1.465e+02 3.148e+02)))))
s>    ( QUESTION0_0_R 1 -1.655e+03 1.077e+03 1.103e+03
s>        ( QUESTION2_2_L -1 -1.017e+03 3.654e+02 4.226e+02
s>            ( - 1.865e+02 1 0)
s>            ( QUESTION10 -1 -8.380e+02 1.612e+02 4.186e+02
s>                ( - 6.190e+01 1 0)
s>                ( - -7.387e+02 13 0 QUESTION2_14_L -1 1.381e+02 3.343e+02)))
s>        ( QUESTION0 1 4.384e+02 8.054e+02 6.800e+02
s>            ( QUESTION8 -1 -5.267e+02 1.706e+02 2.083e+02
s>                ( - 6.954e+01 1 0)
s>                ( - -4.257e+02 12 0 QUESTION2_10_L -1 1.347e+02 1.919e+02))
s>            ( QUESTION5 -1 1.771e+03 2.236e+02 4.717e+02
s>                ( - 2.417e+02 1 0)
s>                ( QUESTION2 -1 1.752e+03 1.570e+02 4.707e+02
s>                    ( - 7.178e+02 3 0 QUESTION10 -1 1.138e+02 1.559e+02)
s>                    ( - 1.192e+03 13 0 QUESTION17 -1 1.465e+02 3.148e+02)))))INFO: dtree.c(1524): Final simple tree
|( SILENCE 1 -1.170e+04 2.082e+03 1.865e+03
|    ( - 1.813e+03 2 0 QUESTION2 -1 1.858e+02 4.844e+02)
|    ( QUESTION4 1 -1.143e+04 1.421e+03 1.381e+03
|        ( WDBNDRY_I 0 -4.901e+02 5.008e+02 3.178e+02
|            ( - 7.412e+01 4 0 QUESTION14 -1 1.473e+02 1.317e+02)
|            ( WDBNDRY_B 0 -6.347e+01 3.282e+02 1.861e+02
|                ( - 4.289e+02 1 0)
|                ( - -1.642e+02 5 0 QUESTION0_0_R 1 1.573e+02 1.131e+02)))
|        ( QUESTION6 1 -9.522e+03 7.604e+02 1.063e+03
|            ( - -2.565e+03 6 0 QUESTION0_0_R 1 2.648e+02 3.344e+02)
|            ( QUESTION0_0_R 1 -6.197e+03 4.924e+02 7.286e+02
|                ( QUESTION0_7_R 1 -2.608e+03 5.960e+02 4.111e+02
|                    ( - -1.288e+03 4 0 QUESTION20 -1 2.111e+02 1.119e+02)
|                    ( - -7.236e+02 18 0 QUESTION2 -1 2.212e+02 2.992e+02))
|                ( - -3.097e+03 22 0 QUESTION2 -1 2.581e+02 3.175e+02)))))
s>    ( SILENCE 1 -1.170e+04 2.082e+03 1.865e+03
s>        ( - 1.813e+03 2 0 QUESTION2 -1 1.858e+02 4.844e+02)
s>        ( QUESTION4 1 -1.143e+04 1.421e+03 1.381e+03
s>            ( WDBNDRY_I 0 -4.901e+02 5.008e+02 3.178e+02
s>                ( - 7.412e+01 4 0 QUESTION14 -1 1.473e+02 1.317e+02)
s>                ( WDBNDRY_B 0 -6.347e+01 3.282e+02 1.861e+02
s>                    ( - 4.289e+02 1 0)
s>                    ( - -1.642e+02 5 0 QUESTION0_0_R 1 1.573e+02 1.131e+02)))
s>            ( QUESTION6 1 -9.522e+03 7.604e+02 1.063e+03
s>                ( - -2.565e+03 6 0 QUESTION0_0_R 1 2.648e+02 3.344e+02)
s>                ( QUESTION0_0_R 1 -6.197e+03 4.924e+02 7.286e+02
s>                    ( QUESTION0_7_R 1 -2.608e+03 5.960e+02 4.111e+02
s>                        ( - -1.288e+03 4 0 QUESTION20 -1 2.111e+02 1.119e+02)
s>                        ( - -7.236e+02 18 0 QUESTION2 -1 2.212e+02 2.992e+02))
s>                    ( - -3.097e+03 22 0 QUESTION2 -1 2.581e+02 3.175e+02)))))INFO: dtree.c(1351): Comp split 1
INFO: dtree.c(1524): Final simple tree
|( QUESTION4 1 -1.143e+04 1.421e+03 1.381e+03
|    ( WDBNDRY_I 0 -4.901e+02 5.008e+02 3.178e+02
|        ( - 7.412e+01 4 0 QUESTION14 -1 1.473e+02 1.317e+02)
|        ( WDBNDRY_B 0 -6.347e+01 3.282e+02 1.861e+02
|            ( - 4.289e+02 1 0)
|            ( - -1.642e+02 5 0 QUESTION0_0_R 1 1.573e+02 1.131e+02)))
|    ( QUESTION6 1 -9.522e+03 7.604e+02 1.063e+03
|        ( QUESTION0_0_R 1 -2.565e+03 2.648e+02 3.344e+02
|            ( - -2.479e+03 3 0 QUESTION11 -1 1.324e+02 2.882e+02)
|            ( - 1.785e+02 3 0 QUESTION11 -1 1.228e+02 4.612e+01))
|        ( QUESTION0_0_R 1 -6.197e+03 4.924e+02 7.286e+02
|            ( QUESTION0_7_R 1 -2.608e+03 5.960e+02 4.111e+02
|                ( - -1.288e+03 4 0 QUESTION20 -1 2.111e+02 1.119e+02)
|                ( - -7.236e+02 18 0 QUESTION2 -1 2.212e+02 2.992e+02))
|            ( - -3.097e+03 22 0 QUESTION2 -1 2.581e+02 3.175e+02))))
s>    ( QUESTION4 1 -1.143e+04 1.421e+03 1.381e+03
s>        ( WDBNDRY_I 0 -4.901e+02 5.008e+02 3.178e+02
s>            ( - 7.412e+01 4 0 QUESTION14 -1 1.473e+02 1.317e+02)
s>            ( WDBNDRY_B 0 -6.347e+01 3.282e+02 1.861e+02
s>                ( - 4.289e+02 1 0)
s>                ( - -1.642e+02 5 0 QUESTION0_0_R 1 1.573e+02 1.131e+02)))
s>        ( QUESTION6 1 -9.522e+03 7.604e+02 1.063e+03
s>            ( QUESTION0_0_R 1 -2.565e+03 2.648e+02 3.344e+02
s>                ( - -2.479e+03 3 0 QUESTION11 -1 1.324e+02 2.882e+02)
s>                ( - 1.785e+02 3 0 QUESTION11 -1 1.228e+02 4.612e+01))
s>            ( QUESTION0_0_R 1 -6.197e+03 4.924e+02 7.286e+02
s>                ( QUESTION0_7_R 1 -2.608e+03 5.960e+02 4.111e+02
s>                    ( - -1.288e+03 4 0 QUESTION20 -1 2.111e+02 1.119e+02)
s>                    ( - -7.236e+02 18 0 QUESTION2 -1 2.212e+02 2.992e+02))
s>                ( - -3.097e+03 22 0 QUESTION2 -1 2.581e+02 3.175e+02))))INFO: dtree.c(1483): stop. leaf nodes are specific
INFO: dtree.c(1524): Final simple tree
|( QUESTION2 -1 1.813e+03 1.858e+02 4.844e+02
|    ( - 1.230e+03 1 0)
|    ( - 7.687e+02 1 0))
s>    ( QUESTION2 -1 1.813e+03 1.858e+02 4.844e+02
s>        ( - 1.230e+03 1 0)
s>        ( - 7.687e+02 1 0))INFO: dtree.c(1351): Comp split 2
INFO: dtree.c(1524): Final simple tree
|( QUESTION6 1 -9.522e+03 7.604e+02 1.063e+03
|    ( QUESTION0_0_R 1 -2.565e+03 2.648e+02 3.344e+02
|        ( - -2.479e+03 3 0 QUESTION11 -1 1.324e+02 2.882e+02)
|        ( - 1.785e+02 3 0 QUESTION11 -1 1.228e+02 4.612e+01))
|    ( QUESTION0_0_R 1 -6.197e+03 4.924e+02 7.286e+02
|        ( QUESTION0_7_R 1 -2.608e+03 5.960e+02 4.111e+02
|            ( - -1.288e+03 4 0 QUESTION20 -1 2.111e+02 1.119e+02)
|            ( QUESTION2 -1 -7.236e+02 2.212e+02 2.992e+02
|                ( - -3.602e+02 8 0 QUESTION11 1 2.217e+02 2.211e+02)
|                ( - -1.422e+02 10 0 QUESTION0_11_R 1 2.050e+02 7.816e+01)))
|        ( QUESTION2 -1 -3.097e+03 2.581e+02 3.175e+02
|            ( QUESTION0 1 -1.189e+03 2.432e+02 1.454e+02
|                ( - -7.131e+02 4 0 QUESTION0_13_R 1 1.297e+02 1.041e+02)
|                ( - -2.326e+02 4 0 QUESTION0_13_R 1 1.556e+02 4.127e+01))
|            ( - -1.650e+03 14 0 QUESTION0 -1 2.135e+02 1.721e+02))))
s>    ( QUESTION6 1 -9.522e+03 7.604e+02 1.063e+03
s>        ( QUESTION0_0_R 1 -2.565e+03 2.648e+02 3.344e+02
s>            ( - -2.479e+03 3 0 QUESTION11 -1 1.324e+02 2.882e+02)
s>            ( - 1.785e+02 3 0 QUESTION11 -1 1.228e+02 4.612e+01))
s>        ( QUESTION0_0_R 1 -6.197e+03 4.924e+02 7.286e+02
s>            ( QUESTION0_7_R 1 -2.608e+03 5.960e+02 4.111e+02
s>                ( - -1.288e+03 4 0 QUESTION20 -1 2.111e+02 1.119e+02)
s>                ( QUESTION2 -1 -7.236e+02 2.212e+02 2.992e+02
s>                    ( - -3.602e+02 8 0 QUESTION11 1 2.217e+02 2.211e+02)
s>                    ( - -1.422e+02 10 0 QUESTION0_11_R 1 2.050e+02 7.816e+01)))
s>            ( QUESTION2 -1 -3.097e+03 2.581e+02 3.175e+02
s>                ( QUESTION0 1 -1.189e+03 2.432e+02 1.454e+02
s>                    ( - -7.131e+02 4 0 QUESTION0_13_R 1 1.297e+02 1.041e+02)
s>                    ( - -2.326e+02 4 0 QUESTION0_13_R 1 1.556e+02 4.127e+01))
s>                ( - -1.650e+03 14 0 QUESTION0 -1 2.135e+02 1.721e+02))))INFO: dtree.c(1524): Final simple tree
|( WDBNDRY_I 0 -4.901e+02 5.008e+02 3.178e+02
|    ( QUESTION14 -1 7.412e+01 1.473e+02 1.317e+02
|        ( - 1.083e+02 1 0)
|        ( - 1.132e+02 3 0 QUESTION2 -1 1.059e+02 1.287e+02))
|    ( WDBNDRY_B 0 -6.347e+01 3.282e+02 1.861e+02
|        ( - 4.289e+02 1 0)
|        ( QUESTION0_0_R 1 -1.642e+02 1.573e+02 1.131e+02
|            ( QUESTION2 -1 -1.450e+02 1.194e+02 2.200e+01
|                ( - 1.221e+02 1 0)
|                ( - -1.477e+02 1 0))
|            ( QUESTION0 -1 1.381e+02 1.545e+02 9.113e+01
|                ( - 1.563e+02 1 0)
|                ( QUESTION2 -1 1.364e+02 1.152e+02 8.813e+01
|                    ( - 2.839e+01 1 0)
|                    ( - 2.232e+02 1 0))))))
s>    ( WDBNDRY_I 0 -4.901e+02 5.008e+02 3.178e+02
s>        ( QUESTION14 -1 7.412e+01 1.473e+02 1.317e+02
s>            ( - 1.083e+02 1 0)
s>            ( - 1.132e+02 3 0 QUESTION2 -1 1.059e+02 1.287e+02))
s>        ( WDBNDRY_B 0 -6.347e+01 3.282e+02 1.861e+02
s>            ( - 4.289e+02 1 0)
s>            ( QUESTION0_0_R 1 -1.642e+02 1.573e+02 1.131e+02
s>                ( QUESTION2 -1 -1.450e+02 1.194e+02 2.200e+01
s>                    ( - 1.221e+02 1 0)
s>                    ( - -1.477e+02 1 0))
s>                ( QUESTION0 -1 1.381e+02 1.545e+02 9.113e+01
s>                    ( - 1.563e+02 1 0)
s>                    ( QUESTION2 -1 1.364e+02 1.152e+02 8.813e+01
s>                        ( - 2.839e+01 1 0)
s>                        ( - 2.232e+02 1 0))))))INFO: dtree.c(1351): Comp split 3
INFO: dtree.c(1524): Final simple tree
|( QUESTION10 -1 -8.380e+02 1.612e+02 4.186e+02
|    ( - 6.190e+01 1 0)
|    ( QUESTION2_14_L -1 -7.387e+02 1.381e+02 3.343e+02
|        ( QUESTION12 -1 -4.472e+02 1.011e+02 1.235e+02
|            ( QUESTION2_17_L -1 -9.797e+01 1.750e+02 2.639e+01
|                ( - 1.788e+02 1 0)
|                ( - -1.017e+02 1 0))
|            ( - -2.481e+02 5 0 QUESTION0 -1 7.481e+01 9.709e+01))
|        ( QUESTION11 -1 -1.534e+02 1.240e+02 2.108e+02
|            ( - 1.178e+02 1 0)
|            ( SILENCE -1 -1.472e+02 1.164e+02 2.068e+02
|                ( - 2.732e+01 1 0)
|                ( QUESTION2_10_L -1 -5.807e+01 9.202e+01 1.674e+02
|                    ( - 1.473e+02 2 0 QUESTION0 -1 7.344e+01 3.627e+01)
|                    ( - -1.134e+02 2 0 QUESTION0 -1 8.733e+01 1.311e+02))))))
s>    ( QUESTION10 -1 -8.380e+02 1.612e+02 4.186e+02
s>        ( - 6.190e+01 1 0)
s>        ( QUESTION2_14_L -1 -7.387e+02 1.381e+02 3.343e+02
s>            ( QUESTION12 -1 -4.472e+02 1.011e+02 1.235e+02
s>                ( QUESTION2_17_L -1 -9.797e+01 1.750e+02 2.639e+01
s>                    ( - 1.788e+02 1 0)
s>                    ( - -1.017e+02 1 0))
s>                ( - -2.481e+02 5 0 QUESTION0 -1 7.481e+01 9.709e+01))
s>            ( QUESTION11 -1 -1.534e+02 1.240e+02 2.108e+02
s>                ( - 1.178e+02 1 0)
s>                ( SILENCE -1 -1.472e+02 1.164e+02 2.068e+02
s>                    ( - 2.732e+01 1 0)
s>                    ( QUESTION2_10_L -1 -5.807e+01 9.202e+01 1.674e+02
s>                        ( - 1.473e+02 2 0 QUESTION0 -1 7.344e+01 3.627e+01)
s>                        ( - -1.134e+02 2 0 QUESTION0 -1 8.733e+01 1.311e+02))))))INFO: dtree.c(1524): Final simple tree
|( QUESTION19 1 2.754e+02 8.220e+02 6.840e+02
|    ( QUESTION5 -1 1.771e+03 2.236e+02 4.717e+02
|        ( - 2.417e+02 1 0)
|        ( QUESTION2 -1 1.752e+03 1.570e+02 4.707e+02
|            ( - 7.178e+02 3 0 QUESTION10 -1 1.138e+02 1.559e+02)
|            ( QUESTION17 -1 1.192e+03 1.465e+02 3.148e+02
|                ( - 1.526e+02 1 0)
|                ( QUESTION16 -1 1.186e+03 2.283e+02 3.128e+02
|                    ( - 2.483e+02 1 0)
|                    ( - 1.166e+03 11 0 QUESTION12 -1 1.396e+02 3.118e+02)))))
|    ( QUESTION0_0_R 1 -6.732e+02 3.329e+02 2.123e+02
|        ( - 1.865e+02 1 0)
|        ( QUESTION8 -1 -5.267e+02 1.706e+02 2.083e+02
|            ( - 6.954e+01 1 0)
|            ( - -4.257e+02 12 0 QUESTION2_10_L -1 1.347e+02 1.919e+02))))
s>    ( QUESTION19 1 2.754e+02 8.220e+02 6.840e+02
s>        ( QUESTION5 -1 1.771e+03 2.236e+02 4.717e+02
s>            ( - 2.417e+02 1 0)
s>            ( QUESTION2 -1 1.752e+03 1.570e+02 4.707e+02
s>                ( - 7.178e+02 3 0 QUESTION10 -1 1.138e+02 1.559e+02)
s>                ( QUESTION17 -1 1.192e+03 1.465e+02 3.148e+02
s>                    ( - 1.526e+02 1 0)
s>                    ( QUESTION16 -1 1.186e+03 2.283e+02 3.128e+02
s>                        ( - 2.483e+02 1 0)
s>                        ( - 1.166e+03 11 0 QUESTION12 -1 1.396e+02 3.118e+02)))))
s>        ( QUESTION0_0_R 1 -6.732e+02 3.329e+02 2.123e+02
s>            ( - 1.865e+02 1 0)
s>            ( QUESTION8 -1 -5.267e+02 1.706e+02 2.083e+02
s>                ( - 6.954e+01 1 0)
s>                ( - -4.257e+02 12 0 QUESTION2_10_L -1 1.347e+02 1.919e+02))))INFO: dtree.c(1351): Comp split 4
INFO: dtree.c(1524): Final simple tree
|( QUESTION0_0_R 1 -4.682e+03 2.975e+02 4.294e+02
|    ( QUESTION20 -1 -1.288e+03 2.111e+02 1.119e+02
|        ( - -7.919e+02 1 0)
|        ( WDBNDRY_E 0 -2.851e+02 1.697e+02 5.362e+01
|            ( - -2.413e+02 2 0 QUESTION0 -1 1.378e+02 5.062e+01)
|            ( - 1.259e+02 1 0)))
|    ( QUESTION2 -1 -3.097e+03 2.581e+02 3.175e+02
|        ( QUESTION0 1 -1.189e+03 2.432e+02 1.454e+02
|            ( - -7.131e+02 4 0 QUESTION0_13_R 1 1.297e+02 1.041e+02)
|            ( - -2.326e+02 4 0 QUESTION0_13_R 1 1.556e+02 4.127e+01))
|        ( QUESTION0 -1 -1.650e+03 2.135e+02 1.721e+02
|            ( - -4.209e+02 7 0 QUESTION0_15_R 1 1.662e+02 5.925e+01)
|            ( QUESTION0_17_R 1 -1.015e+03 1.811e+02 1.129e+02
|                ( - 1.589e+01 1 0)
|                ( - -8.501e+02 6 0 QUESTION0 1 1.529e+02 1.004e+02)))))
s>    ( QUESTION0_0_R 1 -4.682e+03 2.975e+02 4.294e+02
s>        ( QUESTION20 -1 -1.288e+03 2.111e+02 1.119e+02
s>            ( - -7.919e+02 1 0)
s>            ( WDBNDRY_E 0 -2.851e+02 1.697e+02 5.362e+01
s>                ( - -2.413e+02 2 0 QUESTION0 -1 1.378e+02 5.062e+01)
s>                ( - 1.259e+02 1 0)))
s>        ( QUESTION2 -1 -3.097e+03 2.581e+02 3.175e+02
s>            ( QUESTION0 1 -1.189e+03 2.432e+02 1.454e+02
s>                ( - -7.131e+02 4 0 QUESTION0_13_R 1 1.297e+02 1.041e+02)
s>                ( - -2.326e+02 4 0 QUESTION0_13_R 1 1.556e+02 4.127e+01))
s>            ( QUESTION0 -1 -1.650e+03 2.135e+02 1.721e+02
s>                ( - -4.209e+02 7 0 QUESTION0_15_R 1 1.662e+02 5.925e+01)
s>                ( QUESTION0_17_R 1 -1.015e+03 1.811e+02 1.129e+02
s>                    ( - 1.589e+01 1 0)
s>                    ( - -8.501e+02 6 0 QUESTION0 1 1.529e+02 1.004e+02)))))INFO: dtree.c(1524): Final simple tree
|( QUESTION0_9_R 1 -3.890e+03 6.226e+02 6.336e+02
|    ( - -2.479e+03 3 0 QUESTION11 -1 1.324e+02 2.882e+02)
|    ( QUESTION2 -1 -7.890e+02 2.862e+02 3.454e+02
|        ( QUESTION11 1 -3.401e+02 2.264e+02 2.251e+02
|            ( - 5.441e+01 3 0 WDBNDRY_E 0 1.574e+02 5.210e+01)
|            ( QUESTION0_1_R 1 -1.681e+02 2.341e+02 1.730e+02
|                ( - 2.701e+02 1 0)
|                ( QUESTION8 1 -2.041e+02 1.793e+02 1.228e+02
|                    ( - 1.597e+02 1 0)
|                    ( QUESTION0_11_R 1 -1.845e+02 2.105e+02 1.131e+02
|                        ( - 1.925e+02 1 0)
|                        ( - -1.665e+02 3 0 QUESTION0_8_R 1 1.325e+02 1.111e+02)))))
|        ( QUESTION0_11_R 1 -1.627e+02 2.048e+02 1.203e+02
|            ( - 1.285e+02 4 0 QUESTION0 -1 1.182e+02 2.701e+01)
|            ( - -8.645e+01 8 0 QUESTION0_0_R 1 1.765e+02 9.327e+01))))
s>    ( QUESTION0_9_R 1 -3.890e+03 6.226e+02 6.336e+02
s>        ( - -2.479e+03 3 0 QUESTION11 -1 1.324e+02 2.882e+02)
s>        ( QUESTION2 -1 -7.890e+02 2.862e+02 3.454e+02
s>            ( QUESTION11 1 -3.401e+02 2.264e+02 2.251e+02
s>                ( - 5.441e+01 3 0 WDBNDRY_E 0 1.574e+02 5.210e+01)
s>                ( QUESTION0_1_R 1 -1.681e+02 2.341e+02 1.730e+02
s>                    ( - 2.701e+02 1 0)
s>                    ( QUESTION8 1 -2.041e+02 1.793e+02 1.228e+02
s>                        ( - 1.597e+02 1 0)
s>                        ( QUESTION0_11_R 1 -1.845e+02 2.105e+02 1.131e+02
s>                            ( - 1.925e+02 1 0)
s>                            ( - -1.665e+02 3 0 QUESTION0_8_R 1 1.325e+02 1.111e+02)))))
s>            ( QUESTION0_11_R 1 -1.627e+02 2.048e+02 1.203e+02
s>                ( - 1.285e+02 4 0 QUESTION0 -1 1.182e+02 2.701e+01)
s>                ( - -8.645e+01 8 0 QUESTION0_0_R 1 1.765e+02 9.327e+01))))INFO: dtree.c(1351): Comp split 5
INFO: dtree.c(1524): Final simple tree
|( QUESTION5 -1 1.771e+03 2.236e+02 4.717e+02
|    ( - 2.417e+02 1 0)
|    ( QUESTION2 -1 1.752e+03 1.570e+02 4.707e+02
|        ( - 7.178e+02 3 0 QUESTION10 -1 1.138e+02 1.559e+02)
|        ( QUESTION17 -1 1.192e+03 1.465e+02 3.148e+02
|            ( - 1.526e+02 1 0)
|            ( QUESTION16 -1 1.186e+03 2.283e+02 3.128e+02
|                ( - 2.483e+02 1 0)
|                ( QUESTION12 -1 1.166e+03 1.396e+02 3.118e+02
|                    ( - 1.328e+02 2 0 QUESTION2_0_L -1 1.239e+02 3.354e+01)
|                    ( QUESTION2_2_L -1 1.172e+03 1.528e+02 2.782e+02
|                        ( - 1.460e+02 1 0)
|                        ( QUESTION1 -1 1.179e+03 1.306e+02 2.762e+02
|                            ( - 3.330e+02 1 0)
|                            ( - 9.766e+02 7 0 SILENCE -1 1.079e+02 2.378e+02))))))))
s>    ( QUESTION5 -1 1.771e+03 2.236e+02 4.717e+02
s>        ( - 2.417e+02 1 0)
s>        ( QUESTION2 -1 1.752e+03 1.570e+02 4.707e+02
s>            ( - 7.178e+02 3 0 QUESTION10 -1 1.138e+02 1.559e+02)
s>            ( QUESTION17 -1 1.192e+03 1.465e+02 3.148e+02
s>                ( - 1.526e+02 1 0)
s>                ( QUESTION16 -1 1.186e+03 2.283e+02 3.128e+02
s>                    ( - 2.483e+02 1 0)
s>                    ( QUESTION12 -1 1.166e+03 1.396e+02 3.118e+02
s>                        ( - 1.328e+02 2 0 QUESTION2_0_L -1 1.239e+02 3.354e+01)
s>                        ( QUESTION2_2_L -1 1.172e+03 1.528e+02 2.782e+02
s>                            ( - 1.460e+02 1 0)
s>                            ( QUESTION1 -1 1.179e+03 1.306e+02 2.762e+02
s>                                ( - 3.330e+02 1 0)
s>                                ( - 9.766e+02 7 0 SILENCE -1 1.079e+02 2.378e+02))))))))INFO: dtree.c(1524): Final simple tree
|( QUESTION0_0_R 1 -6.732e+02 3.329e+02 2.123e+02
|    ( - 1.865e+02 1 0)
|    ( QUESTION8 -1 -5.267e+02 1.706e+02 2.083e+02
|        ( - 6.954e+01 1 0)
|        ( QUESTION2_10_L -1 -4.257e+02 1.347e+02 1.919e+02
|            ( - 1.109e+02 1 0)
|            ( QUESTION2_0_L -1 -4.019e+02 1.154e+02 1.779e+02
|                ( - -7.292e+01 3 0 QUESTION2_1_L -1 8.648e+01 8.859e+01)
|                ( QUESTION2 -1 -2.136e+02 1.076e+02 8.933e+01
|                    ( - 6.876e+01 1 0)
|                    ( QUESTION0 -1 -1.747e+02 9.834e+01 8.133e+01
|                        ( - 1.510e+01 4 0)
|                        ( QUESTION2_17_L -1 -9.146e+01 2.459e+02 6.033e+01
|                            ( - 2.420e+02 1 0)
|                            ( - -8.754e+01 2 0 SILENCE -1 8.285e+01 5.933e+01))))))))
s>    ( QUESTION0_0_R 1 -6.732e+02 3.329e+02 2.123e+02
s>        ( - 1.865e+02 1 0)
s>        ( QUESTION8 -1 -5.267e+02 1.706e+02 2.083e+02
s>            ( - 6.954e+01 1 0)
s>            ( QUESTION2_10_L -1 -4.257e+02 1.347e+02 1.919e+02
s>                ( - 1.109e+02 1 0)
s>                ( QUESTION2_0_L -1 -4.019e+02 1.154e+02 1.779e+02
s>                    ( - -7.292e+01 3 0 QUESTION2_1_L -1 8.648e+01 8.859e+01)
s>                    ( QUESTION2 -1 -2.136e+02 1.076e+02 8.933e+01
s>                        ( - 6.876e+01 1 0)
s>                        ( QUESTION0 -1 -1.747e+02 9.834e+01 8.133e+01
s>                            ( - 1.510e+01 4 0)
s>                            ( QUESTION2_17_L -1 -9.146e+01 2.459e+02 6.033e+01
s>                                ( - 2.420e+02 1 0)
s>                                ( - -8.754e+01 2 0 SILENCE -1 8.285e+01 5.933e+01))))))))INFO: dtree.c(1351): Comp split 6
INFO: dtree.c(1524): Final simple tree
|( QUESTION0_4_R 1 -6.915e+02 2.770e+02 3.183e+02
|    ( QUESTION11 1 -4.488e+02 2.615e+02 1.799e+02
|        ( WDBNDRY_E 0 7.554e+01 1.582e+02 5.210e+01
|            ( - 6.418e+01 2 0 QUESTION2 -1 1.434e+02 5.010e+01)
|            ( - 1.696e+02 1 0))
|        ( QUESTION8 1 -2.629e+02 1.779e+02 1.278e+02
|            ( - 1.597e+02 1 0)
|            ( QUESTION0_11_R 1 -2.446e+02 2.112e+02 1.181e+02
|                ( - 1.925e+02 1 0)
|                ( - -2.259e+02 3 0 QUESTION0_5_R 1 1.341e+02 1.161e+02))))
|    ( QUESTION0_1_R 1 3.437e+01 2.112e+02 1.385e+02
|        ( QUESTION0 -1 1.199e+02 1.840e+02 6.413e+01
|            ( - 2.291e+01 1 0)
|            ( - 2.810e+02 2 0 QUESTION2 -1 1.054e+02 5.513e+01))
|        ( - 1.257e+02 6 0 QUESTION2 -1 1.262e+02 7.433e+01)))
s>    ( QUESTION0_4_R 1 -6.915e+02 2.770e+02 3.183e+02
s>        ( QUESTION11 1 -4.488e+02 2.615e+02 1.799e+02
s>            ( WDBNDRY_E 0 7.554e+01 1.582e+02 5.210e+01
s>                ( - 6.418e+01 2 0 QUESTION2 -1 1.434e+02 5.010e+01)
s>                ( - 1.696e+02 1 0))
s>            ( QUESTION8 1 -2.629e+02 1.779e+02 1.278e+02
s>                ( - 1.597e+02 1 0)
s>                ( QUESTION0_11_R 1 -2.446e+02 2.112e+02 1.181e+02
s>                    ( - 1.925e+02 1 0)
s>                    ( - -2.259e+02 3 0 QUESTION0_5_R 1 1.341e+02 1.161e+02))))
s>        ( QUESTION0_1_R 1 3.437e+01 2.112e+02 1.385e+02
s>            ( QUESTION0 -1 1.199e+02 1.840e+02 6.413e+01
s>                ( - 2.291e+01 1 0)
s>                ( - 2.810e+02 2 0 QUESTION2 -1 1.054e+02 5.513e+01))
s>            ( - 1.257e+02 6 0 QUESTION2 -1 1.262e+02 7.433e+01)))INFO: dtree.c(1483): stop. leaf nodes are specific
INFO: dtree.c(1524): Final simple tree
|( QUESTION0_9_R 1 -2.562e+03 2.116e+02 3.152e+02
|    ( QUESTION11 -1 -2.479e+03 1.324e+02 2.882e+02
|        ( - -2.376e+03 1 0)
|        ( QUESTION0 -1 2.972e+01 1.105e+02 9.000e+00
|            ( - 5.333e+01 1 0)
|            ( - 8.685e+01 1 0)))
|    ( QUESTION0 -1 1.285e+02 1.182e+02 2.701e+01
|        ( QUESTION3 1 1.492e+02 1.644e+02 9.000e+00
|            ( - 1.463e+02 1 0)
|            ( - 1.673e+02 1 0))
|        ( QUESTION3 1 9.751e+01 8.620e+01 1.801e+01
|            ( - 7.895e+01 1 0)
|            ( - 1.048e+02 1 0))))
s>    ( QUESTION0_9_R 1 -2.562e+03 2.116e+02 3.152e+02
s>        ( QUESTION11 -1 -2.479e+03 1.324e+02 2.882e+02
s>            ( - -2.376e+03 1 0)
s>            ( QUESTION0 -1 2.972e+01 1.105e+02 9.000e+00
s>                ( - 5.333e+01 1 0)
s>                ( - 8.685e+01 1 0)))
s>        ( QUESTION0 -1 1.285e+02 1.182e+02 2.701e+01
s>            ( QUESTION3 1 1.492e+02 1.644e+02 9.000e+00
s>                ( - 1.463e+02 1 0)
s>                ( - 1.673e+02 1 0))
s>            ( QUESTION3 1 9.751e+01 8.620e+01 1.801e+01
s>                ( - 7.895e+01 1 0)
s>                ( - 1.048e+02 1 0))))INFO: dtree.c(1351): Comp split 7
INFO: dtree.c(1483): stop. leaf nodes are specific
INFO: dtree.c(1524): Final simple tree
|( QUESTION14 -1 8.134e+01 1.462e+02 1.357e+02
|    ( - 1.083e+02 1 0)
|    ( WDBNDRY_E 0 1.193e+02 1.160e+02 1.327e+02
|        ( - 1.221e+02 1 0)
|        ( QUESTION2 -1 1.132e+02 1.059e+02 1.287e+02
|            ( - 1.536e+02 1 0)
|            ( QUESTION12 -1 6.547e+01 9.206e+01 1.738e+01
|                ( - 5.130e+01 1 0)
|                ( - 1.062e+02 1 0)))))
s>    ( QUESTION14 -1 8.134e+01 1.462e+02 1.357e+02
s>        ( - 1.083e+02 1 0)
s>        ( WDBNDRY_E 0 1.193e+02 1.160e+02 1.327e+02
s>            ( - 1.221e+02 1 0)
s>            ( QUESTION2 -1 1.132e+02 1.059e+02 1.287e+02
s>                ( - 1.536e+02 1 0)
s>                ( QUESTION12 -1 6.547e+01 9.206e+01 1.738e+01
s>                    ( - 5.130e+01 1 0)
s>                    ( - 1.062e+02 1 0)))))INFO: dtree.c(1483): stop. leaf nodes are specific
INFO: dtree.c(1524): Final simple tree
|( WDBNDRY_B 0 -6.240e+01 3.209e+02 1.821e+02
|    ( - 4.289e+02 1 0)
|    ( QUESTION0_0_R 1 -1.705e+02 1.609e+02 1.091e+02
|        ( - -1.477e+02 1 0)
|        ( QUESTION0 -1 1.381e+02 1.545e+02 9.113e+01
|            ( - 1.563e+02 1 0)
|            ( QUESTION2 -1 1.364e+02 1.152e+02 8.813e+01
|                ( - 2.839e+01 1 0)
|                ( - 2.232e+02 1 0)))))
s>    ( WDBNDRY_B 0 -6.240e+01 3.209e+02 1.821e+02
s>        ( - 4.289e+02 1 0)
s>        ( QUESTION0_0_R 1 -1.705e+02 1.609e+02 1.091e+02
s>            ( - -1.477e+02 1 0)
s>            ( QUESTION0 -1 1.381e+02 1.545e+02 9.113e+01
s>                ( - 1.563e+02 1 0)
s>                ( QUESTION2 -1 1.364e+02 1.152e+02 8.813e+01
s>                    ( - 2.839e+01 1 0)
s>                    ( - 2.232e+02 1 0)))))INFO: dtree.c(1351): Comp split 8
INFO: dtree.c(1483): stop. leaf nodes are specific
INFO: dtree.c(1524): Final simple tree
|( QUESTION2 -1 -1.817e+03 2.265e+02 2.075e+02
|    ( QUESTION0_13_R 1 -7.131e+02 1.297e+02 1.041e+02
|        ( - -5.074e+02 2 0)
|        ( - -7.592e+01 2 0))
|    ( WDBNDRY_E 0 -8.776e+02 1.533e+02 1.034e+02
|        ( QUESTION0 1 -8.501e+02 1.529e+02 1.004e+02
|            ( QUESTION0_13_R 1 -7.581e+02 1.513e+02 9.342e+01
|                ( - -3.299e+02 3 0)
|                ( - -2.768e+02 2 0))
|            ( - 6.082e+01 1 0))
|        ( - 1.259e+02 1 0)))
s>    ( QUESTION2 -1 -1.817e+03 2.265e+02 2.075e+02
s>        ( QUESTION0_13_R 1 -7.131e+02 1.297e+02 1.041e+02
s>            ( - -5.074e+02 2 0)
s>            ( - -7.592e+01 2 0))
s>        ( WDBNDRY_E 0 -8.776e+02 1.533e+02 1.034e+02
s>            ( QUESTION0 1 -8.501e+02 1.529e+02 1.004e+02
s>                ( QUESTION0_13_R 1 -7.581e+02 1.513e+02 9.342e+01
s>                    ( - -3.299e+02 3 0)
s>                    ( - -2.768e+02 2 0))
s>                ( - 6.082e+01 1 0))
s>            ( - 1.259e+02 1 0)))INFO: dtree.c(1524): Final simple tree
|( QUESTION0_0_R 1 -2.454e+03 2.454e+02 2.219e+02
|    ( QUESTION11 -1 -1.242e+03 2.089e+02 1.089e+02
|        ( - -7.919e+02 1 0)
|        ( QUESTION0 -1 -2.413e+02 1.378e+02 5.062e+01
|            ( - -7.437e+01 1 0)
|            ( - -2.910e+01 1 0)))
|    ( QUESTION2 -1 -9.669e+02 2.156e+02 1.130e+02
|        ( QUESTION0_13_R 1 -2.326e+02 1.556e+02 4.127e+01
|            ( - 3.602e+01 2 0)
|            ( QUESTION9 1 -1.130e+02 1.396e+02 2.727e+01
|                ( - 1.176e+02 1 0)
|                ( - -9.100e+01 1 0)))
|        ( QUESTION0_15_R 1 -5.187e+02 1.634e+02 7.173e+01
|            ( - -2.146e+02 2 0)
|            ( - -1.407e+02 6 0 QUESTION13 1 1.275e+02 4.148e+01))))
s>    ( QUESTION0_0_R 1 -2.454e+03 2.454e+02 2.219e+02
s>        ( QUESTION11 -1 -1.242e+03 2.089e+02 1.089e+02
s>            ( - -7.919e+02 1 0)
s>            ( QUESTION0 -1 -2.413e+02 1.378e+02 5.062e+01
s>                ( - -7.437e+01 1 0)
s>                ( - -2.910e+01 1 0)))
s>        ( QUESTION2 -1 -9.669e+02 2.156e+02 1.130e+02
s>            ( QUESTION0_13_R 1 -2.326e+02 1.556e+02 4.127e+01
s>                ( - 3.602e+01 2 0)
s>                ( QUESTION9 1 -1.130e+02 1.396e+02 2.727e+01
s>                    ( - 1.176e+02 1 0)
s>                    ( - -9.100e+01 1 0)))
s>            ( QUESTION0_15_R 1 -5.187e+02 1.634e+02 7.173e+01
s>                ( - -2.146e+02 2 0)
s>                ( - -1.407e+02 6 0 QUESTION13 1 1.275e+02 4.148e+01))))INFO: dtree.c(1351): Comp split 9
INFO: dtree.c(1483): stop. leaf nodes are specific
INFO: dtree.c(1524): Final simple tree
|( QUESTION2 -1 -3.728e+02 1.812e+02 1.251e+02
|    ( QUESTION0_5_R 1 -1.955e+02 1.306e+02 1.071e+02
|        ( - 2.269e+01 1 0)
|        ( - -8.757e+01 1 0))
|    ( QUESTION0_1_R 1 3.940e+00 1.192e+02 1.795e+01
|        ( - 2.291e+01 1 0)
|        ( - 1.003e+02 1 0)))
s>    ( QUESTION2 -1 -3.728e+02 1.812e+02 1.251e+02
s>        ( QUESTION0_5_R 1 -1.955e+02 1.306e+02 1.071e+02
s>            ( - 2.269e+01 1 0)
s>            ( - -8.757e+01 1 0))
s>        ( QUESTION0_1_R 1 3.940e+00 1.192e+02 1.795e+01
s>            ( - 2.291e+01 1 0)
s>            ( - 1.003e+02 1 0)))INFO: dtree.c(1524): Final simple tree
|( QUESTION2 -1 6.003e+01 2.242e+02 1.933e+02
|    ( QUESTION7 1 1.669e+02 2.072e+02 1.179e+02
|        ( - 1.925e+02 1 0)
|        ( QUESTION0_4_R 1 1.817e+02 1.868e+02 1.159e+02
|            ( WDBNDRY_E 0 8.640e+01 1.545e+02 5.780e+01
|                ( QUESTION0_5_R 1 7.134e+01 1.514e+02 5.580e+01
|                    ( - 6.305e+01 1 0)
|                    ( - 1.597e+02 1 0))
|                ( - 1.696e+02 1 0))
|            ( QUESTION0_1_R 1 2.820e+02 1.349e+02 5.813e+01
|                ( - 2.701e+02 1 0)
|                ( - 1.468e+02 2 0 QUESTION0_0_R 1 1.167e+02 8.000e+00))))
|    ( QUESTION0_1_R 1 1.173e+02 1.254e+02 7.533e+01
|        ( - 1.163e+02 1 0)
|        ( - 1.264e+02 5 0 QUESTION0_4_R 1 1.232e+02 7.033e+01)))
s>    ( QUESTION2 -1 6.003e+01 2.242e+02 1.933e+02
s>        ( QUESTION7 1 1.669e+02 2.072e+02 1.179e+02
s>            ( - 1.925e+02 1 0)
s>            ( QUESTION0_4_R 1 1.817e+02 1.868e+02 1.159e+02
s>                ( WDBNDRY_E 0 8.640e+01 1.545e+02 5.780e+01
s>                    ( QUESTION0_5_R 1 7.134e+01 1.514e+02 5.580e+01
s>                        ( - 6.305e+01 1 0)
s>                        ( - 1.597e+02 1 0))
s>                    ( - 1.696e+02 1 0))
s>                ( QUESTION0_1_R 1 2.820e+02 1.349e+02 5.813e+01
s>                    ( - 2.701e+02 1 0)
s>                    ( - 1.468e+02 2 0 QUESTION0_0_R 1 1.167e+02 8.000e+00))))
s>        ( QUESTION0_1_R 1 1.173e+02 1.254e+02 7.533e+01
s>            ( - 1.163e+02 1 0)
s>            ( - 1.264e+02 5 0 QUESTION0_4_R 1 1.232e+02 7.033e+01)))INFO: dtree.c(1351): Comp split 10
INFO: dtree.c(1524): Final simple tree
|( QUESTION8 -1 -5.267e+02 1.706e+02 2.083e+02
|    ( - 6.954e+01 1 0)
|    ( QUESTION2_10_L -1 -4.257e+02 1.347e+02 1.919e+02
|        ( - 1.109e+02 1 0)
|        ( QUESTION2_0_L -1 -4.019e+02 1.154e+02 1.779e+02
|            ( QUESTION2_1_L -1 -7.292e+01 8.648e+01 8.859e+01
|                ( - 5.893e+01 1 0)
|                ( - -4.537e+01 2 0 QUESTION0 -1 8.820e+01 7.217e+01))
|            ( QUESTION2 -1 -2.136e+02 1.076e+02 8.933e+01
|                ( - 6.876e+01 1 0)
|                ( QUESTION0 -1 -1.747e+02 9.834e+01 8.133e+01
|                    ( - 1.510e+01 4 0)
|                    ( QUESTION2_17_L -1 -9.146e+01 2.459e+02 6.033e+01
|                        ( - 2.420e+02 1 0)
|                        ( - -8.754e+01 2 0 SILENCE -1 8.285e+01 5.933e+01)))))))
s>    ( QUESTION8 -1 -5.267e+02 1.706e+02 2.083e+02
s>        ( - 6.954e+01 1 0)
s>        ( QUESTION2_10_L -1 -4.257e+02 1.347e+02 1.919e+02
s>            ( - 1.109e+02 1 0)
s>            ( QUESTION2_0_L -1 -4.019e+02 1.154e+02 1.779e+02
s>                ( QUESTION2_1_L -1 -7.292e+01 8.648e+01 8.859e+01
s>                    ( - 5.893e+01 1 0)
s>                    ( - -4.537e+01 2 0 QUESTION0 -1 8.820e+01 7.217e+01))
s>                ( QUESTION2 -1 -2.136e+02 1.076e+02 8.933e+01
s>                    ( - 6.876e+01 1 0)
s>                    ( QUESTION0 -1 -1.747e+02 9.834e+01 8.133e+01
s>                        ( - 1.510e+01 4 0)
s>                        ( QUESTION2_17_L -1 -9.146e+01 2.459e+02 6.033e+01
s>                            ( - 2.420e+02 1 0)
s>                            ( - -8.754e+01 2 0 SILENCE -1 8.285e+01 5.933e+01)))))))INFO: dtree.c(1351): Comp split 11
INFO: dtree.c(1483): stop. leaf nodes are specific
INFO: dtree.c(1524): Final simple tree
|( QUESTION0_0_R 1 -1.705e+02 1.609e+02 1.091e+02
|    ( - -1.477e+02 1 0)
|    ( QUESTION0 -1 1.381e+02 1.545e+02 9.113e+01
|        ( - 1.563e+02 1 0)
|        ( QUESTION2 -1 1.364e+02 1.152e+02 8.813e+01
|            ( - 2.839e+01 1 0)
|            ( - 2.232e+02 1 0))))
s>    ( QUESTION0_0_R 1 -1.705e+02 1.609e+02 1.091e+02
s>        ( - -1.477e+02 1 0)
s>        ( QUESTION0 -1 1.381e+02 1.545e+02 9.113e+01
s>            ( - 1.563e+02 1 0)
s>            ( QUESTION2 -1 1.364e+02 1.152e+02 8.813e+01
s>                ( - 2.839e+01 1 0)
s>                ( - 2.232e+02 1 0))))INFO: dtree.c(1351): Comp split 12
INFO: dtree.c(1483): stop. leaf nodes are specific
INFO: dtree.c(1524): Final simple tree
|( QUESTION0_0_R 1 -3.909e+02 2.129e+02 7.143e+01
|    ( - -2.910e+01 1 0)
|    ( QUESTION13 1 -1.489e+02 1.295e+02 4.548e+01
|        ( - 1.370e+02 1 0)
|        ( QUESTION2 -1 -1.564e+02 1.238e+02 4.248e+01
|            ( - 1.176e+02 1 0)
|            ( QUESTION0 1 -1.502e+02 1.176e+02 3.848e+01
|                ( - 1.736e+01 1 0)
|                ( QUESTION0 -1 -5.001e+01 1.110e+02 2.948e+01
|                    ( QUESTION0_13_R 1 4.505e+01 1.219e+02 1.700e+01
|                        ( - 1.258e+02 2 0)
|                        ( - 4.115e+01 1 0))
|                    ( - 1.589e+01 1 0))))))
s>    ( QUESTION0_0_R 1 -3.909e+02 2.129e+02 7.143e+01
s>        ( - -2.910e+01 1 0)
s>        ( QUESTION13 1 -1.489e+02 1.295e+02 4.548e+01
s>            ( - 1.370e+02 1 0)
s>            ( QUESTION2 -1 -1.564e+02 1.238e+02 4.248e+01
s>                ( - 1.176e+02 1 0)
s>                ( QUESTION0 1 -1.502e+02 1.176e+02 3.848e+01
s>                    ( - 1.736e+01 1 0)
s>                    ( QUESTION0 -1 -5.001e+01 1.110e+02 2.948e+01
s>                        ( QUESTION0_13_R 1 4.505e+01 1.219e+02 1.700e+01
s>                            ( - 1.258e+02 2 0)
s>                            ( - 4.115e+01 1 0))
s>                        ( - 1.589e+01 1 0))))))INFO: dtree.c(1483): stop. leaf nodes are specific
INFO: dtree.c(1524): Final simple tree
|( QUESTION2 -1 -1.768e+03 1.960e+02 1.504e+02
|    ( QUESTION0_13_R 1 -2.035e+02 1.485e+02 3.727e+01
|        ( - 3.602e+01 2 0)
|        ( - -9.100e+01 1 0))
|    ( QUESTION0 -1 -1.368e+03 1.756e+02 1.132e+02
|        ( QUESTION0_0_R 1 -4.008e+02 1.118e+02 5.491e+01
|            ( - -7.437e+01 1 0)
|            ( - -2.146e+02 2 0))
|        ( - -7.919e+02 1 0)))
s>    ( QUESTION2 -1 -1.768e+03 1.960e+02 1.504e+02
s>        ( QUESTION0_13_R 1 -2.035e+02 1.485e+02 3.727e+01
s>            ( - 3.602e+01 2 0)
s>            ( - -9.100e+01 1 0))
s>        ( QUESTION0 -1 -1.368e+03 1.756e+02 1.132e+02
s>            ( QUESTION0_0_R 1 -4.008e+02 1.118e+02 5.491e+01
s>                ( - -7.437e+01 1 0)
s>                ( - -2.146e+02 2 0))
s>            ( - -7.919e+02 1 0)))INFO: dtree.c(1351): Comp split 13
INFO: dtree.c(1483): stop. leaf nodes are specific
INFO: dtree.c(1524): Final simple tree
|( QUESTION0_5_R 1 1.833e+02 1.858e+02 1.129e+02
|    ( WDBNDRY_E 0 7.440e+01 1.582e+02 4.810e+01
|        ( - 6.305e+01 1 0)
|        ( - 1.696e+02 1 0))
|    ( QUESTION0_1_R 1 2.947e+02 1.460e+02 6.483e+01
|        ( QUESTION2 -1 2.810e+02 1.054e+02 5.513e+01
|            ( - 2.701e+02 1 0)
|            ( - 1.163e+02 1 0))
|        ( - 1.597e+02 1 0)))
s>    ( QUESTION0_5_R 1 1.833e+02 1.858e+02 1.129e+02
s>        ( WDBNDRY_E 0 7.440e+01 1.582e+02 4.810e+01
s>            ( - 6.305e+01 1 0)
s>            ( - 1.696e+02 1 0))
s>        ( QUESTION0_1_R 1 2.947e+02 1.460e+02 6.483e+01
s>            ( QUESTION2 -1 2.810e+02 1.054e+02 5.513e+01
s>                ( - 2.701e+02 1 0)
s>                ( - 1.163e+02 1 0))
s>            ( - 1.597e+02 1 0)))INFO: dtree.c(1524): Final simple tree
|( QUESTION0_8_R 1 1.433e+02 2.021e+02 8.033e+01
|    ( - 1.925e+02 1 0)
|    ( QUESTION0_0_R 1 1.529e+02 1.251e+02 7.833e+01
|        ( QUESTION0 -1 9.952e+01 1.370e+02 3.220e+01
|            ( - 9.978e+01 1 0)
|            ( QUESTION0_3_R 1 1.367e+02 1.281e+02 1.100e+01
|                ( QUESTION2 -1 1.203e+02 1.365e+02 7.000e+00
|                    ( - 1.255e+02 1 0)
|                    ( - 1.314e+02 1 0))
|                ( - 1.445e+02 1 0)))
|        ( QUESTION11 -1 1.785e+02 1.228e+02 4.612e+01
|            ( - 1.648e+02 1 0)
|            ( QUESTION0 -1 1.364e+02 1.006e+02 1.661e+01
|                ( - 9.898e+01 1 0)
|                ( - 1.380e+02 1 0)))))
s>    ( QUESTION0_8_R 1 1.433e+02 2.021e+02 8.033e+01
s>        ( - 1.925e+02 1 0)
s>        ( QUESTION0_0_R 1 1.529e+02 1.251e+02 7.833e+01
s>            ( QUESTION0 -1 9.952e+01 1.370e+02 3.220e+01
s>                ( - 9.978e+01 1 0)
s>                ( QUESTION0_3_R 1 1.367e+02 1.281e+02 1.100e+01
s>                    ( QUESTION2 -1 1.203e+02 1.365e+02 7.000e+00
s>                        ( - 1.255e+02 1 0)
s>                        ( - 1.314e+02 1 0))
s>                    ( - 1.445e+02 1 0)))
s>            ( QUESTION11 -1 1.785e+02 1.228e+02 4.612e+01
s>                ( - 1.648e+02 1 0)
s>                ( QUESTION0 -1 1.364e+02 1.006e+02 1.661e+01
s>                    ( - 9.898e+01 1 0)
s>                    ( - 1.380e+02 1 0)))))INFO: dtree.c(1351): Comp split 14
INFO: dtree.c(1524): Final simple tree
|( QUESTION8 -1 -5.228e+02 1.706e+02 2.073e+02
|    ( - 6.954e+01 1 0)
|    ( QUESTION2_10_L -1 -4.217e+02 1.344e+02 1.909e+02
|        ( - 1.109e+02 1 0)
|        ( QUESTION2_0_L -1 -3.982e+02 1.175e+02 1.769e+02
|            ( QUESTION2_1_L -1 -7.292e+01 8.648e+01 8.859e+01
|                ( - 5.893e+01 1 0)
|                ( QUESTION0 -1 -4.537e+01 8.820e+01 7.217e+01
|                    ( - 6.489e+01 1 0)
|                    ( - -2.207e+01 1 0)))
|            ( QUESTION2 -1 -2.079e+02 1.070e+02 8.833e+01
|                ( - 6.876e+01 1 0)
|                ( QUESTION0 -1 -1.696e+02 9.720e+01 8.033e+01
|                    ( - 1.510e+01 4 0)
|                    ( - -8.754e+01 2 0 SILENCE -1 8.285e+01 5.933e+01))))))
s>    ( QUESTION8 -1 -5.228e+02 1.706e+02 2.073e+02
s>        ( - 6.954e+01 1 0)
s>        ( QUESTION2_10_L -1 -4.217e+02 1.344e+02 1.909e+02
s>            ( - 1.109e+02 1 0)
s>            ( QUESTION2_0_L -1 -3.982e+02 1.175e+02 1.769e+02
s>                ( QUESTION2_1_L -1 -7.292e+01 8.648e+01 8.859e+01
s>                    ( - 5.893e+01 1 0)
s>                    ( QUESTION0 -1 -4.537e+01 8.820e+01 7.217e+01
s>                        ( - 6.489e+01 1 0)
s>                        ( - -2.207e+01 1 0)))
s>                ( QUESTION2 -1 -2.079e+02 1.070e+02 8.833e+01
s>                    ( - 6.876e+01 1 0)
s>                    ( QUESTION0 -1 -1.696e+02 9.720e+01 8.033e+01
s>                        ( - 1.510e+01 4 0)
s>                        ( - -8.754e+01 2 0 SILENCE -1 8.285e+01 5.933e+01))))))INFO: dtree.c(1351): Comp split 15
INFO: dtree.c(1483): stop. leaf nodes are specific
INFO: dtree.c(1524): Final simple tree
|( WDBNDRY_E 0 -7.856e+02 1.534e+02 9.642e+01
|    ( QUESTION0_13_R 1 -7.581e+02 1.513e+02 9.342e+01
|        ( - -3.299e+02 3 0)
|        ( - -2.768e+02 2 0))
|    ( - 1.259e+02 1 0))
s>    ( WDBNDRY_E 0 -7.856e+02 1.534e+02 9.642e+01
s>        ( QUESTION0_13_R 1 -7.581e+02 1.513e+02 9.342e+01
s>            ( - -3.299e+02 3 0)
s>            ( - -2.768e+02 2 0))
s>        ( - 1.259e+02 1 0))INFO: dtree.c(1483): stop. leaf nodes are specific
INFO: dtree.c(1524): Final simple tree
|( QUESTION0 1 -7.923e+02 1.400e+02 1.111e+02
|    ( QUESTION0_13_R 1 -7.131e+02 1.297e+02 1.041e+02
|        ( - -5.074e+02 2 0)
|        ( - -7.592e+01 2 0))
|    ( - 6.082e+01 1 0))
s>    ( QUESTION0 1 -7.923e+02 1.400e+02 1.111e+02
s>        ( QUESTION0_13_R 1 -7.131e+02 1.297e+02 1.041e+02
s>            ( - -5.074e+02 2 0)
s>            ( - -7.592e+01 2 0))
s>        ( - 6.082e+01 1 0))INFO: dtree.c(1351): Comp split 16
INFO: dtree.c(1483): stop. leaf nodes are specific
INFO: dtree.c(1524): Final simple tree
|( QUESTION0 -1 1.388e+02 1.261e+02 2.201e+01
|    ( - 1.673e+02 1 0)
|    ( QUESTION3 1 9.751e+01 8.620e+01 1.801e+01
|        ( - 7.895e+01 1 0)
|        ( - 1.048e+02 1 0)))
s>    ( QUESTION0 -1 1.388e+02 1.261e+02 2.201e+01
s>        ( - 1.673e+02 1 0)
s>        ( QUESTION3 1 9.751e+01 8.620e+01 1.801e+01
s>            ( - 7.895e+01 1 0)
s>            ( - 1.048e+02 1 0)))INFO: dtree.c(1483): stop. leaf nodes are specific
INFO: dtree.c(1524): Final simple tree
|( QUESTION0_9_R 1 -2.463e+03 1.305e+02 2.932e+02
|    ( QUESTION11 -1 -2.479e+03 1.324e+02 2.882e+02
|        ( - -2.376e+03 1 0)
|        ( QUESTION0 -1 2.972e+01 1.105e+02 9.000e+00
|            ( - 5.333e+01 1 0)
|            ( - 8.685e+01 1 0)))
|    ( - 1.463e+02 1 0))
s>    ( QUESTION0_9_R 1 -2.463e+03 1.305e+02 2.932e+02
s>        ( QUESTION11 -1 -2.479e+03 1.324e+02 2.882e+02
s>            ( - -2.376e+03 1 0)
s>            ( QUESTION0 -1 2.972e+01 1.105e+02 9.000e+00
s>                ( - 5.333e+01 1 0)
s>                ( - 8.685e+01 1 0)))
s>        ( - 1.463e+02 1 0))INFO: dtree.c(1351): Comp split 17
INFO: dtree.c(1524): Final simple tree
|( QUESTION5 -1 1.750e+03 2.236e+02 4.707e+02
|    ( - 2.417e+02 1 0)
|    ( QUESTION2 -1 1.732e+03 1.579e+02 4.697e+02
|        ( - 7.178e+02 3 0 QUESTION10 -1 1.138e+02 1.559e+02)
|        ( QUESTION16 -1 1.172e+03 1.464e+02 3.138e+02
|            ( - 1.526e+02 1 0)
|            ( QUESTION12 -1 1.166e+03 1.396e+02 3.118e+02
|                ( QUESTION2_0_L -1 1.328e+02 1.239e+02 3.354e+01
|                    ( - 1.355e+02 1 0)
|                    ( - 1.213e+02 1 0))
|                ( QUESTION2_2_L -1 1.172e+03 1.528e+02 2.782e+02
|                    ( - 1.460e+02 1 0)
|                    ( QUESTION1 -1 1.179e+03 1.306e+02 2.762e+02
|                        ( - 3.330e+02 1 0)
|                        ( - 9.766e+02 7 0 SILENCE -1 1.079e+02 2.378e+02)))))))
s>    ( QUESTION5 -1 1.750e+03 2.236e+02 4.707e+02
s>        ( - 2.417e+02 1 0)
s>        ( QUESTION2 -1 1.732e+03 1.579e+02 4.697e+02
s>            ( - 7.178e+02 3 0 QUESTION10 -1 1.138e+02 1.559e+02)
s>            ( QUESTION16 -1 1.172e+03 1.464e+02 3.138e+02
s>                ( - 1.526e+02 1 0)
s>                ( QUESTION12 -1 1.166e+03 1.396e+02 3.118e+02
s>                    ( QUESTION2_0_L -1 1.328e+02 1.239e+02 3.354e+01
s>                        ( - 1.355e+02 1 0)
s>                        ( - 1.213e+02 1 0))
s>                    ( QUESTION2_2_L -1 1.172e+03 1.528e+02 2.782e+02
s>                        ( - 1.460e+02 1 0)
s>                        ( QUESTION1 -1 1.179e+03 1.306e+02 2.762e+02
s>                            ( - 3.330e+02 1 0)
s>                            ( - 9.766e+02 7 0 SILENCE -1 1.079e+02 2.378e+02)))))))INFO: dtree.c(1351): Comp split 18
INFO: dtree.c(1524): Final simple tree
|( QUESTION2 -1 1.732e+03 1.579e+02 4.697e+02
|    ( QUESTION10 -1 7.178e+02 1.138e+02 1.559e+02
|        ( - 5.602e+02 1 0)
|        ( - 2.713e+02 2 0 QUESTION3 -1 8.937e+01 3.665e+01))
|    ( QUESTION16 -1 1.172e+03 1.464e+02 3.138e+02
|        ( - 1.526e+02 1 0)
|        ( QUESTION12 -1 1.166e+03 1.396e+02 3.118e+02
|            ( QUESTION2_0_L -1 1.328e+02 1.239e+02 3.354e+01
|                ( - 1.355e+02 1 0)
|                ( - 1.213e+02 1 0))
|            ( QUESTION2_2_L -1 1.172e+03 1.528e+02 2.782e+02
|                ( - 1.460e+02 1 0)
|                ( QUESTION1 -1 1.179e+03 1.306e+02 2.762e+02
|                    ( - 3.330e+02 1 0)
|                    ( - 9.766e+02 7 0 SILENCE -1 1.079e+02 2.378e+02))))))
s>    ( QUESTION2 -1 1.732e+03 1.579e+02 4.697e+02
s>        ( QUESTION10 -1 7.178e+02 1.138e+02 1.559e+02
s>            ( - 5.602e+02 1 0)
s>            ( - 2.713e+02 2 0 QUESTION3 -1 8.937e+01 3.665e+01))
s>        ( QUESTION16 -1 1.172e+03 1.464e+02 3.138e+02
s>            ( - 1.526e+02 1 0)
s>            ( QUESTION12 -1 1.166e+03 1.396e+02 3.118e+02
s>                ( QUESTION2_0_L -1 1.328e+02 1.239e+02 3.354e+01
s>                    ( - 1.355e+02 1 0)
s>                    ( - 1.213e+02 1 0))
s>                ( QUESTION2_2_L -1 1.172e+03 1.528e+02 2.782e+02
s>                    ( - 1.460e+02 1 0)
s>                    ( QUESTION1 -1 1.179e+03 1.306e+02 2.762e+02
s>                        ( - 3.330e+02 1 0)
s>                        ( - 9.766e+02 7 0 SILENCE -1 1.079e+02 2.378e+02))))))INFO: dtree.c(1351): Comp split 19
INFO: dtree.c(1483): stop. leaf nodes are specific
INFO: dtree.c(1524): Final simple tree
|( QUESTION13 1 -1.489e+02 1.295e+02 4.548e+01
|    ( - 1.370e+02 1 0)
|    ( QUESTION2 -1 -1.564e+02 1.238e+02 4.248e+01
|        ( - 1.176e+02 1 0)
|        ( QUESTION0 1 -1.502e+02 1.176e+02 3.848e+01
|            ( - 1.736e+01 1 0)
|            ( QUESTION0 -1 -5.001e+01 1.110e+02 2.948e+01
|                ( QUESTION0_13_R 1 4.505e+01 1.219e+02 1.700e+01
|                    ( - 1.258e+02 2 0)
|                    ( - 4.115e+01 1 0))
|                ( - 1.589e+01 1 0)))))
s>    ( QUESTION13 1 -1.489e+02 1.295e+02 4.548e+01
s>        ( - 1.370e+02 1 0)
s>        ( QUESTION2 -1 -1.564e+02 1.238e+02 4.248e+01
s>            ( - 1.176e+02 1 0)
s>            ( QUESTION0 1 -1.502e+02 1.176e+02 3.848e+01
s>                ( - 1.736e+01 1 0)
s>                ( QUESTION0 -1 -5.001e+01 1.110e+02 2.948e+01
s>                    ( QUESTION0_13_R 1 4.505e+01 1.219e+02 1.700e+01
s>                        ( - 1.258e+02 2 0)
s>                        ( - 4.115e+01 1 0))
s>                    ( - 1.589e+01 1 0)))))INFO: dtree.c(1351): Comp split 20
INFO: dtree.c(1483): stop. leaf nodes are specific
INFO: dtree.c(1524): Final simple tree
|( QUESTION0_8_R 1 3.223e+02 1.461e+02 6.683e+01
|    ( - 1.597e+02 1 0)
|    ( WDBNDRY_E 0 3.088e+02 1.418e+02 5.713e+01
|        ( QUESTION2 -1 2.810e+02 1.054e+02 5.513e+01
|            ( - 2.701e+02 1 0)
|            ( - 1.163e+02 1 0))
|        ( - 1.696e+02 1 0)))
s>    ( QUESTION0_8_R 1 3.223e+02 1.461e+02 6.683e+01
s>        ( - 1.597e+02 1 0)
s>        ( WDBNDRY_E 0 3.088e+02 1.418e+02 5.713e+01
s>            ( QUESTION2 -1 2.810e+02 1.054e+02 5.513e+01
s>                ( - 2.701e+02 1 0)
s>                ( - 1.163e+02 1 0))
s>            ( - 1.696e+02 1 0)))INFO: dtree.c(1351): Comp split 21
INFO: dtree.c(1483): stop. leaf nodes are specific
INFO: dtree.c(1524): Final simple tree
|( QUESTION0_0_R 1 1.529e+02 1.251e+02 7.833e+01
|    ( QUESTION0 -1 9.952e+01 1.370e+02 3.220e+01
|        ( - 9.978e+01 1 0)
|        ( QUESTION0_3_R 1 1.367e+02 1.281e+02 1.100e+01
|            ( QUESTION2 -1 1.203e+02 1.365e+02 7.000e+00
|                ( - 1.255e+02 1 0)
|                ( - 1.314e+02 1 0))
|            ( - 1.445e+02 1 0)))
|    ( QUESTION11 -1 1.785e+02 1.228e+02 4.612e+01
|        ( - 1.648e+02 1 0)
|        ( QUESTION0 -1 1.364e+02 1.006e+02 1.661e+01
|            ( - 9.898e+01 1 0)
|            ( - 1.380e+02 1 0))))
s>    ( QUESTION0_0_R 1 1.529e+02 1.251e+02 7.833e+01
s>        ( QUESTION0 -1 9.952e+01 1.370e+02 3.220e+01
s>            ( - 9.978e+01 1 0)
s>            ( QUESTION0_3_R 1 1.367e+02 1.281e+02 1.100e+01
s>                ( QUESTION2 -1 1.203e+02 1.365e+02 7.000e+00
s>                    ( - 1.255e+02 1 0)
s>                    ( - 1.314e+02 1 0))
s>                ( - 1.445e+02 1 0)))
s>        ( QUESTION11 -1 1.785e+02 1.228e+02 4.612e+01
s>            ( - 1.648e+02 1 0)
s>            ( QUESTION0 -1 1.364e+02 1.006e+02 1.661e+01
s>                ( - 9.898e+01 1 0)
s>                ( - 1.380e+02 1 0))))INFO: dtree.c(1351): Comp split 22
INFO: dtree.c(1483): stop. leaf nodes are specific
INFO: dtree.c(1524): Final simple tree
|( QUESTION0 -1 -1.368e+03 1.756e+02 1.132e+02
|    ( QUESTION0_0_R 1 -4.008e+02 1.118e+02 5.491e+01
|        ( - -7.437e+01 1 0)
|        ( - -2.146e+02 2 0))
|    ( - -7.919e+02 1 0))
s>    ( QUESTION0 -1 -1.368e+03 1.756e+02 1.132e+02
s>        ( QUESTION0_0_R 1 -4.008e+02 1.118e+02 5.491e+01
s>            ( - -7.437e+01 1 0)
s>            ( - -2.146e+02 2 0))
s>        ( - -7.919e+02 1 0))INFO: dtree.c(1483): stop. leaf nodes are specific
INFO: dtree.c(1524): Final simple tree
|( QUESTION0_13_R 1 -2.035e+02 1.485e+02 3.727e+01
|    ( - 3.602e+01 2 0)
|    ( - -9.100e+01 1 0))
s>    ( QUESTION0_13_R 1 -2.035e+02 1.485e+02 3.727e+01
s>        ( - 3.602e+01 2 0)
s>        ( - -9.100e+01 1 0))INFO: dtree.c(1351): Comp split 23
INFO: dtree.c(1351): Comp split 24
INFO: dtree.c(1483): stop. leaf nodes are specific
INFO: dtree.c(1524): Final simple tree
|( QUESTION15 -1 1.169e+03 1.320e+02 3.038e+02
|    ( - 3.330e+02 1 0)
|    ( QUESTION1 -1 9.684e+02 1.295e+02 2.653e+02
|        ( - 1.213e+02 1 0)
|        ( SILENCE -1 9.766e+02 1.079e+02 2.378e+02
|            ( - 4.137e+02 1 0)
|            ( QUESTION2_9_L -1 6.708e+02 1.021e+02 1.963e+02
|                ( - 1.797e+02 2 0)
|                ( QUESTION2_0_L -1 5.933e+02 8.780e+01 1.712e+02
|                    ( - 3.823e+02 1 0)
|                    ( - 2.988e+02 3 0))))))
s>    ( QUESTION15 -1 1.169e+03 1.320e+02 3.038e+02
s>        ( - 3.330e+02 1 0)
s>        ( QUESTION1 -1 9.684e+02 1.295e+02 2.653e+02
s>            ( - 1.213e+02 1 0)
s>            ( SILENCE -1 9.766e+02 1.079e+02 2.378e+02
s>                ( - 4.137e+02 1 0)
s>                ( QUESTION2_9_L -1 6.708e+02 1.021e+02 1.963e+02
s>                    ( - 1.797e+02 2 0)
s>                    ( QUESTION2_0_L -1 5.933e+02 8.780e+01 1.712e+02
s>                        ( - 3.823e+02 1 0)
s>                        ( - 2.988e+02 3 0))))))INFO: dtree.c(1483): stop. leaf nodes are specific
INFO: dtree.c(1524): Final simple tree
|( QUESTION0 -1 7.461e+02 1.483e+02 1.659e+02
|    ( - 1.460e+02 1 0)
|    ( QUESTION15 -1 7.484e+02 1.440e+02 1.639e+02
|        ( - 1.526e+02 1 0)
|        ( QUESTION10 -1 7.398e+02 1.148e+02 1.619e+02
|            ( - 5.602e+02 1 0)
|            ( QUESTION2 -1 2.944e+02 1.124e+02 4.265e+01
|                ( QUESTION3 -1 2.713e+02 8.937e+01 3.665e+01
|                    ( - 1.385e+02 1 0)
|                    ( - 2.221e+02 1 0))
|                ( - 1.355e+02 1 0)))))
s>    ( QUESTION0 -1 7.461e+02 1.483e+02 1.659e+02
s>        ( - 1.460e+02 1 0)
s>        ( QUESTION15 -1 7.484e+02 1.440e+02 1.639e+02
s>            ( - 1.526e+02 1 0)
s>            ( QUESTION10 -1 7.398e+02 1.148e+02 1.619e+02
s>                ( - 5.602e+02 1 0)
s>                ( QUESTION2 -1 2.944e+02 1.124e+02 4.265e+01
s>                    ( QUESTION3 -1 2.713e+02 8.937e+01 3.665e+01
s>                        ( - 1.385e+02 1 0)
s>                        ( - 2.221e+02 1 0))
s>                    ( - 1.355e+02 1 0)))))INFO: dtree.c(1351): Comp split 25
INFO: dtree.c(1483): stop. leaf nodes are specific
INFO: dtree.c(1524): Final simple tree
|( QUESTION2 -1 -3.491e+02 1.128e+02 1.605e+02
|    ( - 6.876e+01 1 0)
|    ( SILENCE -1 -3.050e+02 1.073e+02 1.525e+02
|        ( - -9.769e+01 1 0)
|        ( QUESTION0 -1 -1.001e+02 1.051e+02 9.617e+01
|            ( QUESTION2_0_L -1 1.428e+01 6.571e+01 6.439e+01
|                ( - 6.489e+01 1 0)
|                ( - 1.510e+01 4 0))
|            ( QUESTION2_0_L -1 -9.212e+00 8.014e+01 3.178e+01
|                ( - -2.207e+01 1 0)
|                ( - 9.300e+01 1 0)))))
s>    ( QUESTION2 -1 -3.491e+02 1.128e+02 1.605e+02
s>        ( - 6.876e+01 1 0)
s>        ( SILENCE -1 -3.050e+02 1.073e+02 1.525e+02
s>            ( - -9.769e+01 1 0)
s>            ( QUESTION0 -1 -1.001e+02 1.051e+02 9.617e+01
s>                ( QUESTION2_0_L -1 1.428e+01 6.571e+01 6.439e+01
s>                    ( - 6.489e+01 1 0)
s>                    ( - 1.510e+01 4 0))
s>                ( QUESTION2_0_L -1 -9.212e+00 8.014e+01 3.178e+01
s>                    ( - -2.207e+01 1 0)
s>                    ( - 9.300e+01 1 0)))))INFO: dtree.c(1483): stop. leaf nodes are specific
INFO: dtree.c(1524): Final simple tree
|( QUESTION0 -1 7.736e+00 1.403e+02 4.682e+01
|    ( QUESTION2_0_L -1 7.845e+01 9.137e+01 3.043e+01
|        ( - 5.893e+01 1 0)
|        ( - 1.109e+02 1 0))
|    ( - 6.954e+01 1 0))
s>    ( QUESTION0 -1 7.736e+00 1.403e+02 4.682e+01
s>        ( QUESTION2_0_L -1 7.845e+01 9.137e+01 3.043e+01
s>            ( - 5.893e+01 1 0)
s>            ( - 1.109e+02 1 0))
s>        ( - 6.954e+01 1 0))INFO: dtree.c(1351): Comp split 26
INFO: dtree.c(1483): stop. leaf nodes are specific
INFO: dtree.c(1524): Final simple tree
|( QUESTION0_1_R 1 3.940e+00 1.192e+02 1.795e+01
|    ( - 2.291e+01 1 0)
|    ( - 1.003e+02 1 0))
s>    ( QUESTION0_1_R 1 3.940e+00 1.192e+02 1.795e+01
s>        ( - 2.291e+01 1 0)
s>        ( - 1.003e+02 1 0))INFO: dtree.c(1483): stop. leaf nodes are specific
INFO: dtree.c(1524): Final simple tree
|( QUESTION0_5_R 1 -1.955e+02 1.306e+02 1.071e+02
|    ( - 2.269e+01 1 0)
|    ( - -8.757e+01 1 0))
s>    ( QUESTION0_5_R 1 -1.955e+02 1.306e+02 1.071e+02
s>        ( - 2.269e+01 1 0)
s>        ( - -8.757e+01 1 0))INFO: dtree.c(1351): Comp split 27
INFO: dtree.c(1483): stop. leaf nodes are specific
INFO: dtree.c(1524): Final simple tree
|( QUESTION2 -1 1.364e+02 1.152e+02 8.813e+01
|    ( - 2.839e+01 1 0)
|    ( - 2.232e+02 1 0))
s>    ( QUESTION2 -1 1.364e+02 1.152e+02 8.813e+01
s>        ( - 2.839e+01 1 0)
s>        ( - 2.232e+02 1 0))INFO: dtree.c(1483): stop. leaf nodes are specific
INFO: dtree.c(1524): Final simple tree
|( QUESTION0_0_R 1 -1.259e+02 1.345e+02 2.100e+01
|    ( - -1.477e+02 1 0)
|    ( - 1.563e+02 1 0))
s>    ( QUESTION0_0_R 1 -1.259e+02 1.345e+02 2.100e+01
s>        ( - -1.477e+02 1 0)
s>        ( - 1.563e+02 1 0))INFO: dtree.c(1351): Comp split 28
INFO: dtree.c(1483): stop. leaf nodes are specific
INFO: dtree.c(1524): Final simple tree
|( QUESTION0_0_R 1 -4.008e+02 1.118e+02 5.491e+01
|    ( - -7.437e+01 1 0)
|    ( - -2.146e+02 2 0))
s>    ( QUESTION0_0_R 1 -4.008e+02 1.118e+02 5.491e+01
s>        ( - -7.437e+01 1 0)
s>        ( - -2.146e+02 2 0))INFO: dtree.c(1351): Comp split 29
INFO: dtree.c(1483): stop. leaf nodes are specific
INFO: dtree.c(1524): Final simple tree
|( QUESTION2 -1 1.941e+02 1.247e+02 7.533e+01
|    ( QUESTION0_0_R 1 1.468e+02 1.167e+02 8.000e+00
|        ( - 1.255e+02 1 0)
|        ( - 1.380e+02 1 0))
|    ( QUESTION0_4_R 1 1.720e+02 1.239e+02 6.733e+01
|        ( - 1.445e+02 1 0)
|        ( QUESTION0 -1 1.514e+02 1.141e+02 6.333e+01
|            ( QUESTION0_0_R 1 1.007e+02 9.809e+01 3.381e+01
|                ( - 9.978e+01 1 0)
|                ( - 9.898e+01 1 0))
|            ( - 1.648e+02 1 0))))
s>    ( QUESTION2 -1 1.941e+02 1.247e+02 7.533e+01
s>        ( QUESTION0_0_R 1 1.468e+02 1.167e+02 8.000e+00
s>            ( - 1.255e+02 1 0)
s>            ( - 1.380e+02 1 0))
s>        ( QUESTION0_4_R 1 1.720e+02 1.239e+02 6.733e+01
s>            ( - 1.445e+02 1 0)
s>            ( QUESTION0 -1 1.514e+02 1.141e+02 6.333e+01
s>                ( QUESTION0_0_R 1 1.007e+02 9.809e+01 3.381e+01
s>                    ( - 9.978e+01 1 0)
s>                    ( - 9.898e+01 1 0))
s>                ( - 1.648e+02 1 0))))INFO: dtree.c(1351): Comp split 30
INFO: dtree.c(1483): stop. leaf nodes are specific
INFO: dtree.c(1524): Final simple tree
|( QUESTION8 -1 -1.827e+02 1.312e+02 2.154e+02
|    ( - 6.190e+01 1 0)
|    ( QUESTION0 -1 -1.134e+02 8.733e+01 1.311e+02
|        ( - -8.949e+01 1 0)
|        ( - 6.342e+01 1 0)))
s>    ( QUESTION8 -1 -1.827e+02 1.312e+02 2.154e+02
s>        ( - 6.190e+01 1 0)
s>        ( QUESTION0 -1 -1.134e+02 8.733e+01 1.311e+02
s>            ( - -8.949e+01 1 0)
s>            ( - 6.342e+01 1 0)))INFO: dtree.c(1524): Final simple tree
|( QUESTION16 -1 -4.837e+02 1.220e+02 2.032e+02
|    ( - 1.178e+02 1 0)
|    ( QUESTION2_14_L -1 -4.795e+02 1.170e+02 1.992e+02
|        ( QUESTION12 -1 -4.472e+02 1.011e+02 1.235e+02
|            ( QUESTION2_17_L -1 -9.797e+01 1.750e+02 2.639e+01
|                ( - 1.788e+02 1 0)
|                ( - -1.017e+02 1 0))
|            ( QUESTION0 -1 -2.481e+02 7.481e+01 9.709e+01
|                ( - -1.979e+02 4 0)
|                ( - 2.461e+01 1 0)))
|        ( SILENCE -1 8.466e+01 9.001e+01 7.567e+01
|            ( - 2.732e+01 1 0)
|            ( QUESTION0 -1 1.473e+02 7.344e+01 3.627e+01
|                ( - 1.593e+02 1 0)
|                ( - 6.146e+01 1 0)))))
s>    ( QUESTION16 -1 -4.837e+02 1.220e+02 2.032e+02
s>        ( - 1.178e+02 1 0)
s>        ( QUESTION2_14_L -1 -4.795e+02 1.170e+02 1.992e+02
s>            ( QUESTION12 -1 -4.472e+02 1.011e+02 1.235e+02
s>                ( QUESTION2_17_L -1 -9.797e+01 1.750e+02 2.639e+01
s>                    ( - 1.788e+02 1 0)
s>                    ( - -1.017e+02 1 0))
s>                ( QUESTION0 -1 -2.481e+02 7.481e+01 9.709e+01
s>                    ( - -1.979e+02 4 0)
s>                    ( - 2.461e+01 1 0)))
s>            ( SILENCE -1 8.466e+01 9.001e+01 7.567e+01
s>                ( - 2.732e+01 1 0)
s>                ( QUESTION0 -1 1.473e+02 7.344e+01 3.627e+01
s>                    ( - 1.593e+02 1 0)
s>                    ( - 6.146e+01 1 0)))))INFO: dtree.c(1351): Comp split 31
INFO: dtree.c(1483): stop. leaf nodes are specific
INFO: dtree.c(1524): Final simple tree
|( QUESTION16 -1 -4.963e+02 1.223e+02 2.012e+02
|    ( - 1.178e+02 1 0)
|    ( QUESTION2_14_L -1 -4.919e+02 1.197e+02 1.972e+02
|        ( QUESTION12 -1 -4.568e+02 1.069e+02 1.215e+02
|            ( - -1.017e+02 1 0)
|            ( QUESTION0 -1 -2.481e+02 7.481e+01 9.709e+01
|                ( - -1.979e+02 4 0)
|                ( - 2.461e+01 1 0)))
|        ( SILENCE -1 8.466e+01 9.001e+01 7.567e+01
|            ( - 2.732e+01 1 0)
|            ( QUESTION0 -1 1.473e+02 7.344e+01 3.627e+01
|                ( - 1.593e+02 1 0)
|                ( - 6.146e+01 1 0)))))
s>    ( QUESTION16 -1 -4.963e+02 1.223e+02 2.012e+02
s>        ( - 1.178e+02 1 0)
s>        ( QUESTION2_14_L -1 -4.919e+02 1.197e+02 1.972e+02
s>            ( QUESTION12 -1 -4.568e+02 1.069e+02 1.215e+02
s>                ( - -1.017e+02 1 0)
s>                ( QUESTION0 -1 -2.481e+02 7.481e+01 9.709e+01
s>                    ( - -1.979e+02 4 0)
s>                    ( - 2.461e+01 1 0)))
s>            ( SILENCE -1 8.466e+01 9.001e+01 7.567e+01
s>                ( - 2.732e+01 1 0)
s>                ( QUESTION0 -1 1.473e+02 7.344e+01 3.627e+01
s>                    ( - 1.593e+02 1 0)
s>                    ( - 6.146e+01 1 0)))))INFO: dtree.c(1351): Comp split 32
INFO: dtree.c(1483): stop. leaf nodes are specific
INFO: dtree.c(1524): Final simple tree
|( QUESTION0_13_R 1 -7.581e+02 1.513e+02 9.342e+01
|    ( - -3.299e+02 3 0)
|    ( - -2.768e+02 2 0))
s>    ( QUESTION0_13_R 1 -7.581e+02 1.513e+02 9.342e+01
s>        ( - -3.299e+02 3 0)
s>        ( - -2.768e+02 2 0))INFO: dtree.c(1351): Comp split 33
INFO: dtree.c(1351): Comp split 34
INFO: dtree.c(1483): stop. leaf nodes are specific
INFO: dtree.c(1524): Final simple tree
|( QUESTION0 -1 1.514e+02 1.141e+02 6.333e+01
|    ( QUESTION0_0_R 1 1.007e+02 9.809e+01 3.381e+01
|        ( - 9.978e+01 1 0)
|        ( - 9.898e+01 1 0))
|    ( - 1.648e+02 1 0))
s>    ( QUESTION0 -1 1.514e+02 1.141e+02 6.333e+01
s>        ( QUESTION0_0_R 1 1.007e+02 9.809e+01 3.381e+01
s>            ( - 9.978e+01 1 0)
s>            ( - 9.898e+01 1 0))
s>        ( - 1.648e+02 1 0))INFO: dtree.c(1483): stop. leaf nodes are specific
INFO: dtree.c(1524): Final simple tree
|( QUESTION0_3_R 1 1.921e+02 1.110e+02 1.200e+01
|    ( - 1.255e+02 1 0)
|    ( QUESTION0_0_R 1 1.777e+02 1.048e+02 8.000e+00
|        ( - 1.445e+02 1 0)
|        ( - 1.380e+02 1 0)))
s>    ( QUESTION0_3_R 1 1.921e+02 1.110e+02 1.200e+01
s>        ( - 1.255e+02 1 0)
s>        ( QUESTION0_0_R 1 1.777e+02 1.048e+02 8.000e+00
s>            ( - 1.445e+02 1 0)
s>            ( - 1.380e+02 1 0)))INFO: dtree.c(1351): Comp split 35
INFO: dtree.c(1351): Comp split 36
INFO: dtree.c(1483): stop. leaf nodes are specific
INFO: dtree.c(1524): Final simple tree
|( QUESTION15 -1 7.484e+02 1.440e+02 1.639e+02
|    ( - 1.526e+02 1 0)
|    ( QUESTION10 -1 7.398e+02 1.148e+02 1.619e+02
|        ( - 5.602e+02 1 0)
|        ( QUESTION2 -1 2.944e+02 1.124e+02 4.265e+01
|            ( QUESTION3 -1 2.713e+02 8.937e+01 3.665e+01
|                ( - 1.385e+02 1 0)
|                ( - 2.221e+02 1 0))
|            ( - 1.355e+02 1 0))))
s>    ( QUESTION15 -1 7.484e+02 1.440e+02 1.639e+02
s>        ( - 1.526e+02 1 0)
s>        ( QUESTION10 -1 7.398e+02 1.148e+02 1.619e+02
s>            ( - 5.602e+02 1 0)
s>            ( QUESTION2 -1 2.944e+02 1.124e+02 4.265e+01
s>                ( QUESTION3 -1 2.713e+02 8.937e+01 3.665e+01
s>                    ( - 1.385e+02 1 0)
s>                    ( - 2.221e+02 1 0))
s>                ( - 1.355e+02 1 0))))INFO: dtree.c(1351): Comp split 37
INFO: dtree.c(1483): stop. leaf nodes are specific
INFO: dtree.c(1524): Final simple tree
|( WDBNDRY_E 0 1.193e+02 1.160e+02 1.327e+02
|    ( - 1.221e+02 1 0)
|    ( QUESTION2 -1 1.132e+02 1.059e+02 1.287e+02
|        ( - 1.536e+02 1 0)
|        ( QUESTION12 -1 6.547e+01 9.206e+01 1.738e+01
|            ( - 5.130e+01 1 0)
|            ( - 1.062e+02 1 0))))
s>    ( WDBNDRY_E 0 1.193e+02 1.160e+02 1.327e+02
s>        ( - 1.221e+02 1 0)
s>        ( QUESTION2 -1 1.132e+02 1.059e+02 1.287e+02
s>            ( - 1.536e+02 1 0)
s>            ( QUESTION12 -1 6.547e+01 9.206e+01 1.738e+01
s>                ( - 5.130e+01 1 0)
s>                ( - 1.062e+02 1 0))))INFO: dtree.c(1351): Comp split 38
INFO: dtree.c(1483): stop. leaf nodes are specific
INFO: dtree.c(1524): Final simple tree
|( WDBNDRY_E 0 3.088e+02 1.418e+02 5.713e+01
|    ( QUESTION2 -1 2.810e+02 1.054e+02 5.513e+01
|        ( - 2.701e+02 1 0)
|        ( - 1.163e+02 1 0))
|    ( - 1.696e+02 1 0))
s>    ( WDBNDRY_E 0 3.088e+02 1.418e+02 5.713e+01
s>        ( QUESTION2 -1 2.810e+02 1.054e+02 5.513e+01
s>            ( - 2.701e+02 1 0)
s>            ( - 1.163e+02 1 0))
s>        ( - 1.696e+02 1 0))INFO: dtree.c(1351): Comp split 39
INFO: dtree.c(1483): stop. leaf nodes are specific
INFO: dtree.c(1524): Final simple tree
|( QUESTION10 -1 7.398e+02 1.148e+02 1.619e+02
|    ( - 5.602e+02 1 0)
|    ( QUESTION2 -1 2.944e+02 1.124e+02 4.265e+01
|        ( QUESTION3 -1 2.713e+02 8.937e+01 3.665e+01
|            ( - 1.385e+02 1 0)
|            ( - 2.221e+02 1 0))
|        ( - 1.355e+02 1 0)))
s>    ( QUESTION10 -1 7.398e+02 1.148e+02 1.619e+02
s>        ( - 5.602e+02 1 0)
s>        ( QUESTION2 -1 2.944e+02 1.124e+02 4.265e+01
s>            ( QUESTION3 -1 2.713e+02 8.937e+01 3.665e+01
s>                ( - 1.385e+02 1 0)
s>                ( - 2.221e+02 1 0))
s>            ( - 1.355e+02 1 0)))INFO: dtree.c(1351): Comp split 40
INFO: dtree.c(1483): stop. leaf nodes are specific
INFO: dtree.c(1524): Final simple tree
|( QUESTION0 -1 -5.445e+01 1.159e+02 2.100e+01
|    ( QUESTION0_13_R 1 -5.618e+01 1.147e+02 1.700e+01
|        ( - 1.736e+01 1 0)
|        ( - 4.115e+01 1 0))
|    ( - 1.176e+02 1 0))
s>    ( QUESTION0 -1 -5.445e+01 1.159e+02 2.100e+01
s>        ( QUESTION0_13_R 1 -5.618e+01 1.147e+02 1.700e+01
s>            ( - 1.736e+01 1 0)
s>            ( - 4.115e+01 1 0))
s>        ( - 1.176e+02 1 0))INFO: dtree.c(1483): stop. leaf nodes are specific
INFO: dtree.c(1524): Final simple tree
|( QUESTION13 1 4.909e+01 1.260e+02 2.448e+01
|    ( - 1.370e+02 1 0)
|    ( QUESTION0_13_R 1 3.810e+01 1.036e+02 2.148e+01
|        ( - 1.258e+02 2 0)
|        ( - 1.589e+01 1 0)))
s>    ( QUESTION13 1 4.909e+01 1.260e+02 2.448e+01
s>        ( - 1.370e+02 1 0)
s>        ( QUESTION0_13_R 1 3.810e+01 1.036e+02 2.148e+01
s>            ( - 1.258e+02 2 0)
s>            ( - 1.589e+01 1 0)))INFO: dtree.c(1351): Comp split 41
INFO: dtree.c(1483): stop. leaf nodes are specific
INFO: dtree.c(1524): Final simple tree
|( QUESTION0 -1 5.907e+02 1.239e+02 1.987e+02
|    ( QUESTION2_0_L -1 5.933e+02 8.780e+01 1.712e+02
|        ( - 3.823e+02 1 0)
|        ( - 2.988e+02 3 0))
|    ( - 1.213e+02 1 0))
s>    ( QUESTION0 -1 5.907e+02 1.239e+02 1.987e+02
s>        ( QUESTION2_0_L -1 5.933e+02 8.780e+01 1.712e+02
s>            ( - 3.823e+02 1 0)
s>            ( - 2.988e+02 3 0))
s>        ( - 1.213e+02 1 0))INFO: dtree.c(1483): stop. leaf nodes are specific
INFO: dtree.c(1524): Final simple tree
|( QUESTION1 -1 7.216e+02 1.169e+02 1.051e+02
|    ( - 3.330e+02 1 0)
|    ( SILENCE -1 5.055e+02 8.785e+01 6.663e+01
|        ( - 4.137e+02 1 0)
|        ( - 1.797e+02 2 0)))
s>    ( QUESTION1 -1 7.216e+02 1.169e+02 1.051e+02
s>        ( - 3.330e+02 1 0)
s>        ( SILENCE -1 5.055e+02 8.785e+01 6.663e+01
s>            ( - 4.137e+02 1 0)
s>            ( - 1.797e+02 2 0)))INFO: dtree.c(1351): Comp split 42
INFO: dtree.c(1483): stop. leaf nodes are specific
INFO: dtree.c(1524): Final simple tree
|( QUESTION2 -1 2.810e+02 1.054e+02 5.513e+01
|    ( - 2.701e+02 1 0)
|    ( - 1.163e+02 1 0))
s>    ( QUESTION2 -1 2.810e+02 1.054e+02 5.513e+01
s>        ( - 2.701e+02 1 0)
s>        ( - 1.163e+02 1 0))INFO: dtree.c(1351): Comp split 43
INFO: dtree.c(1483): stop. leaf nodes are specific
INFO: dtree.c(1524): Final simple tree
|( QUESTION2_0_L -1 7.845e+01 9.137e+01 3.043e+01
|    ( - 5.893e+01 1 0)
|    ( - 1.109e+02 1 0))
s>    ( QUESTION2_0_L -1 7.845e+01 9.137e+01 3.043e+01
s>        ( - 5.893e+01 1 0)
s>        ( - 1.109e+02 1 0))INFO: dtree.c(1351): Comp split 44
INFO: dtree.c(1483): stop. leaf nodes are specific
INFO: dtree.c(1524): Final simple tree
|( QUESTION0_13_R 1 -7.131e+02 1.297e+02 1.041e+02
|    ( - -5.074e+02 2 0)
|    ( - -7.592e+01 2 0))
s>    ( QUESTION0_13_R 1 -7.131e+02 1.297e+02 1.041e+02
s>        ( - -5.074e+02 2 0)
s>        ( - -7.592e+01 2 0))INFO: dtree.c(1351): Comp split 45
INFO: dtree.c(1351): Comp split 46
INFO: dtree.c(1483): stop. leaf nodes are specific
INFO: dtree.c(1524): Final simple tree
|( QUESTION0 -1 2.972e+01 1.105e+02 9.000e+00
|    ( - 5.333e+01 1 0)
|    ( - 8.685e+01 1 0))
s>    ( QUESTION0 -1 2.972e+01 1.105e+02 9.000e+00
s>        ( - 5.333e+01 1 0)
s>        ( - 8.685e+01 1 0))INFO: dtree.c(1483): stop. leaf nodes are specific
INFO: dtree.c(1524): Final simple tree
|( QUESTION0_9_R 1 -2.360e+03 1.301e+02 2.842e+02
|    ( - -2.376e+03 1 0)
|    ( - 1.463e+02 1 0))
s>    ( QUESTION0_9_R 1 -2.360e+03 1.301e+02 2.842e+02
s>        ( - -2.376e+03 1 0)
s>        ( - 1.463e+02 1 0))INFO: dtree.c(1351): Comp split 47
INFO: dtree.c(1483): stop. leaf nodes are specific
INFO: dtree.c(1524): Final simple tree
|( QUESTION0 -1 -1.134e+02 8.733e+01 1.311e+02
|    ( - -8.949e+01 1 0)
|    ( - 6.342e+01 1 0))
s>    ( QUESTION0 -1 -1.134e+02 8.733e+01 1.311e+02
s>        ( - -8.949e+01 1 0)
s>        ( - 6.342e+01 1 0))INFO: dtree.c(1351): Comp split 48
INFO: dtree.c(1351): Comp split 49
INFO: dtree.c(1351): Comp split 50
INFO: dtree.c(1483): stop. leaf nodes are specific
INFO: dtree.c(1524): Final simple tree
|( QUESTION2_9_L -1 -1.841e+02 8.327e+01 1.334e+02
|    ( QUESTION0 -1 1.473e+02 7.344e+01 3.627e+01
|        ( - 1.593e+02 1 0)
|        ( - 6.146e+01 1 0))
|    ( QUESTION0 -1 -2.481e+02 7.481e+01 9.709e+01
|        ( - -1.979e+02 4 0)
|        ( - 2.461e+01 1 0)))
s>    ( QUESTION2_9_L -1 -1.841e+02 8.327e+01 1.334e+02
s>        ( QUESTION0 -1 1.473e+02 7.344e+01 3.627e+01
s>            ( - 1.593e+02 1 0)
s>            ( - 6.146e+01 1 0))
s>        ( QUESTION0 -1 -2.481e+02 7.481e+01 9.709e+01
s>            ( - -1.979e+02 4 0)
s>            ( - 2.461e+01 1 0)))INFO: dtree.c(1483): stop. leaf nodes are specific
INFO: dtree.c(1524): Final simple tree
|( QUESTION15 -1 -1.823e+02 1.147e+02 6.779e+01
|    ( - 1.178e+02 1 0)
|    ( SILENCE -1 -1.854e+02 1.110e+02 6.379e+01
|        ( - 2.732e+01 1 0)
|        ( - -1.017e+02 1 0)))
s>    ( QUESTION15 -1 -1.823e+02 1.147e+02 6.779e+01
s>        ( - 1.178e+02 1 0)
s>        ( SILENCE -1 -1.854e+02 1.110e+02 6.379e+01
s>            ( - 2.732e+01 1 0)
s>            ( - -1.017e+02 1 0)))INFO: dtree.c(1351): Comp split 51
INFO: dtree.c(1351): Comp split 52
INFO: dtree.c(1483): stop. leaf nodes are specific
INFO: dtree.c(1524): Final simple tree
|( QUESTION3 1 9.751e+01 8.620e+01 1.801e+01
|    ( - 7.895e+01 1 0)
|    ( - 1.048e+02 1 0))
s>    ( QUESTION3 1 9.751e+01 8.620e+01 1.801e+01
s>        ( - 7.895e+01 1 0)
s>        ( - 1.048e+02 1 0))INFO: dtree.c(1351): Comp split 53
INFO: dtree.c(1483): stop. leaf nodes are specific
INFO: dtree.c(1524): Final simple tree
|( QUESTION0_13_R 1 3.810e+01 1.036e+02 2.148e+01
|    ( - 1.258e+02 2 0)
|    ( - 1.589e+01 1 0))
s>    ( QUESTION0_13_R 1 3.810e+01 1.036e+02 2.148e+01
s>        ( - 1.258e+02 2 0)
s>        ( - 1.589e+01 1 0))INFO: dtree.c(1351): Comp split 54
INFO: dtree.c(1483): stop. leaf nodes are specific
INFO: dtree.c(1524): Final simple tree
|( WDBNDRY_E 0 9.114e+01 9.645e+01 2.138e+01
|    ( - 1.221e+02 1 0)
|    ( QUESTION12 -1 6.547e+01 9.206e+01 1.738e+01
|        ( - 5.130e+01 1 0)
|        ( - 1.062e+02 1 0)))
s>    ( WDBNDRY_E 0 9.114e+01 9.645e+01 2.138e+01
s>        ( - 1.221e+02 1 0)
s>        ( QUESTION12 -1 6.547e+01 9.206e+01 1.738e+01
s>            ( - 5.130e+01 1 0)
s>            ( - 1.062e+02 1 0)))INFO: dtree.c(1351): Comp split 55
INFO: dtree.c(1483): stop. leaf nodes are specific
INFO: dtree.c(1524): Final simple tree
|( QUESTION2_0_L -1 5.933e+02 8.780e+01 1.712e+02
|    ( - 3.823e+02 1 0)
|    ( - 2.988e+02 3 0))
s>    ( QUESTION2_0_L -1 5.933e+02 8.780e+01 1.712e+02
s>        ( - 3.823e+02 1 0)
s>        ( - 2.988e+02 3 0))INFO: dtree.c(1351): Comp split 56
INFO: dtree.c(1351): Comp split 57
INFO: dtree.c(1483): stop. leaf nodes are specific
INFO: dtree.c(1524): Final simple tree
|( SILENCE -1 5.055e+02 8.785e+01 6.663e+01
|    ( - 4.137e+02 1 0)
|    ( - 1.797e+02 2 0))
s>    ( SILENCE -1 5.055e+02 8.785e+01 6.663e+01
s>        ( - 4.137e+02 1 0)
s>        ( - 1.797e+02 2 0))INFO: dtree.c(1351): Comp split 58
INFO: dtree.c(1483): stop. leaf nodes are specific
INFO: dtree.c(1524): Final simple tree
|( QUESTION0_13_R 1 2.108e+01 1.139e+02 1.300e+01
|    ( - 1.736e+01 1 0)
|    ( - 1.176e+02 1 0))
s>    ( QUESTION0_13_R 1 2.108e+01 1.139e+02 1.300e+01
s>        ( - 1.736e+01 1 0)
s>        ( - 1.176e+02 1 0))INFO: dtree.c(1351): Comp split 59
INFO: dtree.c(1351): Comp split 60
INFO: dtree.c(1483): stop. leaf nodes are specific
INFO: dtree.c(1524): Final simple tree
|( QUESTION2 -1 2.944e+02 1.124e+02 4.265e+01
|    ( QUESTION3 -1 2.713e+02 8.937e+01 3.665e+01
|        ( - 1.385e+02 1 0)
|        ( - 2.221e+02 1 0))
|    ( - 1.355e+02 1 0))
s>    ( QUESTION2 -1 2.944e+02 1.124e+02 4.265e+01
s>        ( QUESTION3 -1 2.713e+02 8.937e+01 3.665e+01
s>            ( - 1.385e+02 1 0)
s>            ( - 2.221e+02 1 0))
s>        ( - 1.355e+02 1 0))INFO: dtree.c(1351): Comp split 61
INFO: dtree.c(1483): stop. leaf nodes are specific
INFO: dtree.c(1524): Final simple tree
|( SILENCE -1 -1.854e+02 1.110e+02 6.379e+01
|    ( - 2.732e+01 1 0)
|    ( - -1.017e+02 1 0))
s>    ( SILENCE -1 -1.854e+02 1.110e+02 6.379e+01
s>        ( - 2.732e+01 1 0)
s>        ( - -1.017e+02 1 0))INFO: dtree.c(1351): Comp split 62
INFO: dtree.c(1483): stop. leaf nodes are specific
INFO: dtree.c(1524): Final simple tree
|( QUESTION0_0_R 1 1.007e+02 9.809e+01 3.381e+01
|    ( - 9.978e+01 1 0)
|    ( - 9.898e+01 1 0))
s>    ( QUESTION0_0_R 1 1.007e+02 9.809e+01 3.381e+01
s>        ( - 9.978e+01 1 0)
s>        ( - 9.898e+01 1 0))INFO: dtree.c(1351): Comp split 63
INFO: dtree.c(1351): Comp split 64
INFO: dtree.c(1483): stop. leaf nodes are specific
INFO: dtree.c(1524): Final simple tree
|( QUESTION0 -1 -1.001e+02 1.051e+02 9.617e+01
|    ( QUESTION2_0_L -1 1.428e+01 6.571e+01 6.439e+01
|        ( - 6.489e+01 1 0)
|        ( - 1.510e+01 4 0))
|    ( QUESTION2_0_L -1 -9.212e+00 8.014e+01 3.178e+01
|        ( - -2.207e+01 1 0)
|        ( - 9.300e+01 1 0)))
s>    ( QUESTION0 -1 -1.001e+02 1.051e+02 9.617e+01
s>        ( QUESTION2_0_L -1 1.428e+01 6.571e+01 6.439e+01
s>            ( - 6.489e+01 1 0)
s>            ( - 1.510e+01 4 0))
s>        ( QUESTION2_0_L -1 -9.212e+00 8.014e+01 3.178e+01
s>            ( - -2.207e+01 1 0)
s>            ( - 9.300e+01 1 0)))INFO: dtree.c(1483): stop. leaf nodes are specific
INFO: dtree.c(1524): Final simple tree
|( SILENCE -1 -1.355e+02 1.066e+02 6.433e+01
|    ( - -9.769e+01 1 0)
|    ( - 6.876e+01 1 0))
s>    ( SILENCE -1 -1.355e+02 1.066e+02 6.433e+01
s>        ( - -9.769e+01 1 0)
s>        ( - 6.876e+01 1 0))INFO: dtree.c(1351): Comp split 65
INFO: dtree.c(1483): stop. leaf nodes are specific
INFO: dtree.c(1524): Final simple tree
|( QUESTION3 -1 2.713e+02 8.937e+01 3.665e+01
|    ( - 1.385e+02 1 0)
|    ( - 2.221e+02 1 0))
s>    ( QUESTION3 -1 2.713e+02 8.937e+01 3.665e+01
s>        ( - 1.385e+02 1 0)
s>        ( - 2.221e+02 1 0))INFO: dtree.c(1351): Comp split 66
INFO: dtree.c(1351): Comp split 67
INFO: dtree.c(1483): stop. leaf nodes are specific
INFO: dtree.c(1524): Final simple tree
|( QUESTION0_0_R 1 1.777e+02 1.048e+02 8.000e+00
|    ( - 1.445e+02 1 0)
|    ( - 1.380e+02 1 0))
s>    ( QUESTION0_0_R 1 1.777e+02 1.048e+02 8.000e+00
s>        ( - 1.445e+02 1 0)
s>        ( - 1.380e+02 1 0))INFO: dtree.c(1351): Comp split 68
INFO: dtree.c(1351): Comp split 69
INFO: dtree.c(1351): Comp split 70
INFO: dtree.c(1351): Comp split 71
INFO: dtree.c(1351): Comp split 72
INFO: dtree.c(1483): stop. leaf nodes are specific
INFO: dtree.c(1524): Final simple tree
|( QUESTION2_0_L -1 1.428e+01 6.571e+01 6.439e+01
|    ( - 6.489e+01 1 0)
|    ( - 1.510e+01 4 0))
s>    ( QUESTION2_0_L -1 1.428e+01 6.571e+01 6.439e+01
s>        ( - 6.489e+01 1 0)
s>        ( - 1.510e+01 4 0))INFO: dtree.c(1483): stop. leaf nodes are specific
INFO: dtree.c(1524): Final simple tree
|( QUESTION2_0_L -1 -9.212e+00 8.014e+01 3.178e+01
|    ( - -2.207e+01 1 0)
|    ( - 9.300e+01 1 0))
s>    ( QUESTION2_0_L -1 -9.212e+00 8.014e+01 3.178e+01
s>        ( - -2.207e+01 1 0)
s>        ( - 9.300e+01 1 0))INFO: dtree.c(1351): Comp split 73
INFO: dtree.c(1351): Comp split 74
INFO: dtree.c(1351): Comp split 75
INFO: dtree.c(1351): Comp split 76
INFO: dtree.c(1483): stop. leaf nodes are specific
INFO: dtree.c(1524): Final simple tree
|( QUESTION12 -1 6.547e+01 9.206e+01 1.738e+01
|    ( - 5.130e+01 1 0)
|    ( - 1.062e+02 1 0))
s>    ( QUESTION12 -1 6.547e+01 9.206e+01 1.738e+01
s>        ( - 5.130e+01 1 0)
s>        ( - 1.062e+02 1 0))INFO: dtree.c(1351): Comp split 77
INFO: dtree.c(1351): Comp split 78
INFO: dtree.c(1351): Comp split 79
INFO: dtree.c(1351): Comp split 80
INFO: dtree.c(1351): Comp split 81
INFO: dtree.c(1351): Comp split 82
INFO: dtree.c(1351): Comp split 83
INFO: dtree.c(1351): Comp split 84
INFO: dtree.c(1483): stop. leaf nodes are specific
INFO: dtree.c(1524): Final simple tree
|( QUESTION0 -1 -2.481e+02 7.481e+01 9.709e+01
|    ( - -1.979e+02 4 0)
|    ( - 2.461e+01 1 0))
s>    ( QUESTION0 -1 -2.481e+02 7.481e+01 9.709e+01
s>        ( - -1.979e+02 4 0)
s>        ( - 2.461e+01 1 0))INFO: dtree.c(1483): stop. leaf nodes are specific
INFO: dtree.c(1524): Final simple tree
|( QUESTION0 -1 1.473e+02 7.344e+01 3.627e+01
|    ( - 1.593e+02 1 0)
|    ( - 6.146e+01 1 0))
s>    ( QUESTION0 -1 1.473e+02 7.344e+01 3.627e+01
s>        ( - 1.593e+02 1 0)
s>        ( - 6.146e+01 1 0))INFO: dtree.c(1351): Comp split 85
INFO: dtree.c(1351): Comp split 86
INFO: dtree.c(1351): Comp split 87
INFO: dtree.c(1351): Comp split 88
INFO: dtree.c(1351): Comp split 89
INFO: dtree.c(1354): stop. leaf nodes are specific
Tue May 31 10:28:19 2011
