INFO: cmd_ln.c(691): Parsing command line:
/home/xkrajnan/Plocha/GSoC/PocketSphinx/an4/bin/bldtree \
	-treefn /home/xkrajnan/Plocha/GSoC/PocketSphinx/an4/trees/an4.unpruned/EH-1.dtree \
	-moddeffn /home/xkrajnan/Plocha/GSoC/PocketSphinx/an4/model_architecture/an4.untied.mdef \
	-mixwfn /home/xkrajnan/Plocha/GSoC/PocketSphinx/an4/model_parameters/an4.cd_cont_untied/mixture_weights \
	-ts2cbfn .cont. \
	-mwfloor 1e-08 \
	-psetfn /home/xkrajnan/Plocha/GSoC/PocketSphinx/an4/model_architecture/an4.tree_questions \
	-phone EH \
	-state 1 \
	-stwt 1.0,0.05,0.0 \
	-meanfn /home/xkrajnan/Plocha/GSoC/PocketSphinx/an4/model_parameters/an4.cd_cont_untied/means \
	-varfn /home/xkrajnan/Plocha/GSoC/PocketSphinx/an4/model_parameters/an4.cd_cont_untied/variances \
	-fullvar no \
	-ssplitmin 1 \
	-ssplitmax 7 \
	-ssplitthr 0 \
	-csplitmin 1 \
	-csplitmax 2000 \
	-csplitthr 0 

Current configuration:
[NAME]		[DEFLT]	[VALUE]
-allphones	no	no
-cntthresh	0.00001	1.000000e-05
-csplitmax	100	2000
-csplitmin	1	1
-csplitthr	8e-4	0.000000e+00
-example	no	no
-fullvar	no	no
-help		no	no
-meanfn			/home/xkrajnan/Plocha/GSoC/PocketSphinx/an4/model_parameters/an4.cd_cont_untied/means
-mixwfn			/home/xkrajnan/Plocha/GSoC/PocketSphinx/an4/model_parameters/an4.cd_cont_untied/mixture_weights
-moddeffn		/home/xkrajnan/Plocha/GSoC/PocketSphinx/an4/model_architecture/an4.untied.mdef
-mwfloor	1e-4	1.000000e-08
-phone			EH
-psetfn			/home/xkrajnan/Plocha/GSoC/PocketSphinx/an4/model_architecture/an4.tree_questions
-ssplitmax	5	7
-ssplitmin	1	1
-ssplitthr	8e-4	0.000000e+00
-state			1
-stwt			1.0,0.05,0.0,
-treefn			/home/xkrajnan/Plocha/GSoC/PocketSphinx/an4/trees/an4.unpruned/EH-1.dtree
-ts2cbfn	.semi.	.cont.
-varfloor	0.00001	1.000000e-05
-varfn			/home/xkrajnan/Plocha/GSoC/PocketSphinx/an4/model_parameters/an4.cd_cont_untied/variances

INFO: main.c(228): Reading: /home/xkrajnan/Plocha/GSoC/PocketSphinx/an4/model_architecture/an4.untied.mdef
INFO: model_def_io.c(587): Model definition info:
INFO: model_def_io.c(588): 1618 total models defined (34 base, 1584 tri)
INFO: model_def_io.c(589): 6472 total states
INFO: model_def_io.c(590): 4854 total tied states
INFO: model_def_io.c(591): 102 total tied CI states
INFO: model_def_io.c(592): 34 total tied transition matrices
INFO: model_def_io.c(593): 4 max state/model
INFO: model_def_io.c(594): 4 min state/model
INFO: main.c(247): Building trees for [EH AH F b] through [EH Y S i]
INFO: main.c(275): Covering states |[978 1271]| == 294
INFO: main.c(282): Reading: /home/xkrajnan/Plocha/GSoC/PocketSphinx/an4/model_parameters/an4.cd_cont_untied/mixture_weights
INFO: s3mixw_io.c(172): Read /home/xkrajnan/Plocha/GSoC/PocketSphinx/an4/model_parameters/an4.cd_cont_untied/mixture_weights [294x1x1 array]
INFO: main.c(320): 98 of 98 models have observation count greater than 0.000010
INFO: main.c(94): nrm stwt: 0.045 0.909 0.045 
INFO: s3gau_io.c(166): Read /home/xkrajnan/Plocha/GSoC/PocketSphinx/an4/model_parameters/an4.cd_cont_untied/means [4854x1x1 array]
INFO: s3gau_io.c(166): Read /home/xkrajnan/Plocha/GSoC/PocketSphinx/an4/model_parameters/an4.cd_cont_untied/variances [4854x1x1 array]
INFO: main.c(576): Reading: /home/xkrajnan/Plocha/GSoC/PocketSphinx/an4/model_architecture/an4.tree_questions
INFO: main.c(619): 180 total simple questions (172 phone; 8 word bndry)
INFO: main.c(621): 42 Left Only questions, and 42 Right Only questions
INFO: dtree.c(1524): Final simple tree
|( QUESTION9 1 -7.026e+04 7.000e+03 4.573e+03
|    ( - -1.879e+03 2 0 QUESTION2_9_L -1 4.371e+02 4.513e+02)
|    ( SILENCE -1 -6.138e+04 2.240e+03 4.122e+03
|        ( - -1.395e+04 7 0 QUESTION0_18_R 1 5.528e+02 1.027e+03)
|        ( WDBNDRY_B 0 -4.519e+04 1.588e+03 3.095e+03
|            ( QUESTION2_0_L -1 -3.914e+04 1.028e+03 2.784e+03
|                ( QUESTION0_0_R 1 -2.155e+04 8.332e+02 1.618e+03
|                    ( - -4.193e+03 6 0 QUESTION0 -1 3.094e+02 5.316e+02)
|                    ( - -1.652e+04 11 0 QUESTION0_18_R 1 6.155e+02 1.086e+03))
|                ( - -1.657e+04 60 0 QUESTION2_17_L -1 4.711e+02 1.166e+03))
|            ( QUESTION11 -1 -4.453e+03 1.134e+03 3.105e+02
|                ( - -6.023e+02 3 0 QUESTION0_18_R 1 3.848e+02 6.380e+01)
|                ( QUESTION0_1_R 1 -2.717e+03 1.093e+03 2.467e+02
|                    ( - 3.286e+02 1 0)
|                    ( - -1.952e+03 8 0 QUESTION0_14_R 1 5.227e+02 1.926e+02))))))
s>    ( QUESTION9 1 -7.026e+04 7.000e+03 4.573e+03
s>        ( - -1.879e+03 2 0 QUESTION2_9_L -1 4.371e+02 4.513e+02)
s>        ( SILENCE -1 -6.138e+04 2.240e+03 4.122e+03
s>            ( - -1.395e+04 7 0 QUESTION0_18_R 1 5.528e+02 1.027e+03)
s>            ( WDBNDRY_B 0 -4.519e+04 1.588e+03 3.095e+03
s>                ( QUESTION2_0_L -1 -3.914e+04 1.028e+03 2.784e+03
s>                    ( QUESTION0_0_R 1 -2.155e+04 8.332e+02 1.618e+03
s>                        ( - -4.193e+03 6 0 QUESTION0 -1 3.094e+02 5.316e+02)
s>                        ( - -1.652e+04 11 0 QUESTION0_18_R 1 6.155e+02 1.086e+03))
s>                    ( - -1.657e+04 60 0 QUESTION2_17_L -1 4.711e+02 1.166e+03))
s>                ( QUESTION11 -1 -4.453e+03 1.134e+03 3.105e+02
s>                    ( - -6.023e+02 3 0 QUESTION0_18_R 1 3.848e+02 6.380e+01)
s>                    ( QUESTION0_1_R 1 -2.717e+03 1.093e+03 2.467e+02
s>                        ( - 3.286e+02 1 0)
s>                        ( - -1.952e+03 8 0 QUESTION0_14_R 1 5.227e+02 1.926e+02))))))INFO: dtree.c(1351): Comp split 0
INFO: dtree.c(1524): Final simple tree
|( SILENCE -1 -6.138e+04 2.240e+03 4.122e+03
|    ( - -1.395e+04 7 0 QUESTION0_18_R 1 5.528e+02 1.027e+03)
|    ( WDBNDRY_B 0 -4.519e+04 1.588e+03 3.095e+03
|        ( QUESTION2_0_L -1 -3.914e+04 1.028e+03 2.784e+03
|            ( QUESTION0_0_R 1 -2.155e+04 8.332e+02 1.618e+03
|                ( - -4.193e+03 6 0 QUESTION0 -1 3.094e+02 5.316e+02)
|                ( QUESTION0_18_R 1 -1.652e+04 6.155e+02 1.086e+03
|                    ( - -5.366e+03 3 0 QUESTION0 -1 3.699e+02 4.855e+02)
|                    ( - -1.054e+04 8 0 QUESTION2_1_L -1 2.769e+02 6.009e+02)))
|            ( - -1.657e+04 60 0 QUESTION2_17_L -1 4.711e+02 1.166e+03))
|        ( QUESTION11 -1 -4.453e+03 1.134e+03 3.105e+02
|            ( - -6.023e+02 3 0 QUESTION0_18_R 1 3.848e+02 6.380e+01)
|            ( QUESTION0_1_R 1 -2.717e+03 1.093e+03 2.467e+02
|                ( - 3.286e+02 1 0)
|                ( - -1.952e+03 8 0 QUESTION0_14_R 1 5.227e+02 1.926e+02)))))
s>    ( SILENCE -1 -6.138e+04 2.240e+03 4.122e+03
s>        ( - -1.395e+04 7 0 QUESTION0_18_R 1 5.528e+02 1.027e+03)
s>        ( WDBNDRY_B 0 -4.519e+04 1.588e+03 3.095e+03
s>            ( QUESTION2_0_L -1 -3.914e+04 1.028e+03 2.784e+03
s>                ( QUESTION0_0_R 1 -2.155e+04 8.332e+02 1.618e+03
s>                    ( - -4.193e+03 6 0 QUESTION0 -1 3.094e+02 5.316e+02)
s>                    ( QUESTION0_18_R 1 -1.652e+04 6.155e+02 1.086e+03
s>                        ( - -5.366e+03 3 0 QUESTION0 -1 3.699e+02 4.855e+02)
s>                        ( - -1.054e+04 8 0 QUESTION2_1_L -1 2.769e+02 6.009e+02)))
s>                ( - -1.657e+04 60 0 QUESTION2_17_L -1 4.711e+02 1.166e+03))
s>            ( QUESTION11 -1 -4.453e+03 1.134e+03 3.105e+02
s>                ( - -6.023e+02 3 0 QUESTION0_18_R 1 3.848e+02 6.380e+01)
s>                ( QUESTION0_1_R 1 -2.717e+03 1.093e+03 2.467e+02
s>                    ( - 3.286e+02 1 0)
s>                    ( - -1.952e+03 8 0 QUESTION0_14_R 1 5.227e+02 1.926e+02)))))INFO: dtree.c(1483): stop. leaf nodes are specific
INFO: dtree.c(1524): Final simple tree
|( QUESTION2_9_L -1 -1.879e+03 4.371e+02 4.513e+02
|    ( - -1.546e+03 1 0)
|    ( - 1.038e+02 1 0))
s>    ( QUESTION2_9_L -1 -1.879e+03 4.371e+02 4.513e+02
s>        ( - -1.546e+03 1 0)
s>        ( - 1.038e+02 1 0))INFO: dtree.c(1351): Comp split 1
INFO: dtree.c(1483): stop. leaf nodes are specific
INFO: dtree.c(1524): Final simple tree
|( QUESTION0_18_R 1 -1.395e+04 5.528e+02 1.027e+03
|    ( - -6.487e+03 1 0)
|    ( QUESTION11 1 -6.912e+03 2.066e+02 5.117e+02
|        ( QUESTION0_15_R 1 -1.364e+03 1.838e+02 1.362e+02
|            ( - 1.403e+02 1 0)
|            ( - -1.321e+03 1 0))
|        ( QUESTION0_1_R 1 -5.341e+03 1.305e+02 3.755e+02
|            ( - -2.547e+03 1 0)
|            ( QUESTION0_14_R 1 -2.663e+03 1.220e+02 1.918e+02
|                ( - -1.204e+03 1 0)
|                ( QUESTION0_0_R 1 -1.338e+03 9.719e+01 1.117e+02
|                    ( - -9.746e+02 1 0)
|                    ( - -2.659e+02 1 0))))))
s>    ( QUESTION0_18_R 1 -1.395e+04 5.528e+02 1.027e+03
s>        ( - -6.487e+03 1 0)
s>        ( QUESTION11 1 -6.912e+03 2.066e+02 5.117e+02
s>            ( QUESTION0_15_R 1 -1.364e+03 1.838e+02 1.362e+02
s>                ( - 1.403e+02 1 0)
s>                ( - -1.321e+03 1 0))
s>            ( QUESTION0_1_R 1 -5.341e+03 1.305e+02 3.755e+02
s>                ( - -2.547e+03 1 0)
s>                ( QUESTION0_14_R 1 -2.663e+03 1.220e+02 1.918e+02
s>                    ( - -1.204e+03 1 0)
s>                    ( QUESTION0_0_R 1 -1.338e+03 9.719e+01 1.117e+02
s>                        ( - -9.746e+02 1 0)
s>                        ( - -2.659e+02 1 0))))))INFO: dtree.c(1524): Final simple tree
|( WDBNDRY_B 0 -4.519e+04 1.588e+03 3.095e+03
|    ( QUESTION2_0_L -1 -3.914e+04 1.028e+03 2.784e+03
|        ( QUESTION0_0_R 1 -2.155e+04 8.332e+02 1.618e+03
|            ( - -4.193e+03 6 0 QUESTION0 -1 3.094e+02 5.316e+02)
|            ( QUESTION0_18_R 1 -1.652e+04 6.155e+02 1.086e+03
|                ( - -5.366e+03 3 0 QUESTION0 -1 3.699e+02 4.855e+02)
|                ( - -1.054e+04 8 0 QUESTION2_1_L -1 2.769e+02 6.009e+02)))
|        ( - -1.657e+04 60 0 QUESTION2_17_L -1 4.711e+02 1.166e+03))
|    ( QUESTION11 -1 -4.453e+03 1.134e+03 3.105e+02
|        ( - -6.023e+02 3 0 QUESTION0_18_R 1 3.848e+02 6.380e+01)
|        ( QUESTION0_1_R 1 -2.717e+03 1.093e+03 2.467e+02
|            ( - 3.286e+02 1 0)
|            ( QUESTION0_14_R 1 -1.952e+03 5.227e+02 1.926e+02
|                ( - -8.672e+02 5 0 QUESTION0_20_R 1 3.312e+02 1.566e+02)
|                ( - -5.626e+02 3 0 QUESTION4 1 1.804e+02 3.599e+01)))))
s>    ( WDBNDRY_B 0 -4.519e+04 1.588e+03 3.095e+03
s>        ( QUESTION2_0_L -1 -3.914e+04 1.028e+03 2.784e+03
s>            ( QUESTION0_0_R 1 -2.155e+04 8.332e+02 1.618e+03
s>                ( - -4.193e+03 6 0 QUESTION0 -1 3.094e+02 5.316e+02)
s>                ( QUESTION0_18_R 1 -1.652e+04 6.155e+02 1.086e+03
s>                    ( - -5.366e+03 3 0 QUESTION0 -1 3.699e+02 4.855e+02)
s>                    ( - -1.054e+04 8 0 QUESTION2_1_L -1 2.769e+02 6.009e+02)))
s>            ( - -1.657e+04 60 0 QUESTION2_17_L -1 4.711e+02 1.166e+03))
s>        ( QUESTION11 -1 -4.453e+03 1.134e+03 3.105e+02
s>            ( - -6.023e+02 3 0 QUESTION0_18_R 1 3.848e+02 6.380e+01)
s>            ( QUESTION0_1_R 1 -2.717e+03 1.093e+03 2.467e+02
s>                ( - 3.286e+02 1 0)
s>                ( QUESTION0_14_R 1 -1.952e+03 5.227e+02 1.926e+02
s>                    ( - -8.672e+02 5 0 QUESTION0_20_R 1 3.312e+02 1.566e+02)
s>                    ( - -5.626e+02 3 0 QUESTION4 1 1.804e+02 3.599e+01)))))INFO: dtree.c(1351): Comp split 2
INFO: dtree.c(1524): Final simple tree
|( QUESTION2_0_L -1 -4.214e+04 1.115e+03 2.977e+03
|    ( QUESTION0_0_R 1 -2.155e+04 8.332e+02 1.618e+03
|        ( - -4.193e+03 6 0 QUESTION0 -1 3.094e+02 5.316e+02)
|        ( QUESTION0_18_R 1 -1.652e+04 6.155e+02 1.086e+03
|            ( - -5.366e+03 3 0 QUESTION0 -1 3.699e+02 4.855e+02)
|            ( - -1.054e+04 8 0 QUESTION2_1_L -1 2.769e+02 6.009e+02)))
|    ( WDBNDRY_B 0 -1.948e+04 9.552e+02 1.359e+03
|        ( QUESTION2_17_L -1 -1.657e+04 4.711e+02 1.166e+03
|            ( QUESTION0_18_R 1 -1.079e+04 3.988e+02 7.493e+02
|                ( - -3.533e+03 6 0 QUESTION0 -1 1.952e+02 2.741e+02)
|                ( - -6.854e+03 28 0 QUESTION0_20_R 1 1.672e+02 4.752e+02))
|            ( - -5.313e+03 26 0 QUESTION17 -1 2.610e+02 4.171e+02))
|        ( QUESTION0_14_R 1 -1.952e+03 5.227e+02 1.926e+02
|            ( - -8.672e+02 5 0 QUESTION0_20_R 1 3.312e+02 1.566e+02)
|            ( - -5.626e+02 3 0 QUESTION4 1 1.804e+02 3.599e+01))))
s>    ( QUESTION2_0_L -1 -4.214e+04 1.115e+03 2.977e+03
s>        ( QUESTION0_0_R 1 -2.155e+04 8.332e+02 1.618e+03
s>            ( - -4.193e+03 6 0 QUESTION0 -1 3.094e+02 5.316e+02)
s>            ( QUESTION0_18_R 1 -1.652e+04 6.155e+02 1.086e+03
s>                ( - -5.366e+03 3 0 QUESTION0 -1 3.699e+02 4.855e+02)
s>                ( - -1.054e+04 8 0 QUESTION2_1_L -1 2.769e+02 6.009e+02)))
s>        ( WDBNDRY_B 0 -1.948e+04 9.552e+02 1.359e+03
s>            ( QUESTION2_17_L -1 -1.657e+04 4.711e+02 1.166e+03
s>                ( QUESTION0_18_R 1 -1.079e+04 3.988e+02 7.493e+02
s>                    ( - -3.533e+03 6 0 QUESTION0 -1 1.952e+02 2.741e+02)
s>                    ( - -6.854e+03 28 0 QUESTION0_20_R 1 1.672e+02 4.752e+02))
s>                ( - -5.313e+03 26 0 QUESTION17 -1 2.610e+02 4.171e+02))
s>            ( QUESTION0_14_R 1 -1.952e+03 5.227e+02 1.926e+02
s>                ( - -8.672e+02 5 0 QUESTION0_20_R 1 3.312e+02 1.566e+02)
s>                ( - -5.626e+02 3 0 QUESTION4 1 1.804e+02 3.599e+01))))INFO: dtree.c(1483): stop. leaf nodes are specific
INFO: dtree.c(1524): Final simple tree
|( QUESTION0_0_R 1 -1.347e+03 1.073e+03 1.179e+02
|    ( - 3.286e+02 1 0)
|    ( QUESTION0_18_R 1 -6.023e+02 3.848e+02 6.380e+01
|        ( - -4.462e+02 1 0)
|        ( QUESTION0_15_R 1 2.287e+02 1.183e+02 1.439e+01
|            ( - 9.741e+01 1 0)
|            ( - 2.497e+02 1 0))))
s>    ( QUESTION0_0_R 1 -1.347e+03 1.073e+03 1.179e+02
s>        ( - 3.286e+02 1 0)
s>        ( QUESTION0_18_R 1 -6.023e+02 3.848e+02 6.380e+01
s>            ( - -4.462e+02 1 0)
s>            ( QUESTION0_15_R 1 2.287e+02 1.183e+02 1.439e+01
s>                ( - 9.741e+01 1 0)
s>                ( - 2.497e+02 1 0))))INFO: dtree.c(1351): Comp split 3
INFO: dtree.c(1524): Final simple tree
|( WDBNDRY_B 0 -1.948e+04 9.552e+02 1.359e+03
|    ( QUESTION2_17_L -1 -1.657e+04 4.711e+02 1.166e+03
|        ( QUESTION0_18_R 1 -1.079e+04 3.988e+02 7.493e+02
|            ( - -3.533e+03 6 0 QUESTION0 -1 1.952e+02 2.741e+02)
|            ( - -6.854e+03 28 0 QUESTION0_20_R 1 1.672e+02 4.752e+02))
|        ( QUESTION17 -1 -5.313e+03 2.610e+02 4.171e+02
|            ( - -6.021e+02 4 0 QUESTION0 1 1.690e+02 4.680e+01)
|            ( QUESTION0_14_R 1 -4.450e+03 2.142e+02 3.703e+02
|                ( - -2.190e+03 10 0 QUESTION2 -1 1.520e+02 1.825e+02)
|                ( - -2.046e+03 12 0 QUESTION11 -1 1.517e+02 1.878e+02))))
|    ( QUESTION0_14_R 1 -1.952e+03 5.227e+02 1.926e+02
|        ( QUESTION0_20_R 1 -8.672e+02 3.312e+02 1.566e+02
|            ( - -4.988e+02 1 0)
|            ( - -3.722e+01 4 0 QUESTION2_10_L -1 1.870e+02 8.351e+01))
|        ( - -5.626e+02 3 0 QUESTION4 1 1.804e+02 3.599e+01)))
s>    ( WDBNDRY_B 0 -1.948e+04 9.552e+02 1.359e+03
s>        ( QUESTION2_17_L -1 -1.657e+04 4.711e+02 1.166e+03
s>            ( QUESTION0_18_R 1 -1.079e+04 3.988e+02 7.493e+02
s>                ( - -3.533e+03 6 0 QUESTION0 -1 1.952e+02 2.741e+02)
s>                ( - -6.854e+03 28 0 QUESTION0_20_R 1 1.672e+02 4.752e+02))
s>            ( QUESTION17 -1 -5.313e+03 2.610e+02 4.171e+02
s>                ( - -6.021e+02 4 0 QUESTION0 1 1.690e+02 4.680e+01)
s>                ( QUESTION0_14_R 1 -4.450e+03 2.142e+02 3.703e+02
s>                    ( - -2.190e+03 10 0 QUESTION2 -1 1.520e+02 1.825e+02)
s>                    ( - -2.046e+03 12 0 QUESTION11 -1 1.517e+02 1.878e+02))))
s>        ( QUESTION0_14_R 1 -1.952e+03 5.227e+02 1.926e+02
s>            ( QUESTION0_20_R 1 -8.672e+02 3.312e+02 1.566e+02
s>                ( - -4.988e+02 1 0)
s>                ( - -3.722e+01 4 0 QUESTION2_10_L -1 1.870e+02 8.351e+01))
s>            ( - -5.626e+02 3 0 QUESTION4 1 1.804e+02 3.599e+01)))INFO: dtree.c(1524): Final simple tree
|( QUESTION0_0_R 1 -2.155e+04 8.332e+02 1.618e+03
|    ( QUESTION0 -1 -4.193e+03 3.094e+02 5.316e+02
|        ( QUESTION2_1_L -1 -4.162e+03 2.385e+02 4.822e+02
|            ( - -3.303e+03 2 0 QUESTION0_1_R 1 1.685e+02 4.304e+02)
|            ( - -6.212e+02 2 0 QUESTION0_1_R 1 1.751e+02 5.179e+01))
|        ( - 2.789e+02 2 0 QUESTION0_1_R 1 1.516e+02 4.947e+01))
|    ( QUESTION0_18_R 1 -1.652e+04 6.155e+02 1.086e+03
|        ( QUESTION0 -1 -5.366e+03 3.699e+02 4.855e+02
|            ( - -2.827e+03 2 0 QUESTION2_1_L -1 2.107e+02 3.110e+02)
|            ( - -2.169e+03 1 0))
|        ( QUESTION2_1_L -1 -1.054e+04 2.769e+02 6.009e+02
|            ( - -6.097e+03 3 0 QUESTION11 1 1.812e+02 3.622e+02)
|            ( QUESTION11 1 -4.164e+03 2.571e+02 2.387e+02
|                ( - -1.162e+03 2 0 QUESTION0 -1 1.816e+02 8.306e+01)
|                ( - -2.745e+03 3 0 QUESTION0 -1 1.510e+02 1.556e+02)))))
s>    ( QUESTION0_0_R 1 -2.155e+04 8.332e+02 1.618e+03
s>        ( QUESTION0 -1 -4.193e+03 3.094e+02 5.316e+02
s>            ( QUESTION2_1_L -1 -4.162e+03 2.385e+02 4.822e+02
s>                ( - -3.303e+03 2 0 QUESTION0_1_R 1 1.685e+02 4.304e+02)
s>                ( - -6.212e+02 2 0 QUESTION0_1_R 1 1.751e+02 5.179e+01))
s>            ( - 2.789e+02 2 0 QUESTION0_1_R 1 1.516e+02 4.947e+01))
s>        ( QUESTION0_18_R 1 -1.652e+04 6.155e+02 1.086e+03
s>            ( QUESTION0 -1 -5.366e+03 3.699e+02 4.855e+02
s>                ( - -2.827e+03 2 0 QUESTION2_1_L -1 2.107e+02 3.110e+02)
s>                ( - -2.169e+03 1 0))
s>            ( QUESTION2_1_L -1 -1.054e+04 2.769e+02 6.009e+02
s>                ( - -6.097e+03 3 0 QUESTION11 1 1.812e+02 3.622e+02)
s>                ( QUESTION11 1 -4.164e+03 2.571e+02 2.387e+02
s>                    ( - -1.162e+03 2 0 QUESTION0 -1 1.816e+02 8.306e+01)
s>                    ( - -2.745e+03 3 0 QUESTION0 -1 1.510e+02 1.556e+02)))))INFO: dtree.c(1351): Comp split 4
INFO: dtree.c(1483): stop. leaf nodes are specific
INFO: dtree.c(1524): Final simple tree
|( QUESTION0_18_R 1 -6.023e+02 3.848e+02 6.380e+01
|    ( - -4.462e+02 1 0)
|    ( QUESTION0_15_R 1 2.287e+02 1.183e+02 1.439e+01
|        ( - 9.741e+01 1 0)
|        ( - 2.497e+02 1 0)))
s>    ( QUESTION0_18_R 1 -6.023e+02 3.848e+02 6.380e+01
s>        ( - -4.462e+02 1 0)
s>        ( QUESTION0_15_R 1 2.287e+02 1.183e+02 1.439e+01
s>            ( - 9.741e+01 1 0)
s>            ( - 2.497e+02 1 0)))INFO: dtree.c(1351): Comp split 5
INFO: dtree.c(1483): stop. leaf nodes are specific
INFO: dtree.c(1524): Final simple tree
|( QUESTION0_20_R 1 -8.672e+02 3.312e+02 1.566e+02
|    ( - -4.988e+02 1 0)
|    ( QUESTION2_10_L -1 -3.722e+01 1.870e+02 8.351e+01
|        ( - 1.401e+02 1 0)
|        ( QUESTION0_15_R 1 9.650e+00 1.489e+02 8.151e+01
|            ( - 1.014e+02 1 0)
|            ( QUESTION0_18_R 1 5.721e+01 1.396e+02 7.951e+01
|                ( - 9.047e+01 1 0)
|                ( - 1.064e+02 1 0)))))
s>    ( QUESTION0_20_R 1 -8.672e+02 3.312e+02 1.566e+02
s>        ( - -4.988e+02 1 0)
s>        ( QUESTION2_10_L -1 -3.722e+01 1.870e+02 8.351e+01
s>            ( - 1.401e+02 1 0)
s>            ( QUESTION0_15_R 1 9.650e+00 1.489e+02 8.151e+01
s>                ( - 1.014e+02 1 0)
s>                ( QUESTION0_18_R 1 5.721e+01 1.396e+02 7.951e+01
s>                    ( - 9.047e+01 1 0)
s>                    ( - 1.064e+02 1 0)))))INFO: dtree.c(1524): Final simple tree
|( WDBNDRY_B 0 -1.765e+04 5.138e+02 1.202e+03
|    ( QUESTION2_17_L -1 -1.657e+04 4.711e+02 1.166e+03
|        ( QUESTION0_18_R 1 -1.079e+04 3.988e+02 7.493e+02
|            ( QUESTION0 -1 -3.533e+03 1.952e+02 2.741e+02
|                ( - -2.682e+03 4 0)
|                ( - -6.563e+02 2 0 QUESTION2 -1 1.562e+02 6.335e+01))
|            ( - -6.854e+03 28 0 QUESTION0_20_R 1 1.672e+02 4.752e+02))
|        ( QUESTION17 -1 -5.313e+03 2.610e+02 4.171e+02
|            ( - -6.021e+02 4 0 QUESTION0 1 1.690e+02 4.680e+01)
|            ( QUESTION0_14_R 1 -4.450e+03 2.142e+02 3.703e+02
|                ( - -2.190e+03 10 0 QUESTION2 -1 1.520e+02 1.825e+02)
|                ( - -2.046e+03 12 0 QUESTION11 -1 1.517e+02 1.878e+02))))
|    ( QUESTION4 1 -5.626e+02 1.804e+02 3.599e+01
|        ( - -3.401e+02 1 0)
|        ( - -4.205e+01 2 0 QUESTION0_0_R 1 1.724e+02 1.700e+01)))
s>    ( WDBNDRY_B 0 -1.765e+04 5.138e+02 1.202e+03
s>        ( QUESTION2_17_L -1 -1.657e+04 4.711e+02 1.166e+03
s>            ( QUESTION0_18_R 1 -1.079e+04 3.988e+02 7.493e+02
s>                ( QUESTION0 -1 -3.533e+03 1.952e+02 2.741e+02
s>                    ( - -2.682e+03 4 0)
s>                    ( - -6.563e+02 2 0 QUESTION2 -1 1.562e+02 6.335e+01))
s>                ( - -6.854e+03 28 0 QUESTION0_20_R 1 1.672e+02 4.752e+02))
s>            ( QUESTION17 -1 -5.313e+03 2.610e+02 4.171e+02
s>                ( - -6.021e+02 4 0 QUESTION0 1 1.690e+02 4.680e+01)
s>                ( QUESTION0_14_R 1 -4.450e+03 2.142e+02 3.703e+02
s>                    ( - -2.190e+03 10 0 QUESTION2 -1 1.520e+02 1.825e+02)
s>                    ( - -2.046e+03 12 0 QUESTION11 -1 1.517e+02 1.878e+02))))
s>        ( QUESTION4 1 -5.626e+02 1.804e+02 3.599e+01
s>            ( - -3.401e+02 1 0)
s>            ( - -4.205e+01 2 0 QUESTION0_0_R 1 1.724e+02 1.700e+01)))INFO: dtree.c(1351): Comp split 6
INFO: dtree.c(1524): Final simple tree
|( QUESTION0_18_R 1 -1.733e+04 5.820e+02 1.138e+03
|    ( QUESTION0 -1 -5.366e+03 3.699e+02 4.855e+02
|        ( QUESTION2_1_L -1 -2.827e+03 2.107e+02 3.110e+02
|            ( - -1.888e+03 1 0)
|            ( - -7.287e+02 1 0))
|        ( - -2.169e+03 1 0))
|    ( QUESTION2_1_L -1 -1.139e+04 3.086e+02 6.527e+02
|        ( - -6.097e+03 3 0 QUESTION11 1 1.812e+02 3.622e+02)
|        ( QUESTION11 1 -4.980e+03 2.944e+02 2.905e+02
|            ( - -1.162e+03 2 0 QUESTION0 -1 1.816e+02 8.306e+01)
|            ( QUESTION0_2_R 1 -3.524e+03 1.890e+02 2.074e+02
|                ( - -1.580e+02 1 0)
|                ( QUESTION0 -1 -3.177e+03 1.958e+02 1.858e+02
|                    ( - -1.624e+03 2 0 QUESTION0_0_R 1 9.911e+01 1.166e+02)
|                    ( - -1.357e+03 2 0 QUESTION0_13_R 1 1.049e+02 6.921e+01))))))
s>    ( QUESTION0_18_R 1 -1.733e+04 5.820e+02 1.138e+03
s>        ( QUESTION0 -1 -5.366e+03 3.699e+02 4.855e+02
s>            ( QUESTION2_1_L -1 -2.827e+03 2.107e+02 3.110e+02
s>                ( - -1.888e+03 1 0)
s>                ( - -7.287e+02 1 0))
s>            ( - -2.169e+03 1 0))
s>        ( QUESTION2_1_L -1 -1.139e+04 3.086e+02 6.527e+02
s>            ( - -6.097e+03 3 0 QUESTION11 1 1.812e+02 3.622e+02)
s>            ( QUESTION11 1 -4.980e+03 2.944e+02 2.905e+02
s>                ( - -1.162e+03 2 0 QUESTION0 -1 1.816e+02 8.306e+01)
s>                ( QUESTION0_2_R 1 -3.524e+03 1.890e+02 2.074e+02
s>                    ( - -1.580e+02 1 0)
s>                    ( QUESTION0 -1 -3.177e+03 1.958e+02 1.858e+02
s>                        ( - -1.624e+03 2 0 QUESTION0_0_R 1 9.911e+01 1.166e+02)
s>                        ( - -1.357e+03 2 0 QUESTION0_13_R 1 1.049e+02 6.921e+01))))))INFO: dtree.c(1483): stop. leaf nodes are specific
INFO: dtree.c(1524): Final simple tree
|( QUESTION0 -1 -3.312e+03 2.883e+02 4.798e+02
|    ( QUESTION0_1_R 1 -3.303e+03 1.685e+02 4.304e+02
|        ( - -2.793e+03 1 0)
|        ( - -3.412e+02 1 0))
|    ( QUESTION0_1_R 1 2.789e+02 1.516e+02 4.947e+01
|        ( - 2.130e+02 1 0)
|        ( - 2.175e+02 1 0)))
s>    ( QUESTION0 -1 -3.312e+03 2.883e+02 4.798e+02
s>        ( QUESTION0_1_R 1 -3.303e+03 1.685e+02 4.304e+02
s>            ( - -2.793e+03 1 0)
s>            ( - -3.412e+02 1 0))
s>        ( QUESTION0_1_R 1 2.789e+02 1.516e+02 4.947e+01
s>            ( - 2.130e+02 1 0)
s>            ( - 2.175e+02 1 0)))INFO: dtree.c(1351): Comp split 7
INFO: dtree.c(1483): stop. leaf nodes are specific
INFO: dtree.c(1524): Final simple tree
|( QUESTION0 -1 -7.671e+03 3.492e+02 6.237e+02
|    ( QUESTION0_18_R 1 -5.153e+03 3.447e+02 4.492e+02
|        ( QUESTION2_1_L -1 -2.827e+03 2.107e+02 3.110e+02
|            ( - -1.888e+03 1 0)
|            ( - -7.287e+02 1 0))
|        ( QUESTION0_2_R 1 -1.981e+03 1.989e+02 1.382e+02
|            ( - -1.580e+02 1 0)
|            ( QUESTION0_0_R 1 -1.624e+03 9.911e+01 1.166e+02
|                ( - -2.881e+02 1 0)
|                ( - -1.237e+03 1 0))))
|    ( - -2.169e+03 1 0))
s>    ( QUESTION0 -1 -7.671e+03 3.492e+02 6.237e+02
s>        ( QUESTION0_18_R 1 -5.153e+03 3.447e+02 4.492e+02
s>            ( QUESTION2_1_L -1 -2.827e+03 2.107e+02 3.110e+02
s>                ( - -1.888e+03 1 0)
s>                ( - -7.287e+02 1 0))
s>            ( QUESTION0_2_R 1 -1.981e+03 1.989e+02 1.382e+02
s>                ( - -1.580e+02 1 0)
s>                ( QUESTION0_0_R 1 -1.624e+03 9.911e+01 1.166e+02
s>                    ( - -2.881e+02 1 0)
s>                    ( - -1.237e+03 1 0))))
s>        ( - -2.169e+03 1 0))INFO: dtree.c(1483): stop. leaf nodes are specific
INFO: dtree.c(1524): Final simple tree
|( QUESTION11 1 -9.039e+03 2.492e+02 5.145e+02
|    ( QUESTION0 -1 -2.187e+03 2.321e+02 1.482e+02
|        ( QUESTION2_1_L -1 -9.580e+02 1.386e+02 8.309e+01
|            ( - -8.361e+02 1 0)
|            ( - 1.671e+01 1 0))
|        ( - -9.970e+02 1 0))
|    ( QUESTION0 -1 -6.603e+03 1.659e+02 3.662e+02
|        ( QUESTION0_13_R 1 -5.080e+03 1.336e+02 2.970e+02
|            ( - -5.983e+02 1 0)
|            ( - -4.348e+03 1 0))
|        ( QUESTION0_13_R 1 -1.357e+03 1.049e+02 6.921e+01
|            ( - -2.170e+02 1 0)
|            ( - -1.035e+03 1 0))))
s>    ( QUESTION11 1 -9.039e+03 2.492e+02 5.145e+02
s>        ( QUESTION0 -1 -2.187e+03 2.321e+02 1.482e+02
s>            ( QUESTION2_1_L -1 -9.580e+02 1.386e+02 8.309e+01
s>                ( - -8.361e+02 1 0)
s>                ( - 1.671e+01 1 0))
s>            ( - -9.970e+02 1 0))
s>        ( QUESTION0 -1 -6.603e+03 1.659e+02 3.662e+02
s>            ( QUESTION0_13_R 1 -5.080e+03 1.336e+02 2.970e+02
s>                ( - -5.983e+02 1 0)
s>                ( - -4.348e+03 1 0))
s>            ( QUESTION0_13_R 1 -1.357e+03 1.049e+02 6.921e+01
s>                ( - -2.170e+02 1 0)
s>                ( - -1.035e+03 1 0))))INFO: dtree.c(1351): Comp split 8
INFO: dtree.c(1483): stop. leaf nodes are specific
INFO: dtree.c(1524): Final simple tree
|( QUESTION11 1 -6.912e+03 2.066e+02 5.117e+02
|    ( QUESTION0_15_R 1 -1.364e+03 1.838e+02 1.362e+02
|        ( - 1.403e+02 1 0)
|        ( - -1.321e+03 1 0))
|    ( QUESTION0_1_R 1 -5.341e+03 1.305e+02 3.755e+02
|        ( - -2.547e+03 1 0)
|        ( QUESTION0_14_R 1 -2.663e+03 1.220e+02 1.918e+02
|            ( - -1.204e+03 1 0)
|            ( QUESTION0_0_R 1 -1.338e+03 9.719e+01 1.117e+02
|                ( - -9.746e+02 1 0)
|                ( - -2.659e+02 1 0)))))
s>    ( QUESTION11 1 -6.912e+03 2.066e+02 5.117e+02
s>        ( QUESTION0_15_R 1 -1.364e+03 1.838e+02 1.362e+02
s>            ( - 1.403e+02 1 0)
s>            ( - -1.321e+03 1 0))
s>        ( QUESTION0_1_R 1 -5.341e+03 1.305e+02 3.755e+02
s>            ( - -2.547e+03 1 0)
s>            ( QUESTION0_14_R 1 -2.663e+03 1.220e+02 1.918e+02
s>                ( - -1.204e+03 1 0)
s>                ( QUESTION0_0_R 1 -1.338e+03 9.719e+01 1.117e+02
s>                    ( - -9.746e+02 1 0)
s>                    ( - -2.659e+02 1 0)))))INFO: dtree.c(1351): Comp split 9
INFO: dtree.c(1524): Final simple tree
|( WDBNDRY_B 0 -4.813e+03 3.210e+02 3.873e+02
|    ( QUESTION0_14_R 1 -4.450e+03 2.142e+02 3.703e+02
|        ( QUESTION2 -1 -2.190e+03 1.520e+02 1.825e+02
|            ( QUESTION0_18_R 1 -6.472e+02 1.673e+02 6.484e+01
|                ( - 4.084e-01 1 0)
|                ( - -4.803e+02 3 0 QUESTION3 -1 1.249e+02 3.511e+01))
|            ( QUESTION0_20_R 1 -1.391e+03 1.700e+02 1.177e+02
|                ( - -6.193e+02 2 0 QUESTION0 -1 1.277e+02 5.005e+01)
|                ( - -6.018e+02 4 0 QUESTION0 -1 1.264e+02 6.764e+01)))
|        ( QUESTION11 -1 -2.046e+03 1.517e+02 1.878e+02
|            ( - -2.595e+02 3 0 QUESTION12 -1 1.419e+02 3.039e+01)
|            ( - -1.635e+03 9 0 QUESTION0_1_R 1 1.091e+02 1.574e+02)))
|    ( QUESTION0_0_R 1 -4.205e+01 1.724e+02 1.700e+01
|        ( - 3.688e+01 1 0)
|        ( - 9.345e+01 1 0)))
s>    ( WDBNDRY_B 0 -4.813e+03 3.210e+02 3.873e+02
s>        ( QUESTION0_14_R 1 -4.450e+03 2.142e+02 3.703e+02
s>            ( QUESTION2 -1 -2.190e+03 1.520e+02 1.825e+02
s>                ( QUESTION0_18_R 1 -6.472e+02 1.673e+02 6.484e+01
s>                    ( - 4.084e-01 1 0)
s>                    ( - -4.803e+02 3 0 QUESTION3 -1 1.249e+02 3.511e+01))
s>                ( QUESTION0_20_R 1 -1.391e+03 1.700e+02 1.177e+02
s>                    ( - -6.193e+02 2 0 QUESTION0 -1 1.277e+02 5.005e+01)
s>                    ( - -6.018e+02 4 0 QUESTION0 -1 1.264e+02 6.764e+01)))
s>            ( QUESTION11 -1 -2.046e+03 1.517e+02 1.878e+02
s>                ( - -2.595e+02 3 0 QUESTION12 -1 1.419e+02 3.039e+01)
s>                ( - -1.635e+03 9 0 QUESTION0_1_R 1 1.091e+02 1.574e+02)))
s>        ( QUESTION0_0_R 1 -4.205e+01 1.724e+02 1.700e+01
s>            ( - 3.688e+01 1 0)
s>            ( - 9.345e+01 1 0)))INFO: dtree.c(1524): Final simple tree
|( QUESTION0_18_R 1 -1.229e+04 4.003e+02 8.151e+02
|    ( QUESTION0 -1 -3.941e+03 2.099e+02 2.963e+02
|        ( - -2.682e+03 4 0)
|        ( - -1.049e+03 3 0 QUESTION12 -1 1.705e+02 8.556e+01))
|    ( WDBNDRY_B 0 -7.953e+03 3.572e+02 5.188e+02
|        ( QUESTION0_13_R 1 -7.256e+03 1.860e+02 4.998e+02
|            ( QUESTION2 -1 -7.101e+02 1.864e+02 5.079e+01
|                ( - -2.364e+01 1 0)
|                ( QUESTION12 -1 -5.001e+02 1.918e+02 3.600e+01
|                    ( - 1.306e+01 1 0)
|                    ( - -3.213e+02 4 0 QUESTION0 -1 1.215e+02 3.000e+01)))
|            ( QUESTION15 -1 -6.360e+03 2.009e+02 4.490e+02
|                ( - -9.355e+01 2 0 QUESTION0_0_R 1 1.099e+02 1.858e+01)
|                ( - -6.065e+03 23 0 QUESTION0_20_R 1 1.788e+02 4.305e+02)))
|        ( - -3.401e+02 1 0)))
s>    ( QUESTION0_18_R 1 -1.229e+04 4.003e+02 8.151e+02
s>        ( QUESTION0 -1 -3.941e+03 2.099e+02 2.963e+02
s>            ( - -2.682e+03 4 0)
s>            ( - -1.049e+03 3 0 QUESTION12 -1 1.705e+02 8.556e+01))
s>        ( WDBNDRY_B 0 -7.953e+03 3.572e+02 5.188e+02
s>            ( QUESTION0_13_R 1 -7.256e+03 1.860e+02 4.998e+02
s>                ( QUESTION2 -1 -7.101e+02 1.864e+02 5.079e+01
s>                    ( - -2.364e+01 1 0)
s>                    ( QUESTION12 -1 -5.001e+02 1.918e+02 3.600e+01
s>                        ( - 1.306e+01 1 0)
s>                        ( - -3.213e+02 4 0 QUESTION0 -1 1.215e+02 3.000e+01)))
s>                ( QUESTION15 -1 -6.360e+03 2.009e+02 4.490e+02
s>                    ( - -9.355e+01 2 0 QUESTION0_0_R 1 1.099e+02 1.858e+01)
s>                    ( - -6.065e+03 23 0 QUESTION0_20_R 1 1.788e+02 4.305e+02)))
s>            ( - -3.401e+02 1 0)))INFO: dtree.c(1351): Comp split 10
INFO: dtree.c(1351): Comp split 11
INFO: dtree.c(1524): Final simple tree
|( QUESTION0_13_R 1 -6.959e+03 1.835e+02 4.812e+02
|    ( QUESTION2 -1 -7.101e+02 1.864e+02 5.079e+01
|        ( - -2.364e+01 1 0)
|        ( QUESTION12 -1 -5.001e+02 1.918e+02 3.600e+01
|            ( - 1.306e+01 1 0)
|            ( - -3.213e+02 4 0 QUESTION0 -1 1.215e+02 3.000e+01)))
|    ( QUESTION0_20_R 1 -6.065e+03 1.788e+02 4.305e+02
|        ( QUESTION0 -1 -2.944e+03 1.480e+02 2.022e+02
|            ( - -2.486e+03 4 0)
|            ( - -3.101e+02 1 0))
|        ( QUESTION0_2_R 1 -2.943e+03 1.883e+02 2.283e+02
|            ( QUESTION11 -1 -8.290e+02 1.954e+02 7.010e+01
|                ( - 1.438e+02 1 0)
|                ( - -7.774e+02 5 0 QUESTION0 -1 1.052e+02 6.710e+01))
|            ( - -1.926e+03 12 0 QUESTION2 -1 1.474e+02 1.582e+02))))
s>    ( QUESTION0_13_R 1 -6.959e+03 1.835e+02 4.812e+02
s>        ( QUESTION2 -1 -7.101e+02 1.864e+02 5.079e+01
s>            ( - -2.364e+01 1 0)
s>            ( QUESTION12 -1 -5.001e+02 1.918e+02 3.600e+01
s>                ( - 1.306e+01 1 0)
s>                ( - -3.213e+02 4 0 QUESTION0 -1 1.215e+02 3.000e+01)))
s>        ( QUESTION0_20_R 1 -6.065e+03 1.788e+02 4.305e+02
s>            ( QUESTION0 -1 -2.944e+03 1.480e+02 2.022e+02
s>                ( - -2.486e+03 4 0)
s>                ( - -3.101e+02 1 0))
s>            ( QUESTION0_2_R 1 -2.943e+03 1.883e+02 2.283e+02
s>                ( QUESTION11 -1 -8.290e+02 1.954e+02 7.010e+01
s>                    ( - 1.438e+02 1 0)
s>                    ( - -7.774e+02 5 0 QUESTION0 -1 1.052e+02 6.710e+01))
s>                ( - -1.926e+03 12 0 QUESTION2 -1 1.474e+02 1.582e+02))))INFO: dtree.c(1483): stop. leaf nodes are specific
INFO: dtree.c(1524): Final simple tree
|( WDBNDRY_B 0 -4.904e+03 3.572e+02 3.339e+02
|    ( QUESTION0 -1 -4.207e+03 2.352e+02 3.149e+02
|        ( - -2.682e+03 4 0)
|        ( QUESTION12 -1 -1.290e+03 1.624e+02 1.041e+02
|            ( - -1.081e+02 1 0)
|            ( QUESTION0_18_R 1 -1.019e+03 1.551e+02 8.361e+01
|                ( QUESTION2 -1 -7.706e+02 1.423e+02 6.503e+01
|                    ( - -3.921e+02 1 0)
|                    ( - -2.363e+02 1 0))
|                ( QUESTION0_0_R 1 -9.355e+01 1.099e+02 1.858e+01
|                    ( - -4.817e+01 1 0)
|                    ( - 6.452e+01 1 0)))))
|    ( - -3.401e+02 1 0))
s>    ( WDBNDRY_B 0 -4.904e+03 3.572e+02 3.339e+02
s>        ( QUESTION0 -1 -4.207e+03 2.352e+02 3.149e+02
s>            ( - -2.682e+03 4 0)
s>            ( QUESTION12 -1 -1.290e+03 1.624e+02 1.041e+02
s>                ( - -1.081e+02 1 0)
s>                ( QUESTION0_18_R 1 -1.019e+03 1.551e+02 8.361e+01
s>                    ( QUESTION2 -1 -7.706e+02 1.423e+02 6.503e+01
s>                        ( - -3.921e+02 1 0)
s>                        ( - -2.363e+02 1 0))
s>                    ( QUESTION0_0_R 1 -9.355e+01 1.099e+02 1.858e+01
s>                        ( - -4.817e+01 1 0)
s>                        ( - 6.452e+01 1 0)))))
s>        ( - -3.401e+02 1 0))INFO: dtree.c(1351): Comp split 12
INFO: dtree.c(1483): stop. leaf nodes are specific
INFO: dtree.c(1524): Final simple tree
|( QUESTION2_1_L -1 -2.827e+03 2.107e+02 3.110e+02
|    ( - -1.888e+03 1 0)
|    ( - -7.287e+02 1 0))
s>    ( QUESTION2_1_L -1 -2.827e+03 2.107e+02 3.110e+02
s>        ( - -1.888e+03 1 0)
s>        ( - -7.287e+02 1 0))INFO: dtree.c(1483): stop. leaf nodes are specific
INFO: dtree.c(1524): Final simple tree
|( QUESTION0_18_R 1 -4.447e+03 2.968e+02 3.127e+02
|    ( - -2.169e+03 1 0)
|    ( QUESTION0_2_R 1 -1.981e+03 1.989e+02 1.382e+02
|        ( - -1.580e+02 1 0)
|        ( QUESTION0_0_R 1 -1.624e+03 9.911e+01 1.166e+02
|            ( - -2.881e+02 1 0)
|            ( - -1.237e+03 1 0))))
s>    ( QUESTION0_18_R 1 -4.447e+03 2.968e+02 3.127e+02
s>        ( - -2.169e+03 1 0)
s>        ( QUESTION0_2_R 1 -1.981e+03 1.989e+02 1.382e+02
s>            ( - -1.580e+02 1 0)
s>            ( QUESTION0_0_R 1 -1.624e+03 9.911e+01 1.166e+02
s>                ( - -2.881e+02 1 0)
s>                ( - -1.237e+03 1 0))))INFO: dtree.c(1351): Comp split 13
INFO: dtree.c(1483): stop. leaf nodes are specific
INFO: dtree.c(1524): Final simple tree
|( QUESTION0_15_R 1 2.287e+02 1.183e+02 1.439e+01
|    ( - 9.741e+01 1 0)
|    ( - 2.497e+02 1 0))
s>    ( QUESTION0_15_R 1 2.287e+02 1.183e+02 1.439e+01
s>        ( - 9.741e+01 1 0)
s>        ( - 2.497e+02 1 0))INFO: dtree.c(1351): Comp split 14
INFO: dtree.c(1483): stop. leaf nodes are specific
INFO: dtree.c(1524): Final simple tree
|( QUESTION0 -1 -4.207e+03 2.352e+02 3.149e+02
|    ( - -2.682e+03 4 0)
|    ( QUESTION12 -1 -1.290e+03 1.624e+02 1.041e+02
|        ( - -1.081e+02 1 0)
|        ( QUESTION0_18_R 1 -1.019e+03 1.551e+02 8.361e+01
|            ( QUESTION2 -1 -7.706e+02 1.423e+02 6.503e+01
|                ( - -3.921e+02 1 0)
|                ( - -2.363e+02 1 0))
|            ( QUESTION0_0_R 1 -9.355e+01 1.099e+02 1.858e+01
|                ( - -4.817e+01 1 0)
|                ( - 6.452e+01 1 0)))))
s>    ( QUESTION0 -1 -4.207e+03 2.352e+02 3.149e+02
s>        ( - -2.682e+03 4 0)
s>        ( QUESTION12 -1 -1.290e+03 1.624e+02 1.041e+02
s>            ( - -1.081e+02 1 0)
s>            ( QUESTION0_18_R 1 -1.019e+03 1.551e+02 8.361e+01
s>                ( QUESTION2 -1 -7.706e+02 1.423e+02 6.503e+01
s>                    ( - -3.921e+02 1 0)
s>                    ( - -2.363e+02 1 0))
s>                ( QUESTION0_0_R 1 -9.355e+01 1.099e+02 1.858e+01
s>                    ( - -4.817e+01 1 0)
s>                    ( - 6.452e+01 1 0)))))INFO: dtree.c(1351): Comp split 15
INFO: dtree.c(1483): stop. leaf nodes are specific
INFO: dtree.c(1524): Final simple tree
|( QUESTION0_15_R 1 9.650e+00 1.489e+02 8.151e+01
|    ( - 1.014e+02 1 0)
|    ( QUESTION0_18_R 1 5.721e+01 1.396e+02 7.951e+01
|        ( - 9.047e+01 1 0)
|        ( - 1.064e+02 1 0)))
s>    ( QUESTION0_15_R 1 9.650e+00 1.489e+02 8.151e+01
s>        ( - 1.014e+02 1 0)
s>        ( QUESTION0_18_R 1 5.721e+01 1.396e+02 7.951e+01
s>            ( - 9.047e+01 1 0)
s>            ( - 1.064e+02 1 0)))INFO: dtree.c(1483): stop. leaf nodes are specific
INFO: dtree.c(1524): Final simple tree
|( QUESTION0_20_R 1 -5.433e+02 1.847e+02 7.507e+01
|    ( - -4.988e+02 1 0)
|    ( - 1.401e+02 1 0))
s>    ( QUESTION0_20_R 1 -5.433e+02 1.847e+02 7.507e+01
s>        ( - -4.988e+02 1 0)
s>        ( - 1.401e+02 1 0))INFO: dtree.c(1351): Comp split 16
INFO: dtree.c(1524): Final simple tree
|( QUESTION0_14_R 1 -4.450e+03 2.142e+02 3.703e+02
|    ( QUESTION2 -1 -2.190e+03 1.520e+02 1.825e+02
|        ( QUESTION0_18_R 1 -6.472e+02 1.673e+02 6.484e+01
|            ( - 4.084e-01 1 0)
|            ( - -4.803e+02 3 0 QUESTION3 -1 1.249e+02 3.511e+01))
|        ( QUESTION0_20_R 1 -1.391e+03 1.700e+02 1.177e+02
|            ( QUESTION0 -1 -6.193e+02 1.277e+02 5.005e+01
|                ( - -1.566e+02 1 0)
|                ( - -3.350e+02 1 0))
|            ( - -6.018e+02 4 0 QUESTION0 -1 1.264e+02 6.764e+01)))
|    ( QUESTION11 -1 -2.046e+03 1.517e+02 1.878e+02
|        ( QUESTION12 -1 -2.595e+02 1.419e+02 3.039e+01
|            ( - -1.408e+02 2 0 QUESTION0_1_R 1 1.115e+02 2.439e+01)
|            ( - 2.325e+01 1 0))
|        ( - -1.635e+03 9 0 QUESTION0_1_R 1 1.091e+02 1.574e+02)))
s>    ( QUESTION0_14_R 1 -4.450e+03 2.142e+02 3.703e+02
s>        ( QUESTION2 -1 -2.190e+03 1.520e+02 1.825e+02
s>            ( QUESTION0_18_R 1 -6.472e+02 1.673e+02 6.484e+01
s>                ( - 4.084e-01 1 0)
s>                ( - -4.803e+02 3 0 QUESTION3 -1 1.249e+02 3.511e+01))
s>            ( QUESTION0_20_R 1 -1.391e+03 1.700e+02 1.177e+02
s>                ( QUESTION0 -1 -6.193e+02 1.277e+02 5.005e+01
s>                    ( - -1.566e+02 1 0)
s>                    ( - -3.350e+02 1 0))
s>                ( - -6.018e+02 4 0 QUESTION0 -1 1.264e+02 6.764e+01)))
s>        ( QUESTION11 -1 -2.046e+03 1.517e+02 1.878e+02
s>            ( QUESTION12 -1 -2.595e+02 1.419e+02 3.039e+01
s>                ( - -1.408e+02 2 0 QUESTION0_1_R 1 1.115e+02 2.439e+01)
s>                ( - 2.325e+01 1 0))
s>            ( - -1.635e+03 9 0 QUESTION0_1_R 1 1.091e+02 1.574e+02)))INFO: dtree.c(1483): stop. leaf nodes are specific
INFO: dtree.c(1524): Final simple tree
|( QUESTION0_0_R 1 -4.205e+01 1.724e+02 1.700e+01
|    ( - 3.688e+01 1 0)
|    ( - 9.345e+01 1 0))
s>    ( QUESTION0_0_R 1 -4.205e+01 1.724e+02 1.700e+01
s>        ( - 3.688e+01 1 0)
s>        ( - 9.345e+01 1 0))INFO: dtree.c(1351): Comp split 17
INFO: dtree.c(1483): stop. leaf nodes are specific
INFO: dtree.c(1524): Final simple tree
|( QUESTION0_2_R 1 -1.981e+03 1.989e+02 1.382e+02
|    ( - -1.580e+02 1 0)
|    ( QUESTION0_0_R 1 -1.624e+03 9.911e+01 1.166e+02
|        ( - -2.881e+02 1 0)
|        ( - -1.237e+03 1 0)))
s>    ( QUESTION0_2_R 1 -1.981e+03 1.989e+02 1.382e+02
s>        ( - -1.580e+02 1 0)
s>        ( QUESTION0_0_R 1 -1.624e+03 9.911e+01 1.166e+02
s>            ( - -2.881e+02 1 0)
s>            ( - -1.237e+03 1 0)))INFO: dtree.c(1351): Comp split 18
INFO: dtree.c(1483): stop. leaf nodes are specific
INFO: dtree.c(1524): Final simple tree
|( QUESTION0_1_R 1 -3.303e+03 1.685e+02 4.304e+02
|    ( - -2.793e+03 1 0)
|    ( - -3.412e+02 1 0))
s>    ( QUESTION0_1_R 1 -3.303e+03 1.685e+02 4.304e+02
s>        ( - -2.793e+03 1 0)
s>        ( - -3.412e+02 1 0))INFO: dtree.c(1483): stop. leaf nodes are specific
INFO: dtree.c(1524): Final simple tree
|( QUESTION0_1_R 1 2.789e+02 1.516e+02 4.947e+01
|    ( - 2.130e+02 1 0)
|    ( - 2.175e+02 1 0))
s>    ( QUESTION0_1_R 1 2.789e+02 1.516e+02 4.947e+01
s>        ( - 2.130e+02 1 0)
s>        ( - 2.175e+02 1 0))INFO: dtree.c(1351): Comp split 19
INFO: dtree.c(1483): stop. leaf nodes are specific
INFO: dtree.c(1524): Final simple tree
|( QUESTION0 -1 -6.603e+03 1.659e+02 3.662e+02
|    ( QUESTION0_13_R 1 -5.080e+03 1.336e+02 2.970e+02
|        ( - -5.983e+02 1 0)
|        ( - -4.348e+03 1 0))
|    ( QUESTION0_13_R 1 -1.357e+03 1.049e+02 6.921e+01
|        ( - -2.170e+02 1 0)
|        ( - -1.035e+03 1 0)))
s>    ( QUESTION0 -1 -6.603e+03 1.659e+02 3.662e+02
s>        ( QUESTION0_13_R 1 -5.080e+03 1.336e+02 2.970e+02
s>            ( - -5.983e+02 1 0)
s>            ( - -4.348e+03 1 0))
s>        ( QUESTION0_13_R 1 -1.357e+03 1.049e+02 6.921e+01
s>            ( - -2.170e+02 1 0)
s>            ( - -1.035e+03 1 0)))INFO: dtree.c(1483): stop. leaf nodes are specific
INFO: dtree.c(1524): Final simple tree
|( QUESTION0 -1 -2.187e+03 2.321e+02 1.482e+02
|    ( QUESTION2_1_L -1 -9.580e+02 1.386e+02 8.309e+01
|        ( - -8.361e+02 1 0)
|        ( - 1.671e+01 1 0))
|    ( - -9.970e+02 1 0))
s>    ( QUESTION0 -1 -2.187e+03 2.321e+02 1.482e+02
s>        ( QUESTION2_1_L -1 -9.580e+02 1.386e+02 8.309e+01
s>            ( - -8.361e+02 1 0)
s>            ( - 1.671e+01 1 0))
s>        ( - -9.970e+02 1 0))INFO: dtree.c(1351): Comp split 20
INFO: dtree.c(1483): stop. leaf nodes are specific
INFO: dtree.c(1524): Final simple tree
|( QUESTION12 -1 -1.290e+03 1.624e+02 1.041e+02
|    ( - -1.081e+02 1 0)
|    ( QUESTION0_18_R 1 -1.019e+03 1.551e+02 8.361e+01
|        ( QUESTION2 -1 -7.706e+02 1.423e+02 6.503e+01
|            ( - -3.921e+02 1 0)
|            ( - -2.363e+02 1 0))
|        ( QUESTION0_0_R 1 -9.355e+01 1.099e+02 1.858e+01
|            ( - -4.817e+01 1 0)
|            ( - 6.452e+01 1 0))))
s>    ( QUESTION12 -1 -1.290e+03 1.624e+02 1.041e+02
s>        ( - -1.081e+02 1 0)
s>        ( QUESTION0_18_R 1 -1.019e+03 1.551e+02 8.361e+01
s>            ( QUESTION2 -1 -7.706e+02 1.423e+02 6.503e+01
s>                ( - -3.921e+02 1 0)
s>                ( - -2.363e+02 1 0))
s>            ( QUESTION0_0_R 1 -9.355e+01 1.099e+02 1.858e+01
s>                ( - -4.817e+01 1 0)
s>                ( - 6.452e+01 1 0))))INFO: dtree.c(1351): Comp split 21
INFO: dtree.c(1483): stop. leaf nodes are specific
INFO: dtree.c(1524): Final simple tree
|( QUESTION2_1_L -1 -9.580e+02 1.386e+02 8.309e+01
|    ( - -8.361e+02 1 0)
|    ( - 1.671e+01 1 0))
s>    ( QUESTION2_1_L -1 -9.580e+02 1.386e+02 8.309e+01
s>        ( - -8.361e+02 1 0)
s>        ( - 1.671e+01 1 0))INFO: dtree.c(1351): Comp split 22
INFO: dtree.c(1483): stop. leaf nodes are specific
INFO: dtree.c(1524): Final simple tree
|( QUESTION0_2_R 1 -1.977e+03 1.957e+02 1.612e+02
|    ( - 1.438e+02 1 0)
|    ( QUESTION2 -1 -1.926e+03 1.474e+02 1.582e+02
|        ( QUESTION0_0_R 1 -1.343e+02 2.395e+02 2.915e+01
|            ( - -6.585e+01 1 0)
|            ( - 1.711e+02 1 0))
|        ( QUESTION0_0_R 1 -1.644e+03 1.374e+02 1.290e+02
|            ( QUESTION0 -1 -7.707e+02 1.117e+02 6.897e+01
|                ( - -6.477e+02 4 0)
|                ( - -1.133e+01 1 0))
|            ( QUESTION0 -1 -7.357e+02 1.232e+02 6.005e+01
|                ( - -5.704e+02 4 0)
|                ( - -4.212e+01 1 0)))))
s>    ( QUESTION0_2_R 1 -1.977e+03 1.957e+02 1.612e+02
s>        ( - 1.438e+02 1 0)
s>        ( QUESTION2 -1 -1.926e+03 1.474e+02 1.582e+02
s>            ( QUESTION0_0_R 1 -1.343e+02 2.395e+02 2.915e+01
s>                ( - -6.585e+01 1 0)
s>                ( - 1.711e+02 1 0))
s>            ( QUESTION0_0_R 1 -1.644e+03 1.374e+02 1.290e+02
s>                ( QUESTION0 -1 -7.707e+02 1.117e+02 6.897e+01
s>                    ( - -6.477e+02 4 0)
s>                    ( - -1.133e+01 1 0))
s>                ( QUESTION0 -1 -7.357e+02 1.232e+02 6.005e+01
s>                    ( - -5.704e+02 4 0)
s>                    ( - -4.212e+01 1 0)))))INFO: dtree.c(1524): Final simple tree
|( QUESTION12 -1 -4.756e+03 1.942e+02 3.201e+02
|    ( - 1.306e+01 1 0)
|    ( QUESTION0_14_R 1 -4.574e+03 1.626e+02 3.141e+02
|        ( QUESTION0 -1 -2.944e+03 1.480e+02 2.022e+02
|            ( - -2.486e+03 4 0)
|            ( - -3.101e+02 1 0))
|        ( QUESTION2 -1 -1.468e+03 1.518e+02 1.119e+02
|            ( QUESTION0_0_R 1 -1.172e+02 1.185e+02 1.979e+01
|                ( - 2.491e+01 1 0)
|                ( - -2.364e+01 1 0))
|            ( QUESTION0_0_R 1 -1.199e+03 1.807e+02 9.210e+01
|                ( - -6.971e+02 4 0)
|                ( QUESTION0 -1 -3.213e+02 1.215e+02 3.000e+01
|                    ( - -2.466e+02 3 0)
|                    ( - 4.683e+01 1 0))))))
s>    ( QUESTION12 -1 -4.756e+03 1.942e+02 3.201e+02
s>        ( - 1.306e+01 1 0)
s>        ( QUESTION0_14_R 1 -4.574e+03 1.626e+02 3.141e+02
s>            ( QUESTION0 -1 -2.944e+03 1.480e+02 2.022e+02
s>                ( - -2.486e+03 4 0)
s>                ( - -3.101e+02 1 0))
s>            ( QUESTION2 -1 -1.468e+03 1.518e+02 1.119e+02
s>                ( QUESTION0_0_R 1 -1.172e+02 1.185e+02 1.979e+01
s>                    ( - 2.491e+01 1 0)
s>                    ( - -2.364e+01 1 0))
s>                ( QUESTION0_0_R 1 -1.199e+03 1.807e+02 9.210e+01
s>                    ( - -6.971e+02 4 0)
s>                    ( QUESTION0 -1 -3.213e+02 1.215e+02 3.000e+01
s>                        ( - -2.466e+02 3 0)
s>                        ( - 4.683e+01 1 0))))))INFO: dtree.c(1351): Comp split 23
INFO: dtree.c(1524): Final simple tree
|( QUESTION12 -1 -2.834e+03 1.713e+02 2.378e+02
|    ( QUESTION0_2_R 1 -5.690e+02 1.086e+02 5.744e+01
|        ( - 3.216e+01 1 0)
|        ( - -4.926e+02 2 0 QUESTION0_0_R 1 9.618e+01 4.844e+01))
|    ( QUESTION0_14_R 1 -2.094e+03 1.765e+02 1.804e+02
|        ( - -1.566e+02 1 0)
|        ( QUESTION11 -1 -1.761e+03 1.496e+02 1.634e+02
|            ( - 2.325e+01 1 0)
|            ( QUESTION0_1_R 1 -1.635e+03 1.091e+02 1.574e+02
|                ( QUESTION0 -1 -4.493e+02 1.505e+02 5.821e+01
|                    ( - -3.723e+02 2 0)
|                    ( - 7.350e+01 1 0))
|                ( QUESTION0 -1 -1.076e+03 1.026e+02 9.920e+01
|                    ( - -7.441e+02 4 0 QUESTION0_0_R 1 1.153e+02 6.520e+01)
|                    ( - -2.296e+02 2 0 QUESTION0_0_R 1 1.502e+02 3.400e+01))))))
s>    ( QUESTION12 -1 -2.834e+03 1.713e+02 2.378e+02
s>        ( QUESTION0_2_R 1 -5.690e+02 1.086e+02 5.744e+01
s>            ( - 3.216e+01 1 0)
s>            ( - -4.926e+02 2 0 QUESTION0_0_R 1 9.618e+01 4.844e+01))
s>        ( QUESTION0_14_R 1 -2.094e+03 1.765e+02 1.804e+02
s>            ( - -1.566e+02 1 0)
s>            ( QUESTION11 -1 -1.761e+03 1.496e+02 1.634e+02
s>                ( - 2.325e+01 1 0)
s>                ( QUESTION0_1_R 1 -1.635e+03 1.091e+02 1.574e+02
s>                    ( QUESTION0 -1 -4.493e+02 1.505e+02 5.821e+01
s>                        ( - -3.723e+02 2 0)
s>                        ( - 7.350e+01 1 0))
s>                    ( QUESTION0 -1 -1.076e+03 1.026e+02 9.920e+01
s>                        ( - -7.441e+02 4 0 QUESTION0_0_R 1 1.153e+02 6.520e+01)
s>                        ( - -2.296e+02 2 0 QUESTION0_0_R 1 1.502e+02 3.400e+01))))))INFO: dtree.c(1483): stop. leaf nodes are specific
INFO: dtree.c(1524): Final simple tree
|( QUESTION3 -1 -1.390e+03 1.435e+02 1.325e+02
|    ( QUESTION0_18_R 1 -6.016e+02 1.678e+02 5.884e+01
|        ( - 4.084e-01 1 0)
|        ( QUESTION0_20_R 1 -4.342e+02 1.081e+02 2.911e+01
|            ( - 6.747e-01 1 0)
|            ( - -3.268e+02 1 0)))
|    ( QUESTION11 -1 -6.449e+02 1.273e+02 7.364e+01
|        ( - 1.809e+01 1 0)
|        ( QUESTION0 -1 -5.357e+02 1.211e+02 5.178e+01
|            ( QUESTION0_18_R 1 -4.935e+02 1.083e+02 4.578e+01
|                ( - -2.338e+02 1 0)
|                ( - -1.513e+02 2 0))
|            ( - 7.881e+01 1 0))))
s>    ( QUESTION3 -1 -1.390e+03 1.435e+02 1.325e+02
s>        ( QUESTION0_18_R 1 -6.016e+02 1.678e+02 5.884e+01
s>            ( - 4.084e-01 1 0)
s>            ( QUESTION0_20_R 1 -4.342e+02 1.081e+02 2.911e+01
s>                ( - 6.747e-01 1 0)
s>                ( - -3.268e+02 1 0)))
s>        ( QUESTION11 -1 -6.449e+02 1.273e+02 7.364e+01
s>            ( - 1.809e+01 1 0)
s>            ( QUESTION0 -1 -5.357e+02 1.211e+02 5.178e+01
s>                ( QUESTION0_18_R 1 -4.935e+02 1.083e+02 4.578e+01
s>                    ( - -2.338e+02 1 0)
s>                    ( - -1.513e+02 2 0))
s>                ( - 7.881e+01 1 0))))INFO: dtree.c(1351): Comp split 24
INFO: dtree.c(1483): stop. leaf nodes are specific
INFO: dtree.c(1524): Final simple tree
|( QUESTION0_2_R 1 -1.923e+03 1.964e+02 1.572e+02
|    ( - 1.438e+02 1 0)
|    ( QUESTION2 -1 -1.871e+03 1.609e+02 1.542e+02
|        ( - -6.585e+01 1 0)
|        ( QUESTION0_0_R 1 -1.644e+03 1.374e+02 1.290e+02
|            ( QUESTION0 -1 -7.707e+02 1.117e+02 6.897e+01
|                ( - -6.477e+02 4 0)
|                ( - -1.133e+01 1 0))
|            ( QUESTION0 -1 -7.357e+02 1.232e+02 6.005e+01
|                ( - -5.704e+02 4 0)
|                ( - -4.212e+01 1 0)))))
s>    ( QUESTION0_2_R 1 -1.923e+03 1.964e+02 1.572e+02
s>        ( - 1.438e+02 1 0)
s>        ( QUESTION2 -1 -1.871e+03 1.609e+02 1.542e+02
s>            ( - -6.585e+01 1 0)
s>            ( QUESTION0_0_R 1 -1.644e+03 1.374e+02 1.290e+02
s>                ( QUESTION0 -1 -7.707e+02 1.117e+02 6.897e+01
s>                    ( - -6.477e+02 4 0)
s>                    ( - -1.133e+01 1 0))
s>                ( QUESTION0 -1 -7.357e+02 1.232e+02 6.005e+01
s>                    ( - -5.704e+02 4 0)
s>                    ( - -4.212e+01 1 0)))))INFO: dtree.c(1351): Comp split 25
INFO: dtree.c(1483): stop. leaf nodes are specific
INFO: dtree.c(1524): Final simple tree
|( QUESTION2 -1 -1.603e+02 1.497e+02 2.079e+01
|    ( - -2.364e+01 1 0)
|    ( - 1.306e+01 1 0))
s>    ( QUESTION2 -1 -1.603e+02 1.497e+02 2.079e+01
s>        ( - -2.364e+01 1 0)
s>        ( - 1.306e+01 1 0))INFO: dtree.c(1483): stop. leaf nodes are specific
INFO: dtree.c(1524): Final simple tree
|( QUESTION0_13_R 1 -4.382e+03 1.888e+02 2.993e+02
|    ( QUESTION0 -1 -3.213e+02 1.215e+02 3.000e+01
|        ( - -2.466e+02 3 0)
|        ( - 4.683e+01 1 0))
|    ( QUESTION0_0_R 1 -3.872e+03 1.507e+02 2.693e+02
|        ( QUESTION0 -1 -7.774e+02 1.052e+02 6.710e+01
|            ( - -6.971e+02 4 0)
|            ( - 2.491e+01 1 0))
|        ( QUESTION0 -1 -2.944e+03 1.480e+02 2.022e+02
|            ( - -2.486e+03 4 0)
|            ( - -3.101e+02 1 0))))
s>    ( QUESTION0_13_R 1 -4.382e+03 1.888e+02 2.993e+02
s>        ( QUESTION0 -1 -3.213e+02 1.215e+02 3.000e+01
s>            ( - -2.466e+02 3 0)
s>            ( - 4.683e+01 1 0))
s>        ( QUESTION0_0_R 1 -3.872e+03 1.507e+02 2.693e+02
s>            ( QUESTION0 -1 -7.774e+02 1.052e+02 6.710e+01
s>                ( - -6.971e+02 4 0)
s>                ( - 2.491e+01 1 0))
s>            ( QUESTION0 -1 -2.944e+03 1.480e+02 2.022e+02
s>                ( - -2.486e+03 4 0)
s>                ( - -3.101e+02 1 0))))INFO: dtree.c(1351): Comp split 26
INFO: dtree.c(1483): stop. leaf nodes are specific
INFO: dtree.c(1524): Final simple tree
|( QUESTION0_15_R 1 -5.378e+03 1.775e+02 3.805e+02
|    ( - 1.403e+02 1 0)
|    ( QUESTION0_1_R 1 -5.341e+03 1.305e+02 3.755e+02
|        ( - -2.547e+03 1 0)
|        ( QUESTION0_14_R 1 -2.663e+03 1.220e+02 1.918e+02
|            ( - -1.204e+03 1 0)
|            ( QUESTION0_0_R 1 -1.338e+03 9.719e+01 1.117e+02
|                ( - -9.746e+02 1 0)
|                ( - -2.659e+02 1 0)))))
s>    ( QUESTION0_15_R 1 -5.378e+03 1.775e+02 3.805e+02
s>        ( - 1.403e+02 1 0)
s>        ( QUESTION0_1_R 1 -5.341e+03 1.305e+02 3.755e+02
s>            ( - -2.547e+03 1 0)
s>            ( QUESTION0_14_R 1 -2.663e+03 1.220e+02 1.918e+02
s>                ( - -1.204e+03 1 0)
s>                ( QUESTION0_0_R 1 -1.338e+03 9.719e+01 1.117e+02
s>                    ( - -9.746e+02 1 0)
s>                    ( - -2.659e+02 1 0)))))INFO: dtree.c(1351): Comp split 27
INFO: dtree.c(1351): Comp split 28
INFO: dtree.c(1483): stop. leaf nodes are specific
INFO: dtree.c(1524): Final simple tree
|( QUESTION2 -1 -8.608e+02 1.450e+02 7.044e+01
|    ( - 7.350e+01 1 0)
|    ( QUESTION0 -1 -7.893e+02 1.401e+02 6.544e+01
|        ( - -1.566e+02 1 0)
|        ( QUESTION0_0_R 1 -4.926e+02 9.618e+01 4.844e+01
|            ( - -6.143e+01 1 0)
|            ( - -3.350e+02 1 0))))
s>    ( QUESTION2 -1 -8.608e+02 1.450e+02 7.044e+01
s>        ( - 7.350e+01 1 0)
s>        ( QUESTION0 -1 -7.893e+02 1.401e+02 6.544e+01
s>            ( - -1.566e+02 1 0)
s>            ( QUESTION0_0_R 1 -4.926e+02 9.618e+01 4.844e+01
s>                ( - -6.143e+01 1 0)
s>                ( - -3.350e+02 1 0))))INFO: dtree.c(1483): stop. leaf nodes are specific
INFO: dtree.c(1524): Final simple tree
|( QUESTION15 -1 -1.773e+03 1.474e+02 1.674e+02
|    ( - 2.325e+01 1 0)
|    ( QUESTION11 -1 -1.649e+03 1.206e+02 1.614e+02
|        ( - 3.216e+01 1 0)
|        ( QUESTION0_0_R 1 -1.561e+03 1.125e+02 1.524e+02
|            ( QUESTION0 -1 -1.036e+03 1.230e+02 1.128e+02
|                ( QUESTION0_1_R 1 -6.882e+02 9.870e+01 8.382e+01
|                    ( - -3.723e+02 2 0)
|                    ( - -2.172e+02 2 0))
|                ( - -2.245e+02 1 0))
|            ( QUESTION0 -1 -4.126e+02 1.461e+02 3.959e+01
|                ( - -4.116e+02 2 0)
|                ( - 1.451e+02 1 0)))))
s>    ( QUESTION15 -1 -1.773e+03 1.474e+02 1.674e+02
s>        ( - 2.325e+01 1 0)
s>        ( QUESTION11 -1 -1.649e+03 1.206e+02 1.614e+02
s>            ( - 3.216e+01 1 0)
s>            ( QUESTION0_0_R 1 -1.561e+03 1.125e+02 1.524e+02
s>                ( QUESTION0 -1 -1.036e+03 1.230e+02 1.128e+02
s>                    ( QUESTION0_1_R 1 -6.882e+02 9.870e+01 8.382e+01
s>                        ( - -3.723e+02 2 0)
s>                        ( - -2.172e+02 2 0))
s>                    ( - -2.245e+02 1 0))
s>                ( QUESTION0 -1 -4.126e+02 1.461e+02 3.959e+01
s>                    ( - -4.116e+02 2 0)
s>                    ( - 1.451e+02 1 0)))))INFO: dtree.c(1351): Comp split 29
INFO: dtree.c(1483): stop. leaf nodes are specific
INFO: dtree.c(1524): Final simple tree
|( QUESTION0_0_R 1 -3.798e+03 1.574e+02 2.643e+02
|    ( - -6.971e+02 4 0)
|    ( QUESTION0 -1 -2.944e+03 1.480e+02 2.022e+02
|        ( - -2.486e+03 4 0)
|        ( - -3.101e+02 1 0)))
s>    ( QUESTION0_0_R 1 -3.798e+03 1.574e+02 2.643e+02
s>        ( - -6.971e+02 4 0)
s>        ( QUESTION0 -1 -2.944e+03 1.480e+02 2.022e+02
s>            ( - -2.486e+03 4 0)
s>            ( - -3.101e+02 1 0)))INFO: dtree.c(1483): stop. leaf nodes are specific
INFO: dtree.c(1524): Final simple tree
|( QUESTION11 -1 -3.838e+02 1.206e+02 3.500e+01
|    ( - 4.683e+01 1 0)
|    ( QUESTION0_0_R 1 -3.100e+02 8.832e+01 2.900e+01
|        ( - 2.491e+01 1 0)
|        ( - -2.466e+02 3 0)))
s>    ( QUESTION11 -1 -3.838e+02 1.206e+02 3.500e+01
s>        ( - 4.683e+01 1 0)
s>        ( QUESTION0_0_R 1 -3.100e+02 8.832e+01 2.900e+01
s>            ( - 2.491e+01 1 0)
s>            ( - -2.466e+02 3 0)))INFO: dtree.c(1351): Comp split 30
INFO: dtree.c(1483): stop. leaf nodes are specific
INFO: dtree.c(1524): Final simple tree
|( QUESTION0_0_R 1 -1.624e+03 9.911e+01 1.166e+02
|    ( - -2.881e+02 1 0)
|    ( - -1.237e+03 1 0))
s>    ( QUESTION0_0_R 1 -1.624e+03 9.911e+01 1.166e+02
s>        ( - -2.881e+02 1 0)
s>        ( - -1.237e+03 1 0))INFO: dtree.c(1351): Comp split 31
INFO: dtree.c(1483): stop. leaf nodes are specific
INFO: dtree.c(1524): Final simple tree
|( QUESTION2 -1 -1.871e+03 1.609e+02 1.542e+02
|    ( - -6.585e+01 1 0)
|    ( QUESTION0_0_R 1 -1.644e+03 1.374e+02 1.290e+02
|        ( QUESTION0 -1 -7.707e+02 1.117e+02 6.897e+01
|            ( - -6.477e+02 4 0)
|            ( - -1.133e+01 1 0))
|        ( QUESTION0 -1 -7.357e+02 1.232e+02 6.005e+01
|            ( - -5.704e+02 4 0)
|            ( - -4.212e+01 1 0))))
s>    ( QUESTION2 -1 -1.871e+03 1.609e+02 1.542e+02
s>        ( - -6.585e+01 1 0)
s>        ( QUESTION0_0_R 1 -1.644e+03 1.374e+02 1.290e+02
s>            ( QUESTION0 -1 -7.707e+02 1.117e+02 6.897e+01
s>                ( - -6.477e+02 4 0)
s>                ( - -1.133e+01 1 0))
s>            ( QUESTION0 -1 -7.357e+02 1.232e+02 6.005e+01
s>                ( - -5.704e+02 4 0)
s>                ( - -4.212e+01 1 0))))INFO: dtree.c(1351): Comp split 32
INFO: dtree.c(1351): Comp split 33
INFO: dtree.c(1483): stop. leaf nodes are specific
INFO: dtree.c(1524): Final simple tree
|( QUESTION2 -1 -7.706e+02 1.423e+02 6.503e+01
|    ( - -3.921e+02 1 0)
|    ( - -2.363e+02 1 0))
s>    ( QUESTION2 -1 -7.706e+02 1.423e+02 6.503e+01
s>        ( - -3.921e+02 1 0)
s>        ( - -2.363e+02 1 0))INFO: dtree.c(1483): stop. leaf nodes are specific
INFO: dtree.c(1524): Final simple tree
|( QUESTION0_18_R 1 -3.382e+02 1.366e+02 3.911e+01
|    ( - -1.081e+02 1 0)
|    ( QUESTION0_0_R 1 -9.355e+01 1.099e+02 1.858e+01
|        ( - -4.817e+01 1 0)
|        ( - 6.452e+01 1 0)))
s>    ( QUESTION0_18_R 1 -3.382e+02 1.366e+02 3.911e+01
s>        ( - -1.081e+02 1 0)
s>        ( QUESTION0_0_R 1 -9.355e+01 1.099e+02 1.858e+01
s>            ( - -4.817e+01 1 0)
s>            ( - 6.452e+01 1 0)))INFO: dtree.c(1351): Comp split 34
INFO: dtree.c(1483): stop. leaf nodes are specific
INFO: dtree.c(1524): Final simple tree
|( QUESTION0 -1 -2.075e+03 1.199e+02 1.103e+02
|    ( - -5.983e+02 1 0)
|    ( QUESTION0_13_R 1 -1.357e+03 1.049e+02 6.921e+01
|        ( - -2.170e+02 1 0)
|        ( - -1.035e+03 1 0)))
s>    ( QUESTION0 -1 -2.075e+03 1.199e+02 1.103e+02
s>        ( - -5.983e+02 1 0)
s>        ( QUESTION0_13_R 1 -1.357e+03 1.049e+02 6.921e+01
s>            ( - -2.170e+02 1 0)
s>            ( - -1.035e+03 1 0)))INFO: dtree.c(1351): Comp split 35
INFO: dtree.c(1483): stop. leaf nodes are specific
INFO: dtree.c(1524): Final simple tree
|( QUESTION0_1_R 1 -5.341e+03 1.305e+02 3.755e+02
|    ( - -2.547e+03 1 0)
|    ( QUESTION0_14_R 1 -2.663e+03 1.220e+02 1.918e+02
|        ( - -1.204e+03 1 0)
|        ( QUESTION0_0_R 1 -1.338e+03 9.719e+01 1.117e+02
|            ( - -9.746e+02 1 0)
|            ( - -2.659e+02 1 0))))
s>    ( QUESTION0_1_R 1 -5.341e+03 1.305e+02 3.755e+02
s>        ( - -2.547e+03 1 0)
s>        ( QUESTION0_14_R 1 -2.663e+03 1.220e+02 1.918e+02
s>            ( - -1.204e+03 1 0)
s>            ( QUESTION0_0_R 1 -1.338e+03 9.719e+01 1.117e+02
s>                ( - -9.746e+02 1 0)
s>                ( - -2.659e+02 1 0))))INFO: dtree.c(1351): Comp split 36
INFO: dtree.c(1483): stop. leaf nodes are specific
INFO: dtree.c(1524): Final simple tree
|( QUESTION0 -1 -9.281e+02 1.350e+02 7.809e+01
|    ( - -6.477e+02 4 0)
|    ( QUESTION0_0_R 1 -1.454e+02 9.192e+01 1.713e+01
|        ( - -1.133e+01 1 0)
|        ( - -4.212e+01 1 0)))
s>    ( QUESTION0 -1 -9.281e+02 1.350e+02 7.809e+01
s>        ( - -6.477e+02 4 0)
s>        ( QUESTION0_0_R 1 -1.454e+02 9.192e+01 1.713e+01
s>            ( - -1.133e+01 1 0)
s>            ( - -4.212e+01 1 0)))INFO: dtree.c(1483): stop. leaf nodes are specific
INFO: dtree.c(1524): Final simple tree
|( QUESTION0_0_R 1 -7.659e+02 1.296e+02 7.607e+01
|    ( - -6.585e+01 1 0)
|    ( - -5.704e+02 4 0))
s>    ( QUESTION0_0_R 1 -7.659e+02 1.296e+02 7.607e+01
s>        ( - -6.585e+01 1 0)
s>        ( - -5.704e+02 4 0))INFO: dtree.c(1351): Comp split 37
INFO: dtree.c(1483): stop. leaf nodes are specific
INFO: dtree.c(1524): Final simple tree
|( QUESTION3 -1 -3.687e+02 1.207e+02 3.011e+01
|    ( - -3.268e+02 1 0)
|    ( - 7.881e+01 1 0))
s>    ( QUESTION3 -1 -3.687e+02 1.207e+02 3.011e+01
s>        ( - -3.268e+02 1 0)
s>        ( - 7.881e+01 1 0))INFO: dtree.c(1483): stop. leaf nodes are specific
INFO: dtree.c(1524): Final simple tree
|( QUESTION11 -1 -8.453e+02 1.318e+02 1.024e+02
|    ( - 1.809e+01 1 0)
|    ( QUESTION0 -1 -7.315e+02 1.243e+02 8.051e+01
|        ( QUESTION0_18_R 1 -4.935e+02 1.083e+02 4.578e+01
|            ( - -2.338e+02 1 0)
|            ( - -1.513e+02 2 0))
|        ( QUESTION0_18_R 1 -1.137e+02 1.148e+02 3.473e+01
|            ( - 4.084e-01 1 0)
|            ( - 6.747e-01 1 0))))
s>    ( QUESTION11 -1 -8.453e+02 1.318e+02 1.024e+02
s>        ( - 1.809e+01 1 0)
s>        ( QUESTION0 -1 -7.315e+02 1.243e+02 8.051e+01
s>            ( QUESTION0_18_R 1 -4.935e+02 1.083e+02 4.578e+01
s>                ( - -2.338e+02 1 0)
s>                ( - -1.513e+02 2 0))
s>            ( QUESTION0_18_R 1 -1.137e+02 1.148e+02 3.473e+01
s>                ( - 4.084e-01 1 0)
s>                ( - 6.747e-01 1 0))))INFO: dtree.c(1351): Comp split 38
INFO: dtree.c(1351): Comp split 39
INFO: dtree.c(1351): Comp split 40
INFO: dtree.c(1483): stop. leaf nodes are specific
INFO: dtree.c(1524): Final simple tree
|( QUESTION0 -1 -2.944e+03 1.480e+02 2.022e+02
|    ( - -2.486e+03 4 0)
|    ( - -3.101e+02 1 0))
s>    ( QUESTION0 -1 -2.944e+03 1.480e+02 2.022e+02
s>        ( - -2.486e+03 4 0)
s>        ( - -3.101e+02 1 0))INFO: dtree.c(1351): Comp split 41
INFO: dtree.c(1483): stop. leaf nodes are specific
INFO: dtree.c(1524): Final simple tree
|( QUESTION11 -1 -6.890e+02 1.259e+02 7.264e+01
|    ( - 1.809e+01 1 0)
|    ( QUESTION11 1 -5.811e+02 1.135e+02 5.078e+01
|        ( - -1.513e+02 2 0)
|        ( QUESTION0_18_R 1 -3.163e+02 8.315e+01 2.300e+01
|            ( - -2.338e+02 1 0)
|            ( - 6.747e-01 1 0))))
s>    ( QUESTION11 -1 -6.890e+02 1.259e+02 7.264e+01
s>        ( - 1.809e+01 1 0)
s>        ( QUESTION11 1 -5.811e+02 1.135e+02 5.078e+01
s>            ( - -1.513e+02 2 0)
s>            ( QUESTION0_18_R 1 -3.163e+02 8.315e+01 2.300e+01
s>                ( - -2.338e+02 1 0)
s>                ( - 6.747e-01 1 0))))INFO: dtree.c(1351): Comp split 42
INFO: dtree.c(1483): stop. leaf nodes are specific
INFO: dtree.c(1524): Final simple tree
|( QUESTION0_0_R 1 5.861e+01 1.186e+02 1.400e+01
|    ( - 3.216e+01 1 0)
|    ( - 1.451e+02 1 0))
s>    ( QUESTION0_0_R 1 5.861e+01 1.186e+02 1.400e+01
s>        ( - 3.216e+01 1 0)
s>        ( - 1.451e+02 1 0))INFO: dtree.c(1483): stop. leaf nodes are specific
INFO: dtree.c(1524): Final simple tree
|( QUESTION11 -1 -1.679e+03 1.454e+02 1.534e+02
|    ( - 2.325e+01 1 0)
|    ( QUESTION0_1_R 1 -1.557e+03 1.121e+02 1.474e+02
|        ( - -3.723e+02 2 0)
|        ( QUESTION0 -1 -1.072e+03 1.035e+02 9.420e+01
|            ( QUESTION0_0_R 1 -7.441e+02 1.153e+02 6.520e+01
|                ( - -2.172e+02 2 0)
|                ( - -4.116e+02 2 0))
|            ( - -2.245e+02 1 0))))
s>    ( QUESTION11 -1 -1.679e+03 1.454e+02 1.534e+02
s>        ( - 2.325e+01 1 0)
s>        ( QUESTION0_1_R 1 -1.557e+03 1.121e+02 1.474e+02
s>            ( - -3.723e+02 2 0)
s>            ( QUESTION0 -1 -1.072e+03 1.035e+02 9.420e+01
s>                ( QUESTION0_0_R 1 -7.441e+02 1.153e+02 6.520e+01
s>                    ( - -2.172e+02 2 0)
s>                    ( - -4.116e+02 2 0))
s>                ( - -2.245e+02 1 0))))INFO: dtree.c(1351): Comp split 43
INFO: dtree.c(1351): Comp split 44
INFO: dtree.c(1351): Comp split 45
INFO: dtree.c(1483): stop. leaf nodes are specific
INFO: dtree.c(1524): Final simple tree
|( QUESTION0_18_R 1 5.721e+01 1.396e+02 7.951e+01
|    ( - 9.047e+01 1 0)
|    ( - 1.064e+02 1 0))
s>    ( QUESTION0_18_R 1 5.721e+01 1.396e+02 7.951e+01
s>        ( - 9.047e+01 1 0)
s>        ( - 1.064e+02 1 0))INFO: dtree.c(1351): Comp split 46
INFO: dtree.c(1351): Comp split 47
INFO: dtree.c(1483): stop. leaf nodes are specific
INFO: dtree.c(1524): Final simple tree
|( QUESTION0_1_R 1 -1.557e+03 1.121e+02 1.474e+02
|    ( - -3.723e+02 2 0)
|    ( QUESTION0 -1 -1.072e+03 1.035e+02 9.420e+01
|        ( QUESTION0_0_R 1 -7.441e+02 1.153e+02 6.520e+01
|            ( - -2.172e+02 2 0)
|            ( - -4.116e+02 2 0))
|        ( - -2.245e+02 1 0)))
s>    ( QUESTION0_1_R 1 -1.557e+03 1.121e+02 1.474e+02
s>        ( - -3.723e+02 2 0)
s>        ( QUESTION0 -1 -1.072e+03 1.035e+02 9.420e+01
s>            ( QUESTION0_0_R 1 -7.441e+02 1.153e+02 6.520e+01
s>                ( - -2.172e+02 2 0)
s>                ( - -4.116e+02 2 0))
s>            ( - -2.245e+02 1 0)))INFO: dtree.c(1351): Comp split 48
INFO: dtree.c(1483): stop. leaf nodes are specific
INFO: dtree.c(1524): Final simple tree
|( QUESTION0 -1 -7.893e+02 1.401e+02 6.544e+01
|    ( - -1.566e+02 1 0)
|    ( QUESTION0_0_R 1 -4.926e+02 9.618e+01 4.844e+01
|        ( - -6.143e+01 1 0)
|        ( - -3.350e+02 1 0)))
s>    ( QUESTION0 -1 -7.893e+02 1.401e+02 6.544e+01
s>        ( - -1.566e+02 1 0)
s>        ( QUESTION0_0_R 1 -4.926e+02 9.618e+01 4.844e+01
s>            ( - -6.143e+01 1 0)
s>            ( - -3.350e+02 1 0)))INFO: dtree.c(1351): Comp split 49
INFO: dtree.c(1351): Comp split 50
INFO: dtree.c(1483): stop. leaf nodes are specific
INFO: dtree.c(1524): Final simple tree
|( QUESTION0_0_R 1 -4.926e+02 9.618e+01 4.844e+01
|    ( - -6.143e+01 1 0)
|    ( - -3.350e+02 1 0))
s>    ( QUESTION0_0_R 1 -4.926e+02 9.618e+01 4.844e+01
s>        ( - -6.143e+01 1 0)
s>        ( - -3.350e+02 1 0))INFO: dtree.c(1351): Comp split 51
INFO: dtree.c(1351): Comp split 52
INFO: dtree.c(1351): Comp split 53
INFO: dtree.c(1483): stop. leaf nodes are specific
INFO: dtree.c(1524): Final simple tree
|( QUESTION0_0_R 1 -1.338e+03 9.719e+01 1.117e+02
|    ( - -9.746e+02 1 0)
|    ( - -2.659e+02 1 0))
s>    ( QUESTION0_0_R 1 -1.338e+03 9.719e+01 1.117e+02
s>        ( - -9.746e+02 1 0)
s>        ( - -2.659e+02 1 0))INFO: dtree.c(1483): stop. leaf nodes are specific
INFO: dtree.c(1524): Final simple tree
|( QUESTION0_0_R 1 -3.866e+03 1.151e+02 2.638e+02
|    ( - -2.547e+03 1 0)
|    ( - -1.204e+03 1 0))
s>    ( QUESTION0_0_R 1 -3.866e+03 1.151e+02 2.638e+02
s>        ( - -2.547e+03 1 0)
s>        ( - -1.204e+03 1 0))INFO: dtree.c(1351): Comp split 54
INFO: dtree.c(1483): stop. leaf nodes are specific
INFO: dtree.c(1524): Final simple tree
|( QUESTION0_0_R 1 -9.355e+01 1.099e+02 1.858e+01
|    ( - -4.817e+01 1 0)
|    ( - 6.452e+01 1 0))
s>    ( QUESTION0_0_R 1 -9.355e+01 1.099e+02 1.858e+01
s>        ( - -4.817e+01 1 0)
s>        ( - 6.452e+01 1 0))INFO: dtree.c(1351): Comp split 55
INFO: dtree.c(1483): stop. leaf nodes are specific
INFO: dtree.c(1524): Final simple tree
|( QUESTION0_0_R 1 -1.454e+02 9.192e+01 1.713e+01
|    ( - -1.133e+01 1 0)
|    ( - -4.212e+01 1 0))
s>    ( QUESTION0_0_R 1 -1.454e+02 9.192e+01 1.713e+01
s>        ( - -1.133e+01 1 0)
s>        ( - -4.212e+01 1 0))INFO: dtree.c(1351): Comp split 56
INFO: dtree.c(1483): stop. leaf nodes are specific
INFO: dtree.c(1524): Final simple tree
|( QUESTION0_0_R 1 -7.344e+02 9.831e+01 6.359e+01
|    ( - -2.245e+02 1 0)
|    ( - -4.116e+02 2 0))
s>    ( QUESTION0_0_R 1 -7.344e+02 9.831e+01 6.359e+01
s>        ( - -2.245e+02 1 0)
s>        ( - -4.116e+02 2 0))INFO: dtree.c(1483): stop. leaf nodes are specific
INFO: dtree.c(1524): Final simple tree
|( QUESTION0_1_R 1 -6.882e+02 9.870e+01 8.382e+01
|    ( - -3.723e+02 2 0)
|    ( - -2.172e+02 2 0))
s>    ( QUESTION0_1_R 1 -6.882e+02 9.870e+01 8.382e+01
s>        ( - -3.723e+02 2 0)
s>        ( - -2.172e+02 2 0))INFO: dtree.c(1351): Comp split 57
INFO: dtree.c(1351): Comp split 58
INFO: dtree.c(1483): stop. leaf nodes are specific
INFO: dtree.c(1524): Final simple tree
|( QUESTION0_18_R 1 -3.163e+02 8.315e+01 2.300e+01
|    ( - -2.338e+02 1 0)
|    ( - 6.747e-01 1 0))
s>    ( QUESTION0_18_R 1 -3.163e+02 8.315e+01 2.300e+01
s>        ( - -2.338e+02 1 0)
s>        ( - 6.747e-01 1 0))INFO: dtree.c(1483): stop. leaf nodes are specific
INFO: dtree.c(1524): Final simple tree
|( QUESTION0_18_R 1 -2.451e+02 1.118e+02 4.964e+01
|    ( - 1.809e+01 1 0)
|    ( - -1.513e+02 2 0))
s>    ( QUESTION0_18_R 1 -2.451e+02 1.118e+02 4.964e+01
s>        ( - 1.809e+01 1 0)
s>        ( - -1.513e+02 2 0))INFO: dtree.c(1351): Comp split 59
INFO: dtree.c(1351): Comp split 60
INFO: dtree.c(1483): stop. leaf nodes are specific
INFO: dtree.c(1524): Final simple tree
|( QUESTION0_0_R 1 -3.100e+02 8.832e+01 2.900e+01
|    ( - 2.491e+01 1 0)
|    ( - -2.466e+02 3 0))
s>    ( QUESTION0_0_R 1 -3.100e+02 8.832e+01 2.900e+01
s>        ( - 2.491e+01 1 0)
s>        ( - -2.466e+02 3 0))INFO: dtree.c(1351): Comp split 61
INFO: dtree.c(1483): stop. leaf nodes are specific
INFO: dtree.c(1524): Final simple tree
|( QUESTION0_13_R 1 -1.357e+03 1.049e+02 6.921e+01
|    ( - -2.170e+02 1 0)
|    ( - -1.035e+03 1 0))
s>    ( QUESTION0_13_R 1 -1.357e+03 1.049e+02 6.921e+01
s>        ( - -2.170e+02 1 0)
s>        ( - -1.035e+03 1 0))INFO: dtree.c(1351): Comp split 62
INFO: dtree.c(1351): Comp split 63
INFO: dtree.c(1351): Comp split 64
INFO: dtree.c(1351): Comp split 65
INFO: dtree.c(1351): Comp split 66
INFO: dtree.c(1351): Comp split 67
INFO: dtree.c(1351): Comp split 68
INFO: dtree.c(1351): Comp split 69
INFO: dtree.c(1351): Comp split 70
INFO: dtree.c(1351): Comp split 71
INFO: dtree.c(1351): Comp split 72
INFO: dtree.c(1351): Comp split 73
INFO: dtree.c(1351): Comp split 74
INFO: dtree.c(1351): Comp split 75
INFO: dtree.c(1351): Comp split 76
INFO: dtree.c(1354): stop. leaf nodes are specific
Tue May 31 10:27:58 2011
