INFO: cmd_ln.c(691): Parsing command line:
/home/xkrajnan/Plocha/GSoC/PocketSphinx/an4/bin/bldtree \
	-treefn /home/xkrajnan/Plocha/GSoC/PocketSphinx/an4/trees/an4.unpruned/D-2.dtree \
	-moddeffn /home/xkrajnan/Plocha/GSoC/PocketSphinx/an4/model_architecture/an4.untied.mdef \
	-mixwfn /home/xkrajnan/Plocha/GSoC/PocketSphinx/an4/model_parameters/an4.cd_cont_untied/mixture_weights \
	-ts2cbfn .cont. \
	-mwfloor 1e-08 \
	-psetfn /home/xkrajnan/Plocha/GSoC/PocketSphinx/an4/model_architecture/an4.tree_questions \
	-phone D \
	-state 2 \
	-stwt 1.0,0.05,0.0 \
	-meanfn /home/xkrajnan/Plocha/GSoC/PocketSphinx/an4/model_parameters/an4.cd_cont_untied/means \
	-varfn /home/xkrajnan/Plocha/GSoC/PocketSphinx/an4/model_parameters/an4.cd_cont_untied/variances \
	-fullvar no \
	-ssplitmin 1 \
	-ssplitmax 7 \
	-ssplitthr 0 \
	-csplitmin 1 \
	-csplitmax 2000 \
	-csplitthr 0 

Current configuration:
[NAME]		[DEFLT]	[VALUE]
-allphones	no	no
-cntthresh	0.00001	1.000000e-05
-csplitmax	100	2000
-csplitmin	1	1
-csplitthr	8e-4	0.000000e+00
-example	no	no
-fullvar	no	no
-help		no	no
-meanfn			/home/xkrajnan/Plocha/GSoC/PocketSphinx/an4/model_parameters/an4.cd_cont_untied/means
-mixwfn			/home/xkrajnan/Plocha/GSoC/PocketSphinx/an4/model_parameters/an4.cd_cont_untied/mixture_weights
-moddeffn		/home/xkrajnan/Plocha/GSoC/PocketSphinx/an4/model_architecture/an4.untied.mdef
-mwfloor	1e-4	1.000000e-08
-phone			D
-psetfn			/home/xkrajnan/Plocha/GSoC/PocketSphinx/an4/model_architecture/an4.tree_questions
-ssplitmax	5	7
-ssplitmin	1	1
-ssplitthr	8e-4	0.000000e+00
-state			2
-stwt			1.0,0.05,0.0,
-treefn			/home/xkrajnan/Plocha/GSoC/PocketSphinx/an4/trees/an4.unpruned/D-2.dtree
-ts2cbfn	.semi.	.cont.
-varfloor	0.00001	1.000000e-05
-varfn			/home/xkrajnan/Plocha/GSoC/PocketSphinx/an4/model_parameters/an4.cd_cont_untied/variances

INFO: main.c(228): Reading: /home/xkrajnan/Plocha/GSoC/PocketSphinx/an4/model_architecture/an4.untied.mdef
INFO: model_def_io.c(587): Model definition info:
INFO: model_def_io.c(588): 1618 total models defined (34 base, 1584 tri)
INFO: model_def_io.c(589): 6472 total states
INFO: model_def_io.c(590): 4854 total tied states
INFO: model_def_io.c(591): 102 total tied CI states
INFO: model_def_io.c(592): 34 total tied transition matrices
INFO: model_def_io.c(593): 4 max state/model
INFO: model_def_io.c(594): 4 min state/model
INFO: main.c(247): Building trees for [D AH AH b] through [D UW IY b]
INFO: main.c(275): Covering states |[861 977]| == 117
INFO: main.c(282): Reading: /home/xkrajnan/Plocha/GSoC/PocketSphinx/an4/model_parameters/an4.cd_cont_untied/mixture_weights
INFO: s3mixw_io.c(172): Read /home/xkrajnan/Plocha/GSoC/PocketSphinx/an4/model_parameters/an4.cd_cont_untied/mixture_weights [117x1x1 array]
INFO: main.c(320): 39 of 39 models have observation count greater than 0.000010
INFO: main.c(94): nrm stwt: 0.000 0.048 0.952 
INFO: s3gau_io.c(166): Read /home/xkrajnan/Plocha/GSoC/PocketSphinx/an4/model_parameters/an4.cd_cont_untied/means [4854x1x1 array]
INFO: s3gau_io.c(166): Read /home/xkrajnan/Plocha/GSoC/PocketSphinx/an4/model_parameters/an4.cd_cont_untied/variances [4854x1x1 array]
INFO: main.c(576): Reading: /home/xkrajnan/Plocha/GSoC/PocketSphinx/an4/model_architecture/an4.tree_questions
INFO: main.c(619): 180 total simple questions (172 phone; 8 word bndry)
INFO: main.c(621): 42 Left Only questions, and 42 Right Only questions
INFO: dtree.c(1524): Final simple tree
|( WDBNDRY_I 0 -9.718e+03 8.338e+02 5.631e+02
|    ( QUESTION0 1 -8.648e+02 2.873e+02 6.831e+01
|        ( - -5.301e+02 1 0)
|        ( - -4.748e+01 1 0))
|    ( QUESTION0 1 -8.020e+03 8.646e+02 4.948e+02
|        ( QUESTION0_1_R 1 -4.589e+03 2.824e+02 3.463e+02
|            ( - 2.440e+02 1 0)
|            ( QUESTION2_14_L -1 -4.550e+03 1.771e+02 3.453e+02
|                ( - -2.456e+03 12 0 QUESTION2 -1 1.248e+02 1.700e+02)
|                ( - -1.917e+03 6 0 QUESTION1 -1 1.616e+02 1.753e+02)))
|        ( QUESTION16 -1 -2.566e+03 2.628e+02 1.485e+02
|            ( - 2.440e+02 1 0)
|            ( QUESTION12 -1 -2.548e+03 2.002e+02 1.475e+02
|                ( - -1.221e+02 2 0 QUESTION2_0_L -1 1.296e+02 1.500e+01)
|                ( - -2.225e+03 15 0 QUESTION2_0_L -1 1.674e+02 1.325e+02)))))
s>    ( WDBNDRY_I 0 -9.718e+03 8.338e+02 5.631e+02
s>        ( QUESTION0 1 -8.648e+02 2.873e+02 6.831e+01
s>            ( - -5.301e+02 1 0)
s>            ( - -4.748e+01 1 0))
s>        ( QUESTION0 1 -8.020e+03 8.646e+02 4.948e+02
s>            ( QUESTION0_1_R 1 -4.589e+03 2.824e+02 3.463e+02
s>                ( - 2.440e+02 1 0)
s>                ( QUESTION2_14_L -1 -4.550e+03 1.771e+02 3.453e+02
s>                    ( - -2.456e+03 12 0 QUESTION2 -1 1.248e+02 1.700e+02)
s>                    ( - -1.917e+03 6 0 QUESTION1 -1 1.616e+02 1.753e+02)))
s>            ( QUESTION16 -1 -2.566e+03 2.628e+02 1.485e+02
s>                ( - 2.440e+02 1 0)
s>                ( QUESTION12 -1 -2.548e+03 2.002e+02 1.475e+02
s>                    ( - -1.221e+02 2 0 QUESTION2_0_L -1 1.296e+02 1.500e+01)
s>                    ( - -2.225e+03 15 0 QUESTION2_0_L -1 1.674e+02 1.325e+02)))))INFO: dtree.c(1351): Comp split 0
INFO: dtree.c(1524): Final simple tree
|( QUESTION2_14_L -1 -4.550e+03 1.771e+02 3.453e+02
|    ( QUESTION2 -1 -2.456e+03 1.248e+02 1.700e+02
|        ( QUESTION0_0_R 1 -4.137e+02 2.515e+02 3.690e+01
|            ( - 2.440e+02 1 0)
|            ( WDBNDRY_B 0 -4.063e+02 1.401e+02 3.590e+01
|                ( - -3.172e+02 1 0)
|                ( - 5.099e+01 1 0)))
|        ( QUESTION12 -1 -1.918e+03 1.153e+02 1.331e+02
|            ( QUESTION2_17_L -1 -2.313e+02 1.144e+02 2.919e+01
|                ( - 1.055e+02 1 0)
|                ( - -2.225e+02 1 0))
|            ( - -1.571e+03 7 0 QUESTION0_0_R 1 1.009e+02 1.040e+02)))
|    ( QUESTION1 -1 -1.917e+03 1.616e+02 1.753e+02
|        ( - -4.509e+02 2 0 QUESTION2 -1 7.981e+01 4.492e+01)
|        ( - -1.305e+03 4 0 QUESTION2_8_L -1 1.128e+02 1.303e+02)))
s>    ( QUESTION2_14_L -1 -4.550e+03 1.771e+02 3.453e+02
s>        ( QUESTION2 -1 -2.456e+03 1.248e+02 1.700e+02
s>            ( QUESTION0_0_R 1 -4.137e+02 2.515e+02 3.690e+01
s>                ( - 2.440e+02 1 0)
s>                ( WDBNDRY_B 0 -4.063e+02 1.401e+02 3.590e+01
s>                    ( - -3.172e+02 1 0)
s>                    ( - 5.099e+01 1 0)))
s>            ( QUESTION12 -1 -1.918e+03 1.153e+02 1.331e+02
s>                ( QUESTION2_17_L -1 -2.313e+02 1.144e+02 2.919e+01
s>                    ( - 1.055e+02 1 0)
s>                    ( - -2.225e+02 1 0))
s>                ( - -1.571e+03 7 0 QUESTION0_0_R 1 1.009e+02 1.040e+02)))
s>        ( QUESTION1 -1 -1.917e+03 1.616e+02 1.753e+02
s>            ( - -4.509e+02 2 0 QUESTION2 -1 7.981e+01 4.492e+01)
s>            ( - -1.305e+03 4 0 QUESTION2_8_L -1 1.128e+02 1.303e+02)))INFO: dtree.c(1524): Final simple tree
|( QUESTION0 1 -4.013e+03 6.695e+02 2.178e+02
|    ( WDBNDRY_E 0 -5.730e+02 2.870e+02 5.627e+01
|        ( - 2.440e+02 1 0)
|        ( - -5.301e+02 1 0))
|    ( QUESTION16 -1 -2.770e+03 2.630e+02 1.616e+02
|        ( - 2.440e+02 1 0)
|        ( QUESTION12 -1 -2.751e+03 1.995e+02 1.606e+02
|            ( - -1.221e+02 2 0 QUESTION2_0_L -1 1.296e+02 1.500e+01)
|            ( QUESTION8 -1 -2.430e+03 1.798e+02 1.456e+02
|                ( - -1.207e+02 3 0 QUESTION12 1 1.317e+02 1.804e+01)
|                ( SILENCE 1 -2.129e+03 1.673e+02 1.275e+02
|                    ( - 9.384e+00 1 0)
|                    ( QUESTION2_0_L -1 -1.971e+03 1.698e+02 1.215e+02
|                        ( - -8.129e+02 2 0 QUESTION2_1_L -1 9.558e+01 5.282e+01)
|                        ( - -9.886e+02 10 0 QUESTION3 1 1.630e+02 6.870e+01)))))))
s>    ( QUESTION0 1 -4.013e+03 6.695e+02 2.178e+02
s>        ( WDBNDRY_E 0 -5.730e+02 2.870e+02 5.627e+01
s>            ( - 2.440e+02 1 0)
s>            ( - -5.301e+02 1 0))
s>        ( QUESTION16 -1 -2.770e+03 2.630e+02 1.616e+02
s>            ( - 2.440e+02 1 0)
s>            ( QUESTION12 -1 -2.751e+03 1.995e+02 1.606e+02
s>                ( - -1.221e+02 2 0 QUESTION2_0_L -1 1.296e+02 1.500e+01)
s>                ( QUESTION8 -1 -2.430e+03 1.798e+02 1.456e+02
s>                    ( - -1.207e+02 3 0 QUESTION12 1 1.317e+02 1.804e+01)
s>                    ( SILENCE 1 -2.129e+03 1.673e+02 1.275e+02
s>                        ( - 9.384e+00 1 0)
s>                        ( QUESTION2_0_L -1 -1.971e+03 1.698e+02 1.215e+02
s>                            ( - -8.129e+02 2 0 QUESTION2_1_L -1 9.558e+01 5.282e+01)
s>                            ( - -9.886e+02 10 0 QUESTION3 1 1.630e+02 6.870e+01)))))))INFO: dtree.c(1351): Comp split 1
INFO: dtree.c(1524): Final simple tree
|( QUESTION0_0_R 1 -2.794e+03 2.681e+02 1.626e+02
|    ( - 2.440e+02 1 0)
|    ( QUESTION16 -1 -2.770e+03 2.630e+02 1.616e+02
|        ( - 2.440e+02 1 0)
|        ( QUESTION12 -1 -2.751e+03 1.995e+02 1.606e+02
|            ( - -1.221e+02 2 0 QUESTION2_0_L -1 1.296e+02 1.500e+01)
|            ( QUESTION8 -1 -2.430e+03 1.798e+02 1.456e+02
|                ( - -1.207e+02 3 0 QUESTION12 1 1.317e+02 1.804e+01)
|                ( SILENCE 1 -2.129e+03 1.673e+02 1.275e+02
|                    ( - 9.384e+00 1 0)
|                    ( QUESTION2_0_L -1 -1.971e+03 1.698e+02 1.215e+02
|                        ( - -8.129e+02 2 0 QUESTION2_1_L -1 9.558e+01 5.282e+01)
|                        ( QUESTION3 1 -9.886e+02 1.630e+02 6.870e+01
|                            ( - 1.229e+02 1 0)
|                            ( - -9.485e+02 9 0 QUESTION0_19_R 1 1.618e+02 6.570e+01))))))))
s>    ( QUESTION0_0_R 1 -2.794e+03 2.681e+02 1.626e+02
s>        ( - 2.440e+02 1 0)
s>        ( QUESTION16 -1 -2.770e+03 2.630e+02 1.616e+02
s>            ( - 2.440e+02 1 0)
s>            ( QUESTION12 -1 -2.751e+03 1.995e+02 1.606e+02
s>                ( - -1.221e+02 2 0 QUESTION2_0_L -1 1.296e+02 1.500e+01)
s>                ( QUESTION8 -1 -2.430e+03 1.798e+02 1.456e+02
s>                    ( - -1.207e+02 3 0 QUESTION12 1 1.317e+02 1.804e+01)
s>                    ( SILENCE 1 -2.129e+03 1.673e+02 1.275e+02
s>                        ( - 9.384e+00 1 0)
s>                        ( QUESTION2_0_L -1 -1.971e+03 1.698e+02 1.215e+02
s>                            ( - -8.129e+02 2 0 QUESTION2_1_L -1 9.558e+01 5.282e+01)
s>                            ( QUESTION3 1 -9.886e+02 1.630e+02 6.870e+01
s>                                ( - 1.229e+02 1 0)
s>                                ( - -9.485e+02 9 0 QUESTION0_19_R 1 1.618e+02 6.570e+01))))))))INFO: dtree.c(1351): Comp split 2
INFO: dtree.c(1524): Final simple tree
|( QUESTION16 -1 -2.770e+03 2.630e+02 1.616e+02
|    ( - 2.440e+02 1 0)
|    ( QUESTION12 -1 -2.751e+03 1.995e+02 1.606e+02
|        ( - -1.221e+02 2 0 QUESTION2_0_L -1 1.296e+02 1.500e+01)
|        ( QUESTION8 -1 -2.430e+03 1.798e+02 1.456e+02
|            ( - -1.207e+02 3 0 QUESTION12 1 1.317e+02 1.804e+01)
|            ( SILENCE 1 -2.129e+03 1.673e+02 1.275e+02
|                ( - 9.384e+00 1 0)
|                ( QUESTION2_0_L -1 -1.971e+03 1.698e+02 1.215e+02
|                    ( - -8.129e+02 2 0 QUESTION2_1_L -1 9.558e+01 5.282e+01)
|                    ( QUESTION3 1 -9.886e+02 1.630e+02 6.870e+01
|                        ( - 1.229e+02 1 0)
|                        ( QUESTION0_19_R 1 -9.485e+02 1.618e+02 6.570e+01
|                            ( - 5.665e+01 1 0)
|                            ( - -8.434e+02 8 0 QUESTION2_17_L -1 1.294e+02 5.970e+01))))))))
s>    ( QUESTION16 -1 -2.770e+03 2.630e+02 1.616e+02
s>        ( - 2.440e+02 1 0)
s>        ( QUESTION12 -1 -2.751e+03 1.995e+02 1.606e+02
s>            ( - -1.221e+02 2 0 QUESTION2_0_L -1 1.296e+02 1.500e+01)
s>            ( QUESTION8 -1 -2.430e+03 1.798e+02 1.456e+02
s>                ( - -1.207e+02 3 0 QUESTION12 1 1.317e+02 1.804e+01)
s>                ( SILENCE 1 -2.129e+03 1.673e+02 1.275e+02
s>                    ( - 9.384e+00 1 0)
s>                    ( QUESTION2_0_L -1 -1.971e+03 1.698e+02 1.215e+02
s>                        ( - -8.129e+02 2 0 QUESTION2_1_L -1 9.558e+01 5.282e+01)
s>                        ( QUESTION3 1 -9.886e+02 1.630e+02 6.870e+01
s>                            ( - 1.229e+02 1 0)
s>                            ( QUESTION0_19_R 1 -9.485e+02 1.618e+02 6.570e+01
s>                                ( - 5.665e+01 1 0)
s>                                ( - -8.434e+02 8 0 QUESTION2_17_L -1 1.294e+02 5.970e+01))))))))INFO: dtree.c(1351): Comp split 3
INFO: dtree.c(1524): Final simple tree
|( QUESTION12 -1 -2.751e+03 1.995e+02 1.606e+02
|    ( - -1.221e+02 2 0 QUESTION2_0_L -1 1.296e+02 1.500e+01)
|    ( QUESTION8 -1 -2.430e+03 1.798e+02 1.456e+02
|        ( QUESTION12 1 -1.207e+02 1.317e+02 1.804e+01
|            ( - 1.016e+02 1 0)
|            ( - -9.063e+01 2 0 WDBNDRY_E 0 1.199e+02 1.604e+01))
|        ( SILENCE 1 -2.129e+03 1.673e+02 1.275e+02
|            ( - 9.384e+00 1 0)
|            ( QUESTION2_0_L -1 -1.971e+03 1.698e+02 1.215e+02
|                ( - -8.129e+02 2 0 QUESTION2_1_L -1 9.558e+01 5.282e+01)
|                ( QUESTION3 1 -9.886e+02 1.630e+02 6.870e+01
|                    ( - 1.229e+02 1 0)
|                    ( QUESTION0_19_R 1 -9.485e+02 1.618e+02 6.570e+01
|                        ( - 5.665e+01 1 0)
|                        ( - -8.434e+02 8 0 QUESTION2_17_L -1 1.294e+02 5.970e+01)))))))
s>    ( QUESTION12 -1 -2.751e+03 1.995e+02 1.606e+02
s>        ( - -1.221e+02 2 0 QUESTION2_0_L -1 1.296e+02 1.500e+01)
s>        ( QUESTION8 -1 -2.430e+03 1.798e+02 1.456e+02
s>            ( QUESTION12 1 -1.207e+02 1.317e+02 1.804e+01
s>                ( - 1.016e+02 1 0)
s>                ( - -9.063e+01 2 0 WDBNDRY_E 0 1.199e+02 1.604e+01))
s>            ( SILENCE 1 -2.129e+03 1.673e+02 1.275e+02
s>                ( - 9.384e+00 1 0)
s>                ( QUESTION2_0_L -1 -1.971e+03 1.698e+02 1.215e+02
s>                    ( - -8.129e+02 2 0 QUESTION2_1_L -1 9.558e+01 5.282e+01)
s>                    ( QUESTION3 1 -9.886e+02 1.630e+02 6.870e+01
s>                        ( - 1.229e+02 1 0)
s>                        ( QUESTION0_19_R 1 -9.485e+02 1.618e+02 6.570e+01
s>                            ( - 5.665e+01 1 0)
s>                            ( - -8.434e+02 8 0 QUESTION2_17_L -1 1.294e+02 5.970e+01)))))))INFO: dtree.c(1351): Comp split 4
INFO: dtree.c(1524): Final simple tree
|( QUESTION2_14_L -1 -4.543e+03 1.775e+02 3.443e+02
|    ( QUESTION2 -1 -2.449e+03 1.250e+02 1.690e+02
|        ( WDBNDRY_B 0 -4.063e+02 1.401e+02 3.590e+01
|            ( - -3.172e+02 1 0)
|            ( - 5.099e+01 1 0))
|        ( QUESTION12 -1 -1.918e+03 1.153e+02 1.331e+02
|            ( QUESTION2_17_L -1 -2.313e+02 1.144e+02 2.919e+01
|                ( - 1.055e+02 1 0)
|                ( - -2.225e+02 1 0))
|            ( - -1.571e+03 7 0 QUESTION0_0_R 1 1.009e+02 1.040e+02)))
|    ( QUESTION1 -1 -1.917e+03 1.616e+02 1.753e+02
|        ( - -4.509e+02 2 0 QUESTION2 -1 7.981e+01 4.492e+01)
|        ( QUESTION2_8_L -1 -1.305e+03 1.128e+02 1.303e+02
|            ( - 6.328e+01 1 0)
|            ( - -1.255e+03 3 0 SILENCE -1 1.045e+02 1.263e+02))))
s>    ( QUESTION2_14_L -1 -4.543e+03 1.775e+02 3.443e+02
s>        ( QUESTION2 -1 -2.449e+03 1.250e+02 1.690e+02
s>            ( WDBNDRY_B 0 -4.063e+02 1.401e+02 3.590e+01
s>                ( - -3.172e+02 1 0)
s>                ( - 5.099e+01 1 0))
s>            ( QUESTION12 -1 -1.918e+03 1.153e+02 1.331e+02
s>                ( QUESTION2_17_L -1 -2.313e+02 1.144e+02 2.919e+01
s>                    ( - 1.055e+02 1 0)
s>                    ( - -2.225e+02 1 0))
s>                ( - -1.571e+03 7 0 QUESTION0_0_R 1 1.009e+02 1.040e+02)))
s>        ( QUESTION1 -1 -1.917e+03 1.616e+02 1.753e+02
s>            ( - -4.509e+02 2 0 QUESTION2 -1 7.981e+01 4.492e+01)
s>            ( QUESTION2_8_L -1 -1.305e+03 1.128e+02 1.303e+02
s>                ( - 6.328e+01 1 0)
s>                ( - -1.255e+03 3 0 SILENCE -1 1.045e+02 1.263e+02))))INFO: dtree.c(1351): Comp split 5
INFO: dtree.c(1483): stop. leaf nodes are specific
INFO: dtree.c(1524): Final simple tree
|( QUESTION2_9_L -1 -1.726e+03 1.181e+02 1.642e+02
|    ( - 6.328e+01 1 0)
|    ( QUESTION11 -1 -1.672e+03 1.053e+02 1.602e+02
|        ( - 1.055e+02 1 0)
|        ( QUESTION0 -1 -1.672e+03 1.076e+02 1.572e+02
|            ( QUESTION2_1_L -1 -8.654e+02 7.573e+01 9.216e+01
|                ( - -5.144e+02 1 0)
|                ( - -2.753e+02 1 0))
|            ( SILENCE -1 -6.988e+02 9.643e+01 6.508e+01
|                ( - -2.852e+02 1 0)
|                ( - -3.172e+02 1 0)))))
s>    ( QUESTION2_9_L -1 -1.726e+03 1.181e+02 1.642e+02
s>        ( - 6.328e+01 1 0)
s>        ( QUESTION11 -1 -1.672e+03 1.053e+02 1.602e+02
s>            ( - 1.055e+02 1 0)
s>            ( QUESTION0 -1 -1.672e+03 1.076e+02 1.572e+02
s>                ( QUESTION2_1_L -1 -8.654e+02 7.573e+01 9.216e+01
s>                    ( - -5.144e+02 1 0)
s>                    ( - -2.753e+02 1 0))
s>                ( SILENCE -1 -6.988e+02 9.643e+01 6.508e+01
s>                    ( - -2.852e+02 1 0)
s>                    ( - -3.172e+02 1 0)))))INFO: dtree.c(1524): Final simple tree
|( QUESTION2_14_L -1 -2.575e+03 1.353e+02 1.801e+02
|    ( QUESTION2 -1 -1.989e+03 1.324e+02 1.351e+02
|        ( - 5.099e+01 1 0)
|        ( QUESTION12 -1 -1.907e+03 1.139e+02 1.301e+02
|            ( - -2.225e+02 1 0)
|            ( QUESTION0_0_R 1 -1.571e+03 1.009e+02 1.040e+02
|                ( QUESTION0 -1 1.809e+01 1.331e+02 5.000e+00
|                    ( - 8.785e+01 1 0)
|                    ( - 6.334e+01 1 0))
|                ( WDBNDRY_B 0 -1.488e+03 1.339e+02 9.895e+01
|                    ( - -1.410e+03 4 0)
|                    ( - 5.564e+01 1 0)))))
|    ( QUESTION2 -1 -4.509e+02 7.981e+01 4.492e+01
|        ( - 1.598e+01 1 0)
|        ( - -3.871e+02 1 0)))
s>    ( QUESTION2_14_L -1 -2.575e+03 1.353e+02 1.801e+02
s>        ( QUESTION2 -1 -1.989e+03 1.324e+02 1.351e+02
s>            ( - 5.099e+01 1 0)
s>            ( QUESTION12 -1 -1.907e+03 1.139e+02 1.301e+02
s>                ( - -2.225e+02 1 0)
s>                ( QUESTION0_0_R 1 -1.571e+03 1.009e+02 1.040e+02
s>                    ( QUESTION0 -1 1.809e+01 1.331e+02 5.000e+00
s>                        ( - 8.785e+01 1 0)
s>                        ( - 6.334e+01 1 0))
s>                    ( WDBNDRY_B 0 -1.488e+03 1.339e+02 9.895e+01
s>                        ( - -1.410e+03 4 0)
s>                        ( - 5.564e+01 1 0)))))
s>        ( QUESTION2 -1 -4.509e+02 7.981e+01 4.492e+01
s>            ( - 1.598e+01 1 0)
s>            ( - -3.871e+02 1 0)))INFO: dtree.c(1351): Comp split 6
INFO: dtree.c(1524): Final simple tree
|( QUESTION12 -1 -1.390e+03 1.657e+02 9.074e+01
|    ( QUESTION2_0_L -1 -1.221e+02 1.296e+02 1.500e+01
|        ( - -3.086e+01 1 0)
|        ( - 3.839e+01 1 0))
|    ( QUESTION8 -1 -1.103e+03 1.686e+02 7.574e+01
|        ( WDBNDRY_E 0 -9.063e+01 1.199e+02 1.604e+01
|            ( - 7.670e+01 1 0)
|            ( - -4.748e+01 1 0))
|        ( QUESTION2_17_L -1 -8.434e+02 1.294e+02 5.970e+01
|            ( - -3.674e+02 3 0)
|            ( QUESTION15 1 -3.466e+02 1.276e+02 3.570e+01
|                ( - 7.195e+01 1 0)
|                ( QUESTION0 -1 -2.909e+02 1.010e+02 3.270e+01
|                    ( - -8.413e+01 1 0)
|                    ( - -1.058e+02 3 0 WDBNDRY_B 0 9.138e+01 2.131e+01))))))
s>    ( QUESTION12 -1 -1.390e+03 1.657e+02 9.074e+01
s>        ( QUESTION2_0_L -1 -1.221e+02 1.296e+02 1.500e+01
s>            ( - -3.086e+01 1 0)
s>            ( - 3.839e+01 1 0))
s>        ( QUESTION8 -1 -1.103e+03 1.686e+02 7.574e+01
s>            ( WDBNDRY_E 0 -9.063e+01 1.199e+02 1.604e+01
s>                ( - 7.670e+01 1 0)
s>                ( - -4.748e+01 1 0))
s>            ( QUESTION2_17_L -1 -8.434e+02 1.294e+02 5.970e+01
s>                ( - -3.674e+02 3 0)
s>                ( QUESTION15 1 -3.466e+02 1.276e+02 3.570e+01
s>                    ( - 7.195e+01 1 0)
s>                    ( QUESTION0 -1 -2.909e+02 1.010e+02 3.270e+01
s>                        ( - -8.413e+01 1 0)
s>                        ( - -1.058e+02 3 0 WDBNDRY_B 0 9.138e+01 2.131e+01))))))INFO: dtree.c(1483): stop. leaf nodes are specific
INFO: dtree.c(1524): Final simple tree
|( QUESTION0_14_R 1 -1.126e+03 1.628e+02 6.982e+01
|    ( - 5.665e+01 1 0)
|    ( SILENCE 1 -1.020e+03 1.585e+02 6.382e+01
|        ( - 9.384e+00 1 0)
|        ( QUESTION2 1 -8.709e+02 1.516e+02 5.782e+01
|            ( - 1.229e+02 1 0)
|            ( WDBNDRY_B 0 -8.422e+02 1.309e+02 5.482e+01
|                ( QUESTION2_1_L -1 -8.129e+02 9.558e+01 5.282e+01
|                    ( - -7.824e+02 1 0)
|                    ( - 6.501e+01 1 0))
|                ( - 1.016e+02 1 0)))))
s>    ( QUESTION0_14_R 1 -1.126e+03 1.628e+02 6.982e+01
s>        ( - 5.665e+01 1 0)
s>        ( SILENCE 1 -1.020e+03 1.585e+02 6.382e+01
s>            ( - 9.384e+00 1 0)
s>            ( QUESTION2 1 -8.709e+02 1.516e+02 5.782e+01
s>                ( - 1.229e+02 1 0)
s>                ( WDBNDRY_B 0 -8.422e+02 1.309e+02 5.482e+01
s>                    ( QUESTION2_1_L -1 -8.129e+02 9.558e+01 5.282e+01
s>                        ( - -7.824e+02 1 0)
s>                        ( - 6.501e+01 1 0))
s>                    ( - 1.016e+02 1 0)))))INFO: dtree.c(1351): Comp split 7
INFO: dtree.c(1483): stop. leaf nodes are specific
INFO: dtree.c(1524): Final simple tree
|( WDBNDRY_I 0 -1.049e+03 1.585e+02 7.274e+01
|    ( - -4.748e+01 1 0)
|    ( QUESTION2_17_L -1 -8.434e+02 1.294e+02 5.970e+01
|        ( - -3.674e+02 3 0)
|        ( QUESTION15 1 -3.466e+02 1.276e+02 3.570e+01
|            ( - 7.195e+01 1 0)
|            ( QUESTION0 -1 -2.909e+02 1.010e+02 3.270e+01
|                ( - -8.413e+01 1 0)
|                ( WDBNDRY_B 0 -1.058e+02 9.138e+01 2.131e+01
|                    ( SILENCE -1 -9.059e+01 7.032e+01 1.831e+01
|                        ( - -6.622e+01 1 0)
|                        ( - 4.594e+01 1 0))
|                    ( - 7.619e+01 1 0))))))
s>    ( WDBNDRY_I 0 -1.049e+03 1.585e+02 7.274e+01
s>        ( - -4.748e+01 1 0)
s>        ( QUESTION2_17_L -1 -8.434e+02 1.294e+02 5.970e+01
s>            ( - -3.674e+02 3 0)
s>            ( QUESTION15 1 -3.466e+02 1.276e+02 3.570e+01
s>                ( - 7.195e+01 1 0)
s>                ( QUESTION0 -1 -2.909e+02 1.010e+02 3.270e+01
s>                    ( - -8.413e+01 1 0)
s>                    ( WDBNDRY_B 0 -1.058e+02 9.138e+01 2.131e+01
s>                        ( SILENCE -1 -9.059e+01 7.032e+01 1.831e+01
s>                            ( - -6.622e+01 1 0)
s>                            ( - 4.594e+01 1 0))
s>                        ( - 7.619e+01 1 0))))))INFO: dtree.c(1483): stop. leaf nodes are specific
INFO: dtree.c(1524): Final simple tree
|( WDBNDRY_B 0 -1.738e+02 1.284e+02 1.800e+01
|    ( QUESTION2_0_L -1 -1.221e+02 1.296e+02 1.500e+01
|        ( - -3.086e+01 1 0)
|        ( - 3.839e+01 1 0))
|    ( - 7.670e+01 1 0))
s>    ( WDBNDRY_B 0 -1.738e+02 1.284e+02 1.800e+01
s>        ( QUESTION2_0_L -1 -1.221e+02 1.296e+02 1.500e+01
s>            ( - -3.086e+01 1 0)
s>            ( - 3.839e+01 1 0))
s>        ( - 7.670e+01 1 0))INFO: dtree.c(1351): Comp split 8
INFO: dtree.c(1483): stop. leaf nodes are specific
INFO: dtree.c(1524): Final simple tree
|( SILENCE 1 -1.020e+03 1.585e+02 6.382e+01
|    ( - 9.384e+00 1 0)
|    ( QUESTION2 1 -8.709e+02 1.516e+02 5.782e+01
|        ( - 1.229e+02 1 0)
|        ( WDBNDRY_B 0 -8.422e+02 1.309e+02 5.482e+01
|            ( QUESTION2_1_L -1 -8.129e+02 9.558e+01 5.282e+01
|                ( - -7.824e+02 1 0)
|                ( - 6.501e+01 1 0))
|            ( - 1.016e+02 1 0))))
s>    ( SILENCE 1 -1.020e+03 1.585e+02 6.382e+01
s>        ( - 9.384e+00 1 0)
s>        ( QUESTION2 1 -8.709e+02 1.516e+02 5.782e+01
s>            ( - 1.229e+02 1 0)
s>            ( WDBNDRY_B 0 -8.422e+02 1.309e+02 5.482e+01
s>                ( QUESTION2_1_L -1 -8.129e+02 9.558e+01 5.282e+01
s>                    ( - -7.824e+02 1 0)
s>                    ( - 6.501e+01 1 0))
s>                ( - 1.016e+02 1 0))))INFO: dtree.c(1351): Comp split 9
INFO: dtree.c(1483): stop. leaf nodes are specific
INFO: dtree.c(1524): Final simple tree
|( QUESTION2 1 -8.709e+02 1.516e+02 5.782e+01
|    ( - 1.229e+02 1 0)
|    ( WDBNDRY_B 0 -8.422e+02 1.309e+02 5.482e+01
|        ( QUESTION2_1_L -1 -8.129e+02 9.558e+01 5.282e+01
|            ( - -7.824e+02 1 0)
|            ( - 6.501e+01 1 0))
|        ( - 1.016e+02 1 0)))
s>    ( QUESTION2 1 -8.709e+02 1.516e+02 5.782e+01
s>        ( - 1.229e+02 1 0)
s>        ( WDBNDRY_B 0 -8.422e+02 1.309e+02 5.482e+01
s>            ( QUESTION2_1_L -1 -8.129e+02 9.558e+01 5.282e+01
s>                ( - -7.824e+02 1 0)
s>                ( - 6.501e+01 1 0))
s>            ( - 1.016e+02 1 0)))INFO: dtree.c(1351): Comp split 10
INFO: dtree.c(1483): stop. leaf nodes are specific
INFO: dtree.c(1524): Final simple tree
|( QUESTION2_17_L -1 -8.434e+02 1.294e+02 5.970e+01
|    ( - -3.674e+02 3 0)
|    ( QUESTION15 1 -3.466e+02 1.276e+02 3.570e+01
|        ( - 7.195e+01 1 0)
|        ( QUESTION0 -1 -2.909e+02 1.010e+02 3.270e+01
|            ( - -8.413e+01 1 0)
|            ( WDBNDRY_B 0 -1.058e+02 9.138e+01 2.131e+01
|                ( SILENCE -1 -9.059e+01 7.032e+01 1.831e+01
|                    ( - -6.622e+01 1 0)
|                    ( - 4.594e+01 1 0))
|                ( - 7.619e+01 1 0)))))
s>    ( QUESTION2_17_L -1 -8.434e+02 1.294e+02 5.970e+01
s>        ( - -3.674e+02 3 0)
s>        ( QUESTION15 1 -3.466e+02 1.276e+02 3.570e+01
s>            ( - 7.195e+01 1 0)
s>            ( QUESTION0 -1 -2.909e+02 1.010e+02 3.270e+01
s>                ( - -8.413e+01 1 0)
s>                ( WDBNDRY_B 0 -1.058e+02 9.138e+01 2.131e+01
s>                    ( SILENCE -1 -9.059e+01 7.032e+01 1.831e+01
s>                        ( - -6.622e+01 1 0)
s>                        ( - 4.594e+01 1 0))
s>                    ( - 7.619e+01 1 0)))))INFO: dtree.c(1351): Comp split 11
INFO: dtree.c(1483): stop. leaf nodes are specific
INFO: dtree.c(1524): Final simple tree
|( WDBNDRY_B 0 -8.422e+02 1.309e+02 5.482e+01
|    ( QUESTION2_1_L -1 -8.129e+02 9.558e+01 5.282e+01
|        ( - -7.824e+02 1 0)
|        ( - 6.501e+01 1 0))
|    ( - 1.016e+02 1 0))
s>    ( WDBNDRY_B 0 -8.422e+02 1.309e+02 5.482e+01
s>        ( QUESTION2_1_L -1 -8.129e+02 9.558e+01 5.282e+01
s>            ( - -7.824e+02 1 0)
s>            ( - 6.501e+01 1 0))
s>        ( - 1.016e+02 1 0))INFO: dtree.c(1351): Comp split 12
INFO: dtree.c(1483): stop. leaf nodes are specific
INFO: dtree.c(1524): Final simple tree
|( WDBNDRY_B 0 -4.755e+02 1.125e+02 4.692e+01
|    ( QUESTION2 -1 -4.509e+02 7.981e+01 4.492e+01
|        ( - 1.598e+01 1 0)
|        ( - -3.871e+02 1 0))
|    ( - 8.785e+01 1 0))
s>    ( WDBNDRY_B 0 -4.755e+02 1.125e+02 4.692e+01
s>        ( QUESTION2 -1 -4.509e+02 7.981e+01 4.492e+01
s>            ( - 1.598e+01 1 0)
s>            ( - -3.871e+02 1 0))
s>        ( - 8.785e+01 1 0))INFO: dtree.c(1483): stop. leaf nodes are specific
INFO: dtree.c(1524): Final simple tree
|( QUESTION2 -1 -1.960e+03 1.323e+02 1.331e+02
|    ( - 5.099e+01 1 0)
|    ( QUESTION0_0_R 1 -1.878e+03 1.212e+02 1.281e+02
|        ( - 6.334e+01 1 0)
|        ( WDBNDRY_B 0 -1.821e+03 1.318e+02 1.251e+02
|            ( QUESTION0 -1 -1.744e+03 1.120e+02 1.221e+02
|                ( - -1.410e+03 4 0)
|                ( - -2.225e+02 1 0))
|            ( - 5.564e+01 1 0))))
s>    ( QUESTION2 -1 -1.960e+03 1.323e+02 1.331e+02
s>        ( - 5.099e+01 1 0)
s>        ( QUESTION0_0_R 1 -1.878e+03 1.212e+02 1.281e+02
s>            ( - 6.334e+01 1 0)
s>            ( WDBNDRY_B 0 -1.821e+03 1.318e+02 1.251e+02
s>                ( QUESTION0 -1 -1.744e+03 1.120e+02 1.221e+02
s>                    ( - -1.410e+03 4 0)
s>                    ( - -2.225e+02 1 0))
s>                ( - 5.564e+01 1 0))))INFO: dtree.c(1351): Comp split 13
INFO: dtree.c(1483): stop. leaf nodes are specific
INFO: dtree.c(1524): Final simple tree
|( QUESTION0 -1 -2.909e+02 1.010e+02 3.270e+01
|    ( - -8.413e+01 1 0)
|    ( WDBNDRY_B 0 -1.058e+02 9.138e+01 2.131e+01
|        ( SILENCE -1 -9.059e+01 7.032e+01 1.831e+01
|            ( - -6.622e+01 1 0)
|            ( - 4.594e+01 1 0))
|        ( - 7.619e+01 1 0)))
s>    ( QUESTION0 -1 -2.909e+02 1.010e+02 3.270e+01
s>        ( - -8.413e+01 1 0)
s>        ( WDBNDRY_B 0 -1.058e+02 9.138e+01 2.131e+01
s>            ( SILENCE -1 -9.059e+01 7.032e+01 1.831e+01
s>                ( - -6.622e+01 1 0)
s>                ( - 4.594e+01 1 0))
s>            ( - 7.619e+01 1 0)))INFO: dtree.c(1483): stop. leaf nodes are specific
INFO: dtree.c(1524): Final simple tree
|( SILENCE -1 -4.144e+02 1.189e+02 2.701e+01
|    ( - 7.195e+01 1 0)
|    ( - -3.674e+02 3 0))
s>    ( SILENCE -1 -4.144e+02 1.189e+02 2.701e+01
s>        ( - 7.195e+01 1 0)
s>        ( - -3.674e+02 3 0))INFO: dtree.c(1351): Comp split 14
INFO: dtree.c(1483): stop. leaf nodes are specific
INFO: dtree.c(1524): Final simple tree
|( QUESTION0_0_R 1 -1.878e+03 1.212e+02 1.281e+02
|    ( - 6.334e+01 1 0)
|    ( WDBNDRY_B 0 -1.821e+03 1.318e+02 1.251e+02
|        ( QUESTION0 -1 -1.744e+03 1.120e+02 1.221e+02
|            ( - -1.410e+03 4 0)
|            ( - -2.225e+02 1 0))
|        ( - 5.564e+01 1 0)))
s>    ( QUESTION0_0_R 1 -1.878e+03 1.212e+02 1.281e+02
s>        ( - 6.334e+01 1 0)
s>        ( WDBNDRY_B 0 -1.821e+03 1.318e+02 1.251e+02
s>            ( QUESTION0 -1 -1.744e+03 1.120e+02 1.221e+02
s>                ( - -1.410e+03 4 0)
s>                ( - -2.225e+02 1 0))
s>            ( - 5.564e+01 1 0)))INFO: dtree.c(1351): Comp split 15
INFO: dtree.c(1483): stop. leaf nodes are specific
INFO: dtree.c(1524): Final simple tree
|( WDBNDRY_B 0 -1.802e+03 1.204e+02 1.251e+02
|    ( QUESTION0 -1 -1.744e+03 1.120e+02 1.221e+02
|        ( - -1.410e+03 4 0)
|        ( - -2.225e+02 1 0))
|    ( - 6.334e+01 1 0))
s>    ( WDBNDRY_B 0 -1.802e+03 1.204e+02 1.251e+02
s>        ( QUESTION0 -1 -1.744e+03 1.120e+02 1.221e+02
s>            ( - -1.410e+03 4 0)
s>            ( - -2.225e+02 1 0))
s>        ( - 6.334e+01 1 0))INFO: dtree.c(1351): Comp split 16
INFO: dtree.c(1483): stop. leaf nodes are specific
INFO: dtree.c(1524): Final simple tree
|( QUESTION2_1_L -1 -8.129e+02 9.558e+01 5.282e+01
|    ( - -7.824e+02 1 0)
|    ( - 6.501e+01 1 0))
s>    ( QUESTION2_1_L -1 -8.129e+02 9.558e+01 5.282e+01
s>        ( - -7.824e+02 1 0)
s>        ( - 6.501e+01 1 0))INFO: dtree.c(1351): Comp split 17
INFO: dtree.c(1483): stop. leaf nodes are specific
INFO: dtree.c(1524): Final simple tree
|( QUESTION2_0_L -1 -1.221e+02 1.296e+02 1.500e+01
|    ( - -3.086e+01 1 0)
|    ( - 3.839e+01 1 0))
s>    ( QUESTION2_0_L -1 -1.221e+02 1.296e+02 1.500e+01
s>        ( - -3.086e+01 1 0)
s>        ( - 3.839e+01 1 0))INFO: dtree.c(1351): Comp split 18
INFO: dtree.c(1351): Comp split 19
INFO: dtree.c(1483): stop. leaf nodes are specific
INFO: dtree.c(1524): Final simple tree
|( QUESTION0 -1 -1.744e+03 1.120e+02 1.221e+02
|    ( - -1.410e+03 4 0)
|    ( - -2.225e+02 1 0))
s>    ( QUESTION0 -1 -1.744e+03 1.120e+02 1.221e+02
s>        ( - -1.410e+03 4 0)
s>        ( - -2.225e+02 1 0))INFO: dtree.c(1351): Comp split 20
INFO: dtree.c(1351): Comp split 21
INFO: dtree.c(1483): stop. leaf nodes are specific
INFO: dtree.c(1524): Final simple tree
|( QUESTION11 -1 -1.672e+03 1.053e+02 1.602e+02
|    ( - 1.055e+02 1 0)
|    ( QUESTION0 -1 -1.672e+03 1.076e+02 1.572e+02
|        ( QUESTION2_1_L -1 -8.654e+02 7.573e+01 9.216e+01
|            ( - -5.144e+02 1 0)
|            ( - -2.753e+02 1 0))
|        ( SILENCE -1 -6.988e+02 9.643e+01 6.508e+01
|            ( - -2.852e+02 1 0)
|            ( - -3.172e+02 1 0))))
s>    ( QUESTION11 -1 -1.672e+03 1.053e+02 1.602e+02
s>        ( - 1.055e+02 1 0)
s>        ( QUESTION0 -1 -1.672e+03 1.076e+02 1.572e+02
s>            ( QUESTION2_1_L -1 -8.654e+02 7.573e+01 9.216e+01
s>                ( - -5.144e+02 1 0)
s>                ( - -2.753e+02 1 0))
s>            ( SILENCE -1 -6.988e+02 9.643e+01 6.508e+01
s>                ( - -2.852e+02 1 0)
s>                ( - -3.172e+02 1 0))))INFO: dtree.c(1351): Comp split 22
INFO: dtree.c(1483): stop. leaf nodes are specific
INFO: dtree.c(1524): Final simple tree
|( QUESTION2 -1 -4.509e+02 7.981e+01 4.492e+01
|    ( - 1.598e+01 1 0)
|    ( - -3.871e+02 1 0))
s>    ( QUESTION2 -1 -4.509e+02 7.981e+01 4.492e+01
s>        ( - 1.598e+01 1 0)
s>        ( - -3.871e+02 1 0))INFO: dtree.c(1351): Comp split 23
INFO: dtree.c(1351): Comp split 24
INFO: dtree.c(1483): stop. leaf nodes are specific
INFO: dtree.c(1524): Final simple tree
|( SILENCE -1 -6.988e+02 9.643e+01 6.508e+01
|    ( - -2.852e+02 1 0)
|    ( - -3.172e+02 1 0))
s>    ( SILENCE -1 -6.988e+02 9.643e+01 6.508e+01
s>        ( - -2.852e+02 1 0)
s>        ( - -3.172e+02 1 0))INFO: dtree.c(1483): stop. leaf nodes are specific
INFO: dtree.c(1524): Final simple tree
|( QUESTION0 -1 -8.624e+02 1.026e+02 9.516e+01
|    ( QUESTION2_1_L -1 -8.654e+02 7.573e+01 9.216e+01
|        ( - -5.144e+02 1 0)
|        ( - -2.753e+02 1 0))
|    ( - 1.055e+02 1 0))
s>    ( QUESTION0 -1 -8.624e+02 1.026e+02 9.516e+01
s>        ( QUESTION2_1_L -1 -8.654e+02 7.573e+01 9.216e+01
s>            ( - -5.144e+02 1 0)
s>            ( - -2.753e+02 1 0))
s>        ( - 1.055e+02 1 0))INFO: dtree.c(1351): Comp split 25
INFO: dtree.c(1483): stop. leaf nodes are specific
INFO: dtree.c(1524): Final simple tree
|( QUESTION2_1_L -1 -8.654e+02 7.573e+01 9.216e+01
|    ( - -5.144e+02 1 0)
|    ( - -2.753e+02 1 0))
s>    ( QUESTION2_1_L -1 -8.654e+02 7.573e+01 9.216e+01
s>        ( - -5.144e+02 1 0)
s>        ( - -2.753e+02 1 0))INFO: dtree.c(1351): Comp split 26
INFO: dtree.c(1483): stop. leaf nodes are specific
INFO: dtree.c(1524): Final simple tree
|( WDBNDRY_B 0 -1.058e+02 9.138e+01 2.131e+01
|    ( SILENCE -1 -9.059e+01 7.032e+01 1.831e+01
|        ( - -6.622e+01 1 0)
|        ( - 4.594e+01 1 0))
|    ( - 7.619e+01 1 0))
s>    ( WDBNDRY_B 0 -1.058e+02 9.138e+01 2.131e+01
s>        ( SILENCE -1 -9.059e+01 7.032e+01 1.831e+01
s>            ( - -6.622e+01 1 0)
s>            ( - 4.594e+01 1 0))
s>        ( - 7.619e+01 1 0))INFO: dtree.c(1351): Comp split 27
INFO: dtree.c(1351): Comp split 28
INFO: dtree.c(1351): Comp split 29
INFO: dtree.c(1483): stop. leaf nodes are specific
INFO: dtree.c(1524): Final simple tree
|( SILENCE -1 -9.059e+01 7.032e+01 1.831e+01
|    ( - -6.622e+01 1 0)
|    ( - 4.594e+01 1 0))
s>    ( SILENCE -1 -9.059e+01 7.032e+01 1.831e+01
s>        ( - -6.622e+01 1 0)
s>        ( - 4.594e+01 1 0))INFO: dtree.c(1351): Comp split 30
INFO: dtree.c(1351): Comp split 31
INFO: dtree.c(1351): Comp split 32
INFO: dtree.c(1351): Comp split 33
INFO: dtree.c(1354): stop. leaf nodes are specific
Tue May 31 10:27:56 2011
