INFO: cmd_ln.c(691): Parsing command line:
/home/xkrajnan/Plocha/GSoC/PocketSphinx/an4/bin/bldtree \
	-treefn /home/xkrajnan/Plocha/GSoC/PocketSphinx/an4/trees/an4.unpruned/L-0.dtree \
	-moddeffn /home/xkrajnan/Plocha/GSoC/PocketSphinx/an4/model_architecture/an4.untied.mdef \
	-mixwfn /home/xkrajnan/Plocha/GSoC/PocketSphinx/an4/model_parameters/an4.cd_cont_untied/mixture_weights \
	-ts2cbfn .cont. \
	-mwfloor 1e-08 \
	-psetfn /home/xkrajnan/Plocha/GSoC/PocketSphinx/an4/model_architecture/an4.tree_questions \
	-phone L \
	-state 0 \
	-stwt 1.0,0.05,0.0 \
	-meanfn /home/xkrajnan/Plocha/GSoC/PocketSphinx/an4/model_parameters/an4.cd_cont_untied/means \
	-varfn /home/xkrajnan/Plocha/GSoC/PocketSphinx/an4/model_parameters/an4.cd_cont_untied/variances \
	-fullvar no \
	-ssplitmin 1 \
	-ssplitmax 7 \
	-ssplitthr 0 \
	-csplitmin 1 \
	-csplitmax 2000 \
	-csplitthr 0 

Current configuration:
[NAME]		[DEFLT]	[VALUE]
-allphones	no	no
-cntthresh	0.00001	1.000000e-05
-csplitmax	100	2000
-csplitmin	1	1
-csplitthr	8e-4	0.000000e+00
-example	no	no
-fullvar	no	no
-help		no	no
-meanfn			/home/xkrajnan/Plocha/GSoC/PocketSphinx/an4/model_parameters/an4.cd_cont_untied/means
-mixwfn			/home/xkrajnan/Plocha/GSoC/PocketSphinx/an4/model_parameters/an4.cd_cont_untied/mixture_weights
-moddeffn		/home/xkrajnan/Plocha/GSoC/PocketSphinx/an4/model_architecture/an4.untied.mdef
-mwfloor	1e-4	1.000000e-08
-phone			L
-psetfn			/home/xkrajnan/Plocha/GSoC/PocketSphinx/an4/model_architecture/an4.tree_questions
-ssplitmax	5	7
-ssplitmin	1	1
-ssplitthr	8e-4	0.000000e+00
-state			0
-stwt			1.0,0.05,0.0,
-treefn			/home/xkrajnan/Plocha/GSoC/PocketSphinx/an4/trees/an4.unpruned/L-0.dtree
-ts2cbfn	.semi.	.cont.
-varfloor	0.00001	1.000000e-05
-varfn			/home/xkrajnan/Plocha/GSoC/PocketSphinx/an4/model_parameters/an4.cd_cont_untied/variances

INFO: main.c(228): Reading: /home/xkrajnan/Plocha/GSoC/PocketSphinx/an4/model_architecture/an4.untied.mdef
INFO: model_def_io.c(587): Model definition info:
INFO: model_def_io.c(588): 1618 total models defined (34 base, 1584 tri)
INFO: model_def_io.c(589): 6472 total states
INFO: model_def_io.c(590): 4854 total tied states
INFO: model_def_io.c(591): 102 total tied CI states
INFO: model_def_io.c(592): 34 total tied transition matrices
INFO: model_def_io.c(593): 4 max state/model
INFO: model_def_io.c(594): 4 min state/model
INFO: main.c(247): Building trees for [L AH AY i] through [L IH EH i]
INFO: main.c(275): Covering states |[2826 2903]| == 78
INFO: main.c(282): Reading: /home/xkrajnan/Plocha/GSoC/PocketSphinx/an4/model_parameters/an4.cd_cont_untied/mixture_weights
INFO: s3mixw_io.c(172): Read /home/xkrajnan/Plocha/GSoC/PocketSphinx/an4/model_parameters/an4.cd_cont_untied/mixture_weights [78x1x1 array]
INFO: main.c(320): 26 of 26 models have observation count greater than 0.000010
INFO: main.c(94): nrm stwt: 0.952 0.048 0.000 
INFO: s3gau_io.c(166): Read /home/xkrajnan/Plocha/GSoC/PocketSphinx/an4/model_parameters/an4.cd_cont_untied/means [4854x1x1 array]
INFO: s3gau_io.c(166): Read /home/xkrajnan/Plocha/GSoC/PocketSphinx/an4/model_parameters/an4.cd_cont_untied/variances [4854x1x1 array]
INFO: main.c(576): Reading: /home/xkrajnan/Plocha/GSoC/PocketSphinx/an4/model_architecture/an4.tree_questions
INFO: main.c(619): 180 total simple questions (172 phone; 8 word bndry)
INFO: main.c(621): 42 Left Only questions, and 42 Right Only questions
INFO: dtree.c(1524): Final simple tree
|( QUESTION20 -1 6.510e+03 1.730e+03 9.823e+02
|    ( WDBNDRY_E 0 7.751e+03 8.114e+02 7.932e+02
|        ( QUESTION0_13_R 1 7.809e+03 3.055e+02 7.162e+02
|            ( - 2.513e+03 8 0 QUESTION5 1 2.460e+02 2.773e+02)
|            ( QUESTION0_3_R 1 5.602e+03 2.873e+02 4.390e+02
|                ( - 3.371e+02 1 0)
|                ( - 5.552e+03 10 0 QUESTION0_6_R 1 2.540e+02 4.167e+02)))
|        ( QUESTION0_8_R 1 7.535e+02 5.594e+02 7.694e+01
|            ( - 3.605e+02 1 0)
|            ( - 9.525e+02 2 0 QUESTION0_0_R 1 2.100e+02 3.807e+01)))
|    ( QUESTION0_13_R 1 4.883e+02 2.983e+02 1.891e+02
|        ( - 7.606e+02 1 0)
|        ( WDBNDRY_E 0 2.612e+01 2.675e+02 1.705e+01
|            ( - 2.440e+02 1 0)
|            ( - 4.954e+01 2 0 QUESTION0_0_R 1 1.108e+02 1.605e+01))))
s>    ( QUESTION20 -1 6.510e+03 1.730e+03 9.823e+02
s>        ( WDBNDRY_E 0 7.751e+03 8.114e+02 7.932e+02
s>            ( QUESTION0_13_R 1 7.809e+03 3.055e+02 7.162e+02
s>                ( - 2.513e+03 8 0 QUESTION5 1 2.460e+02 2.773e+02)
s>                ( QUESTION0_3_R 1 5.602e+03 2.873e+02 4.390e+02
s>                    ( - 3.371e+02 1 0)
s>                    ( - 5.552e+03 10 0 QUESTION0_6_R 1 2.540e+02 4.167e+02)))
s>            ( QUESTION0_8_R 1 7.535e+02 5.594e+02 7.694e+01
s>                ( - 3.605e+02 1 0)
s>                ( - 9.525e+02 2 0 QUESTION0_0_R 1 2.100e+02 3.807e+01)))
s>        ( QUESTION0_13_R 1 4.883e+02 2.983e+02 1.891e+02
s>            ( - 7.606e+02 1 0)
s>            ( WDBNDRY_E 0 2.612e+01 2.675e+02 1.705e+01
s>                ( - 2.440e+02 1 0)
s>                ( - 4.954e+01 2 0 QUESTION0_0_R 1 1.108e+02 1.605e+01))))INFO: dtree.c(1351): Comp split 0
INFO: dtree.c(1524): Final simple tree
|( WDBNDRY_E 0 7.881e+03 8.352e+02 7.553e+02
|    ( QUESTION0_13_R 1 7.763e+03 3.100e+02 7.172e+02
|        ( QUESTION5 1 2.513e+03 2.460e+02 2.773e+02
|            ( - 5.032e+02 1 0)
|            ( - 2.255e+03 7 0 QUESTION14 1 2.295e+02 2.557e+02))
|        ( QUESTION0_3_R 1 5.561e+03 2.876e+02 4.400e+02
|            ( - 3.371e+02 1 0)
|            ( QUESTION12 -1 5.511e+03 2.851e+02 4.177e+02
|                ( - 2.440e+02 1 0)
|                ( QUESTION0_6_R 1 5.552e+03 2.540e+02 4.167e+02
|                    ( QUESTION0 1 6.972e+02 4.045e+02 2.807e+01
|                        ( - 8.532e+02 1 0)
|                        ( - 2.485e+02 1 0))
|                    ( - 5.109e+03 8 0 SILENCE 1 2.305e+02 3.886e+02)))))
|    ( - 9.525e+02 2 0 QUESTION0_0_R 1 2.100e+02 3.807e+01))
s>    ( WDBNDRY_E 0 7.881e+03 8.352e+02 7.553e+02
s>        ( QUESTION0_13_R 1 7.763e+03 3.100e+02 7.172e+02
s>            ( QUESTION5 1 2.513e+03 2.460e+02 2.773e+02
s>                ( - 5.032e+02 1 0)
s>                ( - 2.255e+03 7 0 QUESTION14 1 2.295e+02 2.557e+02))
s>            ( QUESTION0_3_R 1 5.561e+03 2.876e+02 4.400e+02
s>                ( - 3.371e+02 1 0)
s>                ( QUESTION12 -1 5.511e+03 2.851e+02 4.177e+02
s>                    ( - 2.440e+02 1 0)
s>                    ( QUESTION0_6_R 1 5.552e+03 2.540e+02 4.167e+02
s>                        ( QUESTION0 1 6.972e+02 4.045e+02 2.807e+01
s>                            ( - 8.532e+02 1 0)
s>                            ( - 2.485e+02 1 0))
s>                        ( - 5.109e+03 8 0 SILENCE 1 2.305e+02 3.886e+02)))))
s>        ( - 9.525e+02 2 0 QUESTION0_0_R 1 2.100e+02 3.807e+01))INFO: dtree.c(1483): stop. leaf nodes are specific
INFO: dtree.c(1524): Final simple tree
|( QUESTION0_13_R 1 3.863e+02 5.671e+02 2.270e+02
|    ( - 7.606e+02 1 0)
|    ( QUESTION0_8_R 1 1.928e+02 2.172e+02 5.491e+01
|        ( - 3.605e+02 1 0)
|        ( QUESTION0_0_R 1 4.954e+01 1.108e+02 1.605e+01
|            ( - 5.958e+01 1 0)
|            ( - 1.008e+02 1 0))))
s>    ( QUESTION0_13_R 1 3.863e+02 5.671e+02 2.270e+02
s>        ( - 7.606e+02 1 0)
s>        ( QUESTION0_8_R 1 1.928e+02 2.172e+02 5.491e+01
s>            ( - 3.605e+02 1 0)
s>            ( QUESTION0_0_R 1 4.954e+01 1.108e+02 1.605e+01
s>                ( - 5.958e+01 1 0)
s>                ( - 1.008e+02 1 0))))INFO: dtree.c(1351): Comp split 1
INFO: dtree.c(1483): stop. leaf nodes are specific
INFO: dtree.c(1524): Final simple tree
|( WDBNDRY_E 0 1.255e+03 4.684e+02 5.704e+01
|    ( QUESTION0 1 7.705e+02 3.267e+02 1.897e+01
|        ( - 8.532e+02 1 0)
|        ( - 2.440e+02 1 0))
|    ( QUESTION0_0_R 1 9.525e+02 2.100e+02 3.807e+01
|        ( - 1.784e+02 1 0)
|        ( - 9.840e+02 1 0)))
s>    ( WDBNDRY_E 0 1.255e+03 4.684e+02 5.704e+01
s>        ( QUESTION0 1 7.705e+02 3.267e+02 1.897e+01
s>            ( - 8.532e+02 1 0)
s>            ( - 2.440e+02 1 0))
s>        ( QUESTION0_0_R 1 9.525e+02 2.100e+02 3.807e+01
s>            ( - 1.784e+02 1 0)
s>            ( - 9.840e+02 1 0)))INFO: dtree.c(1524): Final simple tree
|( QUESTION0_13_R 1 7.528e+03 2.703e+02 6.983e+02
|    ( QUESTION5 1 2.513e+03 2.460e+02 2.773e+02
|        ( - 5.032e+02 1 0)
|        ( QUESTION14 1 2.255e+03 2.295e+02 2.557e+02
|            ( - 7.462e+02 2 0)
|            ( - 1.739e+03 5 0 QUESTION2 1 1.455e+02 2.173e+02)))
|    ( QUESTION0_3_R 1 5.285e+03 2.815e+02 4.210e+02
|        ( - 3.371e+02 1 0)
|        ( SILENCE 1 5.230e+03 2.292e+02 3.988e+02
|            ( - 1.138e+03 1 0)
|            ( QUESTION0_17_R 1 4.321e+03 2.193e+02 3.225e+02
|                ( - 2.198e+02 1 0)
|                ( QUESTION0_1_R 1 4.320e+03 2.169e+02 3.195e+02
|                    ( - 3.448e+02 1 0)
|                    ( - 4.193e+03 6 0 QUESTION8 1 2.145e+02 3.066e+02))))))
s>    ( QUESTION0_13_R 1 7.528e+03 2.703e+02 6.983e+02
s>        ( QUESTION5 1 2.513e+03 2.460e+02 2.773e+02
s>            ( - 5.032e+02 1 0)
s>            ( QUESTION14 1 2.255e+03 2.295e+02 2.557e+02
s>                ( - 7.462e+02 2 0)
s>                ( - 1.739e+03 5 0 QUESTION2 1 1.455e+02 2.173e+02)))
s>        ( QUESTION0_3_R 1 5.285e+03 2.815e+02 4.210e+02
s>            ( - 3.371e+02 1 0)
s>            ( SILENCE 1 5.230e+03 2.292e+02 3.988e+02
s>                ( - 1.138e+03 1 0)
s>                ( QUESTION0_17_R 1 4.321e+03 2.193e+02 3.225e+02
s>                    ( - 2.198e+02 1 0)
s>                    ( QUESTION0_1_R 1 4.320e+03 2.169e+02 3.195e+02
s>                        ( - 3.448e+02 1 0)
s>                        ( - 4.193e+03 6 0 QUESTION8 1 2.145e+02 3.066e+02))))))INFO: dtree.c(1351): Comp split 2
INFO: dtree.c(1483): stop. leaf nodes are specific
INFO: dtree.c(1524): Final simple tree
|( QUESTION0_8_R 1 1.928e+02 2.172e+02 5.491e+01
|    ( - 3.605e+02 1 0)
|    ( QUESTION0_0_R 1 4.954e+01 1.108e+02 1.605e+01
|        ( - 5.958e+01 1 0)
|        ( - 1.008e+02 1 0)))
s>    ( QUESTION0_8_R 1 1.928e+02 2.172e+02 5.491e+01
s>        ( - 3.605e+02 1 0)
s>        ( QUESTION0_0_R 1 4.954e+01 1.108e+02 1.605e+01
s>            ( - 5.958e+01 1 0)
s>            ( - 1.008e+02 1 0)))INFO: dtree.c(1351): Comp split 3
INFO: dtree.c(1483): stop. leaf nodes are specific
INFO: dtree.c(1524): Final simple tree
|( WDBNDRY_E 0 8.958e+02 3.007e+02 3.907e+01
|    ( - 2.440e+02 1 0)
|    ( QUESTION0_0_R 1 9.525e+02 2.100e+02 3.807e+01
|        ( - 1.784e+02 1 0)
|        ( - 9.840e+02 1 0)))
s>    ( WDBNDRY_E 0 8.958e+02 3.007e+02 3.907e+01
s>        ( - 2.440e+02 1 0)
s>        ( QUESTION0_0_R 1 9.525e+02 2.100e+02 3.807e+01
s>            ( - 1.784e+02 1 0)
s>            ( - 9.840e+02 1 0)))INFO: dtree.c(1351): Comp split 4
INFO: dtree.c(1483): stop. leaf nodes are specific
INFO: dtree.c(1524): Final simple tree
|( QUESTION0_13_R 1 1.844e+03 2.455e+02 2.425e+02
|    ( QUESTION2 1 1.739e+03 1.455e+02 2.173e+02
|        ( - 2.764e+02 1 0)
|        ( QUESTION0 1 1.608e+03 1.413e+02 2.083e+02
|            ( - 1.296e+03 3 0)
|            ( - 4.534e+02 1 0)))
|    ( QUESTION0_0_R 1 3.507e+02 2.062e+02 2.524e+01
|        ( - 3.371e+02 1 0)
|        ( - 2.198e+02 1 0)))
s>    ( QUESTION0_13_R 1 1.844e+03 2.455e+02 2.425e+02
s>        ( QUESTION2 1 1.739e+03 1.455e+02 2.173e+02
s>            ( - 2.764e+02 1 0)
s>            ( QUESTION0 1 1.608e+03 1.413e+02 2.083e+02
s>                ( - 1.296e+03 3 0)
s>                ( - 4.534e+02 1 0)))
s>        ( QUESTION0_0_R 1 3.507e+02 2.062e+02 2.524e+01
s>            ( - 3.371e+02 1 0)
s>            ( - 2.198e+02 1 0)))INFO: dtree.c(1524): Final simple tree
|( SILENCE 1 6.077e+03 2.379e+02 4.558e+02
|    ( - 1.138e+03 1 0)
|    ( QUESTION0_1_R 1 5.177e+03 2.171e+02 3.795e+02
|        ( - 3.448e+02 1 0)
|        ( QUESTION8 1 5.049e+03 2.161e+02 3.666e+02
|            ( - 5.741e+02 1 0)
|            ( QUESTION6 1 4.691e+03 2.056e+02 3.496e+02
|                ( - 5.032e+02 1 0)
|                ( QUESTION0_7_R 1 4.394e+03 2.056e+02 3.280e+02
|                    ( - 1.891e+03 1 0)
|                    ( QUESTION0_14_R 1 2.708e+03 1.676e+02 1.917e+02
|                        ( - 1.493e+03 2 0)
|                        ( QUESTION0_0_R 1 1.382e+03 1.299e+02 9.556e+01
|                            ( - 7.657e+02 2 0 QUESTION0_5_R 1 1.106e+02 5.711e+01)
|                            ( - 7.462e+02 2 0))))))))
s>    ( SILENCE 1 6.077e+03 2.379e+02 4.558e+02
s>        ( - 1.138e+03 1 0)
s>        ( QUESTION0_1_R 1 5.177e+03 2.171e+02 3.795e+02
s>            ( - 3.448e+02 1 0)
s>            ( QUESTION8 1 5.049e+03 2.161e+02 3.666e+02
s>                ( - 5.741e+02 1 0)
s>                ( QUESTION6 1 4.691e+03 2.056e+02 3.496e+02
s>                    ( - 5.032e+02 1 0)
s>                    ( QUESTION0_7_R 1 4.394e+03 2.056e+02 3.280e+02
s>                        ( - 1.891e+03 1 0)
s>                        ( QUESTION0_14_R 1 2.708e+03 1.676e+02 1.917e+02
s>                            ( - 1.493e+03 2 0)
s>                            ( QUESTION0_0_R 1 1.382e+03 1.299e+02 9.556e+01
s>                                ( - 7.657e+02 2 0 QUESTION0_5_R 1 1.106e+02 5.711e+01)
s>                                ( - 7.462e+02 2 0))))))))INFO: dtree.c(1351): Comp split 5
INFO: dtree.c(1483): stop. leaf nodes are specific
INFO: dtree.c(1524): Final simple tree
|( QUESTION0_0_R 1 9.525e+02 2.100e+02 3.807e+01
|    ( - 1.784e+02 1 0)
|    ( - 9.840e+02 1 0))
s>    ( QUESTION0_0_R 1 9.525e+02 2.100e+02 3.807e+01
s>        ( - 1.784e+02 1 0)
s>        ( - 9.840e+02 1 0))INFO: dtree.c(1351): Comp split 6
INFO: dtree.c(1483): stop. leaf nodes are specific
INFO: dtree.c(1524): Final simple tree
|( SILENCE 1 5.316e+03 2.156e+02 4.043e+02
|    ( - 1.138e+03 1 0)
|    ( QUESTION0_7_R 1 4.394e+03 2.056e+02 3.280e+02
|        ( - 1.891e+03 1 0)
|        ( QUESTION0_14_R 1 2.708e+03 1.676e+02 1.917e+02
|            ( - 1.493e+03 2 0)
|            ( QUESTION0_0_R 1 1.382e+03 1.299e+02 9.556e+01
|                ( QUESTION0_5_R 1 7.657e+02 1.106e+02 5.711e+01
|                    ( - 2.485e+02 1 0)
|                    ( - 6.278e+02 1 0))
|                ( - 7.462e+02 2 0)))))
s>    ( SILENCE 1 5.316e+03 2.156e+02 4.043e+02
s>        ( - 1.138e+03 1 0)
s>        ( QUESTION0_7_R 1 4.394e+03 2.056e+02 3.280e+02
s>            ( - 1.891e+03 1 0)
s>            ( QUESTION0_14_R 1 2.708e+03 1.676e+02 1.917e+02
s>                ( - 1.493e+03 2 0)
s>                ( QUESTION0_0_R 1 1.382e+03 1.299e+02 9.556e+01
s>                    ( QUESTION0_5_R 1 7.657e+02 1.106e+02 5.711e+01
s>                        ( - 2.485e+02 1 0)
s>                        ( - 6.278e+02 1 0))
s>                    ( - 7.462e+02 2 0)))))INFO: dtree.c(1483): stop. leaf nodes are specific
INFO: dtree.c(1524): Final simple tree
|( QUESTION0_1_R 1 1.039e+03 2.031e+02 5.145e+01
|    ( - 3.448e+02 1 0)
|    ( QUESTION0_0_R 1 8.969e+02 1.804e+02 3.855e+01
|        ( - 5.741e+02 1 0)
|        ( - 5.032e+02 1 0)))
s>    ( QUESTION0_1_R 1 1.039e+03 2.031e+02 5.145e+01
s>        ( - 3.448e+02 1 0)
s>        ( QUESTION0_0_R 1 8.969e+02 1.804e+02 3.855e+01
s>            ( - 5.741e+02 1 0)
s>            ( - 5.032e+02 1 0)))INFO: dtree.c(1351): Comp split 7
INFO: dtree.c(1483): stop. leaf nodes are specific
INFO: dtree.c(1524): Final simple tree
|( QUESTION2 1 1.739e+03 1.455e+02 2.173e+02
|    ( - 2.764e+02 1 0)
|    ( QUESTION0 1 1.608e+03 1.413e+02 2.083e+02
|        ( - 1.296e+03 3 0)
|        ( - 4.534e+02 1 0)))
s>    ( QUESTION2 1 1.739e+03 1.455e+02 2.173e+02
s>        ( - 2.764e+02 1 0)
s>        ( QUESTION0 1 1.608e+03 1.413e+02 2.083e+02
s>            ( - 1.296e+03 3 0)
s>            ( - 4.534e+02 1 0)))INFO: dtree.c(1483): stop. leaf nodes are specific
INFO: dtree.c(1524): Final simple tree
|( QUESTION0_0_R 1 3.507e+02 2.062e+02 2.524e+01
|    ( - 3.371e+02 1 0)
|    ( - 2.198e+02 1 0))
s>    ( QUESTION0_0_R 1 3.507e+02 2.062e+02 2.524e+01
s>        ( - 3.371e+02 1 0)
s>        ( - 2.198e+02 1 0))INFO: dtree.c(1351): Comp split 8
INFO: dtree.c(1483): stop. leaf nodes are specific
INFO: dtree.c(1524): Final simple tree
|( SILENCE 1 2.308e+03 2.118e+02 1.718e+02
|    ( - 1.138e+03 1 0)
|    ( QUESTION0_0_R 1 1.382e+03 1.299e+02 9.556e+01
|        ( QUESTION0_5_R 1 7.657e+02 1.106e+02 5.711e+01
|            ( - 2.485e+02 1 0)
|            ( - 6.278e+02 1 0))
|        ( - 7.462e+02 2 0)))
s>    ( SILENCE 1 2.308e+03 2.118e+02 1.718e+02
s>        ( - 1.138e+03 1 0)
s>        ( QUESTION0_0_R 1 1.382e+03 1.299e+02 9.556e+01
s>            ( QUESTION0_5_R 1 7.657e+02 1.106e+02 5.711e+01
s>                ( - 2.485e+02 1 0)
s>                ( - 6.278e+02 1 0))
s>            ( - 7.462e+02 2 0)))INFO: dtree.c(1483): stop. leaf nodes are specific
INFO: dtree.c(1524): Final simple tree
|( QUESTION0_0_R 1 3.242e+03 1.432e+02 2.325e+02
|    ( - 1.891e+03 1 0)
|    ( - 1.493e+03 2 0))
s>    ( QUESTION0_0_R 1 3.242e+03 1.432e+02 2.325e+02
s>        ( - 1.891e+03 1 0)
s>        ( - 1.493e+03 2 0))INFO: dtree.c(1351): Comp split 9
INFO: dtree.c(1483): stop. leaf nodes are specific
INFO: dtree.c(1524): Final simple tree
|( QUESTION0_0_R 1 4.954e+01 1.108e+02 1.605e+01
|    ( - 5.958e+01 1 0)
|    ( - 1.008e+02 1 0))
s>    ( QUESTION0_0_R 1 4.954e+01 1.108e+02 1.605e+01
s>        ( - 5.958e+01 1 0)
s>        ( - 1.008e+02 1 0))INFO: dtree.c(1351): Comp split 10
INFO: dtree.c(1483): stop. leaf nodes are specific
INFO: dtree.c(1524): Final simple tree
|( QUESTION0_0_R 1 1.382e+03 1.299e+02 9.556e+01
|    ( QUESTION0_5_R 1 7.657e+02 1.106e+02 5.711e+01
|        ( - 2.485e+02 1 0)
|        ( - 6.278e+02 1 0))
|    ( - 7.462e+02 2 0))
s>    ( QUESTION0_0_R 1 1.382e+03 1.299e+02 9.556e+01
s>        ( QUESTION0_5_R 1 7.657e+02 1.106e+02 5.711e+01
s>            ( - 2.485e+02 1 0)
s>            ( - 6.278e+02 1 0))
s>        ( - 7.462e+02 2 0))INFO: dtree.c(1351): Comp split 11
INFO: dtree.c(1351): Comp split 12
INFO: dtree.c(1351): Comp split 13
INFO: dtree.c(1483): stop. leaf nodes are specific
INFO: dtree.c(1524): Final simple tree
|( QUESTION0_0_R 1 8.969e+02 1.804e+02 3.855e+01
|    ( - 5.741e+02 1 0)
|    ( - 5.032e+02 1 0))
s>    ( QUESTION0_0_R 1 8.969e+02 1.804e+02 3.855e+01
s>        ( - 5.741e+02 1 0)
s>        ( - 5.032e+02 1 0))INFO: dtree.c(1351): Comp split 14
INFO: dtree.c(1351): Comp split 15
INFO: dtree.c(1483): stop. leaf nodes are specific
INFO: dtree.c(1524): Final simple tree
|( QUESTION0 1 1.608e+03 1.413e+02 2.083e+02
|    ( - 1.296e+03 3 0)
|    ( - 4.534e+02 1 0))
s>    ( QUESTION0 1 1.608e+03 1.413e+02 2.083e+02
s>        ( - 1.296e+03 3 0)
s>        ( - 4.534e+02 1 0))INFO: dtree.c(1351): Comp split 16
INFO: dtree.c(1351): Comp split 17
INFO: dtree.c(1351): Comp split 18
INFO: dtree.c(1483): stop. leaf nodes are specific
INFO: dtree.c(1524): Final simple tree
|( QUESTION0_5_R 1 7.657e+02 1.106e+02 5.711e+01
|    ( - 2.485e+02 1 0)
|    ( - 6.278e+02 1 0))
s>    ( QUESTION0_5_R 1 7.657e+02 1.106e+02 5.711e+01
s>        ( - 2.485e+02 1 0)
s>        ( - 6.278e+02 1 0))INFO: dtree.c(1351): Comp split 19
INFO: dtree.c(1351): Comp split 20
INFO: dtree.c(1351): Comp split 21
INFO: dtree.c(1354): stop. leaf nodes are specific
Tue May 31 10:28:10 2011
