INFO: cmd_ln.c(691): Parsing command line:
/home/xkrajnan/Plocha/GSoC/PocketSphinx/an4/bin/bldtree \
	-treefn /home/xkrajnan/Plocha/GSoC/PocketSphinx/an4/trees/an4.unpruned/R-2.dtree \
	-moddeffn /home/xkrajnan/Plocha/GSoC/PocketSphinx/an4/model_architecture/an4.untied.mdef \
	-mixwfn /home/xkrajnan/Plocha/GSoC/PocketSphinx/an4/model_parameters/an4.cd_cont_untied/mixture_weights \
	-ts2cbfn .cont. \
	-mwfloor 1e-08 \
	-psetfn /home/xkrajnan/Plocha/GSoC/PocketSphinx/an4/model_architecture/an4.tree_questions \
	-phone R \
	-state 2 \
	-stwt 1.0,0.05,0.0 \
	-meanfn /home/xkrajnan/Plocha/GSoC/PocketSphinx/an4/model_parameters/an4.cd_cont_untied/means \
	-varfn /home/xkrajnan/Plocha/GSoC/PocketSphinx/an4/model_parameters/an4.cd_cont_untied/variances \
	-fullvar no \
	-ssplitmin 1 \
	-ssplitmax 7 \
	-ssplitthr 0 \
	-csplitmin 1 \
	-csplitmax 2000 \
	-csplitthr 0 

Current configuration:
[NAME]		[DEFLT]	[VALUE]
-allphones	no	no
-cntthresh	0.00001	1.000000e-05
-csplitmax	100	2000
-csplitmin	1	1
-csplitthr	8e-4	0.000000e+00
-example	no	no
-fullvar	no	no
-help		no	no
-meanfn			/home/xkrajnan/Plocha/GSoC/PocketSphinx/an4/model_parameters/an4.cd_cont_untied/means
-mixwfn			/home/xkrajnan/Plocha/GSoC/PocketSphinx/an4/model_parameters/an4.cd_cont_untied/mixture_weights
-moddeffn		/home/xkrajnan/Plocha/GSoC/PocketSphinx/an4/model_architecture/an4.untied.mdef
-mwfloor	1e-4	1.000000e-08
-phone			R
-psetfn			/home/xkrajnan/Plocha/GSoC/PocketSphinx/an4/model_architecture/an4.tree_questions
-ssplitmax	5	7
-ssplitmin	1	1
-ssplitthr	8e-4	0.000000e+00
-state			2
-stwt			1.0,0.05,0.0,
-treefn			/home/xkrajnan/Plocha/GSoC/PocketSphinx/an4/trees/an4.unpruned/R-2.dtree
-ts2cbfn	.semi.	.cont.
-varfloor	0.00001	1.000000e-05
-varfn			/home/xkrajnan/Plocha/GSoC/PocketSphinx/an4/model_parameters/an4.cd_cont_untied/variances

INFO: main.c(228): Reading: /home/xkrajnan/Plocha/GSoC/PocketSphinx/an4/model_architecture/an4.untied.mdef
INFO: model_def_io.c(587): Model definition info:
INFO: model_def_io.c(588): 1618 total models defined (34 base, 1584 tri)
INFO: model_def_io.c(589): 6472 total states
INFO: model_def_io.c(590): 4854 total tied states
INFO: model_def_io.c(591): 102 total tied CI states
INFO: model_def_io.c(592): 34 total tied transition matrices
INFO: model_def_io.c(593): 4 max state/model
INFO: model_def_io.c(594): 4 min state/model
INFO: main.c(247): Building trees for [R AA AA e] through [R TH IY i]
INFO: main.c(275): Covering states |[3630 3758]| == 129
INFO: main.c(282): Reading: /home/xkrajnan/Plocha/GSoC/PocketSphinx/an4/model_parameters/an4.cd_cont_untied/mixture_weights
INFO: s3mixw_io.c(172): Read /home/xkrajnan/Plocha/GSoC/PocketSphinx/an4/model_parameters/an4.cd_cont_untied/mixture_weights [129x1x1 array]
INFO: main.c(320): 43 of 43 models have observation count greater than 0.000010
INFO: main.c(94): nrm stwt: 0.000 0.048 0.952 
INFO: s3gau_io.c(166): Read /home/xkrajnan/Plocha/GSoC/PocketSphinx/an4/model_parameters/an4.cd_cont_untied/means [4854x1x1 array]
INFO: s3gau_io.c(166): Read /home/xkrajnan/Plocha/GSoC/PocketSphinx/an4/model_parameters/an4.cd_cont_untied/variances [4854x1x1 array]
INFO: main.c(576): Reading: /home/xkrajnan/Plocha/GSoC/PocketSphinx/an4/model_architecture/an4.tree_questions
INFO: main.c(619): 180 total simple questions (172 phone; 8 word bndry)
INFO: main.c(621): 42 Left Only questions, and 42 Right Only questions
INFO: dtree.c(1524): Final simple tree
|( QUESTION12 -1 -3.222e+04 6.764e+03 2.147e+03
|    ( SILENCE 1 -2.266e+04 3.888e+03 1.475e+03
|        ( - 2.816e+02 2 0 QUESTION2_0_L -1 2.272e+02 3.541e+02)
|        ( QUESTION4 1 -1.905e+04 1.189e+03 1.121e+03
|            ( - -2.411e+03 4 0 QUESTION2_0_L -1 2.836e+02 1.431e+02)
|            ( QUESTION2_0_L -1 -1.545e+04 1.006e+03 9.775e+02
|                ( - -1.046e+04 19 0 QUESTION16 1 7.159e+02 7.111e+02)
|                ( QUESTION3 1 -3.983e+03 1.054e+03 2.664e+02
|                    ( - -1.074e+02 1 0)
|                    ( - -2.822e+03 9 0 QUESTION0_0_R 1 4.608e+02 2.019e+02)))))
|    ( QUESTION12 1 -2.799e+03 2.417e+03 6.726e+02
|        ( - -7.508e+02 3 0 WDBNDRY_B 0 2.619e+02 1.435e+02)
|        ( QUESTION18 -1 3.692e+02 1.411e+03 5.291e+02
|            ( - 1.438e+03 3 0 QUESTION0_13_R 1 7.554e+02 1.959e+02)
|            ( - 3.416e+02 2 0 WDBNDRY_B 0 6.451e+02 3.332e+02))))
s>    ( QUESTION12 -1 -3.222e+04 6.764e+03 2.147e+03
s>        ( SILENCE 1 -2.266e+04 3.888e+03 1.475e+03
s>            ( - 2.816e+02 2 0 QUESTION2_0_L -1 2.272e+02 3.541e+02)
s>            ( QUESTION4 1 -1.905e+04 1.189e+03 1.121e+03
s>                ( - -2.411e+03 4 0 QUESTION2_0_L -1 2.836e+02 1.431e+02)
s>                ( QUESTION2_0_L -1 -1.545e+04 1.006e+03 9.775e+02
s>                    ( - -1.046e+04 19 0 QUESTION16 1 7.159e+02 7.111e+02)
s>                    ( QUESTION3 1 -3.983e+03 1.054e+03 2.664e+02
s>                        ( - -1.074e+02 1 0)
s>                        ( - -2.822e+03 9 0 QUESTION0_0_R 1 4.608e+02 2.019e+02)))))
s>        ( QUESTION12 1 -2.799e+03 2.417e+03 6.726e+02
s>            ( - -7.508e+02 3 0 WDBNDRY_B 0 2.619e+02 1.435e+02)
s>            ( QUESTION18 -1 3.692e+02 1.411e+03 5.291e+02
s>                ( - 1.438e+03 3 0 QUESTION0_13_R 1 7.554e+02 1.959e+02)
s>                ( - 3.416e+02 2 0 WDBNDRY_B 0 6.451e+02 3.332e+02))))INFO: dtree.c(1351): Comp split 0
INFO: dtree.c(1524): Final simple tree
|( SILENCE 1 -2.266e+04 3.888e+03 1.475e+03
|    ( - 2.816e+02 2 0 QUESTION2_0_L -1 2.272e+02 3.541e+02)
|    ( QUESTION4 1 -1.905e+04 1.189e+03 1.121e+03
|        ( - -2.411e+03 4 0 QUESTION2_0_L -1 2.836e+02 1.431e+02)
|        ( QUESTION2_0_L -1 -1.545e+04 1.006e+03 9.775e+02
|            ( QUESTION16 1 -1.046e+04 7.159e+02 7.111e+02
|                ( - -2.710e+03 3 0 QUESTION0_3_R 1 1.682e+02 2.284e+02)
|                ( QUESTION0_15_R 1 -7.037e+03 5.136e+02 4.827e+02
|                    ( - -1.032e+03 2 0)
|                    ( - -5.491e+03 14 0 QUESTION11 1 4.525e+02 3.796e+02)))
|            ( QUESTION3 1 -3.983e+03 1.054e+03 2.664e+02
|                ( - -1.074e+02 1 0)
|                ( QUESTION0_0_R 1 -2.822e+03 4.608e+02 2.019e+02
|                    ( - -1.774e+03 5 0 QUESTION0_5_R 1 3.116e+02 1.407e+02)
|                    ( - -5.875e+02 4 0 QUESTION0_13_R 1 1.981e+02 6.116e+01))))))
s>    ( SILENCE 1 -2.266e+04 3.888e+03 1.475e+03
s>        ( - 2.816e+02 2 0 QUESTION2_0_L -1 2.272e+02 3.541e+02)
s>        ( QUESTION4 1 -1.905e+04 1.189e+03 1.121e+03
s>            ( - -2.411e+03 4 0 QUESTION2_0_L -1 2.836e+02 1.431e+02)
s>            ( QUESTION2_0_L -1 -1.545e+04 1.006e+03 9.775e+02
s>                ( QUESTION16 1 -1.046e+04 7.159e+02 7.111e+02
s>                    ( - -2.710e+03 3 0 QUESTION0_3_R 1 1.682e+02 2.284e+02)
s>                    ( QUESTION0_15_R 1 -7.037e+03 5.136e+02 4.827e+02
s>                        ( - -1.032e+03 2 0)
s>                        ( - -5.491e+03 14 0 QUESTION11 1 4.525e+02 3.796e+02)))
s>                ( QUESTION3 1 -3.983e+03 1.054e+03 2.664e+02
s>                    ( - -1.074e+02 1 0)
s>                    ( QUESTION0_0_R 1 -2.822e+03 4.608e+02 2.019e+02
s>                        ( - -1.774e+03 5 0 QUESTION0_5_R 1 3.116e+02 1.407e+02)
s>                        ( - -5.875e+02 4 0 QUESTION0_13_R 1 1.981e+02 6.116e+01))))))INFO: dtree.c(1483): stop. leaf nodes are specific
INFO: dtree.c(1524): Final simple tree
|( QUESTION12 1 -2.799e+03 2.417e+03 6.726e+02
|    ( WDBNDRY_B 0 -7.508e+02 2.619e+02 1.435e+02
|        ( - -5.753e+02 1 0)
|        ( - 8.643e+01 2 0))
|    ( QUESTION18 -1 3.692e+02 1.411e+03 5.291e+02
|        ( QUESTION0_13_R 1 1.438e+03 7.554e+02 1.959e+02
|            ( QUESTION19 -1 1.459e+03 5.039e+02 1.184e+02
|                ( - 1.407e+03 1 0)
|                ( - 5.559e+02 1 0))
|            ( - 7.349e+02 1 0))
|        ( WDBNDRY_B 0 3.416e+02 6.451e+02 3.332e+02
|            ( - -4.198e+02 1 0)
|            ( - 1.407e+03 1 0))))
s>    ( QUESTION12 1 -2.799e+03 2.417e+03 6.726e+02
s>        ( WDBNDRY_B 0 -7.508e+02 2.619e+02 1.435e+02
s>            ( - -5.753e+02 1 0)
s>            ( - 8.643e+01 2 0))
s>        ( QUESTION18 -1 3.692e+02 1.411e+03 5.291e+02
s>            ( QUESTION0_13_R 1 1.438e+03 7.554e+02 1.959e+02
s>                ( QUESTION19 -1 1.459e+03 5.039e+02 1.184e+02
s>                    ( - 1.407e+03 1 0)
s>                    ( - 5.559e+02 1 0))
s>                ( - 7.349e+02 1 0))
s>            ( WDBNDRY_B 0 3.416e+02 6.451e+02 3.332e+02
s>                ( - -4.198e+02 1 0)
s>                ( - 1.407e+03 1 0))))INFO: dtree.c(1351): Comp split 1
INFO: dtree.c(1524): Final simple tree
|( QUESTION4 1 -1.905e+04 1.189e+03 1.121e+03
|    ( - -2.411e+03 4 0 QUESTION2_0_L -1 2.836e+02 1.431e+02)
|    ( QUESTION2_0_L -1 -1.545e+04 1.006e+03 9.775e+02
|        ( QUESTION16 1 -1.046e+04 7.159e+02 7.111e+02
|            ( - -2.710e+03 3 0 QUESTION0_3_R 1 1.682e+02 2.284e+02)
|            ( QUESTION0_15_R 1 -7.037e+03 5.136e+02 4.827e+02
|                ( - -1.032e+03 2 0)
|                ( QUESTION11 1 -5.491e+03 4.525e+02 3.796e+02
|                    ( - -1.955e+03 4 0 QUESTION14 1 2.803e+02 1.460e+02)
|                    ( - -3.084e+03 10 0 QUESTION0 1 4.074e+02 2.335e+02))))
|        ( QUESTION3 1 -3.983e+03 1.054e+03 2.664e+02
|            ( - -1.074e+02 1 0)
|            ( QUESTION0_0_R 1 -2.822e+03 4.608e+02 2.019e+02
|                ( - -1.774e+03 5 0 QUESTION0_5_R 1 3.116e+02 1.407e+02)
|                ( - -5.875e+02 4 0 QUESTION0_13_R 1 1.981e+02 6.116e+01)))))
s>    ( QUESTION4 1 -1.905e+04 1.189e+03 1.121e+03
s>        ( - -2.411e+03 4 0 QUESTION2_0_L -1 2.836e+02 1.431e+02)
s>        ( QUESTION2_0_L -1 -1.545e+04 1.006e+03 9.775e+02
s>            ( QUESTION16 1 -1.046e+04 7.159e+02 7.111e+02
s>                ( - -2.710e+03 3 0 QUESTION0_3_R 1 1.682e+02 2.284e+02)
s>                ( QUESTION0_15_R 1 -7.037e+03 5.136e+02 4.827e+02
s>                    ( - -1.032e+03 2 0)
s>                    ( QUESTION11 1 -5.491e+03 4.525e+02 3.796e+02
s>                        ( - -1.955e+03 4 0 QUESTION14 1 2.803e+02 1.460e+02)
s>                        ( - -3.084e+03 10 0 QUESTION0 1 4.074e+02 2.335e+02))))
s>            ( QUESTION3 1 -3.983e+03 1.054e+03 2.664e+02
s>                ( - -1.074e+02 1 0)
s>                ( QUESTION0_0_R 1 -2.822e+03 4.608e+02 2.019e+02
s>                    ( - -1.774e+03 5 0 QUESTION0_5_R 1 3.116e+02 1.407e+02)
s>                    ( - -5.875e+02 4 0 QUESTION0_13_R 1 1.981e+02 6.116e+01)))))INFO: dtree.c(1483): stop. leaf nodes are specific
INFO: dtree.c(1524): Final simple tree
|( QUESTION2_0_L -1 2.816e+02 2.272e+02 3.541e+02
|    ( - 6.056e+02 1 0)
|    ( - -9.670e+01 1 0))
s>    ( QUESTION2_0_L -1 2.816e+02 2.272e+02 3.541e+02
s>        ( - 6.056e+02 1 0)
s>        ( - -9.670e+01 1 0))INFO: dtree.c(1351): Comp split 2
INFO: dtree.c(1483): stop. leaf nodes are specific
INFO: dtree.c(1524): Final simple tree
|( QUESTION19 -1 9.431e+02 9.696e+02 4.516e+02
|    ( - 1.407e+03 1 0)
|    ( WDBNDRY_B 0 5.059e+02 6.646e+02 3.580e+02
|        ( - -4.198e+02 1 0)
|        ( QUESTION16 -1 1.590e+03 3.722e+02 3.156e+02
|            ( - 1.407e+03 1 0)
|            ( - 5.559e+02 1 0))))
s>    ( QUESTION19 -1 9.431e+02 9.696e+02 4.516e+02
s>        ( - 1.407e+03 1 0)
s>        ( WDBNDRY_B 0 5.059e+02 6.646e+02 3.580e+02
s>            ( - -4.198e+02 1 0)
s>            ( QUESTION16 -1 1.590e+03 3.722e+02 3.156e+02
s>                ( - 1.407e+03 1 0)
s>                ( - 5.559e+02 1 0))))INFO: dtree.c(1483): stop. leaf nodes are specific
INFO: dtree.c(1524): Final simple tree
|( WDBNDRY_B 0 -1.229e+03 1.258e+03 2.210e+02
|    ( - -5.753e+02 1 0)
|    ( QUESTION0_13_R 1 6.040e+02 2.174e+02 7.952e+01
|        ( - 8.643e+01 2 0)
|        ( - 7.349e+02 1 0)))
s>    ( WDBNDRY_B 0 -1.229e+03 1.258e+03 2.210e+02
s>        ( - -5.753e+02 1 0)
s>        ( QUESTION0_13_R 1 6.040e+02 2.174e+02 7.952e+01
s>            ( - 8.643e+01 2 0)
s>            ( - 7.349e+02 1 0)))INFO: dtree.c(1351): Comp split 3
INFO: dtree.c(1524): Final simple tree
|( QUESTION0_8_R 1 -5.240e+03 9.739e+02 3.749e+02
|    ( - -1.074e+02 1 0)
|    ( QUESTION0_15_R 1 -4.159e+03 4.124e+02 3.104e+02
|        ( QUESTION2_0_L -1 -1.164e+03 1.318e+02 1.228e+02
|            ( - -1.032e+03 2 0)
|            ( - -4.617e-01 1 0))
|        ( QUESTION14 1 -2.582e+03 2.961e+02 1.875e+02
|            ( - -2.893e+02 2 0)
|            ( QUESTION0_19_R 1 -1.997e+03 2.149e+02 1.507e+02
|                ( - 1.879e+02 1 0)
|                ( QUESTION11 1 -1.970e+03 1.948e+02 1.487e+02
|                    ( - -1.386e+03 2 0 QUESTION0_0_R 1 9.680e+01 1.092e+02)
|                    ( QUESTION0_13_R 1 -3.893e+02 1.690e+02 3.948e+01
|                        ( - -1.986e+02 1 0)
|                        ( - -2.165e+01 1 0)))))))
s>    ( QUESTION0_8_R 1 -5.240e+03 9.739e+02 3.749e+02
s>        ( - -1.074e+02 1 0)
s>        ( QUESTION0_15_R 1 -4.159e+03 4.124e+02 3.104e+02
s>            ( QUESTION2_0_L -1 -1.164e+03 1.318e+02 1.228e+02
s>                ( - -1.032e+03 2 0)
s>                ( - -4.617e-01 1 0))
s>            ( QUESTION14 1 -2.582e+03 2.961e+02 1.875e+02
s>                ( - -2.893e+02 2 0)
s>                ( QUESTION0_19_R 1 -1.997e+03 2.149e+02 1.507e+02
s>                    ( - 1.879e+02 1 0)
s>                    ( QUESTION11 1 -1.970e+03 1.948e+02 1.487e+02
s>                        ( - -1.386e+03 2 0 QUESTION0_0_R 1 9.680e+01 1.092e+02)
s>                        ( QUESTION0_13_R 1 -3.893e+02 1.690e+02 3.948e+01
s>                            ( - -1.986e+02 1 0)
s>                            ( - -2.165e+01 1 0)))))))INFO: dtree.c(1524): Final simple tree
|( QUESTION2_0_L -1 -1.223e+04 1.219e+03 7.457e+02
|    ( QUESTION0 1 -6.871e+03 5.552e+02 5.130e+02
|        ( - -1.320e+03 4 0 QUESTION0_0_R 1 1.308e+02 1.419e+02)
|        ( QUESTION0_13_R 1 -4.996e+03 2.794e+02 3.711e+02
|            ( - -9.707e+02 3 0 WDBNDRY_E 0 1.511e+02 7.826e+01)
|            ( QUESTION0_9_R 1 -3.746e+03 2.305e+02 2.929e+02
|                ( - 7.350e+01 1 0)
|                ( - -3.589e+03 7 0 QUESTION8 1 2.248e+02 2.809e+02))))
|    ( QUESTION0_0_R 1 -4.141e+03 7.856e+02 2.327e+02
|        ( QUESTION0_5_R 1 -1.774e+03 3.116e+02 1.407e+02
|            ( QUESTION0 1 -8.540e+02 3.991e+02 8.326e+01
|                ( - -7.385e+00 1 0)
|                ( - -4.476e+02 2 0 WDBNDRY_E 0 1.401e+02 3.803e+01))
|            ( - -6.081e+02 2 0 QUESTION0_1_R 1 1.337e+02 5.745e+01))
|        ( - -1.582e+03 2 0 WDBNDRY_E 0 2.299e+02 9.202e+01)))
s>    ( QUESTION2_0_L -1 -1.223e+04 1.219e+03 7.457e+02
s>        ( QUESTION0 1 -6.871e+03 5.552e+02 5.130e+02
s>            ( - -1.320e+03 4 0 QUESTION0_0_R 1 1.308e+02 1.419e+02)
s>            ( QUESTION0_13_R 1 -4.996e+03 2.794e+02 3.711e+02
s>                ( - -9.707e+02 3 0 WDBNDRY_E 0 1.511e+02 7.826e+01)
s>                ( QUESTION0_9_R 1 -3.746e+03 2.305e+02 2.929e+02
s>                    ( - 7.350e+01 1 0)
s>                    ( - -3.589e+03 7 0 QUESTION8 1 2.248e+02 2.809e+02))))
s>        ( QUESTION0_0_R 1 -4.141e+03 7.856e+02 2.327e+02
s>            ( QUESTION0_5_R 1 -1.774e+03 3.116e+02 1.407e+02
s>                ( QUESTION0 1 -8.540e+02 3.991e+02 8.326e+01
s>                    ( - -7.385e+00 1 0)
s>                    ( - -4.476e+02 2 0 WDBNDRY_E 0 1.401e+02 3.803e+01))
s>                ( - -6.081e+02 2 0 QUESTION0_1_R 1 1.337e+02 5.745e+01))
s>            ( - -1.582e+03 2 0 WDBNDRY_E 0 2.299e+02 9.202e+01)))INFO: dtree.c(1351): Comp split 4
INFO: dtree.c(1483): stop. leaf nodes are specific
INFO: dtree.c(1524): Final simple tree
|( QUESTION0_13_R 1 6.040e+02 2.174e+02 7.952e+01
|    ( - 8.643e+01 2 0)
|    ( - 7.349e+02 1 0))
s>    ( QUESTION0_13_R 1 6.040e+02 2.174e+02 7.952e+01
s>        ( - 8.643e+01 2 0)
s>        ( - 7.349e+02 1 0))INFO: dtree.c(1351): Comp split 5
INFO: dtree.c(1483): stop. leaf nodes are specific
INFO: dtree.c(1524): Final simple tree
|( QUESTION0_0_R 1 -4.141e+03 7.856e+02 2.327e+02
|    ( QUESTION0_5_R 1 -1.774e+03 3.116e+02 1.407e+02
|        ( QUESTION0 1 -8.540e+02 3.991e+02 8.326e+01
|            ( - -7.385e+00 1 0)
|            ( WDBNDRY_E 0 -4.476e+02 1.401e+02 3.803e+01
|                ( - -4.063e+02 1 0)
|                ( - 9.878e+01 1 0)))
|        ( QUESTION0_1_R 1 -6.081e+02 1.337e+02 5.745e+01
|            ( - -5.964e+02 1 0)
|            ( - 1.221e+02 1 0)))
|    ( WDBNDRY_E 0 -1.582e+03 2.299e+02 9.202e+01
|        ( - -4.249e+02 1 0)
|        ( - -9.271e+02 1 0)))
s>    ( QUESTION0_0_R 1 -4.141e+03 7.856e+02 2.327e+02
s>        ( QUESTION0_5_R 1 -1.774e+03 3.116e+02 1.407e+02
s>            ( QUESTION0 1 -8.540e+02 3.991e+02 8.326e+01
s>                ( - -7.385e+00 1 0)
s>                ( WDBNDRY_E 0 -4.476e+02 1.401e+02 3.803e+01
s>                    ( - -4.063e+02 1 0)
s>                    ( - 9.878e+01 1 0)))
s>            ( QUESTION0_1_R 1 -6.081e+02 1.337e+02 5.745e+01
s>                ( - -5.964e+02 1 0)
s>                ( - 1.221e+02 1 0)))
s>        ( WDBNDRY_E 0 -1.582e+03 2.299e+02 9.202e+01
s>            ( - -4.249e+02 1 0)
s>            ( - -9.271e+02 1 0)))INFO: dtree.c(1524): Final simple tree
|( QUESTION0 1 -6.871e+03 5.552e+02 5.130e+02
|    ( - -1.320e+03 4 0 QUESTION0_0_R 1 1.308e+02 1.419e+02)
|    ( QUESTION0_13_R 1 -4.996e+03 2.794e+02 3.711e+02
|        ( WDBNDRY_E 0 -9.707e+02 1.511e+02 7.826e+01
|            ( - -6.468e+02 2 0 QUESTION4 1 1.041e+02 4.989e+01)
|            ( - -1.729e+02 1 0))
|        ( QUESTION0_9_R 1 -3.746e+03 2.305e+02 2.929e+02
|            ( - 7.350e+01 1 0)
|            ( QUESTION8 1 -3.589e+03 2.248e+02 2.809e+02
|                ( - 1.365e+01 2 0 QUESTION0_0_R 1 1.431e+02 8.000e+00)
|                ( QUESTION0_5_R 1 -3.377e+03 1.684e+02 2.729e+02
|                    ( - 1.561e+02 1 0)
|                    ( WDBNDRY_E 0 -3.365e+03 1.530e+02 2.699e+02
|                        ( - -3.070e+03 3 0 QUESTION0_3_R 1 1.217e+02 2.589e+02)
|                        ( - -1.423e+02 1 0)))))))
s>    ( QUESTION0 1 -6.871e+03 5.552e+02 5.130e+02
s>        ( - -1.320e+03 4 0 QUESTION0_0_R 1 1.308e+02 1.419e+02)
s>        ( QUESTION0_13_R 1 -4.996e+03 2.794e+02 3.711e+02
s>            ( WDBNDRY_E 0 -9.707e+02 1.511e+02 7.826e+01
s>                ( - -6.468e+02 2 0 QUESTION4 1 1.041e+02 4.989e+01)
s>                ( - -1.729e+02 1 0))
s>            ( QUESTION0_9_R 1 -3.746e+03 2.305e+02 2.929e+02
s>                ( - 7.350e+01 1 0)
s>                ( QUESTION8 1 -3.589e+03 2.248e+02 2.809e+02
s>                    ( - 1.365e+01 2 0 QUESTION0_0_R 1 1.431e+02 8.000e+00)
s>                    ( QUESTION0_5_R 1 -3.377e+03 1.684e+02 2.729e+02
s>                        ( - 1.561e+02 1 0)
s>                        ( WDBNDRY_E 0 -3.365e+03 1.530e+02 2.699e+02
s>                            ( - -3.070e+03 3 0 QUESTION0_3_R 1 1.217e+02 2.589e+02)
s>                            ( - -1.423e+02 1 0)))))))INFO: dtree.c(1351): Comp split 6
INFO: dtree.c(1524): Final simple tree
|( QUESTION0_15_R 1 -4.159e+03 4.124e+02 3.104e+02
|    ( QUESTION2_0_L -1 -1.164e+03 1.318e+02 1.228e+02
|        ( - -1.032e+03 2 0)
|        ( - -4.617e-01 1 0))
|    ( QUESTION14 1 -2.582e+03 2.961e+02 1.875e+02
|        ( - -2.893e+02 2 0)
|        ( QUESTION0_19_R 1 -1.997e+03 2.149e+02 1.507e+02
|            ( - 1.879e+02 1 0)
|            ( QUESTION11 1 -1.970e+03 1.948e+02 1.487e+02
|                ( QUESTION0_0_R 1 -1.386e+03 9.680e+01 1.092e+02
|                    ( - -7.329e+02 1 0)
|                    ( - -5.559e+02 1 0))
|                ( QUESTION0_13_R 1 -3.893e+02 1.690e+02 3.948e+01
|                    ( - -1.986e+02 1 0)
|                    ( - -2.165e+01 1 0))))))
s>    ( QUESTION0_15_R 1 -4.159e+03 4.124e+02 3.104e+02
s>        ( QUESTION2_0_L -1 -1.164e+03 1.318e+02 1.228e+02
s>            ( - -1.032e+03 2 0)
s>            ( - -4.617e-01 1 0))
s>        ( QUESTION14 1 -2.582e+03 2.961e+02 1.875e+02
s>            ( - -2.893e+02 2 0)
s>            ( QUESTION0_19_R 1 -1.997e+03 2.149e+02 1.507e+02
s>                ( - 1.879e+02 1 0)
s>                ( QUESTION11 1 -1.970e+03 1.948e+02 1.487e+02
s>                    ( QUESTION0_0_R 1 -1.386e+03 9.680e+01 1.092e+02
s>                        ( - -7.329e+02 1 0)
s>                        ( - -5.559e+02 1 0))
s>                    ( QUESTION0_13_R 1 -3.893e+02 1.690e+02 3.948e+01
s>                        ( - -1.986e+02 1 0)
s>                        ( - -2.165e+01 1 0))))))INFO: dtree.c(1351): Comp split 7
INFO: dtree.c(1483): stop. leaf nodes are specific
INFO: dtree.c(1524): Final simple tree
|( WDBNDRY_B 0 5.059e+02 6.646e+02 3.580e+02
|    ( - -4.198e+02 1 0)
|    ( QUESTION16 -1 1.590e+03 3.722e+02 3.156e+02
|        ( - 1.407e+03 1 0)
|        ( - 5.559e+02 1 0)))
s>    ( WDBNDRY_B 0 5.059e+02 6.646e+02 3.580e+02
s>        ( - -4.198e+02 1 0)
s>        ( QUESTION16 -1 1.590e+03 3.722e+02 3.156e+02
s>            ( - 1.407e+03 1 0)
s>            ( - 5.559e+02 1 0)))INFO: dtree.c(1351): Comp split 8
INFO: dtree.c(1483): stop. leaf nodes are specific
INFO: dtree.c(1524): Final simple tree
|( QUESTION0_5_R 1 -1.774e+03 3.116e+02 1.407e+02
|    ( QUESTION0 1 -8.540e+02 3.991e+02 8.326e+01
|        ( - -7.385e+00 1 0)
|        ( WDBNDRY_E 0 -4.476e+02 1.401e+02 3.803e+01
|            ( - -4.063e+02 1 0)
|            ( - 9.878e+01 1 0)))
|    ( QUESTION0_1_R 1 -6.081e+02 1.337e+02 5.745e+01
|        ( - -5.964e+02 1 0)
|        ( - 1.221e+02 1 0)))
s>    ( QUESTION0_5_R 1 -1.774e+03 3.116e+02 1.407e+02
s>        ( QUESTION0 1 -8.540e+02 3.991e+02 8.326e+01
s>            ( - -7.385e+00 1 0)
s>            ( WDBNDRY_E 0 -4.476e+02 1.401e+02 3.803e+01
s>                ( - -4.063e+02 1 0)
s>                ( - 9.878e+01 1 0)))
s>        ( QUESTION0_1_R 1 -6.081e+02 1.337e+02 5.745e+01
s>            ( - -5.964e+02 1 0)
s>            ( - 1.221e+02 1 0)))INFO: dtree.c(1483): stop. leaf nodes are specific
INFO: dtree.c(1524): Final simple tree
|( WDBNDRY_E 0 -1.582e+03 2.299e+02 9.202e+01
|    ( - -4.249e+02 1 0)
|    ( - -9.271e+02 1 0))
s>    ( WDBNDRY_E 0 -1.582e+03 2.299e+02 9.202e+01
s>        ( - -4.249e+02 1 0)
s>        ( - -9.271e+02 1 0))INFO: dtree.c(1351): Comp split 9
INFO: dtree.c(1483): stop. leaf nodes are specific
INFO: dtree.c(1524): Final simple tree
|( QUESTION16 -1 1.590e+03 3.722e+02 3.156e+02
|    ( - 1.407e+03 1 0)
|    ( - 5.559e+02 1 0))
s>    ( QUESTION16 -1 1.590e+03 3.722e+02 3.156e+02
s>        ( - 1.407e+03 1 0)
s>        ( - 5.559e+02 1 0))INFO: dtree.c(1351): Comp split 10
INFO: dtree.c(1483): stop. leaf nodes are specific
INFO: dtree.c(1524): Final simple tree
|( QUESTION0_2_R 1 -1.327e+03 1.636e+02 1.449e+02
|    ( - 1.561e+02 1 0)
|    ( QUESTION0_0_R 1 -1.320e+03 1.308e+02 1.419e+02
|        ( - -1.214e+02 1 0)
|        ( - -1.068e+03 3 0)))
s>    ( QUESTION0_2_R 1 -1.327e+03 1.636e+02 1.449e+02
s>        ( - 1.561e+02 1 0)
s>        ( QUESTION0_0_R 1 -1.320e+03 1.308e+02 1.419e+02
s>            ( - -1.214e+02 1 0)
s>            ( - -1.068e+03 3 0)))INFO: dtree.c(1524): Final simple tree
|( QUESTION0_13_R 1 -4.983e+03 2.775e+02 3.681e+02
|    ( WDBNDRY_E 0 -9.707e+02 1.511e+02 7.826e+01
|        ( - -6.468e+02 2 0 QUESTION4 1 1.041e+02 4.989e+01)
|        ( - -1.729e+02 1 0))
|    ( QUESTION0_9_R 1 -3.735e+03 2.310e+02 2.899e+02
|        ( - 7.350e+01 1 0)
|        ( QUESTION8 1 -3.578e+03 2.264e+02 2.779e+02
|            ( QUESTION0_0_R 1 1.365e+01 1.431e+02 8.000e+00
|                ( - 6.732e+01 1 0)
|                ( - 8.940e+01 1 0))
|            ( WDBNDRY_E 0 -3.365e+03 1.530e+02 2.699e+02
|                ( QUESTION0_3_R 1 -3.070e+03 1.217e+02 2.589e+02
|                    ( - -2.402e+03 1 0)
|                    ( - -5.456e+02 2 0 QUESTION0_11_R 1 1.563e+02 4.448e+01))
|                ( - -1.423e+02 1 0)))))
s>    ( QUESTION0_13_R 1 -4.983e+03 2.775e+02 3.681e+02
s>        ( WDBNDRY_E 0 -9.707e+02 1.511e+02 7.826e+01
s>            ( - -6.468e+02 2 0 QUESTION4 1 1.041e+02 4.989e+01)
s>            ( - -1.729e+02 1 0))
s>        ( QUESTION0_9_R 1 -3.735e+03 2.310e+02 2.899e+02
s>            ( - 7.350e+01 1 0)
s>            ( QUESTION8 1 -3.578e+03 2.264e+02 2.779e+02
s>                ( QUESTION0_0_R 1 1.365e+01 1.431e+02 8.000e+00
s>                    ( - 6.732e+01 1 0)
s>                    ( - 8.940e+01 1 0))
s>                ( WDBNDRY_E 0 -3.365e+03 1.530e+02 2.699e+02
s>                    ( QUESTION0_3_R 1 -3.070e+03 1.217e+02 2.589e+02
s>                        ( - -2.402e+03 1 0)
s>                        ( - -5.456e+02 2 0 QUESTION0_11_R 1 1.563e+02 4.448e+01))
s>                    ( - -1.423e+02 1 0)))))INFO: dtree.c(1351): Comp split 11
INFO: dtree.c(1483): stop. leaf nodes are specific
INFO: dtree.c(1524): Final simple tree
|( QUESTION11 1 -1.970e+03 1.948e+02 1.487e+02
|    ( QUESTION0_0_R 1 -1.386e+03 9.680e+01 1.092e+02
|        ( - -7.329e+02 1 0)
|        ( - -5.559e+02 1 0))
|    ( QUESTION0_13_R 1 -3.893e+02 1.690e+02 3.948e+01
|        ( - -1.986e+02 1 0)
|        ( - -2.165e+01 1 0)))
s>    ( QUESTION11 1 -1.970e+03 1.948e+02 1.487e+02
s>        ( QUESTION0_0_R 1 -1.386e+03 9.680e+01 1.092e+02
s>            ( - -7.329e+02 1 0)
s>            ( - -5.559e+02 1 0))
s>        ( QUESTION0_13_R 1 -3.893e+02 1.690e+02 3.948e+01
s>            ( - -1.986e+02 1 0)
s>            ( - -2.165e+01 1 0)))INFO: dtree.c(1483): stop. leaf nodes are specific
INFO: dtree.c(1524): Final simple tree
|( QUESTION0_13_R 1 -1.713e+03 2.330e+02 1.617e+02
|    ( - -2.893e+02 2 0)
|    ( QUESTION0_15_R 1 -1.191e+03 2.147e+02 1.248e+02
|        ( QUESTION2_0_L -1 -1.164e+03 1.318e+02 1.228e+02
|            ( - -1.032e+03 2 0)
|            ( - -4.617e-01 1 0))
|        ( - 1.879e+02 1 0)))
s>    ( QUESTION0_13_R 1 -1.713e+03 2.330e+02 1.617e+02
s>        ( - -2.893e+02 2 0)
s>        ( QUESTION0_15_R 1 -1.191e+03 2.147e+02 1.248e+02
s>            ( QUESTION2_0_L -1 -1.164e+03 1.318e+02 1.228e+02
s>                ( - -1.032e+03 2 0)
s>                ( - -4.617e-01 1 0))
s>            ( - 1.879e+02 1 0)))INFO: dtree.c(1351): Comp split 12
INFO: dtree.c(1483): stop. leaf nodes are specific
INFO: dtree.c(1524): Final simple tree
|( QUESTION0_5_R 1 -1.337e+03 2.818e+02 9.548e+01
|    ( WDBNDRY_E 0 -4.476e+02 1.401e+02 3.803e+01
|        ( - -4.063e+02 1 0)
|        ( - 9.878e+01 1 0))
|    ( QUESTION0_1_R 1 -6.081e+02 1.337e+02 5.745e+01
|        ( - -5.964e+02 1 0)
|        ( - 1.221e+02 1 0)))
s>    ( QUESTION0_5_R 1 -1.337e+03 2.818e+02 9.548e+01
s>        ( WDBNDRY_E 0 -4.476e+02 1.401e+02 3.803e+01
s>            ( - -4.063e+02 1 0)
s>            ( - 9.878e+01 1 0))
s>        ( QUESTION0_1_R 1 -6.081e+02 1.337e+02 5.745e+01
s>            ( - -5.964e+02 1 0)
s>            ( - 1.221e+02 1 0)))INFO: dtree.c(1351): Comp split 13
INFO: dtree.c(1351): Comp split 14
INFO: dtree.c(1483): stop. leaf nodes are specific
INFO: dtree.c(1524): Final simple tree
|( QUESTION0_9_R 1 -3.229e+03 2.331e+02 2.709e+02
|    ( - 7.350e+01 1 0)
|    ( QUESTION0_3_R 1 -3.070e+03 1.217e+02 2.589e+02
|        ( - -2.402e+03 1 0)
|        ( QUESTION0_11_R 1 -5.456e+02 1.563e+02 4.448e+01
|            ( - -3.912e+02 1 0)
|            ( - 1.784e+00 1 0))))
s>    ( QUESTION0_9_R 1 -3.229e+03 2.331e+02 2.709e+02
s>        ( - 7.350e+01 1 0)
s>        ( QUESTION0_3_R 1 -3.070e+03 1.217e+02 2.589e+02
s>            ( - -2.402e+03 1 0)
s>            ( QUESTION0_11_R 1 -5.456e+02 1.563e+02 4.448e+01
s>                ( - -3.912e+02 1 0)
s>                ( - 1.784e+00 1 0))))INFO: dtree.c(1483): stop. leaf nodes are specific
INFO: dtree.c(1524): Final simple tree
|( QUESTION0_4_R 1 -1.423e+03 2.378e+02 9.726e+01
|    ( - 6.732e+01 1 0)
|    ( QUESTION5 1 -1.253e+03 1.289e+02 9.126e+01
|        ( - -2.909e+02 1 0)
|        ( QUESTION0_0_R 1 -8.328e+02 1.251e+02 6.410e+01
|            ( - -1.423e+02 1 0)
|            ( WDBNDRY_E 0 -5.654e+02 1.236e+02 5.310e+01
|                ( QUESTION0_13_R 1 -2.689e+02 1.065e+02 2.473e+01
|                    ( - -2.518e+02 1 0)
|                    ( - 8.940e+01 1 0))
|                ( - -1.729e+02 1 0)))))
s>    ( QUESTION0_4_R 1 -1.423e+03 2.378e+02 9.726e+01
s>        ( - 6.732e+01 1 0)
s>        ( QUESTION5 1 -1.253e+03 1.289e+02 9.126e+01
s>            ( - -2.909e+02 1 0)
s>            ( QUESTION0_0_R 1 -8.328e+02 1.251e+02 6.410e+01
s>                ( - -1.423e+02 1 0)
s>                ( WDBNDRY_E 0 -5.654e+02 1.236e+02 5.310e+01
s>                    ( QUESTION0_13_R 1 -2.689e+02 1.065e+02 2.473e+01
s>                        ( - -2.518e+02 1 0)
s>                        ( - 8.940e+01 1 0))
s>                    ( - -1.729e+02 1 0)))))INFO: dtree.c(1351): Comp split 15
INFO: dtree.c(1483): stop. leaf nodes are specific
INFO: dtree.c(1524): Final simple tree
|( WDBNDRY_E 0 -6.489e+02 1.396e+02 6.145e+01
|    ( QUESTION0_1_R 1 -6.081e+02 1.337e+02 5.745e+01
|        ( - -5.964e+02 1 0)
|        ( - 1.221e+02 1 0))
|    ( - 9.878e+01 1 0))
s>    ( WDBNDRY_E 0 -6.489e+02 1.396e+02 6.145e+01
s>        ( QUESTION0_1_R 1 -6.081e+02 1.337e+02 5.745e+01
s>            ( - -5.964e+02 1 0)
s>            ( - 1.221e+02 1 0))
s>        ( - 9.878e+01 1 0))INFO: dtree.c(1351): Comp split 16
INFO: dtree.c(1483): stop. leaf nodes are specific
INFO: dtree.c(1524): Final simple tree
|( QUESTION5 1 -1.253e+03 1.289e+02 9.126e+01
|    ( - -2.909e+02 1 0)
|    ( QUESTION0_0_R 1 -8.328e+02 1.251e+02 6.410e+01
|        ( - -1.423e+02 1 0)
|        ( WDBNDRY_E 0 -5.654e+02 1.236e+02 5.310e+01
|            ( QUESTION0_13_R 1 -2.689e+02 1.065e+02 2.473e+01
|                ( - -2.518e+02 1 0)
|                ( - 8.940e+01 1 0))
|            ( - -1.729e+02 1 0))))
s>    ( QUESTION5 1 -1.253e+03 1.289e+02 9.126e+01
s>        ( - -2.909e+02 1 0)
s>        ( QUESTION0_0_R 1 -8.328e+02 1.251e+02 6.410e+01
s>            ( - -1.423e+02 1 0)
s>            ( WDBNDRY_E 0 -5.654e+02 1.236e+02 5.310e+01
s>                ( QUESTION0_13_R 1 -2.689e+02 1.065e+02 2.473e+01
s>                    ( - -2.518e+02 1 0)
s>                    ( - 8.940e+01 1 0))
s>                ( - -1.729e+02 1 0))))INFO: dtree.c(1351): Comp split 17
INFO: dtree.c(1483): stop. leaf nodes are specific
INFO: dtree.c(1524): Final simple tree
|( QUESTION0_3_R 1 -3.070e+03 1.217e+02 2.589e+02
|    ( - -2.402e+03 1 0)
|    ( QUESTION0_11_R 1 -5.456e+02 1.563e+02 4.448e+01
|        ( - -3.912e+02 1 0)
|        ( - 1.784e+00 1 0)))
s>    ( QUESTION0_3_R 1 -3.070e+03 1.217e+02 2.589e+02
s>        ( - -2.402e+03 1 0)
s>        ( QUESTION0_11_R 1 -5.456e+02 1.563e+02 4.448e+01
s>            ( - -3.912e+02 1 0)
s>            ( - 1.784e+00 1 0)))INFO: dtree.c(1351): Comp split 18
INFO: dtree.c(1483): stop. leaf nodes are specific
INFO: dtree.c(1524): Final simple tree
|( QUESTION0_15_R 1 -1.191e+03 2.147e+02 1.248e+02
|    ( QUESTION2_0_L -1 -1.164e+03 1.318e+02 1.228e+02
|        ( - -1.032e+03 2 0)
|        ( - -4.617e-01 1 0))
|    ( - 1.879e+02 1 0))
s>    ( QUESTION0_15_R 1 -1.191e+03 2.147e+02 1.248e+02
s>        ( QUESTION2_0_L -1 -1.164e+03 1.318e+02 1.228e+02
s>            ( - -1.032e+03 2 0)
s>            ( - -4.617e-01 1 0))
s>        ( - 1.879e+02 1 0))INFO: dtree.c(1351): Comp split 19
INFO: dtree.c(1351): Comp split 20
INFO: dtree.c(1351): Comp split 21
INFO: dtree.c(1351): Comp split 22
INFO: dtree.c(1483): stop. leaf nodes are specific
INFO: dtree.c(1524): Final simple tree
|( QUESTION2_0_L -1 -1.164e+03 1.318e+02 1.228e+02
|    ( - -1.032e+03 2 0)
|    ( - -4.617e-01 1 0))
s>    ( QUESTION2_0_L -1 -1.164e+03 1.318e+02 1.228e+02
s>        ( - -1.032e+03 2 0)
s>        ( - -4.617e-01 1 0))INFO: dtree.c(1351): Comp split 23
INFO: dtree.c(1483): stop. leaf nodes are specific
INFO: dtree.c(1524): Final simple tree
|( QUESTION0_0_R 1 -1.386e+03 9.680e+01 1.092e+02
|    ( - -7.329e+02 1 0)
|    ( - -5.559e+02 1 0))
s>    ( QUESTION0_0_R 1 -1.386e+03 9.680e+01 1.092e+02
s>        ( - -7.329e+02 1 0)
s>        ( - -5.559e+02 1 0))INFO: dtree.c(1483): stop. leaf nodes are specific
INFO: dtree.c(1524): Final simple tree
|( QUESTION0_13_R 1 -3.893e+02 1.690e+02 3.948e+01
|    ( - -1.986e+02 1 0)
|    ( - -2.165e+01 1 0))
s>    ( QUESTION0_13_R 1 -3.893e+02 1.690e+02 3.948e+01
s>        ( - -1.986e+02 1 0)
s>        ( - -2.165e+01 1 0))INFO: dtree.c(1351): Comp split 24
INFO: dtree.c(1483): stop. leaf nodes are specific
INFO: dtree.c(1524): Final simple tree
|( QUESTION0_3_R 1 -2.902e+03 1.089e+02 2.529e+02
|    ( - -2.402e+03 1 0)
|    ( - -3.912e+02 1 0))
s>    ( QUESTION0_3_R 1 -2.902e+03 1.089e+02 2.529e+02
s>        ( - -2.402e+03 1 0)
s>        ( - -3.912e+02 1 0))INFO: dtree.c(1351): Comp split 25
INFO: dtree.c(1351): Comp split 26
INFO: dtree.c(1483): stop. leaf nodes are specific
INFO: dtree.c(1524): Final simple tree
|( QUESTION0_0_R 1 -1.320e+03 1.308e+02 1.419e+02
|    ( - -1.214e+02 1 0)
|    ( - -1.068e+03 3 0))
s>    ( QUESTION0_0_R 1 -1.320e+03 1.308e+02 1.419e+02
s>        ( - -1.214e+02 1 0)
s>        ( - -1.068e+03 3 0))INFO: dtree.c(1351): Comp split 27
INFO: dtree.c(1483): stop. leaf nodes are specific
INFO: dtree.c(1524): Final simple tree
|( QUESTION5 1 -9.221e+02 1.165e+02 6.289e+01
|    ( - -2.909e+02 1 0)
|    ( QUESTION0_14_R 1 -5.147e+02 1.098e+02 3.573e+01
|        ( - 8.940e+01 1 0)
|        ( WDBNDRY_E 0 -4.943e+02 1.002e+02 3.373e+01
|            ( - -2.518e+02 1 0)
|            ( - -1.423e+02 1 0))))
s>    ( QUESTION5 1 -9.221e+02 1.165e+02 6.289e+01
s>        ( - -2.909e+02 1 0)
s>        ( QUESTION0_14_R 1 -5.147e+02 1.098e+02 3.573e+01
s>            ( - 8.940e+01 1 0)
s>            ( WDBNDRY_E 0 -4.943e+02 1.002e+02 3.373e+01
s>                ( - -2.518e+02 1 0)
s>                ( - -1.423e+02 1 0))))INFO: dtree.c(1351): Comp split 28
INFO: dtree.c(1483): stop. leaf nodes are specific
INFO: dtree.c(1524): Final simple tree
|( QUESTION0_1_R 1 -6.081e+02 1.337e+02 5.745e+01
|    ( - -5.964e+02 1 0)
|    ( - 1.221e+02 1 0))
s>    ( QUESTION0_1_R 1 -6.081e+02 1.337e+02 5.745e+01
s>        ( - -5.964e+02 1 0)
s>        ( - 1.221e+02 1 0))INFO: dtree.c(1351): Comp split 29
INFO: dtree.c(1351): Comp split 30
INFO: dtree.c(1351): Comp split 31
INFO: dtree.c(1351): Comp split 32
INFO: dtree.c(1483): stop. leaf nodes are specific
INFO: dtree.c(1524): Final simple tree
|( QUESTION0_14_R 1 -5.147e+02 1.098e+02 3.573e+01
|    ( - 8.940e+01 1 0)
|    ( WDBNDRY_E 0 -4.943e+02 1.002e+02 3.373e+01
|        ( - -2.518e+02 1 0)
|        ( - -1.423e+02 1 0)))
s>    ( QUESTION0_14_R 1 -5.147e+02 1.098e+02 3.573e+01
s>        ( - 8.940e+01 1 0)
s>        ( WDBNDRY_E 0 -4.943e+02 1.002e+02 3.373e+01
s>            ( - -2.518e+02 1 0)
s>            ( - -1.423e+02 1 0)))INFO: dtree.c(1351): Comp split 33
INFO: dtree.c(1483): stop. leaf nodes are specific
INFO: dtree.c(1524): Final simple tree
|( WDBNDRY_E 0 -4.943e+02 1.002e+02 3.373e+01
|    ( - -2.518e+02 1 0)
|    ( - -1.423e+02 1 0))
s>    ( WDBNDRY_E 0 -4.943e+02 1.002e+02 3.373e+01
s>        ( - -2.518e+02 1 0)
s>        ( - -1.423e+02 1 0))INFO: dtree.c(1351): Comp split 34
INFO: dtree.c(1351): Comp split 35
INFO: dtree.c(1351): Comp split 36
INFO: dtree.c(1351): Comp split 37
INFO: dtree.c(1354): stop. leaf nodes are specific
Tue May 31 10:28:17 2011
