INFO: cmd_ln.c(691): Parsing command line:
/home/xkrajnan/Plocha/GSoC/PocketSphinx/an4/bin/bldtree \
	-treefn /home/xkrajnan/Plocha/GSoC/PocketSphinx/an4/trees/an4.unpruned/AH-2.dtree \
	-moddeffn /home/xkrajnan/Plocha/GSoC/PocketSphinx/an4/model_architecture/an4.untied.mdef \
	-mixwfn /home/xkrajnan/Plocha/GSoC/PocketSphinx/an4/model_parameters/an4.cd_cont_untied/mixture_weights \
	-ts2cbfn .cont. \
	-mwfloor 1e-08 \
	-psetfn /home/xkrajnan/Plocha/GSoC/PocketSphinx/an4/model_architecture/an4.tree_questions \
	-phone AH \
	-state 2 \
	-stwt 1.0,0.05,0.0 \
	-meanfn /home/xkrajnan/Plocha/GSoC/PocketSphinx/an4/model_parameters/an4.cd_cont_untied/means \
	-varfn /home/xkrajnan/Plocha/GSoC/PocketSphinx/an4/model_parameters/an4.cd_cont_untied/variances \
	-fullvar no \
	-ssplitmin 1 \
	-ssplitmax 7 \
	-ssplitthr 0 \
	-csplitmin 1 \
	-csplitmax 2000 \
	-csplitthr 0 

Current configuration:
[NAME]		[DEFLT]	[VALUE]
-allphones	no	no
-cntthresh	0.00001	1.000000e-05
-csplitmax	100	2000
-csplitmin	1	1
-csplitthr	8e-4	0.000000e+00
-example	no	no
-fullvar	no	no
-help		no	no
-meanfn			/home/xkrajnan/Plocha/GSoC/PocketSphinx/an4/model_parameters/an4.cd_cont_untied/means
-mixwfn			/home/xkrajnan/Plocha/GSoC/PocketSphinx/an4/model_parameters/an4.cd_cont_untied/mixture_weights
-moddeffn		/home/xkrajnan/Plocha/GSoC/PocketSphinx/an4/model_architecture/an4.untied.mdef
-mwfloor	1e-4	1.000000e-08
-phone			AH
-psetfn			/home/xkrajnan/Plocha/GSoC/PocketSphinx/an4/model_architecture/an4.tree_questions
-ssplitmax	5	7
-ssplitmin	1	1
-ssplitthr	8e-4	0.000000e+00
-state			2
-stwt			1.0,0.05,0.0,
-treefn			/home/xkrajnan/Plocha/GSoC/PocketSphinx/an4/trees/an4.unpruned/AH-2.dtree
-ts2cbfn	.semi.	.cont.
-varfloor	0.00001	1.000000e-05
-varfn			/home/xkrajnan/Plocha/GSoC/PocketSphinx/an4/model_parameters/an4.cd_cont_untied/variances

INFO: main.c(228): Reading: /home/xkrajnan/Plocha/GSoC/PocketSphinx/an4/model_architecture/an4.untied.mdef
INFO: model_def_io.c(587): Model definition info:
INFO: model_def_io.c(588): 1618 total models defined (34 base, 1584 tri)
INFO: model_def_io.c(589): 6472 total states
INFO: model_def_io.c(590): 4854 total tied states
INFO: model_def_io.c(591): 102 total tied CI states
INFO: model_def_io.c(592): 34 total tied transition matrices
INFO: model_def_io.c(593): 4 max state/model
INFO: model_def_io.c(594): 4 min state/model
INFO: main.c(247): Building trees for [AH AH AY s] through [AH Z N i]
INFO: main.c(275): Covering states |[177 470]| == 294
INFO: main.c(282): Reading: /home/xkrajnan/Plocha/GSoC/PocketSphinx/an4/model_parameters/an4.cd_cont_untied/mixture_weights
INFO: s3mixw_io.c(172): Read /home/xkrajnan/Plocha/GSoC/PocketSphinx/an4/model_parameters/an4.cd_cont_untied/mixture_weights [294x1x1 array]
INFO: main.c(320): 98 of 98 models have observation count greater than 0.000010
INFO: main.c(94): nrm stwt: 0.000 0.048 0.952 
INFO: s3gau_io.c(166): Read /home/xkrajnan/Plocha/GSoC/PocketSphinx/an4/model_parameters/an4.cd_cont_untied/means [4854x1x1 array]
INFO: s3gau_io.c(166): Read /home/xkrajnan/Plocha/GSoC/PocketSphinx/an4/model_parameters/an4.cd_cont_untied/variances [4854x1x1 array]
INFO: main.c(576): Reading: /home/xkrajnan/Plocha/GSoC/PocketSphinx/an4/model_architecture/an4.tree_questions
INFO: main.c(619): 180 total simple questions (172 phone; 8 word bndry)
INFO: main.c(621): 42 Left Only questions, and 42 Right Only questions
INFO: dtree.c(1524): Final simple tree
|( WDBNDRY_S 0 2.078e+04 2.941e+04 4.691e+03
|    ( SILENCE 1 6.306e+04 8.148e+02 3.327e+03
|        ( - 4.955e+03 5 0 QUESTION2 -1 3.220e+02 2.576e+02)
|        ( QUESTION12 -1 5.892e+04 5.255e+02 3.069e+03
|            ( - 1.419e+04 17 0 QUESTION11 1 5.540e+02 6.204e+02)
|            ( - 4.525e+04 58 0 QUESTION2_1_L -1 5.672e+02 2.449e+03)))
|    ( QUESTION10 1 -1.287e+04 3.453e+03 1.365e+03
|        ( QUESTION2 -1 -4.270e+03 1.215e+03 9.312e+02
|            ( - -1.228e+03 4 0 QUESTION6 -1 1.944e+02 4.034e+02)
|            ( - -1.828e+03 1 0))
|        ( QUESTION12 -1 -5.152e+03 2.136e+03 4.333e+02
|            ( - -2.566e+02 3 0 QUESTION0_8_R 1 3.549e+02 1.119e+02)
|            ( QUESTION0_19_R 1 -2.759e+03 1.174e+03 3.214e+02
|                ( - -4.207e+02 2 0 QUESTION2 -1 1.146e+02 9.554e+01)
|                ( - -1.165e+03 8 0 QUESTION2 -1 3.652e+02 2.258e+02)))))
s>    ( WDBNDRY_S 0 2.078e+04 2.941e+04 4.691e+03
s>        ( SILENCE 1 6.306e+04 8.148e+02 3.327e+03
s>            ( - 4.955e+03 5 0 QUESTION2 -1 3.220e+02 2.576e+02)
s>            ( QUESTION12 -1 5.892e+04 5.255e+02 3.069e+03
s>                ( - 1.419e+04 17 0 QUESTION11 1 5.540e+02 6.204e+02)
s>                ( - 4.525e+04 58 0 QUESTION2_1_L -1 5.672e+02 2.449e+03)))
s>        ( QUESTION10 1 -1.287e+04 3.453e+03 1.365e+03
s>            ( QUESTION2 -1 -4.270e+03 1.215e+03 9.312e+02
s>                ( - -1.228e+03 4 0 QUESTION6 -1 1.944e+02 4.034e+02)
s>                ( - -1.828e+03 1 0))
s>            ( QUESTION12 -1 -5.152e+03 2.136e+03 4.333e+02
s>                ( - -2.566e+02 3 0 QUESTION0_8_R 1 3.549e+02 1.119e+02)
s>                ( QUESTION0_19_R 1 -2.759e+03 1.174e+03 3.214e+02
s>                    ( - -4.207e+02 2 0 QUESTION2 -1 1.146e+02 9.554e+01)
s>                    ( - -1.165e+03 8 0 QUESTION2 -1 3.652e+02 2.258e+02)))))INFO: dtree.c(1351): Comp split 0
INFO: dtree.c(1524): Final simple tree
|( QUESTION10 1 -1.287e+04 3.453e+03 1.365e+03
|    ( QUESTION2 -1 -4.270e+03 1.215e+03 9.312e+02
|        ( - -1.228e+03 4 0 QUESTION6 -1 1.944e+02 4.034e+02)
|        ( - -1.828e+03 1 0))
|    ( QUESTION12 -1 -5.152e+03 2.136e+03 4.333e+02
|        ( QUESTION0_8_R 1 -2.566e+02 3.549e+02 1.119e+02
|            ( - -5.955e+01 1 0)
|            ( - 1.579e+02 2 0 QUESTION0_0_R 1 2.758e+02 3.000e+00))
|        ( QUESTION0_19_R 1 -2.759e+03 1.174e+03 3.214e+02
|            ( - -4.207e+02 2 0 QUESTION2 -1 1.146e+02 9.554e+01)
|            ( QUESTION2 -1 -1.165e+03 3.652e+02 2.258e+02
|                ( - -7.032e+02 3 0 WDBNDRY_B 0 2.458e+02 2.080e+02)
|                ( QUESTION0_8_R 1 -9.635e+01 3.024e+02 1.787e+01
|                    ( - 2.440e+02 1 0)
|                    ( - -3.803e+01 4 0 WDBNDRY_B 0 2.686e+02 1.687e+01))))))
s>    ( QUESTION10 1 -1.287e+04 3.453e+03 1.365e+03
s>        ( QUESTION2 -1 -4.270e+03 1.215e+03 9.312e+02
s>            ( - -1.228e+03 4 0 QUESTION6 -1 1.944e+02 4.034e+02)
s>            ( - -1.828e+03 1 0))
s>        ( QUESTION12 -1 -5.152e+03 2.136e+03 4.333e+02
s>            ( QUESTION0_8_R 1 -2.566e+02 3.549e+02 1.119e+02
s>                ( - -5.955e+01 1 0)
s>                ( - 1.579e+02 2 0 QUESTION0_0_R 1 2.758e+02 3.000e+00))
s>            ( QUESTION0_19_R 1 -2.759e+03 1.174e+03 3.214e+02
s>                ( - -4.207e+02 2 0 QUESTION2 -1 1.146e+02 9.554e+01)
s>                ( QUESTION2 -1 -1.165e+03 3.652e+02 2.258e+02
s>                    ( - -7.032e+02 3 0 WDBNDRY_B 0 2.458e+02 2.080e+02)
s>                    ( QUESTION0_8_R 1 -9.635e+01 3.024e+02 1.787e+01
s>                        ( - 2.440e+02 1 0)
s>                        ( - -3.803e+01 4 0 WDBNDRY_B 0 2.686e+02 1.687e+01))))))INFO: dtree.c(1524): Final simple tree
|( SILENCE 1 6.306e+04 8.148e+02 3.327e+03
|    ( - 4.955e+03 5 0 QUESTION2 -1 3.220e+02 2.576e+02)
|    ( QUESTION12 -1 5.892e+04 5.255e+02 3.069e+03
|        ( QUESTION11 1 1.419e+04 5.540e+02 6.204e+02
|            ( - 8.658e+03 5 0 QUESTION2_0_L -1 3.671e+02 3.718e+02)
|            ( QUESTION10 1 6.088e+03 4.946e+02 2.487e+02
|                ( - 1.534e+03 1 0)
|                ( QUESTION0_13_R 1 5.049e+03 5.046e+02 2.187e+02
|                    ( - 2.231e+03 3 0 QUESTION0 1 3.051e+02 6.902e+01)
|                    ( QUESTION5 1 3.323e+03 6.111e+02 1.496e+02
|                        ( - 1.642e+03 1 0)
|                        ( - 2.292e+03 7 0 QUESTION0 1 3.525e+02 1.030e+02)))))
|        ( QUESTION2_1_L -1 4.525e+04 5.672e+02 2.449e+03
|            ( - 2.092e+04 14 0 QUESTION0_3_R 1 4.783e+02 9.785e+02)
|            ( - 2.490e+04 44 0 QUESTION0_13_R 1 4.493e+02 1.470e+03))))
s>    ( SILENCE 1 6.306e+04 8.148e+02 3.327e+03
s>        ( - 4.955e+03 5 0 QUESTION2 -1 3.220e+02 2.576e+02)
s>        ( QUESTION12 -1 5.892e+04 5.255e+02 3.069e+03
s>            ( QUESTION11 1 1.419e+04 5.540e+02 6.204e+02
s>                ( - 8.658e+03 5 0 QUESTION2_0_L -1 3.671e+02 3.718e+02)
s>                ( QUESTION10 1 6.088e+03 4.946e+02 2.487e+02
s>                    ( - 1.534e+03 1 0)
s>                    ( QUESTION0_13_R 1 5.049e+03 5.046e+02 2.187e+02
s>                        ( - 2.231e+03 3 0 QUESTION0 1 3.051e+02 6.902e+01)
s>                        ( QUESTION5 1 3.323e+03 6.111e+02 1.496e+02
s>                            ( - 1.642e+03 1 0)
s>                            ( - 2.292e+03 7 0 QUESTION0 1 3.525e+02 1.030e+02)))))
s>            ( QUESTION2_1_L -1 4.525e+04 5.672e+02 2.449e+03
s>                ( - 2.092e+04 14 0 QUESTION0_3_R 1 4.783e+02 9.785e+02)
s>                ( - 2.490e+04 44 0 QUESTION0_13_R 1 4.493e+02 1.470e+03))))INFO: dtree.c(1351): Comp split 1
INFO: dtree.c(1524): Final simple tree
|( QUESTION12 -1 -5.152e+03 2.136e+03 4.333e+02
|    ( QUESTION0_8_R 1 -2.566e+02 3.549e+02 1.119e+02
|        ( - -5.955e+01 1 0)
|        ( QUESTION0_0_R 1 1.579e+02 2.758e+02 3.000e+00
|            ( - 2.440e+02 1 0)
|            ( - 1.897e+02 1 0)))
|    ( QUESTION0_19_R 1 -2.759e+03 1.174e+03 3.214e+02
|        ( - -4.207e+02 2 0 QUESTION2 -1 1.146e+02 9.554e+01)
|        ( QUESTION2 -1 -1.165e+03 3.652e+02 2.258e+02
|            ( - -7.032e+02 3 0 WDBNDRY_B 0 2.458e+02 2.080e+02)
|            ( QUESTION0_8_R 1 -9.635e+01 3.024e+02 1.787e+01
|                ( - 2.440e+02 1 0)
|                ( WDBNDRY_B 0 -3.803e+01 2.686e+02 1.687e+01
|                    ( - 2.386e+02 1 0)
|                    ( - -8.069e+00 3 0 WDBNDRY_E 0 2.614e+02 1.587e+01))))))
s>    ( QUESTION12 -1 -5.152e+03 2.136e+03 4.333e+02
s>        ( QUESTION0_8_R 1 -2.566e+02 3.549e+02 1.119e+02
s>            ( - -5.955e+01 1 0)
s>            ( QUESTION0_0_R 1 1.579e+02 2.758e+02 3.000e+00
s>                ( - 2.440e+02 1 0)
s>                ( - 1.897e+02 1 0)))
s>        ( QUESTION0_19_R 1 -2.759e+03 1.174e+03 3.214e+02
s>            ( - -4.207e+02 2 0 QUESTION2 -1 1.146e+02 9.554e+01)
s>            ( QUESTION2 -1 -1.165e+03 3.652e+02 2.258e+02
s>                ( - -7.032e+02 3 0 WDBNDRY_B 0 2.458e+02 2.080e+02)
s>                ( QUESTION0_8_R 1 -9.635e+01 3.024e+02 1.787e+01
s>                    ( - 2.440e+02 1 0)
s>                    ( WDBNDRY_B 0 -3.803e+01 2.686e+02 1.687e+01
s>                        ( - 2.386e+02 1 0)
s>                        ( - -8.069e+00 3 0 WDBNDRY_E 0 2.614e+02 1.587e+01))))))INFO: dtree.c(1483): stop. leaf nodes are specific
INFO: dtree.c(1524): Final simple tree
|( QUESTION2 -1 -4.270e+03 1.215e+03 9.312e+02
|    ( QUESTION6 -1 -1.228e+03 1.944e+02 4.034e+02
|        ( - 1.468e+02 1 0)
|        ( QUESTION3 -1 -1.180e+03 1.384e+02 3.984e+02
|            ( - 5.997e+00 1 0)
|            ( - -1.048e+03 2 0)))
|    ( - -1.828e+03 1 0))
s>    ( QUESTION2 -1 -4.270e+03 1.215e+03 9.312e+02
s>        ( QUESTION6 -1 -1.228e+03 1.944e+02 4.034e+02
s>            ( - 1.468e+02 1 0)
s>            ( QUESTION3 -1 -1.180e+03 1.384e+02 3.984e+02
s>                ( - 5.997e+00 1 0)
s>                ( - -1.048e+03 2 0)))
s>        ( - -1.828e+03 1 0))INFO: dtree.c(1351): Comp split 2
INFO: dtree.c(1483): stop. leaf nodes are specific
INFO: dtree.c(1524): Final simple tree
|( WDBNDRY_B 0 -7.300e+01 2.520e+02 1.099e+02
|    ( - 2.386e+02 1 0)
|    ( - -5.955e+01 1 0))
s>    ( WDBNDRY_B 0 -7.300e+01 2.520e+02 1.099e+02
s>        ( - 2.386e+02 1 0)
s>        ( - -5.955e+01 1 0))INFO: dtree.c(1524): Final simple tree
|( QUESTION0_14_R 1 -2.747e+03 1.123e+03 3.234e+02
|    ( QUESTION12 -1 -4.940e+02 2.565e+02 9.854e+01
|        ( - 1.897e+02 1 0)
|        ( WDBNDRY_B 0 -4.272e+02 2.454e+02 9.654e+01
|            ( - 2.388e+02 1 0)
|            ( - -4.207e+02 2 0 QUESTION2 -1 1.146e+02 9.554e+01)))
|    ( QUESTION2 -1 -1.130e+03 3.579e+02 2.248e+02
|        ( - -6.963e+02 2 0 QUESTION0_0_R 1 1.575e+02 2.070e+02)
|        ( WDBNDRY_B 0 -7.554e+01 2.881e+02 1.787e+01
|            ( - 2.440e+02 1 0)
|            ( QUESTION12 -1 -3.149e+01 2.675e+02 1.687e+01
|                ( - 2.440e+02 1 0)
|                ( WDBNDRY_E 0 -8.069e+00 2.614e+02 1.587e+01
|                    ( - 2.440e+02 1 0)
|                    ( - 9.290e+00 2 0 QUESTION0_1_R 1 1.356e+02 1.487e+01))))))
s>    ( QUESTION0_14_R 1 -2.747e+03 1.123e+03 3.234e+02
s>        ( QUESTION12 -1 -4.940e+02 2.565e+02 9.854e+01
s>            ( - 1.897e+02 1 0)
s>            ( WDBNDRY_B 0 -4.272e+02 2.454e+02 9.654e+01
s>                ( - 2.388e+02 1 0)
s>                ( - -4.207e+02 2 0 QUESTION2 -1 1.146e+02 9.554e+01)))
s>        ( QUESTION2 -1 -1.130e+03 3.579e+02 2.248e+02
s>            ( - -6.963e+02 2 0 QUESTION0_0_R 1 1.575e+02 2.070e+02)
s>            ( WDBNDRY_B 0 -7.554e+01 2.881e+02 1.787e+01
s>                ( - 2.440e+02 1 0)
s>                ( QUESTION12 -1 -3.149e+01 2.675e+02 1.687e+01
s>                    ( - 2.440e+02 1 0)
s>                    ( WDBNDRY_E 0 -8.069e+00 2.614e+02 1.587e+01
s>                        ( - 2.440e+02 1 0)
s>                        ( - 9.290e+00 2 0 QUESTION0_1_R 1 1.356e+02 1.487e+01))))))INFO: dtree.c(1351): Comp split 3
INFO: dtree.c(1483): stop. leaf nodes are specific
INFO: dtree.c(1524): Final simple tree
|( QUESTION0_0_R 1 -8.295e+02 4.075e+02 1.124e+02
|    ( QUESTION0_1_R 1 9.290e+00 1.356e+02 1.487e+01
|        ( - 5.979e+01 1 0)
|        ( - 8.510e+01 1 0))
|    ( WDBNDRY_E 0 -4.313e+02 2.482e+02 9.754e+01
|        ( - 2.440e+02 1 0)
|        ( WDBNDRY_B 0 -4.272e+02 2.454e+02 9.654e+01
|            ( - 2.388e+02 1 0)
|            ( QUESTION2 -1 -4.207e+02 1.146e+02 9.554e+01
|                ( - -3.671e+02 1 0)
|                ( - 6.106e+01 1 0)))))
s>    ( QUESTION0_0_R 1 -8.295e+02 4.075e+02 1.124e+02
s>        ( QUESTION0_1_R 1 9.290e+00 1.356e+02 1.487e+01
s>            ( - 5.979e+01 1 0)
s>            ( - 8.510e+01 1 0))
s>        ( WDBNDRY_E 0 -4.313e+02 2.482e+02 9.754e+01
s>            ( - 2.440e+02 1 0)
s>            ( WDBNDRY_B 0 -4.272e+02 2.454e+02 9.654e+01
s>                ( - 2.388e+02 1 0)
s>                ( QUESTION2 -1 -4.207e+02 1.146e+02 9.554e+01
s>                    ( - -3.671e+02 1 0)
s>                    ( - 6.106e+01 1 0)))))INFO: dtree.c(1483): stop. leaf nodes are specific
INFO: dtree.c(1524): Final simple tree
|( WDBNDRY_B 0 -6.983e+02 2.464e+02 2.110e+02
|    ( - 2.440e+02 1 0)
|    ( QUESTION0_5_R 1 -6.959e+02 2.424e+02 2.100e+02
|        ( - 2.440e+02 1 0)
|        ( QUESTION0_14_R 1 -6.976e+02 1.910e+02 2.090e+02
|            ( - 1.897e+02 1 0)
|            ( QUESTION0_0_R 1 -6.963e+02 1.575e+02 2.070e+02
|                ( - -6.756e+02 1 0)
|                ( - 1.369e+02 1 0)))))
s>    ( WDBNDRY_B 0 -6.983e+02 2.464e+02 2.110e+02
s>        ( - 2.440e+02 1 0)
s>        ( QUESTION0_5_R 1 -6.959e+02 2.424e+02 2.100e+02
s>            ( - 2.440e+02 1 0)
s>            ( QUESTION0_14_R 1 -6.976e+02 1.910e+02 2.090e+02
s>                ( - 1.897e+02 1 0)
s>                ( QUESTION0_0_R 1 -6.963e+02 1.575e+02 2.070e+02
s>                    ( - -6.756e+02 1 0)
s>                    ( - 1.369e+02 1 0)))))INFO: dtree.c(1351): Comp split 4
INFO: dtree.c(1483): stop. leaf nodes are specific
INFO: dtree.c(1524): Final simple tree
|( QUESTION6 -1 -1.228e+03 1.944e+02 4.034e+02
|    ( - 1.468e+02 1 0)
|    ( QUESTION3 -1 -1.180e+03 1.384e+02 3.984e+02
|        ( - 5.997e+00 1 0)
|        ( - -1.048e+03 2 0)))
s>    ( QUESTION6 -1 -1.228e+03 1.944e+02 4.034e+02
s>        ( - 1.468e+02 1 0)
s>        ( QUESTION3 -1 -1.180e+03 1.384e+02 3.984e+02
s>            ( - 5.997e+00 1 0)
s>            ( - -1.048e+03 2 0)))INFO: dtree.c(1351): Comp split 5
INFO: dtree.c(1524): Final simple tree
|( QUESTION0 1 6.777e+03 5.485e+02 3.606e+02
|    ( QUESTION2_17_L -1 1.658e+03 3.451e+02 5.400e+01
|        ( - 1.360e+03 1 0)
|        ( QUESTION0_0_R 1 6.439e+02 2.192e+02 2.600e+01
|            ( - 2.719e+02 1 0)
|            ( - 5.912e+02 1 0)))
|    ( QUESTION2 -1 5.667e+03 3.230e+02 3.066e+02
|        ( - 1.972e+03 1 0)
|        ( QUESTION8 1 4.018e+03 3.216e+02 2.366e+02
|            ( - 8.592e+02 2 0 QUESTION0_0_R 1 1.596e+02 2.805e+01)
|            ( QUESTION2_17_L -1 3.480e+03 3.119e+02 2.086e+02
|                ( - 9.194e+02 2 0 SILENCE 1 1.742e+02 4.397e+01)
|                ( SILENCE 1 2.873e+03 2.143e+02 1.646e+02
|                    ( - 2.763e+03 3 0 QUESTION0 -1 2.614e+02 1.536e+02)
|                    ( - 3.238e+02 1 0))))))
s>    ( QUESTION0 1 6.777e+03 5.485e+02 3.606e+02
s>        ( QUESTION2_17_L -1 1.658e+03 3.451e+02 5.400e+01
s>            ( - 1.360e+03 1 0)
s>            ( QUESTION0_0_R 1 6.439e+02 2.192e+02 2.600e+01
s>                ( - 2.719e+02 1 0)
s>                ( - 5.912e+02 1 0)))
s>        ( QUESTION2 -1 5.667e+03 3.230e+02 3.066e+02
s>            ( - 1.972e+03 1 0)
s>            ( QUESTION8 1 4.018e+03 3.216e+02 2.366e+02
s>                ( - 8.592e+02 2 0 QUESTION0_0_R 1 1.596e+02 2.805e+01)
s>                ( QUESTION2_17_L -1 3.480e+03 3.119e+02 2.086e+02
s>                    ( - 9.194e+02 2 0 SILENCE 1 1.742e+02 4.397e+01)
s>                    ( SILENCE 1 2.873e+03 2.143e+02 1.646e+02
s>                        ( - 2.763e+03 3 0 QUESTION0 -1 2.614e+02 1.536e+02)
s>                        ( - 3.238e+02 1 0))))))INFO: dtree.c(1524): Final simple tree
|( QUESTION12 -1 5.733e+04 5.656e+02 2.966e+03
|    ( QUESTION11 1 1.265e+04 7.338e+02 5.174e+02
|        ( - 8.658e+03 5 0 QUESTION2_0_L -1 3.671e+02 3.718e+02)
|        ( - 4.725e+03 5 0 QUESTION0_13_R 1 3.565e+02 1.456e+02))
|    ( QUESTION2_1_L -1 4.525e+04 5.672e+02 2.449e+03
|        ( QUESTION0_3_R 1 2.092e+04 4.783e+02 9.785e+02
|            ( - 5.577e+02 1 0)
|            ( QUESTION6 1 2.084e+04 4.959e+02 9.648e+02
|                ( - 9.244e+02 2 0 QUESTION0_0_R 1 1.715e+02 4.780e+01)
|                ( - 2.041e+04 11 0 QUESTION12 1 4.221e+02 9.170e+02)))
|        ( QUESTION0_13_R 1 2.490e+04 4.493e+02 1.470e+03
|            ( QUESTION2_14_L -1 1.145e+04 4.976e+02 5.774e+02
|                ( - 7.181e+03 11 0 QUESTION4 1 3.705e+02 3.104e+02)
|                ( - 4.765e+03 11 0 QUESTION1 -1 4.311e+02 2.670e+02))
|            ( - 1.390e+04 22 0 QUESTION1 -1 4.144e+02 8.926e+02))))
s>    ( QUESTION12 -1 5.733e+04 5.656e+02 2.966e+03
s>        ( QUESTION11 1 1.265e+04 7.338e+02 5.174e+02
s>            ( - 8.658e+03 5 0 QUESTION2_0_L -1 3.671e+02 3.718e+02)
s>            ( - 4.725e+03 5 0 QUESTION0_13_R 1 3.565e+02 1.456e+02))
s>        ( QUESTION2_1_L -1 4.525e+04 5.672e+02 2.449e+03
s>            ( QUESTION0_3_R 1 2.092e+04 4.783e+02 9.785e+02
s>                ( - 5.577e+02 1 0)
s>                ( QUESTION6 1 2.084e+04 4.959e+02 9.648e+02
s>                    ( - 9.244e+02 2 0 QUESTION0_0_R 1 1.715e+02 4.780e+01)
s>                    ( - 2.041e+04 11 0 QUESTION12 1 4.221e+02 9.170e+02)))
s>            ( QUESTION0_13_R 1 2.490e+04 4.493e+02 1.470e+03
s>                ( QUESTION2_14_L -1 1.145e+04 4.976e+02 5.774e+02
s>                    ( - 7.181e+03 11 0 QUESTION4 1 3.705e+02 3.104e+02)
s>                    ( - 4.765e+03 11 0 QUESTION1 -1 4.311e+02 2.670e+02))
s>                ( - 1.390e+04 22 0 QUESTION1 -1 4.144e+02 8.926e+02))))INFO: dtree.c(1351): Comp split 6
INFO: dtree.c(1524): Final simple tree
|( QUESTION14 1 3.958e+04 4.724e+02 1.745e+03
|    ( QUESTION0 -1 1.236e+04 4.135e+02 5.656e+02
|        ( - 9.155e+03 6 0 QUESTION2_0_L -1 2.192e+02 4.227e+02)
|        ( - 3.622e+03 1 0))
|    ( QUESTION2_17_L -1 2.769e+04 5.180e+02 1.179e+03
|        ( QUESTION2 1 7.336e+03 3.917e+02 2.811e+02
|            ( - 2.958e+03 4 0 QUESTION2 -1 2.902e+02 1.100e+02)
|            ( QUESTION0_0_R 1 4.770e+03 3.871e+02 1.711e+02
|                ( - 2.051e+03 1 0)
|                ( - 3.106e+03 6 0 QUESTION11 -1 3.675e+02 9.800e+01)))
|        ( QUESTION2_2_L -1 2.087e+04 4.748e+02 8.982e+02
|            ( - 1.989e+03 2 0 QUESTION0_0_R 1 3.553e+02 5.200e+01)
|            ( QUESTION0_4_R 1 1.936e+04 4.016e+02 8.462e+02
|                ( - 1.199e+04 5 0 QUESTION0 -1 3.494e+02 5.075e+02)
|                ( - 7.773e+03 7 0 QUESTION0_13_R 1 3.346e+02 3.387e+02)))))
s>    ( QUESTION14 1 3.958e+04 4.724e+02 1.745e+03
s>        ( QUESTION0 -1 1.236e+04 4.135e+02 5.656e+02
s>            ( - 9.155e+03 6 0 QUESTION2_0_L -1 2.192e+02 4.227e+02)
s>            ( - 3.622e+03 1 0))
s>        ( QUESTION2_17_L -1 2.769e+04 5.180e+02 1.179e+03
s>            ( QUESTION2 1 7.336e+03 3.917e+02 2.811e+02
s>                ( - 2.958e+03 4 0 QUESTION2 -1 2.902e+02 1.100e+02)
s>                ( QUESTION0_0_R 1 4.770e+03 3.871e+02 1.711e+02
s>                    ( - 2.051e+03 1 0)
s>                    ( - 3.106e+03 6 0 QUESTION11 -1 3.675e+02 9.800e+01)))
s>            ( QUESTION2_2_L -1 2.087e+04 4.748e+02 8.982e+02
s>                ( - 1.989e+03 2 0 QUESTION0_0_R 1 3.553e+02 5.200e+01)
s>                ( QUESTION0_4_R 1 1.936e+04 4.016e+02 8.462e+02
s>                    ( - 1.199e+04 5 0 QUESTION0 -1 3.494e+02 5.075e+02)
s>                    ( - 7.773e+03 7 0 QUESTION0_13_R 1 3.346e+02 3.387e+02)))))INFO: dtree.c(1524): Final simple tree
|( QUESTION2_1_L -1 1.905e+04 5.674e+02 1.221e+03
|    ( - 1.222e+03 3 0 QUESTION0_3_R 1 2.605e+02 6.150e+01)
|    ( QUESTION1 -1 1.840e+04 4.855e+02 1.160e+03
|        ( QUESTION0_3_R 1 6.810e+03 3.136e+02 3.855e+02
|            ( - 4.219e+02 1 0)
|            ( - 6.702e+03 11 0 QUESTION2 -1 3.150e+02 3.675e+02))
|        ( QUESTION2_14_L -1 1.207e+04 4.755e+02 7.742e+02
|            ( - 5.390e+03 9 0 QUESTION0_9_R 1 2.743e+02 3.760e+02)
|            ( QUESTION0_0_R 1 7.161e+03 3.637e+02 3.982e+02
|                ( QUESTION2_8_L -1 5.077e+03 3.560e+02 2.662e+02
|                    ( - 8.437e+02 1 0)
|                    ( - 4.589e+03 3 0 QUESTION0_3_R 1 3.131e+02 2.415e+02))
|                ( QUESTION0_13_R 1 2.448e+03 3.299e+02 1.320e+02
|                    ( - 2.338e+03 7 0 QUESTION13 1 2.329e+02 1.090e+02)
|                    ( - 4.399e+02 1 0))))))
s>    ( QUESTION2_1_L -1 1.905e+04 5.674e+02 1.221e+03
s>        ( - 1.222e+03 3 0 QUESTION0_3_R 1 2.605e+02 6.150e+01)
s>        ( QUESTION1 -1 1.840e+04 4.855e+02 1.160e+03
s>            ( QUESTION0_3_R 1 6.810e+03 3.136e+02 3.855e+02
s>                ( - 4.219e+02 1 0)
s>                ( - 6.702e+03 11 0 QUESTION2 -1 3.150e+02 3.675e+02))
s>            ( QUESTION2_14_L -1 1.207e+04 4.755e+02 7.742e+02
s>                ( - 5.390e+03 9 0 QUESTION0_9_R 1 2.743e+02 3.760e+02)
s>                ( QUESTION0_0_R 1 7.161e+03 3.637e+02 3.982e+02
s>                    ( QUESTION2_8_L -1 5.077e+03 3.560e+02 2.662e+02
s>                        ( - 8.437e+02 1 0)
s>                        ( - 4.589e+03 3 0 QUESTION0_3_R 1 3.131e+02 2.415e+02))
s>                    ( QUESTION0_13_R 1 2.448e+03 3.299e+02 1.320e+02
s>                        ( - 2.338e+03 7 0 QUESTION13 1 2.329e+02 1.090e+02)
s>                        ( - 4.399e+02 1 0))))))INFO: dtree.c(1351): Comp split 7
INFO: dtree.c(1483): stop. leaf nodes are specific
INFO: dtree.c(1524): Final simple tree
|( QUESTION0 -1 1.690e+04 3.804e+02 7.236e+02
|    ( QUESTION0_10_R 1 7.808e+03 3.832e+02 3.412e+02
|        ( - 1.461e+03 1 0)
|        ( QUESTION0_5_R 1 6.730e+03 2.277e+02 2.902e+02
|            ( - 6.317e+03 1 0)
|            ( - 6.413e+02 1 0)))
|    ( QUESTION0_8_R 1 9.471e+03 4.321e+02 3.824e+02
|        ( - 1.642e+03 1 0)
|        ( QUESTION2_17_L -1 8.261e+03 2.927e+02 3.358e+02
|            ( QUESTION0_0_R 1 5.165e+03 5.077e+02 2.161e+02
|                ( - 2.051e+03 1 0)
|                ( - 3.622e+03 1 0))
|            ( - 3.389e+03 1 0))))
s>    ( QUESTION0 -1 1.690e+04 3.804e+02 7.236e+02
s>        ( QUESTION0_10_R 1 7.808e+03 3.832e+02 3.412e+02
s>            ( - 1.461e+03 1 0)
s>            ( QUESTION0_5_R 1 6.730e+03 2.277e+02 2.902e+02
s>                ( - 6.317e+03 1 0)
s>                ( - 6.413e+02 1 0)))
s>        ( QUESTION0_8_R 1 9.471e+03 4.321e+02 3.824e+02
s>            ( - 1.642e+03 1 0)
s>            ( QUESTION2_17_L -1 8.261e+03 2.927e+02 3.358e+02
s>                ( QUESTION0_0_R 1 5.165e+03 5.077e+02 2.161e+02
s>                    ( - 2.051e+03 1 0)
s>                    ( - 3.622e+03 1 0))
s>                ( - 3.389e+03 1 0))))INFO: dtree.c(1524): Final simple tree
|( QUESTION10 1 2.345e+04 4.370e+02 1.021e+03
|    ( - 1.534e+03 1 0)
|    ( QUESTION11 1 2.236e+04 4.181e+02 9.913e+02
|        ( QUESTION2 -1 1.130e+04 3.515e+02 5.096e+02
|            ( - 1.096e+03 1 0)
|            ( - 1.056e+04 10 0 QUESTION14 1 2.947e+02 4.866e+02))
|        ( QUESTION11 -1 1.147e+04 3.872e+02 4.817e+02
|            ( - 2.231e+03 3 0 QUESTION0 1 3.051e+02 6.902e+01)
|            ( QUESTION0_13_R 1 9.629e+03 3.374e+02 4.126e+02
|                ( QUESTION2_0_L -1 3.865e+03 3.318e+02 1.700e+02
|                    ( - 2.019e+03 3 0 QUESTION0 1 2.728e+02 8.210e+01)
|                    ( QUESTION0 1 2.177e+03 3.905e+02 8.793e+01
|                        ( - 7.475e+02 1 0)
|                        ( - 1.820e+03 3 0 QUESTION4 1 2.901e+02 6.693e+01)))
|                ( - 6.101e+03 3 0 QUESTION0_15_R 1 3.183e+02 2.426e+02)))))
s>    ( QUESTION10 1 2.345e+04 4.370e+02 1.021e+03
s>        ( - 1.534e+03 1 0)
s>        ( QUESTION11 1 2.236e+04 4.181e+02 9.913e+02
s>            ( QUESTION2 -1 1.130e+04 3.515e+02 5.096e+02
s>                ( - 1.096e+03 1 0)
s>                ( - 1.056e+04 10 0 QUESTION14 1 2.947e+02 4.866e+02))
s>            ( QUESTION11 -1 1.147e+04 3.872e+02 4.817e+02
s>                ( - 2.231e+03 3 0 QUESTION0 1 3.051e+02 6.902e+01)
s>                ( QUESTION0_13_R 1 9.629e+03 3.374e+02 4.126e+02
s>                    ( QUESTION2_0_L -1 3.865e+03 3.318e+02 1.700e+02
s>                        ( - 2.019e+03 3 0 QUESTION0 1 2.728e+02 8.210e+01)
s>                        ( QUESTION0 1 2.177e+03 3.905e+02 8.793e+01
s>                            ( - 7.475e+02 1 0)
s>                            ( - 1.820e+03 3 0 QUESTION4 1 2.901e+02 6.693e+01)))
s>                    ( - 6.101e+03 3 0 QUESTION0_15_R 1 3.183e+02 2.426e+02)))))INFO: dtree.c(1351): Comp split 8
INFO: dtree.c(1483): stop. leaf nodes are specific
INFO: dtree.c(1524): Final simple tree
|( QUESTION0 -1 9.672e+03 5.243e+02 4.099e+02
|    ( QUESTION0_5_R 1 6.730e+03 2.277e+02 2.902e+02
|        ( - 6.317e+03 1 0)
|        ( - 6.413e+02 1 0))
|    ( QUESTION0_5_R 1 3.466e+03 2.264e+02 1.197e+02
|        ( - 2.051e+03 1 0)
|        ( - 1.642e+03 1 0)))
s>    ( QUESTION0 -1 9.672e+03 5.243e+02 4.099e+02
s>        ( QUESTION0_5_R 1 6.730e+03 2.277e+02 2.902e+02
s>            ( - 6.317e+03 1 0)
s>            ( - 6.413e+02 1 0))
s>        ( QUESTION0_5_R 1 3.466e+03 2.264e+02 1.197e+02
s>            ( - 2.051e+03 1 0)
s>            ( - 1.642e+03 1 0)))INFO: dtree.c(1483): stop. leaf nodes are specific
INFO: dtree.c(1524): Final simple tree
|( QUESTION0_0_R 1 7.988e+03 2.726e+02 3.137e+02
|    ( QUESTION0_5_R 1 4.638e+03 2.119e+02 1.707e+02
|        ( - 3.389e+03 1 0)
|        ( - 1.461e+03 1 0))
|    ( - 3.622e+03 1 0))
s>    ( QUESTION0_0_R 1 7.988e+03 2.726e+02 3.137e+02
s>        ( QUESTION0_5_R 1 4.638e+03 2.119e+02 1.707e+02
s>            ( - 3.389e+03 1 0)
s>            ( - 1.461e+03 1 0))
s>        ( - 3.622e+03 1 0))INFO: dtree.c(1351): Comp split 9
INFO: dtree.c(1524): Final simple tree
|( QUESTION11 1 2.160e+04 4.277e+02 9.683e+02
|    ( - 1.056e+04 10 0 QUESTION14 1 2.947e+02 4.866e+02)
|    ( QUESTION11 -1 1.147e+04 3.872e+02 4.817e+02
|        ( QUESTION0 1 2.231e+03 3.051e+02 6.902e+01
|            ( - 1.166e+03 2 0)
|            ( - 1.370e+03 1 0))
|        ( QUESTION0_13_R 1 9.629e+03 3.374e+02 4.126e+02
|            ( QUESTION2_0_L -1 3.865e+03 3.318e+02 1.700e+02
|                ( - 2.019e+03 3 0 QUESTION0 1 2.728e+02 8.210e+01)
|                ( QUESTION0 1 2.177e+03 3.905e+02 8.793e+01
|                    ( - 7.475e+02 1 0)
|                    ( - 1.820e+03 3 0 QUESTION4 1 2.901e+02 6.693e+01)))
|            ( QUESTION0_15_R 1 6.101e+03 3.183e+02 2.426e+02
|                ( - 8.153e+02 1 0)
|                ( - 5.604e+03 2 0 QUESTION0_0_R 1 2.574e+02 2.216e+02)))))
s>    ( QUESTION11 1 2.160e+04 4.277e+02 9.683e+02
s>        ( - 1.056e+04 10 0 QUESTION14 1 2.947e+02 4.866e+02)
s>        ( QUESTION11 -1 1.147e+04 3.872e+02 4.817e+02
s>            ( QUESTION0 1 2.231e+03 3.051e+02 6.902e+01
s>                ( - 1.166e+03 2 0)
s>                ( - 1.370e+03 1 0))
s>            ( QUESTION0_13_R 1 9.629e+03 3.374e+02 4.126e+02
s>                ( QUESTION2_0_L -1 3.865e+03 3.318e+02 1.700e+02
s>                    ( - 2.019e+03 3 0 QUESTION0 1 2.728e+02 8.210e+01)
s>                    ( QUESTION0 1 2.177e+03 3.905e+02 8.793e+01
s>                        ( - 7.475e+02 1 0)
s>                        ( - 1.820e+03 3 0 QUESTION4 1 2.901e+02 6.693e+01)))
s>                ( QUESTION0_15_R 1 6.101e+03 3.183e+02 2.426e+02
s>                    ( - 8.153e+02 1 0)
s>                    ( - 5.604e+03 2 0 QUESTION0_0_R 1 2.574e+02 2.216e+02)))))INFO: dtree.c(1483): stop. leaf nodes are specific
INFO: dtree.c(1524): Final simple tree
|( QUESTION0_13_R 1 2.518e+03 1.114e+02 5.300e+01
|    ( - 1.096e+03 1 0)
|    ( - 1.534e+03 1 0))
s>    ( QUESTION0_13_R 1 2.518e+03 1.114e+02 5.300e+01
s>        ( - 1.096e+03 1 0)
s>        ( - 1.534e+03 1 0))INFO: dtree.c(1351): Comp split 10
INFO: dtree.c(1524): Final simple tree
|( QUESTION1 -1 1.829e+04 4.884e+02 1.142e+03
|    ( QUESTION2 -1 6.702e+03 3.150e+02 3.675e+02
|        ( - 1.812e+03 3 0 QUESTION0_11_R 1 2.193e+02 8.332e+01)
|        ( - 5.205e+03 8 0 QUESTION0_5_R 1 2.934e+02 2.842e+02))
|    ( QUESTION2_14_L -1 1.207e+04 4.755e+02 7.742e+02
|        ( - 5.390e+03 9 0 QUESTION0_9_R 1 2.743e+02 3.760e+02)
|        ( QUESTION0_0_R 1 7.161e+03 3.637e+02 3.982e+02
|            ( QUESTION2_8_L -1 5.077e+03 3.560e+02 2.662e+02
|                ( - 8.437e+02 1 0)
|                ( QUESTION0_3_R 1 4.589e+03 3.131e+02 2.415e+02
|                    ( - 1.202e+03 1 0)
|                    ( - 3.700e+03 2 0 SILENCE -1 2.537e+02 1.885e+02)))
|            ( QUESTION0_13_R 1 2.448e+03 3.299e+02 1.320e+02
|                ( - 2.338e+03 7 0 QUESTION13 1 2.329e+02 1.090e+02)
|                ( - 4.399e+02 1 0)))))
s>    ( QUESTION1 -1 1.829e+04 4.884e+02 1.142e+03
s>        ( QUESTION2 -1 6.702e+03 3.150e+02 3.675e+02
s>            ( - 1.812e+03 3 0 QUESTION0_11_R 1 2.193e+02 8.332e+01)
s>            ( - 5.205e+03 8 0 QUESTION0_5_R 1 2.934e+02 2.842e+02))
s>        ( QUESTION2_14_L -1 1.207e+04 4.755e+02 7.742e+02
s>            ( - 5.390e+03 9 0 QUESTION0_9_R 1 2.743e+02 3.760e+02)
s>            ( QUESTION0_0_R 1 7.161e+03 3.637e+02 3.982e+02
s>                ( QUESTION2_8_L -1 5.077e+03 3.560e+02 2.662e+02
s>                    ( - 8.437e+02 1 0)
s>                    ( QUESTION0_3_R 1 4.589e+03 3.131e+02 2.415e+02
s>                        ( - 1.202e+03 1 0)
s>                        ( - 3.700e+03 2 0 SILENCE -1 2.537e+02 1.885e+02)))
s>                ( QUESTION0_13_R 1 2.448e+03 3.299e+02 1.320e+02
s>                    ( - 2.338e+03 7 0 QUESTION13 1 2.329e+02 1.090e+02)
s>                    ( - 4.399e+02 1 0)))))INFO: dtree.c(1483): stop. leaf nodes are specific
INFO: dtree.c(1524): Final simple tree
|( QUESTION0 -1 1.394e+03 2.492e+02 7.950e+01
|    ( QUESTION0_3_R 1 1.222e+03 2.605e+02 6.150e+01
|        ( - 5.577e+02 1 0)
|        ( QUESTION0_0_R 1 9.244e+02 1.715e+02 4.780e+01
|            ( - 4.731e+02 1 0)
|            ( - 6.228e+02 1 0)))
|    ( - 4.219e+02 1 0))
s>    ( QUESTION0 -1 1.394e+03 2.492e+02 7.950e+01
s>        ( QUESTION0_3_R 1 1.222e+03 2.605e+02 6.150e+01
s>            ( - 5.577e+02 1 0)
s>            ( QUESTION0_0_R 1 9.244e+02 1.715e+02 4.780e+01
s>                ( - 4.731e+02 1 0)
s>                ( - 6.228e+02 1 0)))
s>        ( - 4.219e+02 1 0))INFO: dtree.c(1351): Comp split 11
INFO: dtree.c(1524): Final simple tree
|( QUESTION1 -1 1.118e+04 3.400e+02 7.132e+02
|    ( QUESTION0_5_R 1 5.205e+03 2.934e+02 2.842e+02
|        ( - 1.910e+03 1 0)
|        ( QUESTION0_14_R 1 3.588e+03 2.546e+02 2.082e+02
|            ( - 7.370e+02 1 0)
|            ( - 3.106e+03 6 0 QUESTION11 1 2.236e+02 1.822e+02)))
|    ( QUESTION0_8_R 1 6.314e+03 2.951e+02 4.290e+02
|        ( QUESTION0_9_R 1 9.230e+02 2.540e+02 4.577e+01
|            ( - 2.660e+02 1 0)
|            ( - 9.110e+02 1 0))
|        ( SILENCE -1 5.686e+03 2.548e+02 3.832e+02
|            ( - 1.202e+03 1 0)
|            ( QUESTION0_0_R 1 4.739e+03 2.437e+02 3.302e+02
|                ( - 4.644e+03 6 0 QUESTION0_1_R 1 1.583e+02 3.192e+02)
|                ( - 3.384e+02 1 0)))))
s>    ( QUESTION1 -1 1.118e+04 3.400e+02 7.132e+02
s>        ( QUESTION0_5_R 1 5.205e+03 2.934e+02 2.842e+02
s>            ( - 1.910e+03 1 0)
s>            ( QUESTION0_14_R 1 3.588e+03 2.546e+02 2.082e+02
s>                ( - 7.370e+02 1 0)
s>                ( - 3.106e+03 6 0 QUESTION11 1 2.236e+02 1.822e+02)))
s>        ( QUESTION0_8_R 1 6.314e+03 2.951e+02 4.290e+02
s>            ( QUESTION0_9_R 1 9.230e+02 2.540e+02 4.577e+01
s>                ( - 2.660e+02 1 0)
s>                ( - 9.110e+02 1 0))
s>            ( SILENCE -1 5.686e+03 2.548e+02 3.832e+02
s>                ( - 1.202e+03 1 0)
s>                ( QUESTION0_0_R 1 4.739e+03 2.437e+02 3.302e+02
s>                    ( - 4.644e+03 6 0 QUESTION0_1_R 1 1.583e+02 3.192e+02)
s>                    ( - 3.384e+02 1 0)))))INFO: dtree.c(1524): Final simple tree
|( QUESTION0_0_R 1 7.746e+03 4.021e+02 4.285e+02
|    ( QUESTION2_10_L -1 5.700e+03 3.489e+02 2.965e+02
|        ( - 8.437e+02 1 0)
|        ( SILENCE -1 5.206e+03 3.166e+02 2.718e+02
|            ( - 2.671e+03 1 0)
|            ( QUESTION0 -1 2.851e+03 2.440e+02 1.385e+02
|                ( - 1.283e+03 1 0)
|                ( QUESTION0_11_R 1 1.812e+03 2.193e+02 8.332e+01
|                    ( - 4.095e+02 1 0)
|                    ( - 1.622e+03 2 0 QUESTION0_5_R 1 1.698e+02 7.032e+01)))))
|    ( QUESTION0_13_R 1 2.448e+03 3.299e+02 1.320e+02
|        ( QUESTION13 1 2.338e+03 2.329e+02 1.090e+02
|            ( - 4.591e+02 1 0)
|            ( - 2.111e+03 6 0 SILENCE -1 1.814e+02 9.400e+01))
|        ( - 4.399e+02 1 0)))
s>    ( QUESTION0_0_R 1 7.746e+03 4.021e+02 4.285e+02
s>        ( QUESTION2_10_L -1 5.700e+03 3.489e+02 2.965e+02
s>            ( - 8.437e+02 1 0)
s>            ( SILENCE -1 5.206e+03 3.166e+02 2.718e+02
s>                ( - 2.671e+03 1 0)
s>                ( QUESTION0 -1 2.851e+03 2.440e+02 1.385e+02
s>                    ( - 1.283e+03 1 0)
s>                    ( QUESTION0_11_R 1 1.812e+03 2.193e+02 8.332e+01
s>                        ( - 4.095e+02 1 0)
s>                        ( - 1.622e+03 2 0 QUESTION0_5_R 1 1.698e+02 7.032e+01)))))
s>        ( QUESTION0_13_R 1 2.448e+03 3.299e+02 1.320e+02
s>            ( QUESTION13 1 2.338e+03 2.329e+02 1.090e+02
s>                ( - 4.591e+02 1 0)
s>                ( - 2.111e+03 6 0 SILENCE -1 1.814e+02 9.400e+01))
s>            ( - 4.399e+02 1 0)))INFO: dtree.c(1351): Comp split 12
INFO: dtree.c(1524): Final simple tree
|( SILENCE 1 5.995e+03 3.651e+02 3.326e+02
|    ( QUESTION2 -1 4.955e+03 3.220e+02 2.576e+02
|        ( - 1.972e+03 1 0)
|        ( QUESTION2_17_L -1 3.305e+03 2.676e+02 1.876e+02
|            ( - 8.091e+02 1 0)
|            ( QUESTION0 -1 2.763e+03 2.614e+02 1.536e+02
|                ( QUESTION2_1_L -1 2.662e+03 2.133e+02 1.436e+02
|                    ( - 1.831e+03 1 0)
|                    ( - 1.045e+03 1 0))
|                ( - 3.629e+02 1 0))))
|    ( QUESTION8 1 1.405e+03 2.672e+02 7.505e+01
|        ( - 8.592e+02 2 0 QUESTION0_0_R 1 1.596e+02 2.805e+01)
|        ( QUESTION2_17_L -1 8.133e+02 2.957e+02 4.700e+01
|            ( - 2.845e+02 1 0)
|            ( - 8.246e+02 3 0 QUESTION0_1_R 1 2.082e+02 3.700e+01))))
s>    ( SILENCE 1 5.995e+03 3.651e+02 3.326e+02
s>        ( QUESTION2 -1 4.955e+03 3.220e+02 2.576e+02
s>            ( - 1.972e+03 1 0)
s>            ( QUESTION2_17_L -1 3.305e+03 2.676e+02 1.876e+02
s>                ( - 8.091e+02 1 0)
s>                ( QUESTION0 -1 2.763e+03 2.614e+02 1.536e+02
s>                    ( QUESTION2_1_L -1 2.662e+03 2.133e+02 1.436e+02
s>                        ( - 1.831e+03 1 0)
s>                        ( - 1.045e+03 1 0))
s>                    ( - 3.629e+02 1 0))))
s>        ( QUESTION8 1 1.405e+03 2.672e+02 7.505e+01
s>            ( - 8.592e+02 2 0 QUESTION0_0_R 1 1.596e+02 2.805e+01)
s>            ( QUESTION2_17_L -1 8.133e+02 2.957e+02 4.700e+01
s>                ( - 2.845e+02 1 0)
s>                ( - 8.246e+02 3 0 QUESTION0_1_R 1 2.082e+02 3.700e+01))))INFO: dtree.c(1351): Comp split 13
INFO: dtree.c(1483): stop. leaf nodes are specific
INFO: dtree.c(1524): Final simple tree
|( QUESTION0_5_R 1 3.910e+03 2.643e+02 1.347e+02
|    ( - 2.051e+03 1 0)
|    ( QUESTION0_9_R 1 2.124e+03 1.590e+02 6.160e+01
|        ( - 6.413e+02 1 0)
|        ( - 1.642e+03 1 0)))
s>    ( QUESTION0_5_R 1 3.910e+03 2.643e+02 1.347e+02
s>        ( - 2.051e+03 1 0)
s>        ( QUESTION0_9_R 1 2.124e+03 1.590e+02 6.160e+01
s>            ( - 6.413e+02 1 0)
s>            ( - 1.642e+03 1 0)))INFO: dtree.c(1351): Comp split 14
INFO: dtree.c(1483): stop. leaf nodes are specific
INFO: dtree.c(1524): Final simple tree
|( QUESTION14 1 1.146e+04 3.398e+02 5.286e+02
|    ( QUESTION2_0_L -1 9.155e+03 2.192e+02 4.227e+02
|        ( - 5.606e+03 2 0)
|        ( - 3.768e+03 4 0))
|    ( QUESTION0_14_R 1 2.649e+03 3.051e+02 1.060e+02
|        ( - 8.153e+02 1 0)
|        ( QUESTION0 1 2.139e+03 3.072e+02 8.495e+01
|            ( - 7.475e+02 1 0)
|            ( QUESTION0_3_R 1 1.698e+03 3.561e+02 6.395e+01
|                ( - 3.088e+02 1 0)
|                ( QUESTION0_0_R 1 1.745e+03 1.610e+02 5.000e+01
|                    ( - 8.108e+02 1 0)
|                    ( - 1.096e+03 2 0))))))
s>    ( QUESTION14 1 1.146e+04 3.398e+02 5.286e+02
s>        ( QUESTION2_0_L -1 9.155e+03 2.192e+02 4.227e+02
s>            ( - 5.606e+03 2 0)
s>            ( - 3.768e+03 4 0))
s>        ( QUESTION0_14_R 1 2.649e+03 3.051e+02 1.060e+02
s>            ( - 8.153e+02 1 0)
s>            ( QUESTION0 1 2.139e+03 3.072e+02 8.495e+01
s>                ( - 7.475e+02 1 0)
s>                ( QUESTION0_3_R 1 1.698e+03 3.561e+02 6.395e+01
s>                    ( - 3.088e+02 1 0)
s>                    ( QUESTION0_0_R 1 1.745e+03 1.610e+02 5.000e+01
s>                        ( - 8.108e+02 1 0)
s>                        ( - 1.096e+03 2 0))))))INFO: dtree.c(1524): Final simple tree
|( QUESTION11 -1 1.063e+04 3.902e+02 4.397e+02
|    ( QUESTION0 1 2.231e+03 3.051e+02 6.902e+01
|        ( - 1.166e+03 2 0)
|        ( - 1.370e+03 1 0))
|    ( QUESTION0_13_R 1 8.791e+03 3.320e+02 3.706e+02
|        ( QUESTION2_0_L -1 3.519e+03 3.209e+02 1.490e+02
|            ( QUESTION0 1 2.019e+03 2.728e+02 8.210e+01
|                ( - 5.817e+02 2 0)
|                ( - 1.710e+03 1 0))
|            ( QUESTION4 1 1.820e+03 2.901e+02 6.693e+01
|                ( QUESTION0 -1 1.697e+03 2.959e+02 5.893e+01
|                    ( - 7.747e+02 1 0)
|                    ( - 1.218e+03 1 0))
|                ( - 4.136e+02 1 0)))
|        ( - 5.604e+03 2 0 QUESTION0_0_R 1 2.574e+02 2.216e+02)))
s>    ( QUESTION11 -1 1.063e+04 3.902e+02 4.397e+02
s>        ( QUESTION0 1 2.231e+03 3.051e+02 6.902e+01
s>            ( - 1.166e+03 2 0)
s>            ( - 1.370e+03 1 0))
s>        ( QUESTION0_13_R 1 8.791e+03 3.320e+02 3.706e+02
s>            ( QUESTION2_0_L -1 3.519e+03 3.209e+02 1.490e+02
s>                ( QUESTION0 1 2.019e+03 2.728e+02 8.210e+01
s>                    ( - 5.817e+02 2 0)
s>                    ( - 1.710e+03 1 0))
s>                ( QUESTION4 1 1.820e+03 2.901e+02 6.693e+01
s>                    ( QUESTION0 -1 1.697e+03 2.959e+02 5.893e+01
s>                        ( - 7.747e+02 1 0)
s>                        ( - 1.218e+03 1 0))
s>                    ( - 4.136e+02 1 0)))
s>            ( - 5.604e+03 2 0 QUESTION0_0_R 1 2.574e+02 2.216e+02)))INFO: dtree.c(1351): Comp split 15
INFO: dtree.c(1524): Final simple tree
|( QUESTION0_13_R 1 9.903e+03 3.576e+02 4.137e+02
|    ( QUESTION2_0_L -1 4.656e+03 3.211e+02 1.921e+02
|        ( QUESTION0 1 2.019e+03 2.728e+02 8.210e+01
|            ( - 5.817e+02 2 0)
|            ( - 1.710e+03 1 0))
|        ( QUESTION2 -1 2.958e+03 2.902e+02 1.100e+02
|            ( - 1.218e+03 1 0)
|            ( QUESTION4 1 2.030e+03 2.356e+02 7.202e+01
|                ( QUESTION0 -1 1.852e+03 2.923e+02 6.402e+01
|                    ( - 7.747e+02 1 0)
|                    ( - 1.370e+03 1 0))
|                ( - 4.136e+02 1 0))))
|    ( QUESTION0_0_R 1 5.604e+03 2.574e+02 2.216e+02
|        ( - 3.497e+03 1 0)
|        ( - 2.365e+03 1 0)))
s>    ( QUESTION0_13_R 1 9.903e+03 3.576e+02 4.137e+02
s>        ( QUESTION2_0_L -1 4.656e+03 3.211e+02 1.921e+02
s>            ( QUESTION0 1 2.019e+03 2.728e+02 8.210e+01
s>                ( - 5.817e+02 2 0)
s>                ( - 1.710e+03 1 0))
s>            ( QUESTION2 -1 2.958e+03 2.902e+02 1.100e+02
s>                ( - 1.218e+03 1 0)
s>                ( QUESTION4 1 2.030e+03 2.356e+02 7.202e+01
s>                    ( QUESTION0 -1 1.852e+03 2.923e+02 6.402e+01
s>                        ( - 7.747e+02 1 0)
s>                        ( - 1.370e+03 1 0))
s>                    ( - 4.136e+02 1 0))))
s>        ( QUESTION0_0_R 1 5.604e+03 2.574e+02 2.216e+02
s>            ( - 3.497e+03 1 0)
s>            ( - 2.365e+03 1 0)))INFO: dtree.c(1351): Comp split 16
INFO: dtree.c(1524): Final simple tree
|( QUESTION0_9_R 1 8.666e+03 2.824e+02 5.732e+02
|    ( - 2.660e+02 1 0)
|    ( QUESTION0_14_R 1 8.682e+03 2.615e+02 5.632e+02
|        ( - 7.370e+02 1 0)
|        ( QUESTION11 1 8.206e+03 2.189e+02 5.372e+02
|            ( - 5.429e+03 6 0 QUESTION0_0_R 1 1.787e+02 3.572e+02)
|            ( QUESTION0_1_R 1 2.997e+03 2.065e+02 1.799e+02
|                ( QUESTION0 -1 1.186e+03 2.113e+02 7.500e+01
|                    ( - 1.127e+03 2 0)
|                    ( - 2.706e+02 1 0))
|                ( QUESTION0 -1 2.017e+03 2.413e+02 1.049e+02
|                    ( - 9.110e+02 1 0)
|                    ( QUESTION0_0_R 1 1.347e+03 2.034e+02 6.917e+01
|                        ( - 4.027e+02 1 0)
|                        ( - 1.148e+03 2 0)))))))
s>    ( QUESTION0_9_R 1 8.666e+03 2.824e+02 5.732e+02
s>        ( - 2.660e+02 1 0)
s>        ( QUESTION0_14_R 1 8.682e+03 2.615e+02 5.632e+02
s>            ( - 7.370e+02 1 0)
s>            ( QUESTION11 1 8.206e+03 2.189e+02 5.372e+02
s>                ( - 5.429e+03 6 0 QUESTION0_0_R 1 1.787e+02 3.572e+02)
s>                ( QUESTION0_1_R 1 2.997e+03 2.065e+02 1.799e+02
s>                    ( QUESTION0 -1 1.186e+03 2.113e+02 7.500e+01
s>                        ( - 1.127e+03 2 0)
s>                        ( - 2.706e+02 1 0))
s>                    ( QUESTION0 -1 2.017e+03 2.413e+02 1.049e+02
s>                        ( - 9.110e+02 1 0)
s>                        ( QUESTION0_0_R 1 1.347e+03 2.034e+02 6.917e+01
s>                            ( - 4.027e+02 1 0)
s>                            ( - 1.148e+03 2 0)))))))INFO: dtree.c(1483): stop. leaf nodes are specific
INFO: dtree.c(1524): Final simple tree
|( QUESTION0_4_R 1 2.947e+03 2.826e+02 1.400e+02
|    ( - 1.910e+03 1 0)
|    ( SILENCE -1 1.320e+03 2.205e+02 6.400e+01
|        ( - 1.202e+03 1 0)
|        ( - 3.384e+02 1 0)))
s>    ( QUESTION0_4_R 1 2.947e+03 2.826e+02 1.400e+02
s>        ( - 1.910e+03 1 0)
s>        ( SILENCE -1 1.320e+03 2.205e+02 6.400e+01
s>            ( - 1.202e+03 1 0)
s>            ( - 3.384e+02 1 0)))INFO: dtree.c(1351): Comp split 17
INFO: dtree.c(1483): stop. leaf nodes are specific
INFO: dtree.c(1524): Final simple tree
|( QUESTION0_0_R 1 8.519e+02 2.045e+02 3.495e+01
|    ( - 3.088e+02 1 0)
|    ( - 7.475e+02 1 0))
s>    ( QUESTION0_0_R 1 8.519e+02 2.045e+02 3.495e+01
s>        ( - 3.088e+02 1 0)
s>        ( - 7.475e+02 1 0))INFO: dtree.c(1483): stop. leaf nodes are specific
INFO: dtree.c(1524): Final simple tree
|( QUESTION14 1 1.104e+04 3.888e+02 4.937e+02
|    ( QUESTION2_0_L -1 9.155e+03 2.192e+02 4.227e+02
|        ( - 5.606e+03 2 0)
|        ( - 3.768e+03 4 0))
|    ( QUESTION0_14_R 1 2.270e+03 2.904e+02 7.100e+01
|        ( - 8.153e+02 1 0)
|        ( QUESTION0_0_R 1 1.745e+03 1.610e+02 5.000e+01
|            ( - 8.108e+02 1 0)
|            ( - 1.096e+03 2 0))))
s>    ( QUESTION14 1 1.104e+04 3.888e+02 4.937e+02
s>        ( QUESTION2_0_L -1 9.155e+03 2.192e+02 4.227e+02
s>            ( - 5.606e+03 2 0)
s>            ( - 3.768e+03 4 0))
s>        ( QUESTION0_14_R 1 2.270e+03 2.904e+02 7.100e+01
s>            ( - 8.153e+02 1 0)
s>            ( QUESTION0_0_R 1 1.745e+03 1.610e+02 5.000e+01
s>                ( - 8.108e+02 1 0)
s>                ( - 1.096e+03 2 0))))INFO: dtree.c(1351): Comp split 18
INFO: dtree.c(1483): stop. leaf nodes are specific
INFO: dtree.c(1524): Final simple tree
|( QUESTION2 -1 5.002e+03 3.342e+02 2.676e+02
|    ( - 1.972e+03 1 0)
|    ( QUESTION2_17_L -1 3.365e+03 3.181e+02 1.976e+02
|        ( SILENCE 1 9.194e+02 1.742e+02 4.397e+01
|            ( - 8.091e+02 1 0)
|            ( - 2.845e+02 1 0))
|        ( QUESTION0 -1 2.763e+03 2.614e+02 1.536e+02
|            ( QUESTION2_1_L -1 2.662e+03 2.133e+02 1.436e+02
|                ( - 1.831e+03 1 0)
|                ( - 1.045e+03 1 0))
|            ( - 3.629e+02 1 0))))
s>    ( QUESTION2 -1 5.002e+03 3.342e+02 2.676e+02
s>        ( - 1.972e+03 1 0)
s>        ( QUESTION2_17_L -1 3.365e+03 3.181e+02 1.976e+02
s>            ( SILENCE 1 9.194e+02 1.742e+02 4.397e+01
s>                ( - 8.091e+02 1 0)
s>                ( - 2.845e+02 1 0))
s>            ( QUESTION0 -1 2.763e+03 2.614e+02 1.536e+02
s>                ( QUESTION2_1_L -1 2.662e+03 2.133e+02 1.436e+02
s>                    ( - 1.831e+03 1 0)
s>                    ( - 1.045e+03 1 0))
s>                ( - 3.629e+02 1 0))))INFO: dtree.c(1483): stop. leaf nodes are specific
INFO: dtree.c(1524): Final simple tree
|( QUESTION8 1 1.409e+03 2.746e+02 6.505e+01
|    ( QUESTION0_0_R 1 8.592e+02 1.596e+02 2.805e+01
|        ( - 5.393e+02 1 0)
|        ( - 4.794e+02 1 0))
|    ( QUESTION0_1_R 1 8.246e+02 2.082e+02 3.700e+01
|        ( - 2.719e+02 1 0)
|        ( QUESTION0_0_R 1 7.608e+02 1.542e+02 3.100e+01
|            ( - 3.238e+02 1 0)
|            ( - 5.912e+02 1 0))))
s>    ( QUESTION8 1 1.409e+03 2.746e+02 6.505e+01
s>        ( QUESTION0_0_R 1 8.592e+02 1.596e+02 2.805e+01
s>            ( - 5.393e+02 1 0)
s>            ( - 4.794e+02 1 0))
s>        ( QUESTION0_1_R 1 8.246e+02 2.082e+02 3.700e+01
s>            ( - 2.719e+02 1 0)
s>            ( QUESTION0_0_R 1 7.608e+02 1.542e+02 3.100e+01
s>                ( - 3.238e+02 1 0)
s>                ( - 5.912e+02 1 0))))INFO: dtree.c(1351): Comp split 19
INFO: dtree.c(1483): stop. leaf nodes are specific
INFO: dtree.c(1524): Final simple tree
|( WDBNDRY_E 0 -4.313e+02 2.482e+02 9.754e+01
|    ( - 2.440e+02 1 0)
|    ( WDBNDRY_B 0 -4.272e+02 2.454e+02 9.654e+01
|        ( - 2.388e+02 1 0)
|        ( QUESTION2 -1 -4.207e+02 1.146e+02 9.554e+01
|            ( - -3.671e+02 1 0)
|            ( - 6.106e+01 1 0))))
s>    ( WDBNDRY_E 0 -4.313e+02 2.482e+02 9.754e+01
s>        ( - 2.440e+02 1 0)
s>        ( WDBNDRY_B 0 -4.272e+02 2.454e+02 9.654e+01
s>            ( - 2.388e+02 1 0)
s>            ( QUESTION2 -1 -4.207e+02 1.146e+02 9.554e+01
s>                ( - -3.671e+02 1 0)
s>                ( - 6.106e+01 1 0))))INFO: dtree.c(1483): stop. leaf nodes are specific
INFO: dtree.c(1524): Final simple tree
|( QUESTION0_1_R 1 9.290e+00 1.356e+02 1.487e+01
|    ( - 5.979e+01 1 0)
|    ( - 8.510e+01 1 0))
s>    ( QUESTION0_1_R 1 9.290e+00 1.356e+02 1.487e+01
s>        ( - 5.979e+01 1 0)
s>        ( - 8.510e+01 1 0))INFO: dtree.c(1351): Comp split 20
INFO: dtree.c(1483): stop. leaf nodes are specific
INFO: dtree.c(1524): Final simple tree
|( QUESTION2_10_L -1 5.700e+03 3.489e+02 2.965e+02
|    ( - 8.437e+02 1 0)
|    ( SILENCE -1 5.206e+03 3.166e+02 2.718e+02
|        ( - 2.671e+03 1 0)
|        ( QUESTION0 -1 2.851e+03 2.440e+02 1.385e+02
|            ( - 1.283e+03 1 0)
|            ( QUESTION0_11_R 1 1.812e+03 2.193e+02 8.332e+01
|                ( - 4.095e+02 1 0)
|                ( QUESTION0_5_R 1 1.622e+03 1.698e+02 7.032e+01
|                    ( - 1.679e+03 1 0)
|                    ( - 1.126e+02 1 0))))))
s>    ( QUESTION2_10_L -1 5.700e+03 3.489e+02 2.965e+02
s>        ( - 8.437e+02 1 0)
s>        ( SILENCE -1 5.206e+03 3.166e+02 2.718e+02
s>            ( - 2.671e+03 1 0)
s>            ( QUESTION0 -1 2.851e+03 2.440e+02 1.385e+02
s>                ( - 1.283e+03 1 0)
s>                ( QUESTION0_11_R 1 1.812e+03 2.193e+02 8.332e+01
s>                    ( - 4.095e+02 1 0)
s>                    ( QUESTION0_5_R 1 1.622e+03 1.698e+02 7.032e+01
s>                        ( - 1.679e+03 1 0)
s>                        ( - 1.126e+02 1 0))))))INFO: dtree.c(1483): stop. leaf nodes are specific
INFO: dtree.c(1524): Final simple tree
|( QUESTION0_13_R 1 2.448e+03 3.299e+02 1.320e+02
|    ( QUESTION13 1 2.338e+03 2.329e+02 1.090e+02
|        ( - 4.591e+02 1 0)
|        ( SILENCE -1 2.111e+03 1.814e+02 9.400e+01
|            ( QUESTION2 1 8.659e+02 3.101e+02 3.700e+01
|                ( - 2.812e+02 1 0)
|                ( - 8.947e+02 2 0))
|            ( QUESTION2 1 1.427e+03 2.768e+02 5.700e+01
|                ( - 7.488e+02 1 0)
|                ( - 9.548e+02 2 0))))
|    ( - 4.399e+02 1 0))
s>    ( QUESTION0_13_R 1 2.448e+03 3.299e+02 1.320e+02
s>        ( QUESTION13 1 2.338e+03 2.329e+02 1.090e+02
s>            ( - 4.591e+02 1 0)
s>            ( SILENCE -1 2.111e+03 1.814e+02 9.400e+01
s>                ( QUESTION2 1 8.659e+02 3.101e+02 3.700e+01
s>                    ( - 2.812e+02 1 0)
s>                    ( - 8.947e+02 2 0))
s>                ( QUESTION2 1 1.427e+03 2.768e+02 5.700e+01
s>                    ( - 7.488e+02 1 0)
s>                    ( - 9.548e+02 2 0))))
s>        ( - 4.399e+02 1 0))INFO: dtree.c(1351): Comp split 21
INFO: dtree.c(1483): stop. leaf nodes are specific
INFO: dtree.c(1524): Final simple tree
|( QUESTION0_13_R 1 6.075e+03 3.038e+02 2.426e+02
|    ( - 7.747e+02 1 0)
|    ( QUESTION0_0_R 1 5.604e+03 2.574e+02 2.216e+02
|        ( - 3.497e+03 1 0)
|        ( - 2.365e+03 1 0)))
s>    ( QUESTION0_13_R 1 6.075e+03 3.038e+02 2.426e+02
s>        ( - 7.747e+02 1 0)
s>        ( QUESTION0_0_R 1 5.604e+03 2.574e+02 2.216e+02
s>            ( - 3.497e+03 1 0)
s>            ( - 2.365e+03 1 0)))INFO: dtree.c(1483): stop. leaf nodes are specific
INFO: dtree.c(1524): Final simple tree
|( QUESTION0 1 4.222e+03 3.136e+02 1.711e+02
|    ( - 5.817e+02 2 0)
|    ( QUESTION2 -1 3.954e+03 2.660e+02 1.411e+02
|        ( - 1.218e+03 1 0)
|        ( QUESTION2_0_L -1 3.002e+03 2.715e+02 1.031e+02
|            ( - 1.710e+03 1 0)
|            ( QUESTION0 -1 1.563e+03 2.202e+02 5.102e+01
|                ( - 4.136e+02 1 0)
|                ( - 1.370e+03 1 0)))))
s>    ( QUESTION0 1 4.222e+03 3.136e+02 1.711e+02
s>        ( - 5.817e+02 2 0)
s>        ( QUESTION2 -1 3.954e+03 2.660e+02 1.411e+02
s>            ( - 1.218e+03 1 0)
s>            ( QUESTION2_0_L -1 3.002e+03 2.715e+02 1.031e+02
s>                ( - 1.710e+03 1 0)
s>                ( QUESTION0 -1 1.563e+03 2.202e+02 5.102e+01
s>                    ( - 4.136e+02 1 0)
s>                    ( - 1.370e+03 1 0)))))INFO: dtree.c(1351): Comp split 22
INFO: dtree.c(1483): stop. leaf nodes are specific
INFO: dtree.c(1524): Final simple tree
|( QUESTION0_0_R 1 1.745e+03 1.610e+02 5.000e+01
|    ( - 8.108e+02 1 0)
|    ( - 1.096e+03 2 0))
s>    ( QUESTION0_0_R 1 1.745e+03 1.610e+02 5.000e+01
s>        ( - 8.108e+02 1 0)
s>        ( - 1.096e+03 2 0))INFO: dtree.c(1483): stop. leaf nodes are specific
INFO: dtree.c(1524): Final simple tree
|( QUESTION0_13_R 1 9.684e+03 2.859e+02 4.437e+02
|    ( QUESTION2_0_L -1 9.155e+03 2.192e+02 4.227e+02
|        ( - 5.606e+03 2 0)
|        ( - 3.768e+03 4 0))
|    ( - 8.153e+02 1 0))
s>    ( QUESTION0_13_R 1 9.684e+03 2.859e+02 4.437e+02
s>        ( QUESTION2_0_L -1 9.155e+03 2.192e+02 4.227e+02
s>            ( - 5.606e+03 2 0)
s>            ( - 3.768e+03 4 0))
s>        ( - 8.153e+02 1 0))INFO: dtree.c(1351): Comp split 23
INFO: dtree.c(1483): stop. leaf nodes are specific
INFO: dtree.c(1524): Final simple tree
|( QUESTION0_5_R 1 1.016e+03 2.372e+02 3.775e+01
|    ( - 8.437e+02 1 0)
|    ( - 4.095e+02 1 0))
s>    ( QUESTION0_5_R 1 1.016e+03 2.372e+02 3.775e+01
s>        ( - 8.437e+02 1 0)
s>        ( - 4.095e+02 1 0))INFO: dtree.c(1483): stop. leaf nodes are specific
INFO: dtree.c(1524): Final simple tree
|( SILENCE -1 5.037e+03 3.120e+02 2.588e+02
|    ( - 2.671e+03 1 0)
|    ( QUESTION8 -1 2.678e+03 2.406e+02 1.255e+02
|        ( - 1.679e+03 1 0)
|        ( QUESTION0_5_R 1 1.239e+03 1.563e+02 5.714e+01
|            ( - 1.283e+03 1 0)
|            ( - 1.126e+02 1 0))))
s>    ( SILENCE -1 5.037e+03 3.120e+02 2.588e+02
s>        ( - 2.671e+03 1 0)
s>        ( QUESTION8 -1 2.678e+03 2.406e+02 1.255e+02
s>            ( - 1.679e+03 1 0)
s>            ( QUESTION0_5_R 1 1.239e+03 1.563e+02 5.714e+01
s>                ( - 1.283e+03 1 0)
s>                ( - 1.126e+02 1 0))))INFO: dtree.c(1351): Comp split 24
INFO: dtree.c(1483): stop. leaf nodes are specific
INFO: dtree.c(1524): Final simple tree
|( QUESTION3 1 1.112e+03 2.798e+02 6.799e+01
|    ( - 2.812e+02 1 0)
|    ( SILENCE -1 1.110e+03 2.843e+02 6.199e+01
|        ( - 4.399e+02 1 0)
|        ( - 9.548e+02 2 0)))
s>    ( QUESTION3 1 1.112e+03 2.798e+02 6.799e+01
s>        ( - 2.812e+02 1 0)
s>        ( SILENCE -1 1.110e+03 2.843e+02 6.199e+01
s>            ( - 4.399e+02 1 0)
s>            ( - 9.548e+02 2 0)))INFO: dtree.c(1483): stop. leaf nodes are specific
INFO: dtree.c(1524): Final simple tree
|( SILENCE -1 1.687e+03 2.132e+02 6.400e+01
|    ( QUESTION13 1 1.152e+03 2.022e+02 4.600e+01
|        ( - 4.591e+02 1 0)
|        ( - 8.947e+02 2 0))
|    ( - 7.488e+02 1 0))
s>    ( SILENCE -1 1.687e+03 2.132e+02 6.400e+01
s>        ( QUESTION13 1 1.152e+03 2.022e+02 4.600e+01
s>            ( - 4.591e+02 1 0)
s>            ( - 8.947e+02 2 0))
s>        ( - 7.488e+02 1 0))INFO: dtree.c(1351): Comp split 25
INFO: dtree.c(1483): stop. leaf nodes are specific
INFO: dtree.c(1524): Final simple tree
|( QUESTION2_17_L -1 3.365e+03 3.181e+02 1.976e+02
|    ( SILENCE 1 9.194e+02 1.742e+02 4.397e+01
|        ( - 8.091e+02 1 0)
|        ( - 2.845e+02 1 0))
|    ( QUESTION0 -1 2.763e+03 2.614e+02 1.536e+02
|        ( QUESTION2_1_L -1 2.662e+03 2.133e+02 1.436e+02
|            ( - 1.831e+03 1 0)
|            ( - 1.045e+03 1 0))
|        ( - 3.629e+02 1 0)))
s>    ( QUESTION2_17_L -1 3.365e+03 3.181e+02 1.976e+02
s>        ( SILENCE 1 9.194e+02 1.742e+02 4.397e+01
s>            ( - 8.091e+02 1 0)
s>            ( - 2.845e+02 1 0))
s>        ( QUESTION0 -1 2.763e+03 2.614e+02 1.536e+02
s>            ( QUESTION2_1_L -1 2.662e+03 2.133e+02 1.436e+02
s>                ( - 1.831e+03 1 0)
s>                ( - 1.045e+03 1 0))
s>            ( - 3.629e+02 1 0)))INFO: dtree.c(1351): Comp split 26
INFO: dtree.c(1483): stop. leaf nodes are specific
INFO: dtree.c(1524): Final simple tree
|( QUESTION0_9_R 1 1.865e+03 2.752e+02 9.574e+01
|    ( - 2.660e+02 1 0)
|    ( QUESTION0_0_R 1 1.874e+03 1.850e+02 8.574e+01
|        ( - 9.110e+02 1 0)
|        ( - 1.148e+03 2 0)))
s>    ( QUESTION0_9_R 1 1.865e+03 2.752e+02 9.574e+01
s>        ( - 2.660e+02 1 0)
s>        ( QUESTION0_0_R 1 1.874e+03 1.850e+02 8.574e+01
s>            ( - 9.110e+02 1 0)
s>            ( - 1.148e+03 2 0)))INFO: dtree.c(1483): stop. leaf nodes are specific
INFO: dtree.c(1524): Final simple tree
|( QUESTION0_14_R 1 7.127e+03 2.625e+02 4.774e+02
|    ( - 7.370e+02 1 0)
|    ( QUESTION0_8_R 1 6.653e+03 1.944e+02 4.514e+02
|        ( - 4.027e+02 1 0)
|        ( QUESTION0 -1 6.444e+03 1.814e+02 4.322e+02
|            ( QUESTION0_1_R 1 4.644e+03 1.583e+02 3.192e+02
|                ( - 1.127e+03 2 0)
|                ( - 3.675e+03 4 0))
|            ( QUESTION0_0_R 1 1.982e+03 2.204e+02 1.131e+02
|                ( - 2.706e+02 1 0)
|                ( - 1.932e+03 2 0)))))
s>    ( QUESTION0_14_R 1 7.127e+03 2.625e+02 4.774e+02
s>        ( - 7.370e+02 1 0)
s>        ( QUESTION0_8_R 1 6.653e+03 1.944e+02 4.514e+02
s>            ( - 4.027e+02 1 0)
s>            ( QUESTION0 -1 6.444e+03 1.814e+02 4.322e+02
s>                ( QUESTION0_1_R 1 4.644e+03 1.583e+02 3.192e+02
s>                    ( - 1.127e+03 2 0)
s>                    ( - 3.675e+03 4 0))
s>                ( QUESTION0_0_R 1 1.982e+03 2.204e+02 1.131e+02
s>                    ( - 2.706e+02 1 0)
s>                    ( - 1.932e+03 2 0)))))INFO: dtree.c(1351): Comp split 27
INFO: dtree.c(1483): stop. leaf nodes are specific
INFO: dtree.c(1524): Final simple tree
|( QUESTION0 -1 2.763e+03 2.614e+02 1.536e+02
|    ( QUESTION2_1_L -1 2.662e+03 2.133e+02 1.436e+02
|        ( - 1.831e+03 1 0)
|        ( - 1.045e+03 1 0))
|    ( - 3.629e+02 1 0))
s>    ( QUESTION0 -1 2.763e+03 2.614e+02 1.536e+02
s>        ( QUESTION2_1_L -1 2.662e+03 2.133e+02 1.436e+02
s>            ( - 1.831e+03 1 0)
s>            ( - 1.045e+03 1 0))
s>        ( - 3.629e+02 1 0))INFO: dtree.c(1483): stop. leaf nodes are specific
INFO: dtree.c(1524): Final simple tree
|( SILENCE 1 9.194e+02 1.742e+02 4.397e+01
|    ( - 8.091e+02 1 0)
|    ( - 2.845e+02 1 0))
s>    ( SILENCE 1 9.194e+02 1.742e+02 4.397e+01
s>        ( - 8.091e+02 1 0)
s>        ( - 2.845e+02 1 0))INFO: dtree.c(1351): Comp split 28
INFO: dtree.c(1483): stop. leaf nodes are specific
INFO: dtree.c(1524): Final simple tree
|( QUESTION2 -1 3.954e+03 2.660e+02 1.411e+02
|    ( - 1.218e+03 1 0)
|    ( QUESTION2_0_L -1 3.002e+03 2.715e+02 1.031e+02
|        ( - 1.710e+03 1 0)
|        ( QUESTION0 -1 1.563e+03 2.202e+02 5.102e+01
|            ( - 4.136e+02 1 0)
|            ( - 1.370e+03 1 0))))
s>    ( QUESTION2 -1 3.954e+03 2.660e+02 1.411e+02
s>        ( - 1.218e+03 1 0)
s>        ( QUESTION2_0_L -1 3.002e+03 2.715e+02 1.031e+02
s>            ( - 1.710e+03 1 0)
s>            ( QUESTION0 -1 1.563e+03 2.202e+02 5.102e+01
s>                ( - 4.136e+02 1 0)
s>                ( - 1.370e+03 1 0))))INFO: dtree.c(1351): Comp split 29
INFO: dtree.c(1483): stop. leaf nodes are specific
INFO: dtree.c(1524): Final simple tree
|( QUESTION8 -1 2.678e+03 2.406e+02 1.255e+02
|    ( - 1.679e+03 1 0)
|    ( QUESTION0_5_R 1 1.239e+03 1.563e+02 5.714e+01
|        ( - 1.283e+03 1 0)
|        ( - 1.126e+02 1 0)))
s>    ( QUESTION8 -1 2.678e+03 2.406e+02 1.255e+02
s>        ( - 1.679e+03 1 0)
s>        ( QUESTION0_5_R 1 1.239e+03 1.563e+02 5.714e+01
s>            ( - 1.283e+03 1 0)
s>            ( - 1.126e+02 1 0)))INFO: dtree.c(1351): Comp split 30
INFO: dtree.c(1483): stop. leaf nodes are specific
INFO: dtree.c(1524): Final simple tree
|( QUESTION0_0_R 1 5.604e+03 2.574e+02 2.216e+02
|    ( - 3.497e+03 1 0)
|    ( - 2.365e+03 1 0))
s>    ( QUESTION0_0_R 1 5.604e+03 2.574e+02 2.216e+02
s>        ( - 3.497e+03 1 0)
s>        ( - 2.365e+03 1 0))INFO: dtree.c(1351): Comp split 31
INFO: dtree.c(1483): stop. leaf nodes are specific
INFO: dtree.c(1524): Final simple tree
|( QUESTION2_0_L -1 9.155e+03 2.192e+02 4.227e+02
|    ( - 5.606e+03 2 0)
|    ( - 3.768e+03 4 0))
s>    ( QUESTION2_0_L -1 9.155e+03 2.192e+02 4.227e+02
s>        ( - 5.606e+03 2 0)
s>        ( - 3.768e+03 4 0))INFO: dtree.c(1351): Comp split 32
INFO: dtree.c(1483): stop. leaf nodes are specific
INFO: dtree.c(1524): Final simple tree
|( SILENCE -1 1.320e+03 2.205e+02 6.400e+01
|    ( - 1.202e+03 1 0)
|    ( - 3.384e+02 1 0))
s>    ( SILENCE -1 1.320e+03 2.205e+02 6.400e+01
s>        ( - 1.202e+03 1 0)
s>        ( - 3.384e+02 1 0))INFO: dtree.c(1351): Comp split 33
INFO: dtree.c(1483): stop. leaf nodes are specific
INFO: dtree.c(1524): Final simple tree
|( SILENCE -1 1.110e+03 2.843e+02 6.199e+01
|    ( - 4.399e+02 1 0)
|    ( - 9.548e+02 2 0))
s>    ( SILENCE -1 1.110e+03 2.843e+02 6.199e+01
s>        ( - 4.399e+02 1 0)
s>        ( - 9.548e+02 2 0))INFO: dtree.c(1351): Comp split 34
INFO: dtree.c(1351): Comp split 35
INFO: dtree.c(1483): stop. leaf nodes are specific
INFO: dtree.c(1524): Final simple tree
|( QUESTION0_3_R 1 1.112e+03 2.341e+02 6.580e+01
|    ( - 4.219e+02 1 0)
|    ( QUESTION0_0_R 1 9.244e+02 1.715e+02 4.780e+01
|        ( - 4.731e+02 1 0)
|        ( - 6.228e+02 1 0)))
s>    ( QUESTION0_3_R 1 1.112e+03 2.341e+02 6.580e+01
s>        ( - 4.219e+02 1 0)
s>        ( QUESTION0_0_R 1 9.244e+02 1.715e+02 4.780e+01
s>            ( - 4.731e+02 1 0)
s>            ( - 6.228e+02 1 0)))INFO: dtree.c(1351): Comp split 36
INFO: dtree.c(1483): stop. leaf nodes are specific
INFO: dtree.c(1524): Final simple tree
|( QUESTION0_0_R 1 1.874e+03 1.850e+02 8.574e+01
|    ( - 9.110e+02 1 0)
|    ( - 1.148e+03 2 0))
s>    ( QUESTION0_0_R 1 1.874e+03 1.850e+02 8.574e+01
s>        ( - 9.110e+02 1 0)
s>        ( - 1.148e+03 2 0))INFO: dtree.c(1351): Comp split 37
INFO: dtree.c(1483): stop. leaf nodes are specific
INFO: dtree.c(1524): Final simple tree
|( QUESTION0_1_R 1 8.246e+02 2.082e+02 3.700e+01
|    ( - 2.719e+02 1 0)
|    ( QUESTION0_0_R 1 7.608e+02 1.542e+02 3.100e+01
|        ( - 3.238e+02 1 0)
|        ( - 5.912e+02 1 0)))
s>    ( QUESTION0_1_R 1 8.246e+02 2.082e+02 3.700e+01
s>        ( - 2.719e+02 1 0)
s>        ( QUESTION0_0_R 1 7.608e+02 1.542e+02 3.100e+01
s>            ( - 3.238e+02 1 0)
s>            ( - 5.912e+02 1 0)))INFO: dtree.c(1483): stop. leaf nodes are specific
INFO: dtree.c(1524): Final simple tree
|( QUESTION0_0_R 1 8.592e+02 1.596e+02 2.805e+01
|    ( - 5.393e+02 1 0)
|    ( - 4.794e+02 1 0))
s>    ( QUESTION0_0_R 1 8.592e+02 1.596e+02 2.805e+01
s>        ( - 5.393e+02 1 0)
s>        ( - 4.794e+02 1 0))INFO: dtree.c(1351): Comp split 38
INFO: dtree.c(1483): stop. leaf nodes are specific
INFO: dtree.c(1524): Final simple tree
|( QUESTION0_5_R 1 4.638e+03 2.119e+02 1.707e+02
|    ( - 3.389e+03 1 0)
|    ( - 1.461e+03 1 0))
s>    ( QUESTION0_5_R 1 4.638e+03 2.119e+02 1.707e+02
s>        ( - 3.389e+03 1 0)
s>        ( - 1.461e+03 1 0))INFO: dtree.c(1351): Comp split 39
INFO: dtree.c(1483): stop. leaf nodes are specific
INFO: dtree.c(1524): Final simple tree
|( QUESTION2_0_L -1 3.002e+03 2.715e+02 1.031e+02
|    ( - 1.710e+03 1 0)
|    ( QUESTION0 -1 1.563e+03 2.202e+02 5.102e+01
|        ( - 4.136e+02 1 0)
|        ( - 1.370e+03 1 0)))
s>    ( QUESTION2_0_L -1 3.002e+03 2.715e+02 1.031e+02
s>        ( - 1.710e+03 1 0)
s>        ( QUESTION0 -1 1.563e+03 2.202e+02 5.102e+01
s>            ( - 4.136e+02 1 0)
s>            ( - 1.370e+03 1 0)))INFO: dtree.c(1351): Comp split 40
INFO: dtree.c(1483): stop. leaf nodes are specific
INFO: dtree.c(1524): Final simple tree
|( QUESTION0 -1 1.563e+03 2.202e+02 5.102e+01
|    ( - 4.136e+02 1 0)
|    ( - 1.370e+03 1 0))
s>    ( QUESTION0 -1 1.563e+03 2.202e+02 5.102e+01
s>        ( - 4.136e+02 1 0)
s>        ( - 1.370e+03 1 0))INFO: dtree.c(1351): Comp split 41
INFO: dtree.c(1483): stop. leaf nodes are specific
INFO: dtree.c(1524): Final simple tree
|( QUESTION0_9_R 1 2.124e+03 1.590e+02 6.160e+01
|    ( - 6.413e+02 1 0)
|    ( - 1.642e+03 1 0))
s>    ( QUESTION0_9_R 1 2.124e+03 1.590e+02 6.160e+01
s>        ( - 6.413e+02 1 0)
s>        ( - 1.642e+03 1 0))INFO: dtree.c(1351): Comp split 42
INFO: dtree.c(1483): stop. leaf nodes are specific
INFO: dtree.c(1524): Final simple tree
|( QUESTION0_8_R 1 6.653e+03 1.944e+02 4.514e+02
|    ( - 4.027e+02 1 0)
|    ( QUESTION0 -1 6.444e+03 1.814e+02 4.322e+02
|        ( QUESTION0_1_R 1 4.644e+03 1.583e+02 3.192e+02
|            ( - 1.127e+03 2 0)
|            ( - 3.675e+03 4 0))
|        ( QUESTION0_0_R 1 1.982e+03 2.204e+02 1.131e+02
|            ( - 2.706e+02 1 0)
|            ( - 1.932e+03 2 0))))
s>    ( QUESTION0_8_R 1 6.653e+03 1.944e+02 4.514e+02
s>        ( - 4.027e+02 1 0)
s>        ( QUESTION0 -1 6.444e+03 1.814e+02 4.322e+02
s>            ( QUESTION0_1_R 1 4.644e+03 1.583e+02 3.192e+02
s>                ( - 1.127e+03 2 0)
s>                ( - 3.675e+03 4 0))
s>            ( QUESTION0_0_R 1 1.982e+03 2.204e+02 1.131e+02
s>                ( - 2.706e+02 1 0)
s>                ( - 1.932e+03 2 0))))INFO: dtree.c(1351): Comp split 43
INFO: dtree.c(1483): stop. leaf nodes are specific
INFO: dtree.c(1524): Final simple tree
|( QUESTION2_1_L -1 2.662e+03 2.133e+02 1.436e+02
|    ( - 1.831e+03 1 0)
|    ( - 1.045e+03 1 0))
s>    ( QUESTION2_1_L -1 2.662e+03 2.133e+02 1.436e+02
s>        ( - 1.831e+03 1 0)
s>        ( - 1.045e+03 1 0))INFO: dtree.c(1351): Comp split 44
INFO: dtree.c(1351): Comp split 45
INFO: dtree.c(1351): Comp split 46
INFO: dtree.c(1483): stop. leaf nodes are specific
INFO: dtree.c(1524): Final simple tree
|( WDBNDRY_B 0 -4.272e+02 2.454e+02 9.654e+01
|    ( - 2.388e+02 1 0)
|    ( QUESTION2 -1 -4.207e+02 1.146e+02 9.554e+01
|        ( - -3.671e+02 1 0)
|        ( - 6.106e+01 1 0)))
s>    ( WDBNDRY_B 0 -4.272e+02 2.454e+02 9.654e+01
s>        ( - 2.388e+02 1 0)
s>        ( QUESTION2 -1 -4.207e+02 1.146e+02 9.554e+01
s>            ( - -3.671e+02 1 0)
s>            ( - 6.106e+01 1 0)))INFO: dtree.c(1351): Comp split 47
INFO: dtree.c(1483): stop. leaf nodes are specific
INFO: dtree.c(1524): Final simple tree
|( QUESTION0_5_R 1 -6.959e+02 2.424e+02 2.100e+02
|    ( - 2.440e+02 1 0)
|    ( QUESTION0_14_R 1 -6.976e+02 1.910e+02 2.090e+02
|        ( - 1.897e+02 1 0)
|        ( QUESTION0_0_R 1 -6.963e+02 1.575e+02 2.070e+02
|            ( - -6.756e+02 1 0)
|            ( - 1.369e+02 1 0))))
s>    ( QUESTION0_5_R 1 -6.959e+02 2.424e+02 2.100e+02
s>        ( - 2.440e+02 1 0)
s>        ( QUESTION0_14_R 1 -6.976e+02 1.910e+02 2.090e+02
s>            ( - 1.897e+02 1 0)
s>            ( QUESTION0_0_R 1 -6.963e+02 1.575e+02 2.070e+02
s>                ( - -6.756e+02 1 0)
s>                ( - 1.369e+02 1 0))))INFO: dtree.c(1351): Comp split 48
INFO: dtree.c(1483): stop. leaf nodes are specific
INFO: dtree.c(1524): Final simple tree
|( QUESTION2 -1 -4.207e+02 1.146e+02 9.554e+01
|    ( - -3.671e+02 1 0)
|    ( - 6.106e+01 1 0))
s>    ( QUESTION2 -1 -4.207e+02 1.146e+02 9.554e+01
s>        ( - -3.671e+02 1 0)
s>        ( - 6.106e+01 1 0))INFO: dtree.c(1351): Comp split 49
INFO: dtree.c(1483): stop. leaf nodes are specific
INFO: dtree.c(1524): Final simple tree
|( QUESTION0_14_R 1 -6.976e+02 1.910e+02 2.090e+02
|    ( - 1.897e+02 1 0)
|    ( QUESTION0_0_R 1 -6.963e+02 1.575e+02 2.070e+02
|        ( - -6.756e+02 1 0)
|        ( - 1.369e+02 1 0)))
s>    ( QUESTION0_14_R 1 -6.976e+02 1.910e+02 2.090e+02
s>        ( - 1.897e+02 1 0)
s>        ( QUESTION0_0_R 1 -6.963e+02 1.575e+02 2.070e+02
s>            ( - -6.756e+02 1 0)
s>            ( - 1.369e+02 1 0)))INFO: dtree.c(1351): Comp split 50
INFO: dtree.c(1483): stop. leaf nodes are specific
INFO: dtree.c(1524): Final simple tree
|( QUESTION0_5_R 1 1.239e+03 1.563e+02 5.714e+01
|    ( - 1.283e+03 1 0)
|    ( - 1.126e+02 1 0))
s>    ( QUESTION0_5_R 1 1.239e+03 1.563e+02 5.714e+01
s>        ( - 1.283e+03 1 0)
s>        ( - 1.126e+02 1 0))INFO: dtree.c(1351): Comp split 51
INFO: dtree.c(1351): Comp split 52
INFO: dtree.c(1483): stop. leaf nodes are specific
INFO: dtree.c(1524): Final simple tree
|( QUESTION0_0_R 1 9.244e+02 1.715e+02 4.780e+01
|    ( - 4.731e+02 1 0)
|    ( - 6.228e+02 1 0))
s>    ( QUESTION0_0_R 1 9.244e+02 1.715e+02 4.780e+01
s>        ( - 4.731e+02 1 0)
s>        ( - 6.228e+02 1 0))INFO: dtree.c(1351): Comp split 53
INFO: dtree.c(1483): stop. leaf nodes are specific
INFO: dtree.c(1524): Final simple tree
|( QUESTION0_8_R 1 6.605e+03 1.948e+02 4.464e+02
|    ( - 4.027e+02 1 0)
|    ( QUESTION0_0_R 1 6.397e+03 1.785e+02 4.272e+02
|        ( QUESTION0_1_R 1 4.644e+03 1.583e+02 3.192e+02
|            ( - 1.127e+03 2 0)
|            ( - 3.675e+03 4 0))
|        ( - 1.932e+03 2 0)))
s>    ( QUESTION0_8_R 1 6.605e+03 1.948e+02 4.464e+02
s>        ( - 4.027e+02 1 0)
s>        ( QUESTION0_0_R 1 6.397e+03 1.785e+02 4.272e+02
s>            ( QUESTION0_1_R 1 4.644e+03 1.583e+02 3.192e+02
s>                ( - 1.127e+03 2 0)
s>                ( - 3.675e+03 4 0))
s>            ( - 1.932e+03 2 0)))INFO: dtree.c(1351): Comp split 54
INFO: dtree.c(1351): Comp split 55
INFO: dtree.c(1351): Comp split 56
INFO: dtree.c(1351): Comp split 57
INFO: dtree.c(1351): Comp split 58
INFO: dtree.c(1483): stop. leaf nodes are specific
INFO: dtree.c(1524): Final simple tree
|( QUESTION13 1 1.152e+03 2.022e+02 4.600e+01
|    ( - 4.591e+02 1 0)
|    ( - 8.947e+02 2 0))
s>    ( QUESTION13 1 1.152e+03 2.022e+02 4.600e+01
s>        ( - 4.591e+02 1 0)
s>        ( - 8.947e+02 2 0))INFO: dtree.c(1351): Comp split 59
INFO: dtree.c(1351): Comp split 60
INFO: dtree.c(1483): stop. leaf nodes are specific
INFO: dtree.c(1524): Final simple tree
|( QUESTION0_0_R 1 7.608e+02 1.542e+02 3.100e+01
|    ( - 3.238e+02 1 0)
|    ( - 5.912e+02 1 0))
s>    ( QUESTION0_0_R 1 7.608e+02 1.542e+02 3.100e+01
s>        ( - 3.238e+02 1 0)
s>        ( - 5.912e+02 1 0))INFO: dtree.c(1351): Comp split 61
INFO: dtree.c(1351): Comp split 62
INFO: dtree.c(1351): Comp split 63
INFO: dtree.c(1483): stop. leaf nodes are specific
INFO: dtree.c(1524): Final simple tree
|( QUESTION0_0_R 1 6.397e+03 1.785e+02 4.272e+02
|    ( QUESTION0_1_R 1 4.644e+03 1.583e+02 3.192e+02
|        ( - 1.127e+03 2 0)
|        ( - 3.675e+03 4 0))
|    ( - 1.932e+03 2 0))
s>    ( QUESTION0_0_R 1 6.397e+03 1.785e+02 4.272e+02
s>        ( QUESTION0_1_R 1 4.644e+03 1.583e+02 3.192e+02
s>            ( - 1.127e+03 2 0)
s>            ( - 3.675e+03 4 0))
s>        ( - 1.932e+03 2 0))INFO: dtree.c(1351): Comp split 64
INFO: dtree.c(1483): stop. leaf nodes are specific
INFO: dtree.c(1524): Final simple tree
|( QUESTION3 -1 -1.180e+03 1.384e+02 3.984e+02
|    ( - 5.997e+00 1 0)
|    ( - -1.048e+03 2 0))
s>    ( QUESTION3 -1 -1.180e+03 1.384e+02 3.984e+02
s>        ( - 5.997e+00 1 0)
s>        ( - -1.048e+03 2 0))INFO: dtree.c(1351): Comp split 65
INFO: dtree.c(1483): stop. leaf nodes are specific
INFO: dtree.c(1524): Final simple tree
|( QUESTION0_0_R 1 -6.963e+02 1.575e+02 2.070e+02
|    ( - -6.756e+02 1 0)
|    ( - 1.369e+02 1 0))
s>    ( QUESTION0_0_R 1 -6.963e+02 1.575e+02 2.070e+02
s>        ( - -6.756e+02 1 0)
s>        ( - 1.369e+02 1 0))INFO: dtree.c(1351): Comp split 66
INFO: dtree.c(1351): Comp split 67
INFO: dtree.c(1483): stop. leaf nodes are specific
INFO: dtree.c(1524): Final simple tree
|( QUESTION0_1_R 1 4.644e+03 1.583e+02 3.192e+02
|    ( - 1.127e+03 2 0)
|    ( - 3.675e+03 4 0))
s>    ( QUESTION0_1_R 1 4.644e+03 1.583e+02 3.192e+02
s>        ( - 1.127e+03 2 0)
s>        ( - 3.675e+03 4 0))INFO: dtree.c(1351): Comp split 68
INFO: dtree.c(1351): Comp split 69
INFO: dtree.c(1351): Comp split 70
INFO: dtree.c(1351): Comp split 71
INFO: dtree.c(1351): Comp split 72
INFO: dtree.c(1351): Comp split 73
INFO: dtree.c(1351): Comp split 74
INFO: dtree.c(1351): Comp split 75
INFO: dtree.c(1351): Comp split 76
INFO: dtree.c(1351): Comp split 77
INFO: dtree.c(1351): Comp split 78
INFO: dtree.c(1351): Comp split 79
INFO: dtree.c(1351): Comp split 80
INFO: dtree.c(1351): Comp split 81
INFO: dtree.c(1354): stop. leaf nodes are specific
Tue May 31 10:27:52 2011
