INFO: cmd_ln.c(691): Parsing command line:
/home/xkrajnan/Plocha/GSoC/PocketSphinx/an4/bin/bldtree \
	-treefn /home/xkrajnan/Plocha/GSoC/PocketSphinx/an4/trees/an4.unpruned/B-0.dtree \
	-moddeffn /home/xkrajnan/Plocha/GSoC/PocketSphinx/an4/model_architecture/an4.untied.mdef \
	-mixwfn /home/xkrajnan/Plocha/GSoC/PocketSphinx/an4/model_parameters/an4.cd_cont_untied/mixture_weights \
	-ts2cbfn .cont. \
	-mwfloor 1e-08 \
	-psetfn /home/xkrajnan/Plocha/GSoC/PocketSphinx/an4/model_architecture/an4.tree_questions \
	-phone B \
	-state 0 \
	-stwt 1.0,0.05,0.0 \
	-meanfn /home/xkrajnan/Plocha/GSoC/PocketSphinx/an4/model_parameters/an4.cd_cont_untied/means \
	-varfn /home/xkrajnan/Plocha/GSoC/PocketSphinx/an4/model_parameters/an4.cd_cont_untied/variances \
	-fullvar no \
	-ssplitmin 1 \
	-ssplitmax 7 \
	-ssplitthr 0 \
	-csplitmin 1 \
	-csplitmax 2000 \
	-csplitthr 0 

Current configuration:
[NAME]		[DEFLT]	[VALUE]
-allphones	no	no
-cntthresh	0.00001	1.000000e-05
-csplitmax	100	2000
-csplitmin	1	1
-csplitthr	8e-4	0.000000e+00
-example	no	no
-fullvar	no	no
-help		no	no
-meanfn			/home/xkrajnan/Plocha/GSoC/PocketSphinx/an4/model_parameters/an4.cd_cont_untied/means
-mixwfn			/home/xkrajnan/Plocha/GSoC/PocketSphinx/an4/model_parameters/an4.cd_cont_untied/mixture_weights
-moddeffn		/home/xkrajnan/Plocha/GSoC/PocketSphinx/an4/model_architecture/an4.untied.mdef
-mwfloor	1e-4	1.000000e-08
-phone			B
-psetfn			/home/xkrajnan/Plocha/GSoC/PocketSphinx/an4/model_architecture/an4.tree_questions
-ssplitmax	5	7
-ssplitmin	1	1
-ssplitthr	8e-4	0.000000e+00
-state			0
-stwt			1.0,0.05,0.0,
-treefn			/home/xkrajnan/Plocha/GSoC/PocketSphinx/an4/trees/an4.unpruned/B-0.dtree
-ts2cbfn	.semi.	.cont.
-varfloor	0.00001	1.000000e-05
-varfn			/home/xkrajnan/Plocha/GSoC/PocketSphinx/an4/model_parameters/an4.cd_cont_untied/variances

INFO: main.c(228): Reading: /home/xkrajnan/Plocha/GSoC/PocketSphinx/an4/model_architecture/an4.untied.mdef
INFO: model_def_io.c(587): Model definition info:
INFO: model_def_io.c(588): 1618 total models defined (34 base, 1584 tri)
INFO: model_def_io.c(589): 6472 total states
INFO: model_def_io.c(590): 4854 total tied states
INFO: model_def_io.c(591): 102 total tied CI states
INFO: model_def_io.c(592): 34 total tied transition matrices
INFO: model_def_io.c(593): 4 max state/model
INFO: model_def_io.c(594): 4 min state/model
INFO: main.c(247): Building trees for [B AH AH i] through [B UW IY b]
INFO: main.c(275): Covering states |[735 788]| == 54
INFO: main.c(282): Reading: /home/xkrajnan/Plocha/GSoC/PocketSphinx/an4/model_parameters/an4.cd_cont_untied/mixture_weights
INFO: s3mixw_io.c(172): Read /home/xkrajnan/Plocha/GSoC/PocketSphinx/an4/model_parameters/an4.cd_cont_untied/mixture_weights [54x1x1 array]
INFO: main.c(320): 18 of 18 models have observation count greater than 0.000010
INFO: main.c(94): nrm stwt: 0.952 0.048 0.000 
INFO: s3gau_io.c(166): Read /home/xkrajnan/Plocha/GSoC/PocketSphinx/an4/model_parameters/an4.cd_cont_untied/means [4854x1x1 array]
INFO: s3gau_io.c(166): Read /home/xkrajnan/Plocha/GSoC/PocketSphinx/an4/model_parameters/an4.cd_cont_untied/variances [4854x1x1 array]
INFO: main.c(576): Reading: /home/xkrajnan/Plocha/GSoC/PocketSphinx/an4/model_architecture/an4.tree_questions
INFO: main.c(619): 180 total simple questions (172 phone; 8 word bndry)
INFO: main.c(621): 42 Left Only questions, and 42 Right Only questions
INFO: dtree.c(1524): Final simple tree
|( QUESTION0_13_R 1 4.263e+02 2.767e+03 1.987e+03
|    ( QUESTION2_9_L -1 3.725e+03 2.013e+03 1.905e+03
|        ( - 7.241e+03 3 0 QUESTION0 -1 2.786e+02 7.127e+02)
|        ( SILENCE -1 -1.503e+03 9.375e+02 1.192e+03
|            ( - -6.354e+01 1 0)
|            ( QUESTION2_1_L -1 -5.022e+02 8.191e+02 6.772e+02
|                ( - -6.298e+02 1 0)
|                ( QUESTION12 1 9.468e+02 3.914e+02 5.837e+02
|                    ( - 1.636e+03 2 0 QUESTION12 -1 2.182e+02 3.389e+02)
|                    ( QUESTION2_0_L -1 -2.975e+02 5.166e+02 2.448e+02
|                        ( - -3.472e+02 2 0 QUESTION0 -1 1.758e+02 6.135e+01)
|                        ( WDBNDRY_B 0 5.663e+02 3.504e+02 1.835e+02
|                            ( - 1.078e+03 6 0 QUESTION2_17_L -1 3.105e+02 1.575e+02)
|                            ( - -1.611e+02 2 0 QUESTION0 -1 1.881e+02 2.600e+01)))))))
|    ( - -5.309e+02 1 0))
s>    ( QUESTION0_13_R 1 4.263e+02 2.767e+03 1.987e+03
s>        ( QUESTION2_9_L -1 3.725e+03 2.013e+03 1.905e+03
s>            ( - 7.241e+03 3 0 QUESTION0 -1 2.786e+02 7.127e+02)
s>            ( SILENCE -1 -1.503e+03 9.375e+02 1.192e+03
s>                ( - -6.354e+01 1 0)
s>                ( QUESTION2_1_L -1 -5.022e+02 8.191e+02 6.772e+02
s>                    ( - -6.298e+02 1 0)
s>                    ( QUESTION12 1 9.468e+02 3.914e+02 5.837e+02
s>                        ( - 1.636e+03 2 0 QUESTION12 -1 2.182e+02 3.389e+02)
s>                        ( QUESTION2_0_L -1 -2.975e+02 5.166e+02 2.448e+02
s>                            ( - -3.472e+02 2 0 QUESTION0 -1 1.758e+02 6.135e+01)
s>                            ( WDBNDRY_B 0 5.663e+02 3.504e+02 1.835e+02
s>                                ( - 1.078e+03 6 0 QUESTION2_17_L -1 3.105e+02 1.575e+02)
s>                                ( - -1.611e+02 2 0 QUESTION0 -1 1.881e+02 2.600e+01)))))))
s>        ( - -5.309e+02 1 0))INFO: dtree.c(1351): Comp split 0
INFO: dtree.c(1483): stop. leaf nodes are specific
INFO: dtree.c(1524): Final simple tree
|( QUESTION0_13_R 1 -3.275e+03 1.130e+03 2.627e+02
|    ( QUESTION2_1_L -1 -1.614e+03 2.568e+02 1.808e+02
|        ( - -6.298e+02 1 0)
|        ( QUESTION0 -1 -7.275e+02 2.206e+02 8.735e+01
|            ( WDBNDRY_B 0 -2.393e+02 1.707e+02 6.783e+01
|                ( - -4.341e+01 1 0)
|                ( - -2.517e+01 1 0))
|            ( WDBNDRY_B 0 -2.676e+02 1.917e+02 1.952e+01
|                ( - -1.280e+02 1 0)
|                ( - 5.219e+01 1 0))))
|    ( - -5.309e+02 1 0))
s>    ( QUESTION0_13_R 1 -3.275e+03 1.130e+03 2.627e+02
s>        ( QUESTION2_1_L -1 -1.614e+03 2.568e+02 1.808e+02
s>            ( - -6.298e+02 1 0)
s>            ( QUESTION0 -1 -7.275e+02 2.206e+02 8.735e+01
s>                ( WDBNDRY_B 0 -2.393e+02 1.707e+02 6.783e+01
s>                    ( - -4.341e+01 1 0)
s>                    ( - -2.517e+01 1 0))
s>                ( WDBNDRY_B 0 -2.676e+02 1.917e+02 1.952e+01
s>                    ( - -1.280e+02 1 0)
s>                    ( - 5.219e+01 1 0))))
s>        ( - -5.309e+02 1 0))INFO: dtree.c(1524): Final simple tree
|( SILENCE -1 7.051e+03 1.789e+03 1.724e+03
|    ( - -6.354e+01 1 0)
|    ( QUESTION2_9_L -1 8.903e+03 7.702e+02 1.209e+03
|        ( QUESTION0 -1 7.241e+03 2.786e+02 7.127e+02
|            ( - 7.249e+03 2 0)
|            ( - 2.711e+02 1 0))
|        ( QUESTION2_18_L -1 2.432e+03 3.643e+02 4.964e+02
|            ( - 7.083e+02 1 0)
|            ( WDBNDRY_B 0 2.088e+03 2.272e+02 4.354e+02
|                ( QUESTION11 -1 6.800e+02 1.874e+02 9.649e+01
|                    ( - 1.433e+02 1 0)
|                    ( - 7.240e+02 4 0 QUESTION0 -1 1.757e+02 9.249e+01))
|                ( QUESTION12 -1 1.636e+03 2.182e+02 3.389e+02
|                    ( - 1.731e+03 1 0)
|                    ( - 1.228e+02 1 0))))))
s>    ( SILENCE -1 7.051e+03 1.789e+03 1.724e+03
s>        ( - -6.354e+01 1 0)
s>        ( QUESTION2_9_L -1 8.903e+03 7.702e+02 1.209e+03
s>            ( QUESTION0 -1 7.241e+03 2.786e+02 7.127e+02
s>                ( - 7.249e+03 2 0)
s>                ( - 2.711e+02 1 0))
s>            ( QUESTION2_18_L -1 2.432e+03 3.643e+02 4.964e+02
s>                ( - 7.083e+02 1 0)
s>                ( WDBNDRY_B 0 2.088e+03 2.272e+02 4.354e+02
s>                    ( QUESTION11 -1 6.800e+02 1.874e+02 9.649e+01
s>                        ( - 1.433e+02 1 0)
s>                        ( - 7.240e+02 4 0 QUESTION0 -1 1.757e+02 9.249e+01))
s>                    ( QUESTION12 -1 1.636e+03 2.182e+02 3.389e+02
s>                        ( - 1.731e+03 1 0)
s>                        ( - 1.228e+02 1 0))))))INFO: dtree.c(1351): Comp split 1
INFO: dtree.c(1483): stop. leaf nodes are specific
INFO: dtree.c(1524): Final simple tree
|( WDBNDRY_B 0 -1.577e+02 2.170e+02 5.169e+02
|    ( - -6.354e+01 1 0)
|    ( - 1.228e+02 1 0))
s>    ( WDBNDRY_B 0 -1.577e+02 2.170e+02 5.169e+02
s>        ( - -6.354e+01 1 0)
s>        ( - 1.228e+02 1 0))INFO: dtree.c(1483): stop. leaf nodes are specific
INFO: dtree.c(1524): Final simple tree
|( QUESTION2_9_L -1 9.030e+03 7.457e+02 1.207e+03
|    ( QUESTION0 -1 7.241e+03 2.786e+02 7.127e+02
|        ( - 7.249e+03 2 0)
|        ( - 2.711e+02 1 0))
|    ( QUESTION2_18_L -1 2.535e+03 3.600e+02 4.944e+02
|        ( - 7.083e+02 1 0)
|        ( WDBNDRY_B 0 2.186e+03 2.246e+02 4.334e+02
|            ( QUESTION11 -1 6.800e+02 1.874e+02 9.649e+01
|                ( - 1.433e+02 1 0)
|                ( QUESTION0 -1 7.240e+02 1.757e+02 9.249e+01
|                    ( - 4.222e+02 3 0)
|                    ( - 4.775e+02 1 0)))
|            ( - 1.731e+03 1 0))))
s>    ( QUESTION2_9_L -1 9.030e+03 7.457e+02 1.207e+03
s>        ( QUESTION0 -1 7.241e+03 2.786e+02 7.127e+02
s>            ( - 7.249e+03 2 0)
s>            ( - 2.711e+02 1 0))
s>        ( QUESTION2_18_L -1 2.535e+03 3.600e+02 4.944e+02
s>            ( - 7.083e+02 1 0)
s>            ( WDBNDRY_B 0 2.186e+03 2.246e+02 4.334e+02
s>                ( QUESTION11 -1 6.800e+02 1.874e+02 9.649e+01
s>                    ( - 1.433e+02 1 0)
s>                    ( QUESTION0 -1 7.240e+02 1.757e+02 9.249e+01
s>                        ( - 4.222e+02 3 0)
s>                        ( - 4.775e+02 1 0)))
s>                ( - 1.731e+03 1 0))))INFO: dtree.c(1351): Comp split 2
INFO: dtree.c(1483): stop. leaf nodes are specific
INFO: dtree.c(1524): Final simple tree
|( QUESTION0_13_R 1 -7.112e+02 2.325e+02 8.882e+01
|    ( - 5.219e+01 1 0)
|    ( - -5.309e+02 1 0))
s>    ( QUESTION0_13_R 1 -7.112e+02 2.325e+02 8.882e+01
s>        ( - 5.219e+01 1 0)
s>        ( - -5.309e+02 1 0))INFO: dtree.c(1483): stop. leaf nodes are specific
INFO: dtree.c(1524): Final simple tree
|( QUESTION2_1_L -1 -1.419e+03 2.303e+02 1.738e+02
|    ( - -6.298e+02 1 0)
|    ( QUESTION0 -1 -5.592e+02 1.918e+02 8.035e+01
|        ( WDBNDRY_B 0 -2.393e+02 1.707e+02 6.783e+01
|            ( - -4.341e+01 1 0)
|            ( - -2.517e+01 1 0))
|        ( - -1.280e+02 1 0)))
s>    ( QUESTION2_1_L -1 -1.419e+03 2.303e+02 1.738e+02
s>        ( - -6.298e+02 1 0)
s>        ( QUESTION0 -1 -5.592e+02 1.918e+02 8.035e+01
s>            ( WDBNDRY_B 0 -2.393e+02 1.707e+02 6.783e+01
s>                ( - -4.341e+01 1 0)
s>                ( - -2.517e+01 1 0))
s>            ( - -1.280e+02 1 0)))INFO: dtree.c(1351): Comp split 3
INFO: dtree.c(1483): stop. leaf nodes are specific
INFO: dtree.c(1524): Final simple tree
|( QUESTION2_14_L -1 2.282e+03 2.243e+02 4.794e+02
|    ( QUESTION11 -1 6.800e+02 1.874e+02 9.649e+01
|        ( - 1.433e+02 1 0)
|        ( QUESTION0 -1 7.240e+02 1.757e+02 9.249e+01
|            ( - 4.222e+02 3 0)
|            ( - 4.775e+02 1 0)))
|    ( WDBNDRY_B 0 1.827e+03 1.755e+02 3.829e+02
|        ( - 2.711e+02 1 0)
|        ( - 1.731e+03 1 0)))
s>    ( QUESTION2_14_L -1 2.282e+03 2.243e+02 4.794e+02
s>        ( QUESTION11 -1 6.800e+02 1.874e+02 9.649e+01
s>            ( - 1.433e+02 1 0)
s>            ( QUESTION0 -1 7.240e+02 1.757e+02 9.249e+01
s>                ( - 4.222e+02 3 0)
s>                ( - 4.775e+02 1 0)))
s>        ( WDBNDRY_B 0 1.827e+03 1.755e+02 3.829e+02
s>            ( - 2.711e+02 1 0)
s>            ( - 1.731e+03 1 0)))INFO: dtree.c(1483): stop. leaf nodes are specific
INFO: dtree.c(1524): Final simple tree
|( QUESTION0 -1 7.732e+03 2.247e+02 7.277e+02
|    ( - 7.249e+03 2 0)
|    ( - 7.083e+02 1 0))
s>    ( QUESTION0 -1 7.732e+03 2.247e+02 7.277e+02
s>        ( - 7.249e+03 2 0)
s>        ( - 7.083e+02 1 0))INFO: dtree.c(1351): Comp split 4
INFO: dtree.c(1483): stop. leaf nodes are specific
INFO: dtree.c(1524): Final simple tree
|( WDBNDRY_B 0 -2.393e+02 1.707e+02 6.783e+01
|    ( - -4.341e+01 1 0)
|    ( - -2.517e+01 1 0))
s>    ( WDBNDRY_B 0 -2.393e+02 1.707e+02 6.783e+01
s>        ( - -4.341e+01 1 0)
s>        ( - -2.517e+01 1 0))INFO: dtree.c(1483): stop. leaf nodes are specific
INFO: dtree.c(1524): Final simple tree
|( QUESTION0 -1 -9.272e+02 1.694e+02 1.060e+02
|    ( - -6.298e+02 1 0)
|    ( - -1.280e+02 1 0))
s>    ( QUESTION0 -1 -9.272e+02 1.694e+02 1.060e+02
s>        ( - -6.298e+02 1 0)
s>        ( - -1.280e+02 1 0))INFO: dtree.c(1351): Comp split 5
INFO: dtree.c(1351): Comp split 6
INFO: dtree.c(1351): Comp split 7
INFO: dtree.c(1483): stop. leaf nodes are specific
INFO: dtree.c(1524): Final simple tree
|( QUESTION11 -1 6.800e+02 1.874e+02 9.649e+01
|    ( - 1.433e+02 1 0)
|    ( QUESTION0 -1 7.240e+02 1.757e+02 9.249e+01
|        ( - 4.222e+02 3 0)
|        ( - 4.775e+02 1 0)))
s>    ( QUESTION11 -1 6.800e+02 1.874e+02 9.649e+01
s>        ( - 1.433e+02 1 0)
s>        ( QUESTION0 -1 7.240e+02 1.757e+02 9.249e+01
s>            ( - 4.222e+02 3 0)
s>            ( - 4.775e+02 1 0)))INFO: dtree.c(1483): stop. leaf nodes are specific
INFO: dtree.c(1524): Final simple tree
|( WDBNDRY_B 0 1.827e+03 1.755e+02 3.829e+02
|    ( - 2.711e+02 1 0)
|    ( - 1.731e+03 1 0))
s>    ( WDBNDRY_B 0 1.827e+03 1.755e+02 3.829e+02
s>        ( - 2.711e+02 1 0)
s>        ( - 1.731e+03 1 0))INFO: dtree.c(1351): Comp split 8
INFO: dtree.c(1351): Comp split 9
INFO: dtree.c(1483): stop. leaf nodes are specific
INFO: dtree.c(1524): Final simple tree
|( QUESTION0 -1 7.240e+02 1.757e+02 9.249e+01
|    ( - 4.222e+02 3 0)
|    ( - 4.775e+02 1 0))
s>    ( QUESTION0 -1 7.240e+02 1.757e+02 9.249e+01
s>        ( - 4.222e+02 3 0)
s>        ( - 4.775e+02 1 0))INFO: dtree.c(1351): Comp split 10
INFO: dtree.c(1351): Comp split 11
INFO: dtree.c(1351): Comp split 12
INFO: dtree.c(1351): Comp split 13
INFO: dtree.c(1351): Comp split 14
INFO: dtree.c(1354): stop. leaf nodes are specific
Tue May 31 10:27:55 2011
