INFO: cmd_ln.c(691): Parsing command line:
/home/xkrajnan/Plocha/GSoC/PocketSphinx/an4/bin/bldtree \
	-treefn /home/xkrajnan/Plocha/GSoC/PocketSphinx/an4/trees/an4.unpruned/ER-1.dtree \
	-moddeffn /home/xkrajnan/Plocha/GSoC/PocketSphinx/an4/model_architecture/an4.untied.mdef \
	-mixwfn /home/xkrajnan/Plocha/GSoC/PocketSphinx/an4/model_parameters/an4.cd_cont_untied/mixture_weights \
	-ts2cbfn .cont. \
	-mwfloor 1e-08 \
	-psetfn /home/xkrajnan/Plocha/GSoC/PocketSphinx/an4/model_architecture/an4.tree_questions \
	-phone ER \
	-state 1 \
	-stwt 1.0,0.05,0.0 \
	-meanfn /home/xkrajnan/Plocha/GSoC/PocketSphinx/an4/model_parameters/an4.cd_cont_untied/means \
	-varfn /home/xkrajnan/Plocha/GSoC/PocketSphinx/an4/model_parameters/an4.cd_cont_untied/variances \
	-fullvar no \
	-ssplitmin 1 \
	-ssplitmax 7 \
	-ssplitthr 0 \
	-csplitmin 1 \
	-csplitmax 2000 \
	-csplitthr 0 

Current configuration:
[NAME]		[DEFLT]	[VALUE]
-allphones	no	no
-cntthresh	0.00001	1.000000e-05
-csplitmax	100	2000
-csplitmin	1	1
-csplitthr	8e-4	0.000000e+00
-example	no	no
-fullvar	no	no
-help		no	no
-meanfn			/home/xkrajnan/Plocha/GSoC/PocketSphinx/an4/model_parameters/an4.cd_cont_untied/means
-mixwfn			/home/xkrajnan/Plocha/GSoC/PocketSphinx/an4/model_parameters/an4.cd_cont_untied/mixture_weights
-moddeffn		/home/xkrajnan/Plocha/GSoC/PocketSphinx/an4/model_architecture/an4.untied.mdef
-mwfloor	1e-4	1.000000e-08
-phone			ER
-psetfn			/home/xkrajnan/Plocha/GSoC/PocketSphinx/an4/model_architecture/an4.tree_questions
-ssplitmax	5	7
-ssplitmin	1	1
-ssplitthr	8e-4	0.000000e+00
-state			1
-stwt			1.0,0.05,0.0,
-treefn			/home/xkrajnan/Plocha/GSoC/PocketSphinx/an4/trees/an4.unpruned/ER-1.dtree
-ts2cbfn	.semi.	.cont.
-varfloor	0.00001	1.000000e-05
-varfn			/home/xkrajnan/Plocha/GSoC/PocketSphinx/an4/model_parameters/an4.cd_cont_untied/variances

INFO: main.c(228): Reading: /home/xkrajnan/Plocha/GSoC/PocketSphinx/an4/model_architecture/an4.untied.mdef
INFO: model_def_io.c(587): Model definition info:
INFO: model_def_io.c(588): 1618 total models defined (34 base, 1584 tri)
INFO: model_def_io.c(589): 6472 total states
INFO: model_def_io.c(590): 4854 total tied states
INFO: model_def_io.c(591): 102 total tied CI states
INFO: model_def_io.c(592): 34 total tied transition matrices
INFO: model_def_io.c(593): 4 max state/model
INFO: model_def_io.c(594): 4 min state/model
INFO: main.c(247): Building trees for [ER B EY e] through [ER TH T i]
INFO: main.c(275): Covering states |[1272 1325]| == 54
INFO: main.c(282): Reading: /home/xkrajnan/Plocha/GSoC/PocketSphinx/an4/model_parameters/an4.cd_cont_untied/mixture_weights
INFO: s3mixw_io.c(172): Read /home/xkrajnan/Plocha/GSoC/PocketSphinx/an4/model_parameters/an4.cd_cont_untied/mixture_weights [54x1x1 array]
INFO: main.c(320): 18 of 18 models have observation count greater than 0.000010
INFO: main.c(94): nrm stwt: 0.045 0.909 0.045 
INFO: s3gau_io.c(166): Read /home/xkrajnan/Plocha/GSoC/PocketSphinx/an4/model_parameters/an4.cd_cont_untied/means [4854x1x1 array]
INFO: s3gau_io.c(166): Read /home/xkrajnan/Plocha/GSoC/PocketSphinx/an4/model_parameters/an4.cd_cont_untied/variances [4854x1x1 array]
INFO: main.c(576): Reading: /home/xkrajnan/Plocha/GSoC/PocketSphinx/an4/model_architecture/an4.tree_questions
INFO: main.c(619): 180 total simple questions (172 phone; 8 word bndry)
INFO: main.c(621): 42 Left Only questions, and 42 Right Only questions
INFO: dtree.c(1524): Final simple tree
|( QUESTION8 -1 -7.960e+03 9.098e+02 5.793e+02
|    ( QUESTION11 1 -5.526e+03 1.234e+02 4.361e+02
|        ( - -2.444e+02 1 0)
|        ( - -5.158e+03 7 0 QUESTION0_5_R 1 1.339e+02 4.128e+02))
|    ( QUESTION11 -1 -1.524e+03 4.290e+02 1.432e+02
|        ( QUESTION0_0_R 1 -2.930e+02 1.417e+02 9.168e+01
|            ( - -2.823e+02 1 0)
|            ( - 1.310e+02 1 0))
|        ( QUESTION0_14_R 1 -8.022e+02 2.811e+02 5.149e+01
|            ( - 2.377e+02 1 0)
|            ( QUESTION0_8_R 1 -7.588e+02 2.725e+02 5.049e+01
|                ( - 7.426e+00 1 0)
|                ( QUESTION11 1 -4.936e+02 2.179e+02 2.780e+01
|                    ( - -1.763e+02 1 0)
|                    ( - -9.950e+01 5 0 QUESTION0 1 1.221e+02 1.400e+01))))))
s>    ( QUESTION8 -1 -7.960e+03 9.098e+02 5.793e+02
s>        ( QUESTION11 1 -5.526e+03 1.234e+02 4.361e+02
s>            ( - -2.444e+02 1 0)
s>            ( - -5.158e+03 7 0 QUESTION0_5_R 1 1.339e+02 4.128e+02))
s>        ( QUESTION11 -1 -1.524e+03 4.290e+02 1.432e+02
s>            ( QUESTION0_0_R 1 -2.930e+02 1.417e+02 9.168e+01
s>                ( - -2.823e+02 1 0)
s>                ( - 1.310e+02 1 0))
s>            ( QUESTION0_14_R 1 -8.022e+02 2.811e+02 5.149e+01
s>                ( - 2.377e+02 1 0)
s>                ( QUESTION0_8_R 1 -7.588e+02 2.725e+02 5.049e+01
s>                    ( - 7.426e+00 1 0)
s>                    ( QUESTION11 1 -4.936e+02 2.179e+02 2.780e+01
s>                        ( - -1.763e+02 1 0)
s>                        ( - -9.950e+01 5 0 QUESTION0 1 1.221e+02 1.400e+01))))))INFO: dtree.c(1351): Comp split 0
INFO: dtree.c(1524): Final simple tree
|( QUESTION11 -1 -7.175e+02 2.942e+02 1.067e+02
|    ( QUESTION0_0_R 1 -2.930e+02 1.417e+02 9.168e+01
|        ( - -2.823e+02 1 0)
|        ( - 1.310e+02 1 0))
|    ( QUESTION0_14_R 1 -1.303e+02 2.685e+02 1.500e+01
|        ( - 2.377e+02 1 0)
|        ( QUESTION0 1 -9.950e+01 1.221e+02 1.400e+01
|            ( QUESTION0_0_R 1 -2.198e+01 2.566e+02 1.200e+01
|                ( WDBNDRY_E 0 3.317e+00 1.021e+02 1.100e+01
|                    ( QUESTION0_1_R 1 1.595e+01 2.889e+02 5.000e+00
|                        ( - 2.450e+02 1 0)
|                        ( - 5.985e+01 1 0))
|                    ( - 8.945e+01 1 0))
|                ( - 2.313e+02 1 0))
|            ( - 4.460e+01 1 0))))
s>    ( QUESTION11 -1 -7.175e+02 2.942e+02 1.067e+02
s>        ( QUESTION0_0_R 1 -2.930e+02 1.417e+02 9.168e+01
s>            ( - -2.823e+02 1 0)
s>            ( - 1.310e+02 1 0))
s>        ( QUESTION0_14_R 1 -1.303e+02 2.685e+02 1.500e+01
s>            ( - 2.377e+02 1 0)
s>            ( QUESTION0 1 -9.950e+01 1.221e+02 1.400e+01
s>                ( QUESTION0_0_R 1 -2.198e+01 2.566e+02 1.200e+01
s>                    ( WDBNDRY_E 0 3.317e+00 1.021e+02 1.100e+01
s>                        ( QUESTION0_1_R 1 1.595e+01 2.889e+02 5.000e+00
s>                            ( - 2.450e+02 1 0)
s>                            ( - 5.985e+01 1 0))
s>                        ( - 8.945e+01 1 0))
s>                    ( - 2.313e+02 1 0))
s>                ( - 4.460e+01 1 0))))INFO: dtree.c(1524): Final simple tree
|( QUESTION3 -1 -6.298e+03 3.755e+02 4.726e+02
|    ( WDBNDRY_E 0 -3.966e+02 2.277e+02 3.649e+01
|        ( - -1.763e+02 1 0)
|        ( - 7.426e+00 1 0))
|    ( QUESTION11 1 -5.526e+03 1.234e+02 4.361e+02
|        ( - -2.444e+02 1 0)
|        ( QUESTION0_5_R 1 -5.158e+03 1.339e+02 4.128e+02
|            ( - -1.265e+03 1 0)
|            ( QUESTION0_11_R 1 -3.759e+03 1.179e+02 3.085e+02
|                ( - 7.951e+01 1 0)
|                ( QUESTION0_1_R 1 -3.721e+03 1.114e+02 3.035e+02
|                    ( - -1.684e+03 1 0)
|                    ( QUESTION0_14_R 1 -1.926e+03 1.153e+02 1.517e+02
|                        ( - -4.738e+02 1 0)
|                        ( - -1.337e+03 3 0 QUESTION0_0_R 1 8.544e+01 1.109e+02)))))))
s>    ( QUESTION3 -1 -6.298e+03 3.755e+02 4.726e+02
s>        ( WDBNDRY_E 0 -3.966e+02 2.277e+02 3.649e+01
s>            ( - -1.763e+02 1 0)
s>            ( - 7.426e+00 1 0))
s>        ( QUESTION11 1 -5.526e+03 1.234e+02 4.361e+02
s>            ( - -2.444e+02 1 0)
s>            ( QUESTION0_5_R 1 -5.158e+03 1.339e+02 4.128e+02
s>                ( - -1.265e+03 1 0)
s>                ( QUESTION0_11_R 1 -3.759e+03 1.179e+02 3.085e+02
s>                    ( - 7.951e+01 1 0)
s>                    ( QUESTION0_1_R 1 -3.721e+03 1.114e+02 3.035e+02
s>                        ( - -1.684e+03 1 0)
s>                        ( QUESTION0_14_R 1 -1.926e+03 1.153e+02 1.517e+02
s>                            ( - -4.738e+02 1 0)
s>                            ( - -1.337e+03 3 0 QUESTION0_0_R 1 8.544e+01 1.109e+02)))))))INFO: dtree.c(1351): Comp split 1
INFO: dtree.c(1524): Final simple tree
|( QUESTION11 1 -5.526e+03 1.234e+02 4.361e+02
|    ( - -2.444e+02 1 0)
|    ( QUESTION0_5_R 1 -5.158e+03 1.339e+02 4.128e+02
|        ( - -1.265e+03 1 0)
|        ( QUESTION0_11_R 1 -3.759e+03 1.179e+02 3.085e+02
|            ( - 7.951e+01 1 0)
|            ( QUESTION0_1_R 1 -3.721e+03 1.114e+02 3.035e+02
|                ( - -1.684e+03 1 0)
|                ( QUESTION0_14_R 1 -1.926e+03 1.153e+02 1.517e+02
|                    ( - -4.738e+02 1 0)
|                    ( QUESTION0_0_R 1 -1.337e+03 8.544e+01 1.109e+02
|                        ( - -1.668e+02 1 0)
|                        ( QUESTION0 1 -1.085e+03 7.152e+01 8.793e+01
|                            ( - -5.374e+02 1 0)
|                            ( - -4.757e+02 1 0))))))))
s>    ( QUESTION11 1 -5.526e+03 1.234e+02 4.361e+02
s>        ( - -2.444e+02 1 0)
s>        ( QUESTION0_5_R 1 -5.158e+03 1.339e+02 4.128e+02
s>            ( - -1.265e+03 1 0)
s>            ( QUESTION0_11_R 1 -3.759e+03 1.179e+02 3.085e+02
s>                ( - 7.951e+01 1 0)
s>                ( QUESTION0_1_R 1 -3.721e+03 1.114e+02 3.035e+02
s>                    ( - -1.684e+03 1 0)
s>                    ( QUESTION0_14_R 1 -1.926e+03 1.153e+02 1.517e+02
s>                        ( - -4.738e+02 1 0)
s>                        ( QUESTION0_0_R 1 -1.337e+03 8.544e+01 1.109e+02
s>                            ( - -1.668e+02 1 0)
s>                            ( QUESTION0 1 -1.085e+03 7.152e+01 8.793e+01
s>                                ( - -5.374e+02 1 0)
s>                                ( - -4.757e+02 1 0))))))))INFO: dtree.c(1483): stop. leaf nodes are specific
INFO: dtree.c(1524): Final simple tree
|( WDBNDRY_E 0 -3.966e+02 2.277e+02 3.649e+01
|    ( - -1.763e+02 1 0)
|    ( - 7.426e+00 1 0))
s>    ( WDBNDRY_E 0 -3.966e+02 2.277e+02 3.649e+01
s>        ( - -1.763e+02 1 0)
s>        ( - 7.426e+00 1 0))INFO: dtree.c(1351): Comp split 2
INFO: dtree.c(1483): stop. leaf nodes are specific
INFO: dtree.c(1524): Final simple tree
|( QUESTION0_0_R 1 -2.930e+02 1.417e+02 9.168e+01
|    ( - -2.823e+02 1 0)
|    ( - 1.310e+02 1 0))
s>    ( QUESTION0_0_R 1 -2.930e+02 1.417e+02 9.168e+01
s>        ( - -2.823e+02 1 0)
s>        ( - 1.310e+02 1 0))INFO: dtree.c(1483): stop. leaf nodes are specific
INFO: dtree.c(1524): Final simple tree
|( QUESTION0_14_R 1 -1.303e+02 2.685e+02 1.500e+01
|    ( - 2.377e+02 1 0)
|    ( QUESTION0 1 -9.950e+01 1.221e+02 1.400e+01
|        ( QUESTION0_0_R 1 -2.198e+01 2.566e+02 1.200e+01
|            ( WDBNDRY_E 0 3.317e+00 1.021e+02 1.100e+01
|                ( QUESTION0_1_R 1 1.595e+01 2.889e+02 5.000e+00
|                    ( - 2.450e+02 1 0)
|                    ( - 5.985e+01 1 0))
|                ( - 8.945e+01 1 0))
|            ( - 2.313e+02 1 0))
|        ( - 4.460e+01 1 0)))
s>    ( QUESTION0_14_R 1 -1.303e+02 2.685e+02 1.500e+01
s>        ( - 2.377e+02 1 0)
s>        ( QUESTION0 1 -9.950e+01 1.221e+02 1.400e+01
s>            ( QUESTION0_0_R 1 -2.198e+01 2.566e+02 1.200e+01
s>                ( WDBNDRY_E 0 3.317e+00 1.021e+02 1.100e+01
s>                    ( QUESTION0_1_R 1 1.595e+01 2.889e+02 5.000e+00
s>                        ( - 2.450e+02 1 0)
s>                        ( - 5.985e+01 1 0))
s>                    ( - 8.945e+01 1 0))
s>                ( - 2.313e+02 1 0))
s>            ( - 4.460e+01 1 0)))INFO: dtree.c(1351): Comp split 3
INFO: dtree.c(1483): stop. leaf nodes are specific
INFO: dtree.c(1524): Final simple tree
|( QUESTION0_14_R 1 -1.050e+02 2.697e+02 1.400e+01
|    ( - 2.377e+02 1 0)
|    ( QUESTION0 1 -7.301e+01 1.332e+02 1.300e+01
|        ( QUESTION0_0_R 1 1.559e+01 2.596e+02 1.100e+01
|            ( WDBNDRY_E 0 4.391e+01 1.054e+02 1.000e+01
|                ( - 5.985e+01 1 0)
|                ( - 8.945e+01 1 0))
|            ( - 2.313e+02 1 0))
|        ( - 4.460e+01 1 0)))
s>    ( QUESTION0_14_R 1 -1.050e+02 2.697e+02 1.400e+01
s>        ( - 2.377e+02 1 0)
s>        ( QUESTION0 1 -7.301e+01 1.332e+02 1.300e+01
s>            ( QUESTION0_0_R 1 1.559e+01 2.596e+02 1.100e+01
s>                ( WDBNDRY_E 0 4.391e+01 1.054e+02 1.000e+01
s>                    ( - 5.985e+01 1 0)
s>                    ( - 8.945e+01 1 0))
s>                ( - 2.313e+02 1 0))
s>            ( - 4.460e+01 1 0)))INFO: dtree.c(1351): Comp split 4
INFO: dtree.c(1483): stop. leaf nodes are specific
INFO: dtree.c(1524): Final simple tree
|( QUESTION0 1 -7.301e+01 1.332e+02 1.300e+01
|    ( QUESTION0_0_R 1 1.559e+01 2.596e+02 1.100e+01
|        ( WDBNDRY_E 0 4.391e+01 1.054e+02 1.000e+01
|            ( - 5.985e+01 1 0)
|            ( - 8.945e+01 1 0))
|        ( - 2.313e+02 1 0))
|    ( - 4.460e+01 1 0))
s>    ( QUESTION0 1 -7.301e+01 1.332e+02 1.300e+01
s>        ( QUESTION0_0_R 1 1.559e+01 2.596e+02 1.100e+01
s>            ( WDBNDRY_E 0 4.391e+01 1.054e+02 1.000e+01
s>                ( - 5.985e+01 1 0)
s>                ( - 8.945e+01 1 0))
s>            ( - 2.313e+02 1 0))
s>        ( - 4.460e+01 1 0))INFO: dtree.c(1351): Comp split 5
INFO: dtree.c(1483): stop. leaf nodes are specific
INFO: dtree.c(1524): Final simple tree
|( QUESTION0_0_R 1 -5.194e+01 1.405e+02 1.200e+01
|    ( WDBNDRY_E 0 4.391e+01 1.054e+02 1.000e+01
|        ( - 5.985e+01 1 0)
|        ( - 8.945e+01 1 0))
|    ( - 4.460e+01 1 0))
s>    ( QUESTION0_0_R 1 -5.194e+01 1.405e+02 1.200e+01
s>        ( WDBNDRY_E 0 4.391e+01 1.054e+02 1.000e+01
s>            ( - 5.985e+01 1 0)
s>            ( - 8.945e+01 1 0))
s>        ( - 4.460e+01 1 0))INFO: dtree.c(1351): Comp split 6
INFO: dtree.c(1351): Comp split 7
INFO: dtree.c(1483): stop. leaf nodes are specific
INFO: dtree.c(1524): Final simple tree
|( QUESTION0_5_R 1 -1.691e+03 1.102e+02 1.342e+02
|    ( - -2.444e+02 1 0)
|    ( QUESTION0_0_R 1 -1.337e+03 8.544e+01 1.109e+02
|        ( - -1.668e+02 1 0)
|        ( QUESTION0 1 -1.085e+03 7.152e+01 8.793e+01
|            ( - -5.374e+02 1 0)
|            ( - -4.757e+02 1 0))))
s>    ( QUESTION0_5_R 1 -1.691e+03 1.102e+02 1.342e+02
s>        ( - -2.444e+02 1 0)
s>        ( QUESTION0_0_R 1 -1.337e+03 8.544e+01 1.109e+02
s>            ( - -1.668e+02 1 0)
s>            ( QUESTION0 1 -1.085e+03 7.152e+01 8.793e+01
s>                ( - -5.374e+02 1 0)
s>                ( - -4.757e+02 1 0))))INFO: dtree.c(1483): stop. leaf nodes are specific
INFO: dtree.c(1524): Final simple tree
|( QUESTION0_8_R 1 -3.676e+03 1.148e+02 3.019e+02
|    ( - 7.951e+01 1 0)
|    ( QUESTION0_2_R 1 -3.641e+03 1.122e+02 2.969e+02
|        ( - -1.265e+03 1 0)
|        ( QUESTION0_0_R 1 -2.263e+03 1.058e+02 1.925e+02
|            ( - -1.684e+03 1 0)
|            ( - -4.738e+02 1 0))))
s>    ( QUESTION0_8_R 1 -3.676e+03 1.148e+02 3.019e+02
s>        ( - 7.951e+01 1 0)
s>        ( QUESTION0_2_R 1 -3.641e+03 1.122e+02 2.969e+02
s>            ( - -1.265e+03 1 0)
s>            ( QUESTION0_0_R 1 -2.263e+03 1.058e+02 1.925e+02
s>                ( - -1.684e+03 1 0)
s>                ( - -4.738e+02 1 0))))INFO: dtree.c(1351): Comp split 8
INFO: dtree.c(1351): Comp split 9
INFO: dtree.c(1483): stop. leaf nodes are specific
INFO: dtree.c(1524): Final simple tree
|( WDBNDRY_E 0 4.391e+01 1.054e+02 1.000e+01
|    ( - 5.985e+01 1 0)
|    ( - 8.945e+01 1 0))
s>    ( WDBNDRY_E 0 4.391e+01 1.054e+02 1.000e+01
s>        ( - 5.985e+01 1 0)
s>        ( - 8.945e+01 1 0))INFO: dtree.c(1351): Comp split 10
INFO: dtree.c(1483): stop. leaf nodes are specific
INFO: dtree.c(1524): Final simple tree
|( QUESTION0_2_R 1 -3.641e+03 1.122e+02 2.969e+02
|    ( - -1.265e+03 1 0)
|    ( QUESTION0_0_R 1 -2.263e+03 1.058e+02 1.925e+02
|        ( - -1.684e+03 1 0)
|        ( - -4.738e+02 1 0)))
s>    ( QUESTION0_2_R 1 -3.641e+03 1.122e+02 2.969e+02
s>        ( - -1.265e+03 1 0)
s>        ( QUESTION0_0_R 1 -2.263e+03 1.058e+02 1.925e+02
s>            ( - -1.684e+03 1 0)
s>            ( - -4.738e+02 1 0)))INFO: dtree.c(1351): Comp split 11
INFO: dtree.c(1483): stop. leaf nodes are specific
INFO: dtree.c(1524): Final simple tree
|( QUESTION0_0_R 1 -2.263e+03 1.058e+02 1.925e+02
|    ( - -1.684e+03 1 0)
|    ( - -4.738e+02 1 0))
s>    ( QUESTION0_0_R 1 -2.263e+03 1.058e+02 1.925e+02
s>        ( - -1.684e+03 1 0)
s>        ( - -4.738e+02 1 0))INFO: dtree.c(1351): Comp split 12
INFO: dtree.c(1483): stop. leaf nodes are specific
INFO: dtree.c(1524): Final simple tree
|( QUESTION0_0_R 1 -1.337e+03 8.544e+01 1.109e+02
|    ( - -1.668e+02 1 0)
|    ( QUESTION0 1 -1.085e+03 7.152e+01 8.793e+01
|        ( - -5.374e+02 1 0)
|        ( - -4.757e+02 1 0)))
s>    ( QUESTION0_0_R 1 -1.337e+03 8.544e+01 1.109e+02
s>        ( - -1.668e+02 1 0)
s>        ( QUESTION0 1 -1.085e+03 7.152e+01 8.793e+01
s>            ( - -5.374e+02 1 0)
s>            ( - -4.757e+02 1 0)))INFO: dtree.c(1351): Comp split 13
INFO: dtree.c(1351): Comp split 14
INFO: dtree.c(1351): Comp split 15
INFO: dtree.c(1483): stop. leaf nodes are specific
INFO: dtree.c(1524): Final simple tree
|( QUESTION0 1 -1.085e+03 7.152e+01 8.793e+01
|    ( - -5.374e+02 1 0)
|    ( - -4.757e+02 1 0))
s>    ( QUESTION0 1 -1.085e+03 7.152e+01 8.793e+01
s>        ( - -5.374e+02 1 0)
s>        ( - -4.757e+02 1 0))INFO: dtree.c(1351): Comp split 16
INFO: dtree.c(1351): Comp split 17
INFO: dtree.c(1354): stop. leaf nodes are specific
Tue May 31 10:27:59 2011
