INFO: cmd_ln.c(691): Parsing command line:
/home/xkrajnan/Plocha/GSoC/PocketSphinx/an4/bin/bldtree \
	-treefn /home/xkrajnan/Plocha/GSoC/PocketSphinx/an4/trees/an4.unpruned/P-0.dtree \
	-moddeffn /home/xkrajnan/Plocha/GSoC/PocketSphinx/an4/model_architecture/an4.untied.mdef \
	-mixwfn /home/xkrajnan/Plocha/GSoC/PocketSphinx/an4/model_parameters/an4.cd_cont_untied/mixture_weights \
	-ts2cbfn .cont. \
	-mwfloor 1e-08 \
	-psetfn /home/xkrajnan/Plocha/GSoC/PocketSphinx/an4/model_architecture/an4.tree_questions \
	-phone P \
	-state 0 \
	-stwt 1.0,0.05,0.0 \
	-meanfn /home/xkrajnan/Plocha/GSoC/PocketSphinx/an4/model_parameters/an4.cd_cont_untied/means \
	-varfn /home/xkrajnan/Plocha/GSoC/PocketSphinx/an4/model_parameters/an4.cd_cont_untied/variances \
	-fullvar no \
	-ssplitmin 1 \
	-ssplitmax 7 \
	-ssplitthr 0 \
	-csplitmin 1 \
	-csplitmax 2000 \
	-csplitthr 0 

Current configuration:
[NAME]		[DEFLT]	[VALUE]
-allphones	no	no
-cntthresh	0.00001	1.000000e-05
-csplitmax	100	2000
-csplitmin	1	1
-csplitthr	8e-4	0.000000e+00
-example	no	no
-fullvar	no	no
-help		no	no
-meanfn			/home/xkrajnan/Plocha/GSoC/PocketSphinx/an4/model_parameters/an4.cd_cont_untied/means
-mixwfn			/home/xkrajnan/Plocha/GSoC/PocketSphinx/an4/model_parameters/an4.cd_cont_untied/mixture_weights
-moddeffn		/home/xkrajnan/Plocha/GSoC/PocketSphinx/an4/model_architecture/an4.untied.mdef
-mwfloor	1e-4	1.000000e-08
-phone			P
-psetfn			/home/xkrajnan/Plocha/GSoC/PocketSphinx/an4/model_architecture/an4.tree_questions
-ssplitmax	5	7
-ssplitmin	1	1
-ssplitthr	8e-4	0.000000e+00
-state			0
-stwt			1.0,0.05,0.0,
-treefn			/home/xkrajnan/Plocha/GSoC/PocketSphinx/an4/trees/an4.unpruned/P-0.dtree
-ts2cbfn	.semi.	.cont.
-varfloor	0.00001	1.000000e-05
-varfn			/home/xkrajnan/Plocha/GSoC/PocketSphinx/an4/model_parameters/an4.cd_cont_untied/variances

INFO: main.c(228): Reading: /home/xkrajnan/Plocha/GSoC/PocketSphinx/an4/model_architecture/an4.untied.mdef
INFO: model_def_io.c(587): Model definition info:
INFO: model_def_io.c(588): 1618 total models defined (34 base, 1584 tri)
INFO: model_def_io.c(589): 6472 total states
INFO: model_def_io.c(590): 4854 total tied states
INFO: model_def_io.c(591): 102 total tied CI states
INFO: model_def_io.c(592): 34 total tied transition matrices
INFO: model_def_io.c(593): 4 max state/model
INFO: model_def_io.c(594): 4 min state/model
INFO: main.c(247): Building trees for [P AA SIL e] through [P UW IY b]
INFO: main.c(275): Covering states |[3579 3629]| == 51
INFO: main.c(282): Reading: /home/xkrajnan/Plocha/GSoC/PocketSphinx/an4/model_parameters/an4.cd_cont_untied/mixture_weights
INFO: s3mixw_io.c(172): Read /home/xkrajnan/Plocha/GSoC/PocketSphinx/an4/model_parameters/an4.cd_cont_untied/mixture_weights [51x1x1 array]
INFO: main.c(320): 17 of 17 models have observation count greater than 0.000010
INFO: main.c(94): nrm stwt: 0.952 0.048 0.000 
INFO: s3gau_io.c(166): Read /home/xkrajnan/Plocha/GSoC/PocketSphinx/an4/model_parameters/an4.cd_cont_untied/means [4854x1x1 array]
INFO: s3gau_io.c(166): Read /home/xkrajnan/Plocha/GSoC/PocketSphinx/an4/model_parameters/an4.cd_cont_untied/variances [4854x1x1 array]
INFO: main.c(576): Reading: /home/xkrajnan/Plocha/GSoC/PocketSphinx/an4/model_architecture/an4.tree_questions
INFO: main.c(619): 180 total simple questions (172 phone; 8 word bndry)
INFO: main.c(621): 42 Left Only questions, and 42 Right Only questions
INFO: dtree.c(1524): Final simple tree
|( SILENCE -1 -4.969e+03 2.746e+03 1.525e+03
|    ( - 3.338e+03 1 0)
|    ( QUESTION14 -1 -5.561e+03 1.725e+03 6.332e+02
|        ( - -6.613e+02 1 0)
|        ( WDBNDRY_B 0 -3.175e+03 8.798e+02 5.540e+02
|            ( QUESTION2_0_L -1 -2.734e+03 5.338e+02 3.942e+02
|                ( - -2.012e+03 3 0 QUESTION2_1_L -1 1.890e+02 2.691e+02)
|                ( QUESTION11 -1 -1.882e+02 3.518e+02 1.252e+02
|                    ( - -6.940e+01 2 0 QUESTION12 -1 1.491e+02 4.272e+01)
|                    ( - 2.330e+02 5 0 QUESTION2_9_L -1 2.225e+02 8.246e+01)))
|            ( WDBNDRY_E 0 4.395e+02 4.814e+02 1.598e+02
|                ( - 8.357e+02 1 0)
|                ( QUESTION0 1 8.514e+01 2.252e+02 9.262e+01
|                    ( - 3.120e+02 1 0)
|                    ( - -1.592e+00 3 0 QUESTION12 -1 2.281e+02 1.549e+01))))))
s>    ( SILENCE -1 -4.969e+03 2.746e+03 1.525e+03
s>        ( - 3.338e+03 1 0)
s>        ( QUESTION14 -1 -5.561e+03 1.725e+03 6.332e+02
s>            ( - -6.613e+02 1 0)
s>            ( WDBNDRY_B 0 -3.175e+03 8.798e+02 5.540e+02
s>                ( QUESTION2_0_L -1 -2.734e+03 5.338e+02 3.942e+02
s>                    ( - -2.012e+03 3 0 QUESTION2_1_L -1 1.890e+02 2.691e+02)
s>                    ( QUESTION11 -1 -1.882e+02 3.518e+02 1.252e+02
s>                        ( - -6.940e+01 2 0 QUESTION12 -1 1.491e+02 4.272e+01)
s>                        ( - 2.330e+02 5 0 QUESTION2_9_L -1 2.225e+02 8.246e+01)))
s>                ( WDBNDRY_E 0 4.395e+02 4.814e+02 1.598e+02
s>                    ( - 8.357e+02 1 0)
s>                    ( QUESTION0 1 8.514e+01 2.252e+02 9.262e+01
s>                        ( - 3.120e+02 1 0)
s>                        ( - -1.592e+00 3 0 QUESTION12 -1 2.281e+02 1.549e+01))))))INFO: dtree.c(1351): Comp split 0
INFO: dtree.c(1483): stop. leaf nodes are specific
INFO: dtree.c(1524): Final simple tree
|( SILENCE -1 3.199e+03 7.330e+02 1.041e+03
|    ( - 3.338e+03 1 0)
|    ( WDBNDRY_B 0 5.944e+02 4.744e+02 1.496e+02
|        ( QUESTION2_9_L -1 2.330e+02 2.225e+02 8.246e+01
|            ( QUESTION0 -1 2.615e+02 1.519e+02 4.828e+01
|                ( - 2.504e+02 1 0)
|                ( - 1.631e+02 1 0))
|            ( QUESTION0 -1 1.940e+02 1.324e+02 3.418e+01
|                ( - 2.202e+02 2 0)
|                ( - 1.062e+02 1 0)))
|        ( - 8.357e+02 1 0)))
s>    ( SILENCE -1 3.199e+03 7.330e+02 1.041e+03
s>        ( - 3.338e+03 1 0)
s>        ( WDBNDRY_B 0 5.944e+02 4.744e+02 1.496e+02
s>            ( QUESTION2_9_L -1 2.330e+02 2.225e+02 8.246e+01
s>                ( QUESTION0 -1 2.615e+02 1.519e+02 4.828e+01
s>                    ( - 2.504e+02 1 0)
s>                    ( - 1.631e+02 1 0))
s>                ( QUESTION0 -1 1.940e+02 1.324e+02 3.418e+01
s>                    ( - 2.202e+02 2 0)
s>                    ( - 1.062e+02 1 0)))
s>            ( - 8.357e+02 1 0)))INFO: dtree.c(1524): Final simple tree
|( WDBNDRY_E 0 -5.234e+03 1.456e+03 4.836e+02
|    ( - -6.613e+02 1 0)
|    ( QUESTION19 -1 -3.116e+03 7.647e+02 4.044e+02
|        ( - 3.120e+02 1 0)
|        ( QUESTION2_0_L -1 -2.664e+03 3.560e+02 3.273e+02
|            ( QUESTION2_1_L -1 -2.196e+03 2.304e+02 2.825e+02
|                ( - -1.148e+03 1 0)
|                ( QUESTION11 1 -8.173e+02 2.019e+02 1.015e+02
|                    ( - 1.713e+02 1 0)
|                    ( WDBNDRY_B 0 -7.866e+02 1.768e+02 9.950e+01
|                        ( - -6.751e+02 2 0 QUESTION0 -1 1.062e+02 8.800e+01)
|                        ( - 6.533e+01 1 0))))
|            ( WDBNDRY_B 0 -1.118e+02 1.884e+02 4.472e+01
|                ( - -6.940e+01 2 0 QUESTION12 -1 1.491e+02 4.272e+01)
|                ( - 1.460e+02 1 0)))))
s>    ( WDBNDRY_E 0 -5.234e+03 1.456e+03 4.836e+02
s>        ( - -6.613e+02 1 0)
s>        ( QUESTION19 -1 -3.116e+03 7.647e+02 4.044e+02
s>            ( - 3.120e+02 1 0)
s>            ( QUESTION2_0_L -1 -2.664e+03 3.560e+02 3.273e+02
s>                ( QUESTION2_1_L -1 -2.196e+03 2.304e+02 2.825e+02
s>                    ( - -1.148e+03 1 0)
s>                    ( QUESTION11 1 -8.173e+02 2.019e+02 1.015e+02
s>                        ( - 1.713e+02 1 0)
s>                        ( WDBNDRY_B 0 -7.866e+02 1.768e+02 9.950e+01
s>                            ( - -6.751e+02 2 0 QUESTION0 -1 1.062e+02 8.800e+01)
s>                            ( - 6.533e+01 1 0))))
s>                ( WDBNDRY_B 0 -1.118e+02 1.884e+02 4.472e+01
s>                    ( - -6.940e+01 2 0 QUESTION12 -1 1.491e+02 4.272e+01)
s>                    ( - 1.460e+02 1 0)))))INFO: dtree.c(1351): Comp split 1
INFO: dtree.c(1524): Final simple tree
|( QUESTION19 -1 -3.116e+03 7.647e+02 4.044e+02
|    ( - 3.120e+02 1 0)
|    ( QUESTION2_0_L -1 -2.664e+03 3.560e+02 3.273e+02
|        ( QUESTION2_1_L -1 -2.196e+03 2.304e+02 2.825e+02
|            ( - -1.148e+03 1 0)
|            ( QUESTION11 1 -8.173e+02 2.019e+02 1.015e+02
|                ( - 1.713e+02 1 0)
|                ( WDBNDRY_B 0 -7.866e+02 1.768e+02 9.950e+01
|                    ( - -6.751e+02 2 0 QUESTION0 -1 1.062e+02 8.800e+01)
|                    ( - 6.533e+01 1 0))))
|        ( WDBNDRY_B 0 -1.118e+02 1.884e+02 4.472e+01
|            ( QUESTION12 -1 -6.940e+01 1.491e+02 4.272e+01
|                ( - 1.816e+01 1 0)
|                ( - 6.154e+01 1 0))
|            ( - 1.460e+02 1 0))))
s>    ( QUESTION19 -1 -3.116e+03 7.647e+02 4.044e+02
s>        ( - 3.120e+02 1 0)
s>        ( QUESTION2_0_L -1 -2.664e+03 3.560e+02 3.273e+02
s>            ( QUESTION2_1_L -1 -2.196e+03 2.304e+02 2.825e+02
s>                ( - -1.148e+03 1 0)
s>                ( QUESTION11 1 -8.173e+02 2.019e+02 1.015e+02
s>                    ( - 1.713e+02 1 0)
s>                    ( WDBNDRY_B 0 -7.866e+02 1.768e+02 9.950e+01
s>                        ( - -6.751e+02 2 0 QUESTION0 -1 1.062e+02 8.800e+01)
s>                        ( - 6.533e+01 1 0))))
s>            ( WDBNDRY_B 0 -1.118e+02 1.884e+02 4.472e+01
s>                ( QUESTION12 -1 -6.940e+01 1.491e+02 4.272e+01
s>                    ( - 1.816e+01 1 0)
s>                    ( - 6.154e+01 1 0))
s>                ( - 1.460e+02 1 0))))INFO: dtree.c(1351): Comp split 2
INFO: dtree.c(1483): stop. leaf nodes are specific
INFO: dtree.c(1524): Final simple tree
|( QUESTION2_0_L -1 -2.622e+03 3.573e+02 3.253e+02
|    ( QUESTION2_1_L -1 -2.196e+03 2.304e+02 2.825e+02
|        ( - -1.148e+03 1 0)
|        ( QUESTION11 1 -8.173e+02 2.019e+02 1.015e+02
|            ( - 1.713e+02 1 0)
|            ( WDBNDRY_B 0 -7.866e+02 1.768e+02 9.950e+01
|                ( QUESTION0 -1 -6.751e+02 1.062e+02 8.800e+01
|                    ( - -3.574e+02 1 0)
|                    ( - -2.115e+02 1 0))
|                ( - 6.533e+01 1 0))))
|    ( QUESTION12 -1 -6.940e+01 1.491e+02 4.272e+01
|        ( - 1.816e+01 1 0)
|        ( - 6.154e+01 1 0)))
s>    ( QUESTION2_0_L -1 -2.622e+03 3.573e+02 3.253e+02
s>        ( QUESTION2_1_L -1 -2.196e+03 2.304e+02 2.825e+02
s>            ( - -1.148e+03 1 0)
s>            ( QUESTION11 1 -8.173e+02 2.019e+02 1.015e+02
s>                ( - 1.713e+02 1 0)
s>                ( WDBNDRY_B 0 -7.866e+02 1.768e+02 9.950e+01
s>                    ( QUESTION0 -1 -6.751e+02 1.062e+02 8.800e+01
s>                        ( - -3.574e+02 1 0)
s>                        ( - -2.115e+02 1 0))
s>                    ( - 6.533e+01 1 0))))
s>        ( QUESTION12 -1 -6.940e+01 1.491e+02 4.272e+01
s>            ( - 1.816e+01 1 0)
s>            ( - 6.154e+01 1 0)))INFO: dtree.c(1483): stop. leaf nodes are specific
INFO: dtree.c(1524): Final simple tree
|( QUESTION0_13_R 1 2.930e+02 1.649e+02 7.913e+01
|    ( - 3.120e+02 1 0)
|    ( - 1.460e+02 1 0))
s>    ( QUESTION0_13_R 1 2.930e+02 1.649e+02 7.913e+01
s>        ( - 3.120e+02 1 0)
s>        ( - 1.460e+02 1 0))INFO: dtree.c(1351): Comp split 3
INFO: dtree.c(1483): stop. leaf nodes are specific
INFO: dtree.c(1524): Final simple tree
|( SILENCE -1 3.376e+03 1.244e+02 9.074e+02
|    ( - 3.338e+03 1 0)
|    ( - 1.631e+02 1 0))
s>    ( SILENCE -1 3.376e+03 1.244e+02 9.074e+02
s>        ( - 3.338e+03 1 0)
s>        ( - 1.631e+02 1 0))INFO: dtree.c(1483): stop. leaf nodes are specific
INFO: dtree.c(1524): Final simple tree
|( WDBNDRY_B 0 5.883e+02 4.780e+02 1.336e+02
|    ( QUESTION2_9_L -1 2.306e+02 2.138e+02 6.646e+01
|        ( - 2.504e+02 1 0)
|        ( QUESTION0 -1 1.940e+02 1.324e+02 3.418e+01
|            ( - 2.202e+02 2 0)
|            ( - 1.062e+02 1 0)))
|    ( - 8.357e+02 1 0))
s>    ( WDBNDRY_B 0 5.883e+02 4.780e+02 1.336e+02
s>        ( QUESTION2_9_L -1 2.306e+02 2.138e+02 6.646e+01
s>            ( - 2.504e+02 1 0)
s>            ( QUESTION0 -1 1.940e+02 1.324e+02 3.418e+01
s>                ( - 2.202e+02 2 0)
s>                ( - 1.062e+02 1 0)))
s>        ( - 8.357e+02 1 0))INFO: dtree.c(1351): Comp split 4
INFO: dtree.c(1483): stop. leaf nodes are specific
INFO: dtree.c(1524): Final simple tree
|( QUESTION2_9_L -1 2.306e+02 2.138e+02 6.646e+01
|    ( - 2.504e+02 1 0)
|    ( QUESTION0 -1 1.940e+02 1.324e+02 3.418e+01
|        ( - 2.202e+02 2 0)
|        ( - 1.062e+02 1 0)))
s>    ( QUESTION2_9_L -1 2.306e+02 2.138e+02 6.646e+01
s>        ( - 2.504e+02 1 0)
s>        ( QUESTION0 -1 1.940e+02 1.324e+02 3.418e+01
s>            ( - 2.202e+02 2 0)
s>            ( - 1.062e+02 1 0)))INFO: dtree.c(1351): Comp split 5
INFO: dtree.c(1483): stop. leaf nodes are specific
INFO: dtree.c(1524): Final simple tree
|( QUESTION2_1_L -1 -2.165e+03 2.304e+02 2.805e+02
|    ( - -1.148e+03 1 0)
|    ( WDBNDRY_B 0 -7.866e+02 1.768e+02 9.950e+01
|        ( QUESTION0 -1 -6.751e+02 1.062e+02 8.800e+01
|            ( - -3.574e+02 1 0)
|            ( - -2.115e+02 1 0))
|        ( - 6.533e+01 1 0)))
s>    ( QUESTION2_1_L -1 -2.165e+03 2.304e+02 2.805e+02
s>        ( - -1.148e+03 1 0)
s>        ( WDBNDRY_B 0 -7.866e+02 1.768e+02 9.950e+01
s>            ( QUESTION0 -1 -6.751e+02 1.062e+02 8.800e+01
s>                ( - -3.574e+02 1 0)
s>                ( - -2.115e+02 1 0))
s>            ( - 6.533e+01 1 0)))INFO: dtree.c(1483): stop. leaf nodes are specific
INFO: dtree.c(1524): Final simple tree
|( WDBNDRY_B 0 -9.237e+01 1.943e+02 4.472e+01
|    ( QUESTION12 -1 -6.940e+01 1.491e+02 4.272e+01
|        ( - 1.816e+01 1 0)
|        ( - 6.154e+01 1 0))
|    ( - 1.713e+02 1 0))
s>    ( WDBNDRY_B 0 -9.237e+01 1.943e+02 4.472e+01
s>        ( QUESTION12 -1 -6.940e+01 1.491e+02 4.272e+01
s>            ( - 1.816e+01 1 0)
s>            ( - 6.154e+01 1 0))
s>        ( - 1.713e+02 1 0))INFO: dtree.c(1351): Comp split 6
INFO: dtree.c(1483): stop. leaf nodes are specific
INFO: dtree.c(1524): Final simple tree
|( WDBNDRY_B 0 -7.866e+02 1.768e+02 9.950e+01
|    ( QUESTION0 -1 -6.751e+02 1.062e+02 8.800e+01
|        ( - -3.574e+02 1 0)
|        ( - -2.115e+02 1 0))
|    ( - 6.533e+01 1 0))
s>    ( WDBNDRY_B 0 -7.866e+02 1.768e+02 9.950e+01
s>        ( QUESTION0 -1 -6.751e+02 1.062e+02 8.800e+01
s>            ( - -3.574e+02 1 0)
s>            ( - -2.115e+02 1 0))
s>        ( - 6.533e+01 1 0))INFO: dtree.c(1351): Comp split 7
INFO: dtree.c(1483): stop. leaf nodes are specific
INFO: dtree.c(1524): Final simple tree
|( QUESTION0 -1 1.940e+02 1.324e+02 3.418e+01
|    ( - 2.202e+02 2 0)
|    ( - 1.062e+02 1 0))
s>    ( QUESTION0 -1 1.940e+02 1.324e+02 3.418e+01
s>        ( - 2.202e+02 2 0)
s>        ( - 1.062e+02 1 0))INFO: dtree.c(1351): Comp split 8
INFO: dtree.c(1483): stop. leaf nodes are specific
INFO: dtree.c(1524): Final simple tree
|( QUESTION12 -1 -6.940e+01 1.491e+02 4.272e+01
|    ( - 1.816e+01 1 0)
|    ( - 6.154e+01 1 0))
s>    ( QUESTION12 -1 -6.940e+01 1.491e+02 4.272e+01
s>        ( - 1.816e+01 1 0)
s>        ( - 6.154e+01 1 0))INFO: dtree.c(1351): Comp split 9
INFO: dtree.c(1483): stop. leaf nodes are specific
INFO: dtree.c(1524): Final simple tree
|( QUESTION0 -1 -6.751e+02 1.062e+02 8.800e+01
|    ( - -3.574e+02 1 0)
|    ( - -2.115e+02 1 0))
s>    ( QUESTION0 -1 -6.751e+02 1.062e+02 8.800e+01
s>        ( - -3.574e+02 1 0)
s>        ( - -2.115e+02 1 0))INFO: dtree.c(1351): Comp split 10
INFO: dtree.c(1351): Comp split 11
INFO: dtree.c(1351): Comp split 12
INFO: dtree.c(1351): Comp split 13
INFO: dtree.c(1351): Comp split 14
INFO: dtree.c(1351): Comp split 15
INFO: dtree.c(1354): stop. leaf nodes are specific
Tue May 31 10:28:16 2011
