INFO: cmd_ln.c(691): Parsing command line:
/home/xkrajnan/Plocha/GSoC/PocketSphinx/an4/bin/bldtree \
	-treefn /home/xkrajnan/Plocha/GSoC/PocketSphinx/an4/trees/an4.unpruned/JH-1.dtree \
	-moddeffn /home/xkrajnan/Plocha/GSoC/PocketSphinx/an4/model_architecture/an4.untied.mdef \
	-mixwfn /home/xkrajnan/Plocha/GSoC/PocketSphinx/an4/model_parameters/an4.cd_cont_untied/mixture_weights \
	-ts2cbfn .cont. \
	-mwfloor 1e-08 \
	-psetfn /home/xkrajnan/Plocha/GSoC/PocketSphinx/an4/model_architecture/an4.tree_questions \
	-phone JH \
	-state 1 \
	-stwt 1.0,0.05,0.0 \
	-meanfn /home/xkrajnan/Plocha/GSoC/PocketSphinx/an4/model_parameters/an4.cd_cont_untied/means \
	-varfn /home/xkrajnan/Plocha/GSoC/PocketSphinx/an4/model_parameters/an4.cd_cont_untied/variances \
	-fullvar no \
	-ssplitmin 1 \
	-ssplitmax 7 \
	-ssplitthr 0 \
	-csplitmin 1 \
	-csplitmax 2000 \
	-csplitthr 0 

Current configuration:
[NAME]		[DEFLT]	[VALUE]
-allphones	no	no
-cntthresh	0.00001	1.000000e-05
-csplitmax	100	2000
-csplitmin	1	1
-csplitthr	8e-4	0.000000e+00
-example	no	no
-fullvar	no	no
-help		no	no
-meanfn			/home/xkrajnan/Plocha/GSoC/PocketSphinx/an4/model_parameters/an4.cd_cont_untied/means
-mixwfn			/home/xkrajnan/Plocha/GSoC/PocketSphinx/an4/model_parameters/an4.cd_cont_untied/mixture_weights
-moddeffn		/home/xkrajnan/Plocha/GSoC/PocketSphinx/an4/model_architecture/an4.untied.mdef
-mwfloor	1e-4	1.000000e-08
-phone			JH
-psetfn			/home/xkrajnan/Plocha/GSoC/PocketSphinx/an4/model_architecture/an4.tree_questions
-ssplitmax	5	7
-ssplitmin	1	1
-ssplitthr	8e-4	0.000000e+00
-state			1
-stwt			1.0,0.05,0.0,
-treefn			/home/xkrajnan/Plocha/GSoC/PocketSphinx/an4/trees/an4.unpruned/JH-1.dtree
-ts2cbfn	.semi.	.cont.
-varfloor	0.00001	1.000000e-05
-varfn			/home/xkrajnan/Plocha/GSoC/PocketSphinx/an4/model_parameters/an4.cd_cont_untied/variances

INFO: main.c(228): Reading: /home/xkrajnan/Plocha/GSoC/PocketSphinx/an4/model_architecture/an4.untied.mdef
INFO: model_def_io.c(587): Model definition info:
INFO: model_def_io.c(588): 1618 total models defined (34 base, 1584 tri)
INFO: model_def_io.c(589): 6472 total states
INFO: model_def_io.c(590): 4854 total tied states
INFO: model_def_io.c(591): 102 total tied CI states
INFO: model_def_io.c(592): 34 total tied transition matrices
INFO: model_def_io.c(593): 4 max state/model
INFO: model_def_io.c(594): 4 min state/model
INFO: main.c(247): Building trees for [JH AH EY b] through [JH UW IY b]
INFO: main.c(275): Covering states |[2643 2732]| == 90
INFO: main.c(282): Reading: /home/xkrajnan/Plocha/GSoC/PocketSphinx/an4/model_parameters/an4.cd_cont_untied/mixture_weights
INFO: s3mixw_io.c(172): Read /home/xkrajnan/Plocha/GSoC/PocketSphinx/an4/model_parameters/an4.cd_cont_untied/mixture_weights [90x1x1 array]
INFO: main.c(320): 30 of 30 models have observation count greater than 0.000010
INFO: main.c(94): nrm stwt: 0.045 0.909 0.045 
INFO: s3gau_io.c(166): Read /home/xkrajnan/Plocha/GSoC/PocketSphinx/an4/model_parameters/an4.cd_cont_untied/means [4854x1x1 array]
INFO: s3gau_io.c(166): Read /home/xkrajnan/Plocha/GSoC/PocketSphinx/an4/model_parameters/an4.cd_cont_untied/variances [4854x1x1 array]
INFO: main.c(576): Reading: /home/xkrajnan/Plocha/GSoC/PocketSphinx/an4/model_architecture/an4.tree_questions
INFO: main.c(619): 180 total simple questions (172 phone; 8 word bndry)
INFO: main.c(621): 42 Left Only questions, and 42 Right Only questions
INFO: dtree.c(1524): Final simple tree
|( QUESTION2_14_L -1 -3.172e+03 2.895e+02 5.938e+02
|    ( QUESTION2 -1 -1.508e+03 1.373e+02 2.708e+02
|        ( - -5.799e+01 2 0)
|        ( QUESTION2_17_L -1 -1.313e+03 1.437e+02 2.393e+02
|            ( - -3.127e+02 9 0 QUESTION0 -1 1.150e+02 6.849e+01)
|            ( - -8.562e+02 1 0)))
|    ( QUESTION2_0_L -1 -1.375e+03 1.725e+02 3.230e+02
|        ( QUESTION0 -1 -5.005e+02 1.220e+02 1.103e+02
|            ( - -4.743e+02 4 0 QUESTION2_1_L -1 9.196e+01 9.002e+01)
|            ( - 9.577e+01 2 0))
|        ( QUESTION1 -1 -7.016e+02 1.341e+02 2.127e+02
|            ( - 9.142e+01 3 0 QUESTION2 -1 9.676e+01 2.500e+01)
|            ( QUESTION11 1 -6.589e+02 1.287e+02 1.877e+02
|                ( - -2.039e+01 1 0)
|                ( - -5.098e+02 8 0 SILENCE -1 9.910e+01 1.777e+02)))))
s>    ( QUESTION2_14_L -1 -3.172e+03 2.895e+02 5.938e+02
s>        ( QUESTION2 -1 -1.508e+03 1.373e+02 2.708e+02
s>            ( - -5.799e+01 2 0)
s>            ( QUESTION2_17_L -1 -1.313e+03 1.437e+02 2.393e+02
s>                ( - -3.127e+02 9 0 QUESTION0 -1 1.150e+02 6.849e+01)
s>                ( - -8.562e+02 1 0)))
s>        ( QUESTION2_0_L -1 -1.375e+03 1.725e+02 3.230e+02
s>            ( QUESTION0 -1 -5.005e+02 1.220e+02 1.103e+02
s>                ( - -4.743e+02 4 0 QUESTION2_1_L -1 9.196e+01 9.002e+01)
s>                ( - 9.577e+01 2 0))
s>            ( QUESTION1 -1 -7.016e+02 1.341e+02 2.127e+02
s>                ( - 9.142e+01 3 0 QUESTION2 -1 9.676e+01 2.500e+01)
s>                ( QUESTION11 1 -6.589e+02 1.287e+02 1.877e+02
s>                    ( - -2.039e+01 1 0)
s>                    ( - -5.098e+02 8 0 SILENCE -1 9.910e+01 1.777e+02)))))INFO: dtree.c(1351): Comp split 0
INFO: dtree.c(1483): stop. leaf nodes are specific
INFO: dtree.c(1524): Final simple tree
|( QUESTION2 -1 -1.649e+03 1.365e+02 2.808e+02
|    ( - -5.799e+01 2 0)
|    ( QUESTION2_17_L -1 -1.454e+03 1.451e+02 2.493e+02
|        ( QUESTION0 -1 -3.127e+02 1.150e+02 6.849e+01
|            ( - -2.612e+02 7 0)
|            ( - 6.353e+01 2 0))
|        ( SILENCE -1 -9.967e+02 1.200e+02 1.809e+02
|            ( - -2.039e+01 1 0)
|            ( - -8.562e+02 1 0))))
s>    ( QUESTION2 -1 -1.649e+03 1.365e+02 2.808e+02
s>        ( - -5.799e+01 2 0)
s>        ( QUESTION2_17_L -1 -1.454e+03 1.451e+02 2.493e+02
s>            ( QUESTION0 -1 -3.127e+02 1.150e+02 6.849e+01
s>                ( - -2.612e+02 7 0)
s>                ( - 6.353e+01 2 0))
s>            ( SILENCE -1 -9.967e+02 1.200e+02 1.809e+02
s>                ( - -2.039e+01 1 0)
s>                ( - -8.562e+02 1 0))))INFO: dtree.c(1524): Final simple tree
|( QUESTION2_0_L -1 -1.224e+03 1.717e+02 3.130e+02
|    ( QUESTION0 -1 -5.005e+02 1.220e+02 1.103e+02
|        ( QUESTION2_1_L -1 -4.743e+02 9.196e+01 9.002e+01
|            ( - -2.921e+02 2 0)
|            ( - -9.025e+01 2 0))
|        ( - 9.577e+01 2 0))
|    ( QUESTION1 -1 -5.516e+02 1.332e+02 2.027e+02
|        ( QUESTION2 -1 9.142e+01 9.676e+01 2.500e+01
|            ( - 9.585e+01 2 0)
|            ( - 9.232e+01 1 0))
|        ( SILENCE -1 -5.098e+02 9.910e+01 1.777e+02
|            ( QUESTION0_13_R 1 -4.739e+02 9.673e+01 1.427e+02
|                ( - -4.519e+02 3 0)
|                ( - 7.472e+01 1 0))
|            ( - 6.319e+01 4 0))))
s>    ( QUESTION2_0_L -1 -1.224e+03 1.717e+02 3.130e+02
s>        ( QUESTION0 -1 -5.005e+02 1.220e+02 1.103e+02
s>            ( QUESTION2_1_L -1 -4.743e+02 9.196e+01 9.002e+01
s>                ( - -2.921e+02 2 0)
s>                ( - -9.025e+01 2 0))
s>            ( - 9.577e+01 2 0))
s>        ( QUESTION1 -1 -5.516e+02 1.332e+02 2.027e+02
s>            ( QUESTION2 -1 9.142e+01 9.676e+01 2.500e+01
s>                ( - 9.585e+01 2 0)
s>                ( - 9.232e+01 1 0))
s>            ( SILENCE -1 -5.098e+02 9.910e+01 1.777e+02
s>                ( QUESTION0_13_R 1 -4.739e+02 9.673e+01 1.427e+02
s>                    ( - -4.519e+02 3 0)
s>                    ( - 7.472e+01 1 0))
s>                ( - 6.319e+01 4 0))))INFO: dtree.c(1351): Comp split 1
INFO: dtree.c(1483): stop. leaf nodes are specific
INFO: dtree.c(1524): Final simple tree
|( SILENCE -1 -5.098e+02 9.910e+01 1.777e+02
|    ( QUESTION0_13_R 1 -4.739e+02 9.673e+01 1.427e+02
|        ( - -4.519e+02 3 0)
|        ( - 7.472e+01 1 0))
|    ( - 6.319e+01 4 0))
s>    ( SILENCE -1 -5.098e+02 9.910e+01 1.777e+02
s>        ( QUESTION0_13_R 1 -4.739e+02 9.673e+01 1.427e+02
s>            ( - -4.519e+02 3 0)
s>            ( - 7.472e+01 1 0))
s>        ( - 6.319e+01 4 0))INFO: dtree.c(1483): stop. leaf nodes are specific
INFO: dtree.c(1524): Final simple tree
|( QUESTION2_0_L -1 -5.352e+02 1.261e+02 1.353e+02
|    ( QUESTION0 -1 -5.005e+02 1.220e+02 1.103e+02
|        ( QUESTION2_1_L -1 -4.743e+02 9.196e+01 9.002e+01
|            ( - -2.921e+02 2 0)
|            ( - -9.025e+01 2 0))
|        ( - 9.577e+01 2 0))
|    ( QUESTION2 -1 9.142e+01 9.676e+01 2.500e+01
|        ( - 9.585e+01 2 0)
|        ( - 9.232e+01 1 0)))
s>    ( QUESTION2_0_L -1 -5.352e+02 1.261e+02 1.353e+02
s>        ( QUESTION0 -1 -5.005e+02 1.220e+02 1.103e+02
s>            ( QUESTION2_1_L -1 -4.743e+02 9.196e+01 9.002e+01
s>                ( - -2.921e+02 2 0)
s>                ( - -9.025e+01 2 0))
s>            ( - 9.577e+01 2 0))
s>        ( QUESTION2 -1 9.142e+01 9.676e+01 2.500e+01
s>            ( - 9.585e+01 2 0)
s>            ( - 9.232e+01 1 0)))INFO: dtree.c(1351): Comp split 2
INFO: dtree.c(1483): stop. leaf nodes are specific
INFO: dtree.c(1524): Final simple tree
|( QUESTION0 -1 -3.127e+02 1.150e+02 6.849e+01
|    ( - -2.612e+02 7 0)
|    ( - 6.353e+01 2 0))
s>    ( QUESTION0 -1 -3.127e+02 1.150e+02 6.849e+01
s>        ( - -2.612e+02 7 0)
s>        ( - 6.353e+01 2 0))INFO: dtree.c(1483): stop. leaf nodes are specific
INFO: dtree.c(1524): Final simple tree
|( QUESTION2 -1 -1.190e+03 1.356e+02 2.123e+02
|    ( - -5.799e+01 2 0)
|    ( SILENCE -1 -9.967e+02 1.200e+02 1.809e+02
|        ( - -2.039e+01 1 0)
|        ( - -8.562e+02 1 0)))
s>    ( QUESTION2 -1 -1.190e+03 1.356e+02 2.123e+02
s>        ( - -5.799e+01 2 0)
s>        ( SILENCE -1 -9.967e+02 1.200e+02 1.809e+02
s>            ( - -2.039e+01 1 0)
s>            ( - -8.562e+02 1 0)))INFO: dtree.c(1351): Comp split 3
INFO: dtree.c(1483): stop. leaf nodes are specific
INFO: dtree.c(1524): Final simple tree
|( SILENCE -1 -9.967e+02 1.200e+02 1.809e+02
|    ( - -2.039e+01 1 0)
|    ( - -8.562e+02 1 0))
s>    ( SILENCE -1 -9.967e+02 1.200e+02 1.809e+02
s>        ( - -2.039e+01 1 0)
s>        ( - -8.562e+02 1 0))INFO: dtree.c(1351): Comp split 4
INFO: dtree.c(1483): stop. leaf nodes are specific
INFO: dtree.c(1524): Final simple tree
|( QUESTION0 -1 -5.005e+02 1.220e+02 1.103e+02
|    ( QUESTION2_1_L -1 -4.743e+02 9.196e+01 9.002e+01
|        ( - -2.921e+02 2 0)
|        ( - -9.025e+01 2 0))
|    ( - 9.577e+01 2 0))
s>    ( QUESTION0 -1 -5.005e+02 1.220e+02 1.103e+02
s>        ( QUESTION2_1_L -1 -4.743e+02 9.196e+01 9.002e+01
s>            ( - -2.921e+02 2 0)
s>            ( - -9.025e+01 2 0))
s>        ( - 9.577e+01 2 0))INFO: dtree.c(1483): stop. leaf nodes are specific
INFO: dtree.c(1524): Final simple tree
|( QUESTION2 -1 9.142e+01 9.676e+01 2.500e+01
|    ( - 9.585e+01 2 0)
|    ( - 9.232e+01 1 0))
s>    ( QUESTION2 -1 9.142e+01 9.676e+01 2.500e+01
s>        ( - 9.585e+01 2 0)
s>        ( - 9.232e+01 1 0))INFO: dtree.c(1351): Comp split 5
INFO: dtree.c(1483): stop. leaf nodes are specific
INFO: dtree.c(1524): Final simple tree
|( QUESTION2_1_L -1 -4.743e+02 9.196e+01 9.002e+01
|    ( - -2.921e+02 2 0)
|    ( - -9.025e+01 2 0))
s>    ( QUESTION2_1_L -1 -4.743e+02 9.196e+01 9.002e+01
s>        ( - -2.921e+02 2 0)
s>        ( - -9.025e+01 2 0))INFO: dtree.c(1351): Comp split 6
INFO: dtree.c(1351): Comp split 7
INFO: dtree.c(1351): Comp split 8
INFO: dtree.c(1483): stop. leaf nodes are specific
INFO: dtree.c(1524): Final simple tree
|( SILENCE -1 5.632e+01 8.160e+01 4.202e+01
|    ( - 7.472e+01 1 0)
|    ( - 6.319e+01 4 0))
s>    ( SILENCE -1 5.632e+01 8.160e+01 4.202e+01
s>        ( - 7.472e+01 1 0)
s>        ( - 6.319e+01 4 0))INFO: dtree.c(1351): Comp split 9
INFO: dtree.c(1351): Comp split 10
INFO: dtree.c(1351): Comp split 11
INFO: dtree.c(1351): Comp split 12
INFO: dtree.c(1354): stop. leaf nodes are specific
Tue May 31 10:28:09 2011
