INFO: cmd_ln.c(691): Parsing command line:
/home/xkrajnan/Plocha/GSoC/PocketSphinx/an4/bin/bldtree \
	-treefn /home/xkrajnan/Plocha/GSoC/PocketSphinx/an4/trees/an4.unpruned/F-0.dtree \
	-moddeffn /home/xkrajnan/Plocha/GSoC/PocketSphinx/an4/model_architecture/an4.untied.mdef \
	-mixwfn /home/xkrajnan/Plocha/GSoC/PocketSphinx/an4/model_parameters/an4.cd_cont_untied/mixture_weights \
	-ts2cbfn .cont. \
	-mwfloor 1e-08 \
	-psetfn /home/xkrajnan/Plocha/GSoC/PocketSphinx/an4/model_architecture/an4.tree_questions \
	-phone F \
	-state 0 \
	-stwt 1.0,0.05,0.0 \
	-meanfn /home/xkrajnan/Plocha/GSoC/PocketSphinx/an4/model_parameters/an4.cd_cont_untied/means \
	-varfn /home/xkrajnan/Plocha/GSoC/PocketSphinx/an4/model_parameters/an4.cd_cont_untied/variances \
	-fullvar no \
	-ssplitmin 1 \
	-ssplitmax 7 \
	-ssplitthr 0 \
	-csplitmin 1 \
	-csplitmax 2000 \
	-csplitthr 0 

Current configuration:
[NAME]		[DEFLT]	[VALUE]
-allphones	no	no
-cntthresh	0.00001	1.000000e-05
-csplitmax	100	2000
-csplitmin	1	1
-csplitthr	8e-4	0.000000e+00
-example	no	no
-fullvar	no	no
-help		no	no
-meanfn			/home/xkrajnan/Plocha/GSoC/PocketSphinx/an4/model_parameters/an4.cd_cont_untied/means
-mixwfn			/home/xkrajnan/Plocha/GSoC/PocketSphinx/an4/model_parameters/an4.cd_cont_untied/mixture_weights
-moddeffn		/home/xkrajnan/Plocha/GSoC/PocketSphinx/an4/model_architecture/an4.untied.mdef
-mwfloor	1e-4	1.000000e-08
-phone			F
-psetfn			/home/xkrajnan/Plocha/GSoC/PocketSphinx/an4/model_architecture/an4.tree_questions
-ssplitmax	5	7
-ssplitmin	1	1
-ssplitthr	8e-4	0.000000e+00
-state			0
-stwt			1.0,0.05,0.0,
-treefn			/home/xkrajnan/Plocha/GSoC/PocketSphinx/an4/trees/an4.unpruned/F-0.dtree
-ts2cbfn	.semi.	.cont.
-varfloor	0.00001	1.000000e-05
-varfn			/home/xkrajnan/Plocha/GSoC/PocketSphinx/an4/model_parameters/an4.cd_cont_untied/variances

INFO: main.c(228): Reading: /home/xkrajnan/Plocha/GSoC/PocketSphinx/an4/model_architecture/an4.untied.mdef
INFO: model_def_io.c(587): Model definition info:
INFO: model_def_io.c(588): 1618 total models defined (34 base, 1584 tri)
INFO: model_def_io.c(589): 6472 total states
INFO: model_def_io.c(590): 4854 total tied states
INFO: model_def_io.c(591): 102 total tied CI states
INFO: model_def_io.c(592): 34 total tied transition matrices
INFO: model_def_io.c(593): 4 max state/model
INFO: model_def_io.c(594): 4 min state/model
INFO: main.c(247): Building trees for [F AE SIL e] through [F V IH b]
INFO: main.c(275): Covering states |[1536 1739]| == 204
INFO: main.c(282): Reading: /home/xkrajnan/Plocha/GSoC/PocketSphinx/an4/model_parameters/an4.cd_cont_untied/mixture_weights
INFO: s3mixw_io.c(172): Read /home/xkrajnan/Plocha/GSoC/PocketSphinx/an4/model_parameters/an4.cd_cont_untied/mixture_weights [204x1x1 array]
INFO: main.c(320): 67 of 68 models have observation count greater than 0.000010
INFO: main.c(94): nrm stwt: 0.952 0.048 0.000 
INFO: s3gau_io.c(166): Read /home/xkrajnan/Plocha/GSoC/PocketSphinx/an4/model_parameters/an4.cd_cont_untied/means [4854x1x1 array]
INFO: s3gau_io.c(166): Read /home/xkrajnan/Plocha/GSoC/PocketSphinx/an4/model_parameters/an4.cd_cont_untied/variances [4854x1x1 array]
INFO: main.c(576): Reading: /home/xkrajnan/Plocha/GSoC/PocketSphinx/an4/model_architecture/an4.tree_questions
INFO: main.c(619): 180 total simple questions (172 phone; 8 word bndry)
INFO: main.c(621): 42 Left Only questions, and 42 Right Only questions
INFO: dtree.c(1524): Final simple tree
|( WDBNDRY_B 0 -1.598e+04 3.490e+03 3.467e+03
|    ( QUESTION2_1_L -1 -9.840e+03 3.198e+03 3.028e+03
|        ( - -3.273e+03 4 0 QUESTION15 1 2.244e+02 5.115e+02)
|        ( QUESTION8 -1 -3.369e+03 1.667e+03 2.517e+03
|            ( - -1.987e+03 7 0 QUESTION9 -1 2.075e+02 5.267e+02)
|            ( QUESTION2_18_L -1 2.843e+02 1.145e+03 1.990e+03
|                ( - 5.025e+02 7 0 QUESTION15 1 2.833e+02 3.231e+02)
|                ( QUESTION2_14_L -1 9.266e+02 8.787e+02 1.667e+03
|                    ( - 1.244e+03 10 0 QUESTION0 -1 5.157e+02 6.194e+02)
|                    ( SILENCE -1 5.615e+02 6.259e+02 1.047e+03
|                        ( - -3.625e+02 4 0 QUESTION0_0_R 1 2.995e+02 5.733e+02)
|                        ( - 1.550e+03 12 0 QUESTION2_0_L -1 2.323e+02 4.741e+02))))))
|    ( QUESTION19 -1 -2.646e+03 9.696e+02 4.390e+02
|        ( - 6.827e+01 2 0 QUESTION0_0_R 1 1.245e+02 1.093e+02)
|        ( - -1.745e+03 21 0 QUESTION2 1 2.651e+02 3.297e+02)))
s>    ( WDBNDRY_B 0 -1.598e+04 3.490e+03 3.467e+03
s>        ( QUESTION2_1_L -1 -9.840e+03 3.198e+03 3.028e+03
s>            ( - -3.273e+03 4 0 QUESTION15 1 2.244e+02 5.115e+02)
s>            ( QUESTION8 -1 -3.369e+03 1.667e+03 2.517e+03
s>                ( - -1.987e+03 7 0 QUESTION9 -1 2.075e+02 5.267e+02)
s>                ( QUESTION2_18_L -1 2.843e+02 1.145e+03 1.990e+03
s>                    ( - 5.025e+02 7 0 QUESTION15 1 2.833e+02 3.231e+02)
s>                    ( QUESTION2_14_L -1 9.266e+02 8.787e+02 1.667e+03
s>                        ( - 1.244e+03 10 0 QUESTION0 -1 5.157e+02 6.194e+02)
s>                        ( SILENCE -1 5.615e+02 6.259e+02 1.047e+03
s>                            ( - -3.625e+02 4 0 QUESTION0_0_R 1 2.995e+02 5.733e+02)
s>                            ( - 1.550e+03 12 0 QUESTION2_0_L -1 2.323e+02 4.741e+02))))))
s>        ( QUESTION19 -1 -2.646e+03 9.696e+02 4.390e+02
s>            ( - 6.827e+01 2 0 QUESTION0_0_R 1 1.245e+02 1.093e+02)
s>            ( - -1.745e+03 21 0 QUESTION2 1 2.651e+02 3.297e+02)))INFO: dtree.c(1351): Comp split 0
INFO: dtree.c(1524): Final simple tree
|( QUESTION8 -1 -3.369e+03 1.667e+03 2.517e+03
|    ( - -1.987e+03 7 0 QUESTION9 -1 2.075e+02 5.267e+02)
|    ( QUESTION2_18_L -1 2.843e+02 1.145e+03 1.990e+03
|        ( - 5.025e+02 7 0 QUESTION15 1 2.833e+02 3.231e+02)
|        ( QUESTION2_14_L -1 9.266e+02 8.787e+02 1.667e+03
|            ( QUESTION0 -1 1.244e+03 5.157e+02 6.194e+02
|                ( QUESTION0_13_R 1 4.561e+02 3.528e+02 5.408e+02
|                    ( - 9.497e+02 5 0 QUESTION12 1 2.701e+02 3.698e+02)
|                    ( - -1.408e+02 3 0))
|                ( - 1.303e+03 2 0 QUESTION12 1 1.959e+02 7.866e+01))
|            ( SILENCE -1 5.615e+02 6.259e+02 1.047e+03
|                ( QUESTION0_0_R 1 -3.625e+02 2.995e+02 5.733e+02
|                    ( - -1.956e+01 1 0)
|                    ( - -4.342e+01 3 0 QUESTION12 1 2.326e+02 5.613e+02))
|                ( - 1.550e+03 12 0 QUESTION2_0_L -1 2.323e+02 4.741e+02)))))
s>    ( QUESTION8 -1 -3.369e+03 1.667e+03 2.517e+03
s>        ( - -1.987e+03 7 0 QUESTION9 -1 2.075e+02 5.267e+02)
s>        ( QUESTION2_18_L -1 2.843e+02 1.145e+03 1.990e+03
s>            ( - 5.025e+02 7 0 QUESTION15 1 2.833e+02 3.231e+02)
s>            ( QUESTION2_14_L -1 9.266e+02 8.787e+02 1.667e+03
s>                ( QUESTION0 -1 1.244e+03 5.157e+02 6.194e+02
s>                    ( QUESTION0_13_R 1 4.561e+02 3.528e+02 5.408e+02
s>                        ( - 9.497e+02 5 0 QUESTION12 1 2.701e+02 3.698e+02)
s>                        ( - -1.408e+02 3 0))
s>                    ( - 1.303e+03 2 0 QUESTION12 1 1.959e+02 7.866e+01))
s>                ( SILENCE -1 5.615e+02 6.259e+02 1.047e+03
s>                    ( QUESTION0_0_R 1 -3.625e+02 2.995e+02 5.733e+02
s>                        ( - -1.956e+01 1 0)
s>                        ( - -4.342e+01 3 0 QUESTION12 1 2.326e+02 5.613e+02))
s>                    ( - 1.550e+03 12 0 QUESTION2_0_L -1 2.323e+02 4.741e+02)))))INFO: dtree.c(1524): Final simple tree
|( QUESTION0 -1 -8.048e+03 2.138e+03 9.505e+02
|    ( QUESTION18 1 -3.327e+03 2.247e+02 5.175e+02
|        ( - 1.952e+01 2 0)
|        ( - -3.122e+03 3 0 WDBNDRY_B 0 1.686e+02 4.613e+02))
|    ( QUESTION19 -1 -2.583e+03 9.641e+02 4.330e+02
|        ( - 6.827e+01 2 0 QUESTION0_0_R 1 1.245e+02 1.093e+02)
|        ( QUESTION14 1 -1.687e+03 2.566e+02 3.237e+02
|            ( - -4.949e+01 2 0)
|            ( WDBNDRY_E 0 -1.381e+03 2.509e+02 2.625e+02
|                ( QUESTION2 1 -1.374e+03 2.312e+02 2.615e+02
|                    ( - -3.604e+00 6 0 QUESTION0_10_R 1 1.302e+02 6.977e+01)
|                    ( QUESTION0_12_R 1 -1.139e+03 1.752e+02 1.917e+02
|                        ( - -4.160e+02 5 0 QUESTION0 1 1.258e+02 9.953e+01)
|                        ( - -5.482e+02 6 0 SILENCE 1 1.641e+02 9.215e+01)))
|                ( - 2.440e+02 1 0)))))
s>    ( QUESTION0 -1 -8.048e+03 2.138e+03 9.505e+02
s>        ( QUESTION18 1 -3.327e+03 2.247e+02 5.175e+02
s>            ( - 1.952e+01 2 0)
s>            ( - -3.122e+03 3 0 WDBNDRY_B 0 1.686e+02 4.613e+02))
s>        ( QUESTION19 -1 -2.583e+03 9.641e+02 4.330e+02
s>            ( - 6.827e+01 2 0 QUESTION0_0_R 1 1.245e+02 1.093e+02)
s>            ( QUESTION14 1 -1.687e+03 2.566e+02 3.237e+02
s>                ( - -4.949e+01 2 0)
s>                ( WDBNDRY_E 0 -1.381e+03 2.509e+02 2.625e+02
s>                    ( QUESTION2 1 -1.374e+03 2.312e+02 2.615e+02
s>                        ( - -3.604e+00 6 0 QUESTION0_10_R 1 1.302e+02 6.977e+01)
s>                        ( QUESTION0_12_R 1 -1.139e+03 1.752e+02 1.917e+02
s>                            ( - -4.160e+02 5 0 QUESTION0 1 1.258e+02 9.953e+01)
s>                            ( - -5.482e+02 6 0 SILENCE 1 1.641e+02 9.215e+01)))
s>                    ( - 2.440e+02 1 0)))))INFO: dtree.c(1351): Comp split 1
INFO: dtree.c(1483): stop. leaf nodes are specific
INFO: dtree.c(1524): Final simple tree
|( QUESTION0 -1 -3.329e+03 2.464e+02 5.185e+02
|    ( QUESTION18 1 -3.327e+03 2.247e+02 5.175e+02
|        ( - 1.952e+01 2 0)
|        ( WDBNDRY_B 0 -3.122e+03 1.686e+02 4.613e+02
|            ( QUESTION0_13_R 1 -3.068e+03 1.603e+02 4.553e+02
|                ( - -1.975e+03 1 0)
|                ( - -9.326e+02 1 0))
|            ( - 1.147e+02 1 0)))
|    ( - 2.440e+02 1 0))
s>    ( QUESTION0 -1 -3.329e+03 2.464e+02 5.185e+02
s>        ( QUESTION18 1 -3.327e+03 2.247e+02 5.175e+02
s>            ( - 1.952e+01 2 0)
s>            ( WDBNDRY_B 0 -3.122e+03 1.686e+02 4.613e+02
s>                ( QUESTION0_13_R 1 -3.068e+03 1.603e+02 4.553e+02
s>                    ( - -1.975e+03 1 0)
s>                    ( - -9.326e+02 1 0))
s>                ( - 1.147e+02 1 0)))
s>        ( - 2.440e+02 1 0))INFO: dtree.c(1524): Final simple tree
|( WDBNDRY_E 0 -2.577e+03 9.635e+02 4.320e+02
|    ( QUESTION14 1 -1.682e+03 2.580e+02 3.227e+02
|        ( - -4.949e+01 2 0)
|        ( QUESTION2 1 -1.374e+03 2.312e+02 2.615e+02
|            ( QUESTION0_10_R 1 -3.604e+00 1.302e+02 6.977e+01
|                ( QUESTION3 1 8.458e+01 1.329e+02 8.000e+00
|                    ( - 1.030e+02 1 0)
|                    ( - 1.144e+02 1 0))
|                ( - 4.206e+01 4 0 QUESTION5 1 1.163e+02 6.177e+01))
|            ( QUESTION0_12_R 1 -1.139e+03 1.752e+02 1.917e+02
|                ( - -4.160e+02 5 0 QUESTION0 1 1.258e+02 9.953e+01)
|                ( SILENCE 1 -5.482e+02 1.641e+02 9.215e+01
|                    ( - 1.301e+02 1 0)
|                    ( - -5.143e+02 5 0 QUESTION16 1 1.235e+02 8.515e+01)))))
|    ( - 6.827e+01 2 0 QUESTION0_0_R 1 1.245e+02 1.093e+02))
s>    ( WDBNDRY_E 0 -2.577e+03 9.635e+02 4.320e+02
s>        ( QUESTION14 1 -1.682e+03 2.580e+02 3.227e+02
s>            ( - -4.949e+01 2 0)
s>            ( QUESTION2 1 -1.374e+03 2.312e+02 2.615e+02
s>                ( QUESTION0_10_R 1 -3.604e+00 1.302e+02 6.977e+01
s>                    ( QUESTION3 1 8.458e+01 1.329e+02 8.000e+00
s>                        ( - 1.030e+02 1 0)
s>                        ( - 1.144e+02 1 0))
s>                    ( - 4.206e+01 4 0 QUESTION5 1 1.163e+02 6.177e+01))
s>                ( QUESTION0_12_R 1 -1.139e+03 1.752e+02 1.917e+02
s>                    ( - -4.160e+02 5 0 QUESTION0 1 1.258e+02 9.953e+01)
s>                    ( SILENCE 1 -5.482e+02 1.641e+02 9.215e+01
s>                        ( - 1.301e+02 1 0)
s>                        ( - -5.143e+02 5 0 QUESTION16 1 1.235e+02 8.515e+01)))))
s>        ( - 6.827e+01 2 0 QUESTION0_0_R 1 1.245e+02 1.093e+02))INFO: dtree.c(1351): Comp split 2
INFO: dtree.c(1524): Final simple tree
|( QUESTION10 -1 -2.316e+03 3.153e+02 5.387e+02
|    ( QUESTION0_14_R 1 -1.618e+03 1.731e+02 4.696e+02
|        ( - -9.718e+02 1 0)
|        ( QUESTION12 1 -4.729e+02 1.490e+02 1.494e+02
|            ( - -2.814e+02 1 0)
|            ( QUESTION0_0_R 1 -4.249e+01 8.555e+01 4.617e+01
|                ( - 1.798e+01 1 0)
|                ( - 2.507e+01 1 0))))
|    ( SILENCE -1 -3.828e+02 2.019e+02 6.908e+01
|        ( - -1.956e+01 1 0)
|        ( QUESTION15 1 -1.613e+02 1.391e+02 5.708e+01
|            ( - 1.561e+02 1 0)
|            ( QUESTION0_13_R 1 -1.783e+02 1.325e+02 5.408e+01
|                ( - -1.814e+02 1 0)
|                ( - 1.356e+02 1 0)))))
s>    ( QUESTION10 -1 -2.316e+03 3.153e+02 5.387e+02
s>        ( QUESTION0_14_R 1 -1.618e+03 1.731e+02 4.696e+02
s>            ( - -9.718e+02 1 0)
s>            ( QUESTION12 1 -4.729e+02 1.490e+02 1.494e+02
s>                ( - -2.814e+02 1 0)
s>                ( QUESTION0_0_R 1 -4.249e+01 8.555e+01 4.617e+01
s>                    ( - 1.798e+01 1 0)
s>                    ( - 2.507e+01 1 0))))
s>        ( SILENCE -1 -3.828e+02 2.019e+02 6.908e+01
s>            ( - -1.956e+01 1 0)
s>            ( QUESTION15 1 -1.613e+02 1.391e+02 5.708e+01
s>                ( - 1.561e+02 1 0)
s>                ( QUESTION0_13_R 1 -1.783e+02 1.325e+02 5.408e+01
s>                    ( - -1.814e+02 1 0)
s>                    ( - 1.356e+02 1 0)))))INFO: dtree.c(1524): Final simple tree
|( QUESTION2_18_L -1 6.804e+02 1.133e+03 1.978e+03
|    ( QUESTION15 1 5.025e+02 2.833e+02 3.231e+02
|        ( - 7.556e+01 3 0 QUESTION12 -1 1.575e+02 6.346e+01)
|        ( - 7.103e+02 4 0 QUESTION12 -1 2.149e+02 2.597e+02))
|    ( QUESTION2_14_L -1 1.311e+03 8.597e+02 1.655e+03
|        ( QUESTION0 -1 1.244e+03 5.157e+02 6.194e+02
|            ( QUESTION0_13_R 1 4.561e+02 3.528e+02 5.408e+02
|                ( QUESTION12 1 9.497e+02 2.701e+02 3.698e+02
|                    ( - 1.074e+03 3 0)
|                    ( - 1.457e+02 2 0))
|                ( - -1.408e+02 3 0))
|            ( - 1.303e+03 2 0 QUESTION12 1 1.959e+02 7.866e+01))
|        ( SILENCE -1 9.265e+02 5.800e+02 1.035e+03
|            ( - -4.342e+01 3 0 QUESTION12 1 2.326e+02 5.613e+02)
|            ( - 1.550e+03 12 0 QUESTION2_0_L -1 2.323e+02 4.741e+02))))
s>    ( QUESTION2_18_L -1 6.804e+02 1.133e+03 1.978e+03
s>        ( QUESTION15 1 5.025e+02 2.833e+02 3.231e+02
s>            ( - 7.556e+01 3 0 QUESTION12 -1 1.575e+02 6.346e+01)
s>            ( - 7.103e+02 4 0 QUESTION12 -1 2.149e+02 2.597e+02))
s>        ( QUESTION2_14_L -1 1.311e+03 8.597e+02 1.655e+03
s>            ( QUESTION0 -1 1.244e+03 5.157e+02 6.194e+02
s>                ( QUESTION0_13_R 1 4.561e+02 3.528e+02 5.408e+02
s>                    ( QUESTION12 1 9.497e+02 2.701e+02 3.698e+02
s>                        ( - 1.074e+03 3 0)
s>                        ( - 1.457e+02 2 0))
s>                    ( - -1.408e+02 3 0))
s>                ( - 1.303e+03 2 0 QUESTION12 1 1.959e+02 7.866e+01))
s>            ( SILENCE -1 9.265e+02 5.800e+02 1.035e+03
s>                ( - -4.342e+01 3 0 QUESTION12 1 2.326e+02 5.613e+02)
s>                ( - 1.550e+03 12 0 QUESTION2_0_L -1 2.323e+02 4.741e+02))))INFO: dtree.c(1351): Comp split 3
INFO: dtree.c(1524): Final simple tree
|( QUESTION2_14_L -1 1.311e+03 8.597e+02 1.655e+03
|    ( QUESTION0 -1 1.244e+03 5.157e+02 6.194e+02
|        ( QUESTION0_13_R 1 4.561e+02 3.528e+02 5.408e+02
|            ( QUESTION12 1 9.497e+02 2.701e+02 3.698e+02
|                ( - 1.074e+03 3 0)
|                ( - 1.457e+02 2 0))
|            ( - -1.408e+02 3 0))
|        ( - 1.303e+03 2 0 QUESTION12 1 1.959e+02 7.866e+01))
|    ( SILENCE -1 9.265e+02 5.800e+02 1.035e+03
|        ( QUESTION12 1 -4.342e+01 2.326e+02 5.613e+02
|            ( - -1.462e+02 1 0)
|            ( - 3.354e+02 2 0 QUESTION0_13_R 1 1.611e+02 1.688e+02))
|        ( QUESTION2_0_L -1 1.550e+03 2.323e+02 4.741e+02
|            ( - 1.050e+02 3 0 QUESTION0_13_R 1 2.595e+02 6.820e+01)
|            ( - 1.677e+03 9 0 QUESTION0 -1 1.999e+02 4.059e+02))))
s>    ( QUESTION2_14_L -1 1.311e+03 8.597e+02 1.655e+03
s>        ( QUESTION0 -1 1.244e+03 5.157e+02 6.194e+02
s>            ( QUESTION0_13_R 1 4.561e+02 3.528e+02 5.408e+02
s>                ( QUESTION12 1 9.497e+02 2.701e+02 3.698e+02
s>                    ( - 1.074e+03 3 0)
s>                    ( - 1.457e+02 2 0))
s>                ( - -1.408e+02 3 0))
s>            ( - 1.303e+03 2 0 QUESTION12 1 1.959e+02 7.866e+01))
s>        ( SILENCE -1 9.265e+02 5.800e+02 1.035e+03
s>            ( QUESTION12 1 -4.342e+01 2.326e+02 5.613e+02
s>                ( - -1.462e+02 1 0)
s>                ( - 3.354e+02 2 0 QUESTION0_13_R 1 1.611e+02 1.688e+02))
s>            ( QUESTION2_0_L -1 1.550e+03 2.323e+02 4.741e+02
s>                ( - 1.050e+02 3 0 QUESTION0_13_R 1 2.595e+02 6.820e+01)
s>                ( - 1.677e+03 9 0 QUESTION0 -1 1.999e+02 4.059e+02))))INFO: dtree.c(1483): stop. leaf nodes are specific
INFO: dtree.c(1524): Final simple tree
|( QUESTION15 1 5.025e+02 2.833e+02 3.231e+02
|    ( QUESTION12 -1 7.556e+01 1.575e+02 6.346e+01
|        ( - 9.873e+01 1 0)
|        ( - 1.343e+02 2 0))
|    ( QUESTION12 -1 7.103e+02 2.149e+02 2.597e+02
|        ( QUESTION0_13_R 1 7.170e+02 5.937e+02 1.069e+02
|            ( - 3.033e+02 1 0)
|            ( - 1.007e+03 1 0))
|        ( QUESTION0_13_R 1 2.082e+02 3.419e+02 1.528e+02
|            ( - 6.578e+02 1 0)
|            ( - -1.076e+02 1 0))))
s>    ( QUESTION15 1 5.025e+02 2.833e+02 3.231e+02
s>        ( QUESTION12 -1 7.556e+01 1.575e+02 6.346e+01
s>            ( - 9.873e+01 1 0)
s>            ( - 1.343e+02 2 0))
s>        ( QUESTION12 -1 7.103e+02 2.149e+02 2.597e+02
s>            ( QUESTION0_13_R 1 7.170e+02 5.937e+02 1.069e+02
s>                ( - 3.033e+02 1 0)
s>                ( - 1.007e+03 1 0))
s>            ( QUESTION0_13_R 1 2.082e+02 3.419e+02 1.528e+02
s>                ( - 6.578e+02 1 0)
s>                ( - -1.076e+02 1 0))))INFO: dtree.c(1351): Comp split 4
INFO: dtree.c(1524): Final simple tree
|( QUESTION14 1 -1.682e+03 2.580e+02 3.227e+02
|    ( - -4.949e+01 2 0)
|    ( QUESTION2 1 -1.374e+03 2.312e+02 2.615e+02
|        ( QUESTION0_10_R 1 -3.604e+00 1.302e+02 6.977e+01
|            ( QUESTION3 1 8.458e+01 1.329e+02 8.000e+00
|                ( - 1.030e+02 1 0)
|                ( - 1.144e+02 1 0))
|            ( - 4.206e+01 4 0 QUESTION5 1 1.163e+02 6.177e+01))
|        ( QUESTION0_12_R 1 -1.139e+03 1.752e+02 1.917e+02
|            ( QUESTION0 1 -4.160e+02 1.258e+02 9.953e+01
|                ( - -3.967e+02 4 0 QUESTION0_13_R 1 1.078e+02 9.553e+01)
|                ( - 1.064e+02 1 0))
|            ( SILENCE 1 -5.482e+02 1.641e+02 9.215e+01
|                ( - 1.301e+02 1 0)
|                ( - -5.143e+02 5 0 QUESTION16 1 1.235e+02 8.515e+01)))))
s>    ( QUESTION14 1 -1.682e+03 2.580e+02 3.227e+02
s>        ( - -4.949e+01 2 0)
s>        ( QUESTION2 1 -1.374e+03 2.312e+02 2.615e+02
s>            ( QUESTION0_10_R 1 -3.604e+00 1.302e+02 6.977e+01
s>                ( QUESTION3 1 8.458e+01 1.329e+02 8.000e+00
s>                    ( - 1.030e+02 1 0)
s>                    ( - 1.144e+02 1 0))
s>                ( - 4.206e+01 4 0 QUESTION5 1 1.163e+02 6.177e+01))
s>            ( QUESTION0_12_R 1 -1.139e+03 1.752e+02 1.917e+02
s>                ( QUESTION0 1 -4.160e+02 1.258e+02 9.953e+01
s>                    ( - -3.967e+02 4 0 QUESTION0_13_R 1 1.078e+02 9.553e+01)
s>                    ( - 1.064e+02 1 0))
s>                ( SILENCE 1 -5.482e+02 1.641e+02 9.215e+01
s>                    ( - 1.301e+02 1 0)
s>                    ( - -5.143e+02 5 0 QUESTION16 1 1.235e+02 8.515e+01)))))INFO: dtree.c(1483): stop. leaf nodes are specific
INFO: dtree.c(1524): Final simple tree
|( QUESTION0_0_R 1 6.827e+01 1.245e+02 1.093e+02
|    ( - 9.737e+01 1 0)
|    ( - 9.543e+01 1 0))
s>    ( QUESTION0_0_R 1 6.827e+01 1.245e+02 1.093e+02
s>        ( - 9.737e+01 1 0)
s>        ( - 9.543e+01 1 0))INFO: dtree.c(1351): Comp split 5
INFO: dtree.c(1524): Final simple tree
|( SILENCE -1 9.265e+02 5.800e+02 1.035e+03
|    ( QUESTION12 1 -4.342e+01 2.326e+02 5.613e+02
|        ( - -1.462e+02 1 0)
|        ( - 3.354e+02 2 0 QUESTION0_13_R 1 1.611e+02 1.688e+02))
|    ( QUESTION2_0_L -1 1.550e+03 2.323e+02 4.741e+02
|        ( QUESTION0_13_R 1 1.050e+02 2.595e+02 6.820e+01
|            ( - 8.361e+00 2 0 QUESTION12 1 1.505e+02 2.300e+01)
|            ( - 3.561e+02 1 0))
|        ( QUESTION0 -1 1.677e+03 1.999e+02 4.059e+02
|            ( QUESTION0_13_R 1 7.111e+02 2.932e+02 1.621e+02
|                ( - 4.809e+02 1 0)
|                ( - 5.233e+02 2 0))
|            ( QUESTION12 1 1.166e+03 1.954e+02 2.438e+02
|                ( - 1.148e+03 3 0 QUESTION2 -1 1.773e+02 1.772e+02)
|                ( - 2.130e+02 3 0 QUESTION5 -1 2.353e+02 6.655e+01)))))
s>    ( SILENCE -1 9.265e+02 5.800e+02 1.035e+03
s>        ( QUESTION12 1 -4.342e+01 2.326e+02 5.613e+02
s>            ( - -1.462e+02 1 0)
s>            ( - 3.354e+02 2 0 QUESTION0_13_R 1 1.611e+02 1.688e+02))
s>        ( QUESTION2_0_L -1 1.550e+03 2.323e+02 4.741e+02
s>            ( QUESTION0_13_R 1 1.050e+02 2.595e+02 6.820e+01
s>                ( - 8.361e+00 2 0 QUESTION12 1 1.505e+02 2.300e+01)
s>                ( - 3.561e+02 1 0))
s>            ( QUESTION0 -1 1.677e+03 1.999e+02 4.059e+02
s>                ( QUESTION0_13_R 1 7.111e+02 2.932e+02 1.621e+02
s>                    ( - 4.809e+02 1 0)
s>                    ( - 5.233e+02 2 0))
s>                ( QUESTION12 1 1.166e+03 1.954e+02 2.438e+02
s>                    ( - 1.148e+03 3 0 QUESTION2 -1 1.773e+02 1.772e+02)
s>                    ( - 2.130e+02 3 0 QUESTION5 -1 2.353e+02 6.655e+01)))))INFO: dtree.c(1483): stop. leaf nodes are specific
INFO: dtree.c(1524): Final simple tree
|( QUESTION0 -1 1.244e+03 5.157e+02 6.194e+02
|    ( QUESTION0_13_R 1 4.561e+02 3.528e+02 5.408e+02
|        ( QUESTION12 1 9.497e+02 2.701e+02 3.698e+02
|            ( - 1.074e+03 3 0)
|            ( - 1.457e+02 2 0))
|        ( - -1.408e+02 3 0))
|    ( QUESTION12 1 1.303e+03 1.959e+02 7.866e+01
|        ( - 8.160e+02 1 0)
|        ( - 6.833e+02 1 0)))
s>    ( QUESTION0 -1 1.244e+03 5.157e+02 6.194e+02
s>        ( QUESTION0_13_R 1 4.561e+02 3.528e+02 5.408e+02
s>            ( QUESTION12 1 9.497e+02 2.701e+02 3.698e+02
s>                ( - 1.074e+03 3 0)
s>                ( - 1.457e+02 2 0))
s>            ( - -1.408e+02 3 0))
s>        ( QUESTION12 1 1.303e+03 1.959e+02 7.866e+01
s>            ( - 8.160e+02 1 0)
s>            ( - 6.833e+02 1 0)))INFO: dtree.c(1351): Comp split 6
INFO: dtree.c(1483): stop. leaf nodes are specific
INFO: dtree.c(1524): Final simple tree
|( QUESTION0_13_R 1 1.421e+03 2.439e+02 1.752e+02
|    ( - 6.578e+02 1 0)
|    ( - 1.007e+03 1 0))
s>    ( QUESTION0_13_R 1 1.421e+03 2.439e+02 1.752e+02
s>        ( - 6.578e+02 1 0)
s>        ( - 1.007e+03 1 0))INFO: dtree.c(1483): stop. leaf nodes are specific
INFO: dtree.c(1524): Final simple tree
|( QUESTION12 -1 -2.181e+02 3.434e+02 1.479e+02
|    ( QUESTION12 1 3.029e+02 9.910e+01 4.598e+01
|        ( - 3.033e+02 1 0)
|        ( - 9.873e+01 1 0))
|    ( QUESTION0_13_R 1 -1.776e+02 2.043e+02 1.019e+02
|        ( - 1.343e+02 2 0)
|        ( - -1.076e+02 1 0)))
s>    ( QUESTION12 -1 -2.181e+02 3.434e+02 1.479e+02
s>        ( QUESTION12 1 3.029e+02 9.910e+01 4.598e+01
s>            ( - 3.033e+02 1 0)
s>            ( - 9.873e+01 1 0))
s>        ( QUESTION0_13_R 1 -1.776e+02 2.043e+02 1.019e+02
s>            ( - 1.343e+02 2 0)
s>            ( - -1.076e+02 1 0)))INFO: dtree.c(1351): Comp split 7
INFO: dtree.c(1483): stop. leaf nodes are specific
INFO: dtree.c(1524): Final simple tree
|( QUESTION2_10_L -1 1.807e+03 2.216e+02 3.845e+02
|    ( QUESTION0_13_R 1 6.938e+02 2.964e+02 1.641e+02
|        ( QUESTION0 -1 4.669e+02 1.782e+02 6.155e+01
|            ( - 4.809e+02 1 0)
|            ( - 1.641e+02 1 0))
|        ( - 5.233e+02 2 0))
|    ( QUESTION0_13_R 1 1.335e+03 1.826e+02 2.204e+02
|        ( QUESTION4 -1 1.162e+03 1.236e+02 1.752e+02
|            ( - 1.163e+03 1 0)
|            ( - 1.225e+02 1 0))
|        ( - 3.561e+02 1 0)))
s>    ( QUESTION2_10_L -1 1.807e+03 2.216e+02 3.845e+02
s>        ( QUESTION0_13_R 1 6.938e+02 2.964e+02 1.641e+02
s>            ( QUESTION0 -1 4.669e+02 1.782e+02 6.155e+01
s>                ( - 4.809e+02 1 0)
s>                ( - 1.641e+02 1 0))
s>            ( - 5.233e+02 2 0))
s>        ( QUESTION0_13_R 1 1.335e+03 1.826e+02 2.204e+02
s>            ( QUESTION4 -1 1.162e+03 1.236e+02 1.752e+02
s>                ( - 1.163e+03 1 0)
s>                ( - 1.225e+02 1 0))
s>            ( - 3.561e+02 1 0)))INFO: dtree.c(1524): Final simple tree
|( QUESTION0 -1 -2.614e+02 2.806e+02 6.508e+02
|    ( QUESTION12 1 8.361e+00 1.505e+02 2.300e+01
|        ( - 1.249e+02 1 0)
|        ( - 3.396e+01 1 0))
|    ( QUESTION5 -1 1.087e+01 2.354e+02 6.278e+02
|        ( - 2.384e+02 1 0)
|        ( QUESTION12 1 7.824e+00 2.086e+02 6.268e+02
|            ( - -1.462e+02 1 0)
|            ( QUESTION11 -1 3.626e+02 1.830e+02 2.344e+02
|                ( - 1.946e+02 1 0)
|                ( QUESTION0_13_R 1 3.510e+02 1.638e+02 2.284e+02
|                    ( - 2.588e+02 1 0)
|                    ( SILENCE -1 2.561e+02 1.578e+02 1.952e+02
|                        ( - 2.377e+02 1 0)
|                        ( - 1.762e+02 1 0)))))))
s>    ( QUESTION0 -1 -2.614e+02 2.806e+02 6.508e+02
s>        ( QUESTION12 1 8.361e+00 1.505e+02 2.300e+01
s>            ( - 1.249e+02 1 0)
s>            ( - 3.396e+01 1 0))
s>        ( QUESTION5 -1 1.087e+01 2.354e+02 6.278e+02
s>            ( - 2.384e+02 1 0)
s>            ( QUESTION12 1 7.824e+00 2.086e+02 6.268e+02
s>                ( - -1.462e+02 1 0)
s>                ( QUESTION11 -1 3.626e+02 1.830e+02 2.344e+02
s>                    ( - 1.946e+02 1 0)
s>                    ( QUESTION0_13_R 1 3.510e+02 1.638e+02 2.284e+02
s>                        ( - 2.588e+02 1 0)
s>                        ( SILENCE -1 2.561e+02 1.578e+02 1.952e+02
s>                            ( - 2.377e+02 1 0)
s>                            ( - 1.762e+02 1 0)))))))INFO: dtree.c(1351): Comp split 8
INFO: dtree.c(1483): stop. leaf nodes are specific
INFO: dtree.c(1524): Final simple tree
|( QUESTION0_13_R 1 4.561e+02 3.528e+02 5.408e+02
|    ( QUESTION12 1 9.497e+02 2.701e+02 3.698e+02
|        ( - 1.074e+03 3 0)
|        ( - 1.457e+02 2 0))
|    ( - -1.408e+02 3 0))
s>    ( QUESTION0_13_R 1 4.561e+02 3.528e+02 5.408e+02
s>        ( QUESTION12 1 9.497e+02 2.701e+02 3.698e+02
s>            ( - 1.074e+03 3 0)
s>            ( - 1.457e+02 2 0))
s>        ( - -1.408e+02 3 0))INFO: dtree.c(1483): stop. leaf nodes are specific
INFO: dtree.c(1524): Final simple tree
|( QUESTION12 1 1.303e+03 1.959e+02 7.866e+01
|    ( - 8.160e+02 1 0)
|    ( - 6.833e+02 1 0))
s>    ( QUESTION12 1 1.303e+03 1.959e+02 7.866e+01
s>        ( - 8.160e+02 1 0)
s>        ( - 6.833e+02 1 0))INFO: dtree.c(1351): Comp split 9
INFO: dtree.c(1483): stop. leaf nodes are specific
INFO: dtree.c(1524): Final simple tree
|( QUESTION12 1 9.497e+02 2.701e+02 3.698e+02
|    ( - 1.074e+03 3 0)
|    ( - 1.457e+02 2 0))
s>    ( QUESTION12 1 9.497e+02 2.701e+02 3.698e+02
s>        ( - 1.074e+03 3 0)
s>        ( - 1.457e+02 2 0))INFO: dtree.c(1351): Comp split 10
INFO: dtree.c(1483): stop. leaf nodes are specific
INFO: dtree.c(1524): Final simple tree
|( QUESTION0_13_R 1 -1.776e+02 2.043e+02 1.019e+02
|    ( - 1.343e+02 2 0)
|    ( - -1.076e+02 1 0))
s>    ( QUESTION0_13_R 1 -1.776e+02 2.043e+02 1.019e+02
s>        ( - 1.343e+02 2 0)
s>        ( - -1.076e+02 1 0))INFO: dtree.c(1483): stop. leaf nodes are specific
INFO: dtree.c(1524): Final simple tree
|( QUESTION12 1 3.029e+02 9.910e+01 4.598e+01
|    ( - 3.033e+02 1 0)
|    ( - 9.873e+01 1 0))
s>    ( QUESTION12 1 3.029e+02 9.910e+01 4.598e+01
s>        ( - 3.033e+02 1 0)
s>        ( - 9.873e+01 1 0))INFO: dtree.c(1351): Comp split 11
INFO: dtree.c(1483): stop. leaf nodes are specific
INFO: dtree.c(1524): Final simple tree
|( SILENCE -1 -4.423e+02 1.917e+02 6.787e+01
|    ( - -1.956e+01 1 0)
|    ( QUESTION19 1 -2.310e+02 1.359e+02 5.587e+01
|        ( - 1.561e+02 1 0)
|        ( QUESTION0_0_R 1 -2.512e+02 8.779e+01 5.287e+01
|            ( - 1.798e+01 1 0)
|            ( - -1.814e+02 1 0))))
s>    ( SILENCE -1 -4.423e+02 1.917e+02 6.787e+01
s>        ( - -1.956e+01 1 0)
s>        ( QUESTION19 1 -2.310e+02 1.359e+02 5.587e+01
s>            ( - 1.561e+02 1 0)
s>            ( QUESTION0_0_R 1 -2.512e+02 8.779e+01 5.287e+01
s>                ( - 1.798e+01 1 0)
s>                ( - -1.814e+02 1 0))))INFO: dtree.c(1483): stop. leaf nodes are specific
INFO: dtree.c(1524): Final simple tree
|( QUESTION0_13_R 1 -1.543e+03 1.690e+02 4.708e+02
|    ( QUESTION12 1 -4.070e+02 1.507e+02 1.414e+02
|        ( - -2.814e+02 1 0)
|        ( - 2.507e+01 1 0))
|    ( QUESTION9 -1 -9.672e+02 1.310e+02 3.294e+02
|        ( - 1.356e+02 1 0)
|        ( - -9.718e+02 1 0)))
s>    ( QUESTION0_13_R 1 -1.543e+03 1.690e+02 4.708e+02
s>        ( QUESTION12 1 -4.070e+02 1.507e+02 1.414e+02
s>            ( - -2.814e+02 1 0)
s>            ( - 2.507e+01 1 0))
s>        ( QUESTION9 -1 -9.672e+02 1.310e+02 3.294e+02
s>            ( - 1.356e+02 1 0)
s>            ( - -9.718e+02 1 0)))INFO: dtree.c(1351): Comp split 12
INFO: dtree.c(1483): stop. leaf nodes are specific
INFO: dtree.c(1524): Final simple tree
|( QUESTION11 -1 4.629e+02 1.764e+02 6.455e+01
|    ( - 1.641e+02 1 0)
|    ( QUESTION0 -1 4.752e+02 1.283e+02 6.255e+01
|        ( - 4.809e+02 1 0)
|        ( - 1.225e+02 1 0)))
s>    ( QUESTION11 -1 4.629e+02 1.764e+02 6.455e+01
s>        ( - 1.641e+02 1 0)
s>        ( QUESTION0 -1 4.752e+02 1.283e+02 6.255e+01
s>            ( - 4.809e+02 1 0)
s>            ( - 1.225e+02 1 0)))INFO: dtree.c(1483): stop. leaf nodes are specific
INFO: dtree.c(1524): Final simple tree
|( QUESTION2_0_L -1 1.673e+03 1.977e+02 3.200e+02
|    ( - 3.561e+02 1 0)
|    ( QUESTION0_13_R 1 1.515e+03 1.713e+02 2.748e+02
|        ( - 1.163e+03 1 0)
|        ( - 5.233e+02 2 0)))
s>    ( QUESTION2_0_L -1 1.673e+03 1.977e+02 3.200e+02
s>        ( - 3.561e+02 1 0)
s>        ( QUESTION0_13_R 1 1.515e+03 1.713e+02 2.748e+02
s>            ( - 1.163e+03 1 0)
s>            ( - 5.233e+02 2 0)))INFO: dtree.c(1351): Comp split 13
INFO: dtree.c(1483): stop. leaf nodes are specific
INFO: dtree.c(1524): Final simple tree
|( QUESTION5 -1 1.087e+01 2.354e+02 6.278e+02
|    ( - 2.384e+02 1 0)
|    ( QUESTION12 1 7.824e+00 2.086e+02 6.268e+02
|        ( - -1.462e+02 1 0)
|        ( QUESTION11 -1 3.626e+02 1.830e+02 2.344e+02
|            ( - 1.946e+02 1 0)
|            ( QUESTION0_13_R 1 3.510e+02 1.638e+02 2.284e+02
|                ( - 2.588e+02 1 0)
|                ( SILENCE -1 2.561e+02 1.578e+02 1.952e+02
|                    ( - 2.377e+02 1 0)
|                    ( - 1.762e+02 1 0))))))
s>    ( QUESTION5 -1 1.087e+01 2.354e+02 6.278e+02
s>        ( - 2.384e+02 1 0)
s>        ( QUESTION12 1 7.824e+00 2.086e+02 6.268e+02
s>            ( - -1.462e+02 1 0)
s>            ( QUESTION11 -1 3.626e+02 1.830e+02 2.344e+02
s>                ( - 1.946e+02 1 0)
s>                ( QUESTION0_13_R 1 3.510e+02 1.638e+02 2.284e+02
s>                    ( - 2.588e+02 1 0)
s>                    ( SILENCE -1 2.561e+02 1.578e+02 1.952e+02
s>                        ( - 2.377e+02 1 0)
s>                        ( - 1.762e+02 1 0))))))INFO: dtree.c(1483): stop. leaf nodes are specific
INFO: dtree.c(1524): Final simple tree
|( QUESTION12 1 8.361e+00 1.505e+02 2.300e+01
|    ( - 1.249e+02 1 0)
|    ( - 3.396e+01 1 0))
s>    ( QUESTION12 1 8.361e+00 1.505e+02 2.300e+01
s>        ( - 1.249e+02 1 0)
s>        ( - 3.396e+01 1 0))INFO: dtree.c(1351): Comp split 14
INFO: dtree.c(1351): Comp split 15
INFO: dtree.c(1483): stop. leaf nodes are specific
INFO: dtree.c(1524): Final simple tree
|( SILENCE 1 -3.319e+01 1.597e+02 7.677e+01
|    ( - 1.301e+02 1 0)
|    ( QUESTION0_10_R 1 -3.604e+00 1.302e+02 6.977e+01
|        ( QUESTION3 1 8.458e+01 1.329e+02 8.000e+00
|            ( - 1.030e+02 1 0)
|            ( - 1.144e+02 1 0))
|        ( QUESTION5 1 4.206e+01 1.163e+02 6.177e+01
|            ( QUESTION0_0_R 1 1.075e+02 7.198e+01 1.776e+01
|                ( - 8.672e+01 1 0)
|                ( - 9.277e+01 1 0))
|            ( QUESTION0_13_R 1 5.087e+01 1.045e+02 4.402e+01
|                ( - 6.249e+01 1 0)
|                ( - 9.287e+01 1 0)))))
s>    ( SILENCE 1 -3.319e+01 1.597e+02 7.677e+01
s>        ( - 1.301e+02 1 0)
s>        ( QUESTION0_10_R 1 -3.604e+00 1.302e+02 6.977e+01
s>            ( QUESTION3 1 8.458e+01 1.329e+02 8.000e+00
s>                ( - 1.030e+02 1 0)
s>                ( - 1.144e+02 1 0))
s>            ( QUESTION5 1 4.206e+01 1.163e+02 6.177e+01
s>                ( QUESTION0_0_R 1 1.075e+02 7.198e+01 1.776e+01
s>                    ( - 8.672e+01 1 0)
s>                    ( - 9.277e+01 1 0))
s>                ( QUESTION0_13_R 1 5.087e+01 1.045e+02 4.402e+01
s>                    ( - 6.249e+01 1 0)
s>                    ( - 9.287e+01 1 0)))))INFO: dtree.c(1524): Final simple tree
|( QUESTION14 1 -1.385e+03 2.331e+02 2.459e+02
|    ( - -4.949e+01 2 0)
|    ( QUESTION0_0_R 1 -1.103e+03 1.722e+02 1.847e+02
|        ( QUESTION16 1 -5.143e+02 1.235e+02 8.515e+01
|            ( QUESTION0_3_R 1 2.160e+01 1.202e+02 1.900e+01
|                ( - 2.608e+01 1 0)
|                ( - 1.157e+02 1 0))
|            ( QUESTION0_1_R 1 -4.124e+02 9.906e+01 6.615e+01
|                ( - -1.167e+00 1 0)
|                ( - -3.121e+02 2 0 QUESTION0_6_R 1 9.223e+01 6.014e+01)))
|        ( QUESTION0 1 -4.160e+02 1.258e+02 9.953e+01
|            ( QUESTION0_13_R 1 -3.967e+02 1.078e+02 9.553e+01
|                ( - -1.930e+02 2 0)
|                ( - -9.584e+01 2 0))
|            ( - 1.064e+02 1 0))))
s>    ( QUESTION14 1 -1.385e+03 2.331e+02 2.459e+02
s>        ( - -4.949e+01 2 0)
s>        ( QUESTION0_0_R 1 -1.103e+03 1.722e+02 1.847e+02
s>            ( QUESTION16 1 -5.143e+02 1.235e+02 8.515e+01
s>                ( QUESTION0_3_R 1 2.160e+01 1.202e+02 1.900e+01
s>                    ( - 2.608e+01 1 0)
s>                    ( - 1.157e+02 1 0))
s>                ( QUESTION0_1_R 1 -4.124e+02 9.906e+01 6.615e+01
s>                    ( - -1.167e+00 1 0)
s>                    ( - -3.121e+02 2 0 QUESTION0_6_R 1 9.223e+01 6.014e+01)))
s>            ( QUESTION0 1 -4.160e+02 1.258e+02 9.953e+01
s>                ( QUESTION0_13_R 1 -3.967e+02 1.078e+02 9.553e+01
s>                    ( - -1.930e+02 2 0)
s>                    ( - -9.584e+01 2 0))
s>                ( - 1.064e+02 1 0))))INFO: dtree.c(1351): Comp split 16
INFO: dtree.c(1483): stop. leaf nodes are specific
INFO: dtree.c(1524): Final simple tree
|( QUESTION18 1 -3.327e+03 2.247e+02 5.175e+02
|    ( - 1.952e+01 2 0)
|    ( WDBNDRY_B 0 -3.122e+03 1.686e+02 4.613e+02
|        ( QUESTION0_13_R 1 -3.068e+03 1.603e+02 4.553e+02
|            ( - -1.975e+03 1 0)
|            ( - -9.326e+02 1 0))
|        ( - 1.147e+02 1 0)))
s>    ( QUESTION18 1 -3.327e+03 2.247e+02 5.175e+02
s>        ( - 1.952e+01 2 0)
s>        ( WDBNDRY_B 0 -3.122e+03 1.686e+02 4.613e+02
s>            ( QUESTION0_13_R 1 -3.068e+03 1.603e+02 4.553e+02
s>                ( - -1.975e+03 1 0)
s>                ( - -9.326e+02 1 0))
s>            ( - 1.147e+02 1 0)))INFO: dtree.c(1351): Comp split 17
INFO: dtree.c(1351): Comp split 18
INFO: dtree.c(1483): stop. leaf nodes are specific
INFO: dtree.c(1524): Final simple tree
|( QUESTION12 1 7.824e+00 2.086e+02 6.268e+02
|    ( - -1.462e+02 1 0)
|    ( QUESTION11 -1 3.626e+02 1.830e+02 2.344e+02
|        ( - 1.946e+02 1 0)
|        ( QUESTION0_13_R 1 3.510e+02 1.638e+02 2.284e+02
|            ( - 2.588e+02 1 0)
|            ( SILENCE -1 2.561e+02 1.578e+02 1.952e+02
|                ( - 2.377e+02 1 0)
|                ( - 1.762e+02 1 0)))))
s>    ( QUESTION12 1 7.824e+00 2.086e+02 6.268e+02
s>        ( - -1.462e+02 1 0)
s>        ( QUESTION11 -1 3.626e+02 1.830e+02 2.344e+02
s>            ( - 1.946e+02 1 0)
s>            ( QUESTION0_13_R 1 3.510e+02 1.638e+02 2.284e+02
s>                ( - 2.588e+02 1 0)
s>                ( SILENCE -1 2.561e+02 1.578e+02 1.952e+02
s>                    ( - 2.377e+02 1 0)
s>                    ( - 1.762e+02 1 0)))))INFO: dtree.c(1351): Comp split 19
INFO: dtree.c(1524): Final simple tree
|( QUESTION0_0_R 1 -1.103e+03 1.722e+02 1.847e+02
|    ( QUESTION16 1 -5.143e+02 1.235e+02 8.515e+01
|        ( QUESTION0_3_R 1 2.160e+01 1.202e+02 1.900e+01
|            ( - 2.608e+01 1 0)
|            ( - 1.157e+02 1 0))
|        ( QUESTION0_1_R 1 -4.124e+02 9.906e+01 6.615e+01
|            ( - -1.167e+00 1 0)
|            ( QUESTION0_6_R 1 -3.121e+02 9.223e+01 6.014e+01
|                ( - 7.928e+01 1 0)
|                ( - -2.992e+02 1 0))))
|    ( QUESTION0 1 -4.160e+02 1.258e+02 9.953e+01
|        ( QUESTION0_13_R 1 -3.967e+02 1.078e+02 9.553e+01
|            ( - -1.930e+02 2 0)
|            ( - -9.584e+01 2 0))
|        ( - 1.064e+02 1 0)))
s>    ( QUESTION0_0_R 1 -1.103e+03 1.722e+02 1.847e+02
s>        ( QUESTION16 1 -5.143e+02 1.235e+02 8.515e+01
s>            ( QUESTION0_3_R 1 2.160e+01 1.202e+02 1.900e+01
s>                ( - 2.608e+01 1 0)
s>                ( - 1.157e+02 1 0))
s>            ( QUESTION0_1_R 1 -4.124e+02 9.906e+01 6.615e+01
s>                ( - -1.167e+00 1 0)
s>                ( QUESTION0_6_R 1 -3.121e+02 9.223e+01 6.014e+01
s>                    ( - 7.928e+01 1 0)
s>                    ( - -2.992e+02 1 0))))
s>        ( QUESTION0 1 -4.160e+02 1.258e+02 9.953e+01
s>            ( QUESTION0_13_R 1 -3.967e+02 1.078e+02 9.553e+01
s>                ( - -1.930e+02 2 0)
s>                ( - -9.584e+01 2 0))
s>            ( - 1.064e+02 1 0)))INFO: dtree.c(1351): Comp split 20
INFO: dtree.c(1483): stop. leaf nodes are specific
INFO: dtree.c(1524): Final simple tree
|( QUESTION0_13_R 1 3.354e+02 1.611e+02 1.688e+02
|    ( - 2.588e+02 1 0)
|    ( - 2.377e+02 1 0))
s>    ( QUESTION0_13_R 1 3.354e+02 1.611e+02 1.688e+02
s>        ( - 2.588e+02 1 0)
s>        ( - 2.377e+02 1 0))INFO: dtree.c(1483): stop. leaf nodes are specific
INFO: dtree.c(1524): Final simple tree
|( QUESTION11 -1 -9.509e+01 1.729e+02 4.580e+02
|    ( - 1.946e+02 1 0)
|    ( SILENCE -1 -1.168e+02 1.467e+02 4.520e+02
|        ( - -1.462e+02 1 0)
|        ( - 1.762e+02 1 0)))
s>    ( QUESTION11 -1 -9.509e+01 1.729e+02 4.580e+02
s>        ( - 1.946e+02 1 0)
s>        ( SILENCE -1 -1.168e+02 1.467e+02 4.520e+02
s>            ( - -1.462e+02 1 0)
s>            ( - 1.762e+02 1 0)))INFO: dtree.c(1351): Comp split 21
INFO: dtree.c(1483): stop. leaf nodes are specific
INFO: dtree.c(1524): Final simple tree
|( WDBNDRY_B 0 -3.122e+03 1.686e+02 4.613e+02
|    ( QUESTION0_13_R 1 -3.068e+03 1.603e+02 4.553e+02
|        ( - -1.975e+03 1 0)
|        ( - -9.326e+02 1 0))
|    ( - 1.147e+02 1 0))
s>    ( WDBNDRY_B 0 -3.122e+03 1.686e+02 4.613e+02
s>        ( QUESTION0_13_R 1 -3.068e+03 1.603e+02 4.553e+02
s>            ( - -1.975e+03 1 0)
s>            ( - -9.326e+02 1 0))
s>        ( - 1.147e+02 1 0))INFO: dtree.c(1351): Comp split 22
INFO: dtree.c(1351): Comp split 23
INFO: dtree.c(1483): stop. leaf nodes are specific
INFO: dtree.c(1524): Final simple tree
|( QUESTION0_13_R 1 1.515e+03 1.713e+02 2.748e+02
|    ( - 1.163e+03 1 0)
|    ( - 5.233e+02 2 0))
s>    ( QUESTION0_13_R 1 1.515e+03 1.713e+02 2.748e+02
s>        ( - 1.163e+03 1 0)
s>        ( - 5.233e+02 2 0))INFO: dtree.c(1351): Comp split 24
INFO: dtree.c(1351): Comp split 25
INFO: dtree.c(1483): stop. leaf nodes are specific
INFO: dtree.c(1524): Final simple tree
|( QUESTION19 1 -2.310e+02 1.359e+02 5.587e+01
|    ( - 1.561e+02 1 0)
|    ( QUESTION0_0_R 1 -2.512e+02 8.779e+01 5.287e+01
|        ( - 1.798e+01 1 0)
|        ( - -1.814e+02 1 0)))
s>    ( QUESTION19 1 -2.310e+02 1.359e+02 5.587e+01
s>        ( - 1.561e+02 1 0)
s>        ( QUESTION0_0_R 1 -2.512e+02 8.779e+01 5.287e+01
s>            ( - 1.798e+01 1 0)
s>            ( - -1.814e+02 1 0)))INFO: dtree.c(1351): Comp split 26
INFO: dtree.c(1483): stop. leaf nodes are specific
INFO: dtree.c(1524): Final simple tree
|( QUESTION0_0_R 1 -4.297e+02 1.238e+02 7.015e+01
|    ( QUESTION0_1_R 1 -4.124e+02 9.906e+01 6.615e+01
|        ( - -1.167e+00 1 0)
|        ( QUESTION0_6_R 1 -3.121e+02 9.223e+01 6.014e+01
|            ( - 7.928e+01 1 0)
|            ( - -2.992e+02 1 0)))
|    ( - 1.064e+02 1 0))
s>    ( QUESTION0_0_R 1 -4.297e+02 1.238e+02 7.015e+01
s>        ( QUESTION0_1_R 1 -4.124e+02 9.906e+01 6.615e+01
s>            ( - -1.167e+00 1 0)
s>            ( QUESTION0_6_R 1 -3.121e+02 9.223e+01 6.014e+01
s>                ( - 7.928e+01 1 0)
s>                ( - -2.992e+02 1 0)))
s>        ( - 1.064e+02 1 0))INFO: dtree.c(1483): stop. leaf nodes are specific
INFO: dtree.c(1524): Final simple tree
|( QUESTION0_4_R 1 -4.956e+02 1.306e+02 1.145e+02
|    ( - 1.157e+02 1 0)
|    ( QUESTION0_13_R 1 -4.808e+02 1.182e+02 1.105e+02
|        ( - -1.930e+02 2 0)
|        ( QUESTION0_0_R 1 -1.695e+02 9.976e+01 6.105e+01
|            ( - 2.608e+01 1 0)
|            ( - -9.584e+01 2 0))))
s>    ( QUESTION0_4_R 1 -4.956e+02 1.306e+02 1.145e+02
s>        ( - 1.157e+02 1 0)
s>        ( QUESTION0_13_R 1 -4.808e+02 1.182e+02 1.105e+02
s>            ( - -1.930e+02 2 0)
s>            ( QUESTION0_0_R 1 -1.695e+02 9.976e+01 6.105e+01
s>                ( - 2.608e+01 1 0)
s>                ( - -9.584e+01 2 0))))INFO: dtree.c(1351): Comp split 27
INFO: dtree.c(1483): stop. leaf nodes are specific
INFO: dtree.c(1524): Final simple tree
|( QUESTION0 -1 4.752e+02 1.283e+02 6.255e+01
|    ( - 4.809e+02 1 0)
|    ( - 1.225e+02 1 0))
s>    ( QUESTION0 -1 4.752e+02 1.283e+02 6.255e+01
s>        ( - 4.809e+02 1 0)
s>        ( - 1.225e+02 1 0))INFO: dtree.c(1351): Comp split 28
INFO: dtree.c(1483): stop. leaf nodes are specific
INFO: dtree.c(1524): Final simple tree
|( SILENCE -1 -1.168e+02 1.467e+02 4.520e+02
|    ( - -1.462e+02 1 0)
|    ( - 1.762e+02 1 0))
s>    ( SILENCE -1 -1.168e+02 1.467e+02 4.520e+02
s>        ( - -1.462e+02 1 0)
s>        ( - 1.762e+02 1 0))INFO: dtree.c(1351): Comp split 29
INFO: dtree.c(1351): Comp split 30
INFO: dtree.c(1483): stop. leaf nodes are specific
INFO: dtree.c(1524): Final simple tree
|( QUESTION15 1 -4.007e+02 1.530e+02 1.507e+02
|    ( - 2.507e+01 1 0)
|    ( QUESTION0_13_R 1 -2.728e+02 1.270e+02 1.125e+02
|        ( - -2.814e+02 1 0)
|        ( - 1.356e+02 1 0)))
s>    ( QUESTION15 1 -4.007e+02 1.530e+02 1.507e+02
s>        ( - 2.507e+01 1 0)
s>        ( QUESTION0_13_R 1 -2.728e+02 1.270e+02 1.125e+02
s>            ( - -2.814e+02 1 0)
s>            ( - 1.356e+02 1 0)))INFO: dtree.c(1351): Comp split 31
INFO: dtree.c(1483): stop. leaf nodes are specific
INFO: dtree.c(1524): Final simple tree
|( QUESTION0_13_R 1 -3.068e+03 1.603e+02 4.553e+02
|    ( - -1.975e+03 1 0)
|    ( - -9.326e+02 1 0))
s>    ( QUESTION0_13_R 1 -3.068e+03 1.603e+02 4.553e+02
s>        ( - -1.975e+03 1 0)
s>        ( - -9.326e+02 1 0))INFO: dtree.c(1351): Comp split 32
INFO: dtree.c(1351): Comp split 33
INFO: dtree.c(1351): Comp split 34
INFO: dtree.c(1483): stop. leaf nodes are specific
INFO: dtree.c(1524): Final simple tree
|( QUESTION0_10_R 1 -3.604e+00 1.302e+02 6.977e+01
|    ( QUESTION3 1 8.458e+01 1.329e+02 8.000e+00
|        ( - 1.030e+02 1 0)
|        ( - 1.144e+02 1 0))
|    ( QUESTION5 1 4.206e+01 1.163e+02 6.177e+01
|        ( QUESTION0_0_R 1 1.075e+02 7.198e+01 1.776e+01
|            ( - 8.672e+01 1 0)
|            ( - 9.277e+01 1 0))
|        ( QUESTION0_13_R 1 5.087e+01 1.045e+02 4.402e+01
|            ( - 6.249e+01 1 0)
|            ( - 9.287e+01 1 0))))
s>    ( QUESTION0_10_R 1 -3.604e+00 1.302e+02 6.977e+01
s>        ( QUESTION3 1 8.458e+01 1.329e+02 8.000e+00
s>            ( - 1.030e+02 1 0)
s>            ( - 1.144e+02 1 0))
s>        ( QUESTION5 1 4.206e+01 1.163e+02 6.177e+01
s>            ( QUESTION0_0_R 1 1.075e+02 7.198e+01 1.776e+01
s>                ( - 8.672e+01 1 0)
s>                ( - 9.277e+01 1 0))
s>            ( QUESTION0_13_R 1 5.087e+01 1.045e+02 4.402e+01
s>                ( - 6.249e+01 1 0)
s>                ( - 9.287e+01 1 0))))INFO: dtree.c(1351): Comp split 35
INFO: dtree.c(1483): stop. leaf nodes are specific
INFO: dtree.c(1524): Final simple tree
|( QUESTION5 1 3.493e+01 1.240e+02 6.577e+01
|    ( QUESTION0_10_R 1 1.081e+02 1.025e+02 2.176e+01
|        ( - 1.030e+02 1 0)
|        ( QUESTION0_0_R 1 1.075e+02 7.198e+01 1.776e+01
|            ( - 8.672e+01 1 0)
|            ( - 9.277e+01 1 0)))
|    ( QUESTION0_13_R 1 5.087e+01 1.045e+02 4.402e+01
|        ( - 6.249e+01 1 0)
|        ( - 9.287e+01 1 0)))
s>    ( QUESTION5 1 3.493e+01 1.240e+02 6.577e+01
s>        ( QUESTION0_10_R 1 1.081e+02 1.025e+02 2.176e+01
s>            ( - 1.030e+02 1 0)
s>            ( QUESTION0_0_R 1 1.075e+02 7.198e+01 1.776e+01
s>                ( - 8.672e+01 1 0)
s>                ( - 9.277e+01 1 0)))
s>        ( QUESTION0_13_R 1 5.087e+01 1.045e+02 4.402e+01
s>            ( - 6.249e+01 1 0)
s>            ( - 9.287e+01 1 0)))INFO: dtree.c(1351): Comp split 36
INFO: dtree.c(1483): stop. leaf nodes are specific
INFO: dtree.c(1524): Final simple tree
|( QUESTION0_13_R 1 -2.728e+02 1.270e+02 1.125e+02
|    ( - -2.814e+02 1 0)
|    ( - 1.356e+02 1 0))
s>    ( QUESTION0_13_R 1 -2.728e+02 1.270e+02 1.125e+02
s>        ( - -2.814e+02 1 0)
s>        ( - 1.356e+02 1 0))INFO: dtree.c(1351): Comp split 37
INFO: dtree.c(1351): Comp split 38
INFO: dtree.c(1351): Comp split 39
INFO: dtree.c(1483): stop. leaf nodes are specific
INFO: dtree.c(1524): Final simple tree
|( QUESTION0_0_R 1 -2.512e+02 8.779e+01 5.287e+01
|    ( - 1.798e+01 1 0)
|    ( - -1.814e+02 1 0))
s>    ( QUESTION0_0_R 1 -2.512e+02 8.779e+01 5.287e+01
s>        ( - 1.798e+01 1 0)
s>        ( - -1.814e+02 1 0))INFO: dtree.c(1351): Comp split 40
INFO: dtree.c(1483): stop. leaf nodes are specific
INFO: dtree.c(1524): Final simple tree
|( QUESTION0_0_R 1 9.963e+01 8.610e+01 1.303e+01
|    ( - 7.928e+01 1 0)
|    ( - 1.064e+02 1 0))
s>    ( QUESTION0_0_R 1 9.963e+01 8.610e+01 1.303e+01
s>        ( - 7.928e+01 1 0)
s>        ( - 1.064e+02 1 0))INFO: dtree.c(1483): stop. leaf nodes are specific
INFO: dtree.c(1524): Final simple tree
|( QUESTION0_1_R 1 -3.942e+02 9.387e+01 5.712e+01
|    ( - -1.167e+00 1 0)
|    ( - -2.992e+02 1 0))
s>    ( QUESTION0_1_R 1 -3.942e+02 9.387e+01 5.712e+01
s>        ( - -1.167e+00 1 0)
s>        ( - -2.992e+02 1 0))INFO: dtree.c(1351): Comp split 41
INFO: dtree.c(1483): stop. leaf nodes are specific
INFO: dtree.c(1524): Final simple tree
|( QUESTION0_13_R 1 -4.808e+02 1.182e+02 1.105e+02
|    ( - -1.930e+02 2 0)
|    ( QUESTION0_0_R 1 -1.695e+02 9.976e+01 6.105e+01
|        ( - 2.608e+01 1 0)
|        ( - -9.584e+01 2 0)))
s>    ( QUESTION0_13_R 1 -4.808e+02 1.182e+02 1.105e+02
s>        ( - -1.930e+02 2 0)
s>        ( QUESTION0_0_R 1 -1.695e+02 9.976e+01 6.105e+01
s>            ( - 2.608e+01 1 0)
s>            ( - -9.584e+01 2 0)))INFO: dtree.c(1351): Comp split 42
INFO: dtree.c(1351): Comp split 43
INFO: dtree.c(1351): Comp split 44
INFO: dtree.c(1351): Comp split 45
INFO: dtree.c(1483): stop. leaf nodes are specific
INFO: dtree.c(1524): Final simple tree
|( QUESTION0_10_R 1 1.081e+02 1.025e+02 2.176e+01
|    ( - 1.030e+02 1 0)
|    ( QUESTION0_0_R 1 1.075e+02 7.198e+01 1.776e+01
|        ( - 8.672e+01 1 0)
|        ( - 9.277e+01 1 0)))
s>    ( QUESTION0_10_R 1 1.081e+02 1.025e+02 2.176e+01
s>        ( - 1.030e+02 1 0)
s>        ( QUESTION0_0_R 1 1.075e+02 7.198e+01 1.776e+01
s>            ( - 8.672e+01 1 0)
s>            ( - 9.277e+01 1 0)))INFO: dtree.c(1483): stop. leaf nodes are specific
INFO: dtree.c(1524): Final simple tree
|( QUESTION0_13_R 1 5.087e+01 1.045e+02 4.402e+01
|    ( - 6.249e+01 1 0)
|    ( - 9.287e+01 1 0))
s>    ( QUESTION0_13_R 1 5.087e+01 1.045e+02 4.402e+01
s>        ( - 6.249e+01 1 0)
s>        ( - 9.287e+01 1 0))INFO: dtree.c(1351): Comp split 46
INFO: dtree.c(1483): stop. leaf nodes are specific
INFO: dtree.c(1524): Final simple tree
|( QUESTION0_0_R 1 -1.695e+02 9.976e+01 6.105e+01
|    ( - 2.608e+01 1 0)
|    ( - -9.584e+01 2 0))
s>    ( QUESTION0_0_R 1 -1.695e+02 9.976e+01 6.105e+01
s>        ( - 2.608e+01 1 0)
s>        ( - -9.584e+01 2 0))INFO: dtree.c(1351): Comp split 47
INFO: dtree.c(1351): Comp split 48
INFO: dtree.c(1483): stop. leaf nodes are specific
INFO: dtree.c(1524): Final simple tree
|( QUESTION0_0_R 1 1.075e+02 7.198e+01 1.776e+01
|    ( - 8.672e+01 1 0)
|    ( - 9.277e+01 1 0))
s>    ( QUESTION0_0_R 1 1.075e+02 7.198e+01 1.776e+01
s>        ( - 8.672e+01 1 0)
s>        ( - 9.277e+01 1 0))INFO: dtree.c(1351): Comp split 49
INFO: dtree.c(1351): Comp split 50
INFO: dtree.c(1351): Comp split 51
INFO: dtree.c(1351): Comp split 52
INFO: dtree.c(1351): Comp split 53
INFO: dtree.c(1351): Comp split 54
INFO: dtree.c(1351): Comp split 55
INFO: dtree.c(1354): stop. leaf nodes are specific
Tue May 31 10:28:01 2011
