INFO: cmd_ln.c(691): Parsing command line:
/home/xkrajnan/Plocha/GSoC/PocketSphinx/an4/bin/init_gau \
	-meanfn /home/xkrajnan/Plocha/GSoC/PocketSphinx/an4/model_parameters/an4.ci_cont_flatinitial/globalmean \
	-ctlfn /home/xkrajnan/Plocha/GSoC/PocketSphinx/an4/etc/an4_train.fileids \
	-part 1 \
	-npart 1 \
	-cepdir /home/xkrajnan/Plocha/GSoC/PocketSphinx/an4/feat \
	-cepext mfc \
	-accumdir /home/xkrajnan/Plocha/GSoC/PocketSphinx/an4/bwaccumdir/an4_buff_1 \
	-agc none \
	-cmn current \
	-varnorm no \
	-feat 1s_c_d_dd \
	-ceplen 13 \
	-fullvar no 

Current configuration:
[NAME]		[DEFLT]		[VALUE]
-accumdir			/home/xkrajnan/Plocha/GSoC/PocketSphinx/an4/bwaccumdir/an4_buff_1
-agc		none		none
-agcthresh	2.0		2.000000e+00
-cepdir				/home/xkrajnan/Plocha/GSoC/PocketSphinx/an4/feat
-cepext		.mfc		mfc
-ceplen		13		13
-cmn		current		current
-cmninit	8.0		8.0
-ctlfn				/home/xkrajnan/Plocha/GSoC/PocketSphinx/an4/etc/an4_train.fileids
-dictfn				
-example	no		no
-fdictfn			
-feat		1s_c_d_dd	1s_c_d_dd
-fullvar	no		no
-help		no		no
-lda				
-ldadim		0		0
-lsnfn				
-meanfn				/home/xkrajnan/Plocha/GSoC/PocketSphinx/an4/model_parameters/an4.ci_cont_flatinitial/globalmean
-moddeffn			
-npart				1
-nskip				0
-part				1
-runlen				0
-scaleseg	no		no
-segdir				
-segext		v8_seg		v8_seg
-svspec				
-ts2cbfn			
-varnorm	no		no

INFO: feat.c(697): Initializing feature stream to type: '1s_c_d_dd', ceplen=13, CMN='current', VARNORM='no', AGC='none'
INFO: cmn.c(142): mean[0]= 12.00, mean[1..12]= 0.0
INFO: corpus.c(1281): Will process all remaining utts starting at 0
INFO: init_gau.c(146): Computing 1x1x1 variance estimates
INFO: s3gau_io.c(166): Read /home/xkrajnan/Plocha/GSoC/PocketSphinx/an4/model_parameters/an4.ci_cont_flatinitial/globalmean [1x1x1 array]
INFO: cmn.c(175): CMN:  5.70 -0.47 -0.06 -0.04 -0.04 -0.13 -0.15 -0.08 -0.08  0.02 -0.16 -0.07  0.03 
INFO: cmn.c(175): CMN:  6.15  0.05 -0.12 -0.17 -0.23  0.02 -0.29 -0.02 -0.19  0.06 -0.10 -0.07  0.06 
INFO: cmn.c(175): CMN:  5.88 -0.48 -0.10 -0.04 -0.08 -0.13 -0.18 -0.08 -0.08  0.02 -0.15 -0.04  0.04 
INFO: cmn.c(175): CMN:  8.41 -0.20 -0.07  0.13 -0.22 -0.15 -0.28 -0.00 -0.25 -0.01 -0.17 -0.06 -0.02 
INFO: cmn.c(175): CMN:  6.96 -0.26 -0.05  0.13 -0.24 -0.18 -0.08 -0.02 -0.19 -0.02 -0.12 -0.06 -0.06 
INFO: cmn.c(175): CMN:  7.63  0.25 -0.08  0.15 -0.34 -0.20 -0.10 -0.03 -0.08 -0.07 -0.15 -0.02 -0.11 
INFO: cmn.c(175): CMN:  7.69  0.31  0.07  0.12 -0.32 -0.08 -0.13 -0.06 -0.32 -0.03 -0.07 -0.08 -0.02 
INFO: cmn.c(175): CMN:  7.60 -0.32  0.11  0.24 -0.27 -0.18 -0.09 -0.06 -0.22 -0.02 -0.09 -0.08 -0.03 
INFO: cmn.c(175): CMN:  7.85 -0.19 -0.06  0.05 -0.21 -0.25 -0.10 -0.02 -0.17 -0.12 -0.10 -0.03 -0.08 
INFO: cmn.c(175): CMN:  9.98 -0.41  0.19  0.34 -0.10 -0.24 -0.16 -0.17 -0.28 -0.12 -0.23 -0.21 -0.03 
INFO: cmn.c(175): CMN:  9.46 -0.27 -0.04 -0.01 -0.17 -0.06 -0.31 -0.13 -0.16 -0.15 -0.09 -0.15 -0.02 
INFO: cmn.c(175): CMN: 10.45 -0.17 -0.23  0.10 -0.26 -0.13 -0.26 -0.12 -0.22 -0.08 -0.13 -0.15 -0.07 
INFO: cmn.c(175): CMN:  9.67 -0.20 -0.09  0.29 -0.20 -0.14 -0.21 -0.13 -0.19 -0.12 -0.16 -0.17 -0.02 
INFO: cmn.c(175): CMN:  7.98  0.24  0.03  0.07 -0.29 -0.10 -0.20 -0.14 -0.19 -0.08 -0.17 -0.04 -0.05 
INFO: cmn.c(175): CMN:  9.53  0.15 -0.25  0.19 -0.33 -0.10 -0.21 -0.09 -0.23 -0.10 -0.17 -0.15 -0.06 
INFO: cmn.c(175): CMN:  9.56  0.03 -0.09  0.28 -0.32 -0.08 -0.23 -0.12 -0.23 -0.09 -0.21 -0.12 -0.10 
INFO: cmn.c(175): CMN:  8.91 -0.52 -0.11  0.09 -0.06 -0.13 -0.23 -0.09 -0.16 -0.11 -0.17 -0.07 -0.02 
INFO: cmn.c(175): CMN:  9.13 -0.16 -0.17  0.21 -0.22 -0.12 -0.23 -0.10 -0.20 -0.10 -0.16 -0.08 -0.06 
INFO: cmn.c(175): CMN: 10.17 -0.21 -0.14  0.31 -0.29 -0.22 -0.27 -0.09 -0.19 -0.08 -0.22 -0.09 -0.12 
INFO: cmn.c(175): CMN:  9.44  0.31 -0.19 -0.20 -0.34 -0.01 -0.27 -0.10 -0.16 -0.06 -0.11 -0.13 -0.05 
INFO: cmn.c(175): CMN:  9.59 -0.19 -0.15  0.15 -0.13 -0.08 -0.33 -0.10 -0.17 -0.19 -0.16 -0.16 -0.02 
INFO: cmn.c(175): CMN:  8.93 -0.19 -0.15  0.14 -0.12 -0.12 -0.28 -0.12 -0.18 -0.07 -0.18 -0.07 -0.03 
INFO: cmn.c(175): CMN: 10.17  0.20 -0.29  0.14 -0.45 -0.08 -0.31 -0.12 -0.03 -0.17 -0.18  0.02 -0.09 
INFO: cmn.c(175): CMN:  9.49 -0.46 -0.02  0.30 -0.36 -0.10 -0.24 -0.10 -0.17 -0.15 -0.18 -0.02 -0.07 
INFO: cmn.c(175): CMN: 10.98 -0.08 -0.29  0.26 -0.44 -0.15 -0.30 -0.16 -0.10 -0.14 -0.15 -0.01 -0.07 
INFO: cmn.c(175): CMN: 10.51  0.10 -0.36  0.43 -0.44 -0.16 -0.25 -0.09 -0.11 -0.24 -0.16 -0.01 -0.09 
INFO: cmn.c(175): CMN: 10.61 -0.17 -0.16  0.27 -0.44 -0.13 -0.27 -0.12 -0.21 -0.17 -0.14 -0.02 -0.12 
INFO: cmn.c(175): CMN:  8.97  0.40 -0.15  0.18 -0.50 -0.04 -0.19 -0.17 -0.09 -0.20 -0.14 -0.03 -0.08 
INFO: cmn.c(175): CMN:  8.96  0.20 -0.16  0.21 -0.31 -0.13 -0.16 -0.15 -0.11 -0.17 -0.13 -0.07 -0.07 
INFO: cmn.c(175): CMN:  9.57  0.05 -0.49  0.10 -0.36 -0.07 -0.17 -0.24  0.01 -0.10 -0.19 -0.08 -0.09 
INFO: cmn.c(175): CMN:  9.58  0.59 -0.30  0.10 -0.65 -0.06 -0.16 -0.27 -0.06 -0.20 -0.11 -0.05 -0.13 
INFO: cmn.c(175): CMN:  9.70 -0.03 -0.14  0.41 -0.47 -0.09 -0.16 -0.21 -0.18 -0.17 -0.15 -0.11 -0.11 
INFO: cmn.c(175): CMN:  9.63  0.33 -0.15  0.14 -0.41 -0.09 -0.16 -0.28 -0.07 -0.10 -0.17 -0.02 -0.14 
INFO: cmn.c(175): CMN:  9.86 -0.17 -0.21  0.14 -0.32 -0.16 -0.25 -0.13 -0.08 -0.14 -0.18  0.01 -0.12 
INFO: cmn.c(175): CMN: 10.03 -0.30 -0.10  0.15 -0.32 -0.08 -0.25 -0.09 -0.13 -0.15 -0.14  0.02 -0.10 
INFO: cmn.c(175): CMN:  8.61  0.07 -0.28  0.13 -0.31 -0.06 -0.09 -0.14 -0.08 -0.06 -0.06 -0.13  0.05 
INFO: cmn.c(175): CMN:  8.84 -0.36 -0.18  0.34 -0.37 -0.08 -0.11 -0.15 -0.15 -0.07 -0.07 -0.09  0.03 
INFO: cmn.c(175): CMN:  8.04  0.13 -0.25  0.03 -0.32 -0.01 -0.22 -0.08 -0.13  0.01 -0.05 -0.10  0.03 
INFO: cmn.c(175): CMN:  8.54 -0.05 -0.13  0.35 -0.42 -0.05 -0.12 -0.18 -0.15 -0.06 -0.05 -0.12  0.04 
INFO: cmn.c(175): CMN:  9.40 -0.05 -0.36  0.14 -0.36 -0.12 -0.20 -0.10 -0.12 -0.10 -0.07 -0.16  0.03 
INFO: cmn.c(175): CMN:  9.52 -0.21 -0.33  0.39 -0.41 -0.23 -0.06 -0.16 -0.14 -0.09 -0.09 -0.11  0.00 
INFO: cmn.c(175): CMN:  9.08 -0.22 -0.31  0.56 -0.45 -0.19 -0.10 -0.21 -0.11 -0.10 -0.07 -0.08 -0.00 
INFO: cmn.c(175): CMN:  8.66 -0.11 -0.36  0.07 -0.18 -0.09 -0.18 -0.11 -0.09 -0.04 -0.08 -0.10  0.04 
INFO: cmn.c(175): CMN:  9.03  0.06 -0.40  0.36 -0.44 -0.09 -0.06 -0.17 -0.13 -0.06 -0.10 -0.15  0.02 
INFO: cmn.c(175): CMN:  8.79 -0.34 -0.15  0.50 -0.39 -0.09 -0.06 -0.20 -0.12 -0.08 -0.06 -0.12  0.04 
INFO: cmn.c(175): CMN:  8.61  0.18 -0.33  0.25 -0.29 -0.09 -0.13 -0.18 -0.07 -0.10 -0.09 -0.08  0.03 
INFO: cmn.c(175): CMN:  8.86 -0.30 -0.26  0.44 -0.26 -0.17 -0.16 -0.13 -0.15 -0.09 -0.04 -0.08  0.03 
INFO: cmn.c(175): CMN:  9.01 -0.51 -0.19  0.42 -0.27 -0.13 -0.16 -0.15 -0.13 -0.12 -0.01 -0.08  0.01 
INFO: cmn.c(175): CMN:  9.31  0.19 -0.43  0.15 -0.28 -0.05 -0.24 -0.07 -0.06 -0.12 -0.08 -0.16  0.03 
INFO: cmn.c(175): CMN:  9.25 -0.14 -0.03  0.42 -0.23 -0.13 -0.22 -0.07 -0.24 -0.12 -0.10 -0.16  0.06 
INFO: cmn.c(175): CMN:  9.78  0.12 -0.19  0.25 -0.30 -0.14 -0.24 -0.07 -0.16 -0.12 -0.07 -0.15  0.01 
INFO: cmn.c(175): CMN:  9.90 -0.20 -0.03  0.31 -0.31 -0.15 -0.15 -0.11 -0.18 -0.04 -0.13 -0.14  0.04 
INFO: cmn.c(175): CMN:  9.72  0.12 -0.10  0.37 -0.30 -0.12 -0.23 -0.14 -0.17 -0.09 -0.12 -0.14  0.04 
INFO: cmn.c(175): CMN:  8.51  0.20 -0.03  0.52 -0.32 -0.04 -0.09 -0.19 -0.22 -0.15 -0.11 -0.17 -0.01 
INFO: cmn.c(175): CMN:  8.87  0.18 -0.10  0.29 -0.40 -0.09 -0.15 -0.15 -0.15 -0.13 -0.09 -0.11  0.00 
INFO: cmn.c(175): CMN:  9.36 -0.34 -0.13  0.33 -0.19 -0.12 -0.27 -0.05 -0.21 -0.15 -0.10 -0.12  0.02 
INFO: cmn.c(175): CMN:  8.95 -0.05 -0.15  0.21 -0.36 -0.13 -0.13 -0.17 -0.12 -0.06 -0.12 -0.12 -0.00 
INFO: cmn.c(175): CMN:  8.78 -0.13  0.01  0.45 -0.37 -0.15 -0.04 -0.22 -0.13 -0.12 -0.09 -0.15  0.05 
INFO: cmn.c(175): CMN:  9.51  0.16 -0.18  0.24 -0.29 -0.05 -0.26 -0.09 -0.09 -0.09 -0.10 -0.15  0.05 
INFO: cmn.c(175): CMN:  9.31  0.11 -0.08  0.19 -0.24 -0.08 -0.21 -0.10 -0.15 -0.16 -0.08 -0.15  0.04 
INFO: cmn.c(175): CMN:  9.00 -0.24 -0.08  0.20 -0.22 -0.11 -0.17 -0.03 -0.15 -0.09 -0.07 -0.13  0.01 
INFO: cmn.c(175): CMN:  7.70 -0.47 -0.06 -0.02 -0.14 -0.06 -0.10 -0.12 -0.13 -0.11 -0.13 -0.07 -0.06 
INFO: cmn.c(175): CMN:  9.75 -0.27 -0.25  0.14 -0.30 -0.19 -0.13 -0.06 -0.05 -0.10 -0.12 -0.06 -0.01 
INFO: cmn.c(175): CMN:  9.71 -0.23 -0.21  0.17 -0.50 -0.04 -0.18 -0.06 -0.16 -0.09 -0.12 -0.08 -0.02 
INFO: cmn.c(175): CMN:  9.20 -0.02 -0.21  0.20 -0.43 -0.05 -0.12 -0.12 -0.15 -0.06 -0.11 -0.07 -0.02 
INFO: cmn.c(175): CMN:  7.14 -0.25 -0.16 -0.14 -0.17  0.01 -0.08 -0.13 -0.07 -0.09 -0.13 -0.01 -0.10 
INFO: cmn.c(175): CMN: 10.48  0.11 -0.29  0.05 -0.56 -0.19 -0.15 -0.08 -0.16  0.01 -0.16 -0.06 -0.13 
INFO: cmn.c(175): CMN: 10.04 -0.12 -0.12  0.25 -0.44 -0.12 -0.27 -0.15 -0.28 -0.01 -0.18 -0.11 -0.06 
INFO: cmn.c(175): CMN:  9.08 -0.38 -0.27 -0.01 -0.21 -0.11 -0.10 -0.09 -0.11 -0.10 -0.15 -0.08 -0.09 
INFO: cmn.c(175): CMN: 10.12  0.02 -0.33  0.11 -0.51 -0.12 -0.19 -0.06 -0.07 -0.07 -0.12 -0.04 -0.09 
INFO: cmn.c(175): CMN:  9.79 -0.36 -0.07  0.19 -0.37 -0.18 -0.18 -0.08 -0.19 -0.03 -0.19  0.00 -0.10 
INFO: cmn.c(175): CMN:  7.51 -0.03 -0.24 -0.01 -0.19 -0.06 -0.15 -0.09 -0.11 -0.10 -0.15 -0.05 -0.13 
INFO: cmn.c(175): CMN:  9.62 -0.29 -0.21  0.11 -0.30 -0.14 -0.23 -0.05 -0.15 -0.13 -0.13 -0.04 -0.07 
INFO: cmn.c(175): CMN:  9.52 -0.31 -0.21  0.19 -0.25 -0.14 -0.21 -0.04 -0.09 -0.11 -0.13 -0.01 -0.12 
INFO: cmn.c(175): CMN:  6.49  0.17 -0.24 -0.17 -0.27  0.03 -0.01 -0.07 -0.02 -0.05 -0.14 -0.00 -0.04 
INFO: cmn.c(175): CMN:  8.62  0.05 -0.42  0.19 -0.24 -0.17 -0.19 -0.05 -0.15 -0.06 -0.16 -0.01  0.02 
INFO: cmn.c(175): CMN:  8.20 -0.08 -0.31  0.09 -0.21 -0.15 -0.11 -0.07 -0.12 -0.07 -0.18 -0.04 -0.04 
INFO: cmn.c(175): CMN:  9.56  0.33 -0.60  0.14 -0.38 -0.09 -0.21 -0.13 -0.10 -0.01 -0.15 -0.06 -0.02 
INFO: cmn.c(175): CMN:  8.16 -0.27 -0.17  0.26 -0.24 -0.12 -0.16 -0.04 -0.11 -0.06 -0.14 -0.06  0.00 
INFO: cmn.c(175): CMN:  8.71  0.09 -0.20  0.04 -0.33 -0.11 -0.12 -0.11 -0.11  0.01 -0.17 -0.03 -0.02 
INFO: cmn.c(175): CMN:  9.41  0.16 -0.34  0.31 -0.33 -0.22 -0.23 -0.03 -0.18 -0.03 -0.24 -0.03 -0.01 
INFO: cmn.c(175): CMN:  7.12  0.04 -0.25  0.27 -0.19 -0.15 -0.15 -0.06 -0.13 -0.08 -0.14 -0.01 -0.00 
INFO: cmn.c(175): CMN:  8.23  0.10 -0.16  0.43 -0.30 -0.19 -0.16 -0.07 -0.19 -0.12 -0.14 -0.02 -0.03 
INFO: cmn.c(175): CMN:  9.31  0.36 -0.37  0.36 -0.52 -0.14 -0.22 -0.06 -0.21 -0.05 -0.17 -0.07 -0.06 
INFO: cmn.c(175): CMN:  8.42  0.05 -0.29  0.11 -0.22 -0.14 -0.16 -0.11 -0.13 -0.02 -0.17 -0.05 -0.01 
INFO: cmn.c(175): CMN:  8.86  0.21 -0.37  0.12 -0.32 -0.17 -0.15 -0.13 -0.18 -0.02 -0.18  0.03 -0.03 
INFO: cmn.c(175): CMN:  8.38 -0.01 -0.17  0.23 -0.22 -0.21 -0.13 -0.08 -0.09 -0.05 -0.13 -0.01 -0.04 
INFO: cmn.c(175): CMN:  9.25 -0.01 -0.01  0.48 -0.31 -0.01 -0.22 -0.08 -0.29 -0.06 -0.17 -0.15 -0.08 
INFO: cmn.c(175): CMN:  7.49  0.12 -0.06  0.06 -0.20 -0.01 -0.13 -0.07 -0.16 -0.03 -0.17 -0.09 -0.15 
INFO: cmn.c(175): CMN:  9.74 -0.02 -0.11  0.23 -0.26 -0.05 -0.28 -0.07 -0.21 -0.03 -0.20 -0.10 -0.09 
INFO: cmn.c(175): CMN:  9.56 -0.15 -0.13  0.13 -0.21 -0.06 -0.17 -0.07 -0.18 -0.03 -0.17 -0.13 -0.10 
INFO: cmn.c(175): CMN:  9.51 -0.06 -0.11  0.31 -0.27 -0.14 -0.25 -0.05 -0.22 -0.12 -0.09 -0.13 -0.09 
INFO: cmn.c(175): CMN: 10.36 -0.14 -0.30  0.28 -0.38 -0.20 -0.25 -0.01 -0.23 -0.07 -0.10 -0.16 -0.10 
INFO: cmn.c(175): CMN:  9.74 -0.36  0.06  0.54 -0.47 -0.10 -0.16 -0.12 -0.25 -0.09 -0.17 -0.14 -0.08 
INFO: cmn.c(175): CMN:  8.62 -0.05 -0.07  0.08 -0.08 -0.12 -0.14  0.00 -0.17 -0.07 -0.21 -0.05 -0.16 
INFO: cmn.c(175): CMN:  9.79 -0.20 -0.04  0.37 -0.39 -0.06 -0.21 -0.10 -0.23 -0.06 -0.17 -0.18 -0.08 
INFO: cmn.c(175): CMN: 10.37 -0.06 -0.07  0.21 -0.47 -0.06 -0.26 -0.09 -0.19 -0.06 -0.15 -0.18 -0.06 
INFO: cmn.c(175): CMN:  9.31 -0.31 -0.11  0.18 -0.10 -0.16 -0.23 -0.09 -0.14 -0.07 -0.21 -0.11 -0.07 
INFO: cmn.c(175): CMN:  9.14 -0.05 -0.13  0.25 -0.17 -0.08 -0.30 -0.07 -0.20 -0.02 -0.19 -0.12 -0.08 
[100] INFO: cmn.c(175): CMN:  9.10 -0.09  0.03  0.18 -0.11 -0.14 -0.21 -0.07 -0.19 -0.01 -0.23 -0.08 -0.10 
INFO: cmn.c(175): CMN:  9.36 -0.03 -0.30  0.14 -0.31 -0.06 -0.29 -0.12 -0.12 -0.06 -0.15 -0.10 -0.03 
INFO: cmn.c(175): CMN:  9.61 -0.03 -0.32  0.44 -0.27 -0.17 -0.22 -0.05 -0.19 -0.17 -0.14 -0.10  0.01 
INFO: cmn.c(175): CMN:  9.86 -0.11 -0.28  0.30 -0.27 -0.16 -0.26 -0.04 -0.18 -0.12 -0.14 -0.09 -0.00 
INFO: cmn.c(175): CMN: 10.20 -0.07 -0.35  0.25 -0.32 -0.16 -0.29 -0.04 -0.13 -0.08 -0.17 -0.08  0.00 
INFO: cmn.c(175): CMN:  8.35 -0.01 -0.29  0.30 -0.24 -0.02 -0.23 -0.05 -0.12 -0.12 -0.10 -0.05 -0.03 
INFO: cmn.c(175): CMN: 10.44  0.17 -0.42  0.16 -0.44 -0.08 -0.29 -0.12 -0.10 -0.03 -0.19 -0.10 -0.02 
INFO: cmn.c(175): CMN: 10.14  0.24 -0.44  0.18 -0.48 -0.11 -0.36 -0.05 -0.15 -0.04 -0.14 -0.07 -0.04 
INFO: cmn.c(175): CMN:  8.71  0.07 -0.22  0.02 -0.26  0.02 -0.21 -0.12 -0.12 -0.04 -0.18 -0.08  0.01 
INFO: cmn.c(175): CMN:  9.19  0.57 -0.24  0.38 -0.52 -0.02 -0.20 -0.15 -0.25 -0.20 -0.10 -0.14 -0.03 
INFO: cmn.c(175): CMN:  9.42 -0.18 -0.22  0.46 -0.36 -0.14 -0.24 -0.03 -0.23 -0.14 -0.13 -0.12  0.01 
INFO: cmn.c(175): CMN:  9.43  0.03 -0.32  0.12 -0.30 -0.04 -0.15 -0.13 -0.05 -0.09 -0.13 -0.14  0.01 
INFO: cmn.c(175): CMN:  9.51  0.11 -0.40  0.05 -0.33 -0.04 -0.18 -0.13 -0.17 -0.13 -0.09 -0.08 -0.05 
INFO: cmn.c(175): CMN:  9.67 -0.12 -0.33  0.15 -0.15 -0.13 -0.18 -0.08 -0.10 -0.16 -0.12 -0.11 -0.02 
INFO: cmn.c(175): CMN:  9.21  0.13 -0.23 -0.07 -0.18 -0.17 -0.04 -0.14 -0.06 -0.07 -0.08 -0.15  0.01 
INFO: cmn.c(175): CMN:  7.81 -0.16 -0.16 -0.14 -0.12 -0.04 -0.12 -0.08 -0.10 -0.10 -0.07 -0.17  0.01 
INFO: cmn.c(175): CMN:  7.68 -0.06 -0.08  0.16 -0.14 -0.13 -0.06 -0.15 -0.16 -0.14 -0.12 -0.08 -0.03 
INFO: cmn.c(175): CMN:  8.07 -0.35 -0.11 -0.12 -0.21  0.02 -0.06 -0.12 -0.12 -0.06 -0.12 -0.11 -0.06 
INFO: cmn.c(175): CMN:  8.85 -0.05 -0.19  0.14 -0.20 -0.22  0.01 -0.17 -0.07 -0.11 -0.08 -0.14 -0.03 
INFO: cmn.c(175): CMN:  8.90 -0.02 -0.13 -0.03 -0.17 -0.27 -0.05 -0.13 -0.12 -0.11 -0.05 -0.13 -0.00 
INFO: cmn.c(175): CMN:  8.79  0.04 -0.19  0.15 -0.14 -0.30 -0.01 -0.18 -0.15 -0.09 -0.06 -0.11 -0.01 
INFO: cmn.c(175): CMN:  8.95  0.06 -0.16  0.21 -0.05 -0.23 -0.09 -0.15 -0.16 -0.13 -0.12 -0.11 -0.02 
INFO: cmn.c(175): CMN:  9.24  0.27 -0.12  0.06 -0.18 -0.32  0.09 -0.21 -0.08 -0.11 -0.06 -0.14  0.01 
INFO: cmn.c(175): CMN:  9.45 -0.01 -0.11  0.26 -0.16 -0.33  0.01 -0.20 -0.16 -0.09 -0.12 -0.13  0.01 
INFO: cmn.c(175): CMN:  8.67  0.34 -0.15  0.01 -0.07 -0.14 -0.04 -0.19 -0.09 -0.07 -0.06 -0.13  0.00 
INFO: cmn.c(175): CMN:  8.61  0.18 -0.15  0.20 -0.10 -0.27  0.00 -0.22 -0.15 -0.12 -0.10 -0.09 -0.02 
INFO: cmn.c(175): CMN:  9.30 -0.04 -0.18 -0.06 -0.10 -0.21 -0.05 -0.11 -0.08 -0.08 -0.12 -0.10 -0.05 
INFO: cmn.c(175): CMN:  9.09 -0.31 -0.22  0.28 -0.24  0.02 -0.32  0.01 -0.15 -0.02 -0.12 -0.01  0.02 
INFO: cmn.c(175): CMN:  8.73 -0.08 -0.32  0.18 -0.20  0.05 -0.32  0.08 -0.06 -0.06 -0.03 -0.03  0.02 
INFO: cmn.c(175): CMN:  9.01 -0.20 -0.33  0.23 -0.28  0.03 -0.29  0.05 -0.13 -0.08 -0.05 -0.09  0.03 
INFO: cmn.c(175): CMN:  7.91  0.10 -0.30  0.04 -0.24  0.06 -0.21  0.01 -0.08 -0.05 -0.06 -0.03 -0.03 
INFO: cmn.c(175): CMN:  8.50 -0.55 -0.01  0.30 -0.33  0.01 -0.16 -0.01 -0.16 -0.10 -0.05 -0.08  0.06 
INFO: cmn.c(175): CMN:  8.23 -0.38  0.04  0.21 -0.24 -0.08 -0.19  0.04 -0.18  0.04 -0.12  0.04 -0.02 
INFO: cmn.c(175): CMN:  8.46 -0.05 -0.04  0.16 -0.36 -0.01 -0.12  0.07 -0.17  0.01 -0.09  0.01  0.02 
INFO: cmn.c(175): CMN:  8.53 -0.07 -0.21  0.05 -0.19 -0.11 -0.22  0.01 -0.15 -0.05 -0.06 -0.03  0.01 
INFO: cmn.c(175): CMN:  8.39 -0.21  0.08  0.47 -0.44  0.02 -0.10 -0.13 -0.18 -0.04 -0.08 -0.10  0.10 
INFO: cmn.c(175): CMN:  8.38 -0.54 -0.05 -0.02 -0.17 -0.01 -0.19  0.07 -0.14  0.01 -0.11 -0.01  0.04 
INFO: cmn.c(175): CMN:  8.41 -0.33 -0.11  0.09 -0.16  0.02 -0.17  0.02 -0.05 -0.02 -0.06 -0.06  0.02 
INFO: cmn.c(175): CMN:  8.51  0.12 -0.27  0.19 -0.29 -0.05 -0.14 -0.01 -0.08 -0.06 -0.00 -0.02  0.02 
INFO: cmn.c(175): CMN:  9.35 -0.27  0.01  0.33 -0.41 -0.04 -0.27 -0.03 -0.18  0.02 -0.10 -0.07  0.02 
INFO: cmn.c(175): CMN:  9.47 -0.58  0.14  0.47 -0.47  0.01 -0.19 -0.09 -0.20 -0.03 -0.11 -0.08 -0.02 
INFO: cmn.c(175): CMN:  7.35 -0.32 -0.15  0.10 -0.28 -0.06 -0.17 -0.04 -0.06 -0.07 -0.05 -0.12 -0.07 
INFO: cmn.c(175): CMN:  9.52 -0.18 -0.22  0.09 -0.44  0.09 -0.26 -0.06 -0.09 -0.01 -0.12 -0.04 -0.03 
INFO: cmn.c(175): CMN:  7.87 -0.31 -0.05  0.50 -0.39 -0.05 -0.28 -0.11 -0.17 -0.04 -0.06 -0.11 -0.05 
INFO: cmn.c(175): CMN:  8.93 -0.39 -0.08  0.29 -0.45  0.10 -0.24 -0.08 -0.11  0.02 -0.10 -0.07  0.00 
INFO: cmn.c(175): CMN: 10.38 -0.31 -0.18  0.47 -0.62 -0.04 -0.24  0.00 -0.20  0.00 -0.13 -0.11 -0.06 
INFO: cmn.c(175): CMN:  9.66 -0.20 -0.22  0.28 -0.58 -0.06 -0.15  0.00 -0.13 -0.00 -0.08 -0.08 -0.04 
INFO: cmn.c(175): CMN:  9.47 -0.34 -0.06  0.36 -0.46 -0.07 -0.24 -0.00 -0.17 -0.07 -0.12 -0.06 -0.01 
INFO: cmn.c(175): CMN: 10.09 -0.24 -0.23  0.40 -0.62  0.03 -0.28  0.01 -0.19  0.01 -0.14 -0.12 -0.06 
INFO: cmn.c(175): CMN:  9.03 -0.39 -0.06  0.33 -0.45 -0.01 -0.25 -0.04 -0.20 -0.03 -0.12 -0.10 -0.06 
INFO: cmn.c(175): CMN:  9.09 -0.06 -0.23  0.32 -0.44 -0.02 -0.28 -0.00 -0.17 -0.05 -0.12 -0.09 -0.03 
INFO: cmn.c(175): CMN:  9.87 -0.24 -0.37  0.28 -0.40 -0.09 -0.28 -0.03 -0.14 -0.04 -0.11 -0.07 -0.04 
INFO: cmn.c(175): CMN:  9.39 -0.35 -0.14  0.33 -0.39 -0.11 -0.25 -0.05 -0.18 -0.07 -0.08 -0.08 -0.03 
INFO: cmn.c(175): CMN:  9.10 -0.05 -0.16  0.11 -0.19 -0.15 -0.22 -0.16 -0.14 -0.09 -0.14 -0.03 -0.03 
INFO: cmn.c(175): CMN:  9.12 -0.15 -0.11 -0.03 -0.22 -0.05 -0.21 -0.21 -0.09 -0.09 -0.16  0.00 -0.09 
INFO: cmn.c(175): CMN:  9.08 -0.22 -0.23  0.08 -0.30 -0.10 -0.16 -0.20 -0.17 -0.08 -0.18  0.01 -0.06 
INFO: cmn.c(175): CMN:  5.94 -0.08 -0.20 -0.07 -0.05 -0.00 -0.17 -0.10 -0.08 -0.13 -0.12 -0.07 -0.06 
INFO: cmn.c(175): CMN:  8.68  0.20 -0.28 -0.20 -0.28 -0.08 -0.25 -0.18 -0.17 -0.02 -0.14 -0.04 -0.04 
INFO: cmn.c(175): CMN:  8.03  0.01 -0.03 -0.02 -0.41 -0.06 -0.10 -0.21 -0.12 -0.07 -0.15 -0.06 -0.08 
INFO: cmn.c(175): CMN:  8.66 -0.09 -0.18  0.06 -0.36 -0.10 -0.16 -0.22 -0.10 -0.05 -0.22 -0.04 -0.14 
INFO: cmn.c(175): CMN:  8.52 -0.29 -0.25 -0.15 -0.26 -0.06 -0.17 -0.15 -0.14 -0.01 -0.15 -0.07 -0.10 
INFO: cmn.c(175): CMN:  8.66 -0.22 -0.15  0.30 -0.32 -0.19 -0.24 -0.18 -0.25 -0.12 -0.14 -0.07 -0.12 
INFO: cmn.c(175): CMN:  8.87 -0.42 -0.12  0.37 -0.33 -0.15 -0.17 -0.16 -0.24 -0.10 -0.17 -0.10 -0.09 
INFO: cmn.c(175): CMN:  8.56 -0.11 -0.15 -0.06 -0.22 -0.04 -0.17 -0.21 -0.20 -0.02 -0.14 -0.10 -0.12 
INFO: cmn.c(175): CMN:  8.43  0.15 -0.24 -0.19 -0.29  0.01 -0.24 -0.10 -0.21 -0.04 -0.12 -0.10 -0.08 
INFO: cmn.c(175): CMN:  7.56 -0.29 -0.15  0.10 -0.05 -0.10 -0.20 -0.09 -0.15 -0.15 -0.17 -0.07 -0.09 
INFO: cmn.c(175): CMN:  8.38  0.14 -0.12  0.08 -0.26 -0.06 -0.11 -0.03 -0.09 -0.13 -0.15 -0.17  0.00 
INFO: cmn.c(175): CMN:  9.28 -0.17  0.08  0.29 -0.24 -0.20 -0.11 -0.14 -0.24 -0.09 -0.18 -0.11  0.03 
INFO: cmn.c(175): CMN:  9.38 -0.12  0.03  0.26 -0.25 -0.15 -0.10 -0.14 -0.15 -0.07 -0.16 -0.09  0.01 
INFO: cmn.c(175): CMN:  9.15 -0.34  0.16  0.39 -0.29 -0.10 -0.11 -0.09 -0.19 -0.11 -0.18 -0.10 -0.02 
INFO: cmn.c(175): CMN:  9.61 -0.11 -0.12  0.21 -0.34 -0.18 -0.11 -0.14 -0.10 -0.07 -0.17 -0.12 -0.03 
INFO: cmn.c(175): CMN:  9.02  0.14  0.07  0.33 -0.30 -0.12 -0.08 -0.15 -0.18 -0.09 -0.18 -0.09 -0.03 
INFO: cmn.c(175): CMN:  9.23  0.30 -0.07  0.14 -0.37 -0.22 -0.10 -0.10 -0.14 -0.08 -0.14 -0.13 -0.04 
INFO: cmn.c(175): CMN:  9.46 -0.24 -0.17 -0.04 -0.22 -0.14 -0.18 -0.04 -0.11 -0.10 -0.12 -0.09 -0.06 
INFO: cmn.c(175): CMN:  9.12  0.01  0.24  0.15 -0.30 -0.15 -0.01 -0.27 -0.03 -0.14 -0.19 -0.06 -0.03 
INFO: cmn.c(175): CMN:  9.40 -0.31  0.12  0.34 -0.30 -0.16 -0.08 -0.14 -0.16 -0.03 -0.19 -0.09  0.01 
INFO: cmn.c(175): CMN:  9.46  0.13 -0.11  0.10 -0.23 -0.14 -0.15 -0.06 -0.04 -0.11 -0.13 -0.14 -0.02 
INFO: cmn.c(175): CMN:  9.55  0.24 -0.13  0.02 -0.23 -0.19 -0.23 -0.05 -0.10 -0.14 -0.13 -0.10 -0.02 
INFO: cmn.c(175): CMN:  9.54 -0.18 -0.01  0.13 -0.23 -0.17 -0.17 -0.02 -0.13 -0.08 -0.16 -0.08 -0.00 
INFO: cmn.c(175): CMN:  9.66 -0.26  0.25  0.27 -0.43 -0.02 -0.12 -0.17 -0.17 -0.13 -0.11 -0.13 -0.01 
INFO: cmn.c(175): CMN:  7.98 -0.47  0.09  0.29 -0.29  0.03 -0.18 -0.14 -0.16 -0.13 -0.09 -0.09 -0.04 
INFO: cmn.c(175): CMN:  9.68 -0.33 -0.02 -0.03 -0.36 -0.07 -0.12 -0.12 -0.09  0.02 -0.17 -0.09 -0.06 
INFO: cmn.c(175): CMN:  8.35  0.11  0.03  0.06 -0.40  0.09 -0.18 -0.14 -0.14 -0.06 -0.13 -0.12 -0.06 
INFO: cmn.c(175): CMN:  8.16 -0.30 -0.07 -0.03 -0.32  0.04 -0.15 -0.06 -0.09 -0.10 -0.12 -0.09 -0.05 
INFO: cmn.c(175): CMN:  9.34 -0.72  0.19  0.35 -0.39 -0.02 -0.14 -0.11 -0.15 -0.09 -0.14 -0.06 -0.04 
INFO: cmn.c(175): CMN:  9.93 -0.29  0.09  0.20 -0.47  0.04 -0.25 -0.21 -0.09 -0.12 -0.11 -0.13 -0.01 
INFO: cmn.c(175): CMN:  9.65 -0.46  0.02  0.04 -0.27 -0.05 -0.16 -0.12 -0.12 -0.09 -0.15 -0.09 -0.06 
INFO: cmn.c(175): CMN:  9.72 -0.31  0.08  0.18 -0.49  0.01 -0.25 -0.17 -0.10 -0.11 -0.07 -0.10 -0.00 
INFO: cmn.c(175): CMN:  9.74 -0.59  0.10  0.29 -0.45 -0.03 -0.16 -0.11 -0.13 -0.08 -0.11 -0.11 -0.01 
INFO: cmn.c(175): CMN:  9.37 -0.26 -0.02  0.19 -0.31  0.03 -0.29 -0.11 -0.13 -0.10 -0.13 -0.09 -0.03 
INFO: cmn.c(175): CMN:  9.84 -0.41 -0.00  0.03 -0.23 -0.07 -0.26 -0.07 -0.11 -0.10 -0.15 -0.05 -0.03 
INFO: cmn.c(175): CMN:  9.67 -0.50  0.07  0.35 -0.30 -0.10 -0.21 -0.10 -0.17 -0.11 -0.11 -0.08 -0.02 
INFO: cmn.c(175): CMN: 10.38 -0.43 -0.13  0.06 -0.20 -0.22 -0.06 -0.08 -0.11 -0.18 -0.09 -0.06 -0.04 
INFO: cmn.c(175): CMN:  9.81 -0.35 -0.21  0.05 -0.15 -0.16 -0.13 -0.05 -0.07 -0.16 -0.12 -0.06 -0.03 
INFO: cmn.c(175): CMN:  9.05 -0.33 -0.31 -0.19 -0.23 -0.05 -0.08 -0.04 -0.12 -0.10 -0.10 -0.09 -0.07 
INFO: cmn.c(175): CMN:  9.79 -0.45  0.09  0.23 -0.23 -0.20 -0.05 -0.06 -0.21 -0.13 -0.12 -0.08  0.00 
INFO: cmn.c(175): CMN: 10.09 -0.39 -0.20  0.15 -0.20 -0.23 -0.09 -0.05 -0.16 -0.13 -0.14 -0.08 -0.00 
INFO: cmn.c(175): CMN: 10.66 -0.39 -0.03  0.24 -0.31 -0.21 -0.10 -0.10 -0.21 -0.14 -0.13 -0.10 -0.02 
INFO: cmn.c(175): CMN: 10.72 -0.30 -0.15 -0.03 -0.34 -0.19 -0.08 -0.07 -0.16 -0.12 -0.09 -0.10  0.00 
INFO: cmn.c(175): CMN:  9.73 -0.08 -0.06 -0.08 -0.16 -0.14 -0.16 -0.03 -0.15 -0.19 -0.11 -0.06 -0.02 
[200] INFO: cmn.c(175): CMN: 10.55 -0.04 -0.11  0.05 -0.45 -0.16 -0.14 -0.06 -0.21 -0.14 -0.12 -0.11 -0.05 
INFO: cmn.c(175): CMN: 10.24 -0.47  0.01  0.33 -0.30 -0.15 -0.10 -0.11 -0.25 -0.12 -0.14 -0.11  0.01 
INFO: cmn.c(175): CMN: 10.23 -0.35 -0.24 -0.00 -0.10 -0.13 -0.14 -0.08 -0.11 -0.17 -0.13 -0.06  0.00 
INFO: cmn.c(175): CMN: 10.04 -0.21 -0.21 -0.04 -0.20 -0.13 -0.16 -0.05 -0.12 -0.16 -0.09 -0.06 -0.02 
INFO: cmn.c(175): CMN:  9.84 -0.78 -0.17 -0.05 -0.01 -0.21 -0.15 -0.03 -0.10 -0.13 -0.08 -0.09  0.02 
INFO: cmn.c(175): CMN:  9.36 -0.28  0.14  0.49 -0.36  0.06 -0.24 -0.06 -0.20 -0.10 -0.16 -0.03 -0.03 
INFO: cmn.c(175): CMN:  9.79 -0.23  0.13  0.29 -0.39 -0.01 -0.25 -0.09 -0.14 -0.08 -0.14 -0.03 -0.05 
INFO: cmn.c(175): CMN:  7.25 -0.18  0.20  0.28 -0.21  0.06 -0.16 -0.12 -0.19 -0.05 -0.16  0.02 -0.09 
INFO: cmn.c(175): CMN:  9.58 -0.16  0.16  0.17 -0.36 -0.02 -0.17 -0.08 -0.14 -0.06 -0.17 -0.05 -0.07 
INFO: cmn.c(175): CMN:  9.53 -0.27 -0.01  0.12 -0.34 -0.07 -0.19 -0.07 -0.06 -0.08 -0.12 -0.05 -0.07 
INFO: cmn.c(175): CMN:  8.93  0.22 -0.05  0.05 -0.43  0.01 -0.15 -0.09 -0.03 -0.13 -0.10 -0.09 -0.09 
INFO: cmn.c(175): CMN:  8.77 -0.26  0.05  0.22 -0.41  0.03 -0.13 -0.07 -0.05 -0.16 -0.12 -0.08 -0.06 
INFO: cmn.c(175): CMN:  8.47  0.12  0.10  0.18 -0.39  0.10 -0.10 -0.11 -0.11 -0.09 -0.13 -0.06 -0.07 
INFO: cmn.c(175): CMN:  9.43 -0.11  0.28  0.30 -0.56  0.09 -0.17 -0.14 -0.12 -0.13 -0.16 -0.08 -0.06 
INFO: cmn.c(175): CMN:  9.54  0.19 -0.01  0.04 -0.45  0.03 -0.17 -0.13 -0.08 -0.10 -0.16 -0.08 -0.07 
INFO: cmn.c(175): CMN:  9.20  0.12  0.03  0.12 -0.39 -0.03 -0.23 -0.10 -0.09 -0.07 -0.20 -0.01 -0.07 
INFO: cmn.c(175): CMN:  9.77 -0.01 -0.07  0.15 -0.27 -0.03 -0.24 -0.07 -0.10 -0.10 -0.15 -0.02 -0.07 
INFO: cmn.c(175): CMN:  9.18 -0.53  0.18  0.08 -0.16 -0.03 -0.13 -0.06 -0.12 -0.10 -0.14 -0.03 -0.06 
INFO: cmn.c(175): CMN:  9.11  0.20 -0.24  0.20 -0.39 -0.12 -0.13 -0.16 -0.06 -0.09 -0.05 -0.08 -0.04 
INFO: cmn.c(175): CMN:  8.46  0.02 -0.18  0.18 -0.19 -0.13 -0.17 -0.16 -0.07 -0.19 -0.10 -0.13 -0.09 
INFO: cmn.c(175): CMN:  8.41  0.25 -0.10  0.17 -0.27 -0.10 -0.13 -0.14 -0.02 -0.06 -0.05 -0.07  0.02 
INFO: cmn.c(175): CMN:  7.96 -0.12  0.00  0.23 -0.13 -0.07 -0.13 -0.20 -0.04 -0.15 -0.06 -0.05 -0.03 
INFO: cmn.c(175): CMN:  7.92 -0.31 -0.19  0.15 -0.13 -0.11 -0.15 -0.15 -0.03 -0.15 -0.05 -0.03 -0.05 
INFO: cmn.c(175): CMN:  8.19 -0.00 -0.03  0.34 -0.26 -0.08 -0.08 -0.13 -0.07 -0.09  0.00 -0.09 -0.05 
INFO: cmn.c(175): CMN:  8.64  0.12 -0.16  0.26 -0.36 -0.10 -0.09 -0.17 -0.04 -0.09 -0.04 -0.10 -0.02 
INFO: cmn.c(175): CMN:  8.26  0.26 -0.22  0.28 -0.17 -0.05 -0.24 -0.17 -0.07 -0.14 -0.03 -0.13  0.01 
INFO: cmn.c(175): CMN:  8.04  0.02 -0.06  0.37 -0.39 -0.06 -0.06 -0.22 -0.12 -0.10 -0.07 -0.09 -0.05 
INFO: cmn.c(175): CMN:  8.29 -0.09  0.00  0.40 -0.31 -0.09 -0.07 -0.17 -0.10 -0.05 -0.04 -0.08 -0.01 
INFO: cmn.c(175): CMN:  8.61  0.38 -0.16  0.17 -0.30 -0.06 -0.09 -0.14 -0.00 -0.06 -0.07 -0.10  0.04 
INFO: cmn.c(175): CMN:  8.12  0.33 -0.13  0.18 -0.21 -0.05 -0.13 -0.16 -0.04 -0.11 -0.03 -0.10  0.01 
INFO: cmn.c(175): CMN:  8.39  0.16 -0.04  0.28 -0.27 -0.14 -0.09 -0.18 -0.10 -0.06 -0.02 -0.07 -0.01 
INFO: cmn.c(175): CMN:  7.42 -0.07 -0.07 -0.08 -0.13  0.03 -0.08 -0.09 -0.16 -0.13 -0.02 -0.04 -0.05 
INFO: cmn.c(175): CMN:  8.80 -0.01 -0.16  0.22 -0.04 -0.12 -0.20 -0.05 -0.19 -0.03 -0.11 -0.07  0.02 
INFO: cmn.c(175): CMN:  9.05 -0.11 -0.05  0.28 -0.23 -0.13 -0.17 -0.05 -0.30 -0.04 -0.13 -0.04  0.02 
INFO: cmn.c(175): CMN:  8.73  0.17 -0.09  0.24 -0.30 -0.02 -0.20 -0.04 -0.26 -0.06 -0.09 -0.03  0.02 
INFO: cmn.c(175): CMN:  8.65 -0.35 -0.06  0.13 -0.11 -0.11 -0.20 -0.02 -0.19 -0.08 -0.09 -0.03  0.01 
INFO: cmn.c(175): CMN:  9.02  0.11 -0.18  0.06 -0.15 -0.04 -0.19 -0.03 -0.25 -0.06 -0.07 -0.02  0.03 
INFO: cmn.c(175): CMN:  8.70  0.06 -0.18  0.11 -0.18 -0.13 -0.19  0.02 -0.24 -0.07 -0.07 -0.00 -0.02 
INFO: cmn.c(175): CMN:  9.01  0.15 -0.24  0.09 -0.17 -0.02 -0.30 -0.02 -0.19 -0.13 -0.06 -0.01 -0.03 
INFO: cmn.c(175): CMN:  8.67 -0.05 -0.13  0.35 -0.33 -0.06 -0.16 -0.05 -0.29  0.01 -0.07 -0.05  0.05 
INFO: cmn.c(175): CMN:  9.14 -0.10  0.01  0.41 -0.31 -0.13 -0.19 -0.05 -0.34 -0.00 -0.07 -0.03  0.01 
INFO: cmn.c(175): CMN:  8.82  0.17 -0.13  0.16 -0.14 -0.12 -0.17 -0.03 -0.21 -0.09 -0.10 -0.04 -0.04 
INFO: cmn.c(175): CMN:  8.65 -0.12 -0.03  0.16 -0.06 -0.14 -0.22 -0.03 -0.19 -0.11 -0.09 -0.02 -0.01 
INFO: cmn.c(175): CMN:  8.30  0.06  0.00  0.18 -0.16 -0.14 -0.10 -0.07 -0.26 -0.00 -0.12 -0.04 -0.01 
INFO: cmn.c(175): CMN:  8.73 -0.40 -0.28  0.07 -0.07 -0.16 -0.15 -0.10 -0.06 -0.12 -0.09 -0.06 -0.01 
INFO: cmn.c(175): CMN: 10.20  0.01 -0.23  0.20 -0.29 -0.13 -0.12 -0.16 -0.12 -0.13 -0.13 -0.15 -0.03 
INFO: cmn.c(175): CMN:  9.32 -0.03 -0.03  0.26 -0.30 -0.16 -0.12 -0.21 -0.12 -0.15 -0.12 -0.08 -0.01 
INFO: cmn.c(175): CMN:  9.03 -0.20 -0.16  0.10 -0.15 -0.15 -0.23 -0.07 -0.04 -0.16 -0.14 -0.05 -0.01 
INFO: cmn.c(175): CMN:  7.59 -0.47 -0.07  0.06 -0.17 -0.07 -0.12 -0.10 -0.08 -0.10 -0.05 -0.09 -0.02 
INFO: cmn.c(175): CMN:  8.82 -0.36  0.04  0.47 -0.38 -0.11 -0.02 -0.19 -0.14 -0.10 -0.13 -0.10  0.02 
INFO: cmn.c(175): CMN:  9.61  0.17 -0.23  0.20 -0.41 -0.13 -0.07 -0.20 -0.11 -0.15 -0.10 -0.12 -0.01 
INFO: cmn.c(175): CMN:  8.82 -0.30 -0.09  0.13 -0.17 -0.08 -0.14 -0.14 -0.08 -0.15 -0.12 -0.09 -0.00 
INFO: cmn.c(175): CMN:  9.01  0.13  0.01  0.41 -0.40 -0.17 -0.03 -0.25 -0.16 -0.17 -0.14 -0.13 -0.01 
INFO: cmn.c(175): CMN:  9.69  0.00 -0.04  0.33 -0.35 -0.19 -0.13 -0.23 -0.13 -0.18 -0.14 -0.12 -0.02 
INFO: cmn.c(175): CMN:  9.14  0.14 -0.16  0.09 -0.30 -0.09 -0.12 -0.15 -0.09 -0.12 -0.14 -0.12 -0.01 
INFO: cmn.c(175): CMN:  9.08 -0.07 -0.03  0.12 -0.21 -0.09 -0.15 -0.12 -0.07 -0.19 -0.09 -0.09  0.00 
INFO: cmn.c(175): CMN:  9.93  0.01 -0.31  0.17 -0.25 -0.13 -0.18 -0.13 -0.10 -0.14 -0.12 -0.16 -0.03 
INFO: cmn.c(175): CMN:  9.73 -0.01 -0.02  0.21 -0.39 -0.02 -0.18 -0.07 -0.22 -0.05 -0.20 -0.10 -0.13 
INFO: cmn.c(175): CMN:  8.15  0.12 -0.28 -0.05 -0.27  0.02 -0.07 -0.04 -0.10 -0.07 -0.11 -0.09 -0.09 
INFO: cmn.c(175): CMN:  8.04  0.16 -0.14 -0.10 -0.28  0.02 -0.10 -0.04 -0.13 -0.09 -0.14 -0.12 -0.05 
INFO: cmn.c(175): CMN:  9.62 -0.10  0.03  0.36 -0.29 -0.04 -0.19 -0.05 -0.24 -0.09 -0.21 -0.12 -0.11 
INFO: cmn.c(175): CMN:  8.93 -0.35  0.05 -0.03 -0.14 -0.05 -0.12 -0.06 -0.13 -0.10 -0.14 -0.11 -0.09 
INFO: cmn.c(175): CMN: 10.19 -0.05  0.04  0.29 -0.40 -0.02 -0.15 -0.06 -0.25 -0.04 -0.20 -0.18 -0.08 
INFO: cmn.c(175): CMN: 10.10  0.22 -0.05  0.27 -0.42 -0.07 -0.18 -0.01 -0.29 -0.07 -0.19 -0.17 -0.10 
INFO: cmn.c(175): CMN:  8.54 -0.02 -0.20  0.19 -0.14 -0.01 -0.18 -0.01 -0.12 -0.13 -0.14 -0.13 -0.10 
INFO: cmn.c(175): CMN: 10.41  0.00 -0.06  0.25 -0.49 -0.02 -0.21 -0.02 -0.26 -0.04 -0.19 -0.13 -0.11 
INFO: cmn.c(175): CMN: 10.62 -0.09 -0.08  0.21 -0.43 -0.06 -0.20  0.00 -0.26 -0.01 -0.23 -0.11 -0.12 
INFO: cmn.c(175): CMN:  9.62  0.09 -0.21  0.13 -0.29 -0.04 -0.20 -0.00 -0.18 -0.13 -0.16 -0.15 -0.10 
INFO: cmn.c(175): CMN:  9.89  0.25 -0.24  0.03 -0.27  0.00 -0.20 -0.02 -0.20 -0.11 -0.18 -0.15 -0.11 
INFO: cmn.c(175): CMN:  9.45 -0.02 -0.16  0.27 -0.16 -0.17 -0.13 -0.22 -0.10 -0.24 -0.13 -0.15 -0.14 
INFO: cmn.c(175): CMN:  9.38  0.33 -0.23  0.20 -0.22 -0.14 -0.06 -0.25 -0.09 -0.17 -0.15 -0.08 -0.22 
INFO: cmn.c(175): CMN:  8.85 -0.03 -0.10  0.29 -0.09 -0.16 -0.14 -0.18 -0.13 -0.19 -0.19 -0.09 -0.16 
INFO: cmn.c(175): CMN:  8.82  0.05 -0.19  0.15 -0.13 -0.10 -0.19 -0.22 -0.06 -0.15 -0.13 -0.13 -0.13 
INFO: cmn.c(175): CMN:  9.12  0.15 -0.32  0.08 -0.11 -0.12 -0.21 -0.22 -0.05 -0.17 -0.17 -0.12 -0.12 
INFO: cmn.c(175): CMN:  8.59  0.22 -0.19  0.26 -0.19 -0.17 -0.08 -0.21 -0.06 -0.23 -0.13 -0.13 -0.12 
INFO: cmn.c(175): CMN:  8.55  0.27 -0.23  0.09 -0.27 -0.11 -0.14 -0.15 -0.05 -0.19 -0.13 -0.02 -0.12 
INFO: cmn.c(175): CMN:  7.93  0.19 -0.01  0.06 -0.18 -0.11 -0.03 -0.25 -0.09 -0.09 -0.18 -0.18 -0.12 
INFO: cmn.c(175): CMN:  8.53  0.37 -0.17  0.35 -0.25 -0.21 -0.04 -0.20 -0.13 -0.26 -0.11 -0.09 -0.16 
INFO: cmn.c(175): CMN:  9.22  0.46 -0.20  0.24 -0.24 -0.14 -0.13 -0.20 -0.09 -0.22 -0.19 -0.06 -0.20 
INFO: cmn.c(175): CMN:  8.73 -0.09 -0.19  0.05 -0.18 -0.07 -0.17 -0.18 -0.09 -0.12 -0.07 -0.13 -0.09 
INFO: cmn.c(175): CMN:  8.60  0.18 -0.09  0.17 -0.16 -0.12 -0.09 -0.20 -0.13 -0.14 -0.14 -0.15 -0.19 
INFO: cmn.c(175): CMN:  9.22  0.00 -0.16  0.07 -0.22 -0.13 -0.13 -0.12 -0.13 -0.12 -0.15 -0.15 -0.11 
INFO: cmn.c(175): CMN:  9.54 -0.22 -0.22  0.09 -0.21 -0.19 -0.16 -0.23 -0.07 -0.13 -0.07 -0.19 -0.14 
INFO: cmn.c(175): CMN:  8.94 -0.13 -0.12  0.38 -0.12 -0.18 -0.13 -0.25 -0.11 -0.27 -0.10 -0.16 -0.17 
INFO: cmn.c(175): CMN:  8.73 -0.37 -0.17  0.22 -0.18 -0.15 -0.21 -0.17 -0.07 -0.14 -0.13 -0.18 -0.12 
INFO: cmn.c(175): CMN:  8.82  0.07 -0.24  0.23 -0.21 -0.14 -0.16 -0.23 -0.07 -0.16 -0.08 -0.17 -0.14 
INFO: cmn.c(175): CMN:  7.34 -0.10 -0.28  0.31 -0.16 -0.09 -0.14 -0.18 -0.06 -0.13 -0.11 -0.16 -0.14 
INFO: cmn.c(175): CMN:  9.57  0.08 -0.27  0.72 -0.33 -0.14 -0.16 -0.24 -0.10 -0.26 -0.14 -0.15 -0.25 
INFO: cmn.c(175): CMN:  9.13  0.35 -0.31  0.46 -0.30 -0.10 -0.19 -0.21 -0.07 -0.27 -0.11 -0.13 -0.16 
INFO: cmn.c(175): CMN:  9.29  0.09 -0.45  0.31 -0.17 -0.20 -0.17 -0.24 -0.08 -0.19 -0.18 -0.13 -0.15 
INFO: cmn.c(175): CMN:  9.56  0.09 -0.25  0.45 -0.24 -0.19 -0.16 -0.25 -0.07 -0.24 -0.10 -0.15 -0.16 
INFO: cmn.c(175): CMN:  8.21 -0.43 -0.27  0.51 -0.20 -0.20 -0.10 -0.18 -0.10 -0.18 -0.16 -0.11 -0.17 
INFO: cmn.c(175): CMN:  8.94  0.26 -0.27  0.15 -0.35 -0.16 -0.06 -0.21 -0.14 -0.12 -0.08 -0.15 -0.16 
INFO: cmn.c(175): CMN:  8.91  0.04 -0.22  0.18 -0.29 -0.14 -0.14 -0.23 -0.07 -0.23 -0.11 -0.14 -0.17 
INFO: cmn.c(175): CMN:  8.92 -0.08 -0.17  0.28 -0.22 -0.20 -0.11 -0.20 -0.09 -0.18 -0.12 -0.16 -0.13 
INFO: cmn.c(175): CMN:  9.36 -0.18 -0.34  0.15 -0.32 -0.02 -0.25 -0.12 -0.03 -0.19 -0.14 -0.09 -0.11 
INFO: cmn.c(175): CMN:  9.06 -0.24 -0.06  0.24 -0.29 -0.03 -0.10 -0.09 -0.13 -0.18 -0.15 -0.13 -0.10 
INFO: cmn.c(175): CMN:  9.66 -0.09 -0.43  0.32 -0.31 -0.10 -0.19 -0.09 -0.09 -0.15 -0.14 -0.10 -0.09 
INFO: cmn.c(175): CMN:  9.29  0.04 -0.22  0.31 -0.42 -0.08 -0.08 -0.14 -0.15 -0.16 -0.15 -0.12 -0.14 
INFO: cmn.c(175): CMN:  9.26  0.18 -0.35  0.19 -0.36  0.01 -0.25 -0.13 -0.10 -0.21 -0.13 -0.14 -0.08 
[300] INFO: cmn.c(175): CMN:  9.42  0.01 -0.30  0.41 -0.38 -0.08 -0.11 -0.09 -0.21 -0.19 -0.11 -0.11 -0.19 
INFO: cmn.c(175): CMN: 10.07  0.28 -0.57  0.31 -0.34 -0.15 -0.15 -0.15 -0.14 -0.15 -0.10 -0.05 -0.14 
INFO: cmn.c(175): CMN:  9.24  0.28 -0.19  0.14 -0.41 -0.00 -0.19 -0.17 -0.15 -0.20 -0.10 -0.07 -0.15 
INFO: cmn.c(175): CMN:  9.62  0.24 -0.36  0.41 -0.44 -0.18 -0.18 -0.13 -0.16 -0.23 -0.09 -0.08 -0.13 
INFO: cmn.c(175): CMN: 10.17  0.28 -0.39  0.44 -0.41 -0.12 -0.12 -0.21 -0.18 -0.20 -0.12 -0.15 -0.11 
INFO: cmn.c(175): CMN:  9.68  0.04 -0.46  0.14 -0.32 -0.02 -0.22 -0.16 -0.06 -0.17 -0.10 -0.12 -0.14 
INFO: cmn.c(175): CMN: 10.01  0.00 -0.40  0.04 -0.38 -0.03 -0.20 -0.18 -0.07 -0.18 -0.08 -0.13 -0.13 
INFO: cmn.c(175): CMN:  9.93 -0.41 -0.22  0.12 -0.20 -0.04 -0.21 -0.13 -0.11 -0.18 -0.08 -0.12 -0.08 
INFO: cmn.c(175): CMN:  8.27 -0.00 -0.27 -0.01 -0.36 -0.05 -0.07 -0.10 -0.17 -0.10 -0.03 -0.11 -0.07 
INFO: cmn.c(175): CMN:  7.67  0.01 -0.24  0.51 -0.15 -0.01 -0.16 -0.18 -0.06 -0.17 -0.13 -0.10 -0.09 
INFO: cmn.c(175): CMN:  9.37  0.27 -0.40  0.37 -0.32 -0.05 -0.21 -0.25 -0.08 -0.22 -0.09 -0.13 -0.12 
INFO: cmn.c(175): CMN:  8.10  0.13 -0.34  0.04 -0.29 -0.03 -0.17 -0.22 -0.09 -0.11 -0.01 -0.10 -0.05 
INFO: cmn.c(175): CMN:  9.69  0.37 -0.38  0.43 -0.39 -0.16 -0.15 -0.22 -0.07 -0.20 -0.05 -0.13 -0.11 
INFO: cmn.c(175): CMN:  9.28  0.50 -0.42  0.47 -0.37 -0.19 -0.17 -0.25 -0.09 -0.17 -0.13 -0.13 -0.11 
INFO: cmn.c(175): CMN:  9.30  0.18 -0.41  0.38 -0.35 -0.16 -0.18 -0.19 -0.06 -0.18 -0.13 -0.10 -0.10 
INFO: cmn.c(175): CMN:  9.23 -0.27 -0.31  0.37 -0.16 -0.14 -0.21 -0.18 -0.08 -0.19 -0.17 -0.09 -0.11 
INFO: cmn.c(175): CMN:  9.92  0.32 -0.41  0.70 -0.46 -0.18 -0.13 -0.25 -0.04 -0.26 -0.14 -0.12 -0.13 
INFO: cmn.c(175): CMN:  9.41  0.33 -0.42  0.74 -0.38 -0.20 -0.15 -0.23 -0.08 -0.26 -0.16 -0.09 -0.15 
INFO: cmn.c(175): CMN:  9.27  0.46 -0.45  0.28 -0.30 -0.14 -0.14 -0.23 -0.13 -0.23 -0.08 -0.08 -0.11 
INFO: cmn.c(175): CMN:  9.75  0.30 -0.39  0.24 -0.42 -0.15 -0.15 -0.21 -0.14 -0.14 -0.14 -0.12 -0.08 
INFO: cmn.c(175): CMN:  8.24 -0.27 -0.20  0.03 -0.18 -0.02 -0.16 -0.19 -0.11 -0.12 -0.08 -0.06 -0.10 
INFO: cmn.c(175): CMN:  8.10  0.02 -0.28  0.34 -0.03 -0.09 -0.23 -0.15 -0.11 -0.17 -0.21 -0.12 -0.12 
INFO: cmn.c(175): CMN:  8.78  0.25 -0.19  0.17 -0.20 -0.12 -0.21 -0.09 -0.16 -0.17 -0.06 -0.15 -0.14 
INFO: cmn.c(175): CMN:  8.68 -0.22 -0.17  0.11 -0.11  0.00 -0.35 -0.16 -0.09 -0.12 -0.14 -0.16 -0.08 
INFO: cmn.c(175): CMN:  7.28  0.30 -0.19  0.00 -0.24 -0.09 -0.07 -0.20 -0.09 -0.10 -0.04 -0.11 -0.12 
INFO: cmn.c(175): CMN:  8.41  0.38 -0.14  0.33 -0.27 -0.10 -0.26 -0.09 -0.22 -0.17 -0.07 -0.17 -0.14 
INFO: cmn.c(175): CMN:  8.77 -0.01 -0.23  0.07 -0.22 -0.06 -0.34 -0.05 -0.13 -0.13 -0.05 -0.12 -0.12 
INFO: cmn.c(175): CMN:  9.23  0.37 -0.35  0.08 -0.19 -0.14 -0.30 -0.08 -0.18 -0.07 -0.08 -0.21 -0.17 
INFO: cmn.c(175): CMN:  9.04  0.28 -0.21  0.40 -0.23 -0.27 -0.20 -0.09 -0.25 -0.21 -0.09 -0.14 -0.12 
INFO: cmn.c(175): CMN:  9.29 -0.01 -0.25  0.50 -0.24 -0.19 -0.25 -0.09 -0.22 -0.21 -0.09 -0.19 -0.11 
INFO: cmn.c(175): CMN:  8.75  0.09 -0.28  0.16 -0.13 -0.07 -0.25 -0.14 -0.15 -0.14 -0.12 -0.19 -0.12 
INFO: cmn.c(175): CMN:  8.87 -0.12 -0.18  0.10 -0.17 -0.04 -0.25 -0.12 -0.13 -0.11 -0.10 -0.16 -0.13 
INFO: cmn.c(175): CMN:  8.49 -0.09 -0.10  0.19 -0.16 -0.08 -0.25 -0.07 -0.19 -0.15 -0.13 -0.16 -0.11 
INFO: cmn.c(175): CMN:  7.27 -0.29 -0.18 -0.08 -0.21  0.12 -0.25 -0.12 -0.06 -0.06 -0.07 -0.06 -0.03 
INFO: cmn.c(175): CMN:  8.98 -0.35 -0.14  0.44 -0.43 -0.05 -0.13 -0.20 -0.07 -0.17 -0.04 -0.17 -0.08 
INFO: cmn.c(175): CMN:  9.01  0.21 -0.30  0.24 -0.45 -0.02 -0.13 -0.22 -0.05 -0.10 -0.08 -0.11 -0.08 
INFO: cmn.c(175): CMN:  6.74  0.20 -0.22  0.06 -0.36  0.02 -0.06 -0.17 -0.08 -0.15 -0.03 -0.15 -0.02 
INFO: cmn.c(175): CMN:  6.81 -0.65 -0.13 -0.01 -0.17 -0.08 -0.12 -0.09 -0.04 -0.11 -0.07 -0.05 -0.02 
INFO: cmn.c(175): CMN:  8.75  0.03 -0.14  0.34 -0.48 -0.12 -0.04 -0.20 -0.06 -0.17 -0.09 -0.15 -0.06 
INFO: cmn.c(175): CMN:  9.01 -0.19 -0.16  0.36 -0.44 -0.14 -0.01 -0.21 -0.09 -0.20 -0.00 -0.16 -0.09 
INFO: cmn.c(175): CMN:  8.33  0.12 -0.14  0.36 -0.31 -0.07 -0.23 -0.21 -0.06 -0.20 -0.11 -0.17 -0.05 
INFO: cmn.c(175): CMN:  9.52 -0.03 -0.10  0.54 -0.51 -0.07 -0.12 -0.20 -0.11 -0.17 -0.07 -0.19 -0.04 
INFO: cmn.c(175): CMN:  9.12  0.21 -0.03  0.47 -0.53 -0.04 -0.11 -0.14 -0.16 -0.21 -0.05 -0.18 -0.09 
INFO: cmn.c(175): CMN:  8.94  0.28 -0.26  0.08 -0.55  0.02 -0.20 -0.16 -0.12 -0.13 -0.09 -0.14 -0.06 
INFO: cmn.c(175): CMN:  8.50 -0.15 -0.23  0.17 -0.30 -0.03 -0.20 -0.13 -0.07 -0.12 -0.11 -0.14 -0.06 
INFO: cmn.c(175): CMN:  7.88 -0.32 -0.04  0.27 -0.29 -0.09 -0.17 -0.12 -0.11 -0.15 -0.10 -0.10 -0.06 
INFO: cmn.c(175): CMN:  9.04  0.46 -0.26  0.04 -0.28 -0.29  0.01 -0.19 -0.08 -0.07 -0.17 -0.10 -0.19 
INFO: cmn.c(175): CMN:  9.10  0.28 -0.38  0.06 -0.15 -0.17 -0.11 -0.21 -0.02 -0.15 -0.18 -0.08 -0.08 
INFO: cmn.c(175): CMN:  8.25  0.10 -0.24 -0.07 -0.35 -0.05 -0.09 -0.11 -0.11 -0.05 -0.13 -0.06 -0.10 
INFO: cmn.c(175): CMN:  9.78  0.20 -0.28  0.18 -0.17 -0.23 -0.11 -0.20 -0.12 -0.13 -0.12 -0.11 -0.13 
INFO: cmn.c(175): CMN:  8.82 -0.30 -0.20  0.08 -0.22 -0.01 -0.18 -0.21 -0.01 -0.12 -0.12 -0.11 -0.10 
INFO: cmn.c(175): CMN:  9.37  0.60 -0.33  0.06 -0.38 -0.20 -0.07 -0.13 -0.05 -0.18 -0.12 -0.12 -0.09 
INFO: cmn.c(175): CMN:  8.10  0.55 -0.22 -0.14 -0.29 -0.13 -0.07 -0.18 -0.00 -0.16 -0.12 -0.08 -0.08 
INFO: cmn.c(175): CMN: 10.84 -0.16 -0.39  0.10 -0.35 -0.14 -0.16 -0.25 -0.04 -0.15 -0.15 -0.15 -0.13 
INFO: cmn.c(175): CMN:  9.91 -0.05 -0.27  0.33 -0.27 -0.22 -0.12 -0.11 -0.14 -0.17 -0.08 -0.14 -0.14 
INFO: cmn.c(175): CMN:  9.96  0.07 -0.29  0.41 -0.27 -0.18 -0.05 -0.12 -0.16 -0.20 -0.10 -0.17 -0.17 
INFO: cmn.c(175): CMN: 10.42  0.09 -0.30  0.09 -0.37 -0.09 -0.13 -0.27 -0.10 -0.18 -0.11 -0.11 -0.13 
INFO: cmn.c(175): CMN: 10.04  0.05 -0.35  0.22 -0.22 -0.12 -0.15 -0.23 -0.08 -0.18 -0.18 -0.11 -0.14 
INFO: cmn.c(175): CMN: 10.12  0.37 -0.31  0.20 -0.26 -0.23 -0.11 -0.21 -0.09 -0.17 -0.16 -0.11 -0.12 
INFO: cmn.c(175): CMN:  8.10 -0.03 -0.21 -0.10 -0.21  0.03 -0.21 -0.10 -0.10 -0.10 -0.15 -0.10 -0.16 
INFO: cmn.c(175): CMN:  7.84 -0.01 -0.15 -0.07 -0.26 -0.03 -0.14 -0.10 -0.08 -0.11 -0.14 -0.09 -0.14 
INFO: cmn.c(175): CMN:  8.19  0.09 -0.09 -0.07 -0.21 -0.09 -0.16 -0.06 -0.19 -0.13 -0.15 -0.11 -0.12 
INFO: cmn.c(175): CMN:  8.32  0.02 -0.02  0.16 -0.03 -0.08 -0.15 -0.09 -0.09 -0.17 -0.21 -0.17 -0.17 
INFO: cmn.c(175): CMN:  8.37  0.11 -0.15 -0.06 -0.25 -0.06 -0.11 -0.03 -0.17 -0.05 -0.11 -0.14 -0.13 
INFO: cmn.c(175): CMN:  9.37  0.17 -0.08 -0.01 -0.10 -0.15 -0.28  0.02 -0.15 -0.13 -0.17 -0.09 -0.15 
INFO: cmn.c(175): CMN:  9.93  0.02 -0.04  0.05 -0.08 -0.14 -0.35 -0.03 -0.18 -0.16 -0.17 -0.13 -0.12 
INFO: cmn.c(175): CMN:  9.64  0.05  0.04  0.14 -0.17 -0.01 -0.23 -0.25 -0.12 -0.14 -0.15 -0.23 -0.17 
INFO: cmn.c(175): CMN:  9.66  0.32  0.03  0.20 -0.09 -0.20 -0.28 -0.02 -0.26 -0.17 -0.12 -0.20 -0.17 
INFO: cmn.c(175): CMN:  9.23 -0.24 -0.02  0.42 -0.04 -0.23 -0.19  0.01 -0.15 -0.20 -0.21 -0.18 -0.15 
INFO: cmn.c(175): CMN:  9.37  0.36 -0.02 -0.05 -0.19 -0.13 -0.23 -0.09 -0.19 -0.13 -0.12 -0.18 -0.21 
INFO: cmn.c(175): CMN:  9.33  0.32 -0.05  0.05 -0.14 -0.03 -0.32 -0.11 -0.14 -0.19 -0.13 -0.17 -0.17 
INFO: cmn.c(175): CMN:  8.99  0.14 -0.03  0.06 -0.19 -0.08 -0.30 -0.08 -0.12 -0.19 -0.16 -0.16 -0.17 
INFO: cmn.c(175): CMN:  7.69 -0.25 -0.27  0.33 -0.16 -0.05 -0.26 -0.14 -0.05 -0.24 -0.16 -0.12 -0.10 
INFO: cmn.c(175): CMN:  9.11  0.03 -0.31  0.65 -0.18 -0.14 -0.13 -0.29 -0.00 -0.43 -0.04 -0.18 -0.17 
INFO: cmn.c(175): CMN:  6.79 -0.16 -0.13  0.43 -0.17  0.00 -0.14 -0.19 -0.02 -0.25 -0.13 -0.09 -0.12 
INFO: cmn.c(175): CMN:  9.33  0.25 -0.40  0.08 -0.54 -0.02 -0.26 -0.25  0.02 -0.29  0.04 -0.14 -0.04 
INFO: cmn.c(175): CMN:  9.38 -0.02 -0.33  0.49 -0.25 -0.08 -0.25 -0.21 -0.07 -0.34  0.01 -0.20 -0.13 
INFO: cmn.c(175): CMN:  8.48 -0.18 -0.00  0.48 -0.24 -0.13 -0.13 -0.23 -0.02 -0.36 -0.06 -0.20 -0.13 
INFO: cmn.c(175): CMN:  9.68 -0.09 -0.20  0.80 -0.29 -0.20 -0.10 -0.29  0.01 -0.48 -0.04 -0.21 -0.20 
INFO: cmn.c(175): CMN: 10.17 -0.34 -0.28  0.29 -0.24 -0.11 -0.19 -0.18 -0.01 -0.27 -0.13 -0.15 -0.13 
INFO: cmn.c(175): CMN:  9.87  0.46 -0.38  0.41 -0.38 -0.06 -0.26 -0.28 -0.04 -0.42 -0.07 -0.20 -0.13 
INFO: cmn.c(175): CMN:  9.81 -0.23 -0.26  0.63 -0.32 -0.15 -0.18 -0.26 -0.03 -0.39 -0.08 -0.17 -0.13 
INFO: cmn.c(175): CMN:  9.41  0.10 -0.31  0.22 -0.38 -0.04 -0.19 -0.25 -0.11 -0.28 -0.01 -0.18 -0.13 
INFO: cmn.c(175): CMN:  9.61 -0.04 -0.27  0.35 -0.25 -0.12 -0.18 -0.25 -0.03 -0.35 -0.08 -0.14 -0.17 
INFO: cmn.c(175): CMN:  8.50 -0.26 -0.19  0.27 -0.27 -0.09 -0.19 -0.12 -0.09 -0.24 -0.08 -0.15 -0.07 
INFO: cmn.c(175): CMN:  9.00 -0.06 -0.40  0.16 -0.25 -0.16 -0.18 -0.19 -0.13 -0.03 -0.14 -0.08 -0.16 
INFO: cmn.c(175): CMN:  9.17  0.02 -0.36  0.36 -0.32 -0.05 -0.16 -0.20 -0.15 -0.08 -0.15 -0.13 -0.13 
INFO: cmn.c(175): CMN:  9.23  0.09 -0.37  0.21 -0.34 -0.10 -0.21 -0.20 -0.15 -0.06 -0.14 -0.10 -0.13 
INFO: cmn.c(175): CMN:  9.64  0.62 -0.43  0.30 -0.62 -0.14 -0.07 -0.32 -0.16 -0.06 -0.19 -0.10 -0.17 
INFO: cmn.c(175): CMN:  9.41  0.26 -0.45  0.44 -0.47 -0.10 -0.14 -0.21 -0.18 -0.16 -0.16 -0.11 -0.15 
INFO: cmn.c(175): CMN:  9.36  0.28 -0.18  0.05 -0.39 -0.06 -0.14 -0.21 -0.11 -0.08 -0.11 -0.13 -0.15 
INFO: cmn.c(175): CMN:  9.91  0.43 -0.32  0.43 -0.41 -0.07 -0.24 -0.23 -0.15 -0.14 -0.17 -0.15 -0.13 
INFO: cmn.c(175): CMN:  9.62  0.13 -0.24  0.25 -0.28 -0.09 -0.11 -0.19 -0.11 -0.19 -0.17 -0.12 -0.18 
INFO: cmn.c(175): CMN: 10.24  0.07 -0.33  0.48 -0.33 -0.07 -0.18 -0.23 -0.16 -0.20 -0.16 -0.16 -0.15 
INFO: cmn.c(175): CMN: 10.31 -0.05 -0.32  0.40 -0.28 -0.07 -0.20 -0.20 -0.11 -0.14 -0.19 -0.13 -0.18 
INFO: cmn.c(175): CMN:  8.37  0.26 -0.24  0.08 -0.39 -0.04 -0.09 -0.19 -0.14 -0.05 -0.10 -0.12 -0.14 
INFO: cmn.c(175): CMN:  8.64  0.11 -0.31  0.25 -0.27 -0.09 -0.18 -0.21 -0.11 -0.13 -0.15 -0.14 -0.14 
INFO: cmn.c(175): CMN:  8.59  0.08 -0.34  0.13 -0.23  0.00 -0.17 -0.24 -0.09 -0.09 -0.13 -0.12 -0.15 
INFO: cmn.c(175): CMN:  8.82  0.05  0.02  0.08 -0.17 -0.05 -0.14 -0.17 -0.20 -0.15 -0.08 -0.15 -0.10 
INFO: cmn.c(175): CMN:  8.61  0.06 -0.10  0.20 -0.15 -0.03 -0.19 -0.12 -0.16 -0.19 -0.08 -0.16 -0.08 
[400] INFO: cmn.c(175): CMN:  9.02  0.04 -0.03  0.18 -0.08 -0.17 -0.21 -0.09 -0.21 -0.16 -0.09 -0.16 -0.06 
INFO: cmn.c(175): CMN: 10.38 -0.47  0.04  0.10 -0.14 -0.10 -0.25 -0.12 -0.18 -0.10 -0.10 -0.17 -0.05 
INFO: cmn.c(175): CMN:  8.92  0.11 -0.03  0.07 -0.09 -0.08 -0.17 -0.11 -0.13 -0.16 -0.08 -0.16 -0.09 
INFO: cmn.c(175): CMN:  9.54  0.05 -0.08 -0.08 -0.25 -0.13 -0.19 -0.21 -0.03 -0.23 -0.11 -0.04 -0.06 
INFO: cmn.c(175): CMN:  6.56 -0.14  0.11  0.34 -0.05 -0.12 -0.13 -0.04 -0.13 -0.12 -0.14 -0.06 -0.12 
INFO: cmn.c(175): CMN:  7.96 -0.18 -0.11  0.04 -0.13 -0.04 -0.18 -0.07 -0.10 -0.07 -0.03 -0.18 -0.05 
INFO: cmn.c(175): CMN:  5.04 -0.18  0.04  0.16 -0.04 -0.05 -0.08 -0.05 -0.09 -0.11 -0.05 -0.05 -0.02 
INFO: cmn.c(175): CMN:  9.92 -0.06 -0.00  0.28 -0.06 -0.19 -0.17 -0.13 -0.14 -0.19 -0.16 -0.10 -0.13 
INFO: cmn.c(175): CMN:  9.44 -0.13  0.08 -0.01 -0.23 -0.04 -0.17 -0.14 -0.20 -0.16 -0.04 -0.15 -0.10 
INFO: cmn.c(175): CMN:  9.76  0.22  0.07 -0.06 -0.25 -0.04 -0.19 -0.20 -0.17 -0.11 -0.08 -0.16 -0.11 
INFO: cmn.c(175): CMN:  9.23  0.07 -0.02  0.04 -0.07 -0.09 -0.14 -0.17 -0.15 -0.14 -0.08 -0.16 -0.08 
INFO: cmn.c(175): CMN:  9.35  0.01 -0.33  0.11 -0.27  0.06 -0.27 -0.18 -0.11 -0.10 -0.18 -0.09 -0.05 
INFO: cmn.c(175): CMN: 10.07 -0.38 -0.21  0.69 -0.30 -0.07 -0.27 -0.07 -0.18 -0.21 -0.19 -0.17 -0.12 
INFO: cmn.c(175): CMN:  9.37  0.23 -0.40  0.18 -0.30  0.08 -0.20 -0.21 -0.05 -0.12 -0.22 -0.14 -0.05 
INFO: cmn.c(175): CMN:  9.81 -0.51 -0.08  0.66 -0.27  0.00 -0.23 -0.03 -0.17 -0.24 -0.11 -0.17 -0.11 
INFO: cmn.c(175): CMN:  9.39 -0.04 -0.24  0.35 -0.19  0.05 -0.24 -0.16 -0.08 -0.19 -0.20 -0.17 -0.07 
INFO: cmn.c(175): CMN: 10.03  0.12 -0.29  0.30 -0.27 -0.07 -0.31 -0.12 -0.20 -0.14 -0.16 -0.08 -0.05 
INFO: cmn.c(175): CMN:  9.47 -0.11 -0.21  0.44 -0.30 -0.02 -0.25 -0.12 -0.16 -0.15 -0.15 -0.13 -0.07 
INFO: cmn.c(175): CMN:  8.83 -0.32 -0.15  0.06 -0.27  0.05 -0.22 -0.14 -0.10 -0.12 -0.10 -0.11 -0.02 
INFO: cmn.c(175): CMN: 10.09 -0.15 -0.15  0.35 -0.32 -0.01 -0.30 -0.11 -0.15 -0.15 -0.16 -0.11 -0.04 
INFO: cmn.c(175): CMN:  9.87 -0.28 -0.19  0.41 -0.26 -0.09 -0.30 -0.06 -0.17 -0.12 -0.20 -0.08 -0.10 
INFO: cmn.c(175): CMN:  9.31  0.46 -0.29  0.07 -0.35 -0.01 -0.25 -0.16 -0.17 -0.15 -0.11 -0.09 -0.04 
INFO: cmn.c(175): CMN:  9.15 -0.05 -0.16  0.16 -0.24 -0.01 -0.27 -0.16 -0.09 -0.20 -0.15 -0.12 -0.02 
INFO: cmn.c(175): CMN:  9.48 -0.16 -0.19  0.34 -0.20 -0.05 -0.28 -0.11 -0.17 -0.14 -0.19 -0.15 -0.03 
INFO: cmn.c(175): CMN:  8.48 -0.72 -0.07  0.05 -0.15 -0.02 -0.22 -0.12 -0.09 -0.06 -0.12 -0.07 -0.10 
INFO: cmn.c(175): CMN:  8.77 -0.37 -0.18  0.23 -0.09 -0.17 -0.14 -0.11 -0.12 -0.13 -0.12 -0.10 -0.14 
INFO: cmn.c(175): CMN:  8.17 -0.32 -0.23 -0.01 -0.12 -0.06 -0.20 -0.14 -0.07 -0.06 -0.09 -0.09 -0.08 
INFO: cmn.c(175): CMN:  7.67 -0.21 -0.22  0.28 -0.13 -0.08 -0.12 -0.09 -0.08 -0.12 -0.11 -0.09 -0.13 
INFO: cmn.c(175): CMN:  8.23  0.25 -0.15  0.06 -0.25 -0.10 -0.07 -0.20 -0.09 -0.12 -0.16 -0.10 -0.16 
INFO: cmn.c(175): CMN:  8.48 -0.07 -0.04  0.14 -0.10 -0.16 -0.11 -0.13 -0.14 -0.11 -0.15 -0.07 -0.19 
INFO: cmn.c(175): CMN:  8.43 -0.06  0.04  0.27 -0.02 -0.26 -0.18 -0.01 -0.25  0.00 -0.22 -0.06 -0.19 
INFO: cmn.c(175): CMN:  8.81 -0.28 -0.14  0.22 -0.08 -0.13 -0.17 -0.08 -0.13 -0.13 -0.15 -0.12 -0.16 
INFO: cmn.c(175): CMN:  8.78 -0.00 -0.03  0.48 -0.04 -0.13 -0.11 -0.16 -0.15 -0.18 -0.19 -0.09 -0.26 
INFO: cmn.c(175): CMN:  8.62 -0.34  0.03  0.29 -0.10 -0.14 -0.15 -0.09 -0.19 -0.08 -0.17 -0.10 -0.17 
INFO: cmn.c(175): CMN:  8.51  0.12 -0.11  0.16 -0.12 -0.11 -0.14 -0.16 -0.10 -0.12 -0.10 -0.14 -0.17 
INFO: cmn.c(175): CMN:  8.51 -0.20 -0.18  0.19 -0.12 -0.13 -0.17 -0.10 -0.12 -0.13 -0.10 -0.11 -0.13 
INFO: cmn.c(175): CMN:  8.40 -0.11 -0.19  0.17 -0.13 -0.16 -0.13 -0.07 -0.12 -0.12 -0.08 -0.12 -0.14 
INFO: cmn.c(175): CMN:  9.69  0.27 -0.26  0.22 -0.16 -0.21 -0.20 -0.21 -0.18 -0.10 -0.20 -0.12 -0.15 
INFO: cmn.c(175): CMN:  9.48  0.29 -0.14  0.38 -0.13 -0.23 -0.09 -0.15 -0.21 -0.09 -0.19 -0.15 -0.20 
INFO: cmn.c(175): CMN:  9.70  0.05 -0.03  0.52 -0.10 -0.30 -0.16 -0.12 -0.27 -0.15 -0.24 -0.15 -0.17 
INFO: cmn.c(175): CMN:  8.83  0.30 -0.32  0.26 -0.09 -0.18 -0.23 -0.21 -0.11 -0.14 -0.19 -0.11 -0.12 
INFO: cmn.c(175): CMN:  9.41  0.33 -0.34  0.10 -0.18 -0.16 -0.16 -0.21 -0.17 -0.05 -0.16 -0.10 -0.16 
INFO: cmn.c(175): CMN:  9.54  0.38 -0.12  0.29 -0.22 -0.23 -0.17 -0.14 -0.26 -0.16 -0.18 -0.11 -0.12 
INFO: cmn.c(175): CMN:  8.75  0.18 -0.07  0.28 -0.17 -0.13 -0.12 -0.15 -0.20 -0.13 -0.13 -0.10 -0.17 
INFO: cmn.c(175): CMN:  9.04  0.25 -0.22  0.27 -0.13 -0.09 -0.14 -0.17 -0.15 -0.20 -0.18 -0.12 -0.14 
INFO: cmn.c(175): CMN:  9.58  0.24 -0.25  0.38 -0.15 -0.25 -0.13 -0.19 -0.15 -0.15 -0.19 -0.08 -0.15 
INFO: cmn.c(175): CMN:  9.78  0.12 -0.19  0.42 -0.15 -0.22 -0.14 -0.16 -0.21 -0.11 -0.18 -0.10 -0.18 
INFO: cmn.c(175): CMN:  9.39  0.42 -0.18  0.12 -0.22 -0.16 -0.13 -0.16 -0.15 -0.12 -0.20 -0.08 -0.17 
INFO: cmn.c(175): CMN:  9.20  0.14 -0.22  0.17 -0.14 -0.09 -0.24 -0.23 -0.11 -0.17 -0.17 -0.14 -0.15 
INFO: cmn.c(175): CMN:  8.74 -0.30 -0.10  0.09 -0.09 -0.15 -0.18 -0.11 -0.13 -0.08 -0.20 -0.10 -0.10 
INFO: cmn.c(175): CMN:  8.78  0.16 -0.41  0.40 -0.21 -0.08 -0.35 -0.08 -0.15 -0.18 -0.10 -0.16 -0.13 
INFO: cmn.c(175): CMN:  5.95  0.08 -0.15  0.13 -0.17  0.00 -0.18  0.00 -0.15 -0.03 -0.06 -0.14 -0.07 
INFO: cmn.c(175): CMN:  7.84 -0.25 -0.29  0.70 -0.24 -0.03 -0.21 -0.03 -0.04 -0.29 -0.06 -0.14 -0.12 
INFO: cmn.c(175): CMN:  5.20 -0.01 -0.18  0.29 -0.07 -0.02 -0.12 -0.05 -0.07 -0.15 -0.09 -0.07 -0.10 
INFO: cmn.c(175): CMN:  6.38  0.15 -0.23  0.10 -0.25 -0.01 -0.15 -0.01 -0.22  0.03 -0.07 -0.12 -0.07 
INFO: cmn.c(175): CMN:  8.57  0.09 -0.32  0.61 -0.37 -0.09 -0.24 -0.05 -0.20 -0.17 -0.12 -0.13 -0.15 
INFO: cmn.c(175): CMN:  8.55 -0.15 -0.21  0.36 -0.35  0.03 -0.33  0.01 -0.20 -0.11 -0.12 -0.10 -0.14 
INFO: cmn.c(175): CMN:  7.97 -0.44 -0.12  0.26 -0.17  0.05 -0.31 -0.06 -0.13 -0.12 -0.14 -0.10 -0.10 
INFO: cmn.c(175): CMN:  8.62 -0.27 -0.17  0.60 -0.21 -0.05 -0.35 -0.05 -0.15 -0.12 -0.10 -0.14 -0.17 
INFO: cmn.c(175): CMN:  8.58 -0.24 -0.29  0.65 -0.32 -0.05 -0.25 -0.09 -0.14 -0.20 -0.09 -0.13 -0.15 
INFO: cmn.c(175): CMN:  8.31  0.16 -0.28  0.21 -0.35  0.05 -0.30 -0.07 -0.22 -0.09 -0.08 -0.10 -0.18 
INFO: cmn.c(175): CMN:  8.92  0.16 -0.45  0.37 -0.37  0.05 -0.38 -0.08 -0.18 -0.23 -0.10 -0.15 -0.12 
INFO: cmn.c(175): CMN:  8.26 -0.19 -0.28  0.10 -0.24  0.02 -0.34 -0.04 -0.18 -0.14 -0.08 -0.11 -0.08 
INFO: cmn.c(175): CMN:  7.36  0.03 -0.20  0.09 -0.07  0.01 -0.06 -0.12 -0.14 -0.12 -0.14 -0.13 -0.08 
INFO: cmn.c(175): CMN:  9.15  0.04 -0.30  0.22 -0.05 -0.14 -0.14 -0.16 -0.17 -0.15 -0.17 -0.09 -0.15 
INFO: cmn.c(175): CMN:  7.74 -0.19 -0.08 -0.14 -0.24  0.00 -0.02 -0.03 -0.22 -0.04 -0.09 -0.06 -0.09 
INFO: cmn.c(175): CMN:  9.02  0.42 -0.34  0.17  0.02 -0.16 -0.06 -0.22 -0.21 -0.08 -0.19 -0.12 -0.13 
INFO: cmn.c(175): CMN:  9.37  0.22 -0.36  0.31  0.06 -0.23 -0.09 -0.18 -0.21 -0.06 -0.20 -0.13 -0.17 
INFO: cmn.c(175): CMN:  9.09  0.13 -0.20  0.29  0.05 -0.31 -0.14 -0.15 -0.17 -0.11 -0.21 -0.11 -0.14 
INFO: cmn.c(175): CMN:  9.15  0.16 -0.27  0.15 -0.01 -0.26 -0.18 -0.08 -0.17 -0.15 -0.16 -0.04 -0.15 
INFO: cmn.c(175): CMN:  8.91  0.13 -0.15  0.03 -0.03 -0.08 -0.15 -0.13 -0.21 -0.09 -0.18 -0.10 -0.13 
INFO: cmn.c(175): CMN:  8.96 -0.15 -0.12  0.43  0.07 -0.29 -0.06 -0.10 -0.19 -0.12 -0.25 -0.08 -0.12 
INFO: cmn.c(175): CMN:  8.71 -0.26 -0.26  0.41 -0.06 -0.13 -0.13 -0.13 -0.11 -0.19 -0.17 -0.09 -0.10 
INFO: cmn.c(175): CMN:  9.06  0.35 -0.18  0.09 -0.10 -0.12 -0.13 -0.14 -0.20 -0.09 -0.16 -0.12 -0.16 
INFO: cmn.c(175): CMN:  9.14 -0.06 -0.28  0.34  0.04 -0.21 -0.13 -0.16 -0.15 -0.16 -0.22 -0.10 -0.15 
INFO: cmn.c(175): CMN:  8.70  0.11 -0.21  0.14 -0.02 -0.16 -0.14 -0.11 -0.17 -0.09 -0.17 -0.11 -0.11 
INFO: cmn.c(175): CMN:  7.77  0.55 -0.18  0.15 -0.36 -0.07 -0.09 -0.22 -0.19 -0.18 -0.11 -0.17 -0.11 
INFO: cmn.c(175): CMN:  9.25  0.29 -0.15  0.27 -0.34 -0.09 -0.20 -0.17 -0.18 -0.18 -0.14 -0.17 -0.13 
INFO: cmn.c(175): CMN:  7.86  0.29 -0.13  0.19 -0.16 -0.04 -0.21 -0.21 -0.14 -0.21 -0.13 -0.15 -0.12 
INFO: cmn.c(175): CMN:  7.42 -0.16 -0.03  0.17 -0.07 -0.02 -0.16 -0.18 -0.11 -0.18 -0.15 -0.07 -0.11 
INFO: cmn.c(175): CMN:  8.46  0.18 -0.25  0.42 -0.24 -0.14 -0.20 -0.21 -0.15 -0.21 -0.11 -0.13 -0.17 
INFO: cmn.c(175): CMN:  8.32  0.09 -0.03  0.46 -0.28 -0.10 -0.07 -0.20 -0.15 -0.22 -0.14 -0.16 -0.14 
INFO: cmn.c(175): CMN:  9.39  0.16 -0.31  0.37 -0.33 -0.09 -0.26 -0.17 -0.13 -0.22 -0.12 -0.15 -0.14 
INFO: cmn.c(175): CMN:  8.14  0.01 -0.13  0.19 -0.20 -0.06 -0.17 -0.24 -0.16 -0.20 -0.08 -0.16 -0.14 
INFO: cmn.c(175): CMN:  9.25  0.41 -0.24  0.36 -0.27 -0.16 -0.19 -0.23 -0.12 -0.20 -0.11 -0.14 -0.20 
INFO: cmn.c(175): CMN:  8.85 -0.02 -0.12  0.56 -0.26 -0.17 -0.15 -0.17 -0.15 -0.20 -0.15 -0.14 -0.17 
INFO: cmn.c(175): CMN:  8.97  0.54 -0.13  0.26 -0.21 -0.12 -0.14 -0.25 -0.12 -0.23 -0.13 -0.15 -0.23 
INFO: cmn.c(175): CMN:  9.54 -0.13 -0.20  0.30 -0.24 -0.04 -0.33 -0.21 -0.05 -0.23 -0.07 -0.18 -0.17 
INFO: cmn.c(175): CMN:  8.22  0.18 -0.02  0.08 -0.22 -0.09 -0.16 -0.15 -0.15 -0.16 -0.12 -0.14 -0.14 
INFO: cmn.c(175): CMN:  8.68 -0.21 -0.08  0.51 -0.06 -0.26 -0.14 -0.17 -0.09 -0.25 -0.13 -0.09 -0.20 
INFO: cmn.c(175): CMN:  8.95  0.11 -0.21  0.36 -0.05 -0.30 -0.13 -0.29 -0.04 -0.25 -0.14 -0.05 -0.16 
INFO: cmn.c(175): CMN:  8.48  0.20 -0.20  0.26 -0.00 -0.28 -0.17 -0.19 -0.08 -0.13 -0.13 -0.05 -0.14 
INFO: cmn.c(175): CMN:  8.33 -0.11  0.05  0.34 -0.02 -0.22 -0.14 -0.14 -0.13 -0.16 -0.08 -0.09 -0.21 
INFO: cmn.c(175): CMN:  8.35  0.09 -0.19  0.23 -0.08 -0.30 -0.16 -0.24 -0.06 -0.20 -0.11 -0.04 -0.18 
INFO: cmn.c(175): CMN:  8.88  0.29 -0.03  0.30 -0.19 -0.31 -0.18 -0.20 -0.15 -0.23 -0.07 -0.11 -0.14 
INFO: cmn.c(175): CMN:  8.29  0.42 -0.13 -0.15 -0.30 -0.22 -0.13 -0.23 -0.04 -0.08 -0.00 -0.07 -0.14 
INFO: cmn.c(175): CMN:  8.54  0.20 -0.22  0.07 -0.19 -0.14 -0.13 -0.22 -0.10 -0.11 -0.09 -0.11 -0.16 
INFO: cmn.c(175): CMN:  9.80  0.40 -0.31  0.03 -0.17 -0.32 -0.14 -0.29 -0.11 -0.13 -0.09 -0.06 -0.19 
INFO: cmn.c(175): CMN:  8.70 -0.08 -0.07  0.40 -0.12 -0.23 -0.15 -0.17 -0.14 -0.20 -0.11 -0.09 -0.18 
INFO: cmn.c(175): CMN:  8.69  0.21 -0.13  0.05 -0.23 -0.19 -0.08 -0.19 -0.18 -0.10 -0.04 -0.08 -0.14 
[500] INFO: cmn.c(175): CMN:  8.87  0.17 -0.15  0.13 -0.15 -0.18 -0.18 -0.24 -0.07 -0.18 -0.10 -0.10 -0.16 
INFO: cmn.c(175): CMN:  8.44  0.21 -0.09  0.22 -0.07 -0.26 -0.15 -0.21 -0.09 -0.15 -0.12 -0.10 -0.13 
INFO: cmn.c(175): CMN:  9.08  0.17 -0.26  0.36 -0.30 -0.04 -0.12 -0.33  0.04 -0.15 -0.16 -0.16 -0.09 
INFO: cmn.c(175): CMN:  8.69  0.43 -0.32  0.26 -0.33 -0.12 -0.09 -0.32  0.03 -0.15 -0.15 -0.14 -0.07 
INFO: cmn.c(175): CMN:  8.81  0.11 -0.22  0.29 -0.33 -0.07 -0.13 -0.28  0.01 -0.13 -0.13 -0.14 -0.08 
INFO: cmn.c(175): CMN:  7.54  0.52 -0.17  0.25 -0.30 -0.06 -0.06 -0.29  0.01 -0.20 -0.06 -0.14 -0.08 
INFO: cmn.c(175): CMN:  8.04 -0.13 -0.32  0.11 -0.21  0.03 -0.18 -0.26 -0.00 -0.14 -0.09 -0.07 -0.04 
INFO: cmn.c(175): CMN:  8.22  0.04 -0.30  0.38 -0.35 -0.17 -0.05 -0.19 -0.02 -0.16 -0.07 -0.11 -0.12 
INFO: cmn.c(175): CMN:  8.91  0.03 -0.28  0.80 -0.37 -0.15 -0.02 -0.34  0.07 -0.26 -0.06 -0.20 -0.07 
INFO: cmn.c(175): CMN:  8.77  0.34 -0.27  0.49 -0.27 -0.05 -0.08 -0.41  0.05 -0.18 -0.14 -0.19 -0.13 
INFO: cmn.c(175): CMN:  8.65  0.25 -0.42  0.37 -0.37 -0.12 -0.13 -0.24  0.05 -0.18 -0.08 -0.12 -0.12 
INFO: cmn.c(175): CMN:  9.25  0.05 -0.37  0.61 -0.35 -0.19 -0.09 -0.23  0.01 -0.21 -0.11 -0.13 -0.14 
INFO: cmn.c(175): CMN:  9.22  0.47 -0.43  0.35 -0.39 -0.16 -0.02 -0.33  0.01 -0.18 -0.11 -0.16 -0.15 
INFO: cmn.c(175): CMN:  9.03  0.26 -0.31  0.34 -0.33 -0.10 -0.12 -0.31 -0.01 -0.17 -0.14 -0.14 -0.10 
INFO: cmn.c(175): CMN:  9.01  0.12 -0.24  0.34 -0.35 -0.08 -0.10 -0.25  0.03 -0.20 -0.09 -0.15 -0.13 
INFO: cmn.c(175): CMN:  7.07  0.16 -0.15 -0.02 -0.21 -0.05 -0.15 -0.09 -0.12 -0.11 -0.08 -0.05 -0.13 
INFO: cmn.c(175): CMN:  7.21  0.31 -0.15  0.05 -0.20 -0.00 -0.18 -0.14 -0.13 -0.15 -0.08 -0.02 -0.10 
INFO: cmn.c(175): CMN:  9.86  0.20 -0.13  0.21 -0.35 -0.14 -0.30 -0.13 -0.10 -0.14 -0.16 -0.05 -0.19 
INFO: cmn.c(175): CMN:  8.00 -0.19 -0.14 -0.05 -0.25 -0.03 -0.16 -0.09 -0.12 -0.04 -0.07 -0.06 -0.14 
INFO: cmn.c(175): CMN:  8.02 -0.44 -0.06  0.04 -0.21 -0.07 -0.22 -0.06 -0.10 -0.06 -0.09 -0.08 -0.12 
INFO: cmn.c(175): CMN: 10.64 -0.15 -0.40  0.59 -0.32 -0.19 -0.36 -0.16 -0.12 -0.15 -0.16 -0.07 -0.14 
INFO: cmn.c(175): CMN:  9.85 -0.02 -0.35  0.48 -0.32 -0.16 -0.33 -0.14 -0.09 -0.19 -0.12 -0.08 -0.07 
INFO: cmn.c(175): CMN:  9.65 -0.01 -0.26  0.06 -0.31 -0.01 -0.30 -0.17 -0.09 -0.10 -0.12 -0.10 -0.11 
INFO: cmn.c(175): CMN:  9.58 -0.04 -0.20  0.47 -0.29 -0.11 -0.26 -0.19 -0.03 -0.15 -0.12 -0.13 -0.11 
INFO: cmn.c(175): CMN:  9.26 -0.32 -0.09  0.48 -0.29 -0.11 -0.23 -0.12 -0.11 -0.14 -0.13 -0.08 -0.15 
INFO: cmn.c(175): CMN:  9.81 -0.20 -0.26  0.13 -0.21 -0.02 -0.35 -0.13 -0.13 -0.10 -0.12 -0.10 -0.09 
INFO: cmn.c(175): CMN: 10.01 -0.60 -0.20  0.19 -0.16 -0.08 -0.40 -0.09 -0.12 -0.10 -0.20 -0.09 -0.11 
INFO: cmn.c(175): CMN:  9.83 -0.10 -0.31  0.38 -0.28 -0.09 -0.35 -0.09 -0.10 -0.12 -0.13 -0.18 -0.04 
INFO: cmn.c(175): CMN:  9.36  0.14 -0.04  0.14 -0.07 -0.21 -0.16 -0.16 -0.20 -0.09 -0.15 -0.09 -0.18 
INFO: cmn.c(175): CMN:  9.22  0.09  0.03  0.02 -0.06 -0.11 -0.27 -0.13 -0.19 -0.15 -0.16 -0.11 -0.14 
INFO: cmn.c(175): CMN: 10.69 -0.04  0.05  0.02 -0.25 -0.16 -0.21 -0.21 -0.27 -0.15 -0.13 -0.13 -0.19 
INFO: cmn.c(175): CMN:  9.68  0.12 -0.25 -0.06 -0.09 -0.17 -0.21 -0.19 -0.19 -0.08 -0.11 -0.06 -0.17 
INFO: cmn.c(175): CMN:  7.16  0.14 -0.03 -0.14 -0.24 -0.05 -0.06 -0.13 -0.10 -0.01 -0.05 -0.04 -0.14 
INFO: cmn.c(175): CMN:  8.81 -0.17  0.05  0.30  0.07 -0.21 -0.30 -0.08 -0.28 -0.06 -0.17 -0.09 -0.16 
INFO: cmn.c(175): CMN:  9.75 -0.23  0.08  0.40  0.02 -0.25 -0.42  0.03 -0.34 -0.15 -0.15 -0.12 -0.16 
INFO: cmn.c(175): CMN:  8.72 -0.19 -0.04  0.11 -0.00 -0.03 -0.26 -0.14 -0.17 -0.07 -0.13 -0.12 -0.14 
INFO: cmn.c(175): CMN:  9.20 -0.21  0.33  0.51  0.07 -0.28 -0.18 -0.00 -0.33 -0.10 -0.14 -0.19 -0.16 
INFO: cmn.c(175): CMN:  9.63 -0.08  0.04  0.39 -0.05 -0.17 -0.27 -0.06 -0.26 -0.17 -0.14 -0.14 -0.20 
INFO: cmn.c(175): CMN:  9.12  0.32  0.02  0.06 -0.10 -0.14 -0.20 -0.13 -0.18 -0.16 -0.13 -0.10 -0.22 
INFO: cmn.c(175): CMN:  9.21 -0.14 -0.16  0.08 -0.08 -0.06 -0.32 -0.15 -0.14 -0.17 -0.13 -0.07 -0.18 
INFO: cmn.c(175): CMN:  9.89 -0.16 -0.06  0.06 -0.14 -0.14 -0.27 -0.18 -0.15 -0.18 -0.15 -0.11 -0.16 
INFO: cmn.c(175): CMN:  9.21 -0.50  0.03  0.35 -0.21 -0.00 -0.37 -0.04 -0.14 -0.23 -0.14 -0.15 -0.11 
INFO: cmn.c(175): CMN:  8.29  0.27 -0.27  0.09 -0.22 -0.04 -0.26 -0.14 -0.11 -0.24 -0.06 -0.19 -0.09 
INFO: cmn.c(175): CMN:  8.66  0.06 -0.15  0.19 -0.22 -0.05 -0.27 -0.16 -0.10 -0.24 -0.03 -0.15 -0.12 
INFO: cmn.c(175): CMN:  8.58 -0.06 -0.09  0.50 -0.31 -0.04 -0.28 -0.11 -0.09 -0.23 -0.15 -0.11 -0.12 
INFO: cmn.c(175): CMN:  9.30  0.07 -0.21  0.38 -0.43  0.01 -0.37 -0.08 -0.11 -0.25 -0.03 -0.17 -0.05 
INFO: cmn.c(175): CMN:  8.21 -0.24 -0.28  0.35 -0.28 -0.06 -0.29 -0.11 -0.11 -0.17 -0.06 -0.15 -0.12 
INFO: cmn.c(175): CMN:  8.91  0.10 -0.13  0.04 -0.22 -0.01 -0.27 -0.23 -0.06 -0.23 -0.08 -0.16 -0.14 
INFO: cmn.c(175): CMN:  8.76 -0.09 -0.11  0.69 -0.37  0.02 -0.31 -0.06 -0.12 -0.27 -0.13 -0.13 -0.17 
INFO: cmn.c(175): CMN:  9.42 -0.15 -0.25  0.57 -0.37 -0.02 -0.33 -0.12 -0.11 -0.22 -0.11 -0.14 -0.12 
INFO: cmn.c(175): CMN:  8.28  0.35 -0.19  0.12 -0.23 -0.11 -0.20 -0.14 -0.10 -0.25 -0.02 -0.17 -0.17 
INFO: cmn.c(175): CMN:  9.20  0.28 -0.21  0.23 -0.27 -0.08 -0.28 -0.14 -0.06 -0.37 -0.06 -0.19 -0.14 
INFO: cmn.c(175): CMN:  9.19 -0.40 -0.06  0.09 -0.28  0.07 -0.36 -0.17 -0.13 -0.23  0.01 -0.21 -0.12 
INFO: cmn.c(175): CMN:  9.63  0.28 -0.49  0.48 -0.25 -0.28 -0.11 -0.21 -0.10 -0.22 -0.10 -0.12 -0.12 
INFO: cmn.c(175): CMN:  8.37  0.21 -0.46  0.39 -0.04 -0.18 -0.11 -0.21 -0.07 -0.16 -0.11 -0.13 -0.09 
INFO: cmn.c(175): CMN:  9.20  0.26 -0.38  0.55 -0.23 -0.22 -0.01 -0.25 -0.07 -0.23 -0.09 -0.17 -0.13 
INFO: cmn.c(175): CMN:  7.22 -0.02 -0.37 -0.00 -0.24 -0.08 -0.03 -0.13 -0.05 -0.10 -0.09 -0.04 -0.11 
INFO: cmn.c(175): CMN:  9.53  0.26 -0.55  0.59 -0.24 -0.25 -0.05 -0.25 -0.09 -0.25 -0.10 -0.18 -0.16 
INFO: cmn.c(175): CMN:  8.75  0.42 -0.39  0.32 -0.14 -0.24 -0.09 -0.19 -0.06 -0.16 -0.05 -0.17 -0.08 
INFO: cmn.c(175): CMN:  9.69  0.47 -0.66  0.57 -0.33 -0.37 -0.10 -0.20 -0.10 -0.24 -0.01 -0.17 -0.05 
INFO: cmn.c(175): CMN:  6.94  0.27 -0.23  0.34 -0.10 -0.15 -0.07 -0.17 -0.11 -0.12 -0.13 -0.13 -0.04 
INFO: cmn.c(175): CMN:  8.51  0.11 -0.40  0.57 -0.27 -0.27 -0.10 -0.17 -0.12 -0.21 -0.03 -0.19 -0.04 
INFO: cmn.c(175): CMN:  8.87  0.68 -0.60  0.42 -0.40 -0.25 -0.08 -0.14 -0.06 -0.21 -0.01 -0.15 -0.09 
INFO: cmn.c(175): CMN:  8.53  0.65 -0.52  0.31 -0.37 -0.18 -0.08 -0.22 -0.21 -0.24  0.07 -0.21  0.02 
INFO: cmn.c(175): CMN:  9.06  0.39 -0.52  0.24 -0.26 -0.15 -0.09 -0.20 -0.10 -0.22 -0.04 -0.18 -0.10 
INFO: cmn.c(175): CMN:  9.02  0.11 -0.47  0.30 -0.14 -0.19 -0.09 -0.12 -0.04 -0.21 -0.03 -0.19 -0.11 
INFO: cmn.c(175): CMN:  8.45  0.28 -0.35  0.63 -0.19 -0.22 -0.19 -0.19 -0.13 -0.19 -0.09 -0.14 -0.10 
INFO: cmn.c(175): CMN:  8.15  0.19 -0.33  0.38 -0.19 -0.12 -0.28 -0.15 -0.07 -0.16 -0.08 -0.14 -0.07 
INFO: cmn.c(175): CMN:  6.92 -0.16 -0.17 -0.11 -0.15 -0.09 -0.05 -0.07 -0.14 -0.04 -0.03 -0.04 -0.07 
INFO: cmn.c(175): CMN:  6.22  0.36 -0.31  0.07 -0.19 -0.02 -0.12 -0.16 -0.03 -0.16 -0.01 -0.04  0.00 
INFO: cmn.c(175): CMN:  8.06 -0.05 -0.33  0.38 -0.09 -0.14 -0.26 -0.14 -0.07 -0.17 -0.11 -0.13 -0.09 
INFO: cmn.c(175): CMN:  8.63  0.10 -0.26  0.98 -0.47 -0.35 -0.11 -0.16 -0.11 -0.28 -0.04 -0.14 -0.13 
INFO: cmn.c(175): CMN:  8.30  0.05 -0.33  0.55 -0.28 -0.19 -0.18 -0.15 -0.10 -0.18 -0.06 -0.11 -0.08 
INFO: cmn.c(175): CMN:  9.09  0.34 -0.36  0.55 -0.33 -0.22 -0.24 -0.16 -0.13 -0.18 -0.08 -0.12 -0.08 
INFO: cmn.c(175): CMN:  8.98  0.27 -0.47  0.51 -0.32 -0.21 -0.27 -0.14 -0.11 -0.18 -0.05 -0.11 -0.05 
INFO: cmn.c(175): CMN:  5.44  0.09 -0.11  0.15 -0.07 -0.02 -0.08 -0.09 -0.06 -0.11 -0.05 -0.05 -0.05 
INFO: cmn.c(175): CMN:  8.25  0.38 -0.36  0.45 -0.26 -0.11 -0.25 -0.23 -0.04 -0.25 -0.06 -0.11 -0.09 
INFO: cmn.c(175): CMN:  8.17  0.26 -0.32  0.47 -0.16 -0.18 -0.28 -0.18 -0.06 -0.19 -0.12 -0.12 -0.08 
INFO: cmn.c(175): CMN:  9.88  0.13 -0.18  0.22 -0.13 -0.12 -0.09 -0.24 -0.06 -0.15 -0.17 -0.09 -0.16 
INFO: cmn.c(175): CMN:  9.70  0.17 -0.15  0.26 -0.15 -0.11 -0.21 -0.20 -0.11 -0.22 -0.20 -0.06 -0.17 
INFO: cmn.c(175): CMN:  9.29 -0.13 -0.10  0.06 -0.12 -0.11 -0.24 -0.14 -0.09 -0.13 -0.15 -0.08 -0.14 
INFO: cmn.c(175): CMN:  9.90 -0.15 -0.17  0.37 -0.22 -0.13 -0.15 -0.23 -0.06 -0.19 -0.16 -0.12 -0.12 
INFO: cmn.c(175): CMN:  7.04  0.51 -0.07 -0.01 -0.24 -0.08 -0.05 -0.13 -0.07 -0.14 -0.02 -0.08 -0.09 
INFO: cmn.c(175): CMN:  9.67  0.32 -0.24  0.03 -0.39 -0.02 -0.13 -0.23 -0.09 -0.18 -0.08 -0.10 -0.13 
INFO: cmn.c(175): CMN:  9.46 -0.27 -0.21  0.35 -0.27 -0.08 -0.22 -0.20 -0.06 -0.23 -0.10 -0.16 -0.09 
INFO: cmn.c(175): CMN:  8.82  0.15 -0.17  0.00 -0.18 -0.01 -0.12 -0.22 -0.06 -0.19 -0.09 -0.12 -0.16 
INFO: cmn.c(175): CMN:  9.84  0.09 -0.08  0.33 -0.33 -0.16 -0.15 -0.17 -0.05 -0.27 -0.12 -0.08 -0.20 
INFO: cmn.c(175): CMN:  9.56 -0.24 -0.11  0.39 -0.20 -0.16 -0.21 -0.15 -0.05 -0.23 -0.13 -0.09 -0.19 
INFO: cmn.c(175): CMN:  9.62  0.13 -0.12  0.05 -0.17 -0.16 -0.08 -0.26 -0.09 -0.13 -0.08 -0.10 -0.16 
INFO: cmn.c(175): CMN:  9.94  0.07 -0.13  0.09 -0.23 -0.11 -0.16 -0.17 -0.06 -0.22 -0.13 -0.09 -0.17 
INFO: cmn.c(175): CMN:  9.60 -0.25 -0.10  0.13 -0.06 -0.14 -0.09 -0.19 -0.12 -0.10 -0.06 -0.12 -0.15 
INFO: cmn.c(175): CMN:  9.97 -0.44  0.04  0.32 -0.13 -0.14 -0.15 -0.17 -0.14 -0.18 -0.09 -0.16 -0.14 
INFO: cmn.c(175): CMN:  7.72 -0.30 -0.27  0.08 -0.10  0.06 -0.22 -0.22 -0.05 -0.12 -0.07 -0.10 -0.03 
INFO: cmn.c(175): CMN:  7.50  0.45 -0.26  0.09 -0.11 -0.14 -0.04 -0.26 -0.11 -0.16 -0.00 -0.17 -0.08 
INFO: cmn.c(175): CMN:  9.75 -0.29 -0.13  0.58 -0.04 -0.25 -0.09 -0.22 -0.09 -0.27 -0.12 -0.14 -0.18 
INFO: cmn.c(175): CMN:  7.59 -0.58 -0.01  0.07 -0.14 -0.01 -0.15 -0.18 -0.08 -0.08 -0.02 -0.09 -0.10 
INFO: cmn.c(175): CMN:  8.02 -0.41 -0.07  0.28 -0.04 -0.18 -0.10 -0.13 -0.06 -0.19 -0.04 -0.11 -0.14 
INFO: cmn.c(175): CMN:  8.95 -0.40 -0.30  0.35 -0.04 -0.23 -0.15 -0.19  0.02 -0.24 -0.05 -0.15 -0.12 
INFO: cmn.c(175): CMN:  8.81 -0.25 -0.18  0.43  0.02 -0.31  0.02 -0.19 -0.09 -0.19 -0.09 -0.10 -0.20 
INFO: cmn.c(175): CMN:  9.11 -0.14 -0.19  0.41 -0.02 -0.27 -0.04 -0.19 -0.08 -0.21 -0.09 -0.11 -0.19 
[600] INFO: cmn.c(175): CMN:  9.05  0.13 -0.33  0.15 -0.15 -0.08 -0.17 -0.25 -0.06 -0.18 -0.04 -0.16 -0.14 
INFO: cmn.c(175): CMN:  9.02  0.37 -0.24  0.16 -0.08 -0.18 -0.14 -0.19 -0.11 -0.24 -0.02 -0.21 -0.13 
INFO: cmn.c(175): CMN:  9.09  0.04 -0.35  0.31 -0.03 -0.18 -0.15 -0.24 -0.04 -0.25 -0.10 -0.17 -0.12 
INFO: cmn.c(175): CMN:  9.33 -0.00 -0.26  0.21 -0.39 -0.08 -0.15 -0.13 -0.13 -0.21 -0.04 -0.13 -0.16 
INFO: cmn.c(175): CMN:  8.68  0.08 -0.29  0.20 -0.18 -0.07 -0.32 -0.07 -0.03 -0.09 -0.07 -0.14 -0.10 
INFO: cmn.c(175): CMN:  8.48  0.32 -0.33 -0.06 -0.27  0.00 -0.25 -0.10 -0.08 -0.05 -0.14 -0.08 -0.12 
INFO: cmn.c(175): CMN:  8.74  0.18 -0.14  0.34 -0.22 -0.10 -0.11 -0.09 -0.18 -0.15 -0.08 -0.16 -0.14 
INFO: cmn.c(175): CMN:  8.57 -0.07 -0.16  0.55 -0.33 -0.25 -0.08 -0.18 -0.18 -0.22 -0.02 -0.14 -0.14 
INFO: cmn.c(175): CMN:  8.66 -0.16  0.04  0.55 -0.33 -0.13 -0.08 -0.11 -0.19 -0.17 -0.08 -0.17 -0.14 
INFO: cmn.c(175): CMN:  9.73  0.50 -0.46  0.23 -0.57 -0.09 -0.32 -0.02 -0.14 -0.18  0.01 -0.17 -0.08 
INFO: cmn.c(175): CMN:  9.65 -0.07 -0.27  0.35 -0.31 -0.15 -0.20 -0.06 -0.13 -0.16 -0.05 -0.17 -0.08 
INFO: cmn.c(175): CMN:  8.81  0.02 -0.10  0.53 -0.31 -0.11 -0.17 -0.09 -0.16 -0.17 -0.04 -0.17 -0.11 
INFO: cmn.c(175): CMN:  9.19 -0.01 -0.17  0.45 -0.30 -0.13 -0.12 -0.16 -0.13 -0.23 -0.08 -0.16 -0.13 
INFO: cmn.c(175): CMN:  9.14  0.27 -0.21  0.09 -0.27 -0.03 -0.22 -0.06 -0.12 -0.15 -0.02 -0.19 -0.16 
INFO: cmn.c(175): CMN:  9.54  0.40 -0.53  0.02 -0.29 -0.02 -0.23 -0.07 -0.07 -0.12 -0.04 -0.19 -0.13 
INFO: cmn.c(175): CMN:  9.29 -0.18 -0.29  0.17 -0.17 -0.07 -0.22 -0.09 -0.07 -0.17 -0.05 -0.15 -0.12 
INFO: cmn.c(175): CMN:  9.56 -0.10 -0.39  0.23 -0.35 -0.10 -0.17 -0.13 -0.10 -0.16 -0.12 -0.06 -0.15 
INFO: cmn.c(175): CMN:  9.22  0.33 -0.25  0.20 -0.30 -0.02 -0.23 -0.10 -0.07 -0.14 -0.14 -0.14 -0.09 
INFO: cmn.c(175): CMN:  9.85  0.05 -0.29  0.25 -0.23 -0.05 -0.24 -0.09 -0.13 -0.17 -0.09 -0.17 -0.13 
INFO: cmn.c(175): CMN:  7.62 -0.50 -0.11 -0.03 -0.27  0.06 -0.12 -0.05 -0.07 -0.04 -0.12 -0.07 -0.12 
INFO: cmn.c(175): CMN: 10.03  0.07 -0.47  0.49 -0.35 -0.08 -0.22 -0.07 -0.14 -0.15 -0.06 -0.11 -0.15 
INFO: cmn.c(175): CMN:  8.90 -0.23 -0.24  0.42 -0.27 -0.09 -0.23 -0.06 -0.08 -0.18 -0.07 -0.13 -0.09 
INFO: cmn.c(175): CMN:  8.33 -0.48 -0.15  0.55 -0.26 -0.09 -0.19 -0.06 -0.11 -0.15 -0.12 -0.08 -0.14 
INFO: cmn.c(175): CMN:  8.39 -0.51 -0.02  0.39 -0.20 -0.08 -0.15 -0.05 -0.11 -0.15 -0.09 -0.13 -0.09 
INFO: cmn.c(175): CMN:  8.58 -0.58 -0.08  0.48 -0.29 -0.09 -0.15 -0.10 -0.11 -0.17 -0.11 -0.17 -0.11 
INFO: cmn.c(175): CMN:  8.86 -0.02 -0.24  0.11 -0.23 -0.05 -0.12 -0.18 -0.10 -0.16 -0.08 -0.14 -0.12 
INFO: cmn.c(175): CMN:  9.07 -0.07 -0.34  0.18 -0.27 -0.08 -0.17 -0.17 -0.12 -0.22 -0.07 -0.13 -0.15 
INFO: cmn.c(175): CMN:  8.49 -0.67 -0.08  0.24 -0.18 -0.04 -0.23 -0.02 -0.08 -0.11 -0.10 -0.13 -0.07 
INFO: cmn.c(175): CMN:  9.34 -0.01 -0.18  0.08 -0.14 -0.16 -0.16 -0.17 -0.13 -0.15 -0.13 -0.13 -0.15 
INFO: cmn.c(175): CMN:  8.71 -0.00 -0.16  0.02 -0.08 -0.06 -0.20 -0.20 -0.14 -0.10 -0.09 -0.13 -0.13 
INFO: cmn.c(175): CMN:  9.29 -0.12 -0.11  0.30 -0.03 -0.10 -0.18 -0.15 -0.13 -0.18 -0.16 -0.11 -0.18 
INFO: cmn.c(175): CMN:  7.30 -0.01 -0.10 -0.07 -0.08 -0.09 -0.16 -0.21 -0.14 -0.05 -0.12 -0.04 -0.07 
INFO: cmn.c(175): CMN:  9.18  0.24 -0.29  0.07 -0.09 -0.12 -0.22 -0.14 -0.18 -0.09 -0.14 -0.10 -0.17 
INFO: cmn.c(175): CMN:  9.88  0.12 -0.26  0.10 -0.12 -0.14 -0.30 -0.12 -0.15 -0.05 -0.15 -0.11 -0.14 
INFO: cmn.c(175): CMN:  9.58 -0.05 -0.09  0.29 -0.17 -0.15 -0.22 -0.07 -0.15 -0.16 -0.12 -0.13 -0.17 
INFO: cmn.c(175): CMN:  8.86 -0.05 -0.11 -0.10 -0.10 -0.05 -0.25 -0.13 -0.14 -0.06 -0.15 -0.09 -0.18 
INFO: cmn.c(175): CMN:  9.92  0.12 -0.17  0.16 -0.04 -0.21 -0.24 -0.17 -0.13 -0.14 -0.16 -0.08 -0.16 
INFO: cmn.c(175): CMN:  9.47 -0.21 -0.09  0.37 -0.12 -0.14 -0.15 -0.16 -0.12 -0.17 -0.19 -0.10 -0.18 
INFO: cmn.c(175): CMN:  8.78 -0.05 -0.16  0.07 -0.11 -0.04 -0.20 -0.15 -0.13 -0.13 -0.18 -0.09 -0.16 
INFO: cmn.c(175): CMN:  9.21  0.25 -0.08 -0.08 -0.20 -0.13 -0.14 -0.16 -0.14 -0.10 -0.25 -0.09 -0.14 
INFO: cmn.c(175): CMN:  9.35 -0.25 -0.10 -0.01 -0.05 -0.10 -0.23 -0.12 -0.13 -0.12 -0.16 -0.10 -0.17 
INFO: cmn.c(175): CMN:  8.86 -0.12 -0.15  0.61 -0.31 -0.11 -0.12 -0.18 -0.10 -0.17 -0.04 -0.15 -0.12 
INFO: cmn.c(175): CMN:  8.08 -0.30  0.02  0.37 -0.24 -0.07 -0.06 -0.21 -0.08 -0.15 -0.06 -0.11 -0.14 
INFO: cmn.c(175): CMN:  8.78  0.06 -0.32  0.12 -0.28 -0.04 -0.24 -0.16 -0.08 -0.15 -0.07 -0.13 -0.12 
INFO: cmn.c(175): CMN:  7.08 -0.51  0.01  0.03 -0.09 -0.11 -0.22 -0.13 -0.06 -0.06 -0.08 -0.09 -0.03 
INFO: cmn.c(175): CMN:  6.86  0.38 -0.16  0.04 -0.35 -0.08 -0.11 -0.13 -0.12 -0.12 -0.03 -0.05 -0.07 
INFO: cmn.c(175): CMN:  8.84 -0.17 -0.03  0.28 -0.32 -0.18 -0.10 -0.14 -0.12 -0.13 -0.05 -0.16 -0.11 
INFO: cmn.c(175): CMN:  8.94  0.06 -0.31  0.30 -0.36 -0.24 -0.15 -0.13 -0.18 -0.12  0.02 -0.12 -0.08 
INFO: cmn.c(175): CMN:  8.08 -0.09 -0.10  0.29 -0.10 -0.10 -0.18 -0.10 -0.17 -0.23 -0.06 -0.12 -0.11 
INFO: cmn.c(175): CMN:  7.35 -0.08  0.07  0.43 -0.32 -0.00 -0.06 -0.24 -0.09 -0.13 -0.05 -0.11 -0.11 
INFO: cmn.c(175): CMN:  8.61 -0.44 -0.02  0.49 -0.32 -0.07 -0.11 -0.16 -0.11 -0.17 -0.05 -0.15 -0.11 
INFO: cmn.c(175): CMN:  8.62  0.33 -0.37  0.16 -0.26 -0.13 -0.22 -0.11 -0.16 -0.12  0.00 -0.15 -0.12 
INFO: cmn.c(175): CMN:  8.83 -0.08 -0.19  0.17 -0.23 -0.13 -0.26 -0.09 -0.14 -0.10 -0.10 -0.13 -0.07 
INFO: cmn.c(175): CMN:  8.70 -0.10 -0.16  0.15 -0.30 -0.14 -0.20 -0.07 -0.12 -0.12 -0.10 -0.08 -0.06 
INFO: cmn.c(175): CMN:  8.12 -0.20 -0.12  0.02 -0.41  0.05 -0.12 -0.14 -0.07 -0.07 -0.07 -0.01 -0.06 
INFO: cmn.c(175): CMN:  8.97 -0.02 -0.17  0.24 -0.26  0.08 -0.28 -0.28 -0.05 -0.18 -0.10 -0.11 -0.17 
INFO: cmn.c(175): CMN:  8.57  0.25 -0.37  0.13 -0.19  0.03 -0.27 -0.22 -0.08 -0.08 -0.13 -0.07 -0.16 
INFO: cmn.c(175): CMN:  9.07 -0.08 -0.33  0.60 -0.18 -0.04 -0.20 -0.23  0.01 -0.29 -0.14 -0.12 -0.15 
INFO: cmn.c(175): CMN:  9.21 -0.20 -0.27  0.49 -0.24 -0.02 -0.22 -0.21 -0.01 -0.25 -0.09 -0.12 -0.15 
INFO: cmn.c(175): CMN:  9.94  0.08 -0.44  0.41 -0.33  0.02 -0.32 -0.27 -0.02 -0.22 -0.07 -0.13 -0.14 
INFO: cmn.c(175): CMN:  9.56  0.31 -0.51  0.41 -0.21 -0.10 -0.34 -0.27 -0.02 -0.19 -0.17 -0.13 -0.14 
INFO: cmn.c(175): CMN:  9.03 -0.34 -0.24  0.16 -0.17  0.08 -0.28 -0.25  0.01 -0.10 -0.14 -0.13 -0.19 
INFO: cmn.c(175): CMN:  9.13  0.14 -0.36  0.63 -0.15 -0.19 -0.12 -0.20 -0.07 -0.28 -0.12 -0.08 -0.16 
INFO: cmn.c(175): CMN:  9.68  0.16 -0.43  0.34 -0.20 -0.06 -0.31 -0.28 -0.07 -0.18 -0.12 -0.14 -0.11 
INFO: cmn.c(175): CMN:  8.99  0.29 -0.25  0.15 -0.36 -0.05 -0.14 -0.19 -0.13 -0.10 -0.13 -0.07 -0.12 
INFO: cmn.c(175): CMN:  9.29  0.07 -0.28  0.32 -0.18  0.02 -0.24 -0.28 -0.01 -0.20 -0.15 -0.15 -0.16 
INFO: cmn.c(175): CMN:  9.26  0.27 -0.34  0.30 -0.31 -0.06 -0.27 -0.17 -0.07 -0.21 -0.13 -0.09 -0.16 
INFO: cmn.c(175): CMN:  8.86 -0.45 -0.11  0.53 -0.11 -0.21 -0.07 -0.22 -0.12 -0.20 -0.16 -0.05 -0.19 
INFO: cmn.c(175): CMN:  7.33 -0.10 -0.19  0.03 -0.19 -0.15 -0.10 -0.13 -0.06 -0.17 -0.07  0.02 -0.13 
INFO: cmn.c(175): CMN:  9.45 -0.24 -0.28  0.07 -0.14 -0.11 -0.19 -0.23 -0.04 -0.19 -0.10 -0.08 -0.17 
INFO: cmn.c(175): CMN:  8.90 -0.19 -0.18  0.02 -0.16 -0.09 -0.16 -0.25 -0.05 -0.17 -0.14 -0.04 -0.14 
INFO: cmn.c(175): CMN:  8.02 -0.74  0.09  0.11 -0.16 -0.06 -0.13 -0.18 -0.09 -0.14 -0.08 -0.03 -0.12 
INFO: cmn.c(175): CMN:  9.16 -0.09 -0.20  0.27 -0.19 -0.20 -0.15 -0.25  0.04 -0.23 -0.07 -0.07 -0.15 
INFO: cmn.c(175): CMN:  9.52 -0.10 -0.03  0.52 -0.19 -0.27 -0.10 -0.24 -0.01 -0.25 -0.18  0.01 -0.24 
INFO: cmn.c(175): CMN:  9.16 -0.33  0.06  0.20 -0.06 -0.10 -0.18 -0.29 -0.11 -0.15 -0.22 -0.11 -0.13 
INFO: cmn.c(175): CMN:  8.95 -0.20  0.06  0.38 -0.18 -0.20 -0.12 -0.16 -0.11 -0.23 -0.08 -0.06 -0.22 
INFO: cmn.c(175): CMN:  9.05 -0.37 -0.01  0.46 -0.16 -0.18 -0.08 -0.17 -0.12 -0.15 -0.17 -0.03 -0.22 
INFO: cmn.c(175): CMN:  9.15  0.04 -0.03  0.08 -0.07 -0.22 -0.18 -0.13 -0.13 -0.12 -0.16 -0.06 -0.20 
INFO: cmn.c(175): CMN:  9.37  0.16 -0.07  0.13 -0.08 -0.22 -0.16 -0.19 -0.10 -0.17 -0.23 -0.03 -0.21 
INFO: cmn.c(175): CMN:  9.44  0.00 -0.11  0.15 -0.08 -0.19 -0.13 -0.21 -0.11 -0.13 -0.24 -0.01 -0.20 
INFO: cmn.c(175): CMN:  7.32 -0.00 -0.17  0.08 -0.11 -0.19 -0.17 -0.13 -0.12 -0.11 -0.02 -0.15 -0.05 
INFO: cmn.c(175): CMN:  7.44 -0.48  0.07  0.33 -0.02 -0.24 -0.18 -0.07 -0.15 -0.18 -0.08 -0.16 -0.03 
INFO: cmn.c(175): CMN:  7.59 -0.34 -0.11  0.24 -0.04 -0.17 -0.22 -0.07 -0.15 -0.15 -0.02 -0.20 -0.05 
INFO: cmn.c(175): CMN:  6.81 -0.18 -0.12  0.04 -0.33 -0.04 -0.16 -0.07 -0.11 -0.15  0.01 -0.16  0.07 
INFO: cmn.c(175): CMN:  7.54 -0.39 -0.15  0.36 -0.07 -0.25 -0.27 -0.04 -0.07 -0.17 -0.06 -0.16 -0.02 
INFO: cmn.c(175): CMN:  7.67 -0.33 -0.10  0.29 -0.02 -0.33 -0.18 -0.08 -0.11 -0.15 -0.09 -0.16 -0.02 
INFO: cmn.c(175): CMN:  8.31  0.05 -0.15 -0.04 -0.11 -0.22 -0.12 -0.12 -0.07 -0.12 -0.06 -0.13 -0.07 
INFO: cmn.c(175): CMN:  8.46 -0.21 -0.08  0.38 -0.08 -0.24 -0.19 -0.09 -0.15 -0.20 -0.07 -0.19 -0.04 
INFO: cmn.c(175): CMN:  9.08 -0.32 -0.28  0.25  0.07 -0.22 -0.25 -0.17 -0.12 -0.19 -0.10 -0.19 -0.09 
INFO: cmn.c(175): CMN:  8.21 -0.10 -0.14  0.28 -0.16 -0.21 -0.13 -0.12 -0.11 -0.18 -0.08 -0.17 -0.01 
INFO: cmn.c(175): CMN:  8.46  0.11 -0.16  0.17 -0.01 -0.27 -0.24 -0.11 -0.12 -0.18 -0.04 -0.21 -0.01 
INFO: cmn.c(175): CMN:  8.48 -0.36 -0.13  0.04  0.02 -0.13 -0.24 -0.11 -0.06 -0.19 -0.12 -0.15 -0.06 
INFO: cmn.c(175): CMN:  7.79 -0.10 -0.24  0.15 -0.03 -0.18 -0.21 -0.13 -0.07 -0.16 -0.10 -0.15 -0.04 
INFO: cmn.c(175): CMN:  8.60 -0.15 -0.23  0.29 -0.02 -0.25 -0.23 -0.08 -0.16 -0.23 -0.13 -0.18 -0.04 
INFO: cmn.c(175): CMN:  8.30  0.23 -0.01  0.03 -0.07 -0.05 -0.25 -0.16 -0.16 -0.16 -0.09 -0.12 -0.16 
INFO: cmn.c(175): CMN:  8.43  0.03  0.08  0.28 -0.03 -0.14 -0.23 -0.07 -0.20 -0.17 -0.05 -0.17 -0.18 
INFO: cmn.c(175): CMN:  7.42 -0.28  0.13  0.15 -0.04 -0.05 -0.17 -0.13 -0.06 -0.11 -0.08 -0.17 -0.14 
INFO: cmn.c(175): CMN:  8.03  0.24  0.12  0.11 -0.03 -0.09 -0.27 -0.15 -0.14 -0.15 -0.09 -0.15 -0.16 
INFO: cmn.c(175): CMN:  5.78  0.19  0.11  0.00 -0.19 -0.01 -0.09 -0.07 -0.10 -0.16 -0.06 -0.06 -0.15 
INFO: cmn.c(175): CMN:  9.02 -0.13 -0.05  0.24 -0.13 -0.14 -0.27 -0.13 -0.11 -0.17 -0.04 -0.12 -0.16 
[700] INFO: cmn.c(175): CMN:  8.07  0.26 -0.02  0.13 -0.00 -0.16 -0.29 -0.14 -0.02 -0.13 -0.07 -0.14 -0.10 
INFO: cmn.c(175): CMN:  7.68  0.17 -0.10 -0.03 -0.15 -0.01 -0.16 -0.17 -0.02 -0.20 -0.13 -0.08 -0.08 
INFO: cmn.c(175): CMN:  7.96 -0.13  0.05  0.46  0.02 -0.19 -0.28 -0.10 -0.12 -0.19 -0.05 -0.20 -0.18 
INFO: cmn.c(175): CMN:  8.54  0.78  0.05 -0.06 -0.27 -0.12 -0.25 -0.13 -0.16 -0.22 -0.02 -0.04 -0.19 
INFO: cmn.c(175): CMN:  7.41  0.57  0.17  0.05 -0.11 -0.10 -0.24 -0.08 -0.17 -0.18 -0.05 -0.12 -0.16 
INFO: cmn.c(175): CMN:  7.79  0.02 -0.03  0.13  0.02 -0.12 -0.31 -0.13 -0.09 -0.13 -0.12 -0.10 -0.18 
INFO: cmn.c(175): CMN:  7.56 -0.06  0.02  0.25  0.02 -0.10 -0.26 -0.19 -0.02 -0.15 -0.12 -0.16 -0.12 
INFO: cmn.c(175): CMN: 10.15  0.14 -0.19  0.05 -0.27 -0.01 -0.27 -0.27 -0.09 -0.25 -0.03 -0.14 -0.16 
INFO: cmn.c(175): CMN:  9.94  0.29 -0.30  0.37 -0.22 -0.07 -0.29 -0.29 -0.02 -0.37  0.03 -0.18 -0.13 
INFO: cmn.c(175): CMN:  8.02 -0.03 -0.19 -0.03 -0.12  0.04 -0.27 -0.25 -0.13 -0.17 -0.02 -0.09 -0.08 
INFO: cmn.c(175): CMN:  9.87  0.05 -0.23  0.30 -0.21 -0.04 -0.24 -0.19 -0.06 -0.31 -0.02 -0.20 -0.14 
INFO: cmn.c(175): CMN:  7.72  0.03 -0.17  0.41 -0.05 -0.04 -0.17 -0.21 -0.10 -0.26 -0.07 -0.13 -0.07 
INFO: cmn.c(175): CMN:  9.44  0.13 -0.27  0.21 -0.22 -0.06 -0.32 -0.15 -0.09 -0.26  0.03 -0.16 -0.10 
INFO: cmn.c(175): CMN:  9.87 -0.07 -0.21  0.54 -0.19 -0.11 -0.26 -0.12 -0.11 -0.34 -0.02 -0.20 -0.12 
INFO: cmn.c(175): CMN:  9.33  0.39 -0.20  0.20 -0.25 -0.03 -0.18 -0.19 -0.19 -0.28  0.11 -0.15 -0.21 
INFO: cmn.c(175): CMN: 10.10  0.29 -0.21  0.45 -0.35 -0.04 -0.28 -0.16 -0.10 -0.33  0.02 -0.19 -0.14 
INFO: cmn.c(175): CMN: 10.13  0.19 -0.20  0.41 -0.35  0.00 -0.23 -0.18 -0.07 -0.28  0.01 -0.16 -0.16 
INFO: cmn.c(175): CMN:  9.60  0.42 -0.23  0.00 -0.38  0.02 -0.25 -0.16 -0.14 -0.25  0.03 -0.14 -0.16 
INFO: cmn.c(175): CMN:  9.69  0.33 -0.29  0.17 -0.28 -0.02 -0.22 -0.20 -0.10 -0.26  0.03 -0.18 -0.18 
INFO: cmn.c(175): CMN:  9.62 -0.01 -0.25  0.20 -0.22  0.02 -0.27 -0.15 -0.08 -0.25 -0.04 -0.17 -0.11 
INFO: cmn.c(175): CMN:  7.97 -0.28  0.11  0.38 -0.22 -0.22 -0.01 -0.18 -0.13 -0.15 -0.16 -0.07 -0.20 
INFO: cmn.c(175): CMN:  5.91 -0.02  0.07 -0.08 -0.27 -0.12 -0.11 -0.10 -0.12 -0.06 -0.10 -0.04 -0.06 
INFO: cmn.c(175): CMN:  7.31 -0.08  0.01  0.20 -0.12 -0.24 -0.07 -0.20 -0.12 -0.10 -0.11 -0.11 -0.11 
INFO: cmn.c(175): CMN:  8.18  0.29 -0.17  0.05 -0.25 -0.30 -0.13 -0.19 -0.10 -0.13 -0.09 -0.05 -0.12 
INFO: cmn.c(175): CMN:  7.19  0.14 -0.03  0.30 -0.22 -0.11 -0.16 -0.25 -0.09 -0.12 -0.15 -0.15 -0.08 
INFO: cmn.c(175): CMN:  8.06  0.21 -0.01  0.00 -0.21 -0.23 -0.04 -0.18 -0.14 -0.11 -0.08 -0.09 -0.17 
INFO: cmn.c(175): CMN:  7.97  0.06 -0.01  0.14 -0.14 -0.36  0.06 -0.21 -0.07 -0.11 -0.08 -0.12 -0.22 
INFO: cmn.c(175): CMN:  8.36  0.10 -0.03  0.25 -0.11 -0.40 -0.00 -0.22 -0.09 -0.16 -0.15 -0.20 -0.14 
INFO: cmn.c(175): CMN:  7.94  0.17  0.03  0.11 -0.30 -0.23  0.03 -0.18 -0.22 -0.16 -0.12 -0.05 -0.16 
INFO: cmn.c(175): CMN:  7.99 -0.34  0.09  0.36 -0.20 -0.27 -0.03 -0.16 -0.16 -0.09 -0.19 -0.02 -0.21 
INFO: cmn.c(175): CMN:  8.08  0.36  0.03  0.12 -0.22 -0.26 -0.02 -0.20 -0.13 -0.12 -0.14 -0.14 -0.16 
INFO: cmn.c(175): CMN:  8.08 -0.12 -0.11  0.10 -0.15 -0.21 -0.10 -0.17 -0.13 -0.10 -0.11 -0.07 -0.18 
INFO: cmn.c(175): CMN:  8.08  0.13  0.10  0.26 -0.27 -0.28 -0.06 -0.24 -0.07 -0.21 -0.11 -0.15 -0.17 
INFO: cmn.c(175): CMN:  9.61  0.14 -0.19  0.31 -0.23 -0.25 -0.12 -0.17 -0.11 -0.15 -0.15 -0.19 -0.02 
INFO: cmn.c(175): CMN:  9.12  0.10 -0.11  0.23 -0.29 -0.19 -0.09 -0.18 -0.12 -0.17 -0.14 -0.13 -0.10 
INFO: cmn.c(175): CMN:  8.86 -0.56 -0.09  0.10 -0.16 -0.05 -0.29 -0.07 -0.11 -0.11 -0.10 -0.14 -0.00 
INFO: cmn.c(175): CMN:  9.14 -0.07 -0.17  0.23 -0.18 -0.17 -0.20 -0.17 -0.13 -0.13 -0.11 -0.18 -0.03 
INFO: cmn.c(175): CMN:  9.32  0.11  0.03  0.30 -0.32 -0.20  0.01 -0.23 -0.11 -0.18 -0.16 -0.17 -0.13 
INFO: cmn.c(175): CMN:  9.39  0.47 -0.18  0.03 -0.41 -0.14 -0.03 -0.20 -0.16 -0.09 -0.16 -0.06 -0.13 
INFO: cmn.c(175): CMN:  9.35 -0.10 -0.14  0.43 -0.25 -0.35 -0.17 -0.07 -0.11 -0.16 -0.08 -0.16  0.01 
INFO: cmn.c(175): CMN:  8.71  0.07  0.01 -0.05 -0.33 -0.06 -0.08 -0.22 -0.14 -0.06 -0.05 -0.19 -0.06 
INFO: cmn.c(175): CMN:  8.84 -0.12 -0.02  0.40 -0.19 -0.23 -0.06 -0.13 -0.18 -0.14 -0.15 -0.12 -0.13 
INFO: cmn.c(175): CMN:  8.59  0.22 -0.09  0.05 -0.26 -0.15 -0.08 -0.18 -0.13 -0.13 -0.06 -0.15 -0.07 
INFO: cmn.c(175): CMN:  8.97  0.02 -0.09  0.08 -0.29 -0.15 -0.17 -0.12 -0.15 -0.16 -0.13 -0.16 -0.04 
INFO: cmn.c(175): CMN:  9.03 -0.07 -0.02  0.11 -0.32 -0.13 -0.09 -0.15 -0.09 -0.15 -0.07 -0.14 -0.04 
INFO: cmn.c(175): CMN:  8.84 -0.11 -0.18  0.52 -0.20 -0.19 -0.13 -0.22 -0.05 -0.29 -0.05 -0.16 -0.21 
INFO: cmn.c(175): CMN:  6.53 -0.18 -0.15 -0.05 -0.34  0.05 -0.14 -0.02 -0.06 -0.11  0.00 -0.04 -0.12 
INFO: cmn.c(175): CMN:  8.49  0.07 -0.38  0.26 -0.22 -0.04 -0.27 -0.27  0.02 -0.24 -0.03 -0.14 -0.13 
INFO: cmn.c(175): CMN:  8.44  0.30 -0.45  0.31 -0.19 -0.09 -0.19 -0.25  0.04 -0.27 -0.09 -0.07 -0.21 
INFO: cmn.c(175): CMN:  9.18 -0.22 -0.29  0.45 -0.15 -0.16 -0.30 -0.15 -0.07 -0.27 -0.12 -0.12 -0.13 
INFO: cmn.c(175): CMN: 10.13  0.38 -0.56  0.58 -0.26 -0.21 -0.28 -0.38  0.08 -0.36 -0.03 -0.20 -0.08 
INFO: cmn.c(175): CMN:  9.11  0.33 -0.39  0.45 -0.30 -0.03 -0.26 -0.34 -0.02 -0.35 -0.07 -0.07 -0.14 
INFO: cmn.c(175): CMN:  7.64  0.22 -0.23  0.30 -0.26 -0.08 -0.18 -0.20 -0.06 -0.27  0.02 -0.15 -0.12 
INFO: cmn.c(175): CMN:  9.10  0.40 -0.43  0.62 -0.32 -0.19 -0.24 -0.31 -0.05 -0.39 -0.02 -0.13 -0.16 
INFO: cmn.c(175): CMN:  9.40  0.14 -0.31  0.49 -0.32 -0.22 -0.16 -0.25 -0.07 -0.33  0.00 -0.17 -0.15 
INFO: cmn.c(175): CMN:  8.43 -0.09 -0.24  0.19 -0.18 -0.02 -0.38 -0.20 -0.10 -0.21 -0.05 -0.14 -0.08 
INFO: cmn.c(175): CMN:  8.91  0.30 -0.51  0.31 -0.29 -0.13 -0.23 -0.34 -0.01 -0.28 -0.05 -0.10 -0.17 
INFO: cmn.c(175): CMN:  8.20  0.05 -0.30  0.38 -0.20 -0.12 -0.25 -0.18 -0.02 -0.27 -0.09 -0.13 -0.11 
INFO: cmn.c(175): CMN:  9.29  0.03 -0.33  0.22 -0.29 -0.05 -0.22 -0.27 -0.05 -0.17 -0.12 -0.06 -0.14 
INFO: cmn.c(175): CMN:  7.58  0.42 -0.17  0.06 -0.20 -0.14 -0.00 -0.26 -0.14 -0.19 -0.06 -0.01 -0.16 
INFO: cmn.c(175): CMN:  9.85 -0.06 -0.41  0.40 -0.14 -0.09 -0.27 -0.29 -0.10 -0.23 -0.12 -0.12 -0.10 
INFO: cmn.c(175): CMN:  7.93 -0.15 -0.22 -0.03 -0.23  0.02 -0.23 -0.21 -0.13 -0.03 -0.07 -0.01 -0.07 
INFO: cmn.c(175): CMN:  8.83  0.34 -0.45  0.20 -0.17 -0.12 -0.23 -0.36 -0.02 -0.15 -0.14 -0.12 -0.07 
INFO: cmn.c(175): CMN:  9.26  0.05 -0.36  0.26 -0.25 -0.14 -0.14 -0.31 -0.09 -0.23 -0.07 -0.03 -0.08 
INFO: cmn.c(175): CMN:  9.01  0.43 -0.38  0.23 -0.30 -0.21 -0.11 -0.27  0.01 -0.23 -0.08 -0.04 -0.11 
INFO: cmn.c(175): CMN:  8.41  0.08 -0.33  0.18 -0.15 -0.09 -0.14 -0.24 -0.10 -0.19 -0.09 -0.07 -0.15 
INFO: cmn.c(175): CMN:  8.56  0.08 -0.23  0.39 -0.22 -0.22  0.00 -0.28 -0.06 -0.22 -0.08 -0.09 -0.12 
INFO: cmn.c(175): CMN:  9.42 -0.05 -0.41  0.55 -0.17 -0.22 -0.10 -0.33 -0.03 -0.26 -0.05 -0.14 -0.11 
INFO: cmn.c(175): CMN:  9.30  0.28 -0.31  0.05 -0.28 -0.11 -0.10 -0.30 -0.10 -0.19 -0.05 -0.06 -0.20 
INFO: cmn.c(175): CMN:  9.34  0.17 -0.38  0.29 -0.17 -0.10 -0.18 -0.30 -0.06 -0.26 -0.10 -0.11 -0.13 
INFO: cmn.c(175): CMN:  9.40  0.03 -0.35  0.24 -0.16 -0.11 -0.22 -0.27 -0.07 -0.21 -0.12 -0.10 -0.14 
INFO: cmn.c(175): CMN:  8.49 -0.75 -0.12  0.25 -0.31  0.08 -0.31 -0.07 -0.13 -0.12 -0.09 -0.12 -0.08 
INFO: cmn.c(175): CMN:  9.29 -0.36 -0.32  0.29 -0.30  0.12 -0.29 -0.16 -0.12 -0.17 -0.05 -0.13 -0.14 
INFO: cmn.c(175): CMN:  8.83 -0.63 -0.28  0.10 -0.47  0.06 -0.18 -0.04 -0.14 -0.10 -0.01 -0.10 -0.15 
INFO: cmn.c(175): CMN:  9.84 -0.04 -0.37  0.29 -0.41  0.07 -0.37 -0.04 -0.04 -0.22 -0.09 -0.10 -0.12 
INFO: cmn.c(175): CMN:  9.37 -0.10 -0.37  0.28 -0.29  0.11 -0.31 -0.11 -0.09 -0.19 -0.09 -0.15 -0.13 
INFO: cmn.c(175): CMN:  9.43 -0.09 -0.19  0.35 -0.50  0.12 -0.30 -0.06 -0.08 -0.18 -0.18 -0.11 -0.12 
INFO: cmn.c(175): CMN:  9.88 -0.13 -0.40  0.33 -0.51  0.06 -0.38 -0.04 -0.02 -0.23 -0.10 -0.10 -0.11 
INFO: cmn.c(175): CMN:  9.40 -0.62 -0.20  0.19 -0.23  0.07 -0.30 -0.01 -0.16 -0.10 -0.11 -0.14 -0.10 
INFO: cmn.c(175): CMN:  9.45  0.02 -0.37  0.49 -0.47 -0.01 -0.24 -0.02 -0.06 -0.18 -0.13 -0.10 -0.17 
INFO: cmn.c(175): CMN:  9.44 -0.43 -0.28  0.61 -0.42 -0.02 -0.31 -0.06 -0.12 -0.23 -0.12 -0.11 -0.14 
INFO: cmn.c(175): CMN:  9.33 -0.39 -0.23  0.20 -0.41  0.08 -0.26 -0.04 -0.19 -0.18 -0.08 -0.12 -0.12 
INFO: cmn.c(175): CMN:  9.59 -0.52 -0.26  0.06 -0.35  0.05 -0.26 -0.04 -0.14 -0.13 -0.07 -0.13 -0.14 
INFO: cmn.c(175): CMN:  8.98 -0.20 -0.46  0.12 -0.44  0.02 -0.22 -0.04 -0.10 -0.10 -0.07 -0.07 -0.17 
INFO: cmn.c(175): CMN:  7.95  0.04 -0.19  0.14 -0.14 -0.00 -0.26 -0.21 -0.10 -0.18 -0.13 -0.16 -0.08 
INFO: cmn.c(175): CMN:  7.12  0.17 -0.23  0.03 -0.22 -0.09 -0.11 -0.20 -0.08 -0.16 -0.05 -0.07 -0.12 
INFO: cmn.c(175): CMN:  9.72 -0.15 -0.35  0.30 -0.30 -0.11 -0.14 -0.21 -0.09 -0.11 -0.08 -0.13 -0.10 
INFO: cmn.c(175): CMN:  8.39 -0.63 -0.08  0.03 -0.15  0.02 -0.27 -0.20 -0.09 -0.07 -0.09 -0.14 -0.05 
INFO: cmn.c(175): CMN:  9.58 -0.03 -0.36  0.34 -0.18 -0.26 -0.19 -0.16 -0.13 -0.14 -0.09 -0.16 -0.11 
INFO: cmn.c(175): CMN:  8.98 -0.34 -0.26  0.43 -0.24 -0.15 -0.06 -0.19 -0.07 -0.09 -0.15 -0.09 -0.12 
INFO: cmn.c(175): CMN: 10.25 -0.04 -0.41  0.23 -0.30 -0.17 -0.12 -0.26 -0.01 -0.17 -0.09 -0.16 -0.10 
INFO: cmn.c(175): CMN:  9.45  0.22 -0.13  0.15 -0.29 -0.13 -0.04 -0.31 -0.07 -0.21 -0.15 -0.14 -0.20 
INFO: cmn.c(175): CMN:  9.26 -0.44 -0.14  0.70 -0.23 -0.25  0.01 -0.24 -0.08 -0.15 -0.12 -0.14 -0.13 
INFO: cmn.c(175): CMN:  9.41 -0.44 -0.21  0.50 -0.28 -0.16 -0.02 -0.26 -0.09 -0.14 -0.11 -0.14 -0.14 
INFO: cmn.c(175): CMN:  9.74  0.04 -0.32  0.16 -0.30 -0.11 -0.08 -0.32 -0.01 -0.16 -0.14 -0.09 -0.13 
INFO: cmn.c(175): CMN:  9.95  0.02 -0.35  0.28 -0.21 -0.14 -0.08 -0.36 -0.00 -0.22 -0.15 -0.11 -0.18 
INFO: cmn.c(175): CMN:  9.35 -0.02 -0.31  0.10 -0.26 -0.03 -0.19 -0.30 -0.05 -0.13 -0.06 -0.18 -0.09 
INFO: cmn.c(175): CMN:  8.99 -0.04 -0.30  0.17 -0.19 -0.08 -0.21 -0.12 -0.05 -0.13 -0.16 -0.15 -0.13 
INFO: cmn.c(175): CMN:  7.87 -0.55  0.17  0.16 -0.06 -0.06 -0.20 -0.04 -0.10 -0.17 -0.12 -0.11 -0.06 
INFO: cmn.c(175): CMN:  8.82  0.02  0.07  0.22 -0.16 -0.07 -0.15 -0.13 -0.10 -0.18 -0.13 -0.17 -0.15 
[800] INFO: cmn.c(175): CMN:  9.27  0.21  0.03  0.34 -0.09 -0.17 -0.11 -0.13 -0.17 -0.22 -0.16 -0.15 -0.24 
INFO: cmn.c(175): CMN:  7.17 -0.04  0.05  0.37 -0.05 -0.01 -0.09 -0.10 -0.07 -0.22 -0.16 -0.04 -0.15 
INFO: cmn.c(175): CMN:  8.85 -0.15  0.08  0.48 -0.08 -0.08 -0.13 -0.11 -0.11 -0.23 -0.11 -0.15 -0.16 
INFO: cmn.c(175): CMN:  8.20 -0.24  0.21  0.55 -0.04 -0.16 -0.02 -0.09 -0.18 -0.11 -0.18 -0.11 -0.14 
INFO: cmn.c(175): CMN:  9.02  0.33 -0.27 -0.02 -0.21 -0.06 -0.09 -0.16 -0.09 -0.13 -0.01 -0.24 -0.11 
INFO: cmn.c(175): CMN:  9.02  0.22 -0.03  0.36 -0.08 -0.25 -0.15 -0.09 -0.12 -0.25 -0.05 -0.13 -0.20 
INFO: cmn.c(175): CMN:  9.01 -0.22  0.15  0.49 -0.13 -0.12 -0.15 -0.12 -0.12 -0.26 -0.14 -0.12 -0.18 
INFO: cmn.c(175): CMN:  8.36 -0.18 -0.06  0.14 -0.06 -0.06 -0.25 -0.07 -0.08 -0.20 -0.07 -0.16 -0.13 
INFO: cmn.c(175): CMN:  8.28 -0.37  0.02  0.09 -0.03 -0.13 -0.23 -0.06 -0.11 -0.18 -0.12 -0.16 -0.08 
INFO: cmn.c(175): CMN:  8.33 -0.06 -0.07  0.30 -0.02 -0.14 -0.18 -0.07 -0.17 -0.15 -0.08 -0.21 -0.13 
INFO: cmn.c(175): CMN:  7.24 -0.46  0.16 -0.02 -0.05 -0.13 -0.16 -0.10 -0.15 -0.07 -0.09 -0.07 -0.10 
INFO: cmn.c(175): CMN:  8.62  0.29  0.02 -0.08 -0.19 -0.21 -0.27 -0.11 -0.17 -0.12 -0.12 -0.15 -0.07 
INFO: cmn.c(175): CMN:  7.85  0.29 -0.01  0.05 -0.07 -0.10 -0.26 -0.11 -0.18 -0.12 -0.13 -0.15 -0.06 
INFO: cmn.c(175): CMN:  9.53 -0.01  0.11  0.11 -0.06 -0.30 -0.25 -0.07 -0.27 -0.14 -0.20 -0.14 -0.14 
INFO: cmn.c(175): CMN:  8.77  0.44  0.01 -0.04 -0.13 -0.16 -0.31 -0.08 -0.22 -0.16 -0.15 -0.12 -0.14 
INFO: cmn.c(175): CMN:  9.21 -0.01 -0.01 -0.04 -0.09 -0.11 -0.25 -0.08 -0.26 -0.11 -0.14 -0.11 -0.08 
INFO: cmn.c(175): CMN:  8.67 -0.26  0.31  0.28  0.07 -0.29 -0.08 -0.07 -0.31 -0.09 -0.17 -0.18 -0.16 
INFO: cmn.c(175): CMN:  8.98  0.38 -0.06 -0.08 -0.12 -0.16 -0.37 -0.01 -0.23 -0.10 -0.15 -0.17 -0.07 
INFO: cmn.c(175): CMN:  8.26 -0.12  0.30  0.15 -0.07 -0.26 -0.18 -0.01 -0.29 -0.07 -0.17 -0.14 -0.12 
INFO: cmn.c(175): CMN:  8.55 -0.03  0.28  0.22 -0.06 -0.18 -0.19 -0.06 -0.27 -0.15 -0.15 -0.16 -0.15 
INFO: cmn.c(175): CMN:  8.08  0.35  0.03 -0.07 -0.10 -0.10 -0.29 -0.08 -0.18 -0.14 -0.12 -0.14 -0.12 
INFO: cmn.c(175): CMN:  8.99 -0.00  0.08  0.10  0.02 -0.15 -0.29 -0.06 -0.24 -0.16 -0.16 -0.13 -0.09 
INFO: cmn.c(175): CMN:  8.50  0.05  0.03  0.00 -0.00 -0.16 -0.30 -0.01 -0.21 -0.09 -0.14 -0.16 -0.10 
INFO: cmn.c(175): CMN:  8.00  0.19 -0.08  0.25 -0.07 -0.07 -0.16 -0.12 -0.29 -0.11 -0.20 -0.07 -0.12 
INFO: cmn.c(175): CMN:  9.75 -0.11 -0.19  0.05 -0.26 -0.07 -0.33 -0.10 -0.17 -0.16 -0.13 -0.07 -0.16 
INFO: cmn.c(175): CMN: 10.12 -0.10 -0.09  0.34 -0.17 -0.23 -0.35 -0.05 -0.33 -0.12 -0.21 -0.07 -0.15 
INFO: cmn.c(175): CMN:  8.26  0.08 -0.18  0.31 -0.06 -0.12 -0.22 -0.09 -0.29 -0.10 -0.22 -0.07 -0.09 
INFO: cmn.c(175): CMN:  8.33 -0.15 -0.05 -0.17 -0.32  0.10 -0.14 -0.07 -0.16 -0.08 -0.06 -0.05 -0.15 
INFO: cmn.c(175): CMN:  9.67  0.38 -0.20  0.06 -0.16 -0.27 -0.30 -0.01 -0.29 -0.14 -0.13 -0.07 -0.15 
INFO: cmn.c(175): CMN:  9.63 -0.05 -0.04  0.36 -0.13 -0.24 -0.25  0.00 -0.35 -0.03 -0.28 -0.08 -0.10 
INFO: cmn.c(175): CMN:  8.84  0.16 -0.08  0.14 -0.12 -0.07 -0.24 -0.07 -0.27 -0.13 -0.15 -0.12 -0.13 
INFO: cmn.c(175): CMN:  9.00  0.24 -0.09  0.23 -0.20 -0.19 -0.19 -0.01 -0.30 -0.15 -0.15 -0.12 -0.11 
INFO: cmn.c(175): CMN:  9.79  0.24 -0.13  0.29 -0.18 -0.24 -0.31 -0.02 -0.30 -0.15 -0.20 -0.10 -0.12 
INFO: cmn.c(175): CMN:  9.27  0.09 -0.10 -0.15 -0.20 -0.11 -0.22 -0.10 -0.23 -0.12 -0.03 -0.11 -0.09 
INFO: cmn.c(175): CMN:  9.77  0.24 -0.16 -0.10 -0.20 -0.07 -0.31 -0.12 -0.23 -0.16 -0.11 -0.10 -0.15 
INFO: cmn.c(175): CMN:  9.38  0.17 -0.14  0.07 -0.28 -0.13 -0.26 -0.07 -0.25 -0.22 -0.13 -0.08 -0.12 
INFO: cmn.c(175): CMN:  6.90  0.10 -0.32  0.58 -0.19 -0.04 -0.23 -0.18 -0.05 -0.24 -0.11 -0.10 -0.07 
INFO: cmn.c(175): CMN:  5.94  0.36 -0.24  0.24 -0.18 -0.02 -0.13 -0.23 -0.05 -0.16 -0.15 -0.08 -0.09 
INFO: cmn.c(175): CMN:  5.20  0.49  0.08  0.13 -0.30 -0.13  0.05 -0.10 -0.12 -0.05 -0.16  0.00 -0.12 
INFO: cmn.c(175): CMN:  6.28  0.06 -0.15  0.49 -0.27 -0.05 -0.12 -0.17 -0.06 -0.19 -0.09 -0.06 -0.14 
INFO: cmn.c(175): CMN:  6.31  0.02 -0.17  0.10 -0.17  0.02 -0.26 -0.19 -0.03 -0.10 -0.07 -0.08 -0.11 
INFO: cmn.c(175): CMN:  5.85  0.22 -0.00  0.57 -0.37 -0.04 -0.05 -0.14 -0.07 -0.19 -0.04 -0.09 -0.13 
INFO: cmn.c(175): CMN:  6.42 -0.18  0.13  0.91 -0.38 -0.04 -0.05 -0.10 -0.12 -0.18 -0.08 -0.09 -0.20 
INFO: cmn.c(175): CMN:  6.44  0.28 -0.08  0.37 -0.21 -0.20 -0.08 -0.15 -0.10 -0.19 -0.13 -0.07 -0.11 
INFO: cmn.c(175): CMN:  6.21  0.01 -0.29  0.30 -0.21 -0.10 -0.17 -0.14 -0.05 -0.12 -0.04 -0.03 -0.15 
INFO: cmn.c(175): CMN:  7.04  0.39 -0.39  0.42 -0.27 -0.11 -0.15 -0.19 -0.00 -0.11 -0.14 -0.01 -0.13 
INFO: cmn.c(175): CMN:  7.25  0.48 -0.25  0.14 -0.36 -0.11 -0.15 -0.18 -0.09 -0.16 -0.04 -0.05 -0.12 
INFO: cmn.c(175): CMN:  6.65 -0.21 -0.11  0.41 -0.25  0.06 -0.32 -0.15 -0.05 -0.21 -0.04 -0.12 -0.10 
INFO: cmn.c(175): CMN:  6.30  0.28 -0.22  0.30 -0.19 -0.08 -0.15 -0.16 -0.06 -0.16 -0.12 -0.07 -0.09 
INFO: cmn.c(175): CMN:  6.91 -0.24 -0.07  0.15 -0.21  0.03 -0.10 -0.22 -0.03 -0.12 -0.08 -0.09 -0.09 
INFO: cmn.c(175): CMN:  7.29 -0.40 -0.13  0.21 -0.25  0.05 -0.08 -0.24 -0.07 -0.10 -0.10 -0.04 -0.09 
INFO: cmn.c(175): CMN:  8.15  0.15 -0.07  0.20 -0.18 -0.02 -0.09 -0.29 -0.12 -0.21 -0.15 -0.08 -0.15 
INFO: cmn.c(175): CMN:  7.02 -0.19 -0.15  0.04 -0.23  0.03 -0.06 -0.23 -0.10 -0.10 -0.07 -0.04 -0.08 
INFO: cmn.c(175): CMN:  7.90 -0.13 -0.05  0.55 -0.18 -0.11  0.02 -0.16 -0.15 -0.27 -0.07 -0.13 -0.14 
INFO: cmn.c(175): CMN:  8.26  0.10 -0.22  0.57 -0.18 -0.16 -0.09 -0.30 -0.08 -0.23 -0.12 -0.08 -0.11 
INFO: cmn.c(175): CMN:  8.27 -0.29  0.03  0.60 -0.16 -0.04 -0.02 -0.12 -0.07 -0.18 -0.10 -0.14 -0.15 
INFO: cmn.c(175): CMN:  8.52 -0.08 -0.00  0.12 -0.28 -0.00 -0.14 -0.25 -0.07 -0.18 -0.14 -0.10 -0.15 
INFO: cmn.c(175): CMN:  8.18 -0.00 -0.11  0.60 -0.07 -0.14 -0.03 -0.18 -0.11 -0.20 -0.15 -0.10 -0.16 
INFO: cmn.c(175): CMN:  8.24 -0.03 -0.14  0.53 -0.15 -0.12 -0.05 -0.24 -0.10 -0.18 -0.16 -0.08 -0.14 
INFO: cmn.c(175): CMN:  8.32 -0.04 -0.20  0.29 -0.13 -0.11 -0.06 -0.17 -0.08 -0.17 -0.13 -0.08 -0.13 
INFO: cmn.c(175): CMN:  8.21 -0.16 -0.09  0.21 -0.17 -0.06 -0.11 -0.23 -0.07 -0.17 -0.14 -0.07 -0.14 
INFO: cmn.c(175): CMN:  8.32 -0.64 -0.16  0.22 -0.21  0.06 -0.14 -0.21 -0.06 -0.12 -0.10 -0.12 -0.12 
INFO: cmn.c(175): CMN: 10.36  0.06 -0.04 -0.07 -0.25 -0.18 -0.36 -0.07 -0.19 -0.16 -0.06 -0.14 -0.14 
INFO: cmn.c(175): CMN:  8.11  0.06 -0.11 -0.13 -0.08 -0.10 -0.25 -0.10 -0.10 -0.08 -0.01 -0.04 -0.20 
INFO: cmn.c(175): CMN:  9.80  0.17 -0.12 -0.07 -0.14 -0.09 -0.40 -0.11 -0.18 -0.16 -0.07 -0.08 -0.15 
INFO: cmn.c(175): CMN:  9.62 -0.42 -0.08  0.23 -0.09 -0.13 -0.33 -0.04 -0.20 -0.15 -0.12 -0.06 -0.16 
INFO: cmn.c(175): CMN: 11.00 -0.36  0.17  0.23 -0.11 -0.05 -0.44 -0.01 -0.15 -0.28 -0.15 -0.05 -0.22 
INFO: cmn.c(175): CMN: 10.22 -0.51  0.12  0.24 -0.10 -0.03 -0.45 -0.02 -0.22 -0.19 -0.14 -0.04 -0.16 
INFO: cmn.c(175): CMN: 10.30 -0.05 -0.00 -0.12 -0.20  0.05 -0.44 -0.08 -0.15 -0.22 -0.08 -0.00 -0.26 
INFO: cmn.c(175): CMN: 10.45 -0.22 -0.08  0.07 -0.06 -0.07 -0.47 -0.10 -0.14 -0.20 -0.19 -0.07 -0.20 
INFO: cmn.c(175): CMN: 10.07 -0.11  0.07  0.04 -0.15  0.02 -0.46 -0.05 -0.15 -0.21 -0.08 -0.02 -0.23 
INFO: cmn.c(175): CMN:  9.54  0.17 -0.20  0.06 -0.11 -0.23 -0.05 -0.16 -0.07 -0.12 -0.19 -0.14 -0.09 
INFO: cmn.c(175): CMN:  9.19 -0.06 -0.02  0.30 -0.19 -0.21 -0.05 -0.24 -0.14 -0.20 -0.12 -0.06 -0.19 
INFO: cmn.c(175): CMN:  7.25 -0.29  0.00  0.10 -0.17 -0.10 -0.11 -0.15 -0.05 -0.17 -0.05 -0.08 -0.06 
INFO: cmn.c(175): CMN:  9.93  0.13 -0.10  0.31 -0.19 -0.31 -0.08 -0.19 -0.14 -0.17 -0.16 -0.12 -0.18 
INFO: cmn.c(175): CMN:  8.52 -0.01 -0.08  0.07 -0.05 -0.16 -0.11 -0.19 -0.12 -0.11 -0.14 -0.11 -0.08 
INFO: cmn.c(175): CMN: 10.10  0.43 -0.16  0.18 -0.18 -0.19 -0.10 -0.30 -0.12 -0.26 -0.12 -0.12 -0.18 
INFO: cmn.c(175): CMN:  9.72 -0.54  0.12  0.48 -0.20 -0.10  0.00 -0.14 -0.21 -0.14 -0.16 -0.15 -0.17 
INFO: cmn.c(175): CMN:  9.04 -0.11 -0.17  0.05 -0.10 -0.09 -0.16 -0.14 -0.12 -0.15 -0.11 -0.11 -0.10 
INFO: cmn.c(175): CMN: 10.54 -0.02 -0.09  0.27 -0.23 -0.22 -0.10 -0.27 -0.15 -0.18 -0.17 -0.10 -0.16 
INFO: cmn.c(175): CMN: 10.85 -0.05 -0.01  0.34 -0.22 -0.27 -0.09 -0.23 -0.17 -0.22 -0.14 -0.12 -0.21 
INFO: cmn.c(175): CMN: 10.13  0.01 -0.20 -0.03 -0.24 -0.17 -0.11 -0.22 -0.08 -0.10 -0.12 -0.12 -0.14 
INFO: cmn.c(175): CMN: 10.09  0.02 -0.18  0.14 -0.14 -0.13 -0.17 -0.19 -0.11 -0.18 -0.17 -0.12 -0.13 
INFO: cmn.c(175): CMN:  9.73 -0.46 -0.11  0.23 -0.09 -0.16 -0.17 -0.11 -0.18 -0.20 -0.14 -0.09 -0.12 
INFO: cmn.c(175): CMN:  8.15  0.31 -0.23  0.40 -0.30  0.00 -0.12 -0.15 -0.10 -0.22 -0.08 -0.14 -0.13 
INFO: cmn.c(175): CMN:  8.84  0.40 -0.31  0.16 -0.37 -0.07 -0.14 -0.16 -0.10 -0.18 -0.04 -0.16 -0.14 
INFO: cmn.c(175): CMN:  9.13  0.10 -0.28  0.42 -0.24 -0.04 -0.26 -0.14 -0.12 -0.16 -0.10 -0.21 -0.12 
INFO: cmn.c(175): CMN:  6.95 -0.05 -0.12 -0.05 -0.26  0.11 -0.05 -0.12 -0.10 -0.09 -0.03 -0.09 -0.10 
INFO: cmn.c(175): CMN:  8.73 -0.04 -0.27  0.26 -0.21  0.07 -0.26 -0.14 -0.11 -0.16 -0.08 -0.18 -0.07 
INFO: cmn.c(175): CMN:  7.87  0.15 -0.24  0.41 -0.29 -0.02 -0.16 -0.10 -0.09 -0.15 -0.07 -0.12 -0.10 
INFO: cmn.c(175): CMN:  9.11  0.19 -0.32  0.41 -0.39 -0.06 -0.08 -0.23 -0.08 -0.24 -0.00 -0.12 -0.17 
INFO: cmn.c(175): CMN:  8.91 -0.03 -0.15  0.13 -0.21 -0.04 -0.26 -0.14 -0.13 -0.09 -0.07 -0.17 -0.10 
INFO: cmn.c(175): CMN:  8.44  0.36 -0.14  0.33 -0.43 -0.08 -0.10 -0.13 -0.13 -0.18 -0.02 -0.17 -0.13 
INFO: cmn.c(175): CMN:  8.80  0.56 -0.45  0.31 -0.26 -0.09 -0.14 -0.20 -0.08 -0.20 -0.06 -0.16 -0.11 
INFO: cmn.c(175): CMN:  8.93  0.57 -0.24  0.06 -0.32 -0.23 -0.07 -0.29 -0.12 -0.14 -0.10 -0.12 -0.12 
INFO: cmn.c(175): CMN:  8.89  0.20 -0.25  0.16 -0.35 -0.03 -0.22 -0.14 -0.13 -0.14 -0.03 -0.20 -0.11 
INFO: cmn.c(175): CMN:  8.81  0.03 -0.23  0.22 -0.28 -0.01 -0.24 -0.14 -0.13 -0.17 -0.04 -0.21 -0.12 
INFO: cmn.c(175): CMN: 10.05 -0.07 -0.20  0.23 -0.22 -0.10 -0.18 -0.21 -0.08 -0.11 -0.12 -0.13 -0.14 
INFO: cmn.c(175): CMN:  8.60 -0.23 -0.13  0.12 -0.25 -0.11 -0.18 -0.17 -0.05 -0.11 -0.12 -0.09 -0.13 
INFO: cmn.c(175): CMN: 10.29 -0.13 -0.18  0.41 -0.25 -0.13 -0.18 -0.24 -0.07 -0.19 -0.14 -0.12 -0.13 
[900] INFO: cmn.c(175): CMN:  8.81 -0.29 -0.18  0.11 -0.17 -0.09 -0.18 -0.17 -0.07 -0.07 -0.13 -0.10 -0.07 
INFO: cmn.c(175): CMN:  9.84 -0.04 -0.16  0.44 -0.30 -0.08 -0.15 -0.22 -0.06 -0.21 -0.10 -0.11 -0.17 
INFO: cmn.c(175): CMN:  9.56  0.06 -0.12  0.60 -0.35 -0.04 -0.15 -0.18 -0.10 -0.16 -0.12 -0.10 -0.19 
INFO: cmn.c(175): CMN:  9.22  0.11 -0.30  0.35 -0.38 -0.11 -0.13 -0.16 -0.09 -0.15 -0.12 -0.08 -0.16 
INFO: cmn.c(175): CMN:  8.70  0.48 -0.20  0.11 -0.33 -0.13 -0.20 -0.17 -0.08 -0.14 -0.11 -0.07 -0.10 
INFO: cmn.c(175): CMN:  9.24 -0.05 -0.00  0.58 -0.32 -0.06 -0.15 -0.19 -0.05 -0.23 -0.12 -0.08 -0.22 
INFO: cmn.c(175): CMN:  9.99  0.01 -0.14  0.56 -0.37 -0.10 -0.14 -0.23 -0.04 -0.21 -0.14 -0.13 -0.19 
INFO: cmn.c(175): CMN: 10.36  0.26 -0.23  0.42 -0.30 -0.14 -0.18 -0.21 -0.11 -0.22 -0.15 -0.17 -0.18 
INFO: cmn.c(175): CMN: 10.00  0.09 -0.22  0.12 -0.24 -0.08 -0.23 -0.18 -0.11 -0.16 -0.11 -0.16 -0.12 
INFO: cmn.c(175): CMN: 10.20  0.09 -0.26  0.37 -0.34 -0.14 -0.17 -0.16 -0.10 -0.17 -0.11 -0.14 -0.12 
INFO: cmn.c(175): CMN:  9.24 -0.40 -0.04  0.38 -0.08 -0.24 -0.19 -0.13 -0.16 -0.09 -0.13 -0.13 -0.14 
INFO: cmn.c(175): CMN:  9.14 -0.07 -0.08  0.26 -0.06 -0.20 -0.23 -0.15 -0.18 -0.05 -0.17 -0.19 -0.13 
INFO: cmn.c(175): CMN:  8.58 -0.17 -0.02  0.22 -0.13 -0.13 -0.20 -0.15 -0.19 -0.10 -0.11 -0.16 -0.12 
INFO: cmn.c(175): CMN:  8.12 -0.55  0.02  0.13 -0.22 -0.02 -0.14 -0.15 -0.06 -0.09 -0.07 -0.10 -0.07 
INFO: cmn.c(175): CMN:  7.02 -0.18 -0.01  0.33 -0.07 -0.16 -0.14 -0.14 -0.15 -0.08 -0.12 -0.07 -0.12 
INFO: cmn.c(175): CMN:  8.58 -0.11 -0.12  0.25 -0.11 -0.21 -0.17 -0.15 -0.20 -0.03 -0.11 -0.13 -0.11 
INFO: cmn.c(175): CMN:  8.83 -0.26  0.01  0.36 -0.16 -0.26 -0.15 -0.15 -0.21 -0.09 -0.16 -0.09 -0.14 
INFO: cmn.c(175): CMN:  8.13  0.08  0.09  0.32 -0.01 -0.22 -0.01 -0.18 -0.18 -0.18 -0.13 -0.15 -0.16 
INFO: cmn.c(175): CMN:  8.89  0.32  0.15  0.30 -0.21 -0.26  0.02 -0.12 -0.26 -0.14 -0.14 -0.21 -0.12 
INFO: cmn.c(175): CMN:  8.41 -0.20  0.07  0.51 -0.06 -0.22 -0.12 -0.09 -0.22 -0.13 -0.11 -0.13 -0.16 
INFO: cmn.c(175): CMN:  8.61  0.25 -0.04  0.12 -0.14 -0.19 -0.07 -0.16 -0.23 -0.03 -0.16 -0.13 -0.13 
INFO: cmn.c(175): CMN:  8.22  0.31 -0.06  0.15 -0.08 -0.19 -0.12 -0.24 -0.11 -0.24 -0.16 -0.09 -0.12 
INFO: cmn.c(175): CMN:  8.50 -0.06  0.06  0.14 -0.20 -0.14 -0.15 -0.15 -0.20 -0.06 -0.18 -0.10 -0.07 
INFO: cmn.c(175): CMN:  9.32 -0.09 -0.02 -0.12 -0.29  0.02 -0.28 -0.07 -0.24 -0.01 -0.13 -0.13 -0.14 
INFO: cmn.c(175): CMN:  9.19 -0.13  0.12  0.10 -0.35  0.04 -0.21 -0.11 -0.31 -0.03 -0.14 -0.10 -0.14 
INFO: cmn.c(175): CMN:  8.35 -0.22  0.02  0.09 -0.31  0.03 -0.20 -0.08 -0.24 -0.06 -0.12 -0.13 -0.09 
INFO: cmn.c(175): CMN:  7.06 -0.15  0.05 -0.09 -0.29  0.10 -0.12 -0.07 -0.20 -0.01 -0.05 -0.07 -0.17 
INFO: cmn.c(175): CMN:  8.88 -0.22  0.02  0.14 -0.30  0.06 -0.25 -0.13 -0.33 -0.01 -0.12 -0.14 -0.09 
INFO: cmn.c(175): CMN:  9.97 -0.13  0.13  0.20 -0.30 -0.16 -0.21 -0.15 -0.41 -0.05 -0.17 -0.12 -0.09 
INFO: cmn.c(175): CMN:  9.17 -0.57  0.10  0.51 -0.18 -0.21 -0.14 -0.12 -0.27 -0.12 -0.15 -0.15 -0.15 
INFO: cmn.c(175): CMN:  8.51  0.12 -0.06 -0.04 -0.28  0.13 -0.22 -0.20 -0.28  0.08 -0.13 -0.18 -0.09 
INFO: cmn.c(175): CMN:  9.31  0.17  0.05  0.01 -0.27 -0.14 -0.16 -0.07 -0.38 -0.04 -0.18 -0.03 -0.16 
INFO: cmn.c(175): CMN:  9.07  0.05  0.14  0.24 -0.31 -0.07 -0.21 -0.05 -0.41 -0.07 -0.16 -0.10 -0.15 
INFO: cmn.c(175): CMN: 10.00  0.27 -0.06 -0.14 -0.51  0.04 -0.22 -0.07 -0.38  0.12 -0.14 -0.06 -0.21 
INFO: cmn.c(175): CMN:  9.27 -0.12 -0.09  0.01 -0.28  0.08 -0.23 -0.11 -0.31  0.01 -0.14 -0.13 -0.10 
INFO: cmn.c(175): CMN:  8.83 -0.11 -0.01  0.06 -0.25  0.08 -0.22 -0.16 -0.27 -0.00 -0.14 -0.17 -0.06 
INFO: cmn.c(175): CMN:  8.78  0.09 -0.23  0.42 -0.39 -0.08 -0.32 -0.12 -0.10 -0.21 -0.04 -0.18 -0.03 
INFO: cmn.c(175): CMN:  6.45 -0.09 -0.16 -0.03 -0.27  0.11 -0.21 -0.20 -0.00 -0.14 -0.01 -0.09 -0.04 
INFO: cmn.c(175): CMN:  8.36  0.02 -0.00  0.46 -0.22 -0.10 -0.16 -0.08 -0.12 -0.20 -0.04 -0.18 -0.10 
INFO: cmn.c(175): CMN:  7.89  0.34 -0.17  0.30 -0.31 -0.09 -0.18 -0.13 -0.09 -0.26 -0.07 -0.11 -0.09 
INFO: cmn.c(175): CMN:  7.72 -0.39 -0.13  0.24 -0.14 -0.07 -0.23 -0.12 -0.09 -0.15 -0.06 -0.09 -0.08 
INFO: cmn.c(175): CMN:  8.92  0.36 -0.38  0.43 -0.26 -0.06 -0.24 -0.28 -0.02 -0.29 -0.07 -0.13 -0.06 
INFO: cmn.c(175): CMN:  9.15  0.28 -0.31  0.56 -0.30 -0.11 -0.25 -0.16 -0.06 -0.30 -0.02 -0.15 -0.11 
INFO: cmn.c(175): CMN:  6.88 -0.09 -0.14  0.28 -0.20 -0.06 -0.14 -0.11 -0.12 -0.14 -0.05 -0.12 -0.06 
INFO: cmn.c(175): CMN:  8.56 -0.24 -0.12  0.70 -0.16 -0.11 -0.15 -0.15 -0.05 -0.24 -0.11 -0.12 -0.12 
INFO: cmn.c(175): CMN:  9.27  0.01 -0.29  0.43 -0.32 -0.16 -0.24 -0.09 -0.12 -0.20 -0.03 -0.15 -0.10 
INFO: cmn.c(175): CMN:  7.80  0.59 -0.19 -0.06 -0.39 -0.08 -0.22 -0.13 -0.03 -0.21  0.01 -0.15 -0.08 
INFO: cmn.c(175): CMN:  8.45 -0.04 -0.31 -0.04 -0.28 -0.02 -0.27 -0.13 -0.01 -0.18 -0.01 -0.14 -0.09 
INFO: cmn.c(175): CMN:  8.10  0.20 -0.18  0.21 -0.27 -0.05 -0.15 -0.14 -0.08 -0.25  0.08 -0.17 -0.10 
INFO: s3gau_io.c(478): Wrote /home/xkrajnan/Plocha/GSoC/PocketSphinx/an4/bwaccumdir/an4_buff_1/gauden_counts with vars (2pass) [1x1x1 vector arrays]
Tue May 31 10:44:54 2011
