INFO: cmd_ln.c(691): Parsing command line:
/home/xkrajnan/Plocha/GSoC/PocketSphinx/an4/bin/inc_comp \
	-ninc 1 \
	-dcountfn /home/xkrajnan/Plocha/GSoC/PocketSphinx/an4/model_parameters/an4.cd_cont_1000/mixture_weights \
	-inmixwfn /home/xkrajnan/Plocha/GSoC/PocketSphinx/an4/model_parameters/an4.cd_cont_1000/mixture_weights \
	-outmixwfn /home/xkrajnan/Plocha/GSoC/PocketSphinx/an4/model_parameters/an4.cd_cont_initial/mixture_weights \
	-inmeanfn /home/xkrajnan/Plocha/GSoC/PocketSphinx/an4/model_parameters/an4.cd_cont_1000/means \
	-outmeanfn /home/xkrajnan/Plocha/GSoC/PocketSphinx/an4/model_parameters/an4.cd_cont_initial/means \
	-invarfn /home/xkrajnan/Plocha/GSoC/PocketSphinx/an4/model_parameters/an4.cd_cont_1000/variances \
	-outvarfn /home/xkrajnan/Plocha/GSoC/PocketSphinx/an4/model_parameters/an4.cd_cont_initial/variances \
	-fullvar no 

Current configuration:
[NAME]		[DEFLT]	[VALUE]
-dcountfn		/home/xkrajnan/Plocha/GSoC/PocketSphinx/an4/model_parameters/an4.cd_cont_1000/mixture_weights
-example	no	no
-fullvar	no	no
-help		no	no
-inmeanfn		/home/xkrajnan/Plocha/GSoC/PocketSphinx/an4/model_parameters/an4.cd_cont_1000/means
-inmixwfn		/home/xkrajnan/Plocha/GSoC/PocketSphinx/an4/model_parameters/an4.cd_cont_1000/mixture_weights
-invarfn		/home/xkrajnan/Plocha/GSoC/PocketSphinx/an4/model_parameters/an4.cd_cont_1000/variances
-ninc		1	1
-outmeanfn		/home/xkrajnan/Plocha/GSoC/PocketSphinx/an4/model_parameters/an4.cd_cont_initial/means
-outmixwfn		/home/xkrajnan/Plocha/GSoC/PocketSphinx/an4/model_parameters/an4.cd_cont_initial/mixture_weights
-outvarfn		/home/xkrajnan/Plocha/GSoC/PocketSphinx/an4/model_parameters/an4.cd_cont_initial/variances

INFO: main.c(85): Reading mixing weight file /home/xkrajnan/Plocha/GSoC/PocketSphinx/an4/model_parameters/an4.cd_cont_1000/mixture_weights.
INFO: s3mixw_io.c(116): Read /home/xkrajnan/Plocha/GSoC/PocketSphinx/an4/model_parameters/an4.cd_cont_1000/mixture_weights [1102x1x1 array]
INFO: s3gau_io.c(166): Read /home/xkrajnan/Plocha/GSoC/PocketSphinx/an4/model_parameters/an4.cd_cont_1000/means [1102x1x1 array]
INFO: s3gau_io.c(166): Read /home/xkrajnan/Plocha/GSoC/PocketSphinx/an4/model_parameters/an4.cd_cont_1000/variances [1102x1x1 array]
INFO: s3gau_io.c(550): Read /home/xkrajnan/Plocha/GSoC/PocketSphinx/an4/model_parameters/an4.cd_cont_1000/mixture_weights [1102x1x1 array]
INFO: main.c(151): output n_density == 2
0:0(2.00e+03)
1:0(1.36e+03)
2:0(2.43e+03)
3:0(7.30e+01)
4:0(3.69e+01)
5:0(3.03e+01)
6:0(3.13e+03)
7:0(2.13e+03)
8:0(4.50e+03)
9:0(4.19e+02)
10:0(1.16e+03)
11:0(8.54e+02)
12:0(2.39e+02)
13:0(8.77e+02)
14:0(2.72e+02)
15:0(3.43e+03)
16:0(5.35e+03)
17:0(3.30e+03)
18:0(1.97e+03)
19:0(6.06e+02)
20:0(5.24e+02)
21:0(6.97e+02)
22:0(7.39e+02)
23:0(1.51e+03)
24:0(1.41e+03)
25:0(7.48e+02)
26:0(5.36e+02)
27:0(6.91e+03)
28:0(4.54e+03)
29:0(6.29e+03)
30:0(4.14e+02)
31:0(5.54e+02)
32:0(1.24e+03)
33:0(3.71e+03)
34:0(4.86e+03)
35:0(2.07e+03)
36:0(3.53e+03)
37:0(3.63e+03)
38:0(1.41e+03)
39:0(1.80e+02)
40:0(1.01e+02)
41:0(3.50e+01)
42:0(2.22e+03)
43:0(5.61e+02)
44:0(6.86e+02)
45:0(1.12e+03)
46:0(8.63e+02)
47:0(1.31e+03)
48:0(5.11e+03)
49:0(3.87e+03)
50:0(1.48e+04)
51:0(1.69e+03)
52:0(5.67e+02)
53:0(7.63e+02)
54:0(1.14e+03)
55:0(1.77e+03)
56:0(1.10e+03)
57:0(9.72e+02)
58:0(1.49e+03)
59:0(1.41e+03)
60:0(5.18e+02)
61:0(3.65e+02)
62:0(1.01e+03)
63:0(3.11e+03)
64:0(4.50e+03)
65:0(4.61e+03)
66:0(2.70e+03)
67:0(3.01e+03)
68:0(1.70e+03)
69:0(1.54e+03)
70:0(6.05e+02)
71:0(6.66e+02)
72:0(3.56e+03)
73:0(2.18e+03)
74:0(2.22e+03)
75:0(5.87e+03)
76:0(7.44e+03)
77:0(3.01e+03)
78:0(8.78e+03)
79:0(1.18e+04)
80:0(2.55e+04)
81:0(3.16e+03)
82:0(5.45e+03)
83:0(5.47e+03)
84:0(2.04e+03)
85:0(7.49e+02)
86:0(4.74e+02)
87:0(1.62e+03)
88:0(2.40e+03)
89:0(2.82e+03)
90:0(1.40e+03)
91:0(1.05e+03)
92:0(2.02e+03)
93:0(1.68e+03)
94:0(1.17e+03)
95:0(1.13e+03)
96:0(1.70e+03)
97:0(1.19e+03)
98:0(6.94e+02)
99:0(6.67e+02)
100:0(3.77e+02)
101:0(4.75e+02)
102:0(4.84e+02)
103:0(2.64e+02)
104:0(2.09e+02)
105:0(7.14e+01)
106:0(4.50e+02)
107:0(5.24e+02)
108:0(3.95e+02)
109:0(2.46e+02)
110:0(1.07e+02)
111:0(2.62e+02)
112:0(3.52e+02)
113:0(6.73e+02)
114:0(9.61e+01)
115:0(4.57e+02)
116:0(4.26e+01)
117:0(1.28e+02)
118:0(7.22e+02)
119:0(1.24e+02)
120:0(4.55e+01)
121:0(4.57e+01)
122:0(9.23e+01)
123:0(1.82e+01)
124:0(5.48e+01)
125:0(3.69e+01)
126:0(3.03e+01)
127:0(9.99e+01)
128:0(2.71e+02)
129:0(7.22e+01)
130:0(1.96e+02)
131:0(1.96e+02)
132:0(1.16e+02)
133:0(6.53e+02)
134:0(1.15e+02)
135:0(1.24e+02)
136:0(1.18e+02)
137:0(1.60e+01)
138:0(3.67e+02)
139:0(1.02e+02)
140:0(6.88e+02)
141:0(1.09e+02)
142:0(2.66e+02)
143:0(4.47e+02)
144:0(1.05e+02)
145:0(1.00e+02)
146:0(3.84e+02)
147:0(1.76e+02)
148:0(5.39e+02)
149:0(1.18e+02)
150:0(1.17e+02)
151:0(1.86e+01)
152:0(1.13e+02)
153:0(3.99e+02)
154:0(5.32e+02)
155:0(2.77e+01)
156:0(1.51e+02)
157:0(4.16e+01)
158:0(6.98e+01)
159:0(6.26e+01)
160:0(2.70e+02)
161:0(1.28e+02)
162:0(2.95e+02)
163:0(2.83e+01)
164:0(5.01e+01)
165:0(4.22e+02)
166:0(2.58e+01)
167:0(2.38e+02)
168:0(1.32e+02)
169:0(2.71e+01)
170:0(5.16e+01)
171:0(1.12e+02)
172:0(4.43e+02)
173:0(1.36e+02)
174:0(3.73e+01)
175:0(1.20e+02)
176:0(1.33e+02)
177:0(6.35e+01)
178:0(6.07e+01)
179:0(7.51e+01)
180:0(4.19e+02)
181:0(1.16e+03)
182:0(8.54e+02)
183:0(2.08e+02)
184:0(3.10e+01)
185:0(7.93e+02)
186:0(8.36e+01)
187:0(2.47e+02)
188:0(2.49e+01)
189:0(1.22e+02)
190:0(1.09e+02)
191:0(7.49e+02)
192:0(4.62e+02)
193:0(6.49e+01)
194:0(6.24e+02)
195:0(2.40e+01)
196:0(4.00e+00)
197:0(3.64e+01)
198:0(4.66e+02)
199:0(1.63e+01)
200:0(1.12e+02)
201:0(6.37e+02)
202:0(1.30e+01)
203:0(1.13e+03)
204:0(6.11e+02)
205:0(2.41e+01)
206:0(5.18e+01)
207:0(3.55e+01)
208:0(1.90e+01)
209:0(1.80e+01)
210:0(4.57e+01)
211:0(1.20e+01)
212:0(4.03e+01)
213:0(2.07e+02)
214:0(1.30e+01)
215:0(1.18e+01)
216:0(1.98e+02)
217:0(6.01e+01)
218:0(8.33e+01)
219:0(2.10e+01)
220:0(1.83e+02)
221:0(9.61e+01)
222:0(3.18e+01)
223:0(4.56e+01)
224:0(2.40e+01)
225:0(1.85e+03)
226:0(1.88e+01)
227:0(1.72e+02)
228:0(5.53e+01)
229:0(1.15e+02)
230:0(1.38e+02)
231:0(3.31e+01)
232:0(9.53e+02)
233:0(2.17e+01)
234:0(5.88e+01)
235:0(2.61e+02)
236:0(2.12e+02)
237:0(4.91e+01)
238:0(8.38e+01)
239:0(1.50e+02)
240:0(3.81e+01)
241:0(5.28e+02)
242:0(1.02e+02)
243:0(2.36e+02)
244:0(6.05e+02)
245:0(8.90e+01)
246:0(1.57e+02)
247:0(5.17e+02)
248:0(4.87e+02)
249:0(7.19e+02)
250:0(1.93e+02)
251:0(1.20e+02)
252:0(1.59e+02)
253:0(1.34e+02)
254:0(1.14e+02)
255:0(1.61e+02)
256:0(2.49e+02)
257:0(3.38e+02)
258:0(3.60e+02)
259:0(4.73e+02)
260:0(2.66e+02)
261:0(5.20e+02)
262:0(2.81e+02)
263:0(7.10e+02)
264:0(7.61e+01)
265:0(2.05e+02)
266:0(6.21e+01)
267:0(2.86e+02)
268:0(8.62e+01)
269:0(1.33e+02)
270:0(2.81e+01)
271:0(3.50e+01)
272:0(4.03e+01)
273:0(5.71e+01)
274:0(2.19e+02)
275:0(1.80e+02)
276:0(5.52e+01)
277:0(4.25e+01)
278:0(3.11e+02)
279:0(1.41e+02)
280:0(1.98e+02)
281:0(3.35e+02)
282:0(6.13e+01)
283:0(1.40e+02)
284:0(5.12e+02)
285:0(5.35e+01)
286:0(3.76e+01)
287:0(4.27e+01)
288:0(2.29e+02)
289:0(1.18e+03)
290:0(8.31e+02)
291:0(2.53e+02)
292:0(2.49e+02)
293:0(2.07e+02)
294:0(7.39e+01)
295:0(3.61e+02)
296:0(1.35e+02)
297:0(2.78e+02)
298:0(3.19e+02)
299:0(1.97e+02)
300:0(9.25e+02)
301:0(4.94e+02)
302:0(3.49e+02)
303:0(8.64e+01)
304:0(6.37e+01)
305:0(2.34e+01)
306:0(4.90e+02)
307:0(5.20e+02)
308:0(8.00e+01)
309:0(7.75e+01)
310:0(3.72e+02)
311:0(1.73e+01)
312:0(4.65e+02)
313:0(3.07e+02)
314:0(2.02e+01)
315:0(3.15e+02)
316:0(3.09e+02)
317:0(4.98e+02)
318:0(4.78e+02)
319:0(1.74e+01)
320:0(5.08e+01)
321:0(5.36e+01)
322:0(2.22e+01)
323:0(4.49e+02)
324:0(4.45e+02)
325:0(6.92e+02)
326:0(2.87e+02)
327:0(1.14e+02)
328:0(9.67e+01)
329:0(6.39e+01)
330:0(1.46e+02)
331:0(3.22e+02)
332:0(5.17e+02)
333:0(3.89e+01)
334:0(5.30e+02)
335:0(5.66e+01)
336:0(2.36e+01)
337:0(1.38e+02)
338:0(3.69e+01)
339:0(2.41e+01)
340:0(5.11e+01)
341:0(4.81e+02)
342:0(1.34e+02)
343:0(3.55e+02)
344:0(1.05e+02)
345:0(3.99e+02)
346:0(2.20e+01)
347:0(3.37e+02)
348:0(6.48e+01)
349:0(1.39e+02)
350:0(6.70e+02)
351:0(9.48e+01)
352:0(3.20e+02)
353:0(1.07e+02)
354:0(4.24e+02)
355:0(2.29e+01)
356:0(1.30e+01)
357:0(5.82e+02)
358:0(2.41e+02)
359:0(8.00e+00)
360:0(5.14e+01)
361:0(6.70e+01)
362:0(1.20e+01)
363:0(2.23e+02)
364:0(4.38e+01)
365:0(1.70e+02)
366:0(3.46e+02)
367:0(1.19e+02)
368:0(2.11e+02)
369:0(2.41e+02)
370:0(2.97e+02)
371:0(4.26e+02)
372:0(9.37e+02)
373:0(1.99e+02)
374:0(6.16e+02)
375:0(1.45e+02)
376:0(1.90e+02)
377:0(1.90e+02)
378:0(3.67e+02)
379:0(9.00e+00)
380:0(4.55e+02)
381:0(1.96e+02)
382:0(1.02e+02)
383:0(2.04e+02)
384:0(1.50e+03)
385:0(2.58e+02)
386:0(2.00e+01)
387:0(1.65e+02)
388:0(3.60e+01)
389:0(7.91e+01)
390:0(1.28e+02)
391:0(1.16e+02)
392:0(9.28e+01)
393:0(1.28e+02)
394:0(2.37e+02)
395:0(1.57e+02)
396:0(3.72e+01)
397:0(1.40e+02)
398:0(5.01e+01)
399:0(1.36e+02)
400:0(1.38e+02)
401:0(1.47e+02)
402:0(1.12e+02)
403:0(2.15e+02)
404:0(3.95e+01)
405:0(6.58e+02)
406:0(6.24e+02)
407:0(6.31e+01)
408:0(4.80e+02)
409:0(7.64e+01)
410:0(3.45e+02)
411:0(6.66e+02)
412:0(3.74e+02)
413:0(1.77e+02)
414:0(7.90e+01)
415:0(1.73e+02)
416:0(1.01e+02)
417:0(4.99e+01)
418:0(5.30e+02)
419:0(3.05e+02)
420:0(1.10e+02)
421:0(3.36e+02)
422:0(9.42e+01)
423:0(2.78e+02)
424:0(9.48e+02)
425:0(1.29e+02)
426:0(3.40e+01)
427:0(3.58e+02)
428:0(1.23e+02)
429:0(6.94e+02)
430:0(1.98e+02)
431:0(4.37e+02)
432:0(2.10e+02)
433:0(9.64e+01)
434:0(9.02e+01)
435:0(1.43e+02)
436:0(2.54e+02)
437:0(6.14e+02)
438:0(9.30e+00)
439:0(1.71e+02)
440:0(2.27e+01)
441:0(7.86e+01)
442:0(3.50e+01)
443:0(1.50e+02)
444:0(2.34e+02)
445:0(1.08e+03)
446:0(1.82e+02)
447:0(1.96e+02)
448:0(1.76e+02)
449:0(2.60e+01)
450:0(6.70e+01)
451:0(1.08e+02)
452:0(1.11e+02)
453:0(7.84e+01)
454:0(3.42e+01)
455:0(1.73e+02)
456:0(6.13e+01)
457:0(1.04e+02)
458:0(1.18e+02)
459:0(1.77e+02)
460:0(7.58e+01)
461:0(1.89e+02)
462:0(9.94e+01)
463:0(2.74e+01)
464:0(4.66e+02)
465:0(5.84e+01)
466:0(4.26e+02)
467:0(8.12e+01)
468:0(8.73e+01)
469:0(2.65e+01)
470:0(1.56e+02)
471:0(1.12e+02)
472:0(9.08e+01)
473:0(4.78e+02)
474:0(1.31e+02)
475:0(4.39e+01)
476:0(1.37e+02)
477:0(8.32e+02)
478:0(1.70e+02)
479:0(1.78e+02)
480:0(2.58e+02)
481:0(2.61e+02)
482:0(1.67e+02)
483:0(2.34e+02)
484:0(3.09e+02)
485:0(2.38e+02)
486:0(6.13e+02)
487:0(1.67e+02)
488:0(1.62e+02)
489:0(8.93e+01)
490:0(3.13e+02)
491:0(1.71e+02)
492:0(1.20e+02)
493:0(8.74e+02)
494:0(1.05e+01)
495:0(2.32e+02)
496:0(8.62e+01)
497:0(3.56e+02)
498:0(2.77e+02)
499:0(2.06e+02)
500:0(1.06e+02)
501:0(1.21e+02)
502:0(4.60e+01)
503:0(1.23e+02)
504:0(9.01e+01)
505:0(2.12e+02)
506:0(5.92e+01)
507:0(1.50e+02)
508:0(2.95e+02)
509:0(1.70e+02)
510:0(3.81e+02)
511:0(9.79e+01)
512:0(6.23e+01)
513:0(5.46e+01)
514:0(2.49e+02)
515:0(3.07e+02)
516:0(7.23e+01)
517:0(2.14e+02)
518:0(5.22e+02)
519:0(2.21e+02)
520:0(1.13e+02)
521:0(4.09e+01)
522:0(4.03e+01)
523:0(1.70e+01)
524:0(2.90e+01)
525:0(2.00e+01)
526:0(1.70e+01)
527:0(8.59e+02)
528:0(3.60e+01)
529:0(8.15e+01)
530:0(2.69e+01)
531:0(2.20e+01)
532:0(9.90e+01)
533:0(1.06e+02)
534:0(1.60e+01)
535:0(3.68e+01)
536:0(2.80e+01)
537:0(7.48e+01)
538:0(6.00e+00)
539:0(2.20e+01)
540:0(2.22e+01)
541:0(1.40e+01)
542:0(1.20e+01)
543:0(2.30e+01)
544:0(7.27e+01)
545:0(3.00e+01)
546:0(2.25e+02)
547:0(8.00e+00)
548:0(2.20e+01)
549:0(2.60e+01)
550:0(1.63e+02)
551:0(3.20e+01)
552:0(7.70e+01)
553:0(3.82e+01)
554:0(1.70e+01)
555:0(1.50e+01)
556:0(4.49e+01)
557:0(1.90e+01)
558:0(1.80e+01)
559:0(2.20e+01)
560:0(3.87e+02)
561:0(2.66e+02)
562:0(6.00e+01)
563:0(1.09e+02)
564:0(6.49e+01)
565:0(7.70e+01)
566:0(5.20e+02)
567:0(1.30e+01)
568:0(9.64e+01)
569:0(2.40e+02)
570:0(2.85e+02)
571:0(7.82e+01)
572:0(6.36e+02)
573:0(5.91e+01)
574:0(1.06e+02)
575:0(4.06e+02)
576:0(1.26e+02)
577:0(4.96e+02)
578:0(2.50e+01)
579:0(4.34e+01)
580:0(3.68e+01)
581:0(3.00e+01)
582:0(2.30e+01)
583:0(2.75e+02)
584:0(1.35e+02)
585:0(4.46e+02)
586:0(2.01e+02)
587:0(4.49e+01)
588:0(1.08e+01)
589:0(2.10e+01)
590:0(1.60e+01)
591:0(2.60e+01)
592:0(5.64e+01)
593:0(6.80e+02)
594:0(6.31e+01)
595:0(2.14e+01)
596:0(1.19e+02)
597:0(2.15e+02)
598:0(8.14e+02)
599:0(1.25e+02)
600:0(6.89e+02)
601:0(2.80e+01)
602:0(5.00e+00)
603:0(1.17e+02)
604:0(1.14e+02)
605:0(7.68e+01)
606:0(7.64e+01)
607:0(1.93e+02)
608:0(1.85e+02)
609:0(1.49e+02)
610:0(8.14e+01)
611:0(3.88e+01)
612:0(2.40e+01)
613:0(7.30e+01)
614:0(2.45e+02)
615:0(3.61e+01)
616:0(3.77e+02)
617:0(5.86e+01)
618:0(6.03e+01)
619:0(9.64e+01)
620:0(1.62e+02)
621:0(7.00e+00)
622:0(3.08e+01)
623:0(1.49e+02)
624:0(3.70e+01)
625:0(3.42e+02)
626:0(3.57e+01)
627:0(3.92e+01)
628:0(6.85e+01)
629:0(2.97e+01)
630:0(4.61e+02)
631:0(1.90e+01)
632:0(7.00e+00)
633:0(2.70e+01)
634:0(2.13e+02)
635:0(1.02e+02)
636:0(5.79e+01)
637:0(4.52e+01)
638:0(3.10e+02)
639:0(3.23e+02)
640:0(9.94e+01)
641:0(7.00e+02)
642:0(1.12e+02)
643:0(3.72e+02)
644:0(8.84e+01)
645:0(5.67e+02)
646:0(2.76e+02)
647:0(4.87e+02)
648:0(9.03e+01)
649:0(7.85e+01)
650:0(5.04e+01)
651:0(1.53e+02)
652:0(1.40e+02)
653:0(6.25e+02)
654:0(1.68e+02)
655:0(2.22e+02)
656:0(1.15e+02)
657:0(2.26e+02)
658:0(1.04e+03)
659:0(7.34e+02)
660:0(3.70e+02)
661:0(1.70e+01)
662:0(4.14e+01)
663:0(2.42e+02)
664:0(4.41e+02)
665:0(5.70e+01)
666:0(1.74e+02)
667:0(1.87e+02)
668:0(4.21e+02)
669:0(2.06e+02)
670:0(1.90e+01)
671:0(3.93e+02)
672:0(7.92e+01)
673:0(1.02e+02)
674:0(7.94e+01)
675:0(3.59e+01)
676:0(1.08e+02)
677:0(2.51e+02)
678:0(2.11e+02)
679:0(7.22e+01)
680:0(2.13e+02)
681:0(1.36e+02)
682:0(3.82e+02)
683:0(1.39e+02)
684:0(9.00e+00)
685:0(4.10e+01)
686:0(2.56e+02)
687:0(5.69e+01)
688:0(1.64e+01)
689:0(2.16e+02)
690:0(1.39e+02)
691:0(9.00e+00)
692:0(6.73e+01)
693:0(6.78e+01)
694:0(2.97e+02)
695:0(2.90e+01)
696:0(2.30e+01)
697:0(5.56e+01)
698:0(1.20e+02)
699:0(3.27e+02)
700:0(2.00e+01)
701:0(4.71e+02)
702:0(2.02e+02)
703:0(2.22e+02)
704:0(5.18e+01)
705:0(1.31e+02)
706:0(4.42e+02)
707:0(2.90e+02)
708:0(3.00e+02)
709:0(1.11e+02)
710:0(3.32e+01)
711:0(2.70e+02)
712:0(1.32e+02)
713:0(1.32e+02)
714:0(5.38e+01)
715:0(2.00e+00)
716:0(1.09e+02)
717:0(1.61e+02)
718:0(7.11e+01)
719:0(7.30e+01)
720:0(2.42e+02)
721:0(3.19e+02)
722:0(1.21e+02)
723:0(7.11e+01)
724:0(1.75e+02)
725:0(7.00e+00)
726:0(1.75e+02)
727:0(1.04e+02)
728:0(2.23e+02)
729:0(7.95e+01)
730:0(1.19e+02)
731:0(2.68e+02)
732:0(5.01e+02)
733:0(3.93e+02)
734:0(3.05e+02)
735:0(4.29e+02)
736:0(1.99e+02)
737:0(2.60e+02)
738:0(3.67e+01)
739:0(1.30e+01)
740:0(2.17e+02)
741:0(9.59e+01)
742:0(4.56e+02)
743:0(3.21e+02)
744:0(2.17e+02)
745:0(3.79e+02)
746:0(6.13e+02)
747:0(2.77e+02)
748:0(3.04e+02)
749:0(2.46e+02)
750:0(1.61e+02)
751:0(8.89e+01)
752:0(2.33e+02)
753:0(1.55e+02)
754:0(2.32e+02)
755:0(1.81e+02)
756:0(1.37e+02)
757:0(2.16e+02)
758:0(3.89e+02)
759:0(3.21e+01)
760:0(4.06e+01)
761:0(1.61e+01)
762:0(3.58e+01)
763:0(6.44e+01)
764:0(4.00e+00)
765:0(5.15e+02)
766:0(2.01e+02)
767:0(8.24e+01)
768:0(5.90e+01)
769:0(1.93e+02)
770:0(1.64e+02)
771:0(3.58e+02)
772:0(2.25e+02)
773:0(6.04e+01)
774:0(1.65e+02)
775:0(2.99e+02)
776:0(7.19e+01)
777:0(1.11e+02)
778:0(4.73e+01)
779:0(2.10e+01)
780:0(4.00e+01)
781:0(4.89e+01)
782:0(4.63e+01)
783:0(6.61e+01)
784:0(5.23e+01)
785:0(3.65e+01)
786:0(4.00e+01)
787:0(2.50e+01)
788:0(1.10e+01)
789:0(1.10e+01)
790:0(8.55e+01)
791:0(1.03e+02)
792:0(5.91e+01)
793:0(8.55e+01)
794:0(2.14e+02)
795:0(1.12e+02)
796:0(1.61e+02)
797:0(2.54e+02)
798:0(1.25e+02)
799:0(1.02e+02)
800:0(3.13e+01)
801:0(1.00e+01)
802:0(1.50e+01)
803:0(1.34e+02)
804:0(1.70e+01)
805:0(1.54e+02)
806:0(1.02e+02)
807:0(5.67e+01)
808:0(4.65e+01)
809:0(7.19e+01)
810:0(4.87e+01)
811:0(6.80e+01)
812:0(1.01e+02)
813:0(4.00e+01)
814:0(3.32e+01)
815:0(1.16e+02)
816:0(1.95e+02)
817:0(2.30e+01)
818:0(1.13e+02)
819:0(7.80e+01)
820:0(4.93e+01)
821:0(1.79e+02)
822:0(1.75e+02)
823:0(2.89e+01)
824:0(2.87e+02)
825:0(2.18e+01)
826:0(8.83e+01)
827:0(8.88e+01)
828:0(1.64e+02)
829:0(2.37e+02)
830:0(1.10e+01)
831:0(1.83e+02)
832:0(9.18e+02)
833:0(6.93e+01)
834:0(6.49e+01)
835:0(2.81e+02)
836:0(4.38e+01)
837:0(7.93e+01)
838:0(8.54e+01)
839:0(1.30e+02)
840:0(4.32e+02)
841:0(4.35e+01)
842:0(1.79e+02)
843:0(4.87e+02)
844:0(1.39e+02)
845:0(1.69e+01)
846:0(2.37e+02)
847:0(3.60e+02)
848:0(7.06e+02)
849:0(1.25e+02)
850:0(2.40e+02)
851:0(3.87e+02)
852:0(5.91e+01)
853:0(1.85e+02)
854:0(2.97e+02)
855:0(6.61e+01)
856:0(9.66e+01)
857:0(1.45e+02)
858:0(2.13e+02)
859:0(2.00e+00)
860:0(3.50e+01)
861:0(4.27e+01)
862:0(2.03e+02)
863:0(7.02e+01)
864:0(9.34e+01)
865:0(2.79e+02)
866:0(1.71e+02)
867:0(5.81e+01)
868:0(1.38e+02)
869:0(1.97e+02)
870:0(1.71e+02)
871:0(1.43e+02)
872:0(6.64e+01)
873:0(1.90e+02)
874:0(5.42e+01)
875:0(1.06e+02)
876:0(4.48e+01)
877:0(1.01e+02)
878:0(2.95e+02)
879:0(1.64e+02)
880:0(1.97e+02)
881:0(6.77e+01)
882:0(4.60e+01)
883:0(9.64e+01)
884:0(9.23e+01)
885:0(1.44e+02)
886:0(2.69e+02)
887:0(9.89e+01)
888:0(3.65e+02)
889:0(2.55e+01)
890:0(2.94e+02)
891:0(4.39e+01)
892:0(9.40e+01)
893:0(8.07e+01)
894:0(1.43e+02)
895:0(7.29e+02)
896:0(5.19e+02)
897:0(5.16e+01)
898:0(3.51e+02)
899:0(1.22e+02)
900:0(3.76e+02)
901:0(5.79e+01)
902:0(8.95e+01)
903:0(4.80e+02)
904:0(1.48e+02)
905:0(3.23e+02)
906:0(1.17e+02)
907:0(8.13e+02)
908:0(4.19e+02)
909:0(3.75e+02)
910:0(2.67e+02)
911:0(1.45e+02)
912:0(3.25e+02)
913:0(1.65e+02)
914:0(1.52e+02)
915:0(7.79e+01)
916:0(5.74e+02)
917:0(1.91e+02)
918:0(4.07e+02)
919:0(4.39e+02)
920:0(2.63e+02)
921:0(6.74e+02)
922:0(4.88e+02)
923:0(2.20e+02)
924:0(3.63e+02)
925:0(6.09e+02)
926:0(3.68e+02)
927:0(1.02e+02)
928:0(1.78e+02)
929:0(3.55e+01)
930:0(4.80e+02)
931:0(3.15e+02)
932:0(5.13e+02)
933:0(5.92e+02)
934:0(1.99e+02)
935:0(1.97e+02)
936:0(4.16e+02)
937:0(4.48e+02)
938:0(2.21e+02)
939:0(1.00e+00)
940:0(2.13e+02)
941:0(2.63e+02)
942:0(1.22e+02)
943:0(1.95e+02)
944:0(3.30e+02)
945:0(1.32e+02)
946:0(1.12e+02)
947:0(7.68e+01)
948:0(4.81e+02)
949:0(3.34e+02)
950:0(3.25e+02)
951:0(6.41e+02)
952:0(2.96e+02)
953:0(8.39e+01)
954:0(1.94e+02)
955:0(2.89e+02)
956:0(2.95e+02)
957:0(1.09e+02)
958:0(2.14e+02)
959:0(1.36e+02)
960:0(5.62e+01)
961:0(1.91e+02)
962:0(9.67e+01)
963:0(1.27e+02)
964:0(1.04e+02)
965:0(4.27e+01)
966:0(2.42e+02)
967:0(2.24e+02)
968:0(3.33e+02)
969:0(2.24e+02)
970:0(2.50e+02)
971:0(3.22e+02)
972:0(1.20e+03)
973:0(8.93e+01)
974:0(3.54e+02)
975:0(9.07e+01)
976:0(1.38e+02)
977:0(5.34e+02)
978:0(4.51e+02)
979:0(2.50e+02)
980:0(3.81e+02)
981:0(2.84e+02)
982:0(4.42e+01)
983:0(2.35e+02)
984:0(2.69e+02)
985:0(1.73e+02)
986:0(3.35e+02)
987:0(6.92e+01)
988:0(3.89e+02)
989:0(5.60e+02)
990:0(1.60e+03)
991:0(9.15e+01)
992:0(1.22e+03)
993:0(2.03e+02)
994:0(1.89e+02)
995:0(2.88e+02)
996:0(3.93e+01)
997:0(4.23e+01)
998:0(4.84e+02)
999:0(2.90e+02)
1000:0(3.35e+02)
1001:0(3.77e+02)
1002:0(1.50e+02)
1003:0(7.80e+01)
1004:0(5.21e+02)
1005:0(9.15e+01)
1006:0(3.51e+01)
1007:0(3.48e+02)
1008:0(2.38e+02)
1009:0(5.98e+02)
1010:0(2.31e+02)
1011:0(6.66e+01)
1012:0(3.66e+02)
1013:0(1.96e+01)
1014:0(1.00e+02)
1015:0(1.72e+02)
1016:0(2.06e+02)
1017:0(1.55e+02)
1018:0(1.27e+02)
1019:0(2.18e+02)
1020:0(4.60e+01)
1021:0(3.34e+01)
1022:0(4.71e+02)
1023:0(2.97e+02)
1024:0(1.04e+02)
1025:0(7.80e+01)
1026:0(4.89e+02)
1027:0(1.25e+02)
1028:0(4.25e+02)
1029:0(9.99e+01)
1030:0(4.50e+02)
1031:0(6.11e+01)
1032:0(1.21e+02)
1033:0(2.89e+02)
1034:0(1.22e+02)
1035:0(1.46e+02)
1036:0(2.53e+02)
1037:0(2.79e+02)
1038:0(4.50e+02)
1039:0(4.69e+02)
1040:0(4.34e+02)
1041:0(1.23e+02)
1042:0(3.81e+01)
1043:0(3.06e+02)
1044:0(3.11e+01)
1045:0(3.51e+02)
1046:0(2.29e+01)
1047:0(1.48e+02)
1048:0(1.35e+02)
1049:0(9.64e+01)
1050:0(3.01e+02)
1051:0(4.11e+02)
1052:0(9.80e+01)
1053:0(1.05e+02)
1054:0(1.00e+02)
1055:0(3.97e+02)
1056:0(2.45e+02)
1057:0(1.97e+02)
1058:0(1.39e+02)
1059:0(3.22e+02)
1060:0(8.68e+02)
1061:0(5.78e+01)
1062:0(1.45e+02)
1063:0(2.64e+02)
1064:0(3.81e+01)
1065:0(3.07e+02)
1066:0(1.42e+02)
1067:0(1.35e+02)
1068:0(7.84e+02)
1069:0(1.04e+02)
1070:0(8.17e+02)
1071:0(7.86e+01)
1072:0(1.73e+02)
1073:0(6.04e+01)
1074:0(3.29e+02)
1075:0(1.03e+02)
1076:0(2.37e+02)
1077:0(1.45e+02)
1078:0(1.29e+02)
1079:0(4.72e+02)
1080:0(2.86e+02)
1081:0(4.17e+02)
1082:0(4.20e+01)
1083:0(2.29e+02)
1084:0(3.11e+02)
1085:0(8.40e+01)
1086:0(1.04e+02)
1087:0(3.03e+02)
1088:0(2.31e+02)
1089:0(2.51e+01)
1090:0(8.97e+01)
1091:0(4.46e+01)
1092:0(2.28e+02)
1093:0(2.17e+02)
1094:0(1.22e+02)
1095:0(6.76e+01)
1096:0(3.26e+01)
1097:0(2.62e+02)
1098:0(7.59e+01)
1099:0(3.84e+01)
1100:0(1.56e+02)
1101:0(3.20e+02)
INFO: s3mixw_io.c(232): Wrote /home/xkrajnan/Plocha/GSoC/PocketSphinx/an4/model_parameters/an4.cd_cont_initial/mixture_weights [1102x1x2 array]
INFO: s3gau_io.c(226): Wrote /home/xkrajnan/Plocha/GSoC/PocketSphinx/an4/model_parameters/an4.cd_cont_initial/means [1102x1x2 array]
INFO: s3gau_io.c(226): Wrote /home/xkrajnan/Plocha/GSoC/PocketSphinx/an4/model_parameters/an4.cd_cont_initial/variances [1102x1x2 array]
Tue May 31 10:46:17 2011
