INFO: cmd_ln.c(691): Parsing command line:
/home/xkrajnan/Plocha/GSoC/PocketSphinx/an4/bin/inc_comp \
	-ninc 2 \
	-dcountfn /home/xkrajnan/Plocha/GSoC/PocketSphinx/an4/model_parameters/an4.cd_cont_1000/mixture_weights \
	-inmixwfn /home/xkrajnan/Plocha/GSoC/PocketSphinx/an4/model_parameters/an4.cd_cont_1000/mixture_weights \
	-outmixwfn /home/xkrajnan/Plocha/GSoC/PocketSphinx/an4/model_parameters/an4.cd_cont_initial/mixture_weights \
	-inmeanfn /home/xkrajnan/Plocha/GSoC/PocketSphinx/an4/model_parameters/an4.cd_cont_1000/means \
	-outmeanfn /home/xkrajnan/Plocha/GSoC/PocketSphinx/an4/model_parameters/an4.cd_cont_initial/means \
	-invarfn /home/xkrajnan/Plocha/GSoC/PocketSphinx/an4/model_parameters/an4.cd_cont_1000/variances \
	-outvarfn /home/xkrajnan/Plocha/GSoC/PocketSphinx/an4/model_parameters/an4.cd_cont_initial/variances \
	-fullvar no 

Current configuration:
[NAME]		[DEFLT]	[VALUE]
-dcountfn		/home/xkrajnan/Plocha/GSoC/PocketSphinx/an4/model_parameters/an4.cd_cont_1000/mixture_weights
-example	no	no
-fullvar	no	no
-help		no	no
-inmeanfn		/home/xkrajnan/Plocha/GSoC/PocketSphinx/an4/model_parameters/an4.cd_cont_1000/means
-inmixwfn		/home/xkrajnan/Plocha/GSoC/PocketSphinx/an4/model_parameters/an4.cd_cont_1000/mixture_weights
-invarfn		/home/xkrajnan/Plocha/GSoC/PocketSphinx/an4/model_parameters/an4.cd_cont_1000/variances
-ninc		1	2
-outmeanfn		/home/xkrajnan/Plocha/GSoC/PocketSphinx/an4/model_parameters/an4.cd_cont_initial/means
-outmixwfn		/home/xkrajnan/Plocha/GSoC/PocketSphinx/an4/model_parameters/an4.cd_cont_initial/mixture_weights
-outvarfn		/home/xkrajnan/Plocha/GSoC/PocketSphinx/an4/model_parameters/an4.cd_cont_initial/variances

INFO: main.c(85): Reading mixing weight file /home/xkrajnan/Plocha/GSoC/PocketSphinx/an4/model_parameters/an4.cd_cont_1000/mixture_weights.
INFO: s3mixw_io.c(116): Read /home/xkrajnan/Plocha/GSoC/PocketSphinx/an4/model_parameters/an4.cd_cont_1000/mixture_weights [1102x1x2 array]
INFO: s3gau_io.c(166): Read /home/xkrajnan/Plocha/GSoC/PocketSphinx/an4/model_parameters/an4.cd_cont_1000/means [1102x1x2 array]
INFO: s3gau_io.c(166): Read /home/xkrajnan/Plocha/GSoC/PocketSphinx/an4/model_parameters/an4.cd_cont_1000/variances [1102x1x2 array]
INFO: s3gau_io.c(550): Read /home/xkrajnan/Plocha/GSoC/PocketSphinx/an4/model_parameters/an4.cd_cont_1000/mixture_weights [1102x1x2 array]
INFO: main.c(151): output n_density == 4
0:0(1.09e+03)1(9.56e+02)
1:0(8.33e+02)1(5.08e+02)
2:1(1.24e+03)0(9.13e+02)
3:1(5.02e+01)0(2.10e+01)
4:0(2.31e+01)1(1.51e+01)
5:0(1.65e+01)1(1.40e+01)
6:0(2.13e+03)1(8.92e+02)
7:1(1.29e+03)0(9.74e+02)
8:1(3.03e+03)0(1.59e+03)
9:1(2.28e+02)0(2.19e+02)
10:0(5.35e+02)1(4.14e+02)
11:1(4.52e+02)0(3.88e+02)
12:1(1.24e+02)0(1.08e+02)
13:0(3.68e+02)1(3.59e+02)
14:1(2.27e+02)0(1.77e+02)
15:1(1.87e+03)0(1.56e+03)
16:1(2.70e+03)0(2.39e+03)
17:0(2.01e+03)1(1.47e+03)
18:1(1.22e+03)0(5.73e+02)
19:1(4.06e+02)0(2.06e+02)
20:1(2.73e+02)0(2.72e+02)
21:1(3.63e+02)0(3.61e+02)
22:0(4.36e+02)1(3.29e+02)
23:1(8.95e+02)0(6.86e+02)
24:1(7.39e+02)0(7.25e+02)
25:1(4.63e+02)0(3.47e+02)
26:1(2.75e+02)0(1.84e+02)
27:0(3.41e+03)1(3.25e+03)
28:0(2.51e+03)1(2.25e+03)
29:1(3.59e+03)0(2.44e+03)
30:0(2.83e+02)1(1.01e+02)
31:1(3.90e+02)0(2.04e+02)
32:1(7.08e+02)0(4.15e+02)
33:1(1.91e+03)0(1.64e+03)
34:1(2.51e+03)0(2.21e+03)
35:1(1.22e+03)0(8.98e+02)
36:1(1.79e+03)0(1.70e+03)
37:0(2.11e+03)1(1.45e+03)
38:0(8.08e+02)1(6.93e+02)
39:0(1.31e+02)1(5.83e+01)
40:0(6.32e+01)1(3.87e+01)
41:0(2.24e+01)1(1.95e+01)
42:0(1.10e+03)1(9.07e+02)
43:0(3.40e+02)1(3.27e+02)
44:1(4.07e+02)0(4.05e+02)
45:1(6.70e+02)0(5.13e+02)
46:1(4.67e+02)0(4.11e+02)
47:1(5.78e+02)0(5.73e+02)
48:1(2.77e+03)0(2.43e+03)
49:1(2.32e+03)0(2.06e+03)
50:0(9.55e+03)1(5.69e+03)
51:0(7.91e+02)1(6.28e+02)
52:1(3.31e+02)0(2.54e+02)
53:0(4.07e+02)1(2.94e+02)
54:1(6.27e+02)0(6.04e+02)
55:0(9.63e+02)1(6.91e+02)
56:1(6.47e+02)0(5.27e+02)
57:1(5.98e+02)0(3.81e+02)
58:1(1.14e+03)0(2.64e+02)
59:0(8.27e+02)1(6.01e+02)
60:0(2.96e+02)1(2.43e+02)
61:0(2.04e+02)1(1.90e+02)
62:0(6.30e+02)1(3.89e+02)
63:0(2.06e+03)1(1.43e+03)
64:0(2.36e+03)1(2.03e+03)
65:1(2.89e+03)0(1.99e+03)
66:1(1.49e+03)0(9.83e+02)
67:0(1.66e+03)1(1.29e+03)
68:1(1.04e+03)0(8.65e+02)
69:1(8.99e+02)0(4.96e+02)
70:0(4.14e+02)1(2.23e+02)
71:1(3.92e+02)0(2.84e+02)
72:0(1.96e+03)1(1.71e+03)
73:0(1.41e+03)1(9.64e+02)
74:0(1.59e+03)1(8.46e+02)
75:0(3.16e+03)1(2.63e+03)
76:1(4.69e+03)0(2.50e+03)
77:0(1.79e+03)1(1.67e+03)
78:0(7.18e+03)1(5.15e+03)
79:1(6.06e+03)0(4.72e+03)
80:1(1.18e+04)0(9.94e+03)
81:1(2.37e+03)0(1.14e+03)
82:1(2.85e+03)0(2.45e+03)
83:0(2.57e+03)1(2.49e+03)
84:0(1.05e+03)1(9.44e+02)
85:1(4.31e+02)0(3.08e+02)
86:1(2.55e+02)0(2.50e+02)
87:1(1.23e+03)0(6.60e+02)
88:1(1.40e+03)0(1.14e+03)
89:0(1.47e+03)1(1.34e+03)
90:1(7.83e+02)0(7.27e+02)
91:0(7.24e+02)1(4.97e+02)
92:0(1.13e+03)1(7.97e+02)
93:1(8.59e+02)0(7.28e+02)
94:0(6.50e+02)1(4.91e+02)
95:0(5.92e+02)1(4.35e+02)
96:0(1.12e+03)1(6.26e+02)
97:0(9.38e+02)1(3.10e+02)
98:0(5.18e+02)1(2.22e+02)
99:0(3.35e+02)1(2.84e+02)
100:0(2.60e+02)1(1.41e+02)
101:0(2.57e+02)1(2.32e+02)
102:0(3.77e+02)1(1.49e+02)
103:0(2.22e+02)1(9.43e+01)
104:0(9.90e+01)1(7.51e+01)
105:1(4.26e+01)0(3.15e+01)
106:0(2.34e+02)1(2.13e+02)
107:1(2.61e+02)0(2.54e+02)
108:1(2.43e+02)0(1.35e+02)
109:0(1.25e+02)1(1.13e+02)
110:0(5.50e+01)1(4.09e+01)
111:0(1.57e+02)1(1.21e+02)
112:0(2.18e+02)1(1.33e+02)
113:1(3.33e+02)0(2.36e+02)
114:1(5.59e+01)0(3.79e+01)
115:1(2.40e+02)0(1.65e+02)
116:1(2.28e+01)0(1.68e+01)
117:1(6.71e+01)0(5.55e+01)
118:1(3.49e+02)0(2.85e+02)
119:1(5.33e+01)0(5.01e+01)
120:0(2.92e+01)1(2.04e+01)
121:0(2.57e+01)1(2.30e+01)
122:1(4.65e+01)0(4.51e+01)
123:1(1.00e+01)0(9.00e+00)
124:0(3.19e+01)1(2.03e+01)
125:0(2.31e+01)1(1.51e+01)
126:0(1.65e+01)1(1.40e+01)
127:0(7.39e+01)1(2.66e+01)
128:0(1.59e+02)1(1.15e+02)
129:0(3.84e+01)1(2.53e+01)
130:1(1.14e+02)0(6.91e+01)
131:0(1.12e+02)1(8.94e+01)
132:0(5.92e+01)1(4.20e+01)
133:0(3.69e+02)1(2.71e+02)
134:1(6.08e+01)0(5.27e+01)
135:0(6.60e+01)1(5.89e+01)
136:1(7.31e+01)0(4.43e+01)
137:1(1.00e+01)0(7.00e+00)
138:1(1.63e+02)0(1.45e+02)
139:1(7.85e+01)0(6.28e+01)
140:1(3.82e+02)0(2.59e+02)
141:1(6.16e+01)0(5.37e+01)
142:1(1.68e+02)0(9.94e+01)
143:0(3.28e+02)1(2.32e+02)
144:1(6.30e+01)0(5.23e+01)
145:1(5.31e+01)0(4.68e+01)
146:1(2.42e+02)0(1.91e+02)
147:1(8.44e+01)0(7.57e+01)
148:1(2.97e+02)0(2.18e+02)
149:0(7.23e+01)1(3.60e+01)
150:1(9.17e+01)0(6.63e+01)
151:0(1.10e+01)1(9.98e+00)
152:1(7.82e+01)0(6.33e+01)
153:0(2.72e+02)1(1.74e+02)
154:0(4.55e+02)1(1.92e+02)
155:1(1.80e+01)0(9.00e+00)
156:0(9.36e+01)1(8.84e+01)
157:0(2.39e+01)1(1.61e+01)
158:1(3.65e+01)0(2.67e+01)
159:0(3.98e+01)1(2.00e+01)
160:0(1.50e+02)1(1.17e+02)
161:1(7.40e+01)0(4.85e+01)
162:0(1.73e+02)1(1.08e+02)
163:0(1.50e+01)1(1.30e+01)
164:1(2.77e+01)0(1.90e+01)
165:1(2.16e+02)0(1.80e+02)
166:1(1.90e+01)0(7.00e+00)
167:1(1.19e+02)0(1.05e+02)
168:1(6.58e+01)0(6.12e+01)
169:0(1.52e+01)1(1.30e+01)
170:1(3.40e+01)0(1.80e+01)
171:1(5.93e+01)0(4.49e+01)
172:1(2.45e+02)0(1.69e+02)
173:1(6.79e+01)0(6.71e+01)
174:0(1.98e+01)1(1.80e+01)
175:1(6.54e+01)0(4.93e+01)
176:0(7.06e+01)1(5.21e+01)
177:0(3.44e+01)1(2.70e+01)
178:1(3.35e+01)0(2.85e+01)
179:1(3.79e+01)0(3.38e+01)
180:1(2.28e+02)0(2.19e+02)
181:0(5.35e+02)1(4.14e+02)
182:1(4.52e+02)0(3.88e+02)
183:0(1.04e+02)1(9.73e+01)
184:0(1.79e+01)1(1.35e+01)
185:1(3.29e+02)0(3.15e+02)
186:1(5.10e+01)0(3.06e+01)
187:1(2.18e+02)0(1.58e+02)
188:1(1.52e+01)0(1.28e+01)
189:1(1.11e+02)0(4.95e+01)
190:1(7.92e+01)0(6.54e+01)
191:1(4.08e+02)0(3.67e+02)
192:0(2.39e+02)1(1.95e+02)
193:0(3.41e+01)1(2.42e+01)
194:0(3.45e+02)1(2.02e+02)
195:1(1.16e+01)0(1.11e+01)
196:0(2.00e+00)1(2.00e+00)
197:0(2.55e+01)1(1.15e+01)
198:0(2.26e+02)1(1.99e+02)
199:0(1.18e+01)1(7.00e+00)
200:0(6.42e+01)1(4.66e+01)
201:0(4.06e+02)1(2.87e+02)
202:1(8.04e+00)0(4.96e+00)
203:0(6.42e+02)1(4.23e+02)
204:1(3.07e+02)0(3.04e+02)
205:1(1.40e+01)0(1.30e+01)
206:1(2.70e+01)0(2.40e+01)
207:1(2.37e+01)0(1.20e+01)
208:1(1.00e+01)0(9.00e+00)
209:1(1.00e+01)0(8.00e+00)
210:0(2.31e+01)1(2.01e+01)
211:1(7.00e+00)0(5.00e+00)
212:0(3.02e+01)1(1.30e+01)
213:1(1.22e+02)0(7.90e+01)
214:0(8.00e+00)1(6.00e+00)
215:1(7.00e+00)0(5.00e+00)
216:0(1.06e+02)1(9.95e+01)
217:1(3.80e+01)0(2.26e+01)
218:1(3.97e+01)0(3.89e+01)
219:0(1.10e+01)1(1.00e+01)
220:0(9.67e+01)1(8.14e+01)
221:1(5.10e+01)0(4.73e+01)
222:0(1.90e+01)1(1.20e+01)
223:0(2.62e+01)1(1.85e+01)
224:1(1.60e+01)0(9.00e+00)
225:0(8.42e+02)1(8.39e+02)
226:0(1.10e+01)1(8.00e+00)
227:0(9.75e+01)1(8.05e+01)
228:0(2.80e+01)1(2.65e+01)
229:1(6.66e+01)0(3.89e+01)
230:0(6.10e+01)1(5.32e+01)
231:0(2.19e+01)1(1.32e+01)
232:1(5.62e+02)0(4.11e+02)
233:1(1.20e+01)0(1.10e+01)
234:0(3.67e+01)1(2.87e+01)
235:1(1.47e+02)0(1.36e+02)
236:1(1.29e+02)0(1.12e+02)
237:1(2.59e+01)0(2.24e+01)
238:1(4.83e+01)0(4.60e+01)
239:1(1.06e+02)0(5.99e+01)
240:1(2.09e+01)0(1.82e+01)
241:1(3.01e+02)0(2.97e+02)
242:1(5.93e+01)0(5.26e+01)
243:1(2.16e+02)0(9.65e+01)
244:0(2.75e+02)1(2.59e+02)
245:0(6.03e+01)1(3.22e+01)
246:1(8.24e+01)0(6.59e+01)
247:0(1.94e+02)1(1.78e+02)
248:0(3.16e+02)1(2.10e+02)
249:1(3.93e+02)0(2.56e+02)
250:0(1.20e+02)1(8.43e+01)
251:0(6.70e+01)1(6.30e+01)
252:1(8.03e+01)0(5.32e+01)
253:1(7.96e+01)0(6.49e+01)
254:1(7.18e+01)0(7.09e+01)
255:1(7.89e+01)0(5.84e+01)
256:0(1.45e+02)1(1.21e+02)
257:0(1.81e+02)1(1.71e+02)
258:0(1.89e+02)1(1.83e+02)
259:0(2.65e+02)1(2.05e+02)
260:0(1.67e+02)1(1.29e+02)
261:1(2.82e+02)0(2.40e+02)
262:1(1.86e+02)0(9.64e+01)
263:1(4.36e+02)0(3.39e+02)
264:0(4.97e+01)1(3.34e+01)
265:1(1.14e+02)0(8.77e+01)
266:0(4.16e+01)1(2.05e+01)
267:1(1.69e+02)0(1.26e+02)
268:1(4.50e+01)0(3.47e+01)
269:1(8.03e+01)0(5.20e+01)
270:1(1.92e+01)0(8.00e+00)
271:1(1.89e+01)0(1.51e+01)
272:1(2.35e+01)0(1.70e+01)
273:0(4.80e+01)1(1.21e+01)
274:1(1.33e+02)0(6.60e+01)
275:0(1.41e+02)1(1.08e+02)
276:1(3.50e+01)0(3.08e+01)
277:1(3.35e+01)0(3.01e+01)
278:1(2.02e+02)0(1.12e+02)
279:1(8.99e+01)0(8.33e+01)
280:1(9.98e+01)0(9.29e+01)
281:1(1.56e+02)0(1.17e+02)
282:1(3.79e+01)0(2.66e+01)
283:0(8.02e+01)1(4.16e+01)
284:1(2.80e+02)0(2.39e+02)
285:1(3.21e+01)0(1.67e+01)
286:0(2.77e+01)1(1.90e+01)
287:1(2.89e+01)0(2.17e+01)
288:0(1.55e+02)1(6.13e+01)
289:0(5.77e+02)1(4.77e+02)
290:0(4.02e+02)1(2.63e+02)
291:0(1.27e+02)1(5.90e+01)
292:1(1.34e+02)0(1.05e+02)
293:0(1.15e+02)1(8.60e+01)
294:0(5.29e+01)1(2.42e+01)
295:1(2.28e+02)0(1.65e+02)
296:0(6.22e+01)1(6.01e+01)
297:1(1.68e+02)0(1.35e+02)
298:1(1.79e+02)0(1.32e+02)
299:1(1.01e+02)0(8.14e+01)
300:1(5.34e+02)0(4.16e+02)
301:1(3.21e+02)0(2.40e+02)
302:1(2.07e+02)0(1.33e+02)
303:1(4.68e+01)0(3.49e+01)
304:0(4.54e+01)1(2.52e+01)
305:1(2.33e+01)0(2.08e+01)
306:0(2.89e+02)1(2.43e+02)
307:1(2.91e+02)0(2.66e+02)
308:1(5.93e+01)0(3.61e+01)
309:1(3.09e+01)0(2.84e+01)
310:0(2.41e+02)1(1.68e+02)
311:0(1.27e+01)1(8.00e+00)
312:0(3.16e+02)1(1.69e+02)
313:0(2.05e+02)1(1.52e+02)
314:1(1.10e+01)0(9.00e+00)
315:0(2.13e+02)1(1.12e+02)
316:0(1.91e+02)1(1.46e+02)
317:1(2.75e+02)0(2.13e+02)
318:0(2.33e+02)1(2.27e+02)
319:0(1.20e+01)1(1.00e+01)
320:0(3.61e+01)1(1.72e+01)
321:0(4.43e+01)1(3.24e+01)
322:1(1.29e+01)0(1.20e+01)
323:0(2.23e+02)1(2.11e+02)
324:1(2.50e+02)0(1.65e+02)
325:1(3.56e+02)0(3.40e+02)
326:1(1.41e+02)0(1.31e+02)
327:1(6.93e+01)0(4.42e+01)
328:1(5.12e+01)0(3.74e+01)
329:0(3.73e+01)1(2.46e+01)
330:1(6.88e+01)0(6.87e+01)
331:0(1.48e+02)1(1.38e+02)
332:1(2.32e+02)0(2.25e+02)
333:1(2.04e+01)0(1.76e+01)
334:1(2.56e+02)0(2.36e+02)
335:1(3.22e+01)0(2.01e+01)
336:0(2.02e+01)1(9.00e+00)
337:0(6.89e+01)1(4.68e+01)
338:1(2.19e+01)0(2.11e+01)
339:0(1.09e+01)1(1.02e+01)
340:1(3.11e+01)0(2.50e+01)
341:0(2.84e+02)1(2.04e+02)
342:0(8.90e+01)1(5.01e+01)
343:1(1.86e+02)0(1.35e+02)
344:1(4.45e+01)0(3.91e+01)
345:1(2.34e+02)0(2.07e+02)
346:1(1.31e+01)0(9.98e+00)
347:1(2.06e+02)0(1.20e+02)
348:0(3.13e+01)1(2.93e+01)
349:1(7.27e+01)0(6.32e+01)
350:1(3.84e+02)0(2.46e+02)
351:1(6.37e+01)0(3.82e+01)
352:0(1.58e+02)1(1.25e+02)
353:0(7.17e+01)1(5.69e+01)
354:1(2.60e+02)0(1.78e+02)
355:1(1.53e+01)0(1.17e+01)
356:0(8.00e+00)1(4.00e+00)
357:1(3.17e+02)0(2.23e+02)
358:1(1.17e+02)0(1.03e+02)
359:1(7.00e+00)0(1.00e+00)
360:0(2.94e+01)1(1.79e+01)
361:1(3.45e+01)0(3.45e+01)
362:1(7.00e+00)0(5.00e+00)
363:1(1.24e+02)0(5.32e+01)
364:0(2.30e+01)1(1.59e+01)
365:0(9.39e+01)1(8.18e+01)
366:1(1.96e+02)0(1.55e+02)
367:1(6.94e+01)0(2.51e+01)
368:0(1.05e+02)1(9.42e+01)
369:1(1.06e+02)0(8.93e+01)
370:0(1.54e+02)1(1.49e+02)
371:1(2.07e+02)0(1.75e+02)
372:1(4.84e+02)0(3.90e+02)
373:1(1.25e+02)0(1.11e+02)
374:0(3.21e+02)1(2.60e+02)
375:0(8.53e+01)1(7.71e+01)
376:1(1.02e+02)0(8.79e+01)
377:1(1.01e+02)0(8.40e+01)
378:0(1.81e+02)1(1.53e+02)
379:0(5.00e+00)1(4.00e+00)
380:1(2.35e+02)0(2.09e+02)
381:0(1.14e+02)1(9.49e+01)
382:0(6.03e+01)1(3.99e+01)
383:0(1.05e+02)1(8.88e+01)
384:1(8.11e+02)0(6.83e+02)
385:1(1.42e+02)0(1.09e+02)
386:1(1.40e+01)0(6.00e+00)
387:1(9.24e+01)0(6.55e+01)
388:1(2.27e+01)0(1.53e+01)
389:0(4.12e+01)1(3.38e+01)
390:0(6.87e+01)1(4.96e+01)
391:0(5.78e+01)1(4.67e+01)
392:1(4.91e+01)0(4.00e+01)
393:0(6.92e+01)1(5.19e+01)
394:0(1.37e+02)1(7.67e+01)
395:0(7.78e+01)1(7.36e+01)
396:0(1.90e+01)1(1.83e+01)
397:0(7.45e+01)1(6.47e+01)
398:0(2.90e+01)1(2.00e+01)
399:0(7.97e+01)1(5.14e+01)
400:0(8.63e+01)1(8.15e+01)
401:0(9.28e+01)1(6.96e+01)
402:1(9.00e+01)0(4.07e+01)
403:1(1.55e+02)0(9.81e+01)
404:1(2.72e+01)0(1.89e+01)
405:1(3.65e+02)0(2.75e+02)
406:0(3.23e+02)1(2.63e+02)
407:1(3.78e+01)0(2.47e+01)
408:1(2.47e+02)0(2.37e+02)
409:1(4.30e+01)0(3.47e+01)
410:0(1.76e+02)1(1.31e+02)
411:0(4.01e+02)1(2.39e+02)
412:0(2.01e+02)1(1.76e+02)
413:1(9.23e+01)0(8.85e+01)
414:0(4.10e+01)1(3.91e+01)
415:0(9.62e+01)1(7.85e+01)
416:0(5.33e+01)1(3.65e+01)
417:0(3.52e+01)1(1.72e+01)
418:0(2.62e+02)1(2.34e+02)
419:0(1.68e+02)1(1.66e+02)
420:0(7.27e+01)1(5.17e+01)
421:0(1.79e+02)1(1.52e+02)
422:0(5.55e+01)1(4.61e+01)
423:1(1.36e+02)0(1.30e+02)
424:0(5.36e+02)1(3.63e+02)
425:1(7.62e+01)0(6.76e+01)
426:1(1.99e+01)0(1.41e+01)
427:0(2.24e+02)1(1.26e+02)
428:0(6.51e+01)1(5.79e+01)
429:0(3.55e+02)1(3.20e+02)
430:0(1.09e+02)1(9.36e+01)
431:0(2.51e+02)1(1.86e+02)
432:1(1.38e+02)0(1.34e+02)
433:0(6.83e+01)1(4.24e+01)
434:1(4.80e+01)0(4.11e+01)
435:0(9.82e+01)1(6.02e+01)
436:0(1.82e+02)1(1.50e+02)
437:1(2.80e+02)0(2.57e+02)
438:1(7.00e+00)0(3.00e+00)
439:0(1.24e+02)1(5.53e+01)
440:1(1.10e+01)0(1.00e+01)
441:0(4.49e+01)1(3.60e+01)
442:0(2.24e+01)1(1.95e+01)
443:0(8.03e+01)1(7.67e+01)
444:0(1.60e+02)1(1.07e+02)
445:0(4.77e+02)1(3.52e+02)
446:0(9.60e+01)1(9.14e+01)
447:1(1.33e+02)0(6.47e+01)
448:0(1.12e+02)1(5.07e+01)
449:1(1.71e+01)0(9.87e+00)
450:1(5.50e+01)0(1.60e+01)
451:0(8.14e+01)1(3.08e+01)
452:0(5.65e+01)1(5.13e+01)
453:1(8.68e+01)0(3.88e+01)
454:0(2.38e+01)1(1.98e+01)
455:0(1.06e+02)1(9.25e+01)
456:1(4.97e+01)0(2.72e+01)
457:1(5.71e+01)0(5.63e+01)
458:0(9.67e+01)1(5.21e+01)
459:0(9.77e+01)1(9.72e+01)
460:0(4.84e+01)1(3.03e+01)
461:0(1.22e+02)1(1.20e+02)
462:0(7.57e+01)1(4.38e+01)
463:1(1.52e+01)0(1.20e+01)
464:0(2.28e+02)1(2.02e+02)
465:1(2.81e+01)0(2.34e+01)
466:0(2.72e+02)1(2.46e+02)
467:0(5.08e+01)1(3.98e+01)
468:1(4.81e+01)0(4.49e+01)
469:1(1.67e+01)0(1.50e+01)
470:1(9.88e+01)0(8.74e+01)
471:1(6.29e+01)0(4.72e+01)
472:0(4.64e+01)1(4.33e+01)
473:1(2.49e+02)0(2.12e+02)
474:0(8.24e+01)1(6.77e+01)
475:0(1.70e+01)1(1.20e+01)
476:1(6.30e+01)0(5.78e+01)
477:1(4.10e+02)0(3.11e+02)
478:0(7.41e+01)1(5.69e+01)
479:0(9.87e+01)1(9.10e+01)
480:1(1.42e+02)0(1.19e+02)
481:1(1.65e+02)0(1.35e+02)
482:0(8.87e+01)1(7.33e+01)
483:0(1.30e+02)1(1.19e+02)
484:1(1.51e+02)0(1.38e+02)
485:0(1.32e+02)1(1.15e+02)
486:0(3.83e+02)1(3.03e+02)
487:0(1.01e+02)1(9.04e+01)
488:1(8.82e+01)0(6.81e+01)
489:1(4.91e+01)0(4.29e+01)
490:0(1.69e+02)1(1.59e+02)
491:0(9.90e+01)1(6.80e+01)
492:1(7.39e+01)0(5.16e+01)
493:0(5.15e+02)1(3.27e+02)
494:1(7.00e+00)0(6.00e+00)
495:0(1.16e+02)1(9.25e+01)
496:1(5.89e+01)0(2.50e+01)
497:0(2.18e+02)1(1.30e+02)
498:0(1.33e+02)1(1.29e+02)
499:1(1.40e+02)0(1.20e+02)
500:0(5.85e+01)1(4.34e+01)
501:0(7.72e+01)1(7.33e+01)
502:0(2.97e+01)1(1.93e+01)
503:0(7.72e+01)1(6.59e+01)
504:0(5.54e+01)1(4.71e+01)
505:0(1.09e+02)1(1.01e+02)
506:0(3.72e+01)1(2.77e+01)
507:0(1.08e+02)1(1.00e+02)
508:1(2.51e+02)0(1.15e+02)
509:1(1.24e+02)0(9.91e+01)
510:1(2.62e+02)0(1.85e+02)
511:1(5.22e+01)0(4.67e+01)
512:1(3.85e+01)0(2.68e+01)
513:1(3.13e+01)0(2.22e+01)
514:1(1.41e+02)0(1.11e+02)
515:1(1.96e+02)0(1.24e+02)
516:0(3.45e+01)1(3.07e+01)
517:1(1.63e+02)0(8.05e+01)
518:0(3.20e+02)1(2.36e+02)
519:1(1.68e+02)0(1.11e+02)
520:0(6.91e+01)1(5.14e+01)
521:1(2.66e+01)0(1.24e+01)
522:0(2.77e+01)1(1.33e+01)
523:1(1.10e+01)0(6.00e+00)
524:0(2.10e+01)1(8.00e+00)
525:1(1.60e+01)0(4.00e+00)
526:1(1.10e+01)0(6.00e+00)
527:1(3.75e+02)0(3.48e+02)
528:0(1.90e+01)1(1.70e+01)
529:1(4.05e+01)0(3.28e+01)
530:0(1.80e+01)1(9.00e+00)
531:0(1.30e+01)1(9.00e+00)
532:0(6.22e+01)1(3.58e+01)
533:0(5.89e+01)1(4.39e+01)
534:1(1.20e+01)0(4.00e+00)
535:1(1.90e+01)0(1.60e+01)
536:0(1.76e+01)1(1.03e+01)
537:0(5.70e+01)1(1.80e+01)
538:0(3.00e+00)1(3.00e+00)
539:0(1.41e+01)1(7.87e+00)
540:0(1.50e+01)1(8.00e+00)
541:0(8.00e+00)1(6.00e+00)
542:1(7.00e+00)0(5.00e+00)
543:0(1.60e+01)1(7.00e+00)
544:0(4.02e+01)1(3.10e+01)
545:0(1.69e+01)1(1.31e+01)
546:1(1.12e+02)0(1.12e+02)
547:0(5.00e+00)1(3.00e+00)
548:0(1.35e+01)1(8.50e+00)
549:0(1.70e+01)1(9.00e+00)
550:1(8.32e+01)0(6.56e+01)
551:0(1.90e+01)1(1.30e+01)
552:0(4.50e+01)1(3.94e+01)
553:0(1.90e+01)1(1.80e+01)
554:1(9.04e+00)0(7.96e+00)
555:1(1.20e+01)0(4.00e+00)
556:0(2.53e+01)1(2.01e+01)
557:0(1.40e+01)1(3.00e+00)
558:0(1.50e+01)1(3.00e+00)
559:1(1.21e+01)0(9.88e+00)
560:0(2.18e+02)1(1.88e+02)
561:1(1.34e+02)0(1.34e+02)
562:0(3.45e+01)1(2.59e+01)
563:0(7.89e+01)1(3.19e+01)
564:0(3.57e+01)1(3.00e+01)
565:1(5.54e+01)0(2.73e+01)
566:0(3.09e+02)1(2.02e+02)
567:1(9.00e+00)0(5.00e+00)
568:1(5.25e+01)0(4.41e+01)
569:1(1.62e+02)0(1.34e+02)
570:0(1.58e+02)1(1.57e+02)
571:0(4.43e+01)1(3.87e+01)
572:1(3.55e+02)0(3.05e+02)
573:0(3.15e+01)1(3.14e+01)
574:1(6.46e+01)0(4.60e+01)
575:0(1.99e+02)1(1.92e+02)
576:1(8.63e+01)0(3.71e+01)
577:0(2.69e+02)1(2.60e+02)
578:0(2.00e+01)1(5.00e+00)
579:0(2.90e+01)1(1.40e+01)
580:1(2.01e+01)0(1.69e+01)
581:1(1.60e+01)0(1.40e+01)
582:0(1.50e+01)1(9.00e+00)
583:0(1.38e+02)1(1.34e+02)
584:1(7.89e+01)0(5.89e+01)
585:0(2.47e+02)1(2.16e+02)
586:0(1.14e+02)1(9.67e+01)
587:1(2.70e+01)0(1.64e+01)
588:1(1.57e+01)0(6.00e+00)
589:0(1.50e+01)1(7.00e+00)
590:1(1.20e+01)0(4.00e+00)
591:1(1.80e+01)0(8.99e+00)
592:0(3.12e+01)1(2.50e+01)
593:1(4.44e+02)0(2.64e+02)
594:1(3.81e+01)0(2.40e+01)
595:0(1.10e+01)1(1.00e+01)
596:1(6.20e+01)0(5.67e+01)
597:0(1.16e+02)1(9.36e+01)
598:1(4.27e+02)0(4.11e+02)
599:0(7.53e+01)1(5.19e+01)
600:1(4.02e+02)0(3.30e+02)
601:1(1.70e+01)0(1.30e+01)
602:1(3.00e+00)0(2.00e+00)
603:0(6.92e+01)1(4.31e+01)
604:0(6.73e+01)1(4.99e+01)
605:0(4.44e+01)1(3.05e+01)
606:0(4.06e+01)1(3.80e+01)
607:1(1.29e+02)0(5.65e+01)
608:0(9.24e+01)1(8.15e+01)
609:0(9.10e+01)1(5.12e+01)
610:1(4.18e+01)0(3.92e+01)
611:1(2.40e+01)0(1.50e+01)
612:1(1.60e+01)0(8.01e+00)
613:0(4.45e+01)1(2.75e+01)
614:0(1.80e+02)1(1.46e+02)
615:0(2.42e+01)1(1.60e+01)
616:0(2.57e+02)1(2.56e+02)
617:1(3.01e+01)0(2.63e+01)
618:0(3.42e+01)1(3.26e+01)
619:1(7.22e+01)0(1.78e+01)
620:1(9.27e+01)0(8.59e+01)
621:0(4.00e+00)1(3.00e+00)
622:1(2.62e+01)0(1.35e+01)
623:0(8.72e+01)1(7.91e+01)
624:1(2.46e+01)0(1.29e+01)
625:1(2.69e+02)0(1.42e+02)
626:1(2.35e+01)0(1.50e+01)
627:0(1.90e+01)1(1.75e+01)
628:0(4.63e+01)1(3.28e+01)
629:0(1.95e+01)1(8.94e+00)
630:1(2.89e+02)0(1.80e+02)
631:0(1.30e+01)1(6.00e+00)
632:0(4.00e+00)1(3.00e+00)
633:0(1.41e+01)1(1.19e+01)
634:1(1.10e+02)0(1.01e+02)
635:0(6.86e+01)1(3.29e+01)
636:1(3.25e+01)0(2.59e+01)
637:1(2.70e+01)0(2.51e+01)
638:1(1.73e+02)0(1.31e+02)
639:1(1.62e+02)0(1.61e+02)
640:1(5.29e+01)0(4.81e+01)
641:0(2.52e+02)1(2.31e+02)
642:0(7.06e+01)1(3.87e+01)
643:0(1.72e+02)1(1.41e+02)
644:0(6.30e+01)1(2.80e+01)
645:1(3.31e+02)0(2.54e+02)
646:0(1.58e+02)1(9.63e+01)
647:0(2.48e+02)1(1.99e+02)
648:1(6.40e+01)0(4.54e+01)
649:1(5.04e+01)0(3.76e+01)
650:0(2.64e+01)1(2.50e+01)
651:1(9.74e+01)0(7.39e+01)
652:1(7.94e+01)0(7.07e+01)
653:0(3.42e+02)1(3.18e+02)
654:0(1.23e+02)1(3.82e+01)
655:0(1.28e+02)1(7.93e+01)
656:0(6.52e+01)1(2.83e+01)
657:0(1.22e+02)1(8.60e+01)
658:1(5.42e+02)0(4.44e+02)
659:1(4.19e+02)0(3.33e+02)
660:0(2.23e+02)1(1.99e+02)
661:0(1.10e+01)1(6.00e+00)
662:1(2.84e+01)0(1.93e+01)
663:1(1.49e+02)0(1.01e+02)
664:0(2.16e+02)1(2.13e+02)
665:1(3.29e+01)0(2.52e+01)
666:1(8.97e+01)0(8.69e+01)
667:1(9.60e+01)0(8.98e+01)
668:0(2.14e+02)1(1.76e+02)
669:0(1.00e+02)1(9.60e+01)
670:0(1.10e+01)1(8.00e+00)
671:1(2.02e+02)0(1.79e+02)
672:0(4.01e+01)1(3.56e+01)
673:1(4.84e+01)0(3.45e+01)
674:0(4.25e+01)1(2.95e+01)
675:1(2.17e+01)0(1.85e+01)
676:1(6.19e+01)0(4.71e+01)
677:0(1.35e+02)1(9.92e+01)
678:1(1.40e+02)0(8.97e+01)
679:1(4.76e+01)0(3.90e+01)
680:1(1.11e+02)0(1.09e+02)
681:1(8.60e+01)0(6.48e+01)
682:1(2.04e+02)0(1.54e+02)
683:0(8.27e+01)1(6.53e+01)
684:0(5.00e+00)1(4.00e+00)
685:1(2.29e+01)0(2.03e+01)
686:0(1.66e+02)1(8.92e+01)
687:1(3.29e+01)0(2.99e+01)
688:1(1.40e+01)0(5.45e+00)
689:0(1.30e+02)1(1.20e+02)
690:1(7.31e+01)0(6.17e+01)
691:1(5.00e+00)0(4.00e+00)
692:0(4.30e+01)1(2.00e+01)
693:0(4.20e+01)1(2.90e+01)
694:0(1.77e+02)1(1.16e+02)
695:1(2.10e+01)0(7.13e+00)
696:0(1.20e+01)1(1.10e+01)
697:1(2.78e+01)0(2.60e+01)
698:0(8.03e+01)1(3.63e+01)
699:0(2.39e+02)1(1.11e+02)
700:1(1.10e+01)0(1.00e+01)
701:0(2.93e+02)1(2.67e+02)
702:1(1.43e+02)0(9.94e+01)
703:1(1.21e+02)0(9.03e+01)
704:0(2.48e+01)1(2.47e+01)
705:1(8.04e+01)0(5.59e+01)
706:1(2.64e+02)0(2.33e+02)
707:0(1.71e+02)1(1.61e+02)
708:0(1.82e+02)1(1.40e+02)
709:1(6.20e+01)0(5.44e+01)
710:0(3.01e+01)1(1.99e+01)
711:0(1.91e+02)1(1.21e+02)
712:0(9.68e+01)1(4.53e+01)
713:0(7.05e+01)1(6.08e+01)
714:0(4.78e+01)1(2.02e+01)
715:0(1.00e+00)1(1.00e+00)
716:1(6.74e+01)0(5.66e+01)
717:0(1.17e+02)1(7.38e+01)
718:0(3.53e+01)1(3.40e+01)
719:1(4.15e+01)0(3.06e+01)
720:0(1.42e+02)1(1.41e+02)
721:1(1.71e+02)0(1.56e+02)
722:0(7.65e+01)1(3.53e+01)
723:0(4.14e+01)1(2.74e+01)
724:0(8.99e+01)1(7.13e+01)
725:0(5.00e+00)1(2.00e+00)
726:0(1.06e+02)1(5.33e+01)
727:1(6.78e+01)0(3.70e+01)
728:0(1.15e+02)1(1.07e+02)
729:1(5.08e+01)0(3.47e+01)
730:0(6.30e+01)1(5.87e+01)
731:1(1.69e+02)0(9.89e+01)
732:1(2.60e+02)0(2.31e+02)
733:0(2.31e+02)1(1.52e+02)
734:0(1.73e+02)1(9.59e+01)
735:0(2.28e+02)1(1.84e+02)
736:0(1.25e+02)1(7.28e+01)
737:0(1.30e+02)1(1.12e+02)
738:0(1.99e+01)1(1.71e+01)
739:0(7.00e+00)1(6.00e+00)
740:1(1.12e+02)0(8.00e+01)
741:0(5.29e+01)1(4.47e+01)
742:0(3.27e+02)1(1.78e+02)
743:1(2.38e+02)0(1.38e+02)
744:0(1.06e+02)1(1.02e+02)
745:1(2.02e+02)0(1.79e+02)
746:0(3.76e+02)1(2.07e+02)
747:0(1.84e+02)1(9.59e+01)
748:1(1.70e+02)0(1.51e+02)
749:1(1.46e+02)0(1.22e+02)
750:1(8.50e+01)0(8.39e+01)
751:0(5.74e+01)1(4.37e+01)
752:1(1.71e+02)0(1.38e+02)
753:0(7.67e+01)1(6.58e+01)
754:1(1.28e+02)0(1.14e+02)
755:0(1.01e+02)1(9.69e+01)
756:0(8.43e+01)1(6.31e+01)
757:0(1.25e+02)1(1.08e+02)
758:1(2.37e+02)0(1.75e+02)
759:0(2.29e+01)1(1.72e+01)
760:1(3.40e+01)0(1.20e+01)
761:0(1.54e+01)1(3.00e+00)
762:0(2.81e+01)1(1.58e+01)
763:0(3.23e+01)1(3.08e+01)
764:0(2.00e+00)1(2.00e+00)
765:0(2.67e+02)1(1.84e+02)
766:0(1.22e+02)1(7.51e+01)
767:0(4.57e+01)1(4.06e+01)
768:0(3.33e+01)1(2.06e+01)
769:1(4.38e+01)0(4.30e+01)
770:0(7.56e+01)1(7.55e+01)
771:0(1.84e+02)1(1.67e+02)
772:0(1.06e+02)1(1.06e+02)
773:0(2.93e+01)1(2.70e+01)
774:0(7.85e+01)1(7.36e+01)
775:0(1.48e+02)1(1.32e+02)
776:1(5.62e+01)0(2.26e+01)
777:0(7.30e+01)1(2.61e+01)
778:1(3.40e+01)0(1.89e+01)
779:1(1.10e+01)0(1.00e+01)
780:1(2.32e+01)0(1.66e+01)
781:1(2.90e+01)0(1.90e+01)
782:0(2.48e+01)1(2.17e+01)
783:1(4.41e+01)0(2.80e+01)
784:1(3.01e+01)0(2.50e+01)
785:0(2.00e+01)1(1.81e+01)
786:0(2.73e+01)1(2.05e+01)
787:1(1.30e+01)0(1.20e+01)
788:1(7.01e+00)0(4.99e+00)
789:1(7.00e+00)0(4.00e+00)
790:1(5.11e+01)0(3.00e+01)
791:0(6.27e+01)1(3.91e+01)
792:0(3.63e+01)1(2.16e+01)
793:0(4.62e+01)1(4.60e+01)
794:0(1.06e+02)1(9.54e+01)
795:0(7.09e+01)1(4.09e+01)
796:0(8.68e+01)1(7.32e+01)
797:1(1.23e+02)0(1.20e+02)
798:1(6.10e+01)0(4.65e+01)
799:0(5.65e+01)1(4.35e+01)
800:1(2.22e+01)0(1.08e+01)
801:0(6.00e+00)1(4.00e+00)
802:1(9.00e+00)0(6.00e+00)
803:1(7.82e+01)0(5.69e+01)
804:0(1.20e+01)1(5.00e+00)
805:1(8.42e+01)0(5.60e+01)
806:0(5.68e+01)1(4.11e+01)
807:0(3.37e+01)1(2.04e+01)
808:0(2.45e+01)1(2.14e+01)
809:0(3.89e+01)1(2.90e+01)
810:1(3.10e+01)0(1.80e+01)
811:1(3.75e+01)0(3.24e+01)
812:0(6.03e+01)1(4.41e+01)
813:1(2.02e+01)0(1.00e+01)
814:0(1.76e+01)1(1.20e+01)
815:1(6.15e+01)0(3.83e+01)
816:1(1.15e+02)0(8.81e+01)
817:1(1.30e+01)0(1.00e+01)
818:0(6.40e+01)1(5.03e+01)
819:1(5.68e+01)0(3.05e+01)
820:0(2.82e+01)1(2.60e+01)
821:1(1.05e+02)0(1.03e+02)
822:0(9.29e+01)1(8.42e+01)
823:1(1.88e+01)0(1.11e+01)
824:1(1.80e+02)0(1.27e+02)
825:0(1.40e+01)1(1.04e+01)
826:1(5.21e+01)0(4.77e+01)
827:1(4.70e+01)0(4.63e+01)
828:1(9.14e+01)0(8.93e+01)
829:0(1.56e+02)1(1.16e+02)
830:1(8.00e+00)0(8.00e+00)
831:1(1.45e+02)0(9.95e+01)
832:0(5.08e+02)1(2.72e+02)
833:1(3.25e+01)0(2.98e+01)
834:0(4.20e+01)1(3.26e+01)
835:1(1.41e+02)0(1.31e+02)
836:0(2.27e+01)1(1.90e+01)
837:1(5.06e+01)0(3.37e+01)
838:0(4.03e+01)1(4.00e+01)
839:1(7.57e+01)0(6.15e+01)
840:0(2.51e+02)1(2.03e+02)
841:0(2.31e+01)1(2.17e+01)
842:0(1.14e+02)1(1.02e+02)
843:0(2.57e+02)1(2.03e+02)
844:0(8.27e+01)1(4.73e+01)
845:1(1.00e+01)0(7.00e+00)
846:0(1.09e+02)1(9.58e+01)
847:1(2.22e+02)0(1.62e+02)
848:0(3.10e+02)1(2.29e+02)
849:0(1.16e+02)1(4.80e+01)
850:0(1.63e+02)1(1.20e+02)
851:1(2.45e+02)0(1.87e+02)
852:0(4.40e+01)1(3.03e+01)
853:0(1.11e+02)1(1.04e+02)
854:0(1.69e+02)1(1.66e+02)
855:1(4.01e+01)0(3.04e+01)
856:1(5.54e+01)0(4.69e+01)
857:1(9.42e+01)0(7.76e+01)
858:1(1.22e+02)0(1.14e+02)
859:0(1.00e+00)1(1.00e+00)
860:1(2.19e+01)0(1.60e+01)
861:0(2.80e+01)1(1.91e+01)
862:0(1.20e+02)1(1.06e+02)
863:1(3.52e+01)0(2.92e+01)
864:1(7.83e+01)0(4.63e+01)
865:0(1.75e+02)1(1.24e+02)
866:0(1.30e+02)1(8.67e+01)
867:0(3.94e+01)1(2.91e+01)
868:1(9.41e+01)0(5.83e+01)
869:1(1.25e+02)0(1.00e+02)
870:1(1.11e+02)0(9.70e+01)
871:0(7.29e+01)1(5.69e+01)
872:1(3.41e+01)0(3.05e+01)
873:1(1.28e+02)0(8.96e+01)
874:1(3.42e+01)0(2.43e+01)
875:0(6.23e+01)1(4.41e+01)
876:0(2.31e+01)1(2.19e+01)
877:1(5.31e+01)0(5.24e+01)
878:1(1.57e+02)0(1.34e+02)
879:1(1.17e+02)0(8.50e+01)
880:1(1.40e+02)0(9.03e+01)
881:1(3.50e+01)0(2.19e+01)
882:1(2.27e+01)0(2.19e+01)
883:0(4.77e+01)1(4.70e+01)
884:0(5.10e+01)1(3.40e+01)
885:0(7.39e+01)1(7.09e+01)
886:1(2.14e+02)0(1.28e+02)
887:0(5.39e+01)1(5.18e+01)
888:1(2.33e+02)0(2.03e+02)
889:0(1.60e+01)1(1.19e+01)
890:1(1.46e+02)0(1.15e+02)
891:1(2.29e+01)0(1.50e+01)
892:0(6.70e+01)1(3.09e+01)
893:0(7.98e+01)1(3.35e+01)
894:0(9.18e+01)1(6.23e+01)
895:0(3.80e+02)1(2.77e+02)
896:0(2.68e+02)1(2.66e+02)
897:0(4.12e+01)1(1.59e+01)
898:0(2.00e+02)1(1.73e+02)
899:1(7.37e+01)0(4.63e+01)
900:0(1.77e+02)1(1.56e+02)
901:0(3.37e+01)1(2.88e+01)
902:1(5.55e+01)0(3.83e+01)
903:1(2.74e+02)0(1.90e+02)
904:1(8.19e+01)0(6.16e+01)
905:0(1.85e+02)1(1.14e+02)
906:1(5.72e+01)0(5.52e+01)
907:0(4.40e+02)1(3.30e+02)
908:1(2.20e+02)0(2.12e+02)
909:1(2.02e+02)0(1.86e+02)
910:1(1.34e+02)0(1.27e+02)
911:1(8.36e+01)0(7.31e+01)
912:0(1.79e+02)1(1.77e+02)
913:0(9.13e+01)1(8.66e+01)
914:0(9.11e+01)1(5.65e+01)
915:1(3.97e+01)0(3.83e+01)
916:0(3.27e+02)1(2.37e+02)
917:1(1.16e+02)0(7.42e+01)
918:0(2.26e+02)1(1.82e+02)
919:1(2.20e+02)0(1.89e+02)
920:0(1.14e+02)1(1.13e+02)
921:0(3.23e+02)1(3.15e+02)
922:0(2.43e+02)1(2.36e+02)
923:1(1.15e+02)0(1.09e+02)
924:0(2.06e+02)1(1.37e+02)
925:0(3.54e+02)1(2.46e+02)
926:0(1.96e+02)1(1.61e+02)
927:0(4.58e+01)1(4.34e+01)
928:0(1.05e+02)1(5.85e+01)
929:0(2.05e+01)1(1.45e+01)
930:0(2.64e+02)1(2.13e+02)
931:0(1.58e+02)1(1.38e+02)
932:0(2.70e+02)1(2.32e+02)
933:0(3.12e+02)1(2.50e+02)
934:0(1.10e+02)1(8.73e+01)
935:1(1.01e+02)0(9.83e+01)
936:0(3.08e+02)1(1.78e+02)
937:0(3.09e+02)1(1.85e+02)
938:0(1.37e+02)1(1.01e+02)
939:0(5.00e-01)1(5.00e-01)
940:0(1.21e+02)1(1.03e+02)
941:1(1.65e+02)0(1.22e+02)
942:1(6.69e+01)0(4.55e+01)
943:1(1.41e+02)0(1.06e+02)
944:1(1.92e+02)0(1.84e+02)
945:1(7.02e+01)0(6.09e+01)
946:0(7.32e+01)1(4.92e+01)
947:1(4.81e+01)0(4.26e+01)
948:1(3.32e+02)0(3.13e+02)
949:0(1.97e+02)1(1.86e+02)
950:1(1.92e+02)0(1.21e+02)
951:1(3.82e+02)0(3.50e+02)
952:1(1.80e+02)0(1.39e+02)
953:0(4.78e+01)1(4.22e+01)
954:0(1.15e+02)1(1.09e+02)
955:0(1.64e+02)1(1.49e+02)
956:0(1.98e+02)1(1.34e+02)
957:0(6.47e+01)1(5.76e+01)
958:1(1.15e+02)0(1.03e+02)
959:0(7.95e+01)1(7.82e+01)
960:0(3.31e+01)1(3.20e+01)
961:0(1.41e+02)1(9.98e+01)
962:0(6.34e+01)1(3.06e+01)
963:1(5.92e+01)0(5.27e+01)
964:1(5.41e+01)0(4.56e+01)
965:0(3.34e+01)1(1.50e+01)
966:1(1.45e+02)0(1.33e+02)
967:0(1.49e+02)1(6.78e+01)
968:0(2.70e+02)1(1.01e+02)
969:0(1.01e+02)1(1.01e+02)
970:0(1.26e+02)1(1.12e+02)
971:0(1.95e+02)1(1.48e+02)
972:0(6.88e+02)1(4.49e+02)
973:0(5.27e+01)1(2.94e+01)
974:0(2.02e+02)1(1.57e+02)
975:0(5.99e+01)1(3.14e+01)
976:0(7.56e+01)1(5.91e+01)
977:0(2.47e+02)1(2.32e+02)
978:0(2.42e+02)1(1.69e+02)
979:0(1.35e+02)1(1.09e+02)
980:0(2.33e+02)1(1.34e+02)
981:0(2.35e+02)1(1.39e+02)
982:1(2.79e+01)0(1.92e+01)
983:0(1.73e+02)1(8.52e+01)
984:0(1.45e+02)1(1.28e+02)
985:1(8.58e+01)0(8.51e+01)
986:1(1.47e+02)0(1.14e+02)
987:1(3.69e+01)0(3.22e+01)
988:1(1.71e+02)0(1.50e+02)
989:0(3.09e+02)1(2.01e+02)
990:0(8.78e+02)1(5.14e+02)
991:0(5.33e+01)1(4.06e+01)
992:0(6.49e+02)1(4.56e+02)
993:0(9.91e+01)1(8.40e+01)
994:0(1.08e+02)1(8.72e+01)
995:1(1.66e+02)0(1.14e+02)
996:1(2.51e+01)0(1.19e+01)
997:1(2.40e+01)0(1.80e+01)
998:0(2.48e+02)1(2.25e+02)
999:1(1.37e+02)0(1.27e+02)
1000:0(2.15e+02)1(1.06e+02)
1001:1(2.43e+02)0(1.33e+02)
1002:0(9.76e+01)1(5.84e+01)
1003:0(4.53e+01)1(4.39e+01)
1004:1(2.83e+02)0(2.10e+02)
1005:1(5.49e+01)0(5.02e+01)
1006:1(2.00e+01)0(1.29e+01)
1007:0(2.00e+02)1(1.67e+02)
1008:1(1.76e+02)0(1.39e+02)
1009:0(3.84e+02)1(2.97e+02)
1010:0(2.03e+02)1(9.95e+01)
1011:0(4.14e+01)1(3.60e+01)
1012:0(1.99e+02)1(1.78e+02)
1013:0(1.30e+01)1(9.98e+00)
1014:0(5.91e+01)1(5.14e+01)
1015:1(9.52e+01)0(9.48e+01)
1016:0(1.26e+02)1(1.16e+02)
1017:0(8.93e+01)1(8.38e+01)
1018:1(7.72e+01)0(7.13e+01)
1019:0(1.05e+02)1(9.94e+01)
1020:0(2.65e+01)1(2.48e+01)
1021:0(2.70e+01)1(1.80e+01)
1022:0(2.59e+02)1(2.53e+02)
1023:1(1.69e+02)0(1.44e+02)
1024:1(6.79e+01)0(4.31e+01)
1025:0(4.98e+01)1(2.91e+01)
1026:1(2.66e+02)0(2.11e+02)
1027:0(7.13e+01)1(5.57e+01)
1028:0(2.43e+02)1(2.24e+02)
1029:1(4.72e+01)0(4.53e+01)
1030:0(2.63e+02)1(2.39e+02)
1031:0(3.22e+01)1(3.21e+01)
1032:1(4.96e+01)0(4.68e+01)
1033:0(1.27e+02)1(1.22e+02)
1034:1(7.44e+01)0(5.71e+01)
1035:0(8.12e+01)1(6.57e+01)
1036:0(1.59e+02)1(1.13e+02)
1037:1(1.27e+02)0(1.21e+02)
1038:1(2.25e+02)0(1.81e+02)
1039:1(3.45e+02)0(2.65e+02)
1040:1(2.22e+02)0(1.58e+02)
1041:1(7.42e+01)0(4.90e+01)
1042:1(3.03e+01)0(2.28e+01)
1043:0(1.92e+02)1(1.24e+02)
1044:0(1.87e+01)1(1.05e+01)
1045:0(2.01e+02)1(1.89e+02)
1046:1(1.60e+01)0(9.02e+00)
1047:1(1.18e+02)0(9.57e+01)
1048:1(9.98e+01)0(5.45e+01)
1049:0(8.09e+01)1(3.70e+01)
1050:1(1.69e+02)0(1.51e+02)
1051:0(2.18e+02)1(1.64e+02)
1052:1(5.06e+01)0(4.57e+01)
1053:0(5.30e+01)1(5.00e+01)
1054:0(5.07e+01)1(4.81e+01)
1055:1(1.65e+02)0(1.47e+02)
1056:0(1.38e+02)1(1.02e+02)
1057:1(1.00e+02)0(9.08e+01)
1058:0(6.89e+01)1(6.62e+01)
1059:1(2.02e+02)0(1.68e+02)
1060:0(4.40e+02)1(3.21e+02)
1061:1(3.51e+01)0(2.72e+01)
1062:0(1.08e+02)1(7.94e+01)
1063:0(1.55e+02)1(9.93e+01)
1064:0(3.90e+01)1(2.10e+01)
1065:0(1.65e+02)1(9.68e+01)
1066:0(7.59e+01)1(7.56e+01)
1067:1(8.36e+01)0(6.61e+01)
1068:0(3.87e+02)1(3.39e+02)
1069:1(5.99e+01)0(5.35e+01)
1070:1(3.59e+02)0(3.51e+02)
1071:0(4.86e+01)1(3.00e+01)
1072:0(9.74e+01)1(7.86e+01)
1073:1(3.62e+01)0(2.51e+01)
1074:0(1.73e+02)1(1.57e+02)
1075:0(6.30e+01)1(3.43e+01)
1076:0(1.76e+02)1(9.31e+01)
1077:0(8.86e+01)1(5.35e+01)
1078:1(6.37e+01)0(5.86e+01)
1079:0(3.63e+02)1(1.86e+02)
1080:1(1.48e+02)0(8.33e+01)
1081:1(2.10e+02)0(1.98e+02)
1082:0(2.26e+01)1(1.85e+01)
1083:0(1.34e+02)1(9.63e+01)
1084:0(2.24e+02)1(1.41e+02)
1085:0(4.48e+01)1(3.39e+01)
1086:1(7.35e+01)0(5.07e+01)
1087:1(1.97e+02)0(1.17e+02)
1088:0(1.32e+02)1(1.10e+02)
1089:1(1.49e+01)0(1.20e+01)
1090:0(7.54e+01)1(2.99e+01)
1091:1(2.72e+01)0(2.43e+01)
1092:1(1.44e+02)0(6.24e+01)
1093:0(1.20e+02)1(7.38e+01)
1094:0(5.91e+01)1(4.91e+01)
1095:1(4.22e+01)0(2.89e+01)
1096:0(2.43e+01)1(1.55e+01)
1097:0(1.77e+02)1(1.09e+02)
1098:1(4.11e+01)0(3.98e+01)
1099:1(2.11e+01)0(1.33e+01)
1100:1(1.05e+02)0(6.39e+01)
1101:0(2.12e+02)1(1.09e+02)
INFO: s3mixw_io.c(232): Wrote /home/xkrajnan/Plocha/GSoC/PocketSphinx/an4/model_parameters/an4.cd_cont_initial/mixture_weights [1102x1x4 array]
INFO: s3gau_io.c(226): Wrote /home/xkrajnan/Plocha/GSoC/PocketSphinx/an4/model_parameters/an4.cd_cont_initial/means [1102x1x4 array]
INFO: s3gau_io.c(226): Wrote /home/xkrajnan/Plocha/GSoC/PocketSphinx/an4/model_parameters/an4.cd_cont_initial/variances [1102x1x4 array]
Tue May 31 10:28:54 2011
