INFO: cmd_ln.c(691): Parsing command line:
/home/xkrajnan/Plocha/GSoC/PocketSphinx/an4/bin/inc_comp \
	-ninc 4 \
	-dcountfn /home/xkrajnan/Plocha/GSoC/PocketSphinx/an4/model_parameters/an4.cd_cont_1000/mixture_weights \
	-inmixwfn /home/xkrajnan/Plocha/GSoC/PocketSphinx/an4/model_parameters/an4.cd_cont_1000/mixture_weights \
	-outmixwfn /home/xkrajnan/Plocha/GSoC/PocketSphinx/an4/model_parameters/an4.cd_cont_initial/mixture_weights \
	-inmeanfn /home/xkrajnan/Plocha/GSoC/PocketSphinx/an4/model_parameters/an4.cd_cont_1000/means \
	-outmeanfn /home/xkrajnan/Plocha/GSoC/PocketSphinx/an4/model_parameters/an4.cd_cont_initial/means \
	-invarfn /home/xkrajnan/Plocha/GSoC/PocketSphinx/an4/model_parameters/an4.cd_cont_1000/variances \
	-outvarfn /home/xkrajnan/Plocha/GSoC/PocketSphinx/an4/model_parameters/an4.cd_cont_initial/variances \
	-fullvar no 

Current configuration:
[NAME]		[DEFLT]	[VALUE]
-dcountfn		/home/xkrajnan/Plocha/GSoC/PocketSphinx/an4/model_parameters/an4.cd_cont_1000/mixture_weights
-example	no	no
-fullvar	no	no
-help		no	no
-inmeanfn		/home/xkrajnan/Plocha/GSoC/PocketSphinx/an4/model_parameters/an4.cd_cont_1000/means
-inmixwfn		/home/xkrajnan/Plocha/GSoC/PocketSphinx/an4/model_parameters/an4.cd_cont_1000/mixture_weights
-invarfn		/home/xkrajnan/Plocha/GSoC/PocketSphinx/an4/model_parameters/an4.cd_cont_1000/variances
-ninc		1	4
-outmeanfn		/home/xkrajnan/Plocha/GSoC/PocketSphinx/an4/model_parameters/an4.cd_cont_initial/means
-outmixwfn		/home/xkrajnan/Plocha/GSoC/PocketSphinx/an4/model_parameters/an4.cd_cont_initial/mixture_weights
-outvarfn		/home/xkrajnan/Plocha/GSoC/PocketSphinx/an4/model_parameters/an4.cd_cont_initial/variances

INFO: main.c(85): Reading mixing weight file /home/xkrajnan/Plocha/GSoC/PocketSphinx/an4/model_parameters/an4.cd_cont_1000/mixture_weights.
INFO: s3mixw_io.c(116): Read /home/xkrajnan/Plocha/GSoC/PocketSphinx/an4/model_parameters/an4.cd_cont_1000/mixture_weights [1102x1x4 array]
INFO: s3gau_io.c(166): Read /home/xkrajnan/Plocha/GSoC/PocketSphinx/an4/model_parameters/an4.cd_cont_1000/means [1102x1x4 array]
INFO: s3gau_io.c(166): Read /home/xkrajnan/Plocha/GSoC/PocketSphinx/an4/model_parameters/an4.cd_cont_1000/variances [1102x1x4 array]
INFO: s3gau_io.c(550): Read /home/xkrajnan/Plocha/GSoC/PocketSphinx/an4/model_parameters/an4.cd_cont_1000/mixture_weights [1102x1x4 array]
INFO: main.c(151): output n_density == 8
0:1(7.31e+02)0(5.29e+02)3(3.92e+02)2(3.60e+02)
1:2(4.69e+02)0(3.06e+02)3(3.04e+02)1(2.93e+02)
2:1(7.34e+02)2(4.93e+02)0(4.65e+02)3(3.99e+02)
3:1(3.00e+01)2(2.10e+01)3(1.00e+01)0(9.00e+00)
4:2(1.20e+01)0(1.10e+01)1(1.00e+01)3(5.00e+00)
5:2(1.00e+01)3(9.00e+00)0(7.98e+00)1(5.00e+00)
6:0(1.15e+03)2(9.21e+02)3(5.26e+02)1(3.48e+02)
7:2(8.47e+02)3(6.28e+02)0(4.87e+02)1(4.82e+02)
8:2(1.51e+03)1(1.39e+03)0(8.99e+02)3(7.94e+02)
9:2(1.54e+02)1(1.34e+02)0(1.09e+02)3(1.03e+02)
10:2(2.99e+02)0(2.03e+02)1(2.01e+02)3(1.68e+02)
11:1(2.24e+02)2(2.13e+02)3(1.89e+02)0(1.82e+02)
12:2(7.76e+01)0(6.76e+01)1(5.76e+01)3(4.90e+01)
13:1(2.40e+02)2(1.81e+02)3(1.67e+02)0(1.16e+02)
14:3(1.04e+02)1(1.02e+02)2(1.02e+02)0(9.24e+01)
15:1(9.88e+02)2(8.90e+02)0(8.47e+02)3(6.61e+02)
16:3(1.37e+03)1(1.29e+03)0(1.15e+03)2(1.08e+03)
17:2(1.24e+03)0(9.83e+02)3(7.84e+02)1(7.16e+02)
18:2(6.73e+02)1(4.77e+02)3(3.45e+02)0(1.87e+02)
19:2(2.15e+02)1(2.03e+02)0(1.16e+02)3(7.95e+01)
20:2(1.47e+02)0(1.42e+02)3(1.37e+02)1(1.36e+02)
21:3(2.13e+02)0(1.91e+02)2(1.80e+02)1(1.55e+02)
22:2(2.72e+02)0(2.16e+02)1(1.75e+02)3(1.74e+02)
23:2(4.29e+02)0(3.93e+02)1(3.89e+02)3(3.10e+02)
24:0(4.13e+02)1(3.67e+02)2(3.46e+02)3(3.19e+02)
25:1(2.87e+02)2(1.99e+02)0(1.76e+02)3(1.55e+02)
26:1(1.95e+02)2(1.03e+02)0(1.02e+02)3(9.45e+01)
27:3(1.83e+03)2(1.60e+03)0(1.40e+03)1(1.40e+03)
28:0(1.55e+03)2(1.10e+03)3(1.07e+03)1(1.02e+03)
29:2(1.86e+03)1(1.76e+03)3(1.37e+03)0(9.68e+02)
30:2(1.56e+02)0(1.35e+02)3(5.50e+01)1(4.93e+01)
31:1(2.57e+02)2(1.65e+02)3(1.17e+02)0(9.98e+01)
32:2(3.72e+02)1(2.69e+02)0(2.14e+02)3(2.05e+02)
33:1(1.08e+03)3(9.17e+02)2(7.95e+02)0(7.12e+02)
34:3(1.45e+03)0(1.15e+03)2(1.12e+03)1(9.04e+02)
35:1(7.26e+02)2(5.13e+02)3(4.92e+02)0(4.64e+02)
36:2(1.02e+03)3(9.44e+02)0(8.32e+02)1(6.05e+02)
37:2(1.07e+03)0(9.74e+02)3(7.71e+02)1(5.99e+02)
38:1(4.79e+02)2(4.71e+02)3(3.76e+02)0(3.60e+02)
39:2(1.14e+02)0(6.06e+01)1(5.47e+01)3(1.00e+01)
40:2(4.40e+01)1(2.90e+01)3(1.50e+01)0(1.30e+01)
41:0(1.20e+01)3(1.10e+01)1(1.10e+01)2(7.34e+00)
42:1(6.17e+02)0(5.32e+02)2(4.75e+02)3(3.07e+02)
43:3(1.88e+02)2(1.85e+02)0(1.84e+02)1(1.37e+02)
44:1(2.86e+02)2(2.24e+02)0(2.21e+02)3(1.36e+02)
45:1(3.63e+02)2(3.23e+02)3(2.37e+02)0(2.13e+02)
46:2(2.79e+02)1(2.72e+02)0(2.14e+02)3(1.61e+02)
47:1(2.94e+02)2(2.90e+02)3(2.75e+02)0(2.21e+02)
48:1(1.43e+03)2(1.43e+03)3(1.26e+03)0(1.16e+03)
49:1(1.89e+03)3(1.23e+03)2(9.09e+02)0(8.35e+02)
50:2(5.14e+03)3(4.37e+03)0(3.72e+03)1(1.86e+03)
51:2(5.20e+02)1(4.54e+02)3(2.97e+02)0(1.45e+02)
52:1(1.85e+02)2(1.57e+02)3(1.36e+02)0(1.33e+02)
53:2(1.98e+02)0(1.98e+02)1(1.77e+02)3(1.05e+02)
54:0(3.48e+02)2(3.11e+02)3(3.01e+02)1(2.79e+02)
55:1(4.75e+02)2(4.52e+02)0(4.43e+02)3(2.78e+02)
56:1(3.76e+02)2(3.45e+02)0(2.55e+02)3(2.09e+02)
57:1(3.13e+02)2(2.77e+02)3(2.76e+02)0(1.41e+02)
58:2(5.06e+02)1(5.05e+02)3(2.95e+02)0(1.14e+02)
59:2(4.79e+02)0(4.08e+02)1(2.84e+02)3(2.16e+02)
60:1(1.77e+02)2(1.63e+02)3(1.02e+02)0(7.48e+01)
61:3(1.18e+02)2(1.12e+02)0(8.96e+01)1(8.27e+01)
62:3(2.83e+02)1(2.63e+02)0(2.54e+02)2(2.18e+02)
63:0(1.21e+03)3(8.15e+02)2(7.72e+02)1(7.01e+02)
64:2(1.37e+03)0(1.13e+03)1(1.06e+03)3(8.88e+02)
65:1(1.62e+03)2(1.42e+03)0(1.23e+03)3(8.88e+02)
66:1(8.43e+02)2(6.46e+02)3(5.42e+02)0(3.75e+02)
67:2(8.36e+02)0(8.25e+02)1(7.85e+02)3(5.53e+02)
68:2(5.68e+02)0(5.56e+02)1(4.78e+02)3(4.39e+02)
69:1(5.55e+02)2(3.11e+02)0(2.39e+02)3(2.38e+02)
70:2(2.57e+02)0(1.48e+02)3(1.46e+02)1(9.03e+01)
71:3(2.38e+02)0(1.85e+02)1(1.60e+02)2(1.09e+02)
72:2(1.03e+03)3(9.80e+02)0(8.50e+02)1(7.57e+02)
73:0(8.65e+02)2(6.22e+02)1(6.00e+02)3(3.54e+02)
74:0(9.64e+02)2(7.80e+02)3(4.52e+02)1(4.03e+02)
75:0(1.56e+03)1(1.43e+03)3(1.30e+03)2(1.21e+03)
76:1(2.55e+03)2(2.35e+03)3(1.46e+03)0(8.13e+02)
77:1(1.17e+03)2(9.85e+02)0(8.46e+02)3(6.00e+02)
78:0(4.50e+03)2(3.79e+03)1(3.68e+03)3(2.76e+03)
79:1(3.57e+03)2(2.90e+03)0(2.49e+03)3(2.26e+03)
80:1(5.34e+03)0(4.85e+03)2(4.62e+03)3(4.05e+03)
81:2(1.20e+03)1(1.07e+03)3(6.80e+02)0(5.44e+02)
82:2(1.40e+03)1(1.37e+03)3(1.23e+03)0(1.17e+03)
83:2(1.54e+03)3(1.28e+03)1(1.17e+03)0(1.05e+03)
84:1(5.35e+02)3(5.09e+02)0(4.77e+02)2(4.27e+02)
85:2(2.44e+02)1(2.41e+02)0(1.69e+02)3(1.19e+02)
86:2(1.36e+02)1(1.26e+02)0(1.24e+02)3(1.17e+02)
87:1(7.77e+02)2(6.44e+02)0(2.92e+02)3(2.75e+02)
88:2(7.37e+02)3(7.30e+02)1(5.95e+02)0(4.86e+02)
89:2(9.87e+02)3(6.50e+02)1(6.26e+02)0(6.21e+02)
90:0(4.19e+02)2(4.19e+02)1(3.44e+02)3(3.19e+02)
91:2(4.82e+02)0(4.81e+02)1(1.63e+02)3(1.58e+02)
92:2(6.05e+02)0(5.97e+02)1(3.85e+02)3(3.60e+02)
93:1(5.02e+02)0(4.67e+02)2(3.53e+02)3(2.36e+02)
94:0(2.97e+02)1(2.85e+02)2(2.80e+02)3(2.30e+02)
95:3(2.84e+02)2(2.65e+02)0(2.52e+02)1(2.12e+02)
96:0(7.06e+02)3(4.77e+02)1(3.29e+02)2(3.24e+02)
97:2(4.74e+02)0(4.52e+02)1(1.49e+02)3(1.34e+02)
98:2(3.10e+02)0(2.42e+02)1(1.31e+02)3(8.87e+01)
99:1(2.16e+02)2(1.68e+02)3(1.20e+02)0(1.11e+02)
100:0(1.24e+02)2(1.23e+02)1(8.87e+01)3(6.39e+01)
101:1(1.47e+02)0(1.29e+02)2(1.21e+02)3(9.02e+01)
102:2(2.11e+02)1(1.49e+02)0(1.21e+02)3(6.83e+01)
103:0(1.26e+02)2(8.09e+01)3(4.64e+01)1(4.58e+01)
104:0(5.35e+01)2(4.32e+01)3(4.11e+01)1(3.50e+01)
105:1(2.79e+01)0(1.55e+01)3(1.52e+01)2(1.50e+01)
106:1(1.15e+02)3(9.69e+01)2(9.44e+01)0(9.39e+01)
107:0(1.44e+02)1(1.33e+02)2(1.27e+02)3(1.13e+02)
108:1(1.29e+02)2(1.17e+02)0(6.49e+01)3(6.49e+01)
109:2(9.17e+01)1(6.45e+01)0(4.19e+01)3(4.19e+01)
110:2(3.15e+01)0(2.36e+01)3(1.88e+01)1(1.74e+01)
111:2(8.92e+01)3(8.47e+01)1(7.13e+01)0(7.07e+01)
112:0(1.18e+02)1(8.21e+01)2(8.05e+01)3(6.78e+01)
113:2(1.70e+02)1(1.47e+02)0(1.20e+02)3(1.06e+02)
114:1(3.77e+01)3(2.30e+01)2(2.00e+01)0(1.10e+01)
115:1(1.42e+02)2(1.02e+02)3(7.51e+01)0(6.38e+01)
116:2(1.20e+01)1(1.17e+01)3(1.03e+01)0(1.00e+01)
117:2(3.36e+01)3(3.04e+01)0(2.96e+01)1(2.80e+01)
118:2(1.95e+02)0(1.63e+02)1(1.36e+02)3(1.17e+02)
119:1(2.94e+01)3(2.55e+01)2(2.28e+01)0(2.14e+01)
120:2(1.80e+01)0(1.40e+01)3(1.30e+01)1(9.00e+00)
121:2(1.99e+01)3(1.28e+01)1(1.10e+01)0(7.00e+00)
122:1(2.54e+01)3(2.53e+01)2(2.44e+01)0(1.70e+01)
123:3(7.00e+00)1(6.00e+00)2(4.00e+00)0(2.00e+00)
124:0(1.79e+01)2(1.20e+01)1(1.10e+01)3(1.00e+01)
125:2(1.20e+01)0(1.10e+01)1(1.00e+01)3(5.00e+00)
126:2(1.00e+01)3(9.00e+00)0(7.98e+00)1(5.00e+00)
127:0(5.50e+01)2(3.90e+01)3(1.49e+01)1(1.21e+01)
128:2(8.30e+01)1(6.38e+01)0(5.64e+01)3(4.88e+01)
129:2(2.44e+01)0(1.55e+01)1(1.30e+01)3(8.98e+00)
130:1(5.59e+01)2(4.74e+01)0(4.17e+01)3(3.08e+01)
131:0(5.84e+01)3(5.13e+01)1(4.92e+01)2(3.89e+01)
132:2(5.49e+01)1(1.91e+01)0(1.64e+01)3(1.35e+01)
133:0(2.38e+02)1(1.86e+02)2(1.03e+02)3(9.94e+01)
134:1(3.49e+01)3(3.10e+01)2(2.67e+01)0(1.90e+01)
135:2(4.43e+01)0(2.99e+01)3(2.57e+01)1(2.14e+01)
136:1(3.61e+01)2(3.22e+01)0(2.50e+01)3(2.21e+01)
137:2(5.00e+00)1(5.00e+00)3(5.00e+00)0(2.00e+00)
138:1(1.10e+02)3(7.83e+01)2(6.79e+01)0(6.07e+01)
139:2(4.98e+01)0(3.38e+01)3(3.38e+01)1(2.74e+01)
140:1(1.76e+02)3(1.46e+02)2(1.39e+02)0(1.15e+02)
141:3(3.53e+01)0(3.22e+01)2(2.87e+01)1(2.66e+01)
142:1(1.28e+02)3(8.46e+01)0(4.93e+01)2(4.93e+01)
143:2(2.50e+02)3(1.39e+02)0(9.83e+01)1(8.71e+01)
144:1(3.80e+01)3(3.15e+01)2(3.12e+01)0(2.27e+01)
145:1(3.48e+01)0(2.64e+01)2(2.29e+01)3(2.04e+01)
146:3(1.26e+02)2(1.19e+02)0(1.00e+02)1(9.27e+01)
147:0(4.68e+01)1(4.41e+01)2(3.79e+01)3(3.28e+01)
148:3(1.97e+02)1(1.60e+02)0(1.33e+02)2(1.17e+02)
149:2(3.95e+01)0(3.45e+01)3(1.92e+01)1(1.73e+01)
150:2(4.27e+01)3(4.09e+01)1(3.61e+01)0(3.16e+01)
151:1(6.00e+00)0(6.00e+00)2(5.00e+00)3(4.00e+00)
152:1(5.64e+01)0(3.98e+01)2(3.47e+01)3(2.53e+01)
153:2(1.55e+02)0(1.55e+02)1(7.36e+01)3(7.10e+01)
154:2(2.68e+02)0(1.84e+02)1(1.12e+02)3(5.04e+01)
155:2(1.00e+01)1(8.00e+00)3(5.00e+00)0(4.00e+00)
156:2(7.44e+01)0(5.12e+01)3(4.09e+01)1(3.16e+01)
157:0(1.29e+01)2(1.18e+01)3(8.94e+00)1(6.39e+00)
158:1(1.80e+01)2(1.80e+01)3(1.30e+01)0(1.20e+01)
159:2(2.09e+01)0(2.01e+01)1(1.10e+01)3(8.00e+00)
160:3(7.15e+01)2(6.96e+01)0(6.76e+01)1(5.33e+01)
161:1(4.51e+01)3(3.54e+01)2(2.94e+01)0(1.39e+01)
162:2(7.98e+01)0(7.92e+01)3(7.25e+01)1(4.62e+01)
163:2(8.00e+00)3(7.00e+00)1(7.00e+00)0(5.00e+00)
164:1(1.54e+01)2(1.28e+01)0(1.20e+01)3(7.00e+00)
165:1(1.27e+02)2(1.11e+02)0(8.59e+01)3(7.13e+01)
166:1(1.20e+01)2(7.00e+00)3(4.00e+00)0(3.00e+00)
167:3(6.40e+01)1(5.77e+01)2(5.73e+01)0(4.73e+01)
168:0(4.72e+01)1(2.97e+01)3(2.91e+01)2(2.61e+01)
169:1(1.00e+01)2(8.00e+00)0(8.00e+00)3(3.00e+00)
170:1(2.19e+01)2(1.20e+01)3(1.10e+01)0(7.00e+00)
171:1(3.19e+01)3(2.76e+01)2(2.74e+01)0(1.73e+01)
172:1(1.50e+02)2(9.52e+01)3(8.97e+01)0(6.49e+01)
173:3(5.20e+01)2(3.57e+01)1(3.04e+01)0(1.91e+01)
174:1(1.00e+01)2(1.00e+01)0(1.00e+01)3(8.98e+00)
175:1(3.38e+01)2(3.01e+01)3(2.80e+01)0(2.16e+01)
176:0(4.00e+01)1(2.81e+01)2(2.70e+01)3(1.87e+01)
177:0(2.52e+01)1(1.21e+01)3(1.20e+01)2(1.17e+01)
178:1(1.70e+01)2(1.70e+01)3(1.60e+01)0(1.30e+01)
179:3(1.98e+01)1(1.83e+01)2(1.80e+01)0(1.52e+01)
180:2(1.54e+02)1(1.34e+02)0(1.09e+02)3(1.03e+02)
181:2(2.99e+02)0(2.03e+02)1(2.01e+02)3(1.68e+02)
182:1(2.24e+02)2(2.13e+02)3(1.89e+02)0(1.82e+02)
183:3(7.86e+01)2(6.00e+01)1(4.02e+01)0(4.00e+01)
184:0(1.00e+01)1(8.00e+00)2(7.99e+00)3(7.00e+00)
185:1(1.96e+02)3(1.65e+02)2(1.50e+02)0(1.13e+02)
186:2(2.77e+01)1(2.53e+01)0(1.70e+01)3(1.10e+01)
187:1(9.81e+01)2(9.73e+01)3(9.35e+01)0(8.38e+01)
188:1(7.85e+00)2(7.76e+00)3(7.24e+00)0(5.00e+00)
189:1(6.84e+01)2(5.59e+01)0(3.37e+01)3(2.31e+01)
190:1(4.56e+01)3(3.97e+01)2(3.94e+01)0(2.79e+01)
191:1(2.10e+02)0(1.92e+02)2(1.55e+02)3(1.42e+02)
192:2(1.46e+02)0(1.19e+02)1(8.22e+01)3(7.94e+01)
193:2(2.14e+01)0(1.47e+01)3(1.30e+01)1(1.20e+01)
194:2(1.77e+02)0(1.33e+02)3(1.21e+02)1(1.12e+02)
195:3(6.00e+00)0(6.00e+00)2(5.00e+00)1(5.00e+00)
196:0(1.00e+00)1(1.00e+00)2(1.00e+00)3(1.00e+00)
197:2(1.40e+01)0(1.10e+01)3(6.00e+00)1(6.00e+00)
198:2(1.51e+02)1(1.19e+02)0(7.83e+01)3(7.04e+01)
199:2(6.08e+00)0(6.00e+00)1(5.00e+00)3(2.00e+00)
200:0(3.62e+01)1(3.58e+01)2(2.93e+01)3(2.12e+01)
201:2(2.00e+02)3(1.78e+02)0(1.64e+02)1(1.59e+02)
202:2(5.00e+00)1(3.00e+00)3(3.00e+00)0(2.00e+00)
203:2(3.54e+02)0(2.91e+02)3(1.92e+02)1(1.86e+02)
204:2(1.76e+02)3(1.73e+02)0(1.34e+02)1(1.09e+02)
205:0(8.00e+00)1(8.00e+00)2(6.00e+00)3(5.00e+00)
206:3(1.55e+01)1(1.47e+01)2(1.30e+01)0(8.00e+00)
207:2(1.20e+01)1(9.00e+00)3(7.00e+00)0(7.00e+00)
208:2(6.00e+00)0(5.00e+00)3(4.00e+00)1(4.00e+00)
209:2(7.00e+00)3(6.00e+00)1(3.00e+00)0(2.00e+00)
210:2(1.50e+01)0(1.00e+01)1(9.06e+00)3(8.99e+00)
211:2(4.00e+00)0(3.00e+00)1(3.00e+00)3(2.00e+00)
212:2(1.85e+01)0(1.30e+01)1(7.00e+00)3(6.00e+00)
213:2(7.15e+01)1(6.62e+01)0(4.01e+01)3(3.47e+01)
214:0(5.00e+00)1(4.00e+00)2(3.00e+00)3(2.00e+00)
215:1(4.00e+00)3(4.00e+00)2(3.00e+00)0(1.00e+00)
216:1(6.50e+01)0(6.47e+01)2(4.97e+01)3(2.41e+01)
217:2(1.90e+01)1(1.70e+01)3(1.69e+01)0(1.10e+01)
218:2(2.50e+01)3(2.36e+01)1(2.10e+01)0(1.28e+01)
219:0(6.00e+00)3(5.00e+00)2(5.00e+00)1(5.00e+00)
220:0(5.81e+01)3(4.75e+01)2(3.96e+01)1(3.95e+01)
221:2(2.82e+01)1(2.58e+01)0(2.25e+01)3(2.25e+01)
222:0(1.20e+01)2(7.00e+00)3(7.00e+00)1(5.00e+00)
223:2(1.40e+01)0(1.40e+01)3(9.99e+00)1(8.00e+00)
224:1(1.00e+01)2(6.00e+00)3(5.00e+00)0(4.00e+00)
225:3(4.28e+02)1(3.99e+02)2(3.56e+02)0(3.29e+02)
226:2(7.00e+00)0(6.00e+00)1(6.00e+00)3(2.00e+00)
227:2(6.00e+01)1(5.18e+01)0(4.05e+01)3(2.85e+01)
228:0(1.80e+01)1(1.70e+01)3(1.20e+01)2(1.00e+01)
229:1(3.75e+01)3(2.75e+01)2(2.18e+01)0(1.60e+01)
230:1(3.37e+01)0(3.21e+01)2(2.32e+01)3(2.20e+01)
231:2(1.40e+01)0(8.00e+00)3(7.00e+00)1(6.00e+00)
232:1(3.46e+02)2(3.28e+02)3(2.67e+02)0(1.84e+02)
233:1(1.09e+01)2(1.09e+01)0(7.00e+00)3(4.00e+00)
234:0(2.39e+01)1(1.71e+01)3(1.30e+01)2(1.20e+01)
235:2(7.59e+01)3(6.65e+01)0(6.41e+01)1(6.23e+01)
236:2(7.34e+01)3(5.87e+01)1(5.39e+01)0(4.83e+01)
237:1(1.69e+01)3(1.20e+01)2(1.10e+01)0(6.00e+00)
238:0(2.75e+01)2(2.72e+01)1(2.30e+01)3(1.84e+01)
239:1(7.18e+01)3(3.55e+01)2(3.32e+01)0(2.97e+01)
240:3(1.34e+01)1(1.12e+01)2(1.00e+01)0(7.78e+00)
241:1(1.78e+02)2(1.70e+02)0(1.61e+02)3(1.24e+02)
242:0(4.27e+01)2(3.57e+01)1(3.13e+01)3(9.05e+00)
243:2(1.15e+02)1(1.05e+02)0(5.48e+01)3(5.28e+01)
244:0(1.62e+02)3(1.39e+02)2(1.35e+02)1(1.28e+02)
245:2(3.53e+01)3(2.40e+01)0(2.38e+01)1(1.30e+01)
246:3(4.16e+01)1(3.89e+01)0(3.66e+01)2(3.41e+01)
247:2(1.04e+02)3(7.71e+01)0(6.37e+01)1(5.38e+01)
248:0(1.76e+02)1(1.28e+02)2(1.07e+02)3(8.00e+01)
249:3(1.82e+02)1(1.82e+02)2(1.51e+02)0(1.28e+02)
250:2(6.62e+01)0(6.07e+01)1(3.98e+01)3(3.88e+01)
251:2(4.76e+01)3(3.28e+01)0(2.89e+01)1(2.69e+01)
252:1(4.34e+01)2(3.14e+01)3(2.69e+01)0(2.59e+01)
253:0(4.38e+01)2(4.28e+01)1(2.99e+01)3(2.73e+01)
254:3(4.34e+01)1(4.13e+01)2(3.57e+01)0(3.10e+01)
255:2(3.97e+01)1(3.62e+01)3(3.41e+01)0(2.55e+01)
256:1(8.70e+01)2(7.21e+01)0(6.24e+01)3(5.46e+01)
257:3(9.35e+01)0(9.16e+01)1(8.98e+01)2(8.77e+01)
258:2(1.16e+02)1(9.57e+01)0(8.93e+01)3(7.52e+01)
259:2(1.70e+02)0(1.27e+02)1(1.13e+02)3(1.11e+02)
260:2(9.81e+01)0(8.97e+01)3(7.06e+01)1(5.76e+01)
261:2(1.79e+02)3(1.13e+02)1(1.08e+02)0(5.43e+01)
262:2(9.35e+01)1(8.04e+01)0(5.36e+01)3(5.09e+01)
263:3(2.10e+02)1(2.09e+02)2(1.90e+02)0(1.79e+02)
264:0(2.50e+01)2(2.18e+01)3(1.99e+01)1(1.11e+01)
265:1(6.74e+01)3(4.86e+01)0(4.21e+01)2(3.45e+01)
266:0(2.94e+01)2(1.44e+01)1(1.00e+01)3(8.75e+00)
267:2(1.12e+02)3(7.09e+01)0(6.73e+01)1(3.94e+01)
268:2(2.69e+01)1(2.26e+01)3(2.10e+01)0(1.29e+01)
269:1(4.11e+01)2(4.10e+01)0(2.87e+01)3(2.23e+01)
270:2(1.00e+01)1(9.01e+00)3(4.98e+00)0(3.00e+00)
271:1(1.00e+01)3(9.00e+00)2(7.99e+00)0(7.00e+00)
272:1(1.51e+01)3(9.98e+00)2(9.16e+00)0(7.00e+00)
273:2(2.50e+01)0(2.40e+01)1(8.00e+00)3(6.00e+00)
274:1(8.96e+01)0(4.61e+01)2(3.36e+01)3(2.53e+01)
275:0(7.19e+01)3(6.24e+01)1(5.77e+01)2(5.38e+01)
276:2(2.19e+01)1(1.90e+01)0(1.81e+01)3(1.40e+01)
277:1(2.48e+01)3(1.94e+01)2(1.32e+01)0(8.61e+00)
278:1(1.51e+02)2(6.24e+01)0(5.67e+01)3(3.66e+01)
279:0(6.43e+01)2(4.49e+01)1(3.95e+01)3(2.31e+01)
280:3(5.70e+01)2(5.63e+01)1(5.61e+01)0(2.92e+01)
281:1(1.04e+02)2(8.23e+01)0(5.87e+01)3(5.84e+01)
282:3(2.19e+01)1(1.96e+01)2(1.29e+01)0(1.21e+01)
283:0(4.49e+01)2(4.20e+01)1(1.87e+01)3(1.81e+01)
284:2(1.73e+02)3(1.36e+02)0(1.03e+02)1(9.71e+01)
285:1(1.85e+01)2(1.30e+01)0(1.10e+01)3(1.08e+01)
286:0(1.69e+01)2(1.22e+01)3(1.10e+01)1(8.00e+00)
287:1(1.91e+01)3(1.50e+01)2(1.39e+01)0(5.08e+00)
288:2(8.01e+01)0(7.98e+01)3(3.45e+01)1(2.27e+01)
289:0(2.90e+02)2(2.00e+02)1(1.75e+02)3(8.72e+01)
290:2(1.80e+02)0(1.62e+02)1(1.61e+02)3(6.20e+01)
291:0(7.73e+01)2(4.62e+01)3(3.90e+01)1(3.34e+01)
292:1(6.81e+01)3(6.46e+01)2(5.96e+01)0(3.49e+01)
293:2(6.61e+01)0(4.92e+01)3(4.35e+01)1(3.87e+01)
294:0(3.21e+01)2(1.80e+01)3(1.63e+01)1(1.20e+01)
295:2(1.21e+02)1(1.18e+02)3(8.52e+01)0(7.43e+01)
296:2(3.42e+01)3(3.39e+01)1(3.12e+01)0(2.20e+01)
297:2(9.20e+01)3(9.07e+01)1(6.82e+01)0(5.52e+01)
298:2(1.06e+02)3(8.26e+01)1(6.41e+01)0(4.36e+01)
299:2(5.91e+01)1(5.17e+01)3(4.64e+01)0(2.76e+01)
300:2(2.96e+02)1(2.73e+02)3(2.45e+02)0(1.14e+02)
301:1(1.93e+02)2(1.23e+02)3(1.10e+02)0(8.46e+01)
302:2(1.22e+02)1(1.08e+02)0(7.01e+01)3(6.95e+01)
303:2(2.60e+01)1(2.25e+01)0(2.24e+01)3(1.30e+01)
304:0(2.91e+01)2(2.02e+01)3(1.22e+01)1(9.87e+00)
305:1(2.18e+01)3(1.51e+01)2(1.10e+01)0(7.70e+00)
306:2(1.78e+02)0(1.52e+02)1(1.18e+02)3(7.75e+01)
307:2(1.37e+02)0(1.32e+02)3(1.26e+02)1(1.15e+02)
308:1(3.28e+01)2(2.52e+01)3(2.12e+01)0(1.68e+01)
309:1(1.64e+01)2(1.56e+01)0(1.36e+01)3(1.04e+01)
310:2(1.47e+02)0(1.25e+02)1(8.76e+01)3(7.36e+01)
311:2(7.00e+00)0(6.00e+00)1(4.00e+00)3(4.00e+00)
312:2(1.55e+02)0(1.50e+02)1(8.15e+01)3(7.79e+01)
313:2(1.31e+02)1(8.39e+01)0(7.88e+01)3(5.90e+01)
314:2(6.00e+00)1(5.00e+00)3(5.00e+00)0(4.00e+00)
315:0(1.12e+02)2(1.10e+02)3(6.94e+01)1(6.22e+01)
316:0(1.18e+02)2(7.94e+01)1(5.73e+01)3(5.30e+01)
317:2(1.51e+02)1(1.26e+02)3(1.19e+02)0(7.22e+01)
318:2(1.31e+02)0(1.24e+02)3(1.20e+02)1(9.77e+01)
319:0(7.00e+00)2(6.00e+00)1(6.00e+00)3(4.00e+00)
320:2(1.86e+01)0(1.72e+01)3(1.02e+01)1(8.23e+00)
321:2(3.19e+01)0(1.71e+01)1(1.69e+01)3(1.40e+01)
322:1(8.20e+00)0(6.00e+00)3(6.00e+00)2(4.06e+00)
323:1(1.33e+02)0(1.22e+02)3(1.21e+02)2(9.45e+01)
324:1(1.24e+02)2(1.19e+02)3(9.17e+01)0(7.98e+01)
325:3(1.93e+02)1(1.77e+02)2(1.72e+02)0(1.65e+02)
326:3(8.17e+01)2(7.56e+01)0(5.54e+01)1(5.05e+01)
327:2(4.98e+01)0(2.01e+01)1(2.00e+01)3(1.99e+01)
328:2(2.56e+01)1(2.13e+01)3(2.01e+01)0(1.70e+01)
329:2(2.20e+01)0(1.70e+01)1(1.10e+01)3(1.00e+01)
330:3(4.50e+01)1(3.15e+01)0(3.09e+01)2(2.96e+01)
331:2(9.05e+01)1(6.71e+01)3(6.29e+01)0(5.42e+01)
332:0(1.19e+02)3(1.18e+02)2(1.10e+02)1(8.80e+01)
333:1(1.14e+01)3(1.00e+01)2(8.58e+00)0(8.00e+00)
334:2(1.27e+02)0(1.23e+02)1(1.14e+02)3(1.06e+02)
335:2(1.70e+01)1(1.60e+01)0(1.10e+01)3(9.00e+00)
336:2(1.12e+01)0(1.00e+01)1(5.00e+00)3(4.00e+00)
337:2(3.91e+01)0(2.76e+01)1(2.35e+01)3(1.72e+01)
338:1(1.33e+01)2(1.07e+01)0(1.00e+01)3(8.99e+00)
339:0(6.00e+00)2(5.00e+00)3(5.00e+00)1(5.00e+00)
340:1(2.17e+01)3(1.43e+01)0(1.16e+01)2(1.11e+01)
341:2(2.06e+02)1(1.25e+02)3(1.00e+02)0(9.62e+01)
342:2(6.59e+01)0(3.42e+01)1(2.52e+01)3(2.02e+01)
343:1(1.01e+02)3(8.53e+01)2(8.10e+01)0(5.76e+01)
344:1(2.31e+01)2(2.19e+01)3(2.10e+01)0(1.76e+01)
345:3(1.41e+02)2(1.25e+02)1(1.10e+02)0(7.67e+01)
346:1(8.99e+00)3(6.01e+00)2(5.00e+00)0(4.00e+00)
347:2(1.12e+02)1(1.09e+02)3(5.19e+01)0(4.65e+01)
348:2(1.84e+01)0(1.50e+01)3(1.30e+01)1(1.20e+01)
349:1(5.26e+01)3(3.40e+01)0(3.35e+01)2(3.30e+01)
350:3(1.69e+02)2(1.69e+02)1(1.23e+02)0(1.06e+02)
351:2(3.50e+01)1(3.06e+01)3(2.14e+01)0(1.62e+01)
352:0(8.12e+01)2(7.96e+01)3(6.63e+01)1(6.54e+01)
353:3(4.44e+01)2(3.85e+01)0(2.85e+01)1(2.34e+01)
354:1(1.48e+02)2(1.19e+02)3(1.10e+02)0(9.94e+01)
355:2(9.01e+00)1(9.00e+00)0(6.00e+00)3(4.00e+00)
356:0(5.00e+00)2(3.00e+00)1(2.00e+00)3(2.00e+00)
357:2(1.58e+02)1(1.35e+02)0(1.09e+02)3(1.07e+02)
358:2(5.84e+01)1(5.13e+01)0(4.68e+01)3(4.41e+01)
359:1(4.00e+00)2(3.00e+00)0(5.00e-01)3(5.00e-01)
360:2(1.60e+01)0(1.50e+01)3(9.01e+00)1(9.00e+00)
361:3(1.76e+01)1(1.63e+01)2(1.58e+01)0(1.50e+01)
362:1(4.00e+00)3(4.00e+00)2(3.00e+00)0(1.00e+00)
363:2(5.98e+01)1(4.34e+01)3(3.30e+01)0(3.09e+01)
364:2(1.40e+01)3(9.99e+00)0(9.02e+00)1(5.00e+00)
365:2(7.05e+01)1(4.41e+01)3(3.80e+01)0(2.98e+01)
366:1(1.01e+02)0(9.93e+01)2(9.44e+01)3(5.40e+01)
367:1(4.02e+01)2(2.74e+01)3(1.41e+01)0(1.12e+01)
368:2(7.30e+01)3(4.43e+01)0(4.33e+01)1(4.08e+01)
369:0(5.36e+01)2(5.09e+01)1(4.43e+01)3(3.20e+01)
370:0(8.65e+01)3(7.99e+01)1(7.87e+01)2(7.22e+01)
371:1(1.36e+02)2(8.68e+01)0(8.13e+01)3(6.85e+01)
372:1(3.01e+02)2(2.85e+02)0(1.45e+02)3(1.21e+02)
373:3(6.74e+01)2(6.55e+01)1(6.35e+01)0(4.65e+01)
374:0(1.68e+02)2(1.55e+02)3(1.25e+02)1(1.23e+02)
375:0(4.93e+01)3(3.38e+01)2(3.16e+01)1(3.15e+01)
376:3(5.76e+01)2(5.17e+01)1(4.65e+01)0(2.97e+01)
377:1(6.28e+01)2(4.66e+01)0(3.76e+01)3(3.47e+01)
378:2(1.07e+02)3(7.88e+01)1(7.15e+01)0(6.74e+01)
379:0(4.00e+00)1(2.00e+00)3(2.00e+00)2(1.00e+00)
380:2(1.31e+02)3(1.20e+02)1(9.59e+01)0(8.79e+01)
381:2(6.16e+01)3(5.92e+01)1(4.57e+01)0(4.48e+01)
382:2(3.79e+01)3(2.88e+01)0(1.99e+01)1(1.72e+01)
383:3(5.17e+01)2(4.90e+01)0(4.67e+01)1(3.50e+01)
384:1(4.27e+02)2(3.96e+02)3(3.29e+02)0(3.07e+02)
385:3(7.70e+01)0(5.91e+01)2(5.54e+01)1(5.35e+01)
386:1(8.00e+00)2(6.00e+00)3(4.00e+00)0(2.00e+00)
387:2(5.15e+01)3(3.77e+01)1(3.72e+01)0(2.74e+01)
388:1(1.20e+01)2(1.10e+01)3(1.00e+01)0(5.00e+00)
389:0(2.10e+01)3(1.90e+01)1(1.78e+01)2(1.02e+01)
390:2(4.89e+01)1(2.86e+01)0(2.66e+01)3(1.46e+01)
391:2(3.41e+01)1(3.05e+01)0(2.39e+01)3(1.29e+01)
392:1(3.05e+01)2(2.22e+01)3(2.15e+01)0(1.40e+01)
393:1(4.49e+01)0(3.47e+01)3(2.11e+01)2(1.35e+01)
394:2(7.20e+01)0(6.12e+01)3(3.90e+01)1(3.74e+01)
395:0(4.69e+01)3(3.81e+01)2(3.43e+01)1(2.75e+01)
396:1(1.01e+01)2(1.00e+01)0(9.00e+00)3(8.92e+00)
397:0(4.30e+01)2(3.62e+01)3(3.36e+01)1(2.79e+01)
398:0(1.50e+01)3(1.40e+01)2(1.30e+01)1(7.00e+00)
399:2(4.92e+01)1(3.43e+01)0(3.38e+01)3(2.05e+01)
400:1(6.27e+01)2(4.64e+01)0(4.02e+01)3(3.52e+01)
401:0(4.92e+01)2(4.81e+01)1(3.39e+01)3(2.92e+01)
402:1(5.64e+01)2(4.10e+01)3(2.48e+01)0(2.00e+01)
403:1(8.32e+01)2(6.66e+01)3(6.46e+01)0(5.84e+01)
404:1(1.52e+01)2(1.28e+01)3(1.01e+01)0(8.00e+00)
405:1(2.09e+02)2(1.75e+02)3(1.26e+02)0(1.16e+02)
406:0(1.93e+02)3(1.70e+02)2(1.68e+02)1(9.61e+01)
407:1(2.02e+01)2(1.79e+01)0(1.32e+01)3(1.08e+01)
408:1(1.49e+02)3(1.12e+02)2(1.05e+02)0(9.01e+01)
409:2(2.72e+01)3(2.31e+01)1(2.18e+01)0(1.13e+01)
410:0(9.01e+01)2(8.48e+01)3(8.30e+01)1(4.26e+01)
411:0(1.87e+02)2(1.85e+02)1(1.34e+02)3(8.66e+01)
412:2(1.12e+02)3(1.03e+02)0(7.96e+01)1(5.22e+01)
413:3(4.93e+01)2(4.75e+01)1(4.68e+01)0(4.20e+01)
414:3(2.76e+01)0(2.74e+01)2(1.40e+01)1(1.20e+01)
415:2(5.19e+01)1(5.03e+01)3(3.72e+01)0(3.58e+01)
416:2(2.82e+01)0(2.56e+01)1(1.91e+01)3(1.76e+01)
417:2(2.44e+01)0(1.49e+01)1(1.10e+01)3(6.00e+00)
418:0(1.36e+02)1(1.28e+02)2(1.26e+02)3(9.50e+01)
419:3(1.06e+02)1(8.96e+01)2(8.55e+01)0(7.82e+01)
420:2(3.62e+01)0(3.25e+01)1(3.21e+01)3(2.44e+01)
421:1(1.01e+02)2(7.31e+01)3(5.51e+01)0(5.14e+01)
422:2(3.60e+01)3(2.53e+01)1(2.26e+01)0(1.80e+01)
423:3(8.19e+01)0(6.46e+01)1(6.08e+01)2(4.65e+01)
424:2(2.98e+02)0(2.69e+02)1(1.58e+02)3(1.44e+02)
425:3(4.35e+01)1(3.68e+01)0(3.62e+01)2(3.18e+01)
426:1(1.10e+01)3(1.00e+01)2(8.00e+00)0(5.00e+00)
427:0(1.08e+02)2(1.01e+02)1(6.44e+01)3(5.11e+01)
428:3(4.06e+01)2(3.14e+01)0(2.94e+01)1(2.57e+01)
429:2(2.09e+02)3(1.68e+02)1(1.43e+02)0(1.42e+02)
430:1(5.71e+01)2(5.35e+01)0(4.80e+01)3(4.10e+01)
431:0(1.33e+02)2(1.25e+02)1(9.44e+01)3(6.00e+01)
432:1(1.05e+02)0(8.62e+01)2(4.31e+01)3(4.28e+01)
433:2(4.21e+01)0(3.62e+01)1(2.17e+01)3(1.65e+01)
434:1(3.13e+01)0(2.29e+01)3(2.09e+01)2(1.72e+01)
435:2(7.48e+01)1(3.63e+01)0(2.91e+01)3(2.61e+01)
436:2(1.38e+02)1(1.02e+02)0(8.83e+01)3(7.76e+01)
437:3(1.84e+02)1(1.63e+02)2(1.49e+02)0(1.31e+02)
438:2(4.00e+00)1(3.00e+00)0(2.00e+00)3(1.00e+00)
439:0(1.19e+02)2(4.49e+01)1(3.97e+01)3(2.60e+01)
440:1(7.00e+00)0(6.00e+00)2(4.00e+00)3(4.00e+00)
441:0(2.56e+01)1(2.11e+01)2(1.73e+01)3(1.59e+01)
442:0(1.20e+01)3(1.10e+01)1(1.10e+01)2(7.34e+00)
443:2(5.39e+01)3(4.17e+01)0(4.01e+01)1(3.55e+01)
444:0(9.32e+01)2(7.78e+01)1(6.21e+01)3(4.24e+01)
445:0(2.08e+02)2(1.91e+02)1(1.80e+02)3(1.15e+02)
446:0(6.99e+01)1(5.50e+01)2(4.51e+01)3(4.02e+01)
447:2(6.85e+01)1(6.36e+01)0(3.53e+01)3(3.04e+01)
448:2(6.78e+01)0(4.21e+01)1(3.06e+01)3(2.64e+01)
449:1(1.40e+01)2(5.00e+00)3(4.00e+00)0(4.00e+00)
450:1(2.81e+01)2(2.69e+01)0(1.00e+01)3(7.00e+00)
451:2(4.20e+01)0(3.90e+01)1(1.93e+01)3(1.60e+01)
452:2(3.82e+01)3(2.91e+01)0(2.15e+01)1(1.83e+01)
453:1(6.07e+01)2(3.94e+01)0(2.48e+01)3(1.76e+01)
454:2(1.37e+01)0(1.12e+01)1(1.10e+01)3(1.01e+01)
455:1(5.55e+01)0(5.50e+01)2(5.42e+01)3(4.07e+01)
456:1(2.73e+01)2(2.46e+01)0(1.40e+01)3(1.30e+01)
457:2(3.14e+01)0(2.87e+01)3(2.85e+01)1(2.58e+01)
458:2(6.55e+01)0(3.43e+01)3(2.56e+01)1(2.26e+01)
459:1(7.16e+01)3(5.84e+01)2(5.61e+01)0(3.00e+01)
460:2(2.94e+01)0(2.38e+01)1(2.22e+01)3(1.20e+01)
461:1(9.00e+01)2(7.29e+01)0(5.54e+01)3(4.75e+01)
462:0(4.23e+01)2(3.92e+01)3(2.31e+01)1(1.90e+01)
463:2(8.00e+00)1(7.00e+00)0(7.00e+00)3(5.00e+00)
464:3(1.11e+02)2(9.48e+01)1(8.39e+01)0(7.85e+01)
465:1(1.72e+01)3(1.28e+01)0(1.10e+01)2(1.10e+01)
466:2(1.63e+02)3(1.48e+02)0(1.09e+02)1(1.03e+02)
467:0(3.03e+01)1(2.23e+01)2(2.21e+01)3(2.20e+01)
468:1(3.96e+01)2(2.17e+01)0(1.90e+01)3(1.50e+01)
469:1(9.01e+00)3(8.00e+00)0(7.00e+00)2(7.00e+00)
470:1(6.62e+01)2(5.00e+01)3(4.49e+01)0(3.82e+01)
471:2(3.02e+01)0(2.82e+01)1(2.43e+01)3(1.90e+01)
472:0(2.48e+01)1(2.30e+01)2(2.07e+01)3(1.79e+01)
473:1(1.43e+02)2(1.40e+02)3(1.32e+02)0(9.14e+01)
474:2(4.36e+01)1(4.02e+01)0(3.48e+01)3(2.97e+01)
475:2(1.10e+01)1(7.00e+00)0(7.00e+00)3(4.00e+00)
476:0(3.50e+01)2(3.15e+01)1(3.14e+01)3(2.52e+01)
477:2(2.17e+02)1(1.91e+02)3(1.30e+02)0(1.15e+02)
478:2(3.71e+01)0(3.26e+01)1(3.19e+01)3(2.45e+01)
479:2(7.50e+01)1(4.69e+01)0(3.83e+01)3(3.44e+01)
480:1(8.05e+01)2(7.67e+01)3(6.02e+01)0(4.50e+01)
481:2(8.91e+01)3(7.65e+01)1(6.80e+01)0(6.19e+01)
482:2(5.19e+01)1(4.23e+01)0(3.45e+01)3(2.91e+01)
483:2(7.51e+01)3(6.66e+01)1(5.44e+01)0(5.42e+01)
484:1(8.29e+01)3(7.89e+01)0(7.63e+01)2(6.14e+01)
485:2(8.09e+01)0(7.38e+01)3(6.34e+01)1(5.05e+01)
486:2(1.90e+02)1(1.75e+02)0(1.69e+02)3(1.55e+02)
487:3(5.58e+01)2(5.57e+01)0(5.00e+01)1(4.57e+01)
488:1(5.13e+01)2(5.07e+01)3(3.44e+01)0(2.65e+01)
489:2(2.62e+01)3(2.53e+01)1(2.19e+01)0(1.70e+01)
490:2(1.41e+02)1(1.07e+02)3(6.76e+01)0(6.01e+01)
491:2(5.05e+01)0(4.89e+01)1(4.13e+01)3(3.68e+01)
492:1(5.75e+01)2(3.34e+01)3(3.11e+01)0(1.90e+01)
493:2(2.36e+02)1(2.06e+02)0(1.95e+02)3(1.66e+02)
494:3(4.00e+00)2(4.00e+00)1(3.00e+00)0(2.00e+00)
495:2(6.13e+01)0(5.20e+01)1(5.17e+01)3(4.86e+01)
496:2(3.82e+01)1(2.96e+01)3(1.30e+01)0(6.81e+00)
497:0(1.16e+02)2(1.05e+02)3(6.66e+01)1(5.80e+01)
498:0(7.02e+01)3(6.46e+01)2(6.04e+01)1(4.91e+01)
499:0(8.41e+01)2(7.68e+01)1(7.34e+01)3(4.46e+01)
500:0(3.97e+01)2(2.91e+01)1(2.09e+01)3(1.61e+01)
501:0(5.27e+01)1(4.26e+01)2(4.19e+01)3(3.58e+01)
502:0(1.60e+01)2(1.59e+01)3(1.10e+01)1(9.00e+00)
503:0(5.15e+01)1(5.02e+01)2(4.57e+01)3(2.38e+01)
504:2(4.06e+01)1(2.76e+01)3(2.27e+01)0(1.24e+01)
505:3(6.21e+01)0(6.15e+01)2(5.17e+01)1(4.99e+01)
506:2(2.09e+01)0(1.68e+01)1(1.59e+01)3(1.30e+01)
507:0(6.23e+01)2(6.18e+01)1(5.84e+01)3(4.76e+01)
508:2(1.58e+02)1(1.49e+02)3(6.01e+01)0(3.63e+01)
509:1(8.50e+01)2(6.20e+01)3(5.50e+01)0(4.79e+01)
510:1(1.70e+02)2(1.69e+02)3(9.82e+01)0(7.80e+01)
511:1(4.03e+01)3(3.03e+01)0(2.01e+01)2(1.95e+01)
512:1(2.20e+01)3(1.40e+01)2(1.38e+01)0(1.30e+01)
513:1(2.06e+01)0(1.50e+01)2(1.10e+01)3(9.00e+00)
514:1(8.02e+01)2(6.38e+01)0(5.71e+01)3(4.45e+01)
515:1(1.09e+02)2(9.20e+01)3(8.93e+01)0(6.06e+01)
516:2(2.48e+01)1(1.58e+01)0(1.17e+01)3(1.01e+01)
517:1(1.19e+02)2(7.62e+01)0(4.35e+01)3(3.36e+01)
518:2(2.39e+02)3(1.79e+02)0(1.07e+02)1(1.00e+02)
519:1(1.50e+02)2(7.79e+01)0(7.77e+01)3(5.47e+01)
520:2(5.70e+01)0(3.63e+01)1(2.84e+01)3(2.66e+01)
521:1(2.10e+01)2(8.00e+00)3(5.00e+00)0(5.00e+00)
522:2(1.40e+01)0(1.40e+01)1(9.00e+00)3(4.00e+00)
523:2(7.00e+00)1(4.00e+00)0(3.00e+00)3(3.00e+00)
524:2(1.05e+01)0(9.00e+00)1(6.52e+00)3(4.00e+00)
525:1(1.10e+01)2(5.00e+00)0(2.00e+00)3(2.00e+00)
526:2(8.00e+00)0(3.00e+00)1(3.00e+00)3(3.00e+00)
527:1(1.91e+02)2(1.68e+02)3(1.45e+02)0(1.44e+02)
528:2(1.60e+01)1(1.00e+01)3(7.00e+00)0(3.00e+00)
529:2(2.65e+01)0(1.90e+01)3(1.42e+01)1(1.22e+01)
530:2(1.40e+01)1(5.00e+00)0(4.00e+00)3(4.00e+00)
531:0(7.00e+00)2(6.00e+00)3(5.00e+00)1(4.00e+00)
532:0(3.67e+01)2(3.00e+01)3(1.69e+01)1(1.60e+01)
533:1(3.20e+01)2(2.97e+01)0(2.85e+01)3(1.20e+01)
534:1(7.00e+00)2(5.00e+00)0(2.00e+00)3(2.00e+00)
535:1(1.20e+01)0(8.00e+00)3(8.00e+00)2(7.00e+00)
536:2(9.00e+00)0(8.00e+00)3(5.99e+00)1(5.01e+00)
537:0(2.92e+01)1(2.00e+01)2(1.97e+01)3(7.99e+00)
538:2(2.00e+00)3(2.00e+00)0(1.00e+00)1(1.00e+00)
539:2(8.00e+00)0(7.00e+00)1(4.00e+00)3(3.00e+00)
540:0(9.00e+00)2(6.00e+00)1(4.00e+00)3(4.00e+00)
541:0(4.00e+00)2(4.00e+00)3(4.00e+00)1(2.00e+00)
542:1(4.00e+00)0(3.00e+00)2(3.00e+00)3(2.00e+00)
543:0(1.00e+01)2(6.00e+00)3(4.00e+00)1(3.00e+00)
544:0(2.50e+01)2(1.70e+01)1(1.61e+01)3(1.40e+01)
545:2(1.10e+01)3(7.97e+00)0(6.00e+00)1(5.03e+00)
546:3(6.62e+01)0(6.40e+01)1(5.25e+01)2(3.93e+01)
547:2(3.00e+00)0(2.00e+00)1(2.00e+00)3(1.00e+00)
548:2(7.00e+00)3(5.00e+00)0(5.00e+00)1(5.00e+00)
549:2(9.97e+00)0(7.03e+00)3(6.00e+00)1(3.00e+00)
550:2(4.55e+01)1(4.35e+01)3(3.42e+01)0(2.53e+01)
551:0(1.20e+01)3(8.00e+00)2(7.00e+00)1(5.00e+00)
552:0(2.41e+01)2(2.10e+01)1(1.88e+01)3(1.73e+01)
553:1(1.20e+01)0(1.10e+01)2(8.00e+00)3(6.00e+00)
554:1(7.00e+00)3(5.00e+00)0(3.00e+00)2(2.00e+00)
555:1(7.00e+00)2(5.00e+00)0(2.00e+00)3(2.00e+00)
556:0(1.50e+01)1(1.10e+01)3(1.10e+01)2(9.00e+00)
557:2(8.00e+00)0(6.00e+00)1(2.00e+00)3(1.00e+00)
558:0(1.00e+01)2(5.00e+00)1(2.00e+00)3(1.00e+00)
559:1(7.00e+00)2(6.01e+00)0(4.99e+00)3(4.00e+00)
560:2(1.43e+02)3(9.04e+01)1(8.49e+01)0(7.54e+01)
561:1(9.05e+01)3(7.01e+01)0(6.89e+01)2(4.41e+01)
562:0(2.50e+01)1(1.80e+01)2(9.95e+00)3(7.01e+00)
563:2(5.57e+01)0(2.87e+01)1(1.85e+01)3(8.00e+00)
564:2(2.56e+01)1(1.90e+01)3(1.10e+01)0(8.06e+00)
565:2(2.49e+01)1(2.39e+01)0(1.80e+01)3(9.00e+00)
566:2(1.65e+02)0(1.57e+02)1(9.95e+01)3(6.59e+01)
567:2(5.00e+00)1(4.00e+00)3(3.00e+00)0(2.00e+00)
568:1(3.15e+01)2(2.63e+01)3(2.28e+01)0(2.10e+01)
569:1(1.11e+02)3(7.75e+01)2(6.74e+01)0(5.16e+01)
570:2(1.31e+02)0(8.89e+01)1(8.21e+01)3(6.25e+01)
571:0(2.83e+01)1(2.11e+01)2(2.11e+01)3(1.36e+01)
572:1(1.96e+02)2(1.52e+02)0(1.29e+02)3(1.26e+02)
573:2(2.20e+01)1(1.70e+01)3(1.40e+01)0(1.30e+01)
574:2(4.20e+01)0(2.91e+01)1(2.45e+01)3(1.36e+01)
575:0(1.10e+02)1(1.07e+02)2(9.46e+01)3(7.02e+01)
576:2(5.32e+01)1(3.08e+01)0(2.00e+01)3(1.79e+01)
577:2(1.51e+02)1(1.25e+02)0(1.23e+02)3(1.02e+02)
578:0(1.02e+01)2(9.83e+00)1(3.00e+00)3(2.00e+00)
579:0(1.80e+01)2(1.10e+01)3(7.00e+00)1(7.00e+00)
580:1(1.30e+01)0(1.10e+01)3(7.00e+00)2(4.98e+00)
581:1(1.00e+01)0(8.00e+00)3(6.00e+00)2(6.00e+00)
582:2(1.00e+01)3(7.00e+00)0(5.00e+00)1(2.00e+00)
583:1(7.35e+01)2(7.10e+01)0(6.91e+01)3(6.51e+01)
584:1(4.23e+01)2(3.95e+01)0(3.07e+01)3(2.33e+01)
585:1(1.54e+02)0(1.23e+02)2(8.91e+01)3(7.41e+01)
586:0(6.44e+01)1(5.73e+01)2(4.99e+01)3(2.91e+01)
587:1(1.60e+01)2(1.10e+01)3(9.97e+00)0(8.08e+00)
588:1(1.00e+01)2(6.00e+00)0(4.00e+00)3(2.00e+00)
589:2(9.00e+00)0(6.00e+00)1(5.00e+00)3(2.00e+00)
590:1(6.00e+00)2(6.00e+00)3(3.00e+00)0(1.00e+00)
591:2(1.20e+01)1(6.00e+00)0(5.00e+00)3(4.00e+00)
592:2(1.67e+01)3(1.28e+01)0(1.28e+01)1(1.20e+01)
593:1(2.63e+02)2(1.65e+02)3(1.61e+02)0(8.24e+01)
594:2(1.80e+01)3(1.79e+01)1(1.60e+01)0(1.21e+01)
595:2(7.00e+00)3(6.00e+00)1(4.00e+00)0(4.00e+00)
596:1(3.64e+01)3(3.14e+01)2(2.42e+01)0(2.34e+01)
597:2(7.58e+01)1(4.85e+01)3(4.07e+01)0(3.94e+01)
598:3(2.64e+02)1(2.47e+02)2(1.68e+02)0(1.30e+02)
599:2(3.96e+01)0(3.77e+01)3(2.80e+01)1(1.92e+01)
600:1(2.54e+02)3(1.77e+02)2(1.61e+02)0(1.22e+02)
601:2(1.00e+01)1(7.00e+00)0(7.00e+00)3(6.00e+00)
602:2(2.00e+00)0(1.00e+00)1(1.00e+00)3(1.00e+00)
603:0(4.12e+01)1(3.23e+01)2(2.71e+01)3(1.54e+01)
604:0(3.60e+01)2(3.35e+01)1(2.83e+01)3(1.93e+01)
605:2(2.84e+01)0(1.99e+01)1(1.40e+01)3(1.30e+01)
606:3(1.91e+01)0(1.90e+01)1(1.89e+01)2(1.82e+01)
607:2(6.74e+01)1(5.61e+01)0(2.95e+01)3(2.74e+01)
608:1(4.90e+01)2(4.89e+01)3(4.54e+01)0(2.91e+01)
609:0(5.53e+01)2(4.31e+01)3(2.52e+01)1(2.09e+01)
610:2(2.40e+01)0(2.18e+01)3(1.92e+01)1(1.50e+01)
611:2(1.50e+01)1(9.97e+00)0(8.97e+00)3(6.07e+00)
612:2(1.00e+01)3(5.00e+00)1(5.00e+00)0(4.00e+00)
613:2(2.50e+01)0(2.10e+01)3(1.40e+01)1(1.20e+01)
614:2(1.77e+02)0(1.00e+02)3(6.80e+01)1(6.75e+01)
615:0(1.30e+01)3(1.20e+01)2(1.20e+01)1(7.00e+00)
616:2(1.42e+02)1(1.35e+02)0(1.29e+02)3(1.16e+02)
617:1(1.84e+01)3(1.46e+01)2(1.45e+01)0(6.96e+00)
618:2(2.13e+01)3(2.04e+01)1(1.90e+01)0(1.57e+01)
619:2(3.63e+01)1(3.18e+01)3(1.10e+01)0(4.00e+00)
620:1(5.33e+01)2(4.68e+01)0(4.52e+01)3(3.30e+01)
621:0(2.00e+00)2(2.00e+00)3(2.00e+00)1(1.00e+00)
622:2(1.69e+01)1(8.12e+00)3(7.99e+00)0(6.00e+00)
623:2(4.34e+01)1(3.98e+01)3(3.68e+01)0(3.49e+01)
624:1(1.19e+01)2(1.00e+01)3(1.00e+01)0(4.00e+00)
625:2(1.53e+02)1(1.38e+02)0(6.28e+01)3(5.78e+01)
626:1(1.19e+01)3(1.01e+01)2(9.99e+00)0(7.96e+00)
627:0(1.02e+01)2(9.00e+00)3(8.99e+00)1(8.00e+00)
628:2(2.50e+01)0(2.39e+01)1(2.11e+01)3(1.22e+01)
629:2(1.50e+01)0(6.00e+00)3(6.00e+00)1(3.00e+00)
630:2(1.93e+02)1(1.17e+02)3(8.56e+01)0(8.08e+01)
631:0(7.00e+00)2(6.00e+00)1(4.00e+00)3(2.00e+00)
632:0(2.00e+00)1(2.00e+00)2(2.00e+00)3(1.00e+00)
633:2(7.00e+00)0(7.00e+00)1(6.00e+00)3(6.00e+00)
634:1(8.17e+01)0(5.53e+01)2(5.08e+01)3(3.71e+01)
635:2(3.89e+01)0(3.28e+01)1(1.90e+01)3(1.50e+01)
636:1(1.78e+01)0(1.50e+01)3(1.40e+01)2(1.12e+01)
637:2(2.10e+01)3(1.40e+01)0(1.09e+01)1(8.00e+00)
638:1(8.33e+01)2(8.27e+01)3(7.95e+01)0(4.42e+01)
639:3(9.84e+01)1(8.94e+01)0(7.68e+01)2(6.31e+01)
640:1(3.07e+01)0(2.38e+01)2(2.22e+01)3(2.07e+01)
641:0(1.24e+02)1(1.24e+02)2(1.20e+02)3(1.04e+02)
642:2(4.15e+01)1(2.53e+01)0(2.35e+01)3(1.77e+01)
643:1(9.76e+01)3(7.62e+01)2(7.45e+01)0(7.06e+01)
644:2(3.51e+01)0(2.79e+01)1(1.50e+01)3(1.50e+01)
645:1(1.85e+02)2(1.57e+02)3(1.36e+02)0(1.33e+02)
646:2(8.51e+01)0(7.00e+01)3(4.51e+01)1(4.13e+01)
647:1(1.27e+02)0(1.22e+02)2(1.19e+02)3(6.80e+01)
648:1(3.45e+01)3(2.97e+01)2(2.87e+01)0(2.48e+01)
649:1(3.12e+01)2(2.32e+01)0(2.16e+01)3(1.56e+01)
650:0(1.33e+01)2(1.25e+01)3(1.21e+01)1(1.20e+01)
651:2(5.60e+01)0(4.61e+01)1(3.54e+01)3(3.13e+01)
652:1(5.04e+01)0(4.12e+01)3(3.37e+01)2(3.27e+01)
653:0(1.86e+02)2(1.73e+02)1(1.51e+02)3(1.42e+02)
654:2(6.87e+01)0(5.34e+01)3(2.03e+01)1(1.74e+01)
655:0(6.46e+01)1(4.90e+01)3(4.60e+01)2(4.17e+01)
656:0(3.00e+01)2(3.00e+01)1(1.68e+01)3(1.52e+01)
657:2(7.21e+01)1(5.21e+01)0(3.86e+01)3(3.61e+01)
658:2(3.12e+02)0(2.67e+02)1(2.37e+02)3(1.80e+02)
659:1(1.98e+02)3(1.90e+02)0(1.84e+02)2(1.74e+02)
660:0(1.29e+02)2(1.14e+02)3(1.01e+02)1(9.65e+01)
661:0(6.00e+00)2(5.00e+00)3(4.00e+00)1(2.00e+00)
662:1(1.53e+01)2(1.29e+01)3(1.20e+01)0(7.00e+00)
663:1(7.78e+01)3(6.47e+01)0(5.79e+01)2(4.71e+01)
664:2(1.26e+02)0(1.10e+02)1(1.04e+02)3(9.56e+01)
665:2(2.02e+01)3(1.62e+01)0(1.39e+01)1(1.36e+01)
666:2(5.24e+01)0(5.23e+01)1(5.12e+01)3(3.93e+01)
667:2(6.37e+01)3(4.77e+01)1(4.68e+01)0(4.51e+01)
668:2(1.11e+02)1(9.41e+01)3(9.39e+01)0(9.31e+01)
669:1(6.56e+01)2(5.72e+01)0(4.17e+01)3(3.21e+01)
670:0(8.00e+00)1(4.00e+00)3(4.00e+00)2(3.00e+00)
671:3(9.80e+01)1(9.72e+01)2(9.57e+01)0(9.13e+01)
672:0(2.10e+01)1(1.92e+01)2(1.76e+01)3(1.52e+01)
673:2(2.73e+01)0(2.07e+01)1(1.98e+01)3(1.48e+01)
674:2(3.01e+01)0(1.86e+01)3(1.42e+01)1(8.07e+00)
675:3(1.40e+01)1(1.20e+01)2(9.00e+00)0(5.00e+00)
676:2(3.07e+01)3(3.04e+01)1(2.94e+01)0(1.67e+01)
677:0(6.92e+01)2(6.40e+01)1(6.04e+01)3(4.08e+01)
678:2(7.39e+01)1(7.31e+01)3(4.64e+01)0(3.22e+01)
679:2(3.38e+01)1(3.06e+01)3(2.19e+01)0(1.40e+01)
680:3(6.87e+01)0(5.56e+01)1(5.56e+01)2(3.36e+01)
681:2(4.98e+01)1(3.93e+01)3(3.41e+01)0(3.32e+01)
682:3(9.56e+01)2(7.71e+01)0(7.04e+01)1(6.65e+01)
683:2(4.30e+01)0(4.06e+01)1(3.66e+01)3(2.69e+01)
684:0(3.00e+00)1(2.00e+00)2(2.00e+00)3(2.00e+00)
685:3(1.30e+01)1(1.17e+01)2(9.99e+00)0(9.00e+00)
686:2(9.65e+01)0(5.92e+01)3(4.79e+01)1(3.41e+01)
687:2(2.00e+01)0(1.40e+01)1(1.40e+01)3(1.28e+01)
688:2(7.05e+00)1(7.00e+00)0(3.00e+00)3(2.00e+00)
689:3(6.83e+01)0(6.47e+01)1(6.29e+01)2(5.52e+01)
690:1(4.08e+01)2(3.80e+01)0(3.28e+01)3(3.07e+01)
691:1(3.00e+00)0(2.00e+00)2(2.00e+00)3(2.00e+00)
692:2(2.90e+01)0(1.40e+01)3(1.10e+01)1(7.00e+00)
693:2(2.20e+01)0(1.81e+01)1(1.72e+01)3(1.37e+01)
694:0(1.08e+02)2(6.84e+01)1(6.56e+01)3(5.16e+01)
695:1(1.30e+01)2(8.00e+00)3(4.00e+00)0(3.00e+00)
696:0(7.00e+00)3(6.00e+00)1(5.00e+00)2(5.00e+00)
697:3(1.40e+01)1(1.40e+01)2(1.40e+01)0(1.20e+01)
698:2(4.84e+01)0(3.44e+01)1(1.67e+01)3(1.64e+01)
699:2(1.21e+02)0(9.99e+01)3(6.74e+01)1(5.62e+01)
700:2(1.10e+01)3(7.00e+00)1(5.00e+00)0(3.00e+00)
701:1(1.54e+02)0(1.37e+02)3(1.36e+02)2(1.32e+02)
702:2(7.09e+01)0(6.19e+01)1(5.94e+01)3(4.81e+01)
703:2(6.99e+01)3(6.89e+01)1(5.46e+01)0(3.26e+01)
704:0(1.59e+01)3(1.36e+01)1(1.20e+01)2(1.01e+01)
705:3(3.93e+01)2(3.61e+01)1(3.09e+01)0(1.71e+01)
706:0(1.37e+02)2(1.21e+02)3(1.12e+02)1(1.02e+02)
707:2(1.09e+02)1(8.44e+01)3(7.62e+01)0(5.88e+01)
708:2(1.33e+02)3(7.73e+01)0(7.17e+01)1(4.44e+01)
709:1(3.19e+01)2(2.94e+01)0(2.83e+01)3(2.66e+01)
710:0(1.80e+01)2(1.40e+01)1(1.21e+01)3(8.00e+00)
711:0(9.85e+01)2(8.68e+01)1(7.77e+01)3(5.38e+01)
712:2(4.92e+01)0(4.15e+01)3(2.44e+01)1(1.66e+01)
713:2(4.85e+01)1(3.49e+01)0(3.06e+01)3(2.75e+01)
714:2(3.59e+01)0(2.17e+01)1(1.22e+01)3(6.00e+00)
715:0(5.00e-01)1(5.00e-01)2(5.00e-01)3(5.00e-01)
716:3(4.69e+01)1(4.12e+01)2(2.93e+01)0(1.43e+01)
717:0(5.98e+01)2(5.73e+01)1(5.02e+01)3(3.13e+01)
718:3(2.03e+01)2(1.76e+01)1(1.49e+01)0(1.42e+01)
719:1(2.44e+01)2(2.32e+01)3(1.80e+01)0(1.40e+01)
720:2(1.11e+02)1(8.60e+01)3(5.58e+01)0(4.48e+01)
721:3(9.16e+01)1(7.81e+01)0(7.54e+01)2(6.54e+01)
722:2(4.48e+01)1(2.75e+01)0(2.62e+01)3(1.48e+01)
723:2(2.78e+01)0(1.60e+01)3(1.55e+01)1(1.39e+01)
724:1(5.19e+01)2(4.42e+01)0(3.66e+01)3(3.53e+01)
725:0(3.00e+00)2(2.00e+00)1(1.00e+00)3(1.00e+00)
726:2(5.44e+01)0(4.66e+01)3(2.77e+01)1(2.14e+01)
727:2(3.64e+01)1(2.73e+01)3(2.16e+01)0(2.08e+01)
728:3(6.49e+01)1(5.81e+01)0(5.74e+01)2(5.49e+01)
729:2(2.79e+01)1(2.58e+01)3(1.67e+01)0(1.53e+01)
730:2(4.28e+01)1(3.61e+01)0(2.90e+01)3(2.38e+01)
731:2(1.10e+02)1(5.24e+01)0(4.60e+01)3(4.58e+01)
732:3(1.60e+02)2(1.44e+02)1(1.37e+02)0(9.04e+01)
733:2(1.54e+02)1(8.67e+01)0(8.37e+01)3(6.22e+01)
734:2(9.12e+01)0(6.49e+01)1(5.81e+01)3(4.78e+01)
735:2(1.48e+02)1(9.64e+01)0(8.10e+01)3(7.72e+01)
736:2(7.12e+01)0(5.17e+01)3(3.84e+01)1(3.51e+01)
737:3(6.49e+01)2(6.39e+01)0(5.97e+01)1(5.78e+01)
738:3(1.10e+01)2(1.10e+01)0(9.01e+00)1(6.00e+00)
739:2(4.00e+00)3(4.00e+00)0(3.00e+00)1(2.00e+00)
740:1(6.95e+01)0(5.15e+01)2(4.79e+01)3(2.36e+01)
741:3(3.20e+01)2(2.82e+01)0(2.17e+01)1(1.88e+01)
742:2(2.33e+02)0(2.09e+02)1(9.10e+01)3(8.48e+01)
743:1(2.06e+02)3(1.07e+02)2(9.67e+01)0(8.34e+01)
744:3(5.89e+01)0(5.21e+01)2(5.09e+01)1(4.49e+01)
745:1(1.18e+02)2(9.10e+01)3(8.21e+01)0(7.03e+01)
746:2(2.28e+02)0(1.43e+02)3(1.11e+02)1(9.64e+01)
747:0(7.96e+01)2(7.94e+01)1(6.60e+01)3(5.37e+01)
748:1(9.72e+01)3(8.39e+01)0(7.27e+01)2(6.34e+01)
749:0(8.26e+01)2(7.75e+01)1(5.96e+01)3(3.89e+01)
750:1(5.52e+01)2(4.41e+01)3(3.89e+01)0(3.79e+01)
751:1(3.14e+01)0(2.73e+01)2(2.61e+01)3(2.22e+01)
752:2(8.48e+01)3(7.91e+01)0(6.69e+01)1(6.43e+01)
753:1(5.27e+01)2(3.89e+01)0(2.92e+01)3(2.85e+01)
754:2(7.28e+01)3(7.10e+01)1(6.63e+01)0(4.42e+01)
755:0(6.75e+01)1(5.66e+01)3(5.05e+01)2(3.87e+01)
756:2(4.65e+01)0(4.35e+01)1(3.82e+01)3(3.33e+01)
757:2(7.86e+01)0(7.00e+01)1(5.84e+01)3(4.22e+01)
758:1(1.45e+02)2(1.18e+02)3(1.10e+02)0(6.41e+01)
759:2(1.30e+01)3(1.20e+01)1(1.10e+01)0(9.00e+00)
760:1(3.92e+01)2(1.23e+01)3(7.00e+00)0(4.00e+00)
761:2(1.10e+01)0(6.00e+00)3(2.00e+00)1(1.00e+00)
762:2(1.67e+01)0(1.12e+01)3(1.00e+01)1(7.07e+00)
763:2(2.30e+01)3(1.80e+01)1(1.50e+01)0(9.01e+00)
764:0(1.00e+00)1(1.00e+00)2(1.00e+00)3(1.00e+00)
765:0(1.36e+02)2(1.27e+02)3(8.71e+01)1(8.24e+01)
766:0(6.70e+01)2(5.11e+01)1(5.01e+01)3(2.78e+01)
767:2(2.71e+01)1(2.46e+01)0(1.87e+01)3(1.27e+01)
768:2(2.20e+01)0(1.20e+01)1(1.20e+01)3(8.60e+00)
769:1(2.62e+01)0(2.22e+01)3(1.78e+01)2(1.78e+01)
770:2(4.49e+01)1(4.12e+01)3(3.35e+01)0(2.90e+01)
771:1(1.23e+02)2(7.76e+01)3(7.05e+01)0(5.79e+01)
772:2(6.53e+01)0(5.03e+01)1(4.98e+01)3(4.91e+01)
773:2(1.71e+01)1(1.52e+01)0(1.30e+01)3(1.17e+01)
774:0(4.24e+01)2(3.54e+01)3(2.99e+01)1(2.64e+01)
775:0(1.01e+02)3(6.51e+01)1(5.19e+01)2(3.71e+01)
776:1(3.48e+01)2(2.62e+01)3(1.20e+01)0(9.02e+00)
777:0(4.07e+01)2(3.03e+01)3(1.30e+01)1(1.10e+01)
778:2(2.00e+01)1(1.40e+01)3(1.10e+01)0(8.00e+00)
779:1(6.00e+00)3(6.00e+00)0(5.00e+00)2(4.00e+00)
780:1(1.30e+01)2(9.98e+00)0(8.00e+00)3(8.00e+00)
781:1(1.40e+01)3(1.30e+01)2(1.10e+01)0(1.00e+01)
782:0(1.70e+01)3(1.20e+01)1(1.10e+01)2(7.00e+00)
783:1(2.09e+01)2(2.00e+01)3(1.98e+01)0(1.12e+01)
784:1(1.71e+01)2(1.38e+01)0(1.30e+01)3(1.20e+01)
785:2(1.05e+01)1(1.00e+01)3(1.00e+01)0(9.48e+00)
786:2(1.60e+01)3(1.37e+01)0(1.33e+01)1(9.00e+00)
787:2(7.00e+00)0(6.00e+00)1(6.00e+00)3(6.00e+00)
788:1(4.00e+00)2(3.00e+00)3(3.00e+00)0(2.00e+00)
789:1(4.00e+00)2(3.00e+00)0(2.00e+00)3(2.00e+00)
790:3(2.53e+01)1(2.45e+01)2(2.25e+01)0(1.40e+01)
791:2(3.99e+01)1(2.64e+01)0(2.33e+01)3(1.80e+01)
792:0(2.00e+01)2(1.90e+01)3(1.10e+01)1(1.00e+01)
793:2(2.80e+01)1(2.49e+01)0(1.91e+01)3(1.42e+01)
794:2(7.10e+01)0(5.32e+01)3(4.94e+01)1(3.73e+01)
795:0(3.73e+01)2(3.26e+01)3(2.21e+01)1(2.10e+01)
796:2(4.35e+01)0(4.06e+01)3(4.05e+01)1(3.33e+01)
797:1(8.14e+01)0(7.38e+01)3(6.14e+01)2(3.91e+01)
798:2(3.26e+01)1(3.19e+01)3(2.27e+01)0(2.02e+01)
799:2(3.30e+01)1(2.69e+01)0(2.32e+01)3(1.79e+01)
800:1(1.30e+01)2(1.10e+01)0(6.00e+00)3(5.00e+00)
801:0(3.00e+00)1(3.00e+00)2(3.00e+00)3(1.00e+00)
802:1(5.00e+00)2(4.00e+00)0(3.00e+00)3(3.00e+00)
803:3(3.91e+01)1(3.89e+01)2(3.51e+01)0(2.71e+01)
804:2(8.00e+00)0(4.00e+00)3(3.00e+00)1(2.00e+00)
805:2(4.32e+01)1(3.39e+01)3(3.08e+01)0(2.85e+01)
806:2(2.90e+01)0(2.68e+01)3(2.20e+01)1(1.81e+01)
807:2(1.70e+01)1(1.60e+01)0(1.60e+01)3(1.00e+01)
808:2(1.56e+01)0(1.10e+01)3(1.00e+01)1(8.99e+00)
809:2(2.32e+01)0(1.88e+01)1(1.70e+01)3(1.00e+01)
810:2(1.90e+01)1(1.30e+01)0(1.00e+01)3(8.00e+00)
811:2(2.39e+01)3(1.60e+01)0(1.50e+01)1(1.10e+01)
812:2(4.31e+01)0(2.45e+01)1(2.25e+01)3(1.69e+01)
813:1(1.20e+01)2(8.00e+00)0(6.01e+00)3(6.00e+00)
814:2(1.10e+01)1(8.00e+00)0(6.00e+00)3(4.00e+00)
815:1(3.78e+01)0(2.29e+01)2(2.18e+01)3(1.60e+01)
816:1(8.19e+01)0(5.04e+01)2(4.38e+01)3(3.24e+01)
817:1(7.94e+00)2(5.06e+00)3(5.00e+00)0(5.00e+00)
818:2(4.89e+01)0(3.61e+01)1(2.75e+01)3(1.88e+01)
819:1(3.20e+01)3(2.45e+01)2(2.25e+01)0(1.07e+01)
820:0(1.60e+01)1(1.23e+01)2(1.20e+01)3(1.20e+01)
821:1(6.77e+01)3(4.84e+01)0(4.63e+01)2(4.53e+01)
822:0(5.83e+01)1(4.77e+01)3(3.90e+01)2(3.54e+01)
823:2(1.30e+01)1(6.00e+00)0(6.00e+00)3(5.00e+00)
824:1(1.08e+02)2(8.03e+01)0(6.48e+01)3(6.08e+01)
825:3(1.20e+01)2(8.00e+00)0(6.00e+00)1(5.00e+00)
826:1(3.06e+01)3(2.83e+01)0(2.22e+01)2(1.80e+01)
827:0(2.73e+01)1(2.39e+01)3(2.18e+01)2(1.78e+01)
828:1(5.76e+01)2(4.92e+01)3(4.28e+01)0(4.00e+01)
829:2(1.43e+02)1(8.42e+01)0(6.40e+01)3(5.25e+01)
830:0(4.00e+00)1(4.00e+00)2(4.00e+00)3(4.00e+00)
831:1(7.49e+01)2(7.43e+01)0(7.09e+01)3(4.59e+01)
832:2(2.94e+02)0(2.81e+02)1(8.33e+01)3(6.73e+01)
833:1(1.81e+01)3(1.68e+01)2(1.47e+01)0(1.13e+01)
834:0(2.79e+01)1(1.90e+01)2(1.40e+01)3(1.39e+01)
835:1(8.78e+01)3(6.35e+01)0(6.29e+01)2(5.16e+01)
836:2(1.20e+01)3(1.10e+01)0(9.99e+00)1(7.01e+00)
837:2(2.92e+01)1(2.34e+01)3(1.81e+01)0(1.80e+01)
838:1(3.09e+01)2(2.22e+01)0(1.89e+01)3(1.50e+01)
839:1(4.60e+01)2(3.64e+01)3(2.59e+01)0(2.29e+01)
840:0(1.37e+02)2(1.31e+02)1(1.01e+02)3(8.94e+01)
841:2(1.61e+01)1(1.30e+01)0(1.19e+01)3(1.10e+01)
842:2(1.30e+02)1(4.22e+01)0(3.71e+01)3(3.13e+01)
843:2(1.19e+02)0(1.17e+02)3(1.15e+02)1(9.99e+01)
844:2(4.25e+01)0(3.62e+01)1(1.78e+01)3(1.70e+01)
845:1(7.00e+00)0(4.00e+00)2(3.00e+00)3(3.00e+00)
846:0(6.59e+01)2(5.26e+01)1(4.73e+01)3(3.49e+01)
847:2(1.31e+02)1(1.17e+02)0(7.04e+01)3(6.28e+01)
848:0(1.94e+02)2(1.42e+02)1(1.04e+02)3(9.15e+01)
849:2(8.77e+01)0(3.76e+01)1(2.60e+01)3(2.16e+01)
850:2(1.04e+02)0(7.63e+01)1(5.36e+01)3(4.77e+01)
851:1(1.23e+02)2(1.15e+02)3(1.04e+02)0(7.77e+01)
852:2(2.05e+01)3(1.93e+01)0(1.80e+01)1(1.40e+01)
853:0(5.86e+01)2(5.48e+01)1(5.23e+01)3(5.18e+01)
854:2(8.73e+01)3(8.03e+01)0(7.23e+01)1(6.97e+01)
855:1(2.50e+01)0(1.97e+01)2(1.73e+01)3(1.69e+01)
856:1(3.23e+01)2(2.46e+01)3(2.37e+01)0(1.80e+01)
857:0(4.87e+01)2(4.30e+01)1(4.26e+01)3(3.49e+01)
858:3(6.39e+01)2(6.14e+01)0(5.86e+01)1(4.78e+01)
859:0(5.00e-01)1(5.00e-01)2(5.00e-01)3(5.00e-01)
860:2(1.40e+01)3(9.00e+00)1(8.98e+00)0(6.00e+00)
861:2(1.80e+01)3(1.00e+01)0(1.00e+01)1(9.00e+00)
862:0(7.49e+01)2(6.35e+01)1(5.33e+01)3(3.96e+01)
863:1(2.30e+01)3(1.47e+01)2(1.37e+01)0(1.12e+01)
864:1(4.35e+01)3(4.13e+01)2(3.49e+01)0(2.04e+01)
865:0(1.02e+02)2(8.84e+01)1(7.13e+01)3(5.29e+01)
866:2(7.72e+01)0(5.73e+01)1(4.40e+01)3(4.06e+01)
867:0(2.58e+01)2(1.91e+01)3(1.52e+01)1(1.27e+01)
868:2(5.11e+01)1(4.81e+01)3(2.71e+01)0(2.51e+01)
869:1(7.12e+01)0(5.45e+01)2(5.41e+01)3(4.52e+01)
870:1(8.42e+01)3(5.58e+01)0(4.35e+01)2(4.18e+01)
871:2(4.57e+01)3(3.64e+01)0(2.81e+01)1(1.91e+01)
872:3(2.89e+01)2(1.87e+01)1(1.20e+01)0(1.12e+01)
873:1(7.69e+01)3(5.48e+01)2(5.34e+01)0(3.91e+01)
874:1(2.18e+01)3(1.50e+01)2(1.45e+01)0(8.99e+00)
875:2(4.38e+01)1(3.60e+01)0(2.32e+01)3(1.57e+01)
876:0(1.61e+01)1(1.19e+01)3(1.00e+01)2(7.00e+00)
877:3(3.97e+01)1(2.93e+01)2(2.71e+01)0(1.61e+01)
878:1(8.02e+01)0(7.06e+01)3(6.14e+01)2(5.65e+01)
879:1(6.18e+01)2(5.66e+01)3(5.62e+01)0(4.85e+01)
880:1(7.92e+01)2(6.76e+01)3(5.30e+01)0(4.76e+01)
881:1(2.50e+01)3(1.41e+01)2(1.09e+01)0(6.00e+00)
882:3(1.39e+01)1(1.30e+01)2(1.05e+01)0(8.06e+00)
883:3(2.82e+01)0(2.67e+01)2(2.60e+01)1(2.29e+01)
884:2(3.74e+01)0(1.99e+01)3(1.90e+01)1(1.29e+01)
885:1(3.66e+01)3(3.21e+01)0(3.08e+01)2(2.88e+01)
886:2(1.00e+02)1(9.75e+01)0(7.59e+01)3(6.65e+01)
887:1(3.30e+01)2(3.07e+01)0(2.78e+01)3(2.09e+01)
888:1(2.42e+02)0(1.15e+02)2(1.02e+02)3(8.55e+01)
889:0(8.00e+00)2(8.00e+00)3(7.95e+00)1(4.00e+00)
890:1(8.81e+01)3(6.62e+01)2(6.22e+01)0(5.03e+01)
891:2(1.60e+01)3(8.00e+00)1(7.00e+00)0(7.00e+00)
892:2(4.55e+01)0(3.54e+01)3(2.03e+01)1(1.39e+01)
893:2(4.54e+01)0(3.04e+01)1(2.59e+01)3(1.00e+01)
894:2(5.19e+01)0(3.81e+01)1(3.60e+01)3(2.31e+01)
895:0(1.39e+02)2(1.28e+02)1(9.18e+01)3(8.68e+01)
896:3(1.43e+02)0(1.31e+02)1(1.24e+02)2(1.08e+02)
897:2(2.34e+01)0(1.96e+01)3(1.00e+01)1(7.00e+00)
898:0(1.05e+02)3(8.22e+01)2(7.40e+01)1(7.13e+01)
899:1(5.11e+01)2(2.65e+01)0(2.45e+01)3(2.17e+01)
900:2(1.06e+02)0(7.98e+01)1(7.62e+01)3(7.18e+01)
901:0(2.13e+01)2(1.99e+01)1(1.61e+01)3(1.40e+01)
902:1(3.08e+01)0(2.29e+01)2(2.23e+01)3(1.90e+01)
903:0(1.70e+02)1(1.28e+02)2(1.11e+02)3(1.06e+02)
904:2(4.49e+01)1(4.18e+01)3(3.32e+01)0(3.26e+01)
905:0(1.04e+02)2(8.66e+01)3(5.75e+01)1(4.19e+01)
906:1(2.92e+01)2(2.80e+01)3(2.51e+01)0(2.50e+01)
907:2(2.56e+02)0(1.93e+02)1(1.30e+02)3(1.11e+02)
908:0(1.30e+02)1(1.07e+02)3(1.00e+02)2(9.19e+01)
909:1(1.18e+02)3(1.04e+02)0(9.15e+01)2(7.06e+01)
910:0(8.65e+01)1(7.87e+01)3(5.65e+01)2(3.97e+01)
911:1(5.06e+01)2(3.99e+01)3(3.98e+01)0(2.67e+01)
912:2(9.72e+01)1(9.01e+01)3(8.15e+01)0(7.65e+01)
913:2(6.49e+01)0(4.94e+01)1(4.15e+01)3(3.50e+01)
914:2(4.52e+01)0(4.17e+01)1(3.11e+01)3(2.70e+01)
915:3(2.39e+01)1(2.07e+01)2(1.94e+01)0(1.50e+01)
916:2(2.19e+02)0(1.44e+02)3(1.12e+02)1(9.71e+01)
917:1(6.91e+01)2(4.65e+01)0(3.73e+01)3(3.61e+01)
918:3(1.14e+02)2(1.05e+02)0(1.03e+02)1(7.97e+01)
919:1(1.25e+02)3(1.02e+02)2(9.51e+01)0(8.82e+01)
920:2(7.03e+01)1(6.65e+01)0(4.41e+01)3(3.48e+01)
921:2(1.94e+02)1(1.61e+02)3(1.57e+02)0(1.48e+02)
922:3(1.38e+02)2(1.35e+02)0(9.05e+01)1(8.91e+01)
923:1(7.76e+01)3(5.54e+01)0(4.83e+01)2(4.71e+01)
924:2(1.11e+02)0(8.65e+01)1(7.47e+01)3(6.09e+01)
925:2(2.26e+02)0(1.65e+02)1(1.34e+02)3(1.04e+02)
926:2(1.06e+02)3(9.81e+01)1(7.69e+01)0(7.23e+01)
927:1(2.77e+01)0(2.60e+01)2(2.11e+01)3(1.20e+01)
928:2(7.62e+01)0(3.57e+01)1(3.16e+01)3(2.08e+01)
929:2(1.40e+01)1(7.00e+00)3(6.99e+00)0(6.00e+00)
930:2(1.69e+02)0(1.24e+02)3(9.96e+01)1(9.66e+01)
931:2(8.47e+01)0(7.54e+01)1(7.09e+01)3(5.90e+01)
932:2(1.59e+02)1(1.43e+02)0(1.17e+02)3(7.35e+01)
933:0(1.90e+02)2(1.74e+02)1(1.07e+02)3(8.71e+01)
934:2(6.96e+01)1(5.03e+01)0(4.11e+01)3(3.15e+01)
935:2(6.14e+01)3(5.51e+01)0(4.56e+01)1(3.58e+01)
936:0(1.86e+02)2(1.43e+02)1(9.84e+01)3(8.42e+01)
937:0(1.65e+02)2(1.47e+02)1(1.40e+02)3(7.46e+01)
938:2(8.62e+01)1(6.21e+01)0(5.45e+01)3(5.00e+01)
939:0(2.50e-01)1(2.50e-01)2(2.50e-01)3(2.50e-01)
940:2(8.57e+01)3(6.87e+01)0(5.27e+01)1(5.11e+01)
941:2(8.47e+01)1(8.17e+01)0(7.03e+01)3(5.32e+01)
942:2(4.28e+01)1(3.55e+01)0(2.26e+01)3(1.98e+01)
943:2(8.84e+01)1(6.04e+01)0(6.03e+01)3(5.72e+01)
944:1(1.11e+02)0(8.86e+01)3(8.57e+01)2(7.88e+01)
945:3(3.99e+01)2(3.65e+01)1(3.56e+01)0(2.36e+01)
946:2(4.91e+01)0(3.16e+01)1(2.69e+01)3(1.85e+01)
947:2(2.99e+01)1(2.91e+01)3(2.08e+01)0(1.96e+01)
948:1(1.93e+02)3(1.62e+02)2(1.50e+02)0(1.42e+02)
949:2(1.17e+02)1(1.08e+02)0(1.00e+02)3(9.59e+01)
950:1(1.30e+02)2(6.99e+01)3(5.61e+01)0(4.36e+01)
951:3(1.85e+02)0(1.67e+02)1(1.65e+02)2(1.62e+02)
952:1(8.52e+01)2(8.30e+01)3(8.03e+01)0(5.48e+01)
953:1(2.77e+01)2(2.65e+01)0(2.19e+01)3(1.89e+01)
954:1(8.78e+01)2(7.48e+01)3(4.25e+01)0(3.83e+01)
955:1(1.02e+02)3(7.77e+01)2(7.39e+01)0(6.71e+01)
956:1(1.17e+02)0(8.42e+01)2(8.24e+01)3(5.95e+01)
957:2(4.18e+01)1(2.95e+01)3(2.68e+01)0(2.17e+01)
958:0(6.00e+01)2(5.62e+01)3(5.18e+01)1(4.37e+01)
959:0(4.99e+01)1(4.63e+01)2(3.21e+01)3(3.06e+01)
960:1(1.77e+01)2(1.59e+01)3(1.53e+01)0(1.51e+01)
961:0(7.34e+01)3(5.77e+01)2(5.63e+01)1(5.17e+01)
962:2(3.24e+01)0(2.91e+01)3(1.68e+01)1(1.32e+01)
963:3(3.69e+01)0(2.81e+01)1(2.63e+01)2(2.37e+01)
964:1(2.74e+01)0(2.66e+01)2(2.60e+01)3(1.90e+01)
965:2(2.09e+01)0(1.18e+01)1(1.10e+01)3(4.00e+00)
966:2(7.77e+01)3(7.14e+01)0(6.59e+01)1(5.74e+01)
967:0(8.10e+01)2(6.11e+01)1(4.23e+01)3(2.92e+01)
968:0(1.00e+02)2(8.05e+01)3(5.54e+01)1(3.67e+01)
969:0(7.10e+01)3(5.23e+01)1(4.63e+01)2(2.40e+01)
970:0(6.88e+01)3(5.86e+01)2(5.11e+01)1(4.34e+01)
971:2(1.05e+02)1(9.25e+01)0(8.24e+01)3(4.13e+01)
972:0(3.41e+02)3(2.78e+02)2(2.41e+02)1(2.37e+02)
973:2(2.85e+01)0(1.88e+01)1(1.63e+01)3(1.57e+01)
974:2(1.11e+02)3(1.01e+02)0(8.52e+01)1(7.96e+01)
975:2(7.05e+01)0(2.14e+01)1(1.86e+01)3(1.28e+01)
976:3(3.86e+01)0(3.74e+01)2(3.10e+01)1(2.96e+01)
977:0(1.40e+02)1(1.36e+02)3(1.18e+02)2(9.46e+01)
978:0(1.35e+02)1(1.07e+02)2(8.78e+01)3(6.91e+01)
979:2(7.02e+01)0(6.68e+01)1(6.51e+01)3(4.04e+01)
980:0(1.26e+02)1(9.67e+01)2(9.52e+01)3(4.89e+01)
981:0(1.38e+02)2(1.33e+02)3(7.44e+01)1(7.21e+01)
982:1(1.43e+01)2(1.32e+01)0(1.10e+01)3(6.00e+00)
983:2(9.07e+01)0(8.50e+01)1(5.17e+01)3(3.97e+01)
984:1(9.94e+01)2(7.67e+01)3(5.27e+01)0(4.28e+01)
985:1(4.77e+01)3(4.62e+01)0(3.74e+01)2(3.69e+01)
986:2(7.77e+01)1(7.69e+01)3(5.56e+01)0(4.38e+01)
987:3(2.13e+01)2(1.78e+01)1(1.73e+01)0(1.20e+01)
988:3(1.01e+02)1(9.87e+01)0(7.11e+01)2(3.82e+01)
989:2(1.79e+02)1(1.27e+02)0(1.07e+02)3(9.92e+01)
990:2(5.47e+02)0(2.92e+02)1(2.76e+02)3(2.55e+02)
991:0(2.72e+01)3(2.27e+01)2(2.05e+01)1(1.90e+01)
992:2(3.65e+02)1(2.69e+02)3(2.39e+02)0(2.29e+02)
993:3(4.59e+01)1(4.20e+01)0(4.13e+01)2(3.83e+01)
994:2(4.98e+01)1(4.86e+01)3(4.75e+01)0(4.65e+01)
995:1(8.96e+01)2(8.57e+01)0(6.44e+01)3(4.05e+01)
996:2(1.50e+01)1(1.10e+01)0(5.99e+00)3(5.00e+00)
997:2(1.30e+01)3(1.20e+01)1(1.10e+01)0(6.00e+00)
998:0(1.39e+02)1(1.06e+02)2(1.06e+02)3(1.04e+02)
999:1(7.28e+01)3(6.41e+01)2(6.31e+01)0(4.83e+01)
1000:0(9.44e+01)2(8.94e+01)1(8.44e+01)3(4.83e+01)
1001:1(1.36e+02)2(1.17e+02)0(6.96e+01)3(5.42e+01)
1002:2(7.56e+01)1(3.58e+01)0(3.36e+01)3(2.85e+01)
1003:2(2.76e+01)1(2.34e+01)3(2.22e+01)0(1.65e+01)
1004:2(1.52e+02)1(1.33e+02)0(1.13e+02)3(1.12e+02)
1005:3(3.38e+01)0(2.93e+01)2(2.70e+01)1(2.34e+01)
1006:1(1.06e+01)2(9.41e+00)0(7.00e+00)3(5.00e+00)
1007:0(9.58e+01)3(9.46e+01)1(8.39e+01)2(8.29e+01)
1008:1(1.18e+02)0(8.08e+01)2(8.01e+01)3(7.37e+01)
1009:2(3.06e+02)3(1.74e+02)0(1.41e+02)1(1.39e+02)
1010:2(1.15e+02)0(6.71e+01)3(5.56e+01)1(5.30e+01)
1011:3(2.73e+01)2(2.15e+01)0(2.11e+01)1(1.20e+01)
1012:2(1.18e+02)1(9.67e+01)0(7.94e+01)3(7.31e+01)
1013:2(8.02e+00)0(6.00e+00)1(5.00e+00)3(5.00e+00)
1014:0(3.16e+01)2(3.16e+01)3(2.51e+01)1(2.37e+01)
1015:3(5.66e+01)1(4.68e+01)0(4.61e+01)2(4.46e+01)
1016:1(6.63e+01)3(5.82e+01)2(5.69e+01)0(5.60e+01)
1017:2(5.00e+01)1(4.81e+01)0(4.47e+01)3(3.27e+01)
1018:0(4.22e+01)3(3.91e+01)2(3.86e+01)1(3.77e+01)
1019:0(5.71e+01)2(5.55e+01)3(5.48e+01)1(3.35e+01)
1020:0(1.90e+01)3(1.20e+01)1(1.19e+01)2(8.68e+00)
1021:2(2.19e+01)1(1.07e+01)0(1.02e+01)3(6.06e+00)
1022:2(1.41e+02)3(1.26e+02)1(1.13e+02)0(1.09e+02)
1023:1(8.76e+01)3(7.82e+01)0(7.74e+01)2(6.71e+01)
1024:1(3.91e+01)2(3.31e+01)0(2.20e+01)3(2.05e+01)
1025:2(2.51e+01)0(2.49e+01)3(1.80e+01)1(9.89e+00)
1026:2(1.63e+02)0(1.15e+02)1(1.10e+02)3(1.03e+02)
1027:2(3.93e+01)3(3.07e+01)0(2.87e+01)1(2.72e+01)
1028:2(1.27e+02)1(1.24e+02)0(1.07e+02)3(8.38e+01)
1029:1(2.90e+01)3(2.18e+01)2(1.92e+01)0(1.88e+01)
1030:2(2.48e+02)0(1.56e+02)3(1.10e+02)1(1.02e+02)
1031:0(1.92e+01)3(1.50e+01)1(1.50e+01)2(1.49e+01)
1032:1(2.68e+01)2(2.52e+01)0(2.30e+01)3(2.24e+01)
1033:1(1.05e+02)2(7.09e+01)0(5.09e+01)3(4.40e+01)
1034:2(3.70e+01)1(3.45e+01)3(3.45e+01)0(3.17e+01)
1035:0(5.31e+01)2(4.16e+01)1(4.11e+01)3(2.40e+01)
1036:1(7.25e+01)3(6.98e+01)0(5.92e+01)2(3.74e+01)
1037:2(7.76e+01)1(5.99e+01)3(5.17e+01)0(4.76e+01)
1038:3(1.25e+02)1(1.08e+02)0(9.84e+01)2(7.49e+01)
1039:2(1.82e+02)0(1.53e+02)3(1.44e+02)1(1.21e+02)
1040:2(1.36e+02)1(9.41e+01)3(8.93e+01)0(6.02e+01)
1041:3(3.96e+01)1(3.90e+01)2(2.60e+01)0(1.70e+01)
1042:1(1.60e+01)2(1.60e+01)0(1.12e+01)3(1.08e+01)
1043:2(1.05e+02)0(9.07e+01)1(6.42e+01)3(5.71e+01)
1044:0(9.02e+00)2(8.98e+00)3(5.00e+00)1(5.00e+00)
1045:2(1.17e+02)0(1.04e+02)3(1.04e+02)1(8.90e+01)
1046:1(1.00e+01)2(7.00e+00)3(5.00e+00)0(4.00e+00)
1047:3(6.31e+01)2(5.65e+01)1(5.33e+01)0(3.98e+01)
1048:1(6.34e+01)2(4.74e+01)3(4.08e+01)0(1.49e+01)
1049:2(5.27e+01)0(3.39e+01)1(2.56e+01)3(1.91e+01)
1050:1(1.14e+02)2(8.38e+01)3(7.87e+01)0(5.71e+01)
1051:0(1.30e+02)2(1.21e+02)1(9.07e+01)3(7.66e+01)
1052:1(2.84e+01)0(2.64e+01)3(2.43e+01)2(1.79e+01)
1053:1(2.71e+01)2(2.69e+01)3(2.47e+01)0(2.34e+01)
1054:2(2.69e+01)1(2.55e+01)0(2.20e+01)3(2.08e+01)
1055:1(8.99e+01)3(8.04e+01)2(7.84e+01)0(6.27e+01)
1056:2(7.49e+01)0(5.90e+01)1(5.84e+01)3(3.97e+01)
1057:2(6.35e+01)0(3.85e+01)3(3.83e+01)1(3.52e+01)
1058:2(4.40e+01)1(3.44e+01)3(3.17e+01)0(2.54e+01)
1059:1(1.28e+02)2(9.34e+01)0(9.17e+01)3(6.57e+01)
1060:0(2.31e+02)1(1.84e+02)2(1.56e+02)3(1.48e+02)
1061:2(2.07e+01)1(1.91e+01)0(1.50e+01)3(1.33e+01)
1062:2(6.02e+01)0(4.52e+01)1(4.21e+01)3(3.93e+01)
1063:0(9.98e+01)2(6.58e+01)1(5.35e+01)3(3.91e+01)
1064:2(2.70e+01)0(1.26e+01)3(1.22e+01)1(9.27e+00)
1065:0(1.06e+02)3(5.64e+01)2(5.41e+01)1(4.81e+01)
1066:1(4.85e+01)0(3.55e+01)3(3.03e+01)2(2.94e+01)
1067:3(5.16e+01)1(3.95e+01)2(3.89e+01)0(2.29e+01)
1068:1(1.84e+02)2(1.82e+02)0(1.64e+02)3(1.51e+02)
1069:1(3.09e+01)3(3.02e+01)2(3.01e+01)0(2.48e+01)
1070:3(1.93e+02)1(1.88e+02)2(1.79e+02)0(1.44e+02)
1071:0(2.34e+01)2(2.17e+01)1(1.87e+01)3(1.44e+01)
1072:0(5.84e+01)3(4.10e+01)1(3.47e+01)2(3.16e+01)
1073:3(1.90e+01)2(1.81e+01)1(1.71e+01)0(1.01e+01)
1074:2(1.02e+02)3(9.96e+01)1(9.69e+01)0(5.71e+01)
1075:2(3.14e+01)0(3.05e+01)1(1.90e+01)3(1.70e+01)
1076:2(1.32e+02)0(8.30e+01)1(3.34e+01)3(2.68e+01)
1077:2(4.59e+01)0(4.35e+01)3(3.14e+01)1(2.48e+01)
1078:1(3.57e+01)3(3.10e+01)2(2.90e+01)0(2.57e+01)
1079:0(2.65e+02)2(1.37e+02)1(1.06e+02)3(1.02e+02)
1080:1(8.53e+01)2(7.11e+01)0(3.93e+01)3(3.50e+01)
1081:3(1.14e+02)2(9.65e+01)1(9.36e+01)0(9.17e+01)
1082:0(1.49e+01)3(1.00e+01)2(9.03e+00)1(8.00e+00)
1083:2(8.07e+01)1(5.53e+01)0(5.02e+01)3(4.29e+01)
1084:0(9.91e+01)2(9.07e+01)3(8.66e+01)1(6.31e+01)
1085:2(2.62e+01)1(2.15e+01)0(1.50e+01)3(1.39e+01)
1086:2(4.39e+01)3(3.53e+01)1(3.02e+01)0(1.50e+01)
1087:1(1.01e+02)2(9.09e+01)3(7.13e+01)0(6.42e+01)
1088:2(7.36e+01)0(7.30e+01)1(6.68e+01)3(5.01e+01)
1089:1(9.00e+00)3(7.00e+00)0(6.00e+00)2(5.00e+00)
1090:2(3.98e+01)0(2.84e+01)1(2.53e+01)3(7.00e+00)
1091:2(1.40e+01)0(1.36e+01)3(1.30e+01)1(1.30e+01)
1092:2(7.52e+01)1(6.48e+01)3(3.71e+01)0(2.59e+01)
1093:2(6.40e+01)0(5.57e+01)1(4.66e+01)3(2.74e+01)
1094:2(3.75e+01)3(2.84e+01)1(2.46e+01)0(2.11e+01)
1095:1(2.50e+01)2(1.51e+01)0(1.40e+01)3(1.21e+01)
1096:2(1.40e+01)0(1.31e+01)3(9.04e+00)1(4.00e+00)
1097:2(8.99e+01)0(7.95e+01)3(5.49e+01)1(4.91e+01)
1098:1(2.98e+01)0(2.21e+01)3(1.91e+01)2(1.80e+01)
1099:2(1.40e+01)1(9.00e+00)3(8.00e+00)0(6.00e+00)
1100:2(6.03e+01)1(5.03e+01)0(3.64e+01)3(2.66e+01)
1101:0(1.23e+02)2(9.27e+01)1(5.28e+01)3(4.56e+01)
INFO: s3mixw_io.c(232): Wrote /home/xkrajnan/Plocha/GSoC/PocketSphinx/an4/model_parameters/an4.cd_cont_initial/mixture_weights [1102x1x8 array]
INFO: s3gau_io.c(226): Wrote /home/xkrajnan/Plocha/GSoC/PocketSphinx/an4/model_parameters/an4.cd_cont_initial/means [1102x1x8 array]
INFO: s3gau_io.c(226): Wrote /home/xkrajnan/Plocha/GSoC/PocketSphinx/an4/model_parameters/an4.cd_cont_initial/variances [1102x1x8 array]
Tue May 31 10:29:25 2011
